[08/09/2021 12:56:03] Verificando a solicitação...
[08/09/2021 01:43:58] Verificando a solicitação...
[08/09/2021 03:25:49] Verificando a solicitação...
[08/09/2021 03:25:49] abgsoft-autopark-unimed.php
array(16) {
  ["_wpcf7"]=>
  string(4) "1703"
  ["_wpcf7_version"]=>
  string(5) "5.1.7"
  ["_wpcf7_locale"]=>
  string(5) "pt_BR"
  ["_wpcf7_unit_tag"]=>
  string(20) "wpcf7-f1703-p1524-o1"
  ["_wpcf7_container_post"]=>
  string(4) "1524"
  ["_wpcf7cf_hidden_group_fields"]=>
  string(2) "[]"
  ["_wpcf7cf_hidden_groups"]=>
  string(2) "[]"
  ["_wpcf7cf_visible_groups"]=>
  string(2) "[]"
  ["_wpcf7cf_repeaters"]=>
  string(2) "[]"
  ["_wpcf7cf_steps"]=>
  string(2) "{}"
  ["_wpcf7cf_options"]=>
  string(180) "{\"form_id\":1703,\"conditions\":[],\"settings\":{\"animation\":\"yes\",\"animation_intime\":200,\"animation_outtime\":200,\"conditions_ui\":\"normal\",\"notice_dismissed\":false}}"
  ["nome"]=>
  string(34) "LEONARDO CESAR ARRUDA MOREIRA PENA"
  ["cpf"]=>
  string(14) "131.445.126-05"
  ["email"]=>
  string(30) "leonardomoreirapenna@gmail.com"
  ["placa"]=>
  string(3) "N/a"
  ["unidade"]=>
  string(1) "5"
}

[08/09/2021 07:25:01] Verificando a solicitação...
[08/09/2021 07:25:01] abgsoft-autopark-unimed.php
array(16) {
  ["_wpcf7"]=>
  string(4) "1703"
  ["_wpcf7_version"]=>
  string(5) "5.1.7"
  ["_wpcf7_locale"]=>
  string(5) "pt_BR"
  ["_wpcf7_unit_tag"]=>
  string(20) "wpcf7-f1703-p1524-o1"
  ["_wpcf7_container_post"]=>
  string(4) "1524"
  ["_wpcf7cf_hidden_group_fields"]=>
  string(2) "[]"
  ["_wpcf7cf_hidden_groups"]=>
  string(2) "[]"
  ["_wpcf7cf_visible_groups"]=>
  string(2) "[]"
  ["_wpcf7cf_repeaters"]=>
  string(2) "[]"
  ["_wpcf7cf_steps"]=>
  string(2) "{}"
  ["_wpcf7cf_options"]=>
  string(180) "{\"form_id\":1703,\"conditions\":[],\"settings\":{\"animation\":\"yes\",\"animation_intime\":200,\"animation_outtime\":200,\"conditions_ui\":\"normal\",\"notice_dismissed\":false}}"
  ["nome"]=>
  string(28) "Lucas Coelho Miranda Barbosa"
  ["cpf"]=>
  string(11) "13750425647"
  ["email"]=>
  string(24) "lucascoelho4@hotmail.com"
  ["placa"]=>
  string(7) "Gld6b46"
  ["unidade"]=>
  string(1) "5"
}

[08/09/2021 11:38:06] Verificando a solicitação...
