[02/10/2021 01:32:56] Verificando a solicitação...
[02/10/2021 01:32:56] abgsoft-autopark-unimed.php
array(16) {
  ["_wpcf7"]=>
  string(4) "1703"
  ["_wpcf7_version"]=>
  string(5) "5.1.7"
  ["_wpcf7_locale"]=>
  string(5) "pt_BR"
  ["_wpcf7_unit_tag"]=>
  string(20) "wpcf7-f1703-p1524-o1"
  ["_wpcf7_container_post"]=>
  string(4) "1524"
  ["_wpcf7cf_hidden_group_fields"]=>
  string(2) "[]"
  ["_wpcf7cf_hidden_groups"]=>
  string(2) "[]"
  ["_wpcf7cf_visible_groups"]=>
  string(2) "[]"
  ["_wpcf7cf_repeaters"]=>
  string(2) "[]"
  ["_wpcf7cf_steps"]=>
  string(2) "{}"
  ["_wpcf7cf_options"]=>
  string(180) "{\"form_id\":1703,\"conditions\":[],\"settings\":{\"animation\":\"yes\",\"animation_intime\":200,\"animation_outtime\":200,\"conditions_ui\":\"normal\",\"notice_dismissed\":false}}"
  ["nome"]=>
  string(27) "Wenio Ferreira de Oliveira "
  ["cpf"]=>
  string(14) "045.889.976-37"
  ["email"]=>
  string(25) "wenioferreira82@gmail.com"
  ["placa"]=>
  string(7) "HFD9737"
  ["unidade"]=>
  string(1) "4"
}

[02/10/2021 01:32:56] abgsoft-autopark-unimed.php
string(78) "cURL error 60: SSL certificate problem: unable to get local issuer certificate"

[02/10/2021 01:34:21] Verificando a solicitação...
[02/10/2021 01:34:21] abgsoft-autopark-unimed.php
array(16) {
  ["_wpcf7"]=>
  string(4) "1703"
  ["_wpcf7_version"]=>
  string(5) "5.1.7"
  ["_wpcf7_locale"]=>
  string(5) "pt_BR"
  ["_wpcf7_unit_tag"]=>
  string(20) "wpcf7-f1703-p1524-o1"
  ["_wpcf7_container_post"]=>
  string(4) "1524"
  ["_wpcf7cf_hidden_group_fields"]=>
  string(2) "[]"
  ["_wpcf7cf_hidden_groups"]=>
  string(2) "[]"
  ["_wpcf7cf_visible_groups"]=>
  string(2) "[]"
  ["_wpcf7cf_repeaters"]=>
  string(2) "[]"
  ["_wpcf7cf_steps"]=>
  string(2) "{}"
  ["_wpcf7cf_options"]=>
  string(180) "{\"form_id\":1703,\"conditions\":[],\"settings\":{\"animation\":\"yes\",\"animation_intime\":200,\"animation_outtime\":200,\"conditions_ui\":\"normal\",\"notice_dismissed\":false}}"
  ["nome"]=>
  string(27) "Wenio Ferreira de Oliveira "
  ["cpf"]=>
  string(14) "045.889.976-37"
  ["email"]=>
  string(25) "wenioferreira82@gmail.com"
  ["placa"]=>
  string(7) "HFD9737"
  ["unidade"]=>
  string(1) "4"
}

[02/10/2021 01:34:21] abgsoft-autopark-unimed.php
string(78) "cURL error 60: SSL certificate problem: unable to get local issuer certificate"

[02/10/2021 01:43:27] Verificando a solicitação...
[02/10/2021 01:43:27] abgsoft-autopark-unimed.php
array(16) {
  ["_wpcf7"]=>
  string(4) "1703"
  ["_wpcf7_version"]=>
  string(5) "5.1.7"
  ["_wpcf7_locale"]=>
  string(5) "pt_BR"
  ["_wpcf7_unit_tag"]=>
  string(20) "wpcf7-f1703-p1524-o1"
  ["_wpcf7_container_post"]=>
  string(4) "1524"
  ["_wpcf7cf_hidden_group_fields"]=>
  string(2) "[]"
  ["_wpcf7cf_hidden_groups"]=>
  string(2) "[]"
  ["_wpcf7cf_visible_groups"]=>
  string(2) "[]"
  ["_wpcf7cf_repeaters"]=>
  string(2) "[]"
  ["_wpcf7cf_steps"]=>
  string(2) "{}"
  ["_wpcf7cf_options"]=>
  string(180) "{\"form_id\":1703,\"conditions\":[],\"settings\":{\"animation\":\"yes\",\"animation_intime\":200,\"animation_outtime\":200,\"conditions_ui\":\"normal\",\"notice_dismissed\":false}}"
  ["nome"]=>
  string(27) "Wenio Ferreira de Oliveira "
  ["cpf"]=>
  string(14) "045.889.976-37"
  ["email"]=>
  string(25) "wenioferreira82@gmail.com"
  ["placa"]=>
  string(7) "HFD9737"
  ["unidade"]=>
  string(1) "4"
}

[02/10/2021 01:43:27] abgsoft-autopark-unimed.php
string(78) "cURL error 60: SSL certificate problem: unable to get local issuer certificate"

[02/10/2021 01:47:45] Verificando a solicitação...
[02/10/2021 01:47:45] abgsoft-autopark-unimed.php
array(16) {
  ["_wpcf7"]=>
  string(4) "1703"
  ["_wpcf7_version"]=>
  string(5) "5.1.7"
  ["_wpcf7_locale"]=>
  string(5) "pt_BR"
  ["_wpcf7_unit_tag"]=>
  string(20) "wpcf7-f1703-p1524-o1"
  ["_wpcf7_container_post"]=>
  string(4) "1524"
  ["_wpcf7cf_hidden_group_fields"]=>
  string(2) "[]"
  ["_wpcf7cf_hidden_groups"]=>
  string(2) "[]"
  ["_wpcf7cf_visible_groups"]=>
  string(2) "[]"
  ["_wpcf7cf_repeaters"]=>
  string(2) "[]"
  ["_wpcf7cf_steps"]=>
  string(2) "{}"
  ["_wpcf7cf_options"]=>
  string(180) "{\"form_id\":1703,\"conditions\":[],\"settings\":{\"animation\":\"yes\",\"animation_intime\":200,\"animation_outtime\":200,\"conditions_ui\":\"normal\",\"notice_dismissed\":false}}"
  ["nome"]=>
  string(27) "Wenio Ferreira de Oliveira "
  ["cpf"]=>
  string(14) "045.889.976-37"
  ["email"]=>
  string(25) "wenioferreira82@gmail.com"
  ["placa"]=>
  string(7) "HFD9737"
  ["unidade"]=>
  string(1) "4"
}

[02/10/2021 01:47:45] abgsoft-autopark-unimed.php
string(78) "cURL error 60: SSL certificate problem: unable to get local issuer certificate"

[02/10/2021 01:47:46] Verificando a solicitação...
[02/10/2021 01:47:46] abgsoft-autopark-unimed.php
array(16) {
  ["_wpcf7"]=>
  string(4) "1703"
  ["_wpcf7_version"]=>
  string(5) "5.1.7"
  ["_wpcf7_locale"]=>
  string(5) "pt_BR"
  ["_wpcf7_unit_tag"]=>
  string(20) "wpcf7-f1703-p1524-o1"
  ["_wpcf7_container_post"]=>
  string(4) "1524"
  ["_wpcf7cf_hidden_group_fields"]=>
  string(2) "[]"
  ["_wpcf7cf_hidden_groups"]=>
  string(2) "[]"
  ["_wpcf7cf_visible_groups"]=>
  string(2) "[]"
  ["_wpcf7cf_repeaters"]=>
  string(2) "[]"
  ["_wpcf7cf_steps"]=>
  string(2) "{}"
  ["_wpcf7cf_options"]=>
  string(180) "{\"form_id\":1703,\"conditions\":[],\"settings\":{\"animation\":\"yes\",\"animation_intime\":200,\"animation_outtime\":200,\"conditions_ui\":\"normal\",\"notice_dismissed\":false}}"
  ["nome"]=>
  string(27) "Wenio Ferreira de Oliveira "
  ["cpf"]=>
  string(14) "045.889.976-37"
  ["email"]=>
  string(25) "wenioferreira82@gmail.com"
  ["placa"]=>
  string(7) "HFD9737"
  ["unidade"]=>
  string(1) "4"
}

[02/10/2021 01:47:46] abgsoft-autopark-unimed.php
string(78) "cURL error 60: SSL certificate problem: unable to get local issuer certificate"

[02/10/2021 01:47:46] Verificando a solicitação...
[02/10/2021 01:47:46] abgsoft-autopark-unimed.php
array(16) {
  ["_wpcf7"]=>
  string(4) "1703"
  ["_wpcf7_version"]=>
  string(5) "5.1.7"
  ["_wpcf7_locale"]=>
  string(5) "pt_BR"
  ["_wpcf7_unit_tag"]=>
  string(20) "wpcf7-f1703-p1524-o1"
  ["_wpcf7_container_post"]=>
  string(4) "1524"
  ["_wpcf7cf_hidden_group_fields"]=>
  string(2) "[]"
  ["_wpcf7cf_hidden_groups"]=>
  string(2) "[]"
  ["_wpcf7cf_visible_groups"]=>
  string(2) "[]"
  ["_wpcf7cf_repeaters"]=>
  string(2) "[]"
  ["_wpcf7cf_steps"]=>
  string(2) "{}"
  ["_wpcf7cf_options"]=>
  string(180) "{\"form_id\":1703,\"conditions\":[],\"settings\":{\"animation\":\"yes\",\"animation_intime\":200,\"animation_outtime\":200,\"conditions_ui\":\"normal\",\"notice_dismissed\":false}}"
  ["nome"]=>
  string(27) "Wenio Ferreira de Oliveira "
  ["cpf"]=>
  string(14) "045.889.976-37"
  ["email"]=>
  string(25) "wenioferreira82@gmail.com"
  ["placa"]=>
  string(7) "HFD9737"
  ["unidade"]=>
  string(1) "4"
}

[02/10/2021 01:47:46] abgsoft-autopark-unimed.php
string(78) "cURL error 60: SSL certificate problem: unable to get local issuer certificate"

[02/10/2021 01:47:47] Verificando a solicitação...
[02/10/2021 01:47:47] abgsoft-autopark-unimed.php
array(16) {
  ["_wpcf7"]=>
  string(4) "1703"
  ["_wpcf7_version"]=>
  string(5) "5.1.7"
  ["_wpcf7_locale"]=>
  string(5) "pt_BR"
  ["_wpcf7_unit_tag"]=>
  string(20) "wpcf7-f1703-p1524-o1"
  ["_wpcf7_container_post"]=>
  string(4) "1524"
  ["_wpcf7cf_hidden_group_fields"]=>
  string(2) "[]"
  ["_wpcf7cf_hidden_groups"]=>
  string(2) "[]"
  ["_wpcf7cf_visible_groups"]=>
  string(2) "[]"
  ["_wpcf7cf_repeaters"]=>
  string(2) "[]"
  ["_wpcf7cf_steps"]=>
  string(2) "{}"
  ["_wpcf7cf_options"]=>
  string(180) "{\"form_id\":1703,\"conditions\":[],\"settings\":{\"animation\":\"yes\",\"animation_intime\":200,\"animation_outtime\":200,\"conditions_ui\":\"normal\",\"notice_dismissed\":false}}"
  ["nome"]=>
  string(27) "Wenio Ferreira de Oliveira "
  ["cpf"]=>
  string(14) "045.889.976-37"
  ["email"]=>
  string(25) "wenioferreira82@gmail.com"
  ["placa"]=>
  string(7) "HFD9737"
  ["unidade"]=>
  string(1) "4"
}

[02/10/2021 01:47:47] abgsoft-autopark-unimed.php
string(78) "cURL error 60: SSL certificate problem: unable to get local issuer certificate"

[02/10/2021 09:17:18] Verificando a solicitação...
