[04/10/2021 09:45:08] Verificando a solicitação...
[04/10/2021 09:45:08] abgsoft-autopark-unimed.php
array(16) {
  ["_wpcf7"]=>
  string(4) "1703"
  ["_wpcf7_version"]=>
  string(5) "5.1.7"
  ["_wpcf7_locale"]=>
  string(5) "pt_BR"
  ["_wpcf7_unit_tag"]=>
  string(20) "wpcf7-f1703-p1524-o1"
  ["_wpcf7_container_post"]=>
  string(4) "1524"
  ["_wpcf7cf_hidden_group_fields"]=>
  string(2) "[]"
  ["_wpcf7cf_hidden_groups"]=>
  string(2) "[]"
  ["_wpcf7cf_visible_groups"]=>
  string(2) "[]"
  ["_wpcf7cf_repeaters"]=>
  string(2) "[]"
  ["_wpcf7cf_steps"]=>
  string(2) "{}"
  ["_wpcf7cf_options"]=>
  string(180) "{\"form_id\":1703,\"conditions\":[],\"settings\":{\"animation\":\"yes\",\"animation_intime\":200,\"animation_outtime\":200,\"conditions_ui\":\"normal\",\"notice_dismissed\":false}}"
  ["nome"]=>
  string(31) "Vera Lucia de Assis Alves Silva"
  ["cpf"]=>
  string(11) "42664888668"
  ["email"]=>
  string(20) "l.higino@hotmail.com"
  ["placa"]=>
  string(7) "HFB2B44"
  ["unidade"]=>
  string(1) "7"
}

[04/10/2021 09:45:08] abgsoft-autopark-unimed.php
string(78) "cURL error 60: SSL certificate problem: unable to get local issuer certificate"

[04/10/2021 09:47:11] Verificando a solicitação...
[04/10/2021 09:47:11] abgsoft-autopark-unimed.php
array(16) {
  ["_wpcf7"]=>
  string(4) "1703"
  ["_wpcf7_version"]=>
  string(5) "5.1.7"
  ["_wpcf7_locale"]=>
  string(5) "pt_BR"
  ["_wpcf7_unit_tag"]=>
  string(20) "wpcf7-f1703-p1524-o1"
  ["_wpcf7_container_post"]=>
  string(4) "1524"
  ["_wpcf7cf_hidden_group_fields"]=>
  string(2) "[]"
  ["_wpcf7cf_hidden_groups"]=>
  string(2) "[]"
  ["_wpcf7cf_visible_groups"]=>
  string(2) "[]"
  ["_wpcf7cf_repeaters"]=>
  string(2) "[]"
  ["_wpcf7cf_steps"]=>
  string(2) "{}"
  ["_wpcf7cf_options"]=>
  string(180) "{\"form_id\":1703,\"conditions\":[],\"settings\":{\"animation\":\"yes\",\"animation_intime\":200,\"animation_outtime\":200,\"conditions_ui\":\"normal\",\"notice_dismissed\":false}}"
  ["nome"]=>
  string(31) "Vera Lucia de Assis Alves Silva"
  ["cpf"]=>
  string(11) "42664888668"
  ["email"]=>
  string(20) "l.higino@hotmail.com"
  ["placa"]=>
  string(7) "HFB2B44"
  ["unidade"]=>
  string(1) "7"
}

[04/10/2021 09:47:11] abgsoft-autopark-unimed.php
string(78) "cURL error 60: SSL certificate problem: unable to get local issuer certificate"

[04/10/2021 09:49:45] Verificando a solicitação...
[04/10/2021 09:49:45] abgsoft-autopark-unimed.php
array(16) {
  ["_wpcf7"]=>
  string(4) "1703"
  ["_wpcf7_version"]=>
  string(5) "5.1.7"
  ["_wpcf7_locale"]=>
  string(5) "pt_BR"
  ["_wpcf7_unit_tag"]=>
  string(20) "wpcf7-f1703-p1524-o1"
  ["_wpcf7_container_post"]=>
  string(4) "1524"
  ["_wpcf7cf_hidden_group_fields"]=>
  string(2) "[]"
  ["_wpcf7cf_hidden_groups"]=>
  string(2) "[]"
  ["_wpcf7cf_visible_groups"]=>
  string(2) "[]"
  ["_wpcf7cf_repeaters"]=>
  string(2) "[]"
  ["_wpcf7cf_steps"]=>
  string(2) "{}"
  ["_wpcf7cf_options"]=>
  string(180) "{\"form_id\":1703,\"conditions\":[],\"settings\":{\"animation\":\"yes\",\"animation_intime\":200,\"animation_outtime\":200,\"conditions_ui\":\"normal\",\"notice_dismissed\":false}}"
  ["nome"]=>
  string(31) "Vera Lucia de Assis Alves Silva"
  ["cpf"]=>
  string(11) "42664888668"
  ["email"]=>
  string(20) "l.higino@hotmail.com"
  ["placa"]=>
  string(7) "HFB2B44"
  ["unidade"]=>
  string(1) "7"
}

[04/10/2021 09:49:45] abgsoft-autopark-unimed.php
string(78) "cURL error 60: SSL certificate problem: unable to get local issuer certificate"

[04/10/2021 10:20:14] Verificando a solicitação...
[04/10/2021 10:20:14] abgsoft-autopark-unimed.php
array(16) {
  ["_wpcf7"]=>
  string(4) "1703"
  ["_wpcf7_version"]=>
  string(5) "5.1.7"
  ["_wpcf7_locale"]=>
  string(5) "pt_BR"
  ["_wpcf7_unit_tag"]=>
  string(20) "wpcf7-f1703-p1524-o1"
  ["_wpcf7_container_post"]=>
  string(4) "1524"
  ["_wpcf7cf_hidden_group_fields"]=>
  string(2) "[]"
  ["_wpcf7cf_hidden_groups"]=>
  string(2) "[]"
  ["_wpcf7cf_visible_groups"]=>
  string(2) "[]"
  ["_wpcf7cf_repeaters"]=>
  string(2) "[]"
  ["_wpcf7cf_steps"]=>
  string(2) "{}"
  ["_wpcf7cf_options"]=>
  string(180) "{\"form_id\":1703,\"conditions\":[],\"settings\":{\"animation\":\"yes\",\"animation_intime\":200,\"animation_outtime\":200,\"conditions_ui\":\"normal\",\"notice_dismissed\":false}}"
  ["nome"]=>
  string(31) "Vera Lucia de Assis Alves Silva"
  ["cpf"]=>
  string(11) "42664888658"
  ["email"]=>
  string(20) "l.higino@hotmail.com"
  ["placa"]=>
  string(7) "HFB2B44"
  ["unidade"]=>
  string(1) "7"
}

[04/10/2021 10:20:14] abgsoft-autopark-unimed.php
string(78) "cURL error 60: SSL certificate problem: unable to get local issuer certificate"

[04/10/2021 10:58:04] Verificando a solicitação...
[04/10/2021 10:58:04] abgsoft-autopark-unimed.php
array(16) {
  ["_wpcf7"]=>
  string(4) "1703"
  ["_wpcf7_version"]=>
  string(5) "5.1.7"
  ["_wpcf7_locale"]=>
  string(5) "pt_BR"
  ["_wpcf7_unit_tag"]=>
  string(20) "wpcf7-f1703-p1524-o1"
  ["_wpcf7_container_post"]=>
  string(4) "1524"
  ["_wpcf7cf_hidden_group_fields"]=>
  string(2) "[]"
  ["_wpcf7cf_hidden_groups"]=>
  string(2) "[]"
  ["_wpcf7cf_visible_groups"]=>
  string(2) "[]"
  ["_wpcf7cf_repeaters"]=>
  string(2) "[]"
  ["_wpcf7cf_steps"]=>
  string(2) "{}"
  ["_wpcf7cf_options"]=>
  string(180) "{\"form_id\":1703,\"conditions\":[],\"settings\":{\"animation\":\"yes\",\"animation_intime\":200,\"animation_outtime\":200,\"conditions_ui\":\"normal\",\"notice_dismissed\":false}}"
  ["nome"]=>
  string(31) "Vera Lucia de Assis Alves Silva"
  ["cpf"]=>
  string(11) "42664888668"
  ["email"]=>
  string(20) "l.higino@hotmail.com"
  ["placa"]=>
  string(7) "HFB2B44"
  ["unidade"]=>
  string(1) "7"
}

[04/10/2021 10:58:04] abgsoft-autopark-unimed.php
string(78) "cURL error 60: SSL certificate problem: unable to get local issuer certificate"

[04/10/2021 11:57:20] Verificando a solicitação...
[04/10/2021 11:57:20] abgsoft-autopark-unimed.php
array(16) {
  ["_wpcf7"]=>
  string(4) "1703"
  ["_wpcf7_version"]=>
  string(5) "5.1.7"
  ["_wpcf7_locale"]=>
  string(5) "pt_BR"
  ["_wpcf7_unit_tag"]=>
  string(20) "wpcf7-f1703-p1524-o1"
  ["_wpcf7_container_post"]=>
  string(4) "1524"
  ["_wpcf7cf_hidden_group_fields"]=>
  string(2) "[]"
  ["_wpcf7cf_hidden_groups"]=>
  string(2) "[]"
  ["_wpcf7cf_visible_groups"]=>
  string(2) "[]"
  ["_wpcf7cf_repeaters"]=>
  string(2) "[]"
  ["_wpcf7cf_steps"]=>
  string(2) "{}"
  ["_wpcf7cf_options"]=>
  string(180) "{\"form_id\":1703,\"conditions\":[],\"settings\":{\"animation\":\"yes\",\"animation_intime\":200,\"animation_outtime\":200,\"conditions_ui\":\"normal\",\"notice_dismissed\":false}}"
  ["nome"]=>
  string(20) "roberto rosa martins"
  ["cpf"]=>
  string(14) "408.946.306-87"
  ["email"]=>
  string(30) "analuciapiresmartins@gmail.com"
  ["placa"]=>
  string(7) "mbe6036"
  ["unidade"]=>
  string(1) "7"
}

[04/10/2021 11:57:20] abgsoft-autopark-unimed.php
string(78) "cURL error 60: SSL certificate problem: unable to get local issuer certificate"

[04/10/2021 12:46:13] Verificando a solicitação...
[04/10/2021 12:46:13] abgsoft-autopark-unimed.php
array(16) {
  ["_wpcf7"]=>
  string(4) "1703"
  ["_wpcf7_version"]=>
  string(5) "5.1.7"
  ["_wpcf7_locale"]=>
  string(5) "pt_BR"
  ["_wpcf7_unit_tag"]=>
  string(20) "wpcf7-f1703-p1524-o1"
  ["_wpcf7_container_post"]=>
  string(4) "1524"
  ["_wpcf7cf_hidden_group_fields"]=>
  string(2) "[]"
  ["_wpcf7cf_hidden_groups"]=>
  string(2) "[]"
  ["_wpcf7cf_visible_groups"]=>
  string(2) "[]"
  ["_wpcf7cf_repeaters"]=>
  string(2) "[]"
  ["_wpcf7cf_steps"]=>
  string(2) "{}"
  ["_wpcf7cf_options"]=>
  string(180) "{\"form_id\":1703,\"conditions\":[],\"settings\":{\"animation\":\"yes\",\"animation_intime\":200,\"animation_outtime\":200,\"conditions_ui\":\"normal\",\"notice_dismissed\":false}}"
  ["nome"]=>
  string(27) "ROSA MARIA DE SOUSA BARBOSA"
  ["cpf"]=>
  string(14) "075.308.266-70"
  ["email"]=>
  string(24) "rosaengenharia@gmail.com"
  ["placa"]=>
  string(7) "him7724"
  ["unidade"]=>
  string(1) "2"
}

[04/10/2021 12:46:13] abgsoft-autopark-unimed.php
string(78) "cURL error 60: SSL certificate problem: unable to get local issuer certificate"

[04/10/2021 02:30:32] Verificando a solicitação...
[04/10/2021 02:30:32] abgsoft-autopark-unimed.php
array(16) {
  ["_wpcf7"]=>
  string(4) "1703"
  ["_wpcf7_version"]=>
  string(5) "5.1.7"
  ["_wpcf7_locale"]=>
  string(5) "pt_BR"
  ["_wpcf7_unit_tag"]=>
  string(20) "wpcf7-f1703-p1524-o1"
  ["_wpcf7_container_post"]=>
  string(4) "1524"
  ["_wpcf7cf_hidden_group_fields"]=>
  string(2) "[]"
  ["_wpcf7cf_hidden_groups"]=>
  string(2) "[]"
  ["_wpcf7cf_visible_groups"]=>
  string(2) "[]"
  ["_wpcf7cf_repeaters"]=>
  string(2) "[]"
  ["_wpcf7cf_steps"]=>
  string(2) "{}"
  ["_wpcf7cf_options"]=>
  string(180) "{\"form_id\":1703,\"conditions\":[],\"settings\":{\"animation\":\"yes\",\"animation_intime\":200,\"animation_outtime\":200,\"conditions_ui\":\"normal\",\"notice_dismissed\":false}}"
  ["nome"]=>
  string(24) "SERGIO ALEXANDRE PEREIRA"
  ["cpf"]=>
  string(14) "897.495.886-49"
  ["email"]=>
  string(22) "sergioalexan@gmail.com"
  ["placa"]=>
  string(7) "QNC9280"
  ["unidade"]=>
  string(1) "1"
}

[04/10/2021 02:30:32] abgsoft-autopark-unimed.php
string(78) "cURL error 60: SSL certificate problem: unable to get local issuer certificate"

[04/10/2021 02:31:08] Verificando a solicitação...
[04/10/2021 02:31:08] abgsoft-autopark-unimed.php
array(16) {
  ["_wpcf7"]=>
  string(4) "1703"
  ["_wpcf7_version"]=>
  string(5) "5.1.7"
  ["_wpcf7_locale"]=>
  string(5) "pt_BR"
  ["_wpcf7_unit_tag"]=>
  string(20) "wpcf7-f1703-p1524-o1"
  ["_wpcf7_container_post"]=>
  string(4) "1524"
  ["_wpcf7cf_hidden_group_fields"]=>
  string(2) "[]"
  ["_wpcf7cf_hidden_groups"]=>
  string(2) "[]"
  ["_wpcf7cf_visible_groups"]=>
  string(2) "[]"
  ["_wpcf7cf_repeaters"]=>
  string(2) "[]"
  ["_wpcf7cf_steps"]=>
  string(2) "{}"
  ["_wpcf7cf_options"]=>
  string(180) "{\"form_id\":1703,\"conditions\":[],\"settings\":{\"animation\":\"yes\",\"animation_intime\":200,\"animation_outtime\":200,\"conditions_ui\":\"normal\",\"notice_dismissed\":false}}"
  ["nome"]=>
  string(24) "SERGIO ALEXANDRE PEREIRA"
  ["cpf"]=>
  string(14) "897.495.886-49"
  ["email"]=>
  string(22) "sergioalexan@gmail.com"
  ["placa"]=>
  string(7) "QNC9280"
  ["unidade"]=>
  string(1) "1"
}

[04/10/2021 02:31:08] abgsoft-autopark-unimed.php
string(78) "cURL error 60: SSL certificate problem: unable to get local issuer certificate"

[04/10/2021 02:32:06] Verificando a solicitação...
[04/10/2021 02:32:06] abgsoft-autopark-unimed.php
array(16) {
  ["_wpcf7"]=>
  string(4) "1703"
  ["_wpcf7_version"]=>
  string(5) "5.1.7"
  ["_wpcf7_locale"]=>
  string(5) "pt_BR"
  ["_wpcf7_unit_tag"]=>
  string(20) "wpcf7-f1703-p1524-o1"
  ["_wpcf7_container_post"]=>
  string(4) "1524"
  ["_wpcf7cf_hidden_group_fields"]=>
  string(2) "[]"
  ["_wpcf7cf_hidden_groups"]=>
  string(2) "[]"
  ["_wpcf7cf_visible_groups"]=>
  string(2) "[]"
  ["_wpcf7cf_repeaters"]=>
  string(2) "[]"
  ["_wpcf7cf_steps"]=>
  string(2) "{}"
  ["_wpcf7cf_options"]=>
  string(180) "{\"form_id\":1703,\"conditions\":[],\"settings\":{\"animation\":\"yes\",\"animation_intime\":200,\"animation_outtime\":200,\"conditions_ui\":\"normal\",\"notice_dismissed\":false}}"
  ["nome"]=>
  string(24) "SERGIO ALEXANDRE PEREIRA"
  ["cpf"]=>
  string(14) "897.495.886-49"
  ["email"]=>
  string(22) "sergioalexan@gmail.com"
  ["placa"]=>
  string(7) "QNC9280"
  ["unidade"]=>
  string(1) "1"
}

[04/10/2021 02:32:06] abgsoft-autopark-unimed.php
string(78) "cURL error 60: SSL certificate problem: unable to get local issuer certificate"

[04/10/2021 03:41:33] Verificando a solicitação...
[04/10/2021 03:41:33] abgsoft-autopark-unimed.php
array(16) {
  ["_wpcf7"]=>
  string(4) "1703"
  ["_wpcf7_version"]=>
  string(5) "5.1.7"
  ["_wpcf7_locale"]=>
  string(5) "pt_BR"
  ["_wpcf7_unit_tag"]=>
  string(20) "wpcf7-f1703-p1524-o1"
  ["_wpcf7_container_post"]=>
  string(4) "1524"
  ["_wpcf7cf_hidden_group_fields"]=>
  string(2) "[]"
  ["_wpcf7cf_hidden_groups"]=>
  string(2) "[]"
  ["_wpcf7cf_visible_groups"]=>
  string(2) "[]"
  ["_wpcf7cf_repeaters"]=>
  string(2) "[]"
  ["_wpcf7cf_steps"]=>
  string(2) "{}"
  ["_wpcf7cf_options"]=>
  string(180) "{\"form_id\":1703,\"conditions\":[],\"settings\":{\"animation\":\"yes\",\"animation_intime\":200,\"animation_outtime\":200,\"conditions_ui\":\"normal\",\"notice_dismissed\":false}}"
  ["nome"]=>
  string(24) "SERGIO ALEXANDRE PEREIRA"
  ["cpf"]=>
  string(14) "897.495.886-49"
  ["email"]=>
  string(22) "sergioalexan@gmail.com"
  ["placa"]=>
  string(7) "QNC9280"
  ["unidade"]=>
  string(1) "1"
}

[04/10/2021 03:41:33] abgsoft-autopark-unimed.php
string(78) "cURL error 60: SSL certificate problem: unable to get local issuer certificate"

[04/10/2021 03:50:04] Verificando a solicitação...
[04/10/2021 03:50:04] abgsoft-autopark-unimed.php
array(16) {
  ["_wpcf7"]=>
  string(4) "1703"
  ["_wpcf7_version"]=>
  string(5) "5.1.7"
  ["_wpcf7_locale"]=>
  string(5) "pt_BR"
  ["_wpcf7_unit_tag"]=>
  string(20) "wpcf7-f1703-p1524-o1"
  ["_wpcf7_container_post"]=>
  string(4) "1524"
  ["_wpcf7cf_hidden_group_fields"]=>
  string(2) "[]"
  ["_wpcf7cf_hidden_groups"]=>
  string(2) "[]"
  ["_wpcf7cf_visible_groups"]=>
  string(2) "[]"
  ["_wpcf7cf_repeaters"]=>
  string(2) "[]"
  ["_wpcf7cf_steps"]=>
  string(2) "{}"
  ["_wpcf7cf_options"]=>
  string(180) "{\"form_id\":1703,\"conditions\":[],\"settings\":{\"animation\":\"yes\",\"animation_intime\":200,\"animation_outtime\":200,\"conditions_ui\":\"normal\",\"notice_dismissed\":false}}"
  ["nome"]=>
  string(24) "Ana Karoline Abreu Viana"
  ["cpf"]=>
  string(14) "108.395.446-69"
  ["email"]=>
  string(25) "akarolinevian@hotmail.com"
  ["placa"]=>
  string(7) "OQE2J75"
  ["unidade"]=>
  string(1) "7"
}

[04/10/2021 03:50:04] abgsoft-autopark-unimed.php
string(78) "cURL error 60: SSL certificate problem: unable to get local issuer certificate"

[04/10/2021 03:51:13] Verificando a solicitação...
[04/10/2021 03:51:13] abgsoft-autopark-unimed.php
array(16) {
  ["_wpcf7"]=>
  string(4) "1703"
  ["_wpcf7_version"]=>
  string(5) "5.1.7"
  ["_wpcf7_locale"]=>
  string(5) "pt_BR"
  ["_wpcf7_unit_tag"]=>
  string(20) "wpcf7-f1703-p1524-o1"
  ["_wpcf7_container_post"]=>
  string(4) "1524"
  ["_wpcf7cf_hidden_group_fields"]=>
  string(2) "[]"
  ["_wpcf7cf_hidden_groups"]=>
  string(2) "[]"
  ["_wpcf7cf_visible_groups"]=>
  string(2) "[]"
  ["_wpcf7cf_repeaters"]=>
  string(2) "[]"
  ["_wpcf7cf_steps"]=>
  string(2) "{}"
  ["_wpcf7cf_options"]=>
  string(180) "{\"form_id\":1703,\"conditions\":[],\"settings\":{\"animation\":\"yes\",\"animation_intime\":200,\"animation_outtime\":200,\"conditions_ui\":\"normal\",\"notice_dismissed\":false}}"
  ["nome"]=>
  string(24) "Ana Karoline Abreu Viana"
  ["cpf"]=>
  string(14) "108.395.446-69"
  ["email"]=>
  string(25) "akarolinevian@hotmail.com"
  ["placa"]=>
  string(7) "OQE2J75"
  ["unidade"]=>
  string(1) "7"
}

[04/10/2021 03:51:13] abgsoft-autopark-unimed.php
string(78) "cURL error 60: SSL certificate problem: unable to get local issuer certificate"

[04/10/2021 03:52:47] Verificando a solicitação...
[04/10/2021 03:52:47] abgsoft-autopark-unimed.php
array(16) {
  ["_wpcf7"]=>
  string(4) "1703"
  ["_wpcf7_version"]=>
  string(5) "5.1.7"
  ["_wpcf7_locale"]=>
  string(5) "pt_BR"
  ["_wpcf7_unit_tag"]=>
  string(20) "wpcf7-f1703-p1524-o1"
  ["_wpcf7_container_post"]=>
  string(4) "1524"
  ["_wpcf7cf_hidden_group_fields"]=>
  string(2) "[]"
  ["_wpcf7cf_hidden_groups"]=>
  string(2) "[]"
  ["_wpcf7cf_visible_groups"]=>
  string(2) "[]"
  ["_wpcf7cf_repeaters"]=>
  string(2) "[]"
  ["_wpcf7cf_steps"]=>
  string(2) "{}"
  ["_wpcf7cf_options"]=>
  string(180) "{\"form_id\":1703,\"conditions\":[],\"settings\":{\"animation\":\"yes\",\"animation_intime\":200,\"animation_outtime\":200,\"conditions_ui\":\"normal\",\"notice_dismissed\":false}}"
  ["nome"]=>
  string(24) "Ana Karoline Abreu Viana"
  ["cpf"]=>
  string(14) "108.395.446-69"
  ["email"]=>
  string(25) "akarolinevian@hotmail.com"
  ["placa"]=>
  string(7) "OQE2J75"
  ["unidade"]=>
  string(1) "7"
}

[04/10/2021 03:52:47] abgsoft-autopark-unimed.php
string(78) "cURL error 60: SSL certificate problem: unable to get local issuer certificate"

[04/10/2021 04:00:36] Verificando a solicitação...
[04/10/2021 04:00:36] abgsoft-autopark-unimed.php
array(16) {
  ["_wpcf7"]=>
  string(4) "1703"
  ["_wpcf7_version"]=>
  string(5) "5.1.7"
  ["_wpcf7_locale"]=>
  string(5) "pt_BR"
  ["_wpcf7_unit_tag"]=>
  string(20) "wpcf7-f1703-p1524-o1"
  ["_wpcf7_container_post"]=>
  string(4) "1524"
  ["_wpcf7cf_hidden_group_fields"]=>
  string(2) "[]"
  ["_wpcf7cf_hidden_groups"]=>
  string(2) "[]"
  ["_wpcf7cf_visible_groups"]=>
  string(2) "[]"
  ["_wpcf7cf_repeaters"]=>
  string(2) "[]"
  ["_wpcf7cf_steps"]=>
  string(2) "{}"
  ["_wpcf7cf_options"]=>
  string(180) "{\"form_id\":1703,\"conditions\":[],\"settings\":{\"animation\":\"yes\",\"animation_intime\":200,\"animation_outtime\":200,\"conditions_ui\":\"normal\",\"notice_dismissed\":false}}"
  ["nome"]=>
  string(24) "SERGIO ALEXANDRE PEREIRA"
  ["cpf"]=>
  string(14) "897.495.886-49"
  ["email"]=>
  string(22) "sergioalexan@gmail.com"
  ["placa"]=>
  string(7) "QNC9280"
  ["unidade"]=>
  string(1) "1"
}

[04/10/2021 04:00:36] abgsoft-autopark-unimed.php
string(78) "cURL error 60: SSL certificate problem: unable to get local issuer certificate"

[04/10/2021 04:28:50] Verificando a solicitação...
[04/10/2021 04:28:50] abgsoft-autopark-unimed.php
array(16) {
  ["_wpcf7"]=>
  string(4) "1703"
  ["_wpcf7_version"]=>
  string(5) "5.1.7"
  ["_wpcf7_locale"]=>
  string(5) "pt_BR"
  ["_wpcf7_unit_tag"]=>
  string(20) "wpcf7-f1703-p1524-o1"
  ["_wpcf7_container_post"]=>
  string(4) "1524"
  ["_wpcf7cf_hidden_group_fields"]=>
  string(2) "[]"
  ["_wpcf7cf_hidden_groups"]=>
  string(2) "[]"
  ["_wpcf7cf_visible_groups"]=>
  string(2) "[]"
  ["_wpcf7cf_repeaters"]=>
  string(2) "[]"
  ["_wpcf7cf_steps"]=>
  string(2) "{}"
  ["_wpcf7cf_options"]=>
  string(180) "{\"form_id\":1703,\"conditions\":[],\"settings\":{\"animation\":\"yes\",\"animation_intime\":200,\"animation_outtime\":200,\"conditions_ui\":\"normal\",\"notice_dismissed\":false}}"
  ["nome"]=>
  string(24) "SERGIO ALEXANDRE PEREIRA"
  ["cpf"]=>
  string(14) "897.495.886-49"
  ["email"]=>
  string(22) "sergioalexan@gmail.com"
  ["placa"]=>
  string(7) "QNC9280"
  ["unidade"]=>
  string(1) "1"
}

[04/10/2021 04:28:50] abgsoft-autopark-unimed.php
string(78) "cURL error 60: SSL certificate problem: unable to get local issuer certificate"

[04/10/2021 04:52:38] Verificando a solicitação...
[04/10/2021 04:52:38] abgsoft-autopark-unimed.php
array(16) {
  ["_wpcf7"]=>
  string(4) "1703"
  ["_wpcf7_version"]=>
  string(5) "5.1.7"
  ["_wpcf7_locale"]=>
  string(5) "pt_BR"
  ["_wpcf7_unit_tag"]=>
  string(20) "wpcf7-f1703-p1524-o1"
  ["_wpcf7_container_post"]=>
  string(4) "1524"
  ["_wpcf7cf_hidden_group_fields"]=>
  string(2) "[]"
  ["_wpcf7cf_hidden_groups"]=>
  string(2) "[]"
  ["_wpcf7cf_visible_groups"]=>
  string(2) "[]"
  ["_wpcf7cf_repeaters"]=>
  string(2) "[]"
  ["_wpcf7cf_steps"]=>
  string(2) "{}"
  ["_wpcf7cf_options"]=>
  string(180) "{\"form_id\":1703,\"conditions\":[],\"settings\":{\"animation\":\"yes\",\"animation_intime\":200,\"animation_outtime\":200,\"conditions_ui\":\"normal\",\"notice_dismissed\":false}}"
  ["nome"]=>
  string(24) "Célia Gonçalves Mendes"
  ["cpf"]=>
  string(11) "05228847685"
  ["email"]=>
  string(37) "celia.lopes@grupobalaovermelho.com.br"
  ["placa"]=>
  string(7) "QQA7254"
  ["unidade"]=>
  string(1) "7"
}

[04/10/2021 04:52:38] abgsoft-autopark-unimed.php
string(78) "cURL error 60: SSL certificate problem: unable to get local issuer certificate"

[04/10/2021 06:46:44] Verificando a solicitação...
[04/10/2021 06:46:44] abgsoft-autopark-unimed.php
array(16) {
  ["_wpcf7"]=>
  string(4) "1703"
  ["_wpcf7_version"]=>
  string(5) "5.1.7"
  ["_wpcf7_locale"]=>
  string(5) "pt_BR"
  ["_wpcf7_unit_tag"]=>
  string(20) "wpcf7-f1703-p1524-o1"
  ["_wpcf7_container_post"]=>
  string(4) "1524"
  ["_wpcf7cf_hidden_group_fields"]=>
  string(2) "[]"
  ["_wpcf7cf_hidden_groups"]=>
  string(2) "[]"
  ["_wpcf7cf_visible_groups"]=>
  string(2) "[]"
  ["_wpcf7cf_repeaters"]=>
  string(2) "[]"
  ["_wpcf7cf_steps"]=>
  string(2) "{}"
  ["_wpcf7cf_options"]=>
  string(180) "{\"form_id\":1703,\"conditions\":[],\"settings\":{\"animation\":\"yes\",\"animation_intime\":200,\"animation_outtime\":200,\"conditions_ui\":\"normal\",\"notice_dismissed\":false}}"
  ["nome"]=>
  string(24) "SERGIO ALEXANDRE PEREIRA"
  ["cpf"]=>
  string(14) "897.495.886-49"
  ["email"]=>
  string(22) "sergioalexan@gmail.com"
  ["placa"]=>
  string(7) "QNC9280"
  ["unidade"]=>
  string(1) "1"
}

[04/10/2021 06:46:44] abgsoft-autopark-unimed.php
string(78) "cURL error 60: SSL certificate problem: unable to get local issuer certificate"

[04/10/2021 08:23:28] Verificando a solicitação...
[04/10/2021 08:23:28] abgsoft-autopark-unimed.php
array(16) {
  ["_wpcf7"]=>
  string(4) "1703"
  ["_wpcf7_version"]=>
  string(5) "5.1.7"
  ["_wpcf7_locale"]=>
  string(5) "pt_BR"
  ["_wpcf7_unit_tag"]=>
  string(20) "wpcf7-f1703-p1524-o1"
  ["_wpcf7_container_post"]=>
  string(4) "1524"
  ["_wpcf7cf_hidden_group_fields"]=>
  string(2) "[]"
  ["_wpcf7cf_hidden_groups"]=>
  string(2) "[]"
  ["_wpcf7cf_visible_groups"]=>
  string(2) "[]"
  ["_wpcf7cf_repeaters"]=>
  string(2) "[]"
  ["_wpcf7cf_steps"]=>
  string(2) "{}"
  ["_wpcf7cf_options"]=>
  string(180) "{\"form_id\":1703,\"conditions\":[],\"settings\":{\"animation\":\"yes\",\"animation_intime\":200,\"animation_outtime\":200,\"conditions_ui\":\"normal\",\"notice_dismissed\":false}}"
  ["nome"]=>
  string(24) "Ana Karoline Abreu Viana"
  ["cpf"]=>
  string(14) "108.395.446-69"
  ["email"]=>
  string(25) "akarolinevian@hotmail.com"
  ["placa"]=>
  string(7) "OQE2J75"
  ["unidade"]=>
  string(1) "7"
}

[04/10/2021 08:23:28] abgsoft-autopark-unimed.php
string(78) "cURL error 60: SSL certificate problem: unable to get local issuer certificate"

[04/10/2021 09:10:08] Verificando a solicitação...
[04/10/2021 09:10:08] abgsoft-autopark-unimed.php
array(16) {
  ["_wpcf7"]=>
  string(4) "1703"
  ["_wpcf7_version"]=>
  string(5) "5.1.7"
  ["_wpcf7_locale"]=>
  string(5) "pt_BR"
  ["_wpcf7_unit_tag"]=>
  string(20) "wpcf7-f1703-p1524-o1"
  ["_wpcf7_container_post"]=>
  string(4) "1524"
  ["_wpcf7cf_hidden_group_fields"]=>
  string(2) "[]"
  ["_wpcf7cf_hidden_groups"]=>
  string(2) "[]"
  ["_wpcf7cf_visible_groups"]=>
  string(2) "[]"
  ["_wpcf7cf_repeaters"]=>
  string(2) "[]"
  ["_wpcf7cf_steps"]=>
  string(2) "{}"
  ["_wpcf7cf_options"]=>
  string(180) "{\"form_id\":1703,\"conditions\":[],\"settings\":{\"animation\":\"yes\",\"animation_intime\":200,\"animation_outtime\":200,\"conditions_ui\":\"normal\",\"notice_dismissed\":false}}"
  ["nome"]=>
  string(26) "Guilherme Júnior Cordeiro"
  ["cpf"]=>
  string(11) "10987491628"
  ["email"]=>
  string(25) "guilherme.rio@hotmail.com"
  ["placa"]=>
  string(7) "Hnt1409"
  ["unidade"]=>
  string(1) "5"
}

[04/10/2021 09:10:08] abgsoft-autopark-unimed.php
string(78) "cURL error 60: SSL certificate problem: unable to get local issuer certificate"

[04/10/2021 09:11:37] Verificando a solicitação...
[04/10/2021 09:11:37] abgsoft-autopark-unimed.php
array(16) {
  ["_wpcf7"]=>
  string(4) "1703"
  ["_wpcf7_version"]=>
  string(5) "5.1.7"
  ["_wpcf7_locale"]=>
  string(5) "pt_BR"
  ["_wpcf7_unit_tag"]=>
  string(20) "wpcf7-f1703-p1524-o1"
  ["_wpcf7_container_post"]=>
  string(4) "1524"
  ["_wpcf7cf_hidden_group_fields"]=>
  string(2) "[]"
  ["_wpcf7cf_hidden_groups"]=>
  string(2) "[]"
  ["_wpcf7cf_visible_groups"]=>
  string(2) "[]"
  ["_wpcf7cf_repeaters"]=>
  string(2) "[]"
  ["_wpcf7cf_steps"]=>
  string(2) "{}"
  ["_wpcf7cf_options"]=>
  string(180) "{\"form_id\":1703,\"conditions\":[],\"settings\":{\"animation\":\"yes\",\"animation_intime\":200,\"animation_outtime\":200,\"conditions_ui\":\"normal\",\"notice_dismissed\":false}}"
  ["nome"]=>
  string(26) "Guilherme Júnior Cordeiro"
  ["cpf"]=>
  string(11) "10987491628"
  ["email"]=>
  string(25) "guilherme.rio@hotmail.com"
  ["placa"]=>
  string(7) "Hnt1409"
  ["unidade"]=>
  string(1) "5"
}

[04/10/2021 09:11:37] abgsoft-autopark-unimed.php
string(78) "cURL error 60: SSL certificate problem: unable to get local issuer certificate"

[04/10/2021 09:17:00] Verificando a solicitação...
[04/10/2021 09:17:00] abgsoft-autopark-unimed.php
array(16) {
  ["_wpcf7"]=>
  string(4) "1703"
  ["_wpcf7_version"]=>
  string(5) "5.1.7"
  ["_wpcf7_locale"]=>
  string(5) "pt_BR"
  ["_wpcf7_unit_tag"]=>
  string(20) "wpcf7-f1703-p1524-o1"
  ["_wpcf7_container_post"]=>
  string(4) "1524"
  ["_wpcf7cf_hidden_group_fields"]=>
  string(2) "[]"
  ["_wpcf7cf_hidden_groups"]=>
  string(2) "[]"
  ["_wpcf7cf_visible_groups"]=>
  string(2) "[]"
  ["_wpcf7cf_repeaters"]=>
  string(2) "[]"
  ["_wpcf7cf_steps"]=>
  string(2) "{}"
  ["_wpcf7cf_options"]=>
  string(180) "{\"form_id\":1703,\"conditions\":[],\"settings\":{\"animation\":\"yes\",\"animation_intime\":200,\"animation_outtime\":200,\"conditions_ui\":\"normal\",\"notice_dismissed\":false}}"
  ["nome"]=>
  string(20) "Leci Higino da Silva"
  ["cpf"]=>
  string(11) "49021680653"
  ["email"]=>
  string(20) "l.higino@hotmail.com"
  ["placa"]=>
  string(7) "HFB2B44"
  ["unidade"]=>
  string(1) "7"
}

[04/10/2021 09:17:00] abgsoft-autopark-unimed.php
string(78) "cURL error 60: SSL certificate problem: unable to get local issuer certificate"

[04/10/2021 10:37:16] Verificando a solicitação...
[04/10/2021 10:37:16] abgsoft-autopark-unimed.php
array(16) {
  ["_wpcf7"]=>
  string(4) "1703"
  ["_wpcf7_version"]=>
  string(5) "5.1.7"
  ["_wpcf7_locale"]=>
  string(5) "pt_BR"
  ["_wpcf7_unit_tag"]=>
  string(20) "wpcf7-f1703-p1524-o1"
  ["_wpcf7_container_post"]=>
  string(4) "1524"
  ["_wpcf7cf_hidden_group_fields"]=>
  string(2) "[]"
  ["_wpcf7cf_hidden_groups"]=>
  string(2) "[]"
  ["_wpcf7cf_visible_groups"]=>
  string(2) "[]"
  ["_wpcf7cf_repeaters"]=>
  string(2) "[]"
  ["_wpcf7cf_steps"]=>
  string(2) "{}"
  ["_wpcf7cf_options"]=>
  string(180) "{\"form_id\":1703,\"conditions\":[],\"settings\":{\"animation\":\"yes\",\"animation_intime\":200,\"animation_outtime\":200,\"conditions_ui\":\"normal\",\"notice_dismissed\":false}}"
  ["nome"]=>
  string(25) "João Batista Vieira Neto"
  ["cpf"]=>
  string(11) "53416562615"
  ["email"]=>
  string(17) "jmvsilk@gmail.com"
  ["placa"]=>
  string(7) "EMO4463"
  ["unidade"]=>
  string(1) "5"
}

[04/10/2021 10:37:16] abgsoft-autopark-unimed.php
string(78) "cURL error 60: SSL certificate problem: unable to get local issuer certificate"

[04/10/2021 10:40:11] Verificando a solicitação...
[04/10/2021 10:40:11] abgsoft-autopark-unimed.php
array(16) {
  ["_wpcf7"]=>
  string(4) "1703"
  ["_wpcf7_version"]=>
  string(5) "5.1.7"
  ["_wpcf7_locale"]=>
  string(5) "pt_BR"
  ["_wpcf7_unit_tag"]=>
  string(20) "wpcf7-f1703-p1524-o1"
  ["_wpcf7_container_post"]=>
  string(4) "1524"
  ["_wpcf7cf_hidden_group_fields"]=>
  string(2) "[]"
  ["_wpcf7cf_hidden_groups"]=>
  string(2) "[]"
  ["_wpcf7cf_visible_groups"]=>
  string(2) "[]"
  ["_wpcf7cf_repeaters"]=>
  string(2) "[]"
  ["_wpcf7cf_steps"]=>
  string(2) "{}"
  ["_wpcf7cf_options"]=>
  string(180) "{\"form_id\":1703,\"conditions\":[],\"settings\":{\"animation\":\"yes\",\"animation_intime\":200,\"animation_outtime\":200,\"conditions_ui\":\"normal\",\"notice_dismissed\":false}}"
  ["nome"]=>
  string(25) "João Batista Vieira Neto"
  ["cpf"]=>
  string(11) "53416562615"
  ["email"]=>
  string(17) "jmvsilk@gmail.com"
  ["placa"]=>
  string(7) "EMO4463"
  ["unidade"]=>
  string(1) "5"
}

[04/10/2021 10:40:11] abgsoft-autopark-unimed.php
string(78) "cURL error 60: SSL certificate problem: unable to get local issuer certificate"

