[19/09/2021 02:31:31] Verificando a solicitação...
[19/09/2021 02:31:31] abgsoft-autopark-unimed.php
array(16) {
  ["_wpcf7"]=>
  string(4) "1703"
  ["_wpcf7_version"]=>
  string(5) "5.1.7"
  ["_wpcf7_locale"]=>
  string(5) "pt_BR"
  ["_wpcf7_unit_tag"]=>
  string(20) "wpcf7-f1703-p1524-o1"
  ["_wpcf7_container_post"]=>
  string(4) "1524"
  ["_wpcf7cf_hidden_group_fields"]=>
  string(2) "[]"
  ["_wpcf7cf_hidden_groups"]=>
  string(2) "[]"
  ["_wpcf7cf_visible_groups"]=>
  string(2) "[]"
  ["_wpcf7cf_repeaters"]=>
  string(2) "[]"
  ["_wpcf7cf_steps"]=>
  string(2) "{}"
  ["_wpcf7cf_options"]=>
  string(180) "{\"form_id\":1703,\"conditions\":[],\"settings\":{\"animation\":\"yes\",\"animation_intime\":200,\"animation_outtime\":200,\"conditions_ui\":\"normal\",\"notice_dismissed\":false}}"
  ["nome"]=>
  string(22) "jose angelo lim duarte"
  ["cpf"]=>
  string(14) "118.911.146-20"
  ["email"]=>
  string(22) "zeangello@yahoo.com.br"
  ["placa"]=>
  string(8) "QXM 6023"
  ["unidade"]=>
  string(1) "5"
}

[19/09/2021 10:21:42] Verificando a solicitação...
[19/09/2021 10:21:42] abgsoft-autopark-unimed.php
array(16) {
  ["_wpcf7"]=>
  string(4) "1703"
  ["_wpcf7_version"]=>
  string(5) "5.1.7"
  ["_wpcf7_locale"]=>
  string(5) "pt_BR"
  ["_wpcf7_unit_tag"]=>
  string(20) "wpcf7-f1703-p1524-o1"
  ["_wpcf7_container_post"]=>
  string(4) "1524"
  ["_wpcf7cf_hidden_group_fields"]=>
  string(2) "[]"
  ["_wpcf7cf_hidden_groups"]=>
  string(2) "[]"
  ["_wpcf7cf_visible_groups"]=>
  string(2) "[]"
  ["_wpcf7cf_repeaters"]=>
  string(2) "[]"
  ["_wpcf7cf_steps"]=>
  string(2) "{}"
  ["_wpcf7cf_options"]=>
  string(180) "{\"form_id\":1703,\"conditions\":[],\"settings\":{\"animation\":\"yes\",\"animation_intime\":200,\"animation_outtime\":200,\"conditions_ui\":\"normal\",\"notice_dismissed\":false}}"
  ["nome"]=>
  string(13) "Fabio Hoffman"
  ["cpf"]=>
  string(14) "118.262.576-24"
  ["email"]=>
  string(27) "hoffman.cartola@hotmail.com"
  ["placa"]=>
  string(7) "hdr7124"
  ["unidade"]=>
  string(1) "5"
}

