[25/10/2021 11:31:41] Verificando a solicitação...
[25/10/2021 11:31:41] abgsoft-autopark-unimed.php
array(16) {
  ["_wpcf7"]=>
  string(4) "1703"
  ["_wpcf7_version"]=>
  string(5) "5.1.7"
  ["_wpcf7_locale"]=>
  string(5) "pt_BR"
  ["_wpcf7_unit_tag"]=>
  string(20) "wpcf7-f1703-p1524-o1"
  ["_wpcf7_container_post"]=>
  string(4) "1524"
  ["_wpcf7cf_hidden_group_fields"]=>
  string(2) "[]"
  ["_wpcf7cf_hidden_groups"]=>
  string(2) "[]"
  ["_wpcf7cf_visible_groups"]=>
  string(2) "[]"
  ["_wpcf7cf_repeaters"]=>
  string(2) "[]"
  ["_wpcf7cf_steps"]=>
  string(2) "{}"
  ["_wpcf7cf_options"]=>
  string(180) "{\"form_id\":1703,\"conditions\":[],\"settings\":{\"animation\":\"yes\",\"animation_intime\":200,\"animation_outtime\":200,\"conditions_ui\":\"normal\",\"notice_dismissed\":false}}"
  ["nome"]=>
  string(23) "Alexandre Lunardi Ribas"
  ["cpf"]=>
  string(14) "848.711.056-87"
  ["email"]=>
  string(19) "alunardi8@gmail.com"
  ["placa"]=>
  string(7) "OQC2175"
  ["unidade"]=>
  string(1) "7"
}

[25/10/2021 11:31:41] abgsoft-autopark-unimed.php
string(78) "cURL error 60: SSL certificate problem: unable to get local issuer certificate"

[25/10/2021 11:31:49] Verificando a solicitação...
[25/10/2021 11:31:49] abgsoft-autopark-unimed.php
array(16) {
  ["_wpcf7"]=>
  string(4) "1703"
  ["_wpcf7_version"]=>
  string(5) "5.1.7"
  ["_wpcf7_locale"]=>
  string(5) "pt_BR"
  ["_wpcf7_unit_tag"]=>
  string(20) "wpcf7-f1703-p1524-o1"
  ["_wpcf7_container_post"]=>
  string(4) "1524"
  ["_wpcf7cf_hidden_group_fields"]=>
  string(2) "[]"
  ["_wpcf7cf_hidden_groups"]=>
  string(2) "[]"
  ["_wpcf7cf_visible_groups"]=>
  string(2) "[]"
  ["_wpcf7cf_repeaters"]=>
  string(2) "[]"
  ["_wpcf7cf_steps"]=>
  string(2) "{}"
  ["_wpcf7cf_options"]=>
  string(180) "{\"form_id\":1703,\"conditions\":[],\"settings\":{\"animation\":\"yes\",\"animation_intime\":200,\"animation_outtime\":200,\"conditions_ui\":\"normal\",\"notice_dismissed\":false}}"
  ["nome"]=>
  string(23) "Alexandre Lunardi Ribas"
  ["cpf"]=>
  string(14) "848.711.056-87"
  ["email"]=>
  string(19) "alunardi8@gmail.com"
  ["placa"]=>
  string(7) "OQC2175"
  ["unidade"]=>
  string(1) "7"
}

[25/10/2021 11:31:49] abgsoft-autopark-unimed.php
string(78) "cURL error 60: SSL certificate problem: unable to get local issuer certificate"

[25/10/2021 11:31:52] Verificando a solicitação...
[25/10/2021 11:31:52] abgsoft-autopark-unimed.php
array(16) {
  ["_wpcf7"]=>
  string(4) "1703"
  ["_wpcf7_version"]=>
  string(5) "5.1.7"
  ["_wpcf7_locale"]=>
  string(5) "pt_BR"
  ["_wpcf7_unit_tag"]=>
  string(20) "wpcf7-f1703-p1524-o1"
  ["_wpcf7_container_post"]=>
  string(4) "1524"
  ["_wpcf7cf_hidden_group_fields"]=>
  string(2) "[]"
  ["_wpcf7cf_hidden_groups"]=>
  string(2) "[]"
  ["_wpcf7cf_visible_groups"]=>
  string(2) "[]"
  ["_wpcf7cf_repeaters"]=>
  string(2) "[]"
  ["_wpcf7cf_steps"]=>
  string(2) "{}"
  ["_wpcf7cf_options"]=>
  string(180) "{\"form_id\":1703,\"conditions\":[],\"settings\":{\"animation\":\"yes\",\"animation_intime\":200,\"animation_outtime\":200,\"conditions_ui\":\"normal\",\"notice_dismissed\":false}}"
  ["nome"]=>
  string(23) "Alexandre Lunardi Ribas"
  ["cpf"]=>
  string(14) "848.711.056-87"
  ["email"]=>
  string(19) "alunardi8@gmail.com"
  ["placa"]=>
  string(7) "OQC2175"
  ["unidade"]=>
  string(1) "7"
}

[25/10/2021 11:31:52] abgsoft-autopark-unimed.php
string(78) "cURL error 60: SSL certificate problem: unable to get local issuer certificate"

[25/10/2021 11:31:52] Verificando a solicitação...
[25/10/2021 11:31:52] abgsoft-autopark-unimed.php
array(16) {
  ["_wpcf7"]=>
  string(4) "1703"
  ["_wpcf7_version"]=>
  string(5) "5.1.7"
  ["_wpcf7_locale"]=>
  string(5) "pt_BR"
  ["_wpcf7_unit_tag"]=>
  string(20) "wpcf7-f1703-p1524-o1"
  ["_wpcf7_container_post"]=>
  string(4) "1524"
  ["_wpcf7cf_hidden_group_fields"]=>
  string(2) "[]"
  ["_wpcf7cf_hidden_groups"]=>
  string(2) "[]"
  ["_wpcf7cf_visible_groups"]=>
  string(2) "[]"
  ["_wpcf7cf_repeaters"]=>
  string(2) "[]"
  ["_wpcf7cf_steps"]=>
  string(2) "{}"
  ["_wpcf7cf_options"]=>
  string(180) "{\"form_id\":1703,\"conditions\":[],\"settings\":{\"animation\":\"yes\",\"animation_intime\":200,\"animation_outtime\":200,\"conditions_ui\":\"normal\",\"notice_dismissed\":false}}"
  ["nome"]=>
  string(23) "Alexandre Lunardi Ribas"
  ["cpf"]=>
  string(14) "848.711.056-87"
  ["email"]=>
  string(19) "alunardi8@gmail.com"
  ["placa"]=>
  string(7) "OQC2175"
  ["unidade"]=>
  string(1) "7"
}

[25/10/2021 11:31:52] abgsoft-autopark-unimed.php
string(78) "cURL error 60: SSL certificate problem: unable to get local issuer certificate"

[25/10/2021 11:33:12] Verificando a solicitação...
[25/10/2021 11:33:12] abgsoft-autopark-unimed.php
array(16) {
  ["_wpcf7"]=>
  string(4) "1703"
  ["_wpcf7_version"]=>
  string(5) "5.1.7"
  ["_wpcf7_locale"]=>
  string(5) "pt_BR"
  ["_wpcf7_unit_tag"]=>
  string(20) "wpcf7-f1703-p1524-o1"
  ["_wpcf7_container_post"]=>
  string(4) "1524"
  ["_wpcf7cf_hidden_group_fields"]=>
  string(2) "[]"
  ["_wpcf7cf_hidden_groups"]=>
  string(2) "[]"
  ["_wpcf7cf_visible_groups"]=>
  string(2) "[]"
  ["_wpcf7cf_repeaters"]=>
  string(2) "[]"
  ["_wpcf7cf_steps"]=>
  string(2) "{}"
  ["_wpcf7cf_options"]=>
  string(180) "{\"form_id\":1703,\"conditions\":[],\"settings\":{\"animation\":\"yes\",\"animation_intime\":200,\"animation_outtime\":200,\"conditions_ui\":\"normal\",\"notice_dismissed\":false}}"
  ["nome"]=>
  string(23) "Alexandre Lunardi Ribas"
  ["cpf"]=>
  string(14) "848.711.056-87"
  ["email"]=>
  string(19) "alunardi8@gmail.com"
  ["placa"]=>
  string(7) "OQC2175"
  ["unidade"]=>
  string(1) "7"
}

[25/10/2021 11:33:12] abgsoft-autopark-unimed.php
string(78) "cURL error 60: SSL certificate problem: unable to get local issuer certificate"

[25/10/2021 11:36:30] Verificando a solicitação...
[25/10/2021 11:36:30] abgsoft-autopark-unimed.php
array(16) {
  ["_wpcf7"]=>
  string(4) "1703"
  ["_wpcf7_version"]=>
  string(5) "5.1.7"
  ["_wpcf7_locale"]=>
  string(5) "pt_BR"
  ["_wpcf7_unit_tag"]=>
  string(20) "wpcf7-f1703-p1524-o1"
  ["_wpcf7_container_post"]=>
  string(4) "1524"
  ["_wpcf7cf_hidden_group_fields"]=>
  string(2) "[]"
  ["_wpcf7cf_hidden_groups"]=>
  string(2) "[]"
  ["_wpcf7cf_visible_groups"]=>
  string(2) "[]"
  ["_wpcf7cf_repeaters"]=>
  string(2) "[]"
  ["_wpcf7cf_steps"]=>
  string(2) "{}"
  ["_wpcf7cf_options"]=>
  string(180) "{\"form_id\":1703,\"conditions\":[],\"settings\":{\"animation\":\"yes\",\"animation_intime\":200,\"animation_outtime\":200,\"conditions_ui\":\"normal\",\"notice_dismissed\":false}}"
  ["nome"]=>
  string(23) "Alexandre Lunardi Ribas"
  ["cpf"]=>
  string(14) "848.711.056-87"
  ["email"]=>
  string(19) "alunardi8@gmail.com"
  ["placa"]=>
  string(7) "OQC2175"
  ["unidade"]=>
  string(1) "7"
}

[25/10/2021 11:36:30] abgsoft-autopark-unimed.php
string(78) "cURL error 60: SSL certificate problem: unable to get local issuer certificate"

[25/10/2021 11:36:33] Verificando a solicitação...
[25/10/2021 11:36:33] abgsoft-autopark-unimed.php
array(16) {
  ["_wpcf7"]=>
  string(4) "1703"
  ["_wpcf7_version"]=>
  string(5) "5.1.7"
  ["_wpcf7_locale"]=>
  string(5) "pt_BR"
  ["_wpcf7_unit_tag"]=>
  string(20) "wpcf7-f1703-p1524-o1"
  ["_wpcf7_container_post"]=>
  string(4) "1524"
  ["_wpcf7cf_hidden_group_fields"]=>
  string(2) "[]"
  ["_wpcf7cf_hidden_groups"]=>
  string(2) "[]"
  ["_wpcf7cf_visible_groups"]=>
  string(2) "[]"
  ["_wpcf7cf_repeaters"]=>
  string(2) "[]"
  ["_wpcf7cf_steps"]=>
  string(2) "{}"
  ["_wpcf7cf_options"]=>
  string(180) "{\"form_id\":1703,\"conditions\":[],\"settings\":{\"animation\":\"yes\",\"animation_intime\":200,\"animation_outtime\":200,\"conditions_ui\":\"normal\",\"notice_dismissed\":false}}"
  ["nome"]=>
  string(23) "Alexandre Lunardi Ribas"
  ["cpf"]=>
  string(14) "848.711.056-87"
  ["email"]=>
  string(19) "alunardi8@gmail.com"
  ["placa"]=>
  string(7) "OQC2175"
  ["unidade"]=>
  string(1) "7"
}

[25/10/2021 11:36:33] abgsoft-autopark-unimed.php
string(78) "cURL error 60: SSL certificate problem: unable to get local issuer certificate"

[25/10/2021 11:36:33] Verificando a solicitação...
[25/10/2021 11:36:33] abgsoft-autopark-unimed.php
array(16) {
  ["_wpcf7"]=>
  string(4) "1703"
  ["_wpcf7_version"]=>
  string(5) "5.1.7"
  ["_wpcf7_locale"]=>
  string(5) "pt_BR"
  ["_wpcf7_unit_tag"]=>
  string(20) "wpcf7-f1703-p1524-o1"
  ["_wpcf7_container_post"]=>
  string(4) "1524"
  ["_wpcf7cf_hidden_group_fields"]=>
  string(2) "[]"
  ["_wpcf7cf_hidden_groups"]=>
  string(2) "[]"
  ["_wpcf7cf_visible_groups"]=>
  string(2) "[]"
  ["_wpcf7cf_repeaters"]=>
  string(2) "[]"
  ["_wpcf7cf_steps"]=>
  string(2) "{}"
  ["_wpcf7cf_options"]=>
  string(180) "{\"form_id\":1703,\"conditions\":[],\"settings\":{\"animation\":\"yes\",\"animation_intime\":200,\"animation_outtime\":200,\"conditions_ui\":\"normal\",\"notice_dismissed\":false}}"
  ["nome"]=>
  string(23) "Alexandre Lunardi Ribas"
  ["cpf"]=>
  string(14) "848.711.056-87"
  ["email"]=>
  string(19) "alunardi8@gmail.com"
  ["placa"]=>
  string(7) "OQC2175"
  ["unidade"]=>
  string(1) "7"
}

[25/10/2021 11:36:33] abgsoft-autopark-unimed.php
string(78) "cURL error 60: SSL certificate problem: unable to get local issuer certificate"

[25/10/2021 11:36:34] Verificando a solicitação...
[25/10/2021 11:36:34] abgsoft-autopark-unimed.php
array(16) {
  ["_wpcf7"]=>
  string(4) "1703"
  ["_wpcf7_version"]=>
  string(5) "5.1.7"
  ["_wpcf7_locale"]=>
  string(5) "pt_BR"
  ["_wpcf7_unit_tag"]=>
  string(20) "wpcf7-f1703-p1524-o1"
  ["_wpcf7_container_post"]=>
  string(4) "1524"
  ["_wpcf7cf_hidden_group_fields"]=>
  string(2) "[]"
  ["_wpcf7cf_hidden_groups"]=>
  string(2) "[]"
  ["_wpcf7cf_visible_groups"]=>
  string(2) "[]"
  ["_wpcf7cf_repeaters"]=>
  string(2) "[]"
  ["_wpcf7cf_steps"]=>
  string(2) "{}"
  ["_wpcf7cf_options"]=>
  string(180) "{\"form_id\":1703,\"conditions\":[],\"settings\":{\"animation\":\"yes\",\"animation_intime\":200,\"animation_outtime\":200,\"conditions_ui\":\"normal\",\"notice_dismissed\":false}}"
  ["nome"]=>
  string(23) "Alexandre Lunardi Ribas"
  ["cpf"]=>
  string(14) "848.711.056-87"
  ["email"]=>
  string(19) "alunardi8@gmail.com"
  ["placa"]=>
  string(7) "OQC2175"
  ["unidade"]=>
  string(1) "7"
}

[25/10/2021 11:36:34] abgsoft-autopark-unimed.php
string(78) "cURL error 60: SSL certificate problem: unable to get local issuer certificate"

[25/10/2021 11:36:34] Verificando a solicitação...
[25/10/2021 11:36:34] abgsoft-autopark-unimed.php
array(16) {
  ["_wpcf7"]=>
  string(4) "1703"
  ["_wpcf7_version"]=>
  string(5) "5.1.7"
  ["_wpcf7_locale"]=>
  string(5) "pt_BR"
  ["_wpcf7_unit_tag"]=>
  string(20) "wpcf7-f1703-p1524-o1"
  ["_wpcf7_container_post"]=>
  string(4) "1524"
  ["_wpcf7cf_hidden_group_fields"]=>
  string(2) "[]"
  ["_wpcf7cf_hidden_groups"]=>
  string(2) "[]"
  ["_wpcf7cf_visible_groups"]=>
  string(2) "[]"
  ["_wpcf7cf_repeaters"]=>
  string(2) "[]"
  ["_wpcf7cf_steps"]=>
  string(2) "{}"
  ["_wpcf7cf_options"]=>
  string(180) "{\"form_id\":1703,\"conditions\":[],\"settings\":{\"animation\":\"yes\",\"animation_intime\":200,\"animation_outtime\":200,\"conditions_ui\":\"normal\",\"notice_dismissed\":false}}"
  ["nome"]=>
  string(23) "Alexandre Lunardi Ribas"
  ["cpf"]=>
  string(14) "848.711.056-87"
  ["email"]=>
  string(19) "alunardi8@gmail.com"
  ["placa"]=>
  string(7) "OQC2175"
  ["unidade"]=>
  string(1) "7"
}

[25/10/2021 11:36:34] abgsoft-autopark-unimed.php
string(78) "cURL error 60: SSL certificate problem: unable to get local issuer certificate"

[25/10/2021 11:36:34] Verificando a solicitação...
[25/10/2021 11:36:34] abgsoft-autopark-unimed.php
array(16) {
  ["_wpcf7"]=>
  string(4) "1703"
  ["_wpcf7_version"]=>
  string(5) "5.1.7"
  ["_wpcf7_locale"]=>
  string(5) "pt_BR"
  ["_wpcf7_unit_tag"]=>
  string(20) "wpcf7-f1703-p1524-o1"
  ["_wpcf7_container_post"]=>
  string(4) "1524"
  ["_wpcf7cf_hidden_group_fields"]=>
  string(2) "[]"
  ["_wpcf7cf_hidden_groups"]=>
  string(2) "[]"
  ["_wpcf7cf_visible_groups"]=>
  string(2) "[]"
  ["_wpcf7cf_repeaters"]=>
  string(2) "[]"
  ["_wpcf7cf_steps"]=>
  string(2) "{}"
  ["_wpcf7cf_options"]=>
  string(180) "{\"form_id\":1703,\"conditions\":[],\"settings\":{\"animation\":\"yes\",\"animation_intime\":200,\"animation_outtime\":200,\"conditions_ui\":\"normal\",\"notice_dismissed\":false}}"
  ["nome"]=>
  string(23) "Alexandre Lunardi Ribas"
  ["cpf"]=>
  string(14) "848.711.056-87"
  ["email"]=>
  string(19) "alunardi8@gmail.com"
  ["placa"]=>
  string(7) "OQC2175"
  ["unidade"]=>
  string(1) "7"
}

[25/10/2021 11:36:34] abgsoft-autopark-unimed.php
string(78) "cURL error 60: SSL certificate problem: unable to get local issuer certificate"

[25/10/2021 11:36:34] Verificando a solicitação...
[25/10/2021 11:36:34] abgsoft-autopark-unimed.php
array(16) {
  ["_wpcf7"]=>
  string(4) "1703"
  ["_wpcf7_version"]=>
  string(5) "5.1.7"
  ["_wpcf7_locale"]=>
  string(5) "pt_BR"
  ["_wpcf7_unit_tag"]=>
  string(20) "wpcf7-f1703-p1524-o1"
  ["_wpcf7_container_post"]=>
  string(4) "1524"
  ["_wpcf7cf_hidden_group_fields"]=>
  string(2) "[]"
  ["_wpcf7cf_hidden_groups"]=>
  string(2) "[]"
  ["_wpcf7cf_visible_groups"]=>
  string(2) "[]"
  ["_wpcf7cf_repeaters"]=>
  string(2) "[]"
  ["_wpcf7cf_steps"]=>
  string(2) "{}"
  ["_wpcf7cf_options"]=>
  string(180) "{\"form_id\":1703,\"conditions\":[],\"settings\":{\"animation\":\"yes\",\"animation_intime\":200,\"animation_outtime\":200,\"conditions_ui\":\"normal\",\"notice_dismissed\":false}}"
  ["nome"]=>
  string(23) "Alexandre Lunardi Ribas"
  ["cpf"]=>
  string(14) "848.711.056-87"
  ["email"]=>
  string(19) "alunardi8@gmail.com"
  ["placa"]=>
  string(7) "OQC2175"
  ["unidade"]=>
  string(1) "7"
}

[25/10/2021 11:36:34] abgsoft-autopark-unimed.php
string(78) "cURL error 60: SSL certificate problem: unable to get local issuer certificate"

[25/10/2021 12:17:44] Verificando a solicitação...
[25/10/2021 12:17:44] abgsoft-autopark-unimed.php
array(16) {
  ["_wpcf7"]=>
  string(4) "1703"
  ["_wpcf7_version"]=>
  string(5) "5.1.7"
  ["_wpcf7_locale"]=>
  string(5) "pt_BR"
  ["_wpcf7_unit_tag"]=>
  string(20) "wpcf7-f1703-p1524-o1"
  ["_wpcf7_container_post"]=>
  string(4) "1524"
  ["_wpcf7cf_hidden_group_fields"]=>
  string(2) "[]"
  ["_wpcf7cf_hidden_groups"]=>
  string(2) "[]"
  ["_wpcf7cf_visible_groups"]=>
  string(2) "[]"
  ["_wpcf7cf_repeaters"]=>
  string(2) "[]"
  ["_wpcf7cf_steps"]=>
  string(2) "{}"
  ["_wpcf7cf_options"]=>
  string(180) "{\"form_id\":1703,\"conditions\":[],\"settings\":{\"animation\":\"yes\",\"animation_intime\":200,\"animation_outtime\":200,\"conditions_ui\":\"normal\",\"notice_dismissed\":false}}"
  ["nome"]=>
  string(18) "Cleverson de Assis"
  ["cpf"]=>
  string(11) "16490690659"
  ["email"]=>
  string(23) "cleverassis55@gmail.com"
  ["placa"]=>
  string(7) "HGJ5827"
  ["unidade"]=>
  string(1) "5"
}

[25/10/2021 12:17:44] abgsoft-autopark-unimed.php
string(78) "cURL error 60: SSL certificate problem: unable to get local issuer certificate"

[25/10/2021 12:18:31] Verificando a solicitação...
[25/10/2021 12:18:31] abgsoft-autopark-unimed.php
array(16) {
  ["_wpcf7"]=>
  string(4) "1703"
  ["_wpcf7_version"]=>
  string(5) "5.1.7"
  ["_wpcf7_locale"]=>
  string(5) "pt_BR"
  ["_wpcf7_unit_tag"]=>
  string(20) "wpcf7-f1703-p1524-o1"
  ["_wpcf7_container_post"]=>
  string(4) "1524"
  ["_wpcf7cf_hidden_group_fields"]=>
  string(2) "[]"
  ["_wpcf7cf_hidden_groups"]=>
  string(2) "[]"
  ["_wpcf7cf_visible_groups"]=>
  string(2) "[]"
  ["_wpcf7cf_repeaters"]=>
  string(2) "[]"
  ["_wpcf7cf_steps"]=>
  string(2) "{}"
  ["_wpcf7cf_options"]=>
  string(180) "{\"form_id\":1703,\"conditions\":[],\"settings\":{\"animation\":\"yes\",\"animation_intime\":200,\"animation_outtime\":200,\"conditions_ui\":\"normal\",\"notice_dismissed\":false}}"
  ["nome"]=>
  string(18) "Cleverson de Assis"
  ["cpf"]=>
  string(11) "16490690659"
  ["email"]=>
  string(23) "cleverassis55@gmail.com"
  ["placa"]=>
  string(7) "HGJ5827"
  ["unidade"]=>
  string(1) "5"
}

[25/10/2021 12:18:31] abgsoft-autopark-unimed.php
string(78) "cURL error 60: SSL certificate problem: unable to get local issuer certificate"

[25/10/2021 12:18:33] Verificando a solicitação...
[25/10/2021 12:18:33] abgsoft-autopark-unimed.php
array(16) {
  ["_wpcf7"]=>
  string(4) "1703"
  ["_wpcf7_version"]=>
  string(5) "5.1.7"
  ["_wpcf7_locale"]=>
  string(5) "pt_BR"
  ["_wpcf7_unit_tag"]=>
  string(20) "wpcf7-f1703-p1524-o1"
  ["_wpcf7_container_post"]=>
  string(4) "1524"
  ["_wpcf7cf_hidden_group_fields"]=>
  string(2) "[]"
  ["_wpcf7cf_hidden_groups"]=>
  string(2) "[]"
  ["_wpcf7cf_visible_groups"]=>
  string(2) "[]"
  ["_wpcf7cf_repeaters"]=>
  string(2) "[]"
  ["_wpcf7cf_steps"]=>
  string(2) "{}"
  ["_wpcf7cf_options"]=>
  string(180) "{\"form_id\":1703,\"conditions\":[],\"settings\":{\"animation\":\"yes\",\"animation_intime\":200,\"animation_outtime\":200,\"conditions_ui\":\"normal\",\"notice_dismissed\":false}}"
  ["nome"]=>
  string(18) "Cleverson de Assis"
  ["cpf"]=>
  string(11) "16490690659"
  ["email"]=>
  string(23) "cleverassis55@gmail.com"
  ["placa"]=>
  string(7) "HGJ5827"
  ["unidade"]=>
  string(1) "5"
}

[25/10/2021 12:18:33] abgsoft-autopark-unimed.php
string(78) "cURL error 60: SSL certificate problem: unable to get local issuer certificate"

[25/10/2021 12:22:13] Verificando a solicitação...
[25/10/2021 12:22:13] abgsoft-autopark-unimed.php
array(16) {
  ["_wpcf7"]=>
  string(4) "1703"
  ["_wpcf7_version"]=>
  string(5) "5.1.7"
  ["_wpcf7_locale"]=>
  string(5) "pt_BR"
  ["_wpcf7_unit_tag"]=>
  string(20) "wpcf7-f1703-p1524-o1"
  ["_wpcf7_container_post"]=>
  string(4) "1524"
  ["_wpcf7cf_hidden_group_fields"]=>
  string(2) "[]"
  ["_wpcf7cf_hidden_groups"]=>
  string(2) "[]"
  ["_wpcf7cf_visible_groups"]=>
  string(2) "[]"
  ["_wpcf7cf_repeaters"]=>
  string(2) "[]"
  ["_wpcf7cf_steps"]=>
  string(2) "{}"
  ["_wpcf7cf_options"]=>
  string(180) "{\"form_id\":1703,\"conditions\":[],\"settings\":{\"animation\":\"yes\",\"animation_intime\":200,\"animation_outtime\":200,\"conditions_ui\":\"normal\",\"notice_dismissed\":false}}"
  ["nome"]=>
  string(27) "Achiles Caldeira Quintella "
  ["cpf"]=>
  string(14) "093.040.881-00"
  ["email"]=>
  string(26) "achilesquintella@gmail.com"
  ["placa"]=>
  string(8) "HKC 3700"
  ["unidade"]=>
  string(1) "7"
}

[25/10/2021 12:22:14] abgsoft-autopark-unimed.php
string(78) "cURL error 60: SSL certificate problem: unable to get local issuer certificate"

[25/10/2021 12:24:41] Verificando a solicitação...
[25/10/2021 12:24:41] abgsoft-autopark-unimed.php
array(16) {
  ["_wpcf7"]=>
  string(4) "1703"
  ["_wpcf7_version"]=>
  string(5) "5.1.7"
  ["_wpcf7_locale"]=>
  string(5) "pt_BR"
  ["_wpcf7_unit_tag"]=>
  string(20) "wpcf7-f1703-p1524-o1"
  ["_wpcf7_container_post"]=>
  string(4) "1524"
  ["_wpcf7cf_hidden_group_fields"]=>
  string(2) "[]"
  ["_wpcf7cf_hidden_groups"]=>
  string(2) "[]"
  ["_wpcf7cf_visible_groups"]=>
  string(2) "[]"
  ["_wpcf7cf_repeaters"]=>
  string(2) "[]"
  ["_wpcf7cf_steps"]=>
  string(2) "{}"
  ["_wpcf7cf_options"]=>
  string(180) "{\"form_id\":1703,\"conditions\":[],\"settings\":{\"animation\":\"yes\",\"animation_intime\":200,\"animation_outtime\":200,\"conditions_ui\":\"normal\",\"notice_dismissed\":false}}"
  ["nome"]=>
  string(27) "Achiles Caldeira Quintella "
  ["cpf"]=>
  string(14) "093.040.881-00"
  ["email"]=>
  string(26) "achilesquintella@gmail.com"
  ["placa"]=>
  string(8) "HKC 3700"
  ["unidade"]=>
  string(1) "7"
}

[25/10/2021 12:24:41] abgsoft-autopark-unimed.php
string(78) "cURL error 60: SSL certificate problem: unable to get local issuer certificate"

[25/10/2021 12:24:43] Verificando a solicitação...
[25/10/2021 12:24:43] abgsoft-autopark-unimed.php
array(16) {
  ["_wpcf7"]=>
  string(4) "1703"
  ["_wpcf7_version"]=>
  string(5) "5.1.7"
  ["_wpcf7_locale"]=>
  string(5) "pt_BR"
  ["_wpcf7_unit_tag"]=>
  string(20) "wpcf7-f1703-p1524-o1"
  ["_wpcf7_container_post"]=>
  string(4) "1524"
  ["_wpcf7cf_hidden_group_fields"]=>
  string(2) "[]"
  ["_wpcf7cf_hidden_groups"]=>
  string(2) "[]"
  ["_wpcf7cf_visible_groups"]=>
  string(2) "[]"
  ["_wpcf7cf_repeaters"]=>
  string(2) "[]"
  ["_wpcf7cf_steps"]=>
  string(2) "{}"
  ["_wpcf7cf_options"]=>
  string(180) "{\"form_id\":1703,\"conditions\":[],\"settings\":{\"animation\":\"yes\",\"animation_intime\":200,\"animation_outtime\":200,\"conditions_ui\":\"normal\",\"notice_dismissed\":false}}"
  ["nome"]=>
  string(27) "Achiles Caldeira Quintella "
  ["cpf"]=>
  string(14) "093.040.881-00"
  ["email"]=>
  string(26) "achilesquintella@gmail.com"
  ["placa"]=>
  string(8) "HKC 3700"
  ["unidade"]=>
  string(1) "7"
}

[25/10/2021 12:24:43] abgsoft-autopark-unimed.php
string(78) "cURL error 60: SSL certificate problem: unable to get local issuer certificate"

[25/10/2021 12:26:34] Verificando a solicitação...
[25/10/2021 12:26:34] abgsoft-autopark-unimed.php
array(16) {
  ["_wpcf7"]=>
  string(4) "1703"
  ["_wpcf7_version"]=>
  string(5) "5.1.7"
  ["_wpcf7_locale"]=>
  string(5) "pt_BR"
  ["_wpcf7_unit_tag"]=>
  string(20) "wpcf7-f1703-p1524-o1"
  ["_wpcf7_container_post"]=>
  string(4) "1524"
  ["_wpcf7cf_hidden_group_fields"]=>
  string(2) "[]"
  ["_wpcf7cf_hidden_groups"]=>
  string(2) "[]"
  ["_wpcf7cf_visible_groups"]=>
  string(2) "[]"
  ["_wpcf7cf_repeaters"]=>
  string(2) "[]"
  ["_wpcf7cf_steps"]=>
  string(2) "{}"
  ["_wpcf7cf_options"]=>
  string(180) "{\"form_id\":1703,\"conditions\":[],\"settings\":{\"animation\":\"yes\",\"animation_intime\":200,\"animation_outtime\":200,\"conditions_ui\":\"normal\",\"notice_dismissed\":false}}"
  ["nome"]=>
  string(5) "David"
  ["cpf"]=>
  string(11) "29370779604"
  ["email"]=>
  string(17) "grifus1@gmail.com"
  ["placa"]=>
  string(8) "DHF 6160"
  ["unidade"]=>
  string(1) "7"
}

[25/10/2021 12:26:34] abgsoft-autopark-unimed.php
string(78) "cURL error 60: SSL certificate problem: unable to get local issuer certificate"

[25/10/2021 01:28:52] Verificando a solicitação...
[25/10/2021 01:28:52] abgsoft-autopark-unimed.php
array(16) {
  ["_wpcf7"]=>
  string(4) "1703"
  ["_wpcf7_version"]=>
  string(5) "5.1.7"
  ["_wpcf7_locale"]=>
  string(5) "pt_BR"
  ["_wpcf7_unit_tag"]=>
  string(20) "wpcf7-f1703-p1524-o1"
  ["_wpcf7_container_post"]=>
  string(4) "1524"
  ["_wpcf7cf_hidden_group_fields"]=>
  string(2) "[]"
  ["_wpcf7cf_hidden_groups"]=>
  string(2) "[]"
  ["_wpcf7cf_visible_groups"]=>
  string(2) "[]"
  ["_wpcf7cf_repeaters"]=>
  string(2) "[]"
  ["_wpcf7cf_steps"]=>
  string(2) "{}"
  ["_wpcf7cf_options"]=>
  string(180) "{\"form_id\":1703,\"conditions\":[],\"settings\":{\"animation\":\"yes\",\"animation_intime\":200,\"animation_outtime\":200,\"conditions_ui\":\"normal\",\"notice_dismissed\":false}}"
  ["nome"]=>
  string(23) "Alexandre Lunardi Ribas"
  ["cpf"]=>
  string(14) "848.711.056-87"
  ["email"]=>
  string(19) "alunardi8@gmail.com"
  ["placa"]=>
  string(7) "OQC2175"
  ["unidade"]=>
  string(1) "7"
}

[25/10/2021 01:28:52] abgsoft-autopark-unimed.php
string(78) "cURL error 60: SSL certificate problem: unable to get local issuer certificate"

[25/10/2021 01:29:20] Verificando a solicitação...
[25/10/2021 01:29:20] abgsoft-autopark-unimed.php
array(16) {
  ["_wpcf7"]=>
  string(4) "1703"
  ["_wpcf7_version"]=>
  string(5) "5.1.7"
  ["_wpcf7_locale"]=>
  string(5) "pt_BR"
  ["_wpcf7_unit_tag"]=>
  string(20) "wpcf7-f1703-p1524-o1"
  ["_wpcf7_container_post"]=>
  string(4) "1524"
  ["_wpcf7cf_hidden_group_fields"]=>
  string(2) "[]"
  ["_wpcf7cf_hidden_groups"]=>
  string(2) "[]"
  ["_wpcf7cf_visible_groups"]=>
  string(2) "[]"
  ["_wpcf7cf_repeaters"]=>
  string(2) "[]"
  ["_wpcf7cf_steps"]=>
  string(2) "{}"
  ["_wpcf7cf_options"]=>
  string(180) "{\"form_id\":1703,\"conditions\":[],\"settings\":{\"animation\":\"yes\",\"animation_intime\":200,\"animation_outtime\":200,\"conditions_ui\":\"normal\",\"notice_dismissed\":false}}"
  ["nome"]=>
  string(23) "Alexandre Lunardi Ribas"
  ["cpf"]=>
  string(14) "848.711.056-87"
  ["email"]=>
  string(19) "alunardi8@gmail.com"
  ["placa"]=>
  string(7) "OQC2175"
  ["unidade"]=>
  string(1) "7"
}

[25/10/2021 01:29:20] abgsoft-autopark-unimed.php
string(78) "cURL error 60: SSL certificate problem: unable to get local issuer certificate"

[25/10/2021 01:29:53] Verificando a solicitação...
[25/10/2021 01:29:53] abgsoft-autopark-unimed.php
array(16) {
  ["_wpcf7"]=>
  string(4) "1703"
  ["_wpcf7_version"]=>
  string(5) "5.1.7"
  ["_wpcf7_locale"]=>
  string(5) "pt_BR"
  ["_wpcf7_unit_tag"]=>
  string(20) "wpcf7-f1703-p1524-o1"
  ["_wpcf7_container_post"]=>
  string(4) "1524"
  ["_wpcf7cf_hidden_group_fields"]=>
  string(2) "[]"
  ["_wpcf7cf_hidden_groups"]=>
  string(2) "[]"
  ["_wpcf7cf_visible_groups"]=>
  string(2) "[]"
  ["_wpcf7cf_repeaters"]=>
  string(2) "[]"
  ["_wpcf7cf_steps"]=>
  string(2) "{}"
  ["_wpcf7cf_options"]=>
  string(180) "{\"form_id\":1703,\"conditions\":[],\"settings\":{\"animation\":\"yes\",\"animation_intime\":200,\"animation_outtime\":200,\"conditions_ui\":\"normal\",\"notice_dismissed\":false}}"
  ["nome"]=>
  string(23) "Alexandre Lunardi Ribas"
  ["cpf"]=>
  string(14) "848.711.056-87"
  ["email"]=>
  string(19) "alunardi8@gmail.com"
  ["placa"]=>
  string(7) "OQC2175"
  ["unidade"]=>
  string(1) "7"
}

[25/10/2021 01:29:53] abgsoft-autopark-unimed.php
string(78) "cURL error 60: SSL certificate problem: unable to get local issuer certificate"

[25/10/2021 01:29:55] Verificando a solicitação...
[25/10/2021 01:29:55] abgsoft-autopark-unimed.php
array(16) {
  ["_wpcf7"]=>
  string(4) "1703"
  ["_wpcf7_version"]=>
  string(5) "5.1.7"
  ["_wpcf7_locale"]=>
  string(5) "pt_BR"
  ["_wpcf7_unit_tag"]=>
  string(20) "wpcf7-f1703-p1524-o1"
  ["_wpcf7_container_post"]=>
  string(4) "1524"
  ["_wpcf7cf_hidden_group_fields"]=>
  string(2) "[]"
  ["_wpcf7cf_hidden_groups"]=>
  string(2) "[]"
  ["_wpcf7cf_visible_groups"]=>
  string(2) "[]"
  ["_wpcf7cf_repeaters"]=>
  string(2) "[]"
  ["_wpcf7cf_steps"]=>
  string(2) "{}"
  ["_wpcf7cf_options"]=>
  string(180) "{\"form_id\":1703,\"conditions\":[],\"settings\":{\"animation\":\"yes\",\"animation_intime\":200,\"animation_outtime\":200,\"conditions_ui\":\"normal\",\"notice_dismissed\":false}}"
  ["nome"]=>
  string(23) "Alexandre Lunardi Ribas"
  ["cpf"]=>
  string(14) "848.711.056-87"
  ["email"]=>
  string(19) "alunardi8@gmail.com"
  ["placa"]=>
  string(7) "OQC2175"
  ["unidade"]=>
  string(1) "7"
}

[25/10/2021 01:29:55] abgsoft-autopark-unimed.php
string(78) "cURL error 60: SSL certificate problem: unable to get local issuer certificate"

[25/10/2021 06:02:58] Verificando a solicitação...
[25/10/2021 06:03:18] Verificando a solicitação...
[25/10/2021 06:18:33] Verificando a solicitação...
[25/10/2021 06:18:33] abgsoft-autopark-unimed.php
array(16) {
  ["_wpcf7"]=>
  string(4) "1703"
  ["_wpcf7_version"]=>
  string(5) "5.1.7"
  ["_wpcf7_locale"]=>
  string(5) "pt_BR"
  ["_wpcf7_unit_tag"]=>
  string(20) "wpcf7-f1703-p1524-o1"
  ["_wpcf7_container_post"]=>
  string(4) "1524"
  ["_wpcf7cf_hidden_group_fields"]=>
  string(2) "[]"
  ["_wpcf7cf_hidden_groups"]=>
  string(2) "[]"
  ["_wpcf7cf_visible_groups"]=>
  string(2) "[]"
  ["_wpcf7cf_repeaters"]=>
  string(2) "[]"
  ["_wpcf7cf_steps"]=>
  string(2) "{}"
  ["_wpcf7cf_options"]=>
  string(180) "{\"form_id\":1703,\"conditions\":[],\"settings\":{\"animation\":\"yes\",\"animation_intime\":200,\"animation_outtime\":200,\"conditions_ui\":\"normal\",\"notice_dismissed\":false}}"
  ["nome"]=>
  string(17) "Célia Gonçalves"
  ["cpf"]=>
  string(11) "05228847685"
  ["email"]=>
  string(37) "celia.lopes@grupobalaovermelho.com.br"
  ["placa"]=>
  string(7) "QQA7254"
  ["unidade"]=>
  string(1) "7"
}

[25/10/2021 06:18:33] abgsoft-autopark-unimed.php
string(78) "cURL error 60: SSL certificate problem: unable to get local issuer certificate"

[25/10/2021 10:10:24] Verificando a solicitação...
[25/10/2021 10:10:24] abgsoft-autopark-unimed.php
array(16) {
  ["_wpcf7"]=>
  string(4) "1703"
  ["_wpcf7_version"]=>
  string(5) "5.1.7"
  ["_wpcf7_locale"]=>
  string(5) "pt_BR"
  ["_wpcf7_unit_tag"]=>
  string(20) "wpcf7-f1703-p1524-o1"
  ["_wpcf7_container_post"]=>
  string(4) "1524"
  ["_wpcf7cf_hidden_group_fields"]=>
  string(2) "[]"
  ["_wpcf7cf_hidden_groups"]=>
  string(2) "[]"
  ["_wpcf7cf_visible_groups"]=>
  string(2) "[]"
  ["_wpcf7cf_repeaters"]=>
  string(2) "[]"
  ["_wpcf7cf_steps"]=>
  string(2) "{}"
  ["_wpcf7cf_options"]=>
  string(180) "{\"form_id\":1703,\"conditions\":[],\"settings\":{\"animation\":\"yes\",\"animation_intime\":200,\"animation_outtime\":200,\"conditions_ui\":\"normal\",\"notice_dismissed\":false}}"
  ["nome"]=>
  string(33) "Tainá Kenia Silva Andrade Campos"
  ["cpf"]=>
  string(14) "124.486.916-30"
  ["email"]=>
  string(22) "tainakcampos@gmail.com"
  ["placa"]=>
  string(7) "Fyn7g39"
  ["unidade"]=>
  string(1) "1"
}

[25/10/2021 10:10:24] abgsoft-autopark-unimed.php
string(78) "cURL error 60: SSL certificate problem: unable to get local issuer certificate"

[25/10/2021 10:11:07] Verificando a solicitação...
[25/10/2021 10:11:07] abgsoft-autopark-unimed.php
array(16) {
  ["_wpcf7"]=>
  string(4) "1703"
  ["_wpcf7_version"]=>
  string(5) "5.1.7"
  ["_wpcf7_locale"]=>
  string(5) "pt_BR"
  ["_wpcf7_unit_tag"]=>
  string(20) "wpcf7-f1703-p1524-o1"
  ["_wpcf7_container_post"]=>
  string(4) "1524"
  ["_wpcf7cf_hidden_group_fields"]=>
  string(2) "[]"
  ["_wpcf7cf_hidden_groups"]=>
  string(2) "[]"
  ["_wpcf7cf_visible_groups"]=>
  string(2) "[]"
  ["_wpcf7cf_repeaters"]=>
  string(2) "[]"
  ["_wpcf7cf_steps"]=>
  string(2) "{}"
  ["_wpcf7cf_options"]=>
  string(180) "{\"form_id\":1703,\"conditions\":[],\"settings\":{\"animation\":\"yes\",\"animation_intime\":200,\"animation_outtime\":200,\"conditions_ui\":\"normal\",\"notice_dismissed\":false}}"
  ["nome"]=>
  string(33) "Tainá Kenia Silva Andrade Campos"
  ["cpf"]=>
  string(14) "124.486.916-30"
  ["email"]=>
  string(22) "tainakcampos@gmail.com"
  ["placa"]=>
  string(7) "FYN7G39"
  ["unidade"]=>
  string(1) "1"
}

[25/10/2021 10:11:07] abgsoft-autopark-unimed.php
string(78) "cURL error 60: SSL certificate problem: unable to get local issuer certificate"

[25/10/2021 10:11:19] Verificando a solicitação...
[25/10/2021 10:11:19] abgsoft-autopark-unimed.php
array(16) {
  ["_wpcf7"]=>
  string(4) "1703"
  ["_wpcf7_version"]=>
  string(5) "5.1.7"
  ["_wpcf7_locale"]=>
  string(5) "pt_BR"
  ["_wpcf7_unit_tag"]=>
  string(20) "wpcf7-f1703-p1524-o1"
  ["_wpcf7_container_post"]=>
  string(4) "1524"
  ["_wpcf7cf_hidden_group_fields"]=>
  string(2) "[]"
  ["_wpcf7cf_hidden_groups"]=>
  string(2) "[]"
  ["_wpcf7cf_visible_groups"]=>
  string(2) "[]"
  ["_wpcf7cf_repeaters"]=>
  string(2) "[]"
  ["_wpcf7cf_steps"]=>
  string(2) "{}"
  ["_wpcf7cf_options"]=>
  string(180) "{\"form_id\":1703,\"conditions\":[],\"settings\":{\"animation\":\"yes\",\"animation_intime\":200,\"animation_outtime\":200,\"conditions_ui\":\"normal\",\"notice_dismissed\":false}}"
  ["nome"]=>
  string(33) "Tainá Kenia Silva Andrade Campos"
  ["cpf"]=>
  string(14) "124.486.916-30"
  ["email"]=>
  string(22) "tainakcampos@gmail.com"
  ["placa"]=>
  string(7) "FYN7G39"
  ["unidade"]=>
  string(1) "1"
}

[25/10/2021 10:11:19] abgsoft-autopark-unimed.php
string(78) "cURL error 60: SSL certificate problem: unable to get local issuer certificate"

[25/10/2021 10:12:03] Verificando a solicitação...
[25/10/2021 10:12:03] abgsoft-autopark-unimed.php
array(16) {
  ["_wpcf7"]=>
  string(4) "1703"
  ["_wpcf7_version"]=>
  string(5) "5.1.7"
  ["_wpcf7_locale"]=>
  string(5) "pt_BR"
  ["_wpcf7_unit_tag"]=>
  string(20) "wpcf7-f1703-p1524-o1"
  ["_wpcf7_container_post"]=>
  string(4) "1524"
  ["_wpcf7cf_hidden_group_fields"]=>
  string(2) "[]"
  ["_wpcf7cf_hidden_groups"]=>
  string(2) "[]"
  ["_wpcf7cf_visible_groups"]=>
  string(2) "[]"
  ["_wpcf7cf_repeaters"]=>
  string(2) "[]"
  ["_wpcf7cf_steps"]=>
  string(2) "{}"
  ["_wpcf7cf_options"]=>
  string(180) "{\"form_id\":1703,\"conditions\":[],\"settings\":{\"animation\":\"yes\",\"animation_intime\":200,\"animation_outtime\":200,\"conditions_ui\":\"normal\",\"notice_dismissed\":false}}"
  ["nome"]=>
  string(32) "TAINA KENIA SILVA ANDRADE CAMPOS"
  ["cpf"]=>
  string(14) "124.486.916-30"
  ["email"]=>
  string(19) "tainadota@gmail.com"
  ["placa"]=>
  string(7) "FYN7G39"
  ["unidade"]=>
  string(1) "1"
}

[25/10/2021 10:12:03] abgsoft-autopark-unimed.php
string(78) "cURL error 60: SSL certificate problem: unable to get local issuer certificate"

[25/10/2021 10:12:50] Verificando a solicitação...
[25/10/2021 10:12:50] abgsoft-autopark-unimed.php
array(16) {
  ["_wpcf7"]=>
  string(4) "1703"
  ["_wpcf7_version"]=>
  string(5) "5.1.7"
  ["_wpcf7_locale"]=>
  string(5) "pt_BR"
  ["_wpcf7_unit_tag"]=>
  string(20) "wpcf7-f1703-p1524-o1"
  ["_wpcf7_container_post"]=>
  string(4) "1524"
  ["_wpcf7cf_hidden_group_fields"]=>
  string(2) "[]"
  ["_wpcf7cf_hidden_groups"]=>
  string(2) "[]"
  ["_wpcf7cf_visible_groups"]=>
  string(2) "[]"
  ["_wpcf7cf_repeaters"]=>
  string(2) "[]"
  ["_wpcf7cf_steps"]=>
  string(2) "{}"
  ["_wpcf7cf_options"]=>
  string(180) "{\"form_id\":1703,\"conditions\":[],\"settings\":{\"animation\":\"yes\",\"animation_intime\":200,\"animation_outtime\":200,\"conditions_ui\":\"normal\",\"notice_dismissed\":false}}"
  ["nome"]=>
  string(32) "TAINA KENIA SILVA ANDRADE CAMPOS"
  ["cpf"]=>
  string(14) "124.486.916-30"
  ["email"]=>
  string(19) "tainadota@gmail.com"
  ["placa"]=>
  string(7) "FYN7G39"
  ["unidade"]=>
  string(1) "1"
}

[25/10/2021 10:12:50] abgsoft-autopark-unimed.php
string(78) "cURL error 60: SSL certificate problem: unable to get local issuer certificate"

