[30/08/2021 11:18:52] Verificando a solicitação...
[30/08/2021 11:18:52] abgsoft-autopark-unimed.php
array(16) {
  ["_wpcf7"]=>
  string(4) "1703"
  ["_wpcf7_version"]=>
  string(5) "5.1.7"
  ["_wpcf7_locale"]=>
  string(5) "pt_BR"
  ["_wpcf7_unit_tag"]=>
  string(20) "wpcf7-f1703-p1524-o1"
  ["_wpcf7_container_post"]=>
  string(4) "1524"
  ["_wpcf7cf_hidden_group_fields"]=>
  string(2) "[]"
  ["_wpcf7cf_hidden_groups"]=>
  string(2) "[]"
  ["_wpcf7cf_visible_groups"]=>
  string(2) "[]"
  ["_wpcf7cf_repeaters"]=>
  string(2) "[]"
  ["_wpcf7cf_steps"]=>
  string(2) "{}"
  ["_wpcf7cf_options"]=>
  string(180) "{\"form_id\":1703,\"conditions\":[],\"settings\":{\"animation\":\"yes\",\"animation_intime\":200,\"animation_outtime\":200,\"conditions_ui\":\"normal\",\"notice_dismissed\":false}}"
  ["nome"]=>
  string(22) "Ademir Aparecido Pinto"
  ["cpf"]=>
  string(14) "475.028.516-15"
  ["email"]=>
  string(28) "tremmineirocastelo@gmail.com"
  ["placa"]=>
  string(8) "HNO 4268"
  ["unidade"]=>
  string(1) "5"
}

[30/08/2021 11:41:22] Verificando a solicitação...
[30/08/2021 11:41:22] abgsoft-autopark-unimed.php
array(16) {
  ["_wpcf7"]=>
  string(4) "1703"
  ["_wpcf7_version"]=>
  string(5) "5.1.7"
  ["_wpcf7_locale"]=>
  string(5) "pt_BR"
  ["_wpcf7_unit_tag"]=>
  string(20) "wpcf7-f1703-p1524-o1"
  ["_wpcf7_container_post"]=>
  string(4) "1524"
  ["_wpcf7cf_hidden_group_fields"]=>
  string(2) "[]"
  ["_wpcf7cf_hidden_groups"]=>
  string(2) "[]"
  ["_wpcf7cf_visible_groups"]=>
  string(2) "[]"
  ["_wpcf7cf_repeaters"]=>
  string(2) "[]"
  ["_wpcf7cf_steps"]=>
  string(2) "{}"
  ["_wpcf7cf_options"]=>
  string(180) "{\"form_id\":1703,\"conditions\":[],\"settings\":{\"animation\":\"yes\",\"animation_intime\":200,\"animation_outtime\":200,\"conditions_ui\":\"normal\",\"notice_dismissed\":false}}"
  ["nome"]=>
  string(21) "Célia Dorotea Mateus"
  ["cpf"]=>
  string(11) "39054403691"
  ["email"]=>
  string(24) "mateuscelia135@gmail.com"
  ["placa"]=>
  string(8) "PWJ 7042"
  ["unidade"]=>
  string(1) "5"
}

[30/08/2021 11:48:04] Verificando a solicitação...
[30/08/2021 11:48:04] abgsoft-autopark-unimed.php
array(16) {
  ["_wpcf7"]=>
  string(4) "1703"
  ["_wpcf7_version"]=>
  string(5) "5.1.7"
  ["_wpcf7_locale"]=>
  string(5) "pt_BR"
  ["_wpcf7_unit_tag"]=>
  string(20) "wpcf7-f1703-p1524-o1"
  ["_wpcf7_container_post"]=>
  string(4) "1524"
  ["_wpcf7cf_hidden_group_fields"]=>
  string(2) "[]"
  ["_wpcf7cf_hidden_groups"]=>
  string(2) "[]"
  ["_wpcf7cf_visible_groups"]=>
  string(2) "[]"
  ["_wpcf7cf_repeaters"]=>
  string(2) "[]"
  ["_wpcf7cf_steps"]=>
  string(2) "{}"
  ["_wpcf7cf_options"]=>
  string(180) "{\"form_id\":1703,\"conditions\":[],\"settings\":{\"animation\":\"yes\",\"animation_intime\":200,\"animation_outtime\":200,\"conditions_ui\":\"normal\",\"notice_dismissed\":false}}"
  ["nome"]=>
  string(21) "Célia Dorotea Mateus"
  ["cpf"]=>
  string(11) "39054403691"
  ["email"]=>
  string(24) "mateuscelia135@gmail.com"
  ["placa"]=>
  string(8) "PWJ-7042"
  ["unidade"]=>
  string(1) "7"
}

[30/08/2021 11:48:25] Verificando a solicitação...
[30/08/2021 11:48:25] abgsoft-autopark-unimed.php
array(16) {
  ["_wpcf7"]=>
  string(4) "1703"
  ["_wpcf7_version"]=>
  string(5) "5.1.7"
  ["_wpcf7_locale"]=>
  string(5) "pt_BR"
  ["_wpcf7_unit_tag"]=>
  string(20) "wpcf7-f1703-p1524-o1"
  ["_wpcf7_container_post"]=>
  string(4) "1524"
  ["_wpcf7cf_hidden_group_fields"]=>
  string(2) "[]"
  ["_wpcf7cf_hidden_groups"]=>
  string(2) "[]"
  ["_wpcf7cf_visible_groups"]=>
  string(2) "[]"
  ["_wpcf7cf_repeaters"]=>
  string(2) "[]"
  ["_wpcf7cf_steps"]=>
  string(2) "{}"
  ["_wpcf7cf_options"]=>
  string(180) "{\"form_id\":1703,\"conditions\":[],\"settings\":{\"animation\":\"yes\",\"animation_intime\":200,\"animation_outtime\":200,\"conditions_ui\":\"normal\",\"notice_dismissed\":false}}"
  ["nome"]=>
  string(21) "Célia Dorotea Mateus"
  ["cpf"]=>
  string(11) "39054403691"
  ["email"]=>
  string(24) "mateuscelia135@gmail.com"
  ["placa"]=>
  string(8) "PWJ-7042"
  ["unidade"]=>
  string(1) "7"
}

[30/08/2021 12:37:19] Verificando a solicitação...
[30/08/2021 12:37:19] abgsoft-autopark-unimed.php
array(16) {
  ["_wpcf7"]=>
  string(4) "1703"
  ["_wpcf7_version"]=>
  string(5) "5.1.7"
  ["_wpcf7_locale"]=>
  string(5) "pt_BR"
  ["_wpcf7_unit_tag"]=>
  string(20) "wpcf7-f1703-p1524-o1"
  ["_wpcf7_container_post"]=>
  string(4) "1524"
  ["_wpcf7cf_hidden_group_fields"]=>
  string(2) "[]"
  ["_wpcf7cf_hidden_groups"]=>
  string(2) "[]"
  ["_wpcf7cf_visible_groups"]=>
  string(2) "[]"
  ["_wpcf7cf_repeaters"]=>
  string(2) "[]"
  ["_wpcf7cf_steps"]=>
  string(2) "{}"
  ["_wpcf7cf_options"]=>
  string(180) "{\"form_id\":1703,\"conditions\":[],\"settings\":{\"animation\":\"yes\",\"animation_intime\":200,\"animation_outtime\":200,\"conditions_ui\":\"normal\",\"notice_dismissed\":false}}"
  ["nome"]=>
  string(22) "milton flavio da silva"
  ["cpf"]=>
  string(14) "155.498.526-91"
  ["email"]=>
  string(24) "miltonflavio17@gmail.com"
  ["placa"]=>
  string(7) "QQU5964"
  ["unidade"]=>
  string(1) "5"
}

[30/08/2021 02:11:03] Verificando a solicitação...
[30/08/2021 02:11:03] abgsoft-autopark-unimed.php
array(16) {
  ["_wpcf7"]=>
  string(4) "1703"
  ["_wpcf7_version"]=>
  string(5) "5.1.7"
  ["_wpcf7_locale"]=>
  string(5) "pt_BR"
  ["_wpcf7_unit_tag"]=>
  string(20) "wpcf7-f1703-p1524-o1"
  ["_wpcf7_container_post"]=>
  string(4) "1524"
  ["_wpcf7cf_hidden_group_fields"]=>
  string(2) "[]"
  ["_wpcf7cf_hidden_groups"]=>
  string(2) "[]"
  ["_wpcf7cf_visible_groups"]=>
  string(2) "[]"
  ["_wpcf7cf_repeaters"]=>
  string(2) "[]"
  ["_wpcf7cf_steps"]=>
  string(2) "{}"
  ["_wpcf7cf_options"]=>
  string(180) "{\"form_id\":1703,\"conditions\":[],\"settings\":{\"animation\":\"yes\",\"animation_intime\":200,\"animation_outtime\":200,\"conditions_ui\":\"normal\",\"notice_dismissed\":false}}"
  ["nome"]=>
  string(8) "Fernando"
  ["cpf"]=>
  string(11) "13270125615"
  ["email"]=>
  string(31) "patriciamaria.mayrink@gmail.com"
  ["placa"]=>
  string(7) "QPI0992"
  ["unidade"]=>
  string(1) "5"
}

[30/08/2021 02:28:26] Verificando a solicitação...
[30/08/2021 02:28:26] abgsoft-autopark-unimed.php
array(16) {
  ["_wpcf7"]=>
  string(4) "1703"
  ["_wpcf7_version"]=>
  string(5) "5.1.7"
  ["_wpcf7_locale"]=>
  string(5) "pt_BR"
  ["_wpcf7_unit_tag"]=>
  string(20) "wpcf7-f1703-p1524-o1"
  ["_wpcf7_container_post"]=>
  string(4) "1524"
  ["_wpcf7cf_hidden_group_fields"]=>
  string(2) "[]"
  ["_wpcf7cf_hidden_groups"]=>
  string(2) "[]"
  ["_wpcf7cf_visible_groups"]=>
  string(2) "[]"
  ["_wpcf7cf_repeaters"]=>
  string(2) "[]"
  ["_wpcf7cf_steps"]=>
  string(2) "{}"
  ["_wpcf7cf_options"]=>
  string(180) "{\"form_id\":1703,\"conditions\":[],\"settings\":{\"animation\":\"yes\",\"animation_intime\":200,\"animation_outtime\":200,\"conditions_ui\":\"normal\",\"notice_dismissed\":false}}"
  ["nome"]=>
  string(22) "milton flavio da silva"
  ["cpf"]=>
  string(14) "155.498.526-91"
  ["email"]=>
  string(24) "miltonflavio17@gmail.com"
  ["placa"]=>
  string(7) "QQU5964"
  ["unidade"]=>
  string(1) "5"
}

[30/08/2021 04:35:40] Verificando a solicitação...
[30/08/2021 04:35:40] abgsoft-autopark-unimed.php
array(16) {
  ["_wpcf7"]=>
  string(4) "1703"
  ["_wpcf7_version"]=>
  string(5) "5.1.7"
  ["_wpcf7_locale"]=>
  string(5) "pt_BR"
  ["_wpcf7_unit_tag"]=>
  string(20) "wpcf7-f1703-p1524-o1"
  ["_wpcf7_container_post"]=>
  string(4) "1524"
  ["_wpcf7cf_hidden_group_fields"]=>
  string(2) "[]"
  ["_wpcf7cf_hidden_groups"]=>
  string(2) "[]"
  ["_wpcf7cf_visible_groups"]=>
  string(2) "[]"
  ["_wpcf7cf_repeaters"]=>
  string(2) "[]"
  ["_wpcf7cf_steps"]=>
  string(2) "{}"
  ["_wpcf7cf_options"]=>
  string(180) "{\"form_id\":1703,\"conditions\":[],\"settings\":{\"animation\":\"yes\",\"animation_intime\":200,\"animation_outtime\":200,\"conditions_ui\":\"normal\",\"notice_dismissed\":false}}"
  ["nome"]=>
  string(21) "Arlem aparecido gomes"
  ["cpf"]=>
  string(14) "000.172.376-61"
  ["email"]=>
  string(19) "gomes13a1@gmail.com"
  ["placa"]=>
  string(7) "RmQ6D82"
  ["unidade"]=>
  string(1) "7"
}

[30/08/2021 06:34:20] Verificando a solicitação...
[30/08/2021 06:34:20] abgsoft-autopark-unimed.php
array(16) {
  ["_wpcf7"]=>
  string(4) "1703"
  ["_wpcf7_version"]=>
  string(5) "5.1.7"
  ["_wpcf7_locale"]=>
  string(5) "pt_BR"
  ["_wpcf7_unit_tag"]=>
  string(20) "wpcf7-f1703-p1524-o1"
  ["_wpcf7_container_post"]=>
  string(4) "1524"
  ["_wpcf7cf_hidden_group_fields"]=>
  string(2) "[]"
  ["_wpcf7cf_hidden_groups"]=>
  string(2) "[]"
  ["_wpcf7cf_visible_groups"]=>
  string(2) "[]"
  ["_wpcf7cf_repeaters"]=>
  string(2) "[]"
  ["_wpcf7cf_steps"]=>
  string(2) "{}"
  ["_wpcf7cf_options"]=>
  string(180) "{\"form_id\":1703,\"conditions\":[],\"settings\":{\"animation\":\"yes\",\"animation_intime\":200,\"animation_outtime\":200,\"conditions_ui\":\"normal\",\"notice_dismissed\":false}}"
  ["nome"]=>
  string(29) "Magno Eustaquio de Figueiredo"
  ["cpf"]=>
  string(14) "095.204.256-83"
  ["email"]=>
  string(21) "magno.fig10@gmail.com"
  ["placa"]=>
  string(7) "hia6572"
  ["unidade"]=>
  string(1) "7"
}

[30/08/2021 08:09:38] Verificando a solicitação...
[30/08/2021 08:09:38] abgsoft-autopark-unimed.php
array(16) {
  ["_wpcf7"]=>
  string(4) "1703"
  ["_wpcf7_version"]=>
  string(5) "5.1.7"
  ["_wpcf7_locale"]=>
  string(5) "pt_BR"
  ["_wpcf7_unit_tag"]=>
  string(20) "wpcf7-f1703-p1524-o1"
  ["_wpcf7_container_post"]=>
  string(4) "1524"
  ["_wpcf7cf_hidden_group_fields"]=>
  string(2) "[]"
  ["_wpcf7cf_hidden_groups"]=>
  string(2) "[]"
  ["_wpcf7cf_visible_groups"]=>
  string(2) "[]"
  ["_wpcf7cf_repeaters"]=>
  string(2) "[]"
  ["_wpcf7cf_steps"]=>
  string(2) "{}"
  ["_wpcf7cf_options"]=>
  string(180) "{\"form_id\":1703,\"conditions\":[],\"settings\":{\"animation\":\"yes\",\"animation_intime\":200,\"animation_outtime\":200,\"conditions_ui\":\"normal\",\"notice_dismissed\":false}}"
  ["nome"]=>
  string(17) "claudia Jakuboski"
  ["cpf"]=>
  string(11) "07114091613"
  ["email"]=>
  string(23) "claudiajki@yahoo.com.br"
  ["placa"]=>
  string(7) "PXV1692"
  ["unidade"]=>
  string(1) "5"
}

[30/08/2021 08:23:56] Verificando a solicitação...
[30/08/2021 08:23:56] abgsoft-autopark-unimed.php
array(16) {
  ["_wpcf7"]=>
  string(4) "1703"
  ["_wpcf7_version"]=>
  string(5) "5.1.7"
  ["_wpcf7_locale"]=>
  string(5) "pt_BR"
  ["_wpcf7_unit_tag"]=>
  string(20) "wpcf7-f1703-p1524-o1"
  ["_wpcf7_container_post"]=>
  string(4) "1524"
  ["_wpcf7cf_hidden_group_fields"]=>
  string(2) "[]"
  ["_wpcf7cf_hidden_groups"]=>
  string(2) "[]"
  ["_wpcf7cf_visible_groups"]=>
  string(2) "[]"
  ["_wpcf7cf_repeaters"]=>
  string(2) "[]"
  ["_wpcf7cf_steps"]=>
  string(2) "{}"
  ["_wpcf7cf_options"]=>
  string(180) "{\"form_id\":1703,\"conditions\":[],\"settings\":{\"animation\":\"yes\",\"animation_intime\":200,\"animation_outtime\":200,\"conditions_ui\":\"normal\",\"notice_dismissed\":false}}"
  ["nome"]=>
  string(19) "Sabrina Mara Gomes "
  ["cpf"]=>
  string(11) "10432032657"
  ["email"]=>
  string(25) "mundocosmeticos@gmail.com"
  ["placa"]=>
  string(7) "Npz0011"
  ["unidade"]=>
  string(1) "3"
}

[30/08/2021 09:28:54] Verificando a solicitação...
[30/08/2021 09:28:54] abgsoft-autopark-unimed.php
array(16) {
  ["_wpcf7"]=>
  string(4) "1703"
  ["_wpcf7_version"]=>
  string(5) "5.1.7"
  ["_wpcf7_locale"]=>
  string(5) "pt_BR"
  ["_wpcf7_unit_tag"]=>
  string(20) "wpcf7-f1703-p1524-o1"
  ["_wpcf7_container_post"]=>
  string(4) "1524"
  ["_wpcf7cf_hidden_group_fields"]=>
  string(2) "[]"
  ["_wpcf7cf_hidden_groups"]=>
  string(2) "[]"
  ["_wpcf7cf_visible_groups"]=>
  string(2) "[]"
  ["_wpcf7cf_repeaters"]=>
  string(2) "[]"
  ["_wpcf7cf_steps"]=>
  string(2) "{}"
  ["_wpcf7cf_options"]=>
  string(180) "{\"form_id\":1703,\"conditions\":[],\"settings\":{\"animation\":\"yes\",\"animation_intime\":200,\"animation_outtime\":200,\"conditions_ui\":\"normal\",\"notice_dismissed\":false}}"
  ["nome"]=>
  string(26) "Guilherme Júnior Cordeiro"
  ["cpf"]=>
  string(11) "10987491628"
  ["email"]=>
  string(25) "guilherme.rio@hotmail.com"
  ["placa"]=>
  string(7) "HNT1409"
  ["unidade"]=>
  string(1) "5"
}

