[12/11/2021 06:04:53] Verificando a solicitação...
[12/11/2021 06:04:53] abgsoft-autopark-unimed.php
array(16) {
  ["_wpcf7"]=>
  string(4) "1703"
  ["_wpcf7_version"]=>
  string(5) "5.1.7"
  ["_wpcf7_locale"]=>
  string(5) "pt_BR"
  ["_wpcf7_unit_tag"]=>
  string(20) "wpcf7-f1703-p1524-o1"
  ["_wpcf7_container_post"]=>
  string(4) "1524"
  ["_wpcf7cf_hidden_group_fields"]=>
  string(2) "[]"
  ["_wpcf7cf_hidden_groups"]=>
  string(2) "[]"
  ["_wpcf7cf_visible_groups"]=>
  string(2) "[]"
  ["_wpcf7cf_repeaters"]=>
  string(2) "[]"
  ["_wpcf7cf_steps"]=>
  string(2) "{}"
  ["_wpcf7cf_options"]=>
  string(180) "{\"form_id\":1703,\"conditions\":[],\"settings\":{\"animation\":\"yes\",\"animation_intime\":200,\"animation_outtime\":200,\"conditions_ui\":\"normal\",\"notice_dismissed\":false}}"
  ["nome"]=>
  string(22) "DIEGO MAGALHAES XAVIER"
  ["cpf"]=>
  string(11) "09433075625"
  ["email"]=>
  string(30) "HOSPITAL.BETIM@AUTOPARK.COM.BR"
  ["placa"]=>
  string(7) "HMP2248"
  ["unidade"]=>
  string(1) "1"
}

[12/11/2021 06:04:53] abgsoft-autopark-unimed.php
string(78) "cURL error 60: SSL certificate problem: unable to get local issuer certificate"

[12/11/2021 06:10:51] Verificando a solicitação...
[12/11/2021 06:11:39] Verificando a solicitação...
[12/11/2021 06:11:39] abgsoft-autopark-unimed.php
array(16) {
  ["_wpcf7"]=>
  string(4) "1703"
  ["_wpcf7_version"]=>
  string(5) "5.1.7"
  ["_wpcf7_locale"]=>
  string(5) "pt_BR"
  ["_wpcf7_unit_tag"]=>
  string(20) "wpcf7-f1703-p1524-o1"
  ["_wpcf7_container_post"]=>
  string(4) "1524"
  ["_wpcf7cf_hidden_group_fields"]=>
  string(2) "[]"
  ["_wpcf7cf_hidden_groups"]=>
  string(2) "[]"
  ["_wpcf7cf_visible_groups"]=>
  string(2) "[]"
  ["_wpcf7cf_repeaters"]=>
  string(2) "[]"
  ["_wpcf7cf_steps"]=>
  string(2) "{}"
  ["_wpcf7cf_options"]=>
  string(180) "{\"form_id\":1703,\"conditions\":[],\"settings\":{\"animation\":\"yes\",\"animation_intime\":200,\"animation_outtime\":200,\"conditions_ui\":\"normal\",\"notice_dismissed\":false}}"
  ["nome"]=>
  string(18) "Gilvan gomes pego "
  ["cpf"]=>
  string(11) "09068294610"
  ["email"]=>
  string(27) "gilvan.pego@autopark.com.br"
  ["placa"]=>
  string(7) "kol5b75"
  ["unidade"]=>
  string(1) "1"
}

[12/11/2021 06:11:39] abgsoft-autopark-unimed.php
string(78) "cURL error 60: SSL certificate problem: unable to get local issuer certificate"

[12/11/2021 07:34:23] Verificando a solicitação...
[12/11/2021 07:34:23] abgsoft-autopark-unimed.php
array(16) {
  ["_wpcf7"]=>
  string(4) "1703"
  ["_wpcf7_version"]=>
  string(5) "5.1.7"
  ["_wpcf7_locale"]=>
  string(5) "pt_BR"
  ["_wpcf7_unit_tag"]=>
  string(20) "wpcf7-f1703-p1524-o1"
  ["_wpcf7_container_post"]=>
  string(4) "1524"
  ["_wpcf7cf_hidden_group_fields"]=>
  string(2) "[]"
  ["_wpcf7cf_hidden_groups"]=>
  string(2) "[]"
  ["_wpcf7cf_visible_groups"]=>
  string(2) "[]"
  ["_wpcf7cf_repeaters"]=>
  string(2) "[]"
  ["_wpcf7cf_steps"]=>
  string(2) "{}"
  ["_wpcf7cf_options"]=>
  string(180) "{\"form_id\":1703,\"conditions\":[],\"settings\":{\"animation\":\"yes\",\"animation_intime\":200,\"animation_outtime\":200,\"conditions_ui\":\"normal\",\"notice_dismissed\":false}}"
  ["nome"]=>
  string(22) "DIEGO MAGALHAES XAVIER"
  ["cpf"]=>
  string(11) "09433075625"
  ["email"]=>
  string(30) "HOSPITAL.BETIM@AUTOPARK.COM.BR"
  ["placa"]=>
  string(7) "HMP2248"
  ["unidade"]=>
  string(1) "1"
}

[12/11/2021 07:34:23] abgsoft-autopark-unimed.php
string(78) "cURL error 60: SSL certificate problem: unable to get local issuer certificate"

[12/11/2021 08:03:11] Verificando a solicitação...
[12/11/2021 08:03:11] abgsoft-autopark-unimed.php
array(16) {
  ["_wpcf7"]=>
  string(4) "1703"
  ["_wpcf7_version"]=>
  string(5) "5.1.7"
  ["_wpcf7_locale"]=>
  string(5) "pt_BR"
  ["_wpcf7_unit_tag"]=>
  string(20) "wpcf7-f1703-p1524-o1"
  ["_wpcf7_container_post"]=>
  string(4) "1524"
  ["_wpcf7cf_hidden_group_fields"]=>
  string(2) "[]"
  ["_wpcf7cf_hidden_groups"]=>
  string(2) "[]"
  ["_wpcf7cf_visible_groups"]=>
  string(2) "[]"
  ["_wpcf7cf_repeaters"]=>
  string(2) "[]"
  ["_wpcf7cf_steps"]=>
  string(2) "{}"
  ["_wpcf7cf_options"]=>
  string(180) "{\"form_id\":1703,\"conditions\":[],\"settings\":{\"animation\":\"yes\",\"animation_intime\":200,\"animation_outtime\":200,\"conditions_ui\":\"normal\",\"notice_dismissed\":false}}"
  ["nome"]=>
  string(15) "Marcos Antonio "
  ["cpf"]=>
  string(11) "26771210855"
  ["email"]=>
  string(29) "marcos.santos@autopark.com.br"
  ["placa"]=>
  string(7) "AKJ1707"
  ["unidade"]=>
  string(1) "1"
}

[12/11/2021 08:03:11] abgsoft-autopark-unimed.php
string(78) "cURL error 60: SSL certificate problem: unable to get local issuer certificate"

[12/11/2021 08:06:15] Verificando a solicitação...
[12/11/2021 08:06:15] abgsoft-autopark-unimed.php
array(16) {
  ["_wpcf7"]=>
  string(4) "1703"
  ["_wpcf7_version"]=>
  string(5) "5.1.7"
  ["_wpcf7_locale"]=>
  string(5) "pt_BR"
  ["_wpcf7_unit_tag"]=>
  string(20) "wpcf7-f1703-p1524-o1"
  ["_wpcf7_container_post"]=>
  string(4) "1524"
  ["_wpcf7cf_hidden_group_fields"]=>
  string(2) "[]"
  ["_wpcf7cf_hidden_groups"]=>
  string(2) "[]"
  ["_wpcf7cf_visible_groups"]=>
  string(2) "[]"
  ["_wpcf7cf_repeaters"]=>
  string(2) "[]"
  ["_wpcf7cf_steps"]=>
  string(2) "{}"
  ["_wpcf7cf_options"]=>
  string(180) "{\"form_id\":1703,\"conditions\":[],\"settings\":{\"animation\":\"yes\",\"animation_intime\":200,\"animation_outtime\":200,\"conditions_ui\":\"normal\",\"notice_dismissed\":false}}"
  ["nome"]=>
  string(6) "Felipe"
  ["cpf"]=>
  string(11) "05082289993"
  ["email"]=>
  string(23) "feboscardin@hotmail.com"
  ["placa"]=>
  string(7) "ALZ9888"
  ["unidade"]=>
  string(1) "1"
}

[12/11/2021 08:06:15] abgsoft-autopark-unimed.php
string(78) "cURL error 60: SSL certificate problem: unable to get local issuer certificate"

[12/11/2021 10:44:03] Verificando a solicitação...
[12/11/2021 10:44:03] abgsoft-autopark-unimed.php
array(16) {
  ["_wpcf7"]=>
  string(4) "1703"
  ["_wpcf7_version"]=>
  string(5) "5.1.7"
  ["_wpcf7_locale"]=>
  string(5) "pt_BR"
  ["_wpcf7_unit_tag"]=>
  string(20) "wpcf7-f1703-p1524-o1"
  ["_wpcf7_container_post"]=>
  string(4) "1524"
  ["_wpcf7cf_hidden_group_fields"]=>
  string(2) "[]"
  ["_wpcf7cf_hidden_groups"]=>
  string(2) "[]"
  ["_wpcf7cf_visible_groups"]=>
  string(2) "[]"
  ["_wpcf7cf_repeaters"]=>
  string(2) "[]"
  ["_wpcf7cf_steps"]=>
  string(2) "{}"
  ["_wpcf7cf_options"]=>
  string(180) "{\"form_id\":1703,\"conditions\":[],\"settings\":{\"animation\":\"yes\",\"animation_intime\":200,\"animation_outtime\":200,\"conditions_ui\":\"normal\",\"notice_dismissed\":false}}"
  ["nome"]=>
  string(35) "Jane Aparecida Batista Dias Cardoso"
  ["cpf"]=>
  string(14) "422.266.786-20"
  ["email"]=>
  string(25) "janedcardoso@yahoo.com.br"
  ["placa"]=>
  string(7) "PVU4625"
  ["unidade"]=>
  string(1) "5"
}

[12/11/2021 10:44:03] abgsoft-autopark-unimed.php
string(78) "cURL error 60: SSL certificate problem: unable to get local issuer certificate"

