[24/12/2022 12:01:29] Verificando a solicitação...
[24/12/2022 12:01:29] abgsoft-autopark-unimed.php
array(5) {
  ["nome"]=>
  string(42) "Michele de Carvalho Figueiredo Gonçalves "
  ["cpf"]=>
  string(14) "096.143.676-01"
  ["email"]=>
  string(27) "michelevieira72@hotmail.com"
  ["placa"]=>
  string(8) "ORA-4994"
  ["unidade"]=>
  array(1) {
    [0]=>
    string(1) "6"
  }
}

[24/12/2022 12:02:30] Verificando a solicitação...
[24/12/2022 12:02:30] abgsoft-autopark-unimed.php
array(5) {
  ["nome"]=>
  string(42) "Michele de Carvalho Figueiredo Gonçalves "
  ["cpf"]=>
  string(14) "096.143.676-01"
  ["email"]=>
  string(27) "michelevieira72@hotmail.com"
  ["placa"]=>
  string(8) "ORA-4994"
  ["unidade"]=>
  array(1) {
    [0]=>
    string(1) "5"
  }
}

[24/12/2022 02:49:11] Verificando a solicitação...
[24/12/2022 02:49:11] abgsoft-autopark-unimed.php
array(5) {
  ["nome"]=>
  string(29) "José Ferreira Coelho Júnior"
  ["cpf"]=>
  string(11) "54955955649"
  ["email"]=>
  string(30) "ferreiracoelhojunior@gmail.com"
  ["placa"]=>
  string(7) "Omg3351"
  ["unidade"]=>
  array(1) {
    [0]=>
    string(1) "7"
  }
}

[24/12/2022 10:50:30] Verificando a solicitação...
[24/12/2022 10:50:30] abgsoft-autopark-unimed.php
array(5) {
  ["nome"]=>
  string(14) "Anderson Lemes"
  ["cpf"]=>
  string(11) "03577011602"
  ["email"]=>
  string(19) "Lemesgpa2@gmail.com"
  ["placa"]=>
  string(7) "GYD1569"
  ["unidade"]=>
  array(1) {
    [0]=>
    string(1) "7"
  }
}

[24/12/2022 02:52:27] Verificando a solicitação...
[24/12/2022 03:51:24] Verificando a solicitação...
[24/12/2022 03:51:24] abgsoft-autopark-unimed.php
array(5) {
  ["nome"]=>
  string(23) "Dayse Layne de Oliveira"
  ["cpf"]=>
  string(11) "70971978620"
  ["email"]=>
  string(24) "dayse.layne@yahoo.com.br"
  ["placa"]=>
  string(7) "Nxy4404"
  ["unidade"]=>
  array(1) {
    [0]=>
    string(1) "5"
  }
}

[24/12/2022 04:00:27] Verificando a solicitação...
[24/12/2022 04:00:27] abgsoft-autopark-unimed.php
array(5) {
  ["nome"]=>
  string(13) "Karla Sabino "
  ["cpf"]=>
  string(11) "08522450684"
  ["email"]=>
  string(21) "klccosta@yahoo.com.br"
  ["placa"]=>
  string(7) "QXF9460"
  ["unidade"]=>
  array(1) {
    [0]=>
    string(1) "4"
  }
}

[24/12/2022 07:54:59] Verificando a solicitação...
[24/12/2022 07:54:59] abgsoft-autopark-unimed.php
array(5) {
  ["nome"]=>
  string(21) "Dayane Chamy de Souza"
  ["cpf"]=>
  string(11) "06381072610"
  ["email"]=>
  string(21) "dayanechamy@gmail.com"
  ["placa"]=>
  string(8) "OXD 0762"
  ["unidade"]=>
  array(1) {
    [0]=>
    string(1) "4"
  }
}

[24/12/2022 08:15:06] Verificando a solicitação...
[24/12/2022 08:15:06] abgsoft-autopark-unimed.php
array(5) {
  ["nome"]=>
  string(42) "Michele de Carvalho Figueiredo Gonçalves "
  ["cpf"]=>
  string(14) "096.143.676-01"
  ["email"]=>
  string(27) "michelevieira72@hotmail.com"
  ["placa"]=>
  string(8) "ORA-4994"
  ["unidade"]=>
  array(1) {
    [0]=>
    string(1) "6"
  }
}

[24/12/2022 09:16:20] Verificando a solicitação...
[24/12/2022 09:16:20] abgsoft-autopark-unimed.php
array(5) {
  ["nome"]=>
  string(32) "Maurício Carlos Mendes Mariani "
  ["cpf"]=>
  string(11) "51705150659"
  ["email"]=>
  string(28) "mauricio01.mariani@gmail.com"
  ["placa"]=>
  string(7) "HOH7444"
  ["unidade"]=>
  array(1) {
    [0]=>
    string(1) "5"
  }
}

[24/12/2022 10:48:43] Verificando a solicitação...
[24/12/2022 10:48:43] abgsoft-autopark-unimed.php
array(5) {
  ["nome"]=>
  string(16) "Leonardo Lobato "
  ["cpf"]=>
  string(14) "028.517.266-25"
  ["email"]=>
  string(21) "lplobato_@hotmail.com"
  ["placa"]=>
  string(7) "Qnx0049"
  ["unidade"]=>
  array(1) {
    [0]=>
    string(1) "5"
  }
}

