[18/08/2022 12:03:53] Verificando a solicitação...
[18/08/2022 12:03:53] abgsoft-autopark-unimed.php
array(16) {
  ["_wpcf7"]=>
  string(4) "1703"
  ["_wpcf7_version"]=>
  string(5) "5.1.7"
  ["_wpcf7_locale"]=>
  string(5) "pt_BR"
  ["_wpcf7_unit_tag"]=>
  string(20) "wpcf7-f1703-p1524-o1"
  ["_wpcf7_container_post"]=>
  string(4) "1524"
  ["_wpcf7cf_hidden_group_fields"]=>
  string(2) "[]"
  ["_wpcf7cf_hidden_groups"]=>
  string(2) "[]"
  ["_wpcf7cf_visible_groups"]=>
  string(2) "[]"
  ["_wpcf7cf_repeaters"]=>
  string(2) "[]"
  ["_wpcf7cf_steps"]=>
  string(2) "{}"
  ["_wpcf7cf_options"]=>
  string(223) "{\"form_id\":1703,\"conditions\":[],\"settings\":{\"animation\":\"yes\",\"animation_intime\":200,\"animation_outtime\":200,\"conditions_ui\":\"normal\",\"notice_dismissed\":false,\"notice_dismissed_update-cf7-5.5.6\":true}}"
  ["nome"]=>
  string(33) "JEFFERSON LUCAS GONCALVES PEREIRA"
  ["cpf"]=>
  string(14) "091.945.446-11"
  ["email"]=>
  string(26) "jeffersonlukas59@gmail.com"
  ["placa"]=>
  string(7) "HIR6G17"
  ["unidade"]=>
  string(1) "5"
}

[18/08/2022 12:16:38] Verificando a solicitação...
[18/08/2022 12:16:38] abgsoft-autopark-unimed.php
array(16) {
  ["_wpcf7"]=>
  string(4) "1703"
  ["_wpcf7_version"]=>
  string(5) "5.1.7"
  ["_wpcf7_locale"]=>
  string(5) "pt_BR"
  ["_wpcf7_unit_tag"]=>
  string(20) "wpcf7-f1703-p1524-o1"
  ["_wpcf7_container_post"]=>
  string(4) "1524"
  ["_wpcf7cf_hidden_group_fields"]=>
  string(2) "[]"
  ["_wpcf7cf_hidden_groups"]=>
  string(2) "[]"
  ["_wpcf7cf_visible_groups"]=>
  string(2) "[]"
  ["_wpcf7cf_repeaters"]=>
  string(2) "[]"
  ["_wpcf7cf_steps"]=>
  string(2) "{}"
  ["_wpcf7cf_options"]=>
  string(223) "{\"form_id\":1703,\"conditions\":[],\"settings\":{\"animation\":\"yes\",\"animation_intime\":200,\"animation_outtime\":200,\"conditions_ui\":\"normal\",\"notice_dismissed\":false,\"notice_dismissed_update-cf7-5.5.6\":true}}"
  ["nome"]=>
  string(24) "Reginaldo oscar da silva"
  ["cpf"]=>
  string(11) "06684964606"
  ["email"]=>
  string(23) "regi.oscar@yahoo.com.br"
  ["placa"]=>
  string(7) "PUA3328"
  ["unidade"]=>
  string(1) "5"
}

[18/08/2022 12:18:22] Verificando a solicitação...
[18/08/2022 12:18:22] abgsoft-autopark-unimed.php
array(16) {
  ["_wpcf7"]=>
  string(4) "1703"
  ["_wpcf7_version"]=>
  string(5) "5.1.7"
  ["_wpcf7_locale"]=>
  string(5) "pt_BR"
  ["_wpcf7_unit_tag"]=>
  string(20) "wpcf7-f1703-p1524-o1"
  ["_wpcf7_container_post"]=>
  string(4) "1524"
  ["_wpcf7cf_hidden_group_fields"]=>
  string(2) "[]"
  ["_wpcf7cf_hidden_groups"]=>
  string(2) "[]"
  ["_wpcf7cf_visible_groups"]=>
  string(2) "[]"
  ["_wpcf7cf_repeaters"]=>
  string(2) "[]"
  ["_wpcf7cf_steps"]=>
  string(2) "{}"
  ["_wpcf7cf_options"]=>
  string(223) "{\"form_id\":1703,\"conditions\":[],\"settings\":{\"animation\":\"yes\",\"animation_intime\":200,\"animation_outtime\":200,\"conditions_ui\":\"normal\",\"notice_dismissed\":false,\"notice_dismissed_update-cf7-5.5.6\":true}}"
  ["nome"]=>
  string(24) "Márcio Felipe de Souza "
  ["cpf"]=>
  string(14) "120.709.306-88"
  ["email"]=>
  string(24) "marciofelipe54@gmail.com"
  ["placa"]=>
  string(7) "HKU6358"
  ["unidade"]=>
  string(1) "3"
}

[18/08/2022 12:31:10] Verificando a solicitação...
[18/08/2022 12:31:10] abgsoft-autopark-unimed.php
array(16) {
  ["_wpcf7"]=>
  string(4) "1703"
  ["_wpcf7_version"]=>
  string(5) "5.1.7"
  ["_wpcf7_locale"]=>
  string(5) "pt_BR"
  ["_wpcf7_unit_tag"]=>
  string(20) "wpcf7-f1703-p1524-o1"
  ["_wpcf7_container_post"]=>
  string(4) "1524"
  ["_wpcf7cf_hidden_group_fields"]=>
  string(2) "[]"
  ["_wpcf7cf_hidden_groups"]=>
  string(2) "[]"
  ["_wpcf7cf_visible_groups"]=>
  string(2) "[]"
  ["_wpcf7cf_repeaters"]=>
  string(2) "[]"
  ["_wpcf7cf_steps"]=>
  string(2) "{}"
  ["_wpcf7cf_options"]=>
  string(223) "{\"form_id\":1703,\"conditions\":[],\"settings\":{\"animation\":\"yes\",\"animation_intime\":200,\"animation_outtime\":200,\"conditions_ui\":\"normal\",\"notice_dismissed\":false,\"notice_dismissed_update-cf7-5.5.6\":true}}"
  ["nome"]=>
  string(31) "Brazilina Madalena da Trindade "
  ["cpf"]=>
  string(11) "04678160698"
  ["email"]=>
  string(30) "brazilinatrindade@yahoo.com.br"
  ["placa"]=>
  string(7) "RUG2C62"
  ["unidade"]=>
  string(1) "5"
}

[18/08/2022 12:34:00] Verificando a solicitação...
[18/08/2022 12:34:00] abgsoft-autopark-unimed.php
array(16) {
  ["_wpcf7"]=>
  string(4) "1703"
  ["_wpcf7_version"]=>
  string(5) "5.1.7"
  ["_wpcf7_locale"]=>
  string(5) "pt_BR"
  ["_wpcf7_unit_tag"]=>
  string(20) "wpcf7-f1703-p1524-o1"
  ["_wpcf7_container_post"]=>
  string(4) "1524"
  ["_wpcf7cf_hidden_group_fields"]=>
  string(2) "[]"
  ["_wpcf7cf_hidden_groups"]=>
  string(2) "[]"
  ["_wpcf7cf_visible_groups"]=>
  string(2) "[]"
  ["_wpcf7cf_repeaters"]=>
  string(2) "[]"
  ["_wpcf7cf_steps"]=>
  string(2) "{}"
  ["_wpcf7cf_options"]=>
  string(223) "{\"form_id\":1703,\"conditions\":[],\"settings\":{\"animation\":\"yes\",\"animation_intime\":200,\"animation_outtime\":200,\"conditions_ui\":\"normal\",\"notice_dismissed\":false,\"notice_dismissed_update-cf7-5.5.6\":true}}"
  ["nome"]=>
  string(26) "Gabriel de Oliveira Alves "
  ["cpf"]=>
  string(11) "09422320623"
  ["email"]=>
  string(21) "agl.lacerda@gmail.com"
  ["placa"]=>
  string(8) "PZM6393 "
  ["unidade"]=>
  string(1) "7"
}

[18/08/2022 01:08:18] Verificando a solicitação...
[18/08/2022 01:08:18] abgsoft-autopark-unimed.php
array(16) {
  ["_wpcf7"]=>
  string(4) "1703"
  ["_wpcf7_version"]=>
  string(5) "5.1.7"
  ["_wpcf7_locale"]=>
  string(5) "pt_BR"
  ["_wpcf7_unit_tag"]=>
  string(20) "wpcf7-f1703-p1524-o1"
  ["_wpcf7_container_post"]=>
  string(4) "1524"
  ["_wpcf7cf_hidden_group_fields"]=>
  string(2) "[]"
  ["_wpcf7cf_hidden_groups"]=>
  string(2) "[]"
  ["_wpcf7cf_visible_groups"]=>
  string(2) "[]"
  ["_wpcf7cf_repeaters"]=>
  string(2) "[]"
  ["_wpcf7cf_steps"]=>
  string(2) "{}"
  ["_wpcf7cf_options"]=>
  string(223) "{\"form_id\":1703,\"conditions\":[],\"settings\":{\"animation\":\"yes\",\"animation_intime\":200,\"animation_outtime\":200,\"conditions_ui\":\"normal\",\"notice_dismissed\":false,\"notice_dismissed_update-cf7-5.5.6\":true}}"
  ["nome"]=>
  string(23) "Rosilene Dias da Silva "
  ["cpf"]=>
  string(14) "044.648.386-93"
  ["email"]=>
  string(25) "rosilenedias105@gmail.com"
  ["placa"]=>
  string(8) "HHX 3626"
  ["unidade"]=>
  string(1) "7"
}

[18/08/2022 01:26:39] Verificando a solicitação...
[18/08/2022 01:26:39] abgsoft-autopark-unimed.php
array(16) {
  ["_wpcf7"]=>
  string(4) "1703"
  ["_wpcf7_version"]=>
  string(5) "5.1.7"
  ["_wpcf7_locale"]=>
  string(5) "pt_BR"
  ["_wpcf7_unit_tag"]=>
  string(20) "wpcf7-f1703-p1524-o1"
  ["_wpcf7_container_post"]=>
  string(4) "1524"
  ["_wpcf7cf_hidden_group_fields"]=>
  string(2) "[]"
  ["_wpcf7cf_hidden_groups"]=>
  string(2) "[]"
  ["_wpcf7cf_visible_groups"]=>
  string(2) "[]"
  ["_wpcf7cf_repeaters"]=>
  string(2) "[]"
  ["_wpcf7cf_steps"]=>
  string(2) "{}"
  ["_wpcf7cf_options"]=>
  string(223) "{\"form_id\":1703,\"conditions\":[],\"settings\":{\"animation\":\"yes\",\"animation_intime\":200,\"animation_outtime\":200,\"conditions_ui\":\"normal\",\"notice_dismissed\":false,\"notice_dismissed_update-cf7-5.5.6\":true}}"
  ["nome"]=>
  string(23) "SIMONE CRISTINA MARTINS"
  ["cpf"]=>
  string(11) "00761571647"
  ["email"]=>
  string(24) "shimmartins@yahoo.com.br"
  ["placa"]=>
  string(7) "Rmf2A22"
  ["unidade"]=>
  string(1) "7"
}

[18/08/2022 01:59:59] Verificando a solicitação...
[18/08/2022 01:59:59] abgsoft-autopark-unimed.php
array(16) {
  ["_wpcf7"]=>
  string(4) "1703"
  ["_wpcf7_version"]=>
  string(5) "5.1.7"
  ["_wpcf7_locale"]=>
  string(5) "pt_BR"
  ["_wpcf7_unit_tag"]=>
  string(20) "wpcf7-f1703-p1524-o1"
  ["_wpcf7_container_post"]=>
  string(4) "1524"
  ["_wpcf7cf_hidden_group_fields"]=>
  string(2) "[]"
  ["_wpcf7cf_hidden_groups"]=>
  string(2) "[]"
  ["_wpcf7cf_visible_groups"]=>
  string(2) "[]"
  ["_wpcf7cf_repeaters"]=>
  string(2) "[]"
  ["_wpcf7cf_steps"]=>
  string(2) "{}"
  ["_wpcf7cf_options"]=>
  string(223) "{\"form_id\":1703,\"conditions\":[],\"settings\":{\"animation\":\"yes\",\"animation_intime\":200,\"animation_outtime\":200,\"conditions_ui\":\"normal\",\"notice_dismissed\":false,\"notice_dismissed_update-cf7-5.5.6\":true}}"
  ["nome"]=>
  string(5) "Danae"
  ["cpf"]=>
  string(11) "11391119657"
  ["email"]=>
  string(23) "danesanmartin@gmail.com"
  ["placa"]=>
  string(7) "QUY7339"
  ["unidade"]=>
  string(1) "5"
}

[18/08/2022 05:55:01] Verificando a solicitação...
[18/08/2022 05:55:01] abgsoft-autopark-unimed.php
array(16) {
  ["_wpcf7"]=>
  string(4) "1703"
  ["_wpcf7_version"]=>
  string(5) "5.1.7"
  ["_wpcf7_locale"]=>
  string(5) "pt_BR"
  ["_wpcf7_unit_tag"]=>
  string(20) "wpcf7-f1703-p1524-o1"
  ["_wpcf7_container_post"]=>
  string(4) "1524"
  ["_wpcf7cf_hidden_group_fields"]=>
  string(2) "[]"
  ["_wpcf7cf_hidden_groups"]=>
  string(2) "[]"
  ["_wpcf7cf_visible_groups"]=>
  string(2) "[]"
  ["_wpcf7cf_repeaters"]=>
  string(2) "[]"
  ["_wpcf7cf_steps"]=>
  string(2) "{}"
  ["_wpcf7cf_options"]=>
  string(223) "{\"form_id\":1703,\"conditions\":[],\"settings\":{\"animation\":\"yes\",\"animation_intime\":200,\"animation_outtime\":200,\"conditions_ui\":\"normal\",\"notice_dismissed\":false,\"notice_dismissed_update-cf7-5.5.6\":true}}"
  ["nome"]=>
  string(33) "Daniel Gonçalves de Paula Silva "
  ["cpf"]=>
  string(15) "050.729.276-60 "
  ["email"]=>
  string(26) "daniel.dipaula@hotmail.com"
  ["placa"]=>
  string(8) "QOF9883 "
  ["unidade"]=>
  string(1) "5"
}

[18/08/2022 08:12:57] Verificando a solicitação...
[18/08/2022 08:12:57] abgsoft-autopark-unimed.php
array(16) {
  ["_wpcf7"]=>
  string(4) "1703"
  ["_wpcf7_version"]=>
  string(5) "5.1.7"
  ["_wpcf7_locale"]=>
  string(5) "pt_BR"
  ["_wpcf7_unit_tag"]=>
  string(20) "wpcf7-f1703-p1524-o1"
  ["_wpcf7_container_post"]=>
  string(4) "1524"
  ["_wpcf7cf_hidden_group_fields"]=>
  string(2) "[]"
  ["_wpcf7cf_hidden_groups"]=>
  string(2) "[]"
  ["_wpcf7cf_visible_groups"]=>
  string(2) "[]"
  ["_wpcf7cf_repeaters"]=>
  string(2) "[]"
  ["_wpcf7cf_steps"]=>
  string(2) "{}"
  ["_wpcf7cf_options"]=>
  string(223) "{\"form_id\":1703,\"conditions\":[],\"settings\":{\"animation\":\"yes\",\"animation_intime\":200,\"animation_outtime\":200,\"conditions_ui\":\"normal\",\"notice_dismissed\":false,\"notice_dismissed_update-cf7-5.5.6\":true}}"
  ["nome"]=>
  string(18) "Bruno Faria Lobato"
  ["cpf"]=>
  string(14) "050.822.986-31"
  ["email"]=>
  string(22) "brunoflobato@gmail.com"
  ["placa"]=>
  string(7) "RNW3A46"
  ["unidade"]=>
  string(1) "5"
}

[18/08/2022 09:14:14] Verificando a solicitação...
[18/08/2022 09:14:14] abgsoft-autopark-unimed.php
array(16) {
  ["_wpcf7"]=>
  string(4) "1703"
  ["_wpcf7_version"]=>
  string(5) "5.1.7"
  ["_wpcf7_locale"]=>
  string(5) "pt_BR"
  ["_wpcf7_unit_tag"]=>
  string(20) "wpcf7-f1703-p1524-o1"
  ["_wpcf7_container_post"]=>
  string(4) "1524"
  ["_wpcf7cf_hidden_group_fields"]=>
  string(2) "[]"
  ["_wpcf7cf_hidden_groups"]=>
  string(2) "[]"
  ["_wpcf7cf_visible_groups"]=>
  string(2) "[]"
  ["_wpcf7cf_repeaters"]=>
  string(2) "[]"
  ["_wpcf7cf_steps"]=>
  string(2) "{}"
  ["_wpcf7cf_options"]=>
  string(223) "{\"form_id\":1703,\"conditions\":[],\"settings\":{\"animation\":\"yes\",\"animation_intime\":200,\"animation_outtime\":200,\"conditions_ui\":\"normal\",\"notice_dismissed\":false,\"notice_dismissed_update-cf7-5.5.6\":true}}"
  ["nome"]=>
  string(19) "Arieta Camila Gobbi"
  ["cpf"]=>
  string(11) "10422965618"
  ["email"]=>
  string(21) "arietagobbi@gmail.com"
  ["placa"]=>
  string(8) "HHH 4454"
  ["unidade"]=>
  string(1) "3"
}

[18/08/2022 09:52:05] Verificando a solicitação...
[18/08/2022 09:52:05] abgsoft-autopark-unimed.php
array(16) {
  ["_wpcf7"]=>
  string(4) "1703"
  ["_wpcf7_version"]=>
  string(5) "5.1.7"
  ["_wpcf7_locale"]=>
  string(5) "pt_BR"
  ["_wpcf7_unit_tag"]=>
  string(20) "wpcf7-f1703-p1524-o1"
  ["_wpcf7_container_post"]=>
  string(4) "1524"
  ["_wpcf7cf_hidden_group_fields"]=>
  string(2) "[]"
  ["_wpcf7cf_hidden_groups"]=>
  string(2) "[]"
  ["_wpcf7cf_visible_groups"]=>
  string(2) "[]"
  ["_wpcf7cf_repeaters"]=>
  string(2) "[]"
  ["_wpcf7cf_steps"]=>
  string(2) "{}"
  ["_wpcf7cf_options"]=>
  string(223) "{\"form_id\":1703,\"conditions\":[],\"settings\":{\"animation\":\"yes\",\"animation_intime\":200,\"animation_outtime\":200,\"conditions_ui\":\"normal\",\"notice_dismissed\":false,\"notice_dismissed_update-cf7-5.5.6\":true}}"
  ["nome"]=>
  string(22) "Ricardo brandao Santos"
  ["cpf"]=>
  string(11) "04432725656"
  ["email"]=>
  string(24) "ricricardo1621@gmail.com"
  ["placa"]=>
  string(7) "Olx7984"
  ["unidade"]=>
  string(1) "3"
}

[18/08/2022 10:22:12] Verificando a solicitação...
[18/08/2022 10:22:12] abgsoft-autopark-unimed.php
array(16) {
  ["_wpcf7"]=>
  string(4) "1703"
  ["_wpcf7_version"]=>
  string(5) "5.1.7"
  ["_wpcf7_locale"]=>
  string(5) "pt_BR"
  ["_wpcf7_unit_tag"]=>
  string(20) "wpcf7-f1703-p1524-o1"
  ["_wpcf7_container_post"]=>
  string(4) "1524"
  ["_wpcf7cf_hidden_group_fields"]=>
  string(2) "[]"
  ["_wpcf7cf_hidden_groups"]=>
  string(2) "[]"
  ["_wpcf7cf_visible_groups"]=>
  string(2) "[]"
  ["_wpcf7cf_repeaters"]=>
  string(2) "[]"
  ["_wpcf7cf_steps"]=>
  string(2) "{}"
  ["_wpcf7cf_options"]=>
  string(223) "{\"form_id\":1703,\"conditions\":[],\"settings\":{\"animation\":\"yes\",\"animation_intime\":200,\"animation_outtime\":200,\"conditions_ui\":\"normal\",\"notice_dismissed\":false,\"notice_dismissed_update-cf7-5.5.6\":true}}"
  ["nome"]=>
  string(28) "silvio marcos diniz ferreira"
  ["cpf"]=>
  string(11) "46477306620"
  ["email"]=>
  string(26) "silviodiniz10@yahoo.com.br"
  ["placa"]=>
  string(7) "qpy6930"
  ["unidade"]=>
  string(1) "5"
}

[18/08/2022 11:16:48] Verificando a solicitação...
[18/08/2022 11:16:48] abgsoft-autopark-unimed.php
array(16) {
  ["_wpcf7"]=>
  string(4) "1703"
  ["_wpcf7_version"]=>
  string(5) "5.1.7"
  ["_wpcf7_locale"]=>
  string(5) "pt_BR"
  ["_wpcf7_unit_tag"]=>
  string(20) "wpcf7-f1703-p1524-o1"
  ["_wpcf7_container_post"]=>
  string(4) "1524"
  ["_wpcf7cf_hidden_group_fields"]=>
  string(2) "[]"
  ["_wpcf7cf_hidden_groups"]=>
  string(2) "[]"
  ["_wpcf7cf_visible_groups"]=>
  string(2) "[]"
  ["_wpcf7cf_repeaters"]=>
  string(2) "[]"
  ["_wpcf7cf_steps"]=>
  string(2) "{}"
  ["_wpcf7cf_options"]=>
  string(223) "{\"form_id\":1703,\"conditions\":[],\"settings\":{\"animation\":\"yes\",\"animation_intime\":200,\"animation_outtime\":200,\"conditions_ui\":\"normal\",\"notice_dismissed\":false,\"notice_dismissed_update-cf7-5.5.6\":true}}"
  ["nome"]=>
  string(23) "ERICA REGINA DE ALMEIDA"
  ["cpf"]=>
  string(11) "06040062681"
  ["email"]=>
  string(22) "erica@superluna.com.br"
  ["placa"]=>
  string(7) "QXS0B64"
  ["unidade"]=>
  string(1) "1"
}

[18/08/2022 11:40:00] Verificando a solicitação...
[18/08/2022 11:40:00] abgsoft-autopark-unimed.php
array(16) {
  ["_wpcf7"]=>
  string(4) "1703"
  ["_wpcf7_version"]=>
  string(5) "5.1.7"
  ["_wpcf7_locale"]=>
  string(5) "pt_BR"
  ["_wpcf7_unit_tag"]=>
  string(20) "wpcf7-f1703-p1524-o1"
  ["_wpcf7_container_post"]=>
  string(4) "1524"
  ["_wpcf7cf_hidden_group_fields"]=>
  string(2) "[]"
  ["_wpcf7cf_hidden_groups"]=>
  string(2) "[]"
  ["_wpcf7cf_visible_groups"]=>
  string(2) "[]"
  ["_wpcf7cf_repeaters"]=>
  string(2) "[]"
  ["_wpcf7cf_steps"]=>
  string(2) "{}"
  ["_wpcf7cf_options"]=>
  string(223) "{\"form_id\":1703,\"conditions\":[],\"settings\":{\"animation\":\"yes\",\"animation_intime\":200,\"animation_outtime\":200,\"conditions_ui\":\"normal\",\"notice_dismissed\":false,\"notice_dismissed_update-cf7-5.5.6\":true}}"
  ["nome"]=>
  string(27) "Dionisio A. Loyola Gonzalez"
  ["cpf"]=>
  string(14) "348.196.812-49"
  ["email"]=>
  string(18) "infav.bh@gmail.com"
  ["placa"]=>
  string(7) "HGR8402"
  ["unidade"]=>
  string(1) "7"
}

[18/08/2022 11:45:12] Verificando a solicitação...
[18/08/2022 11:45:12] abgsoft-autopark-unimed.php
array(16) {
  ["_wpcf7"]=>
  string(4) "1703"
  ["_wpcf7_version"]=>
  string(5) "5.1.7"
  ["_wpcf7_locale"]=>
  string(5) "pt_BR"
  ["_wpcf7_unit_tag"]=>
  string(20) "wpcf7-f1703-p1524-o1"
  ["_wpcf7_container_post"]=>
  string(4) "1524"
  ["_wpcf7cf_hidden_group_fields"]=>
  string(2) "[]"
  ["_wpcf7cf_hidden_groups"]=>
  string(2) "[]"
  ["_wpcf7cf_visible_groups"]=>
  string(2) "[]"
  ["_wpcf7cf_repeaters"]=>
  string(2) "[]"
  ["_wpcf7cf_steps"]=>
  string(2) "{}"
  ["_wpcf7cf_options"]=>
  string(223) "{\"form_id\":1703,\"conditions\":[],\"settings\":{\"animation\":\"yes\",\"animation_intime\":200,\"animation_outtime\":200,\"conditions_ui\":\"normal\",\"notice_dismissed\":false,\"notice_dismissed_update-cf7-5.5.6\":true}}"
  ["nome"]=>
  string(27) "Alexandre Carvalho Valentim"
  ["cpf"]=>
  string(14) "047.041.976-89"
  ["email"]=>
  string(21) "alexpsico95@gmail.com"
  ["placa"]=>
  string(7) "PVF3F34"
  ["unidade"]=>
  string(1) "2"
}

[18/08/2022 11:49:18] Verificando a solicitação...
[18/08/2022 11:49:18] abgsoft-autopark-unimed.php
array(16) {
  ["_wpcf7"]=>
  string(4) "1703"
  ["_wpcf7_version"]=>
  string(5) "5.1.7"
  ["_wpcf7_locale"]=>
  string(5) "pt_BR"
  ["_wpcf7_unit_tag"]=>
  string(20) "wpcf7-f1703-p1524-o1"
  ["_wpcf7_container_post"]=>
  string(4) "1524"
  ["_wpcf7cf_hidden_group_fields"]=>
  string(2) "[]"
  ["_wpcf7cf_hidden_groups"]=>
  string(2) "[]"
  ["_wpcf7cf_visible_groups"]=>
  string(2) "[]"
  ["_wpcf7cf_repeaters"]=>
  string(2) "[]"
  ["_wpcf7cf_steps"]=>
  string(2) "{}"
  ["_wpcf7cf_options"]=>
  string(223) "{\"form_id\":1703,\"conditions\":[],\"settings\":{\"animation\":\"yes\",\"animation_intime\":200,\"animation_outtime\":200,\"conditions_ui\":\"normal\",\"notice_dismissed\":false,\"notice_dismissed_update-cf7-5.5.6\":true}}"
  ["nome"]=>
  string(16) "Daniel de Araujo"
  ["cpf"]=>
  string(14) "037.205.136-70"
  ["email"]=>
  string(31) "daniellaraujoaraujo01@gmail.com"
  ["placa"]=>
  string(7) "HJF9840"
  ["unidade"]=>
  string(1) "5"
}

[18/08/2022 12:26:33] Verificando a solicitação...
[18/08/2022 12:26:33] abgsoft-autopark-unimed.php
array(16) {
  ["_wpcf7"]=>
  string(4) "1703"
  ["_wpcf7_version"]=>
  string(5) "5.1.7"
  ["_wpcf7_locale"]=>
  string(5) "pt_BR"
  ["_wpcf7_unit_tag"]=>
  string(20) "wpcf7-f1703-p1524-o1"
  ["_wpcf7_container_post"]=>
  string(4) "1524"
  ["_wpcf7cf_hidden_group_fields"]=>
  string(2) "[]"
  ["_wpcf7cf_hidden_groups"]=>
  string(2) "[]"
  ["_wpcf7cf_visible_groups"]=>
  string(2) "[]"
  ["_wpcf7cf_repeaters"]=>
  string(2) "[]"
  ["_wpcf7cf_steps"]=>
  string(2) "{}"
  ["_wpcf7cf_options"]=>
  string(223) "{\"form_id\":1703,\"conditions\":[],\"settings\":{\"animation\":\"yes\",\"animation_intime\":200,\"animation_outtime\":200,\"conditions_ui\":\"normal\",\"notice_dismissed\":false,\"notice_dismissed_update-cf7-5.5.6\":true}}"
  ["nome"]=>
  string(23) "Rafael Oliveira de Lima"
  ["cpf"]=>
  string(11) "10501969616"
  ["email"]=>
  string(22) "olima.rafael@gmail.com"
  ["placa"]=>
  string(7) "QXL3C15"
  ["unidade"]=>
  string(1) "5"
}

[18/08/2022 12:44:25] Verificando a solicitação...
[18/08/2022 12:44:25] abgsoft-autopark-unimed.php
array(16) {
  ["_wpcf7"]=>
  string(4) "1703"
  ["_wpcf7_version"]=>
  string(5) "5.1.7"
  ["_wpcf7_locale"]=>
  string(5) "pt_BR"
  ["_wpcf7_unit_tag"]=>
  string(20) "wpcf7-f1703-p1524-o1"
  ["_wpcf7_container_post"]=>
  string(4) "1524"
  ["_wpcf7cf_hidden_group_fields"]=>
  string(2) "[]"
  ["_wpcf7cf_hidden_groups"]=>
  string(2) "[]"
  ["_wpcf7cf_visible_groups"]=>
  string(2) "[]"
  ["_wpcf7cf_repeaters"]=>
  string(2) "[]"
  ["_wpcf7cf_steps"]=>
  string(2) "{}"
  ["_wpcf7cf_options"]=>
  string(223) "{\"form_id\":1703,\"conditions\":[],\"settings\":{\"animation\":\"yes\",\"animation_intime\":200,\"animation_outtime\":200,\"conditions_ui\":\"normal\",\"notice_dismissed\":false,\"notice_dismissed_update-cf7-5.5.6\":true}}"
  ["nome"]=>
  string(21) "Eduardo Gontijo Costa"
  ["cpf"]=>
  string(14) "036.244.416-12"
  ["email"]=>
  string(28) "eduardogontijo.adm@gmail.com"
  ["placa"]=>
  string(7) "HMJ6501"
  ["unidade"]=>
  string(1) "5"
}

[18/08/2022 12:58:06] Verificando a solicitação...
[18/08/2022 12:58:06] abgsoft-autopark-unimed.php
array(16) {
  ["_wpcf7"]=>
  string(4) "1703"
  ["_wpcf7_version"]=>
  string(5) "5.1.7"
  ["_wpcf7_locale"]=>
  string(5) "pt_BR"
  ["_wpcf7_unit_tag"]=>
  string(20) "wpcf7-f1703-p1524-o1"
  ["_wpcf7_container_post"]=>
  string(4) "1524"
  ["_wpcf7cf_hidden_group_fields"]=>
  string(2) "[]"
  ["_wpcf7cf_hidden_groups"]=>
  string(2) "[]"
  ["_wpcf7cf_visible_groups"]=>
  string(2) "[]"
  ["_wpcf7cf_repeaters"]=>
  string(2) "[]"
  ["_wpcf7cf_steps"]=>
  string(2) "{}"
  ["_wpcf7cf_options"]=>
  string(223) "{\"form_id\":1703,\"conditions\":[],\"settings\":{\"animation\":\"yes\",\"animation_intime\":200,\"animation_outtime\":200,\"conditions_ui\":\"normal\",\"notice_dismissed\":false,\"notice_dismissed_update-cf7-5.5.6\":true}}"
  ["nome"]=>
  string(22) "Juliana Maria de Souza"
  ["cpf"]=>
  string(14) "036.425.546-36"
  ["email"]=>
  string(27) "ju.letrassouza@yahoo.com.br"
  ["placa"]=>
  string(7) "Ope6206"
  ["unidade"]=>
  string(1) "4"
}

[18/08/2022 01:07:47] Verificando a solicitação...
[18/08/2022 01:07:47] abgsoft-autopark-unimed.php
array(16) {
  ["_wpcf7"]=>
  string(4) "1703"
  ["_wpcf7_version"]=>
  string(5) "5.1.7"
  ["_wpcf7_locale"]=>
  string(5) "pt_BR"
  ["_wpcf7_unit_tag"]=>
  string(20) "wpcf7-f1703-p1524-o1"
  ["_wpcf7_container_post"]=>
  string(4) "1524"
  ["_wpcf7cf_hidden_group_fields"]=>
  string(2) "[]"
  ["_wpcf7cf_hidden_groups"]=>
  string(2) "[]"
  ["_wpcf7cf_visible_groups"]=>
  string(2) "[]"
  ["_wpcf7cf_repeaters"]=>
  string(2) "[]"
  ["_wpcf7cf_steps"]=>
  string(2) "{}"
  ["_wpcf7cf_options"]=>
  string(223) "{\"form_id\":1703,\"conditions\":[],\"settings\":{\"animation\":\"yes\",\"animation_intime\":200,\"animation_outtime\":200,\"conditions_ui\":\"normal\",\"notice_dismissed\":false,\"notice_dismissed_update-cf7-5.5.6\":true}}"
  ["nome"]=>
  string(37) "Caroline Fernanda da Silva Campolina "
  ["cpf"]=>
  string(11) "06528831688"
  ["email"]=>
  string(32) "caroline.campolina1985@gmail.com"
  ["placa"]=>
  string(7) "HLP1A86"
  ["unidade"]=>
  string(1) "2"
}

[18/08/2022 01:41:32] Verificando a solicitação...
[18/08/2022 01:41:32] abgsoft-autopark-unimed.php
array(16) {
  ["_wpcf7"]=>
  string(4) "1703"
  ["_wpcf7_version"]=>
  string(5) "5.1.7"
  ["_wpcf7_locale"]=>
  string(5) "pt_BR"
  ["_wpcf7_unit_tag"]=>
  string(20) "wpcf7-f1703-p1524-o1"
  ["_wpcf7_container_post"]=>
  string(4) "1524"
  ["_wpcf7cf_hidden_group_fields"]=>
  string(2) "[]"
  ["_wpcf7cf_hidden_groups"]=>
  string(2) "[]"
  ["_wpcf7cf_visible_groups"]=>
  string(2) "[]"
  ["_wpcf7cf_repeaters"]=>
  string(2) "[]"
  ["_wpcf7cf_steps"]=>
  string(2) "{}"
  ["_wpcf7cf_options"]=>
  string(223) "{\"form_id\":1703,\"conditions\":[],\"settings\":{\"animation\":\"yes\",\"animation_intime\":200,\"animation_outtime\":200,\"conditions_ui\":\"normal\",\"notice_dismissed\":false,\"notice_dismissed_update-cf7-5.5.6\":true}}"
  ["nome"]=>
  string(21) "REGINA LUCIA DE SOUSA"
  ["cpf"]=>
  string(11) "01444032690"
  ["email"]=>
  string(23) "reginasousa85@gmail.com"
  ["placa"]=>
  string(7) "HLX9245"
  ["unidade"]=>
  string(1) "3"
}

[18/08/2022 02:08:52] Verificando a solicitação...
[18/08/2022 02:08:52] abgsoft-autopark-unimed.php
array(16) {
  ["_wpcf7"]=>
  string(4) "1703"
  ["_wpcf7_version"]=>
  string(5) "5.1.7"
  ["_wpcf7_locale"]=>
  string(5) "pt_BR"
  ["_wpcf7_unit_tag"]=>
  string(20) "wpcf7-f1703-p1524-o1"
  ["_wpcf7_container_post"]=>
  string(4) "1524"
  ["_wpcf7cf_hidden_group_fields"]=>
  string(2) "[]"
  ["_wpcf7cf_hidden_groups"]=>
  string(2) "[]"
  ["_wpcf7cf_visible_groups"]=>
  string(2) "[]"
  ["_wpcf7cf_repeaters"]=>
  string(2) "[]"
  ["_wpcf7cf_steps"]=>
  string(2) "{}"
  ["_wpcf7cf_options"]=>
  string(223) "{\"form_id\":1703,\"conditions\":[],\"settings\":{\"animation\":\"yes\",\"animation_intime\":200,\"animation_outtime\":200,\"conditions_ui\":\"normal\",\"notice_dismissed\":false,\"notice_dismissed_update-cf7-5.5.6\":true}}"
  ["nome"]=>
  string(21) "Warley Antônio Prado"
  ["cpf"]=>
  string(11) "01218392657"
  ["email"]=>
  string(25) "warleiaprado@yahoo.com.br"
  ["placa"]=>
  string(8) "QOY-0357"
  ["unidade"]=>
  string(1) "5"
}

[18/08/2022 02:48:07] Verificando a solicitação...
[18/08/2022 02:48:07] abgsoft-autopark-unimed.php
array(16) {
  ["_wpcf7"]=>
  string(4) "1703"
  ["_wpcf7_version"]=>
  string(5) "5.1.7"
  ["_wpcf7_locale"]=>
  string(5) "pt_BR"
  ["_wpcf7_unit_tag"]=>
  string(20) "wpcf7-f1703-p1524-o1"
  ["_wpcf7_container_post"]=>
  string(4) "1524"
  ["_wpcf7cf_hidden_group_fields"]=>
  string(2) "[]"
  ["_wpcf7cf_hidden_groups"]=>
  string(2) "[]"
  ["_wpcf7cf_visible_groups"]=>
  string(2) "[]"
  ["_wpcf7cf_repeaters"]=>
  string(2) "[]"
  ["_wpcf7cf_steps"]=>
  string(2) "{}"
  ["_wpcf7cf_options"]=>
  string(223) "{\"form_id\":1703,\"conditions\":[],\"settings\":{\"animation\":\"yes\",\"animation_intime\":200,\"animation_outtime\":200,\"conditions_ui\":\"normal\",\"notice_dismissed\":false,\"notice_dismissed_update-cf7-5.5.6\":true}}"
  ["nome"]=>
  string(30) "Taissa Marchezini Silva Bastos"
  ["cpf"]=>
  string(14) "037.591.156-16"
  ["email"]=>
  string(25) "taissalouzado@hotmail.com"
  ["placa"]=>
  string(7) "QQH6224"
  ["unidade"]=>
  string(1) "7"
}

[18/08/2022 02:49:39] Verificando a solicitação...
[18/08/2022 02:49:39] abgsoft-autopark-unimed.php
array(16) {
  ["_wpcf7"]=>
  string(4) "1703"
  ["_wpcf7_version"]=>
  string(5) "5.1.7"
  ["_wpcf7_locale"]=>
  string(5) "pt_BR"
  ["_wpcf7_unit_tag"]=>
  string(20) "wpcf7-f1703-p1524-o1"
  ["_wpcf7_container_post"]=>
  string(4) "1524"
  ["_wpcf7cf_hidden_group_fields"]=>
  string(2) "[]"
  ["_wpcf7cf_hidden_groups"]=>
  string(2) "[]"
  ["_wpcf7cf_visible_groups"]=>
  string(2) "[]"
  ["_wpcf7cf_repeaters"]=>
  string(2) "[]"
  ["_wpcf7cf_steps"]=>
  string(2) "{}"
  ["_wpcf7cf_options"]=>
  string(223) "{\"form_id\":1703,\"conditions\":[],\"settings\":{\"animation\":\"yes\",\"animation_intime\":200,\"animation_outtime\":200,\"conditions_ui\":\"normal\",\"notice_dismissed\":false,\"notice_dismissed_update-cf7-5.5.6\":true}}"
  ["nome"]=>
  string(23) "Denise de Araujo Alves "
  ["cpf"]=>
  string(11) "01336981652"
  ["email"]=>
  string(23) "denisearalves@gmail.com"
  ["placa"]=>
  string(7) "QMR6174"
  ["unidade"]=>
  string(1) "7"
}

[18/08/2022 03:11:46] Verificando a solicitação...
[18/08/2022 03:11:46] abgsoft-autopark-unimed.php
array(16) {
  ["_wpcf7"]=>
  string(4) "1703"
  ["_wpcf7_version"]=>
  string(5) "5.1.7"
  ["_wpcf7_locale"]=>
  string(5) "pt_BR"
  ["_wpcf7_unit_tag"]=>
  string(20) "wpcf7-f1703-p1524-o1"
  ["_wpcf7_container_post"]=>
  string(4) "1524"
  ["_wpcf7cf_hidden_group_fields"]=>
  string(2) "[]"
  ["_wpcf7cf_hidden_groups"]=>
  string(2) "[]"
  ["_wpcf7cf_visible_groups"]=>
  string(2) "[]"
  ["_wpcf7cf_repeaters"]=>
  string(2) "[]"
  ["_wpcf7cf_steps"]=>
  string(2) "{}"
  ["_wpcf7cf_options"]=>
  string(223) "{\"form_id\":1703,\"conditions\":[],\"settings\":{\"animation\":\"yes\",\"animation_intime\":200,\"animation_outtime\":200,\"conditions_ui\":\"normal\",\"notice_dismissed\":false,\"notice_dismissed_update-cf7-5.5.6\":true}}"
  ["nome"]=>
  string(21) "Eustáquio Pinto Rosa"
  ["cpf"]=>
  string(14) "567.101.866-87"
  ["email"]=>
  string(28) "eustaquiop.rosa@yahoo.com.br"
  ["placa"]=>
  string(7) "Hma0129"
  ["unidade"]=>
  string(1) "5"
}

[18/08/2022 03:12:07] Verificando a solicitação...
[18/08/2022 03:12:07] abgsoft-autopark-unimed.php
array(16) {
  ["_wpcf7"]=>
  string(4) "1703"
  ["_wpcf7_version"]=>
  string(5) "5.1.7"
  ["_wpcf7_locale"]=>
  string(5) "pt_BR"
  ["_wpcf7_unit_tag"]=>
  string(20) "wpcf7-f1703-p1524-o1"
  ["_wpcf7_container_post"]=>
  string(4) "1524"
  ["_wpcf7cf_hidden_group_fields"]=>
  string(2) "[]"
  ["_wpcf7cf_hidden_groups"]=>
  string(2) "[]"
  ["_wpcf7cf_visible_groups"]=>
  string(2) "[]"
  ["_wpcf7cf_repeaters"]=>
  string(2) "[]"
  ["_wpcf7cf_steps"]=>
  string(2) "{}"
  ["_wpcf7cf_options"]=>
  string(223) "{\"form_id\":1703,\"conditions\":[],\"settings\":{\"animation\":\"yes\",\"animation_intime\":200,\"animation_outtime\":200,\"conditions_ui\":\"normal\",\"notice_dismissed\":false,\"notice_dismissed_update-cf7-5.5.6\":true}}"
  ["nome"]=>
  string(29) "Tatiana (Eu, Eu Mesma E Tati)"
  ["cpf"]=>
  string(11) "10232984654"
  ["email"]=>
  string(25) "mirandatatianap@gmail.com"
  ["placa"]=>
  string(7) "Pvw9958"
  ["unidade"]=>
  string(1) "2"
}

[18/08/2022 03:12:31] Verificando a solicitação...
[18/08/2022 03:12:31] abgsoft-autopark-unimed.php
array(16) {
  ["_wpcf7"]=>
  string(4) "1703"
  ["_wpcf7_version"]=>
  string(5) "5.1.7"
  ["_wpcf7_locale"]=>
  string(5) "pt_BR"
  ["_wpcf7_unit_tag"]=>
  string(20) "wpcf7-f1703-p1524-o1"
  ["_wpcf7_container_post"]=>
  string(4) "1524"
  ["_wpcf7cf_hidden_group_fields"]=>
  string(2) "[]"
  ["_wpcf7cf_hidden_groups"]=>
  string(2) "[]"
  ["_wpcf7cf_visible_groups"]=>
  string(2) "[]"
  ["_wpcf7cf_repeaters"]=>
  string(2) "[]"
  ["_wpcf7cf_steps"]=>
  string(2) "{}"
  ["_wpcf7cf_options"]=>
  string(223) "{\"form_id\":1703,\"conditions\":[],\"settings\":{\"animation\":\"yes\",\"animation_intime\":200,\"animation_outtime\":200,\"conditions_ui\":\"normal\",\"notice_dismissed\":false,\"notice_dismissed_update-cf7-5.5.6\":true}}"
  ["nome"]=>
  string(21) "Eustáquio Pinto Rosa"
  ["cpf"]=>
  string(14) "567.101.866-87"
  ["email"]=>
  string(28) "eustaquiop.rosa@yahoo.com.br"
  ["placa"]=>
  string(7) "Hma0129"
  ["unidade"]=>
  string(1) "4"
}

[18/08/2022 03:14:34] Verificando a solicitação...
[18/08/2022 03:14:34] abgsoft-autopark-unimed.php
array(16) {
  ["_wpcf7"]=>
  string(4) "1703"
  ["_wpcf7_version"]=>
  string(5) "5.1.7"
  ["_wpcf7_locale"]=>
  string(5) "pt_BR"
  ["_wpcf7_unit_tag"]=>
  string(20) "wpcf7-f1703-p1524-o1"
  ["_wpcf7_container_post"]=>
  string(4) "1524"
  ["_wpcf7cf_hidden_group_fields"]=>
  string(2) "[]"
  ["_wpcf7cf_hidden_groups"]=>
  string(2) "[]"
  ["_wpcf7cf_visible_groups"]=>
  string(2) "[]"
  ["_wpcf7cf_repeaters"]=>
  string(2) "[]"
  ["_wpcf7cf_steps"]=>
  string(2) "{}"
  ["_wpcf7cf_options"]=>
  string(223) "{\"form_id\":1703,\"conditions\":[],\"settings\":{\"animation\":\"yes\",\"animation_intime\":200,\"animation_outtime\":200,\"conditions_ui\":\"normal\",\"notice_dismissed\":false,\"notice_dismissed_update-cf7-5.5.6\":true}}"
  ["nome"]=>
  string(14) "Lukas Oliveira"
  ["cpf"]=>
  string(11) "01959888684"
  ["email"]=>
  string(22) "lukaso2009@hotmail.com"
  ["placa"]=>
  string(7) "RMT2B92"
  ["unidade"]=>
  string(1) "5"
}

[18/08/2022 03:30:16] Verificando a solicitação...
[18/08/2022 03:30:16] abgsoft-autopark-unimed.php
array(16) {
  ["_wpcf7"]=>
  string(4) "1703"
  ["_wpcf7_version"]=>
  string(5) "5.1.7"
  ["_wpcf7_locale"]=>
  string(5) "pt_BR"
  ["_wpcf7_unit_tag"]=>
  string(20) "wpcf7-f1703-p1524-o1"
  ["_wpcf7_container_post"]=>
  string(4) "1524"
  ["_wpcf7cf_hidden_group_fields"]=>
  string(2) "[]"
  ["_wpcf7cf_hidden_groups"]=>
  string(2) "[]"
  ["_wpcf7cf_visible_groups"]=>
  string(2) "[]"
  ["_wpcf7cf_repeaters"]=>
  string(2) "[]"
  ["_wpcf7cf_steps"]=>
  string(2) "{}"
  ["_wpcf7cf_options"]=>
  string(223) "{\"form_id\":1703,\"conditions\":[],\"settings\":{\"animation\":\"yes\",\"animation_intime\":200,\"animation_outtime\":200,\"conditions_ui\":\"normal\",\"notice_dismissed\":false,\"notice_dismissed_update-cf7-5.5.6\":true}}"
  ["nome"]=>
  string(24) "Ana Karoline Abreu Viana"
  ["cpf"]=>
  string(14) "108.395.446-69"
  ["email"]=>
  string(25) "akarolinevian@hotmail.com"
  ["placa"]=>
  string(7) "OQE2J75"
  ["unidade"]=>
  string(1) "7"
}

[18/08/2022 04:10:46] Verificando a solicitação...
[18/08/2022 04:10:46] abgsoft-autopark-unimed.php
array(16) {
  ["_wpcf7"]=>
  string(4) "1703"
  ["_wpcf7_version"]=>
  string(5) "5.1.7"
  ["_wpcf7_locale"]=>
  string(5) "pt_BR"
  ["_wpcf7_unit_tag"]=>
  string(20) "wpcf7-f1703-p1524-o1"
  ["_wpcf7_container_post"]=>
  string(4) "1524"
  ["_wpcf7cf_hidden_group_fields"]=>
  string(2) "[]"
  ["_wpcf7cf_hidden_groups"]=>
  string(2) "[]"
  ["_wpcf7cf_visible_groups"]=>
  string(2) "[]"
  ["_wpcf7cf_repeaters"]=>
  string(2) "[]"
  ["_wpcf7cf_steps"]=>
  string(2) "{}"
  ["_wpcf7cf_options"]=>
  string(223) "{\"form_id\":1703,\"conditions\":[],\"settings\":{\"animation\":\"yes\",\"animation_intime\":200,\"animation_outtime\":200,\"conditions_ui\":\"normal\",\"notice_dismissed\":false,\"notice_dismissed_update-cf7-5.5.6\":true}}"
  ["nome"]=>
  string(17) "Diogo Naves Marin"
  ["cpf"]=>
  string(14) "072.530.806-02"
  ["email"]=>
  string(20) "navesdiogo@gmail.com"
  ["placa"]=>
  string(7) "him4944"
  ["unidade"]=>
  string(1) "5"
}

[18/08/2022 04:42:31] Verificando a solicitação...
[18/08/2022 04:42:31] abgsoft-autopark-unimed.php
array(16) {
  ["_wpcf7"]=>
  string(4) "1703"
  ["_wpcf7_version"]=>
  string(5) "5.1.7"
  ["_wpcf7_locale"]=>
  string(5) "pt_BR"
  ["_wpcf7_unit_tag"]=>
  string(20) "wpcf7-f1703-p1524-o1"
  ["_wpcf7_container_post"]=>
  string(4) "1524"
  ["_wpcf7cf_hidden_group_fields"]=>
  string(2) "[]"
  ["_wpcf7cf_hidden_groups"]=>
  string(2) "[]"
  ["_wpcf7cf_visible_groups"]=>
  string(2) "[]"
  ["_wpcf7cf_repeaters"]=>
  string(2) "[]"
  ["_wpcf7cf_steps"]=>
  string(2) "{}"
  ["_wpcf7cf_options"]=>
  string(223) "{\"form_id\":1703,\"conditions\":[],\"settings\":{\"animation\":\"yes\",\"animation_intime\":200,\"animation_outtime\":200,\"conditions_ui\":\"normal\",\"notice_dismissed\":false,\"notice_dismissed_update-cf7-5.5.6\":true}}"
  ["nome"]=>
  string(28) "Alexandre Pereira Rodrigues "
  ["cpf"]=>
  string(11) "11940825644"
  ["email"]=>
  string(16) "x_bh@hotmail.com"
  ["placa"]=>
  string(7) "NYG7456"
  ["unidade"]=>
  string(1) "7"
}

[18/08/2022 04:44:50] Verificando a solicitação...
[18/08/2022 04:44:50] abgsoft-autopark-unimed.php
array(16) {
  ["_wpcf7"]=>
  string(4) "1703"
  ["_wpcf7_version"]=>
  string(5) "5.1.7"
  ["_wpcf7_locale"]=>
  string(5) "pt_BR"
  ["_wpcf7_unit_tag"]=>
  string(20) "wpcf7-f1703-p1524-o1"
  ["_wpcf7_container_post"]=>
  string(4) "1524"
  ["_wpcf7cf_hidden_group_fields"]=>
  string(2) "[]"
  ["_wpcf7cf_hidden_groups"]=>
  string(2) "[]"
  ["_wpcf7cf_visible_groups"]=>
  string(2) "[]"
  ["_wpcf7cf_repeaters"]=>
  string(2) "[]"
  ["_wpcf7cf_steps"]=>
  string(2) "{}"
  ["_wpcf7cf_options"]=>
  string(223) "{\"form_id\":1703,\"conditions\":[],\"settings\":{\"animation\":\"yes\",\"animation_intime\":200,\"animation_outtime\":200,\"conditions_ui\":\"normal\",\"notice_dismissed\":false,\"notice_dismissed_update-cf7-5.5.6\":true}}"
  ["nome"]=>
  string(22) "GRAZIELA QUEIROZ SERRA"
  ["cpf"]=>
  string(14) "555.131.406-59"
  ["email"]=>
  string(23) "gqueirozserra@gmail.com"
  ["placa"]=>
  string(7) "HKW3484"
  ["unidade"]=>
  string(1) "5"
}

[18/08/2022 04:53:56] Verificando a solicitação...
[18/08/2022 04:53:56] abgsoft-autopark-unimed.php
array(16) {
  ["_wpcf7"]=>
  string(4) "1703"
  ["_wpcf7_version"]=>
  string(5) "5.1.7"
  ["_wpcf7_locale"]=>
  string(5) "pt_BR"
  ["_wpcf7_unit_tag"]=>
  string(20) "wpcf7-f1703-p1524-o1"
  ["_wpcf7_container_post"]=>
  string(4) "1524"
  ["_wpcf7cf_hidden_group_fields"]=>
  string(2) "[]"
  ["_wpcf7cf_hidden_groups"]=>
  string(2) "[]"
  ["_wpcf7cf_visible_groups"]=>
  string(2) "[]"
  ["_wpcf7cf_repeaters"]=>
  string(2) "[]"
  ["_wpcf7cf_steps"]=>
  string(2) "{}"
  ["_wpcf7cf_options"]=>
  string(223) "{\"form_id\":1703,\"conditions\":[],\"settings\":{\"animation\":\"yes\",\"animation_intime\":200,\"animation_outtime\":200,\"conditions_ui\":\"normal\",\"notice_dismissed\":false,\"notice_dismissed_update-cf7-5.5.6\":true}}"
  ["nome"]=>
  string(21) "Arthur Pereira Vieira"
  ["cpf"]=>
  string(11) "11788573609"
  ["email"]=>
  string(21) "arthpvieira@gmail.com"
  ["placa"]=>
  string(7) "FLY5H85"
  ["unidade"]=>
  string(1) "7"
}

[18/08/2022 05:26:48] Verificando a solicitação...
[18/08/2022 05:26:48] abgsoft-autopark-unimed.php
array(16) {
  ["_wpcf7"]=>
  string(4) "1703"
  ["_wpcf7_version"]=>
  string(5) "5.1.7"
  ["_wpcf7_locale"]=>
  string(5) "pt_BR"
  ["_wpcf7_unit_tag"]=>
  string(20) "wpcf7-f1703-p1524-o1"
  ["_wpcf7_container_post"]=>
  string(4) "1524"
  ["_wpcf7cf_hidden_group_fields"]=>
  string(2) "[]"
  ["_wpcf7cf_hidden_groups"]=>
  string(2) "[]"
  ["_wpcf7cf_visible_groups"]=>
  string(2) "[]"
  ["_wpcf7cf_repeaters"]=>
  string(2) "[]"
  ["_wpcf7cf_steps"]=>
  string(2) "{}"
  ["_wpcf7cf_options"]=>
  string(223) "{\"form_id\":1703,\"conditions\":[],\"settings\":{\"animation\":\"yes\",\"animation_intime\":200,\"animation_outtime\":200,\"conditions_ui\":\"normal\",\"notice_dismissed\":false,\"notice_dismissed_update-cf7-5.5.6\":true}}"
  ["nome"]=>
  string(19) "Karine Silva Colen "
  ["cpf"]=>
  string(14) "083.342.166-29"
  ["email"]=>
  string(23) "karinecolen@hotmail.com"
  ["placa"]=>
  string(7) "OWU4F19"
  ["unidade"]=>
  string(1) "3"
}

[18/08/2022 05:27:16] Verificando a solicitação...
[18/08/2022 05:27:16] abgsoft-autopark-unimed.php
array(16) {
  ["_wpcf7"]=>
  string(4) "1703"
  ["_wpcf7_version"]=>
  string(5) "5.1.7"
  ["_wpcf7_locale"]=>
  string(5) "pt_BR"
  ["_wpcf7_unit_tag"]=>
  string(20) "wpcf7-f1703-p1524-o1"
  ["_wpcf7_container_post"]=>
  string(4) "1524"
  ["_wpcf7cf_hidden_group_fields"]=>
  string(2) "[]"
  ["_wpcf7cf_hidden_groups"]=>
  string(2) "[]"
  ["_wpcf7cf_visible_groups"]=>
  string(2) "[]"
  ["_wpcf7cf_repeaters"]=>
  string(2) "[]"
  ["_wpcf7cf_steps"]=>
  string(2) "{}"
  ["_wpcf7cf_options"]=>
  string(223) "{\"form_id\":1703,\"conditions\":[],\"settings\":{\"animation\":\"yes\",\"animation_intime\":200,\"animation_outtime\":200,\"conditions_ui\":\"normal\",\"notice_dismissed\":false,\"notice_dismissed_update-cf7-5.5.6\":true}}"
  ["nome"]=>
  string(35) "Fernanda Cristina Corrêa Raichardt"
  ["cpf"]=>
  string(14) "055.549.726-75"
  ["email"]=>
  string(25) "fernanda@grupocits.com.br"
  ["placa"]=>
  string(7) "OPC0J04"
  ["unidade"]=>
  string(1) "5"
}

[18/08/2022 05:44:29] Verificando a solicitação...
[18/08/2022 05:44:29] abgsoft-autopark-unimed.php
array(16) {
  ["_wpcf7"]=>
  string(4) "1703"
  ["_wpcf7_version"]=>
  string(5) "5.1.7"
  ["_wpcf7_locale"]=>
  string(5) "pt_BR"
  ["_wpcf7_unit_tag"]=>
  string(20) "wpcf7-f1703-p1524-o1"
  ["_wpcf7_container_post"]=>
  string(4) "1524"
  ["_wpcf7cf_hidden_group_fields"]=>
  string(2) "[]"
  ["_wpcf7cf_hidden_groups"]=>
  string(2) "[]"
  ["_wpcf7cf_visible_groups"]=>
  string(2) "[]"
  ["_wpcf7cf_repeaters"]=>
  string(2) "[]"
  ["_wpcf7cf_steps"]=>
  string(2) "{}"
  ["_wpcf7cf_options"]=>
  string(223) "{\"form_id\":1703,\"conditions\":[],\"settings\":{\"animation\":\"yes\",\"animation_intime\":200,\"animation_outtime\":200,\"conditions_ui\":\"normal\",\"notice_dismissed\":false,\"notice_dismissed_update-cf7-5.5.6\":true}}"
  ["nome"]=>
  string(32) "Erivelton Gonçalves dos Santos "
  ["cpf"]=>
  string(14) "000.995.666-21"
  ["email"]=>
  string(25) "eriveltonkalu@hotmail.com"
  ["placa"]=>
  string(7) "Nxy6845"
  ["unidade"]=>
  string(1) "2"
}

[18/08/2022 06:19:26] Verificando a solicitação...
[18/08/2022 06:27:48] Verificando a solicitação...
[18/08/2022 06:27:48] abgsoft-autopark-unimed.php
array(16) {
  ["_wpcf7"]=>
  string(4) "1703"
  ["_wpcf7_version"]=>
  string(5) "5.1.7"
  ["_wpcf7_locale"]=>
  string(5) "pt_BR"
  ["_wpcf7_unit_tag"]=>
  string(20) "wpcf7-f1703-p1524-o1"
  ["_wpcf7_container_post"]=>
  string(4) "1524"
  ["_wpcf7cf_hidden_group_fields"]=>
  string(2) "[]"
  ["_wpcf7cf_hidden_groups"]=>
  string(2) "[]"
  ["_wpcf7cf_visible_groups"]=>
  string(2) "[]"
  ["_wpcf7cf_repeaters"]=>
  string(2) "[]"
  ["_wpcf7cf_steps"]=>
  string(2) "{}"
  ["_wpcf7cf_options"]=>
  string(223) "{\"form_id\":1703,\"conditions\":[],\"settings\":{\"animation\":\"yes\",\"animation_intime\":200,\"animation_outtime\":200,\"conditions_ui\":\"normal\",\"notice_dismissed\":false,\"notice_dismissed_update-cf7-5.5.6\":true}}"
  ["nome"]=>
  string(19) "Viviane Gravina Pio"
  ["cpf"]=>
  string(11) "03751102671"
  ["email"]=>
  string(25) "vivianenutripio@gmail.com"
  ["placa"]=>
  string(7) "RYT3D93"
  ["unidade"]=>
  string(1) "5"
}

[18/08/2022 09:06:57] Verificando a solicitação...
[18/08/2022 09:06:57] abgsoft-autopark-unimed.php
array(16) {
  ["_wpcf7"]=>
  string(4) "1703"
  ["_wpcf7_version"]=>
  string(5) "5.1.7"
  ["_wpcf7_locale"]=>
  string(5) "pt_BR"
  ["_wpcf7_unit_tag"]=>
  string(20) "wpcf7-f1703-p1524-o1"
  ["_wpcf7_container_post"]=>
  string(4) "1524"
  ["_wpcf7cf_hidden_group_fields"]=>
  string(2) "[]"
  ["_wpcf7cf_hidden_groups"]=>
  string(2) "[]"
  ["_wpcf7cf_visible_groups"]=>
  string(2) "[]"
  ["_wpcf7cf_repeaters"]=>
  string(2) "[]"
  ["_wpcf7cf_steps"]=>
  string(2) "{}"
  ["_wpcf7cf_options"]=>
  string(223) "{\"form_id\":1703,\"conditions\":[],\"settings\":{\"animation\":\"yes\",\"animation_intime\":200,\"animation_outtime\":200,\"conditions_ui\":\"normal\",\"notice_dismissed\":false,\"notice_dismissed_update-cf7-5.5.6\":true}}"
  ["nome"]=>
  string(23) "EGLE DE FREiTAS MACEDO "
  ["cpf"]=>
  string(14) "062.986.636-81"
  ["email"]=>
  string(22) "kammartins65@gmail.com"
  ["placa"]=>
  string(7) "QPJ9261"
  ["unidade"]=>
  string(1) "5"
}

[18/08/2022 10:07:04] Verificando a solicitação...
[18/08/2022 10:07:04] abgsoft-autopark-unimed.php
array(16) {
  ["_wpcf7"]=>
  string(4) "1703"
  ["_wpcf7_version"]=>
  string(5) "5.1.7"
  ["_wpcf7_locale"]=>
  string(5) "pt_BR"
  ["_wpcf7_unit_tag"]=>
  string(20) "wpcf7-f1703-p1524-o1"
  ["_wpcf7_container_post"]=>
  string(4) "1524"
  ["_wpcf7cf_hidden_group_fields"]=>
  string(2) "[]"
  ["_wpcf7cf_hidden_groups"]=>
  string(2) "[]"
  ["_wpcf7cf_visible_groups"]=>
  string(2) "[]"
  ["_wpcf7cf_repeaters"]=>
  string(2) "[]"
  ["_wpcf7cf_steps"]=>
  string(2) "{}"
  ["_wpcf7cf_options"]=>
  string(223) "{\"form_id\":1703,\"conditions\":[],\"settings\":{\"animation\":\"yes\",\"animation_intime\":200,\"animation_outtime\":200,\"conditions_ui\":\"normal\",\"notice_dismissed\":false,\"notice_dismissed_update-cf7-5.5.6\":true}}"
  ["nome"]=>
  string(24) "Danielle Araújo Martins"
  ["cpf"]=>
  string(14) "070.977.426-58"
  ["email"]=>
  string(26) "dani_amartins@yahoo.com.br"
  ["placa"]=>
  string(7) "Rtr3b08"
  ["unidade"]=>
  string(1) "3"
}

[18/08/2022 10:33:33] Verificando a solicitação...
[18/08/2022 10:33:33] abgsoft-autopark-unimed.php
array(16) {
  ["_wpcf7"]=>
  string(4) "1703"
  ["_wpcf7_version"]=>
  string(5) "5.1.7"
  ["_wpcf7_locale"]=>
  string(5) "pt_BR"
  ["_wpcf7_unit_tag"]=>
  string(20) "wpcf7-f1703-p1524-o1"
  ["_wpcf7_container_post"]=>
  string(4) "1524"
  ["_wpcf7cf_hidden_group_fields"]=>
  string(2) "[]"
  ["_wpcf7cf_hidden_groups"]=>
  string(2) "[]"
  ["_wpcf7cf_visible_groups"]=>
  string(2) "[]"
  ["_wpcf7cf_repeaters"]=>
  string(2) "[]"
  ["_wpcf7cf_steps"]=>
  string(2) "{}"
  ["_wpcf7cf_options"]=>
  string(223) "{\"form_id\":1703,\"conditions\":[],\"settings\":{\"animation\":\"yes\",\"animation_intime\":200,\"animation_outtime\":200,\"conditions_ui\":\"normal\",\"notice_dismissed\":false,\"notice_dismissed_update-cf7-5.5.6\":true}}"
  ["nome"]=>
  string(10) "daisy mara"
  ["cpf"]=>
  string(11) "04750767611"
  ["email"]=>
  string(22) "daisy.teca@hotmail.com"
  ["placa"]=>
  string(7) "owy8874"
  ["unidade"]=>
  string(1) "5"
}

[18/08/2022 10:42:36] Verificando a solicitação...
[18/08/2022 10:42:36] abgsoft-autopark-unimed.php
array(16) {
  ["_wpcf7"]=>
  string(4) "1703"
  ["_wpcf7_version"]=>
  string(5) "5.1.7"
  ["_wpcf7_locale"]=>
  string(5) "pt_BR"
  ["_wpcf7_unit_tag"]=>
  string(20) "wpcf7-f1703-p1524-o1"
  ["_wpcf7_container_post"]=>
  string(4) "1524"
  ["_wpcf7cf_hidden_group_fields"]=>
  string(2) "[]"
  ["_wpcf7cf_hidden_groups"]=>
  string(2) "[]"
  ["_wpcf7cf_visible_groups"]=>
  string(2) "[]"
  ["_wpcf7cf_repeaters"]=>
  string(2) "[]"
  ["_wpcf7cf_steps"]=>
  string(2) "{}"
  ["_wpcf7cf_options"]=>
  string(223) "{\"form_id\":1703,\"conditions\":[],\"settings\":{\"animation\":\"yes\",\"animation_intime\":200,\"animation_outtime\":200,\"conditions_ui\":\"normal\",\"notice_dismissed\":false,\"notice_dismissed_update-cf7-5.5.6\":true}}"
  ["nome"]=>
  string(26) "Lourdes Lourenço Corrêa "
  ["cpf"]=>
  string(11) "73629618634"
  ["email"]=>
  string(29) "lourdeslourdinha@yahoo.com.br"
  ["placa"]=>
  string(7) "Pzk2788"
  ["unidade"]=>
  string(1) "7"
}

[18/08/2022 11:20:21] Verificando a solicitação...
[18/08/2022 11:20:21] abgsoft-autopark-unimed.php
array(16) {
  ["_wpcf7"]=>
  string(4) "1703"
  ["_wpcf7_version"]=>
  string(5) "5.1.7"
  ["_wpcf7_locale"]=>
  string(5) "pt_BR"
  ["_wpcf7_unit_tag"]=>
  string(20) "wpcf7-f1703-p1524-o1"
  ["_wpcf7_container_post"]=>
  string(4) "1524"
  ["_wpcf7cf_hidden_group_fields"]=>
  string(2) "[]"
  ["_wpcf7cf_hidden_groups"]=>
  string(2) "[]"
  ["_wpcf7cf_visible_groups"]=>
  string(2) "[]"
  ["_wpcf7cf_repeaters"]=>
  string(2) "[]"
  ["_wpcf7cf_steps"]=>
  string(2) "{}"
  ["_wpcf7cf_options"]=>
  string(223) "{\"form_id\":1703,\"conditions\":[],\"settings\":{\"animation\":\"yes\",\"animation_intime\":200,\"animation_outtime\":200,\"conditions_ui\":\"normal\",\"notice_dismissed\":false,\"notice_dismissed_update-cf7-5.5.6\":true}}"
  ["nome"]=>
  string(28) "Leonardo Fantini de Almeida "
  ["cpf"]=>
  string(14) "038.393.026-09"
  ["email"]=>
  string(25) "fantinileonardo@gmail.com"
  ["placa"]=>
  string(8) "QMX3162 "
  ["unidade"]=>
  string(1) "3"
}

[18/08/2022 11:30:44] Verificando a solicitação...
[18/08/2022 11:52:08] Verificando a solicitação...
[18/08/2022 11:52:08] abgsoft-autopark-unimed.php
array(16) {
  ["_wpcf7"]=>
  string(4) "1703"
  ["_wpcf7_version"]=>
  string(5) "5.1.7"
  ["_wpcf7_locale"]=>
  string(5) "pt_BR"
  ["_wpcf7_unit_tag"]=>
  string(20) "wpcf7-f1703-p1524-o1"
  ["_wpcf7_container_post"]=>
  string(4) "1524"
  ["_wpcf7cf_hidden_group_fields"]=>
  string(2) "[]"
  ["_wpcf7cf_hidden_groups"]=>
  string(2) "[]"
  ["_wpcf7cf_visible_groups"]=>
  string(2) "[]"
  ["_wpcf7cf_repeaters"]=>
  string(2) "[]"
  ["_wpcf7cf_steps"]=>
  string(2) "{}"
  ["_wpcf7cf_options"]=>
  string(223) "{\"form_id\":1703,\"conditions\":[],\"settings\":{\"animation\":\"yes\",\"animation_intime\":200,\"animation_outtime\":200,\"conditions_ui\":\"normal\",\"notice_dismissed\":false,\"notice_dismissed_update-cf7-5.5.6\":true}}"
  ["nome"]=>
  string(20) "Luís Cláudio gomes"
  ["cpf"]=>
  string(11) "72099054649"
  ["email"]=>
  string(28) "alvoradaservicos@outlook.com"
  ["placa"]=>
  string(7) "OXD7G59"
  ["unidade"]=>
  string(1) "5"
}

