[28/10/2022 12:11:59] Verificando a solicitação...
[28/10/2022 12:11:59] abgsoft-autopark-unimed.php
array(5) {
  ["nome"]=>
  string(25) "Fausto Esteves Cerqueira "
  ["cpf"]=>
  string(14) "134.320.286-87"
  ["email"]=>
  string(18) "faustoec@gmail.com"
  ["placa"]=>
  string(7) "OQK6O17"
  ["unidade"]=>
  array(1) {
    [0]=>
    string(1) "5"
  }
}

[28/10/2022 12:16:55] Verificando a solicitação...
[28/10/2022 12:16:55] abgsoft-autopark-unimed.php
array(5) {
  ["nome"]=>
  string(19) "JOEL GOMES DA ROCHA"
  ["cpf"]=>
  string(14) "128.892.986-20"
  ["email"]=>
  string(23) "joelgomess2@hotmail.com"
  ["placa"]=>
  string(7) "OPB0H31"
  ["unidade"]=>
  array(1) {
    [0]=>
    string(1) "5"
  }
}

[28/10/2022 12:20:28] Verificando a solicitação...
[28/10/2022 12:20:28] abgsoft-autopark-unimed.php
array(5) {
  ["nome"]=>
  string(16) "Fausto Cerqueira"
  ["cpf"]=>
  string(14) "134.320.286-87"
  ["email"]=>
  string(18) "faustoec@gmail.com"
  ["placa"]=>
  string(7) "OQK6017"
  ["unidade"]=>
  array(1) {
    [0]=>
    string(1) "5"
  }
}

[28/10/2022 12:59:43] Verificando a solicitação...
[28/10/2022 12:59:43] abgsoft-autopark-unimed.php
array(5) {
  ["nome"]=>
  string(23) "Denilson Ferreira Lima "
  ["cpf"]=>
  string(11) "03659202665"
  ["email"]=>
  string(24) "denilsonlima23@gmail.com"
  ["placa"]=>
  string(7) "HHR2J91"
  ["unidade"]=>
  array(1) {
    [0]=>
    string(1) "7"
  }
}

[28/10/2022 01:03:03] Verificando a solicitação...
[28/10/2022 01:03:03] abgsoft-autopark-unimed.php
array(5) {
  ["nome"]=>
  string(27) "Aline Fernanda Alves Souza "
  ["cpf"]=>
  string(11) "02407012160"
  ["email"]=>
  string(26) "alinefernanda.as@gmail.com"
  ["placa"]=>
  string(7) "HMW0231"
  ["unidade"]=>
  array(1) {
    [0]=>
    string(1) "5"
  }
}

[28/10/2022 02:24:57] Verificando a solicitação...
[28/10/2022 02:24:57] abgsoft-autopark-unimed.php
array(5) {
  ["nome"]=>
  string(28) "Valéria Assumpção de Deus"
  ["cpf"]=>
  string(11) "62126768600"
  ["email"]=>
  string(26) "Valeriaassdeus@hotmail.com"
  ["placa"]=>
  string(7) "PVB9558"
  ["unidade"]=>
  array(1) {
    [0]=>
    string(1) "5"
  }
}

[28/10/2022 07:49:26] Verificando a solicitação...
[28/10/2022 07:49:26] abgsoft-autopark-unimed.php
array(5) {
  ["nome"]=>
  string(28) "Edinéia Ermelinda da Silva "
  ["cpf"]=>
  string(14) "040.530.986-45"
  ["email"]=>
  string(23) "adm.eesilva13@gmail.com"
  ["placa"]=>
  string(7) "GVY8484"
  ["unidade"]=>
  array(1) {
    [0]=>
    string(1) "7"
  }
}

[28/10/2022 09:10:10] Verificando a solicitação...
[28/10/2022 09:10:10] abgsoft-autopark-unimed.php
array(5) {
  ["nome"]=>
  string(34) "Alisson Marques Soares dos Santos "
  ["cpf"]=>
  string(11) "04506594614"
  ["email"]=>
  string(28) "alissonmarques.s.s@gmail.com"
  ["placa"]=>
  string(7) "HOK9114"
  ["unidade"]=>
  array(1) {
    [0]=>
    string(1) "2"
  }
}

[28/10/2022 10:12:04] Verificando a solicitação...
[28/10/2022 10:12:04] abgsoft-autopark-unimed.php
array(5) {
  ["nome"]=>
  string(29) "Iris de Oliveira Silva Abreu "
  ["cpf"]=>
  string(11) "90134087615"
  ["email"]=>
  string(21) "iris-butt@hotmail.com"
  ["placa"]=>
  string(8) "QNN 2613"
  ["unidade"]=>
  array(1) {
    [0]=>
    string(1) "7"
  }
}

[28/10/2022 11:07:21] Verificando a solicitação...
[28/10/2022 11:07:21] abgsoft-autopark-unimed.php
array(5) {
  ["nome"]=>
  string(27) "Junio Conceição da Silva "
  ["cpf"]=>
  string(14) "839.120.026-49"
  ["email"]=>
  string(25) "juannajulia2709@yahoo.com"
  ["placa"]=>
  string(7) "RTH8I60"
  ["unidade"]=>
  array(1) {
    [0]=>
    string(1) "5"
  }
}

[28/10/2022 11:09:35] Verificando a solicitação...
[28/10/2022 11:09:35] abgsoft-autopark-unimed.php
array(5) {
  ["nome"]=>
  string(19) "RONALDO EMILIO SIMI"
  ["cpf"]=>
  string(14) "031.673.307-59"
  ["email"]=>
  string(18) "ronesimi@gmail.com"
  ["placa"]=>
  string(7) "rne1f41"
  ["unidade"]=>
  array(1) {
    [0]=>
    string(1) "5"
  }
}

[28/10/2022 11:09:53] Verificando a solicitação...
[28/10/2022 11:09:53] abgsoft-autopark-unimed.php
array(5) {
  ["nome"]=>
  string(27) "Junio Conceição da Silva "
  ["cpf"]=>
  string(11) "57845670634"
  ["email"]=>
  string(25) "juannajulia2709@gmail.com"
  ["placa"]=>
  string(7) "RTH8I60"
  ["unidade"]=>
  array(1) {
    [0]=>
    string(1) "5"
  }
}

[28/10/2022 11:18:56] Verificando a solicitação...
[28/10/2022 11:18:56] abgsoft-autopark-unimed.php
array(5) {
  ["nome"]=>
  string(34) "Arthur Gustavo Carvalho Gualberto "
  ["cpf"]=>
  string(11) "06744961675"
  ["email"]=>
  string(19) "arthurcar@gmail.com"
  ["placa"]=>
  string(7) "GVH4F26"
  ["unidade"]=>
  array(1) {
    [0]=>
    string(1) "5"
  }
}

[28/10/2022 11:49:30] Verificando a solicitação...
[28/10/2022 11:49:30] abgsoft-autopark-unimed.php
array(5) {
  ["nome"]=>
  string(22) "ROBERTO CARLOS PEREIRA"
  ["cpf"]=>
  string(14) "988.114.016-15"
  ["email"]=>
  string(21) "rrobertocar@gmail.com"
  ["placa"]=>
  string(7) "PUJ0092"
  ["unidade"]=>
  array(1) {
    [0]=>
    string(1) "7"
  }
}

[28/10/2022 11:52:19] Verificando a solicitação...
[28/10/2022 12:02:45] Verificando a solicitação...
[28/10/2022 12:02:45] abgsoft-autopark-unimed.php
array(5) {
  ["nome"]=>
  string(21) "Débora Solene santos"
  ["cpf"]=>
  string(11) "06981744619"
  ["email"]=>
  string(25) "debora.solene@hotmail.com"
  ["placa"]=>
  string(7) "HGX8893"
  ["unidade"]=>
  array(1) {
    [0]=>
    string(1) "7"
  }
}

[28/10/2022 12:05:15] Verificando a solicitação...
[28/10/2022 12:05:15] abgsoft-autopark-unimed.php
array(5) {
  ["nome"]=>
  string(25) "ANTONIO DE PADUA BRANDÃO"
  ["cpf"]=>
  string(11) "17637830659"
  ["email"]=>
  string(21) "apbbrandao2@gmail.com"
  ["placa"]=>
  string(8) "OPF 6773"
  ["unidade"]=>
  array(1) {
    [0]=>
    string(1) "7"
  }
}

[28/10/2022 12:21:58] Verificando a solicitação...
[28/10/2022 12:35:50] Verificando a solicitação...
[28/10/2022 12:35:50] abgsoft-autopark-unimed.php
array(5) {
  ["nome"]=>
  string(27) "Frederico Ferrarezi Fávero"
  ["cpf"]=>
  string(11) "02933352656"
  ["email"]=>
  string(26) "fredferrarezi@yahoo.com.br"
  ["placa"]=>
  string(7) "HKK5151"
  ["unidade"]=>
  array(1) {
    [0]=>
    string(1) "5"
  }
}

[28/10/2022 12:48:32] Verificando a solicitação...
[28/10/2022 12:48:32] abgsoft-autopark-unimed.php
array(5) {
  ["nome"]=>
  string(23) "RICARDO CAMILLO PEREIRA"
  ["cpf"]=>
  string(14) "607.466.616-49"
  ["email"]=>
  string(23) "ricardobhte@hotmail.com"
  ["placa"]=>
  string(7) "pyg6550"
  ["unidade"]=>
  array(1) {
    [0]=>
    string(1) "3"
  }
}

[28/10/2022 01:09:11] Verificando a solicitação...
[28/10/2022 01:09:11] abgsoft-autopark-unimed.php
array(5) {
  ["nome"]=>
  string(26) "Gabriela Moselli Pimentel "
  ["cpf"]=>
  string(11) "12403974617"
  ["email"]=>
  string(25) "mosellipimentel@gmail.com"
  ["placa"]=>
  string(7) "QPH0927"
  ["unidade"]=>
  array(1) {
    [0]=>
    string(1) "4"
  }
}

[28/10/2022 02:04:59] Verificando a solicitação...
[28/10/2022 02:04:59] abgsoft-autopark-unimed.php
array(5) {
  ["nome"]=>
  string(20) "Luciana Alves de Sá"
  ["cpf"]=>
  string(11) "99672995687"
  ["email"]=>
  string(29) "luciana.alves.sa.13@gmail.com"
  ["placa"]=>
  string(7) "HAR9G45"
  ["unidade"]=>
  array(1) {
    [0]=>
    string(1) "7"
  }
}

[28/10/2022 02:12:06] Verificando a solicitação...
[28/10/2022 02:12:06] abgsoft-autopark-unimed.php
array(5) {
  ["nome"]=>
  string(20) "Luciana Alves de Sá"
  ["cpf"]=>
  string(11) "99672995687"
  ["email"]=>
  string(26) "recrutamentourca@gmail.com"
  ["placa"]=>
  string(7) "HAR9G45"
  ["unidade"]=>
  array(1) {
    [0]=>
    string(1) "7"
  }
}

[28/10/2022 02:29:42] Verificando a solicitação...
[28/10/2022 02:29:42] abgsoft-autopark-unimed.php
array(5) {
  ["nome"]=>
  string(2) "CA"
  ["cpf"]=>
  string(14) "746.398.116-91"
  ["email"]=>
  string(23) "sabrinick2014@gmail.com"
  ["placa"]=>
  string(7) "gzp2757"
  ["unidade"]=>
  array(1) {
    [0]=>
    string(1) "5"
  }
}

[28/10/2022 03:05:41] Verificando a solicitação...
[28/10/2022 04:04:45] Verificando a solicitação...
[28/10/2022 04:04:45] abgsoft-autopark-unimed.php
array(5) {
  ["nome"]=>
  string(24) "Luciano Pereira de sousa"
  ["cpf"]=>
  string(11) "03989058606"
  ["email"]=>
  string(18) "lucs11@hotmail.com"
  ["placa"]=>
  string(7) "HLJ9E01"
  ["unidade"]=>
  array(1) {
    [0]=>
    string(1) "2"
  }
}

[28/10/2022 04:06:37] Verificando a solicitação...
[28/10/2022 04:06:37] abgsoft-autopark-unimed.php
array(5) {
  ["nome"]=>
  string(25) "Luciano Pereira de sousa "
  ["cpf"]=>
  string(11) "03989058606"
  ["email"]=>
  string(18) "lucs11@hotmail.com"
  ["placa"]=>
  string(8) "HLJ9E01 "
  ["unidade"]=>
  array(1) {
    [0]=>
    string(1) "2"
  }
}

[28/10/2022 04:42:23] Verificando a solicitação...
[28/10/2022 04:42:23] abgsoft-autopark-unimed.php
array(5) {
  ["nome"]=>
  string(26) "LEONARDO HENRIQUE DE SOUZA"
  ["cpf"]=>
  string(14) "076.482.316-70"
  ["email"]=>
  string(27) "leonardohennrique@gmail.com"
  ["placa"]=>
  string(7) "PWF2304"
  ["unidade"]=>
  array(1) {
    [0]=>
    string(1) "2"
  }
}

[28/10/2022 04:48:25] Verificando a solicitação...
[28/10/2022 04:48:25] abgsoft-autopark-unimed.php
array(5) {
  ["nome"]=>
  string(22) "Harizon Souza do Carmo"
  ["cpf"]=>
  string(11) "72074353634"
  ["email"]=>
  string(23) "tallesfiuza@hotmail.com"
  ["placa"]=>
  string(7) "HHR4438"
  ["unidade"]=>
  array(1) {
    [0]=>
    string(1) "3"
  }
}

[28/10/2022 05:40:19] Verificando a solicitação...
[28/10/2022 05:40:19] abgsoft-autopark-unimed.php
array(5) {
  ["nome"]=>
  string(31) "Roberta Dantas Ribeiro Nakamura"
  ["cpf"]=>
  string(11) "06808928690"
  ["email"]=>
  string(25) "robertadribeiro@gmail.com"
  ["placa"]=>
  string(7) "PYQ5324"
  ["unidade"]=>
  array(1) {
    [0]=>
    string(1) "5"
  }
}

[28/10/2022 05:45:19] Verificando a solicitação...
[28/10/2022 05:45:19] abgsoft-autopark-unimed.php
array(5) {
  ["nome"]=>
  string(18) "Christian Ferreira"
  ["cpf"]=>
  string(14) "107.269.306-28"
  ["email"]=>
  string(25) "christian.fdacr@gmail.com"
  ["placa"]=>
  string(7) "HNC9F01"
  ["unidade"]=>
  array(1) {
    [0]=>
    string(1) "2"
  }
}

[28/10/2022 06:30:07] Verificando a solicitação...
[28/10/2022 06:30:07] abgsoft-autopark-unimed.php
array(5) {
  ["nome"]=>
  string(7) "Daniel "
  ["cpf"]=>
  string(11) "06217193663"
  ["email"]=>
  string(20) "dsoliveira@gmail.com"
  ["placa"]=>
  string(7) "PXY0911"
  ["unidade"]=>
  array(1) {
    [0]=>
    string(1) "5"
  }
}

[28/10/2022 06:41:35] Verificando a solicitação...
[28/10/2022 06:41:35] abgsoft-autopark-unimed.php
array(5) {
  ["nome"]=>
  string(25) "Luciano Pereira de sousa "
  ["cpf"]=>
  string(11) "03989058606"
  ["email"]=>
  string(18) "lucs11@hotmail.com"
  ["placa"]=>
  string(8) "HLJ9E01 "
  ["unidade"]=>
  array(1) {
    [0]=>
    string(1) "2"
  }
}

[28/10/2022 07:51:04] Verificando a solicitação...
[28/10/2022 07:51:04] abgsoft-autopark-unimed.php
array(5) {
  ["nome"]=>
  string(21) "Eliane Martins Vieira"
  ["cpf"]=>
  string(14) "414.530.506-04"
  ["email"]=>
  string(33) "elianemartinsenfermagem@gmail.com"
  ["placa"]=>
  string(8) "PUZ 0355"
  ["unidade"]=>
  array(1) {
    [0]=>
    string(1) "4"
  }
}

[28/10/2022 07:58:12] Verificando a solicitação...
[28/10/2022 09:14:21] Verificando a solicitação...
[28/10/2022 09:14:21] abgsoft-autopark-unimed.php
array(5) {
  ["nome"]=>
  string(27) "Marcio silva ambrosio Filho"
  ["cpf"]=>
  string(14) "035.524.786-04"
  ["email"]=>
  string(22) "marciof.28@hotmail.com"
  ["placa"]=>
  string(7) "GZQ6027"
  ["unidade"]=>
  array(1) {
    [0]=>
    string(1) "2"
  }
}

