[27/12/2022 12:08:55] Verificando a solicitação...
[27/12/2022 12:08:55] abgsoft-autopark-unimed.php
array(5) {
  ["nome"]=>
  string(23) "Nayara Giovana Araújo "
  ["cpf"]=>
  string(11) "11055908609"
  ["email"]=>
  string(17) "naygag3@gmail.com"
  ["placa"]=>
  string(3) "Oxc"
  ["unidade"]=>
  array(1) {
    [0]=>
    string(1) "3"
  }
}

[27/12/2022 12:27:48] Verificando a solicitação...
[27/12/2022 12:27:48] abgsoft-autopark-unimed.php
array(5) {
  ["nome"]=>
  string(17) "ANA PAULA MARQUES"
  ["cpf"]=>
  string(11) "87270951691"
  ["email"]=>
  string(19) "anapm75@hotmail.com"
  ["placa"]=>
  string(7) "PWD1188"
  ["unidade"]=>
  array(1) {
    [0]=>
    string(1) "7"
  }
}

[27/12/2022 12:34:46] Verificando a solicitação...
[27/12/2022 12:34:46] abgsoft-autopark-unimed.php
array(5) {
  ["nome"]=>
  string(24) "Geraldo Nicolau Ribeiro "
  ["cpf"]=>
  string(14) "354.914.186-68"
  ["email"]=>
  string(27) "geraldonribeiro10@gmail.com"
  ["placa"]=>
  string(7) "RCB6E19"
  ["unidade"]=>
  array(1) {
    [0]=>
    string(1) "3"
  }
}

[27/12/2022 12:40:25] Verificando a solicitação...
[27/12/2022 12:40:25] abgsoft-autopark-unimed.php
array(5) {
  ["nome"]=>
  string(23) "Lilian de Souza Vieira "
  ["cpf"]=>
  string(14) "126.122.736-03"
  ["email"]=>
  string(25) "liliandesouza.p@gmail.com"
  ["placa"]=>
  string(7) "Hfw4d97"
  ["unidade"]=>
  array(1) {
    [0]=>
    string(1) "2"
  }
}

[27/12/2022 12:52:44] Verificando a solicitação...
[27/12/2022 12:52:44] abgsoft-autopark-unimed.php
array(5) {
  ["nome"]=>
  string(30) "Paula Regina Marcelo dos Reis "
  ["cpf"]=>
  string(14) "051.847.796-71"
  ["email"]=>
  string(21) "paredore@yahoo.com.br"
  ["placa"]=>
  string(7) "Hne7709"
  ["unidade"]=>
  array(1) {
    [0]=>
    string(1) "5"
  }
}

[27/12/2022 02:18:35] Verificando a solicitação...
[27/12/2022 02:18:35] abgsoft-autopark-unimed.php
array(5) {
  ["nome"]=>
  string(26) "Xenia Aparecida dos Santos"
  ["cpf"]=>
  string(14) "012.884.036-66"
  ["email"]=>
  string(24) "xeniaapsantos9@gmail.com"
  ["placa"]=>
  string(7) "HOK6G46"
  ["unidade"]=>
  array(1) {
    [0]=>
    string(1) "7"
  }
}

[27/12/2022 03:04:52] Verificando a solicitação...
[27/12/2022 03:04:52] abgsoft-autopark-unimed.php
array(5) {
  ["nome"]=>
  string(29) "Maria das Dores Barros Prieto"
  ["cpf"]=>
  string(11) "73308757672"
  ["email"]=>
  string(17) "luealan@gmail.com"
  ["placa"]=>
  string(7) "GRL3355"
  ["unidade"]=>
  array(1) {
    [0]=>
    string(1) "7"
  }
}

[27/12/2022 03:52:00] Verificando a solicitação...
[27/12/2022 03:52:00] abgsoft-autopark-unimed.php
array(5) {
  ["nome"]=>
  string(20) "Elizabete dos santos"
  ["cpf"]=>
  string(14) "373.103.216-34"
  ["email"]=>
  string(33) "restauranteviaferrea@yahoo.com.br"
  ["placa"]=>
  string(7) "QOQ8072"
  ["unidade"]=>
  array(1) {
    [0]=>
    string(1) "7"
  }
}

[27/12/2022 07:00:54] Verificando a solicitação...
[27/12/2022 07:00:54] abgsoft-autopark-unimed.php
array(5) {
  ["nome"]=>
  string(21) "Eliane Martins Vieira"
  ["cpf"]=>
  string(14) "414.530.506-04"
  ["email"]=>
  string(33) "elianemartinsenfermagem@gmail.com"
  ["placa"]=>
  string(8) "PUZ 0355"
  ["unidade"]=>
  array(1) {
    [0]=>
    string(1) "7"
  }
}

[27/12/2022 09:01:26] Verificando a solicitação...
[27/12/2022 09:01:26] abgsoft-autopark-unimed.php
array(5) {
  ["nome"]=>
  string(34) "Paulo Henrique Barbosa dos Santos "
  ["cpf"]=>
  string(15) "110.514.276.06 "
  ["email"]=>
  string(22) "pauloh_103@outlook.com"
  ["placa"]=>
  string(7) "qqe7e84"
  ["unidade"]=>
  array(1) {
    [0]=>
    string(1) "6"
  }
}

[27/12/2022 09:25:34] Verificando a solicitação...
[27/12/2022 09:25:34] abgsoft-autopark-unimed.php
array(5) {
  ["nome"]=>
  string(21) "Paulo Rodrigues Gomes"
  ["cpf"]=>
  string(11) "10607360712"
  ["email"]=>
  string(18) "prxgomes@gmail.com"
  ["placa"]=>
  string(7) "OMG8203"
  ["unidade"]=>
  array(1) {
    [0]=>
    string(1) "5"
  }
}

[27/12/2022 09:33:09] Verificando a solicitação...
[27/12/2022 09:33:09] abgsoft-autopark-unimed.php
array(5) {
  ["nome"]=>
  string(24) "TULIO FIGUEIREDO BRANDAO"
  ["cpf"]=>
  string(14) "558.144.176-68"
  ["email"]=>
  string(21) "tutubrandao@gmail.com"
  ["placa"]=>
  string(7) "Pwo0j42"
  ["unidade"]=>
  array(1) {
    [0]=>
    string(1) "7"
  }
}

[27/12/2022 09:56:45] Verificando a solicitação...
[27/12/2022 09:56:45] abgsoft-autopark-unimed.php
array(5) {
  ["nome"]=>
  string(22) "Emerson Martins Silva "
  ["cpf"]=>
  string(11) "27134052893"
  ["email"]=>
  string(28) "tiagohrmartins2020@gmail.com"
  ["placa"]=>
  string(7) "Qoa0b15"
  ["unidade"]=>
  array(1) {
    [0]=>
    string(1) "3"
  }
}

[27/12/2022 10:48:17] Verificando a solicitação...
[27/12/2022 10:48:17] abgsoft-autopark-unimed.php
array(5) {
  ["nome"]=>
  string(27) "Ana Paula Figueiredo Leite "
  ["cpf"]=>
  string(11) "01226589650"
  ["email"]=>
  string(37) "anapaulafigueiredoleite1977@gmail.com"
  ["placa"]=>
  string(7) "NYF2682"
  ["unidade"]=>
  array(1) {
    [0]=>
    string(1) "7"
  }
}

[27/12/2022 11:29:27] Verificando a solicitação...
[27/12/2022 11:29:27] abgsoft-autopark-unimed.php
array(5) {
  ["nome"]=>
  string(23) "Sandro Luiz Borba Silva"
  ["cpf"]=>
  string(11) "11054470650"
  ["email"]=>
  string(25) "sandroborba21@hotmail.com"
  ["placa"]=>
  string(7) "RNF1D00"
  ["unidade"]=>
  array(1) {
    [0]=>
    string(1) "5"
  }
}

[27/12/2022 12:31:27] Verificando a solicitação...
[27/12/2022 12:31:27] abgsoft-autopark-unimed.php
array(5) {
  ["nome"]=>
  string(19) "Cleidilene Martins "
  ["cpf"]=>
  string(14) "035.693.116-19"
  ["email"]=>
  string(19) "cwaldethe@gmail.com"
  ["placa"]=>
  string(7) "PWP4127"
  ["unidade"]=>
  array(1) {
    [0]=>
    string(1) "3"
  }
}

[27/12/2022 01:27:21] Verificando a solicitação...
[27/12/2022 01:27:21] abgsoft-autopark-unimed.php
array(5) {
  ["nome"]=>
  string(25) "Cláudio Tertuliano Rizzo"
  ["cpf"]=>
  string(11) "52272079687"
  ["email"]=>
  string(20) "rizzo.groo@gmail.com"
  ["placa"]=>
  string(7) "NXY0140"
  ["unidade"]=>
  array(1) {
    [0]=>
    string(1) "5"
  }
}

[27/12/2022 01:31:40] Verificando a solicitação...
[27/12/2022 01:31:40] abgsoft-autopark-unimed.php
array(5) {
  ["nome"]=>
  string(24) "Isabela Pereira Fonseca "
  ["cpf"]=>
  string(11) "11214620655"
  ["email"]=>
  string(21) "isapfonseca@gmail.com"
  ["placa"]=>
  string(7) "HDW6931"
  ["unidade"]=>
  array(1) {
    [0]=>
    string(1) "5"
  }
}

[27/12/2022 01:32:54] Verificando a solicitação...
[27/12/2022 01:32:54] abgsoft-autopark-unimed.php
array(5) {
  ["nome"]=>
  string(24) "Aline Regina dos Santos "
  ["cpf"]=>
  string(14) "079.707.976-95"
  ["email"]=>
  string(23) "alyneregis@yahoo.com.br"
  ["placa"]=>
  string(7) "PYM0653"
  ["unidade"]=>
  array(1) {
    [0]=>
    string(1) "7"
  }
}

[27/12/2022 01:37:43] Verificando a solicitação...
[27/12/2022 01:37:43] abgsoft-autopark-unimed.php
array(5) {
  ["nome"]=>
  string(22) "Jovino D'Maria Carlos "
  ["cpf"]=>
  string(11) "93941226800"
  ["email"]=>
  string(21) "celso_gg@yahoo.com.br"
  ["placa"]=>
  string(8) "HLP9F70 "
  ["unidade"]=>
  array(1) {
    [0]=>
    string(1) "7"
  }
}

[27/12/2022 01:37:44] Verificando a solicitação...
[27/12/2022 01:37:44] abgsoft-autopark-unimed.php
array(5) {
  ["nome"]=>
  string(33) "Cristiane Mendes Pereira Santiago"
  ["cpf"]=>
  string(11) "00257825681"
  ["email"]=>
  string(25) "cristiane.funed@gmail.com"
  ["placa"]=>
  string(7) "Hjb7644"
  ["unidade"]=>
  array(1) {
    [0]=>
    string(1) "5"
  }
}

[27/12/2022 01:46:23] Verificando a solicitação...
[27/12/2022 01:46:23] abgsoft-autopark-unimed.php
array(5) {
  ["nome"]=>
  string(21) "Luiza Portugal Mattos"
  ["cpf"]=>
  string(11) "11190699630"
  ["email"]=>
  string(23) "luiza_15110@hotmail.com"
  ["placa"]=>
  string(7) "PWB9906"
  ["unidade"]=>
  array(1) {
    [0]=>
    string(1) "7"
  }
}

[27/12/2022 01:49:51] Verificando a solicitação...
[27/12/2022 01:49:51] abgsoft-autopark-unimed.php
array(5) {
  ["nome"]=>
  string(25) "Fernanda Aparecida Ramos "
  ["cpf"]=>
  string(15) "012.766.106-96 "
  ["email"]=>
  string(24) "fernanda_a_r@hotmail.com"
  ["placa"]=>
  string(8) "OOX1A89 "
  ["unidade"]=>
  array(1) {
    [0]=>
    string(1) "7"
  }
}

[27/12/2022 01:59:37] Verificando a solicitação...
[27/12/2022 01:59:37] abgsoft-autopark-unimed.php
array(5) {
  ["nome"]=>
  string(25) "Wellington Luiz Teixeira "
  ["cpf"]=>
  string(11) "04084041670"
  ["email"]=>
  string(26) "lutei.wellington@gmail.com"
  ["placa"]=>
  string(8) "HJP8A48 "
  ["unidade"]=>
  array(1) {
    [0]=>
    string(1) "5"
  }
}

[27/12/2022 02:00:42] Verificando a solicitação...
[27/12/2022 02:00:42] abgsoft-autopark-unimed.php
array(5) {
  ["nome"]=>
  string(18) "marilza lucia lino"
  ["cpf"]=>
  string(11) "77131614653"
  ["email"]=>
  string(23) "marilzalino18@gmail.com"
  ["placa"]=>
  string(7) "HJZ4313"
  ["unidade"]=>
  array(1) {
    [0]=>
    string(1) "2"
  }
}

[27/12/2022 02:03:06] Verificando a solicitação...
[27/12/2022 02:03:06] abgsoft-autopark-unimed.php
array(5) {
  ["nome"]=>
  string(29) "cornelio Teixeira dos santos "
  ["cpf"]=>
  string(14) "845.989.216-68"
  ["email"]=>
  string(26) "corneliobarbeiro@gmail.com"
  ["placa"]=>
  string(7) "Pzg9990"
  ["unidade"]=>
  array(1) {
    [0]=>
    string(1) "3"
  }
}

[27/12/2022 02:24:49] Verificando a solicitação...
[27/12/2022 02:24:49] abgsoft-autopark-unimed.php
array(5) {
  ["nome"]=>
  string(16) "Junio Francisco "
  ["cpf"]=>
  string(11) "11609859600"
  ["email"]=>
  string(21) "junio-bad@hotmail.com"
  ["placa"]=>
  string(7) "Hcu0629"
  ["unidade"]=>
  array(1) {
    [0]=>
    string(1) "7"
  }
}

[27/12/2022 02:27:53] Verificando a solicitação...
[27/12/2022 02:27:53] abgsoft-autopark-unimed.php
array(5) {
  ["nome"]=>
  string(16) "Junio Francisco "
  ["cpf"]=>
  string(11) "11609859609"
  ["email"]=>
  string(21) "junio-bad@hotmail.com"
  ["placa"]=>
  string(7) "Hcu0629"
  ["unidade"]=>
  array(1) {
    [0]=>
    string(1) "7"
  }
}

[27/12/2022 02:35:58] Verificando a solicitação...
[27/12/2022 02:35:58] abgsoft-autopark-unimed.php
array(5) {
  ["nome"]=>
  string(25) "Fabiola de Souza Silveira"
  ["cpf"]=>
  string(11) "01951667603"
  ["email"]=>
  string(28) "silveirafabiola.27@gmail.com"
  ["placa"]=>
  string(7) "PVC3433"
  ["unidade"]=>
  array(1) {
    [0]=>
    string(1) "3"
  }
}

[27/12/2022 02:44:27] Verificando a solicitação...
[27/12/2022 02:44:27] abgsoft-autopark-unimed.php
array(5) {
  ["nome"]=>
  string(17) "Breno Muniz Braga"
  ["cpf"]=>
  string(15) "048.009.216-86 "
  ["email"]=>
  string(20) "breno001@hotmail.com"
  ["placa"]=>
  string(7) "RUL2D28"
  ["unidade"]=>
  array(1) {
    [0]=>
    string(1) "4"
  }
}

[27/12/2022 02:44:27] Verificando a solicitação...
[27/12/2022 02:44:27] abgsoft-autopark-unimed.php
array(5) {
  ["nome"]=>
  string(17) "Breno Muniz Braga"
  ["cpf"]=>
  string(15) "048.009.216-86 "
  ["email"]=>
  string(20) "breno001@hotmail.com"
  ["placa"]=>
  string(7) "RUL2D28"
  ["unidade"]=>
  array(1) {
    [0]=>
    string(1) "4"
  }
}

[27/12/2022 02:44:27] Verificando a solicitação...
[27/12/2022 02:44:27] abgsoft-autopark-unimed.php
array(5) {
  ["nome"]=>
  string(17) "Breno Muniz Braga"
  ["cpf"]=>
  string(15) "048.009.216-86 "
  ["email"]=>
  string(20) "breno001@hotmail.com"
  ["placa"]=>
  string(7) "RUL2D28"
  ["unidade"]=>
  array(1) {
    [0]=>
    string(1) "4"
  }
}

[27/12/2022 02:50:14] Verificando a solicitação...
[27/12/2022 02:50:14] abgsoft-autopark-unimed.php
array(5) {
  ["nome"]=>
  string(27) "Andreia Karina rattes costa"
  ["cpf"]=>
  string(12) "040677216-92"
  ["email"]=>
  string(22) "deiarattes@hotmail.com"
  ["placa"]=>
  string(7) "OWI9J32"
  ["unidade"]=>
  array(1) {
    [0]=>
    string(1) "5"
  }
}

[27/12/2022 02:51:48] Verificando a solicitação...
[27/12/2022 02:51:48] abgsoft-autopark-unimed.php
array(5) {
  ["nome"]=>
  string(18) "Erick Vitor Souza "
  ["cpf"]=>
  string(15) "018.408.906-90 "
  ["email"]=>
  string(24) "erickvitor72@hotmail.com"
  ["placa"]=>
  string(8) "OQE-9373"
  ["unidade"]=>
  array(1) {
    [0]=>
    string(1) "7"
  }
}

[27/12/2022 03:05:57] Verificando a solicitação...
[27/12/2022 03:05:57] abgsoft-autopark-unimed.php
array(5) {
  ["nome"]=>
  string(35) "José Guilherme Araújo de Carvalho"
  ["cpf"]=>
  string(14) "018.819.396-00"
  ["email"]=>
  string(21) "guiaraujo79@gmail.com"
  ["placa"]=>
  string(7) "PXZ0758"
  ["unidade"]=>
  array(1) {
    [0]=>
    string(1) "7"
  }
}

[27/12/2022 03:06:01] Verificando a solicitação...
[27/12/2022 03:06:01] abgsoft-autopark-unimed.php
array(5) {
  ["nome"]=>
  string(37) "Priscilla Batista Tôrres de Lacerda "
  ["cpf"]=>
  string(11) "08120283686"
  ["email"]=>
  string(24) "priscilla12300@gmail.com"
  ["placa"]=>
  string(7) "HLN7E06"
  ["unidade"]=>
  array(1) {
    [0]=>
    string(1) "5"
  }
}

[27/12/2022 03:10:53] Verificando a solicitação...
[27/12/2022 03:10:53] abgsoft-autopark-unimed.php
array(5) {
  ["nome"]=>
  string(35) "José Guilherme Araújo de Carvalho"
  ["cpf"]=>
  string(14) "018.819.396-00"
  ["email"]=>
  string(21) "guiaraujo79@gmail.com"
  ["placa"]=>
  string(7) "PXZ0758"
  ["unidade"]=>
  array(1) {
    [0]=>
    string(1) "7"
  }
}

[27/12/2022 03:20:46] Verificando a solicitação...
[27/12/2022 03:20:46] abgsoft-autopark-unimed.php
array(5) {
  ["nome"]=>
  string(19) "Telma Gomes Soares "
  ["cpf"]=>
  string(11) "04779289602"
  ["email"]=>
  string(24) "telmagomes2018@gmail.com"
  ["placa"]=>
  string(7) "Qpt9625"
  ["unidade"]=>
  array(1) {
    [0]=>
    string(1) "5"
  }
}

[27/12/2022 03:39:27] Verificando a solicitação...
[27/12/2022 03:39:27] abgsoft-autopark-unimed.php
array(5) {
  ["nome"]=>
  string(21) "Durval Ferreira Serra"
  ["cpf"]=>
  string(11) "53601203715"
  ["email"]=>
  string(23) "durvalserra57@gmail.com"
  ["placa"]=>
  string(7) "Rve9j70"
  ["unidade"]=>
  array(1) {
    [0]=>
    string(1) "7"
  }
}

[27/12/2022 03:51:07] Verificando a solicitação...
[27/12/2022 03:51:07] abgsoft-autopark-unimed.php
array(5) {
  ["nome"]=>
  string(12) "Andrea Lages"
  ["cpf"]=>
  string(11) "87520761649"
  ["email"]=>
  string(23) "andrea-lages@bol.com.br"
  ["placa"]=>
  string(7) "ETM6E71"
  ["unidade"]=>
  array(1) {
    [0]=>
    string(1) "7"
  }
}

[27/12/2022 04:01:55] Verificando a solicitação...
[27/12/2022 04:01:55] abgsoft-autopark-unimed.php
array(5) {
  ["nome"]=>
  string(26) "Amélia de Freitas Albino "
  ["cpf"]=>
  string(11) "03718302659"
  ["email"]=>
  string(28) "ameliaconfeitarao7@gmail.com"
  ["placa"]=>
  string(7) "Qus8870"
  ["unidade"]=>
  array(1) {
    [0]=>
    string(1) "7"
  }
}

[27/12/2022 04:28:38] Verificando a solicitação...
[27/12/2022 04:28:38] abgsoft-autopark-unimed.php
array(5) {
  ["nome"]=>
  string(34) "NATHALIA CAROLINE LACERDA DA SILVA"
  ["cpf"]=>
  string(14) "105.191.016-18"
  ["email"]=>
  string(28) "lacerdanathalia@yahoo.com.br"
  ["placa"]=>
  string(7) "HER0196"
  ["unidade"]=>
  array(1) {
    [0]=>
    string(1) "5"
  }
}

[27/12/2022 04:46:45] Verificando a solicitação...
[27/12/2022 04:46:45] abgsoft-autopark-unimed.php
array(5) {
  ["nome"]=>
  string(18) "Breno Muniz Braga "
  ["cpf"]=>
  string(15) "048.009.216-86 "
  ["email"]=>
  string(20) "breno001@hotmail.com"
  ["placa"]=>
  string(7) "RUL2D28"
  ["unidade"]=>
  array(1) {
    [0]=>
    string(1) "4"
  }
}

[27/12/2022 04:49:05] Verificando a solicitação...
[27/12/2022 04:49:05] abgsoft-autopark-unimed.php
array(5) {
  ["nome"]=>
  string(23) "WEVERTHON CHARLES MEDES"
  ["cpf"]=>
  string(11) "72813385620"
  ["email"]=>
  string(32) "weverthonmendes@veloxmail.com.br"
  ["placa"]=>
  string(7) "RNT1H49"
  ["unidade"]=>
  array(1) {
    [0]=>
    string(1) "5"
  }
}

[27/12/2022 05:30:19] Verificando a solicitação...
[27/12/2022 05:30:19] abgsoft-autopark-unimed.php
array(5) {
  ["nome"]=>
  string(22) "Elias MOISÉS DA COSTA"
  ["cpf"]=>
  string(20) "035 . 445 . 366 - 17"
  ["email"]=>
  string(25) "helias_moises@hotmail.com"
  ["placa"]=>
  string(7) "Oxa1741"
  ["unidade"]=>
  array(1) {
    [0]=>
    string(1) "7"
  }
}

[27/12/2022 05:50:09] Verificando a solicitação...
[27/12/2022 05:50:09] abgsoft-autopark-unimed.php
array(5) {
  ["nome"]=>
  string(21) "Silene Alves de souza"
  ["cpf"]=>
  string(11) "01710985798"
  ["email"]=>
  string(24) "sileneasouza61@gmail.com"
  ["placa"]=>
  string(8) "HLx 5546"
  ["unidade"]=>
  array(1) {
    [0]=>
    string(1) "3"
  }
}

[27/12/2022 05:56:29] Verificando a solicitação...
[27/12/2022 06:08:46] Verificando a solicitação...
[27/12/2022 06:08:46] abgsoft-autopark-unimed.php
array(5) {
  ["nome"]=>
  string(27) "Eneida de Oliveira Stehling"
  ["cpf"]=>
  string(11) "39210430697"
  ["email"]=>
  string(25) "eneida.stehling@gmail.com"
  ["placa"]=>
  string(8) "PUD-8978"
  ["unidade"]=>
  array(1) {
    [0]=>
    string(1) "5"
  }
}

[27/12/2022 06:18:14] Verificando a solicitação...
[27/12/2022 06:18:14] abgsoft-autopark-unimed.php
array(5) {
  ["nome"]=>
  string(20) "ANA MARTINS DA SILVA"
  ["cpf"]=>
  string(14) "941.339.306-06"
  ["email"]=>
  string(23) "aninha3716@yahoo.com.br"
  ["placa"]=>
  string(7) "OPS8C83"
  ["unidade"]=>
  array(1) {
    [0]=>
    string(1) "4"
  }
}

[27/12/2022 06:25:26] Verificando a solicitação...
[27/12/2022 06:25:26] abgsoft-autopark-unimed.php
array(5) {
  ["nome"]=>
  string(26) "Tatiana Rafaella de Araujo"
  ["cpf"]=>
  string(14) "054.094.506-47"
  ["email"]=>
  string(27) "tatianarafaella@hotmail.com"
  ["placa"]=>
  string(7) "Hik4875"
  ["unidade"]=>
  array(1) {
    [0]=>
    string(1) "5"
  }
}

[27/12/2022 06:32:14] Verificando a solicitação...
[27/12/2022 06:32:14] abgsoft-autopark-unimed.php
array(5) {
  ["nome"]=>
  string(30) "Carolina Álvares de Oliveira "
  ["cpf"]=>
  string(14) "989.089.526-91"
  ["email"]=>
  string(31) "carolina72oliveira@yahoo.com.br"
  ["placa"]=>
  string(7) "Qxk6330"
  ["unidade"]=>
  array(1) {
    [0]=>
    string(1) "2"
  }
}

[27/12/2022 06:36:46] Verificando a solicitação...
[27/12/2022 06:36:46] abgsoft-autopark-unimed.php
array(5) {
  ["nome"]=>
  string(30) "Guilherme Wagner Barbosa Maia "
  ["cpf"]=>
  string(14) "013.674.816-35"
  ["email"]=>
  string(19) "limgsouza@gmail.com"
  ["placa"]=>
  string(8) "QXU2E09 "
  ["unidade"]=>
  array(1) {
    [0]=>
    string(1) "7"
  }
}

[27/12/2022 06:46:55] Verificando a solicitação...
[27/12/2022 06:46:55] abgsoft-autopark-unimed.php
array(5) {
  ["nome"]=>
  string(35) "flavia estefania de souza goncalves"
  ["cpf"]=>
  string(11) "03519497638"
  ["email"]=>
  string(28) "flaviaestefania@yahoo.com.br"
  ["placa"]=>
  string(7) "hlp4838"
  ["unidade"]=>
  array(1) {
    [0]=>
    string(1) "4"
  }
}

[27/12/2022 06:55:14] Verificando a solicitação...
[27/12/2022 06:55:14] abgsoft-autopark-unimed.php
array(5) {
  ["nome"]=>
  string(29) "PENELOPE DOS REIS DE OLIVEIRA"
  ["cpf"]=>
  string(11) "09410758696"
  ["email"]=>
  string(28) "penelopeoliveira96@gmail.com"
  ["placa"]=>
  string(7) "OPF4591"
  ["unidade"]=>
  array(1) {
    [0]=>
    string(1) "7"
  }
}

[27/12/2022 06:57:20] Verificando a solicitação...
[27/12/2022 06:57:20] abgsoft-autopark-unimed.php
array(5) {
  ["nome"]=>
  string(26) "Gustavo Miranda Guimarães"
  ["cpf"]=>
  string(14) "036.122.516-43"
  ["email"]=>
  string(21) "gmgpucminas@gmail.com"
  ["placa"]=>
  string(7) "Pwx4310"
  ["unidade"]=>
  array(1) {
    [0]=>
    string(1) "4"
  }
}

[27/12/2022 07:11:40] Verificando a solicitação...
[27/12/2022 07:11:40] abgsoft-autopark-unimed.php
array(5) {
  ["nome"]=>
  string(32) "Angélica Virginia Lopes Barbosa"
  ["cpf"]=>
  string(11) "03130719695"
  ["email"]=>
  string(30) "virginia.angelica@yahoo.com.br"
  ["placa"]=>
  string(7) "Hdd0j45"
  ["unidade"]=>
  array(1) {
    [0]=>
    string(1) "5"
  }
}

[27/12/2022 07:15:27] Verificando a solicitação...
[27/12/2022 07:15:27] abgsoft-autopark-unimed.php
array(5) {
  ["nome"]=>
  string(31) "Lorena de Oliveira Campos Souza"
  ["cpf"]=>
  string(14) "115.830.566-45"
  ["email"]=>
  string(24) "lorenasouzaadm@gmail.com"
  ["placa"]=>
  string(7) "hln3209"
  ["unidade"]=>
  array(1) {
    [0]=>
    string(1) "2"
  }
}

[27/12/2022 07:26:07] Verificando a solicitação...
[27/12/2022 07:26:07] abgsoft-autopark-unimed.php
array(5) {
  ["nome"]=>
  string(19) "Maria Carmen Ottoni"
  ["cpf"]=>
  string(11) "92351026691"
  ["email"]=>
  string(23) "m.ottoni@edu.pbh.gov.br"
  ["placa"]=>
  string(7) "Pua3175"
  ["unidade"]=>
  array(1) {
    [0]=>
    string(1) "5"
  }
}

[27/12/2022 07:56:34] Verificando a solicitação...
[27/12/2022 07:56:34] abgsoft-autopark-unimed.php
array(5) {
  ["nome"]=>
  string(30) "Daniel Reggiani Soares de Lima"
  ["cpf"]=>
  string(11) "07398225601"
  ["email"]=>
  string(26) "danielreggiani@hotmail.com"
  ["placa"]=>
  string(7) "RFE7I35"
  ["unidade"]=>
  array(1) {
    [0]=>
    string(1) "5"
  }
}

[27/12/2022 07:56:52] Verificando a solicitação...
[27/12/2022 07:56:52] abgsoft-autopark-unimed.php
array(5) {
  ["nome"]=>
  string(30) "Daniel Reggiani Soares de Lima"
  ["cpf"]=>
  string(11) "07398225601"
  ["email"]=>
  string(26) "danielreggiani@hotmail.com"
  ["placa"]=>
  string(7) "RFE7I35"
  ["unidade"]=>
  array(1) {
    [0]=>
    string(1) "5"
  }
}

[27/12/2022 08:18:28] Verificando a solicitação...
[27/12/2022 08:18:28] abgsoft-autopark-unimed.php
array(5) {
  ["nome"]=>
  string(35) "Edgard Luiz do Nascimento Carvalho "
  ["cpf"]=>
  string(14) "058.264.756-84"
  ["email"]=>
  string(22) "edgardluiz83@gmail.com"
  ["placa"]=>
  string(7) "Qxm7220"
  ["unidade"]=>
  array(1) {
    [0]=>
    string(1) "3"
  }
}

[27/12/2022 08:21:48] Verificando a solicitação...
[27/12/2022 08:21:48] abgsoft-autopark-unimed.php
array(5) {
  ["nome"]=>
  string(27) "Eliane Nascimento Cevidsnes"
  ["cpf"]=>
  string(11) "98847066620"
  ["email"]=>
  string(29) "elianecevidanestape@gmail.com"
  ["placa"]=>
  string(8) "QPM 5854"
  ["unidade"]=>
  array(1) {
    [0]=>
    string(1) "5"
  }
}

[27/12/2022 08:30:17] Verificando a solicitação...
[27/12/2022 08:30:17] abgsoft-autopark-unimed.php
array(5) {
  ["nome"]=>
  string(37) "JESSICA THAIS MOURA RODRIGUES MELGACO"
  ["cpf"]=>
  string(14) "097.480.316-24"
  ["email"]=>
  string(17) "oijetdb@gmail.com"
  ["placa"]=>
  string(7) "Hel0290"
  ["unidade"]=>
  array(1) {
    [0]=>
    string(1) "7"
  }
}

[27/12/2022 09:15:16] Verificando a solicitação...
[27/12/2022 09:15:16] abgsoft-autopark-unimed.php
array(5) {
  ["nome"]=>
  string(21) "Uiara Mendes de Paiva"
  ["cpf"]=>
  string(14) "072.437.176-16"
  ["email"]=>
  string(22) "u.paiva17@yahoo.com.br"
  ["placa"]=>
  string(7) "Pub2189"
  ["unidade"]=>
  array(1) {
    [0]=>
    string(1) "7"
  }
}

[27/12/2022 09:25:55] Verificando a solicitação...
[27/12/2022 09:25:55] abgsoft-autopark-unimed.php
array(5) {
  ["nome"]=>
  string(25) "Wanderson Silva Ferreira "
  ["cpf"]=>
  string(14) "108.274.116-77"
  ["email"]=>
  string(24) "wandersons.tst@gmail.com"
  ["placa"]=>
  string(7) "HHR1022"
  ["unidade"]=>
  array(1) {
    [0]=>
    string(1) "7"
  }
}

[27/12/2022 10:18:12] Verificando a solicitação...
[27/12/2022 10:18:12] abgsoft-autopark-unimed.php
array(5) {
  ["nome"]=>
  string(24) "Alice de Oliveira Maximo"
  ["cpf"]=>
  string(14) "086.647.456-09"
  ["email"]=>
  string(21) "lice.maximo@gmail.com"
  ["placa"]=>
  string(7) "HDI3D88"
  ["unidade"]=>
  array(1) {
    [0]=>
    string(1) "5"
  }
}

[27/12/2022 10:32:00] Verificando a solicitação...
[27/12/2022 10:32:00] abgsoft-autopark-unimed.php
array(5) {
  ["nome"]=>
  string(26) "Arlene dos Santos Barbosa "
  ["cpf"]=>
  string(11) "10670015652"
  ["email"]=>
  string(21) "arllenesb@hotmail.com"
  ["placa"]=>
  string(8) "Hnt1i02 "
  ["unidade"]=>
  array(1) {
    [0]=>
    string(1) "7"
  }
}

[27/12/2022 10:36:33] Verificando a solicitação...
[27/12/2022 10:36:33] abgsoft-autopark-unimed.php
array(5) {
  ["nome"]=>
  string(28) "Adriane Gonçalves de Sousa "
  ["cpf"]=>
  string(10) "2381396624"
  ["email"]=>
  string(21) "drikagsousa@gmail.com"
  ["placa"]=>
  string(8) "O,PU3142"
  ["unidade"]=>
  array(1) {
    [0]=>
    string(1) "5"
  }
}

[27/12/2022 11:04:24] Verificando a solicitação...
[27/12/2022 11:04:24] abgsoft-autopark-unimed.php
array(5) {
  ["nome"]=>
  string(12) "Danilo Faria"
  ["cpf"]=>
  string(14) "061.042.786-55"
  ["email"]=>
  string(25) "danilo.faranjos@gmail.com"
  ["placa"]=>
  string(7) "Pvl7920"
  ["unidade"]=>
  array(1) {
    [0]=>
    string(1) "5"
  }
}

[27/12/2022 11:05:01] Verificando a solicitação...
[27/12/2022 11:05:01] abgsoft-autopark-unimed.php
array(5) {
  ["nome"]=>
  string(12) "Danilo Faria"
  ["cpf"]=>
  string(14) "061.042.786-55"
  ["email"]=>
  string(25) "danilo.faranjos@gmail.com"
  ["placa"]=>
  string(7) "Pvl7920"
  ["unidade"]=>
  array(1) {
    [0]=>
    string(1) "5"
  }
}

[27/12/2022 11:16:36] Verificando a solicitação...
[27/12/2022 11:16:36] abgsoft-autopark-unimed.php
array(5) {
  ["nome"]=>
  string(9) "Janaína "
  ["cpf"]=>
  string(11) "06962329601"
  ["email"]=>
  string(22) "janamechetti@gmail.com"
  ["placa"]=>
  string(7) "Gjg2g73"
  ["unidade"]=>
  array(1) {
    [0]=>
    string(1) "7"
  }
}

