[08/10/2022 11:14:46] Verificando a solicitação...
[08/10/2022 11:14:46] abgsoft-autopark-unimed.php
array(5) {
  ["nome"]=>
  string(24) "Maria das dores Delfino "
  ["cpf"]=>
  string(11) "03929172623"
  ["email"]=>
  string(30) "mariadasdoresdelfino@gmail.com"
  ["placa"]=>
  string(7) "Pyn6395"
  ["unidade"]=>
  array(1) {
    [0]=>
    string(1) "7"
  }
}

[08/10/2022 11:15:57] Verificando a solicitação...
[08/10/2022 11:15:57] abgsoft-autopark-unimed.php
array(5) {
  ["nome"]=>
  string(24) "Maria das dores Delfino "
  ["cpf"]=>
  string(11) "03929172623"
  ["email"]=>
  string(30) "mariadasdoresdelfino@gmail.com"
  ["placa"]=>
  string(7) "Pyn6D95"
  ["unidade"]=>
  array(1) {
    [0]=>
    string(1) "7"
  }
}

[08/10/2022 11:16:28] Verificando a solicitação...
[08/10/2022 11:16:28] abgsoft-autopark-unimed.php
array(5) {
  ["nome"]=>
  string(24) "Maria das dores Delfino "
  ["cpf"]=>
  string(11) "03929172623"
  ["email"]=>
  string(30) "mariadasdoresdelfino@gmail.com"
  ["placa"]=>
  string(7) "Pyn6D95"
  ["unidade"]=>
  array(1) {
    [0]=>
    string(1) "7"
  }
}

[08/10/2022 11:38:29] Verificando a solicitação...
[08/10/2022 11:38:29] abgsoft-autopark-unimed.php
array(5) {
  ["nome"]=>
  string(27) "Miriane Rodrigues do Amaral"
  ["cpf"]=>
  string(14) "092.458.356-85"
  ["email"]=>
  string(21) "miriane1204@gmail.com"
  ["placa"]=>
  string(7) "Hdf4222"
  ["unidade"]=>
  array(1) {
    [0]=>
    string(1) "1"
  }
}

[08/10/2022 11:38:50] Verificando a solicitação...
[08/10/2022 11:38:50] abgsoft-autopark-unimed.php
array(5) {
  ["nome"]=>
  string(27) "Miriane Rodrigues do Amaral"
  ["cpf"]=>
  string(14) "092.458.356-85"
  ["email"]=>
  string(21) "miriane1204@gmail.com"
  ["placa"]=>
  string(7) "Hdf4222"
  ["unidade"]=>
  array(1) {
    [0]=>
    string(1) "1"
  }
}

[08/10/2022 11:39:15] Verificando a solicitação...
[08/10/2022 11:39:15] abgsoft-autopark-unimed.php
array(5) {
  ["nome"]=>
  string(27) "Miriane Rodrigues do Amaral"
  ["cpf"]=>
  string(14) "092.458.356-85"
  ["email"]=>
  string(21) "miriane1204@gmail.com"
  ["placa"]=>
  string(7) "Hdf4222"
  ["unidade"]=>
  array(1) {
    [0]=>
    string(1) "1"
  }
}

[08/10/2022 11:40:15] Verificando a solicitação...
[08/10/2022 11:40:15] abgsoft-autopark-unimed.php
array(5) {
  ["nome"]=>
  string(27) "Miriane Rodrigues do Amaral"
  ["cpf"]=>
  string(14) "092.458.356-85"
  ["email"]=>
  string(21) "miriane1204@gmail.com"
  ["placa"]=>
  string(7) "Hdf4222"
  ["unidade"]=>
  array(1) {
    [0]=>
    string(1) "1"
  }
}

[08/10/2022 11:44:32] Verificando a solicitação...
[08/10/2022 11:44:32] abgsoft-autopark-unimed.php
array(5) {
  ["nome"]=>
  string(27) "Miriane Rodrigues do Amaral"
  ["cpf"]=>
  string(14) "092.458.356-85"
  ["email"]=>
  string(21) "miriane1204@gmail.com"
  ["placa"]=>
  string(7) "Hdf4222"
  ["unidade"]=>
  array(1) {
    [0]=>
    string(1) "1"
  }
}

[08/10/2022 11:45:02] Verificando a solicitação...
[08/10/2022 11:45:02] abgsoft-autopark-unimed.php
array(5) {
  ["nome"]=>
  string(27) "Miriane Rodrigues do Amaral"
  ["cpf"]=>
  string(14) "092.458.356-85"
  ["email"]=>
  string(21) "miriane1204@gmail.com"
  ["placa"]=>
  string(7) "Hdf4222"
  ["unidade"]=>
  array(1) {
    [0]=>
    string(1) "1"
  }
}

[08/10/2022 12:01:49] Verificando a solicitação...
[08/10/2022 12:01:49] abgsoft-autopark-unimed.php
array(5) {
  ["nome"]=>
  string(39) "Conceição Aparecida Antônio da Cruz "
  ["cpf"]=>
  string(11) "04119450686"
  ["email"]=>
  string(24) "cida.cruz.2000@gmail.com"
  ["placa"]=>
  string(7) "QQU3E79"
  ["unidade"]=>
  array(1) {
    [0]=>
    string(1) "1"
  }
}

[08/10/2022 12:18:26] Verificando a solicitação...
[08/10/2022 12:18:26] abgsoft-autopark-unimed.php
array(5) {
  ["nome"]=>
  string(25) "Raphael de Castro Azevedo"
  ["cpf"]=>
  string(14) "096.369.316-66"
  ["email"]=>
  string(23) "raphaelca10@hotmail.com"
  ["placa"]=>
  string(7) "MPD0F74"
  ["unidade"]=>
  array(1) {
    [0]=>
    string(1) "3"
  }
}

[08/10/2022 12:18:52] Verificando a solicitação...
[08/10/2022 12:18:52] abgsoft-autopark-unimed.php
array(5) {
  ["nome"]=>
  string(25) "Raphael de Castro Azevedo"
  ["cpf"]=>
  string(14) "096.369.316-66"
  ["email"]=>
  string(23) "raphaelca10@hotmail.com"
  ["placa"]=>
  string(7) "MPD0F74"
  ["unidade"]=>
  array(1) {
    [0]=>
    string(1) "3"
  }
}

[08/10/2022 12:19:47] Verificando a solicitação...
[08/10/2022 12:19:47] abgsoft-autopark-unimed.php
array(5) {
  ["nome"]=>
  string(25) "Raphael de Castro Azevedo"
  ["cpf"]=>
  string(14) "096.369.316-66"
  ["email"]=>
  string(23) "raphaelca10@hotmail.com"
  ["placa"]=>
  string(7) "MPD0F74"
  ["unidade"]=>
  array(1) {
    [0]=>
    string(1) "3"
  }
}

[08/10/2022 12:23:10] Verificando a solicitação...
[08/10/2022 12:23:10] abgsoft-autopark-unimed.php
array(5) {
  ["nome"]=>
  string(25) "Raphael de Castro Azevedo"
  ["cpf"]=>
  string(14) "096.369.316-66"
  ["email"]=>
  string(23) "raphaelca10@hotmail.com"
  ["placa"]=>
  string(7) "MPD0F74"
  ["unidade"]=>
  array(1) {
    [0]=>
    string(1) "3"
  }
}

[08/10/2022 12:23:43] Verificando a solicitação...
[08/10/2022 12:23:43] abgsoft-autopark-unimed.php
array(5) {
  ["nome"]=>
  string(25) "Raphael de Castro Azevedo"
  ["cpf"]=>
  string(14) "096.369.316-66"
  ["email"]=>
  string(23) "raphaelca10@hotmail.com"
  ["placa"]=>
  string(7) "MPD0F74"
  ["unidade"]=>
  array(1) {
    [0]=>
    string(1) "3"
  }
}

[08/10/2022 12:25:49] Verificando a solicitação...
[08/10/2022 12:25:49] abgsoft-autopark-unimed.php
array(5) {
  ["nome"]=>
  string(26) "Raphael de Castro Azevedo "
  ["cpf"]=>
  string(11) "09636931666"
  ["email"]=>
  string(23) "raphaelca10@hotmail.com"
  ["placa"]=>
  string(7) "MPD0F74"
  ["unidade"]=>
  array(1) {
    [0]=>
    string(1) "3"
  }
}

[08/10/2022 12:39:57] Verificando a solicitação...
[08/10/2022 12:39:57] abgsoft-autopark-unimed.php
array(5) {
  ["nome"]=>
  string(25) "Raphael de Castro Azevedo"
  ["cpf"]=>
  string(14) "096.369.316-66"
  ["email"]=>
  string(23) "raphaelca10@hotmail.com"
  ["placa"]=>
  string(7) "MPD0F74"
  ["unidade"]=>
  array(1) {
    [0]=>
    string(1) "3"
  }
}

[08/10/2022 12:40:14] Verificando a solicitação...
[08/10/2022 12:40:14] abgsoft-autopark-unimed.php
array(5) {
  ["nome"]=>
  string(25) "Raphael de Castro Azevedo"
  ["cpf"]=>
  string(14) "096.369.316-66"
  ["email"]=>
  string(23) "raphaelca10@hotmail.com"
  ["placa"]=>
  string(7) "MPD0F74"
  ["unidade"]=>
  array(1) {
    [0]=>
    string(1) "3"
  }
}

[08/10/2022 01:57:04] Verificando a solicitação...
[08/10/2022 01:57:04] abgsoft-autopark-unimed.php
array(5) {
  ["nome"]=>
  string(14) "Marisa Vieira "
  ["cpf"]=>
  string(14) "355.555.486-72"
  ["email"]=>
  string(23) "marisavieirab@gmail.com"
  ["placa"]=>
  string(7) "Hef8741"
  ["unidade"]=>
  array(1) {
    [0]=>
    string(1) "5"
  }
}

[08/10/2022 04:53:25] Verificando a solicitação...
[08/10/2022 04:53:25] abgsoft-autopark-unimed.php
array(5) {
  ["nome"]=>
  string(15) "Viviane Campos "
  ["cpf"]=>
  string(14) "060.287.146-82"
  ["email"]=>
  string(24) "campos.viviane@gmail.com"
  ["placa"]=>
  string(8) "Qnq4092 "
  ["unidade"]=>
  array(1) {
    [0]=>
    string(1) "7"
  }
}

[08/10/2022 05:49:13] Verificando a solicitação...
[08/10/2022 05:49:13] abgsoft-autopark-unimed.php
array(5) {
  ["nome"]=>
  string(29) "KELLY CRISTINA APARECIDA MAIA"
  ["cpf"]=>
  string(14) "049.586.926-06"
  ["email"]=>
  string(20) "kcamaia@yahoo.com.br"
  ["placa"]=>
  string(8) "QPP 3246"
  ["unidade"]=>
  array(1) {
    [0]=>
    string(1) "5"
  }
}

[08/10/2022 09:11:10] Verificando a solicitação...
[08/10/2022 09:11:10] abgsoft-autopark-unimed.php
array(5) {
  ["nome"]=>
  string(23) "Elena Duarte Rodrigues "
  ["cpf"]=>
  string(11) "18848020607"
  ["email"]=>
  string(19) "thabatad07@gmai.com"
  ["placa"]=>
  string(7) "Jsh1d28"
  ["unidade"]=>
  array(1) {
    [0]=>
    string(1) "7"
  }
}

[08/10/2022 09:42:27] Verificando a solicitação...
[08/10/2022 10:39:21] Verificando a solicitação...
[08/10/2022 10:39:21] abgsoft-autopark-unimed.php
array(5) {
  ["nome"]=>
  string(25) "Rafael Wilson de Andrade "
  ["cpf"]=>
  string(11) "10435504703"
  ["email"]=>
  string(23) "rafaelekely@hotmail.com"
  ["placa"]=>
  string(7) "Gsp2i10"
  ["unidade"]=>
  array(1) {
    [0]=>
    string(1) "7"
  }
}

[08/10/2022 11:14:19] Verificando a solicitação...
[08/10/2022 11:14:19] abgsoft-autopark-unimed.php
array(5) {
  ["nome"]=>
  string(37) "Dulcineia ferreira de andrade Rezende"
  ["cpf"]=>
  string(14) "037.692.896-41"
  ["email"]=>
  string(24) "dulcineia_f@yahoo.com.br"
  ["placa"]=>
  string(7) "JTU5658"
  ["unidade"]=>
  array(1) {
    [0]=>
    string(1) "5"
  }
}

