[11/09/2022 12:27:11] Verificando a solicitação...
[11/09/2022 12:27:11] abgsoft-autopark-unimed.php
array(16) {
  ["_wpcf7"]=>
  string(4) "1703"
  ["_wpcf7_version"]=>
  string(5) "5.1.7"
  ["_wpcf7_locale"]=>
  string(5) "pt_BR"
  ["_wpcf7_unit_tag"]=>
  string(20) "wpcf7-f1703-p1524-o1"
  ["_wpcf7_container_post"]=>
  string(4) "1524"
  ["_wpcf7cf_hidden_group_fields"]=>
  string(2) "[]"
  ["_wpcf7cf_hidden_groups"]=>
  string(2) "[]"
  ["_wpcf7cf_visible_groups"]=>
  string(2) "[]"
  ["_wpcf7cf_repeaters"]=>
  string(2) "[]"
  ["_wpcf7cf_steps"]=>
  string(2) "{}"
  ["_wpcf7cf_options"]=>
  string(223) "{\"form_id\":1703,\"conditions\":[],\"settings\":{\"animation\":\"yes\",\"animation_intime\":200,\"animation_outtime\":200,\"conditions_ui\":\"normal\",\"notice_dismissed\":false,\"notice_dismissed_update-cf7-5.5.6\":true}}"
  ["nome"]=>
  string(25) "Luzinete ornelas queiroz "
  ["cpf"]=>
  string(11) "79281613620"
  ["email"]=>
  string(21) "ornelasl143@gmail.com"
  ["placa"]=>
  string(7) "Hae3090"
  ["unidade"]=>
  string(1) "7"
}

[11/09/2022 01:03:03] Verificando a solicitação...
[11/09/2022 01:03:03] abgsoft-autopark-unimed.php
array(16) {
  ["_wpcf7"]=>
  string(4) "1703"
  ["_wpcf7_version"]=>
  string(5) "5.1.7"
  ["_wpcf7_locale"]=>
  string(5) "pt_BR"
  ["_wpcf7_unit_tag"]=>
  string(20) "wpcf7-f1703-p1524-o1"
  ["_wpcf7_container_post"]=>
  string(4) "1524"
  ["_wpcf7cf_hidden_group_fields"]=>
  string(2) "[]"
  ["_wpcf7cf_hidden_groups"]=>
  string(2) "[]"
  ["_wpcf7cf_visible_groups"]=>
  string(2) "[]"
  ["_wpcf7cf_repeaters"]=>
  string(2) "[]"
  ["_wpcf7cf_steps"]=>
  string(2) "{}"
  ["_wpcf7cf_options"]=>
  string(223) "{\"form_id\":1703,\"conditions\":[],\"settings\":{\"animation\":\"yes\",\"animation_intime\":200,\"animation_outtime\":200,\"conditions_ui\":\"normal\",\"notice_dismissed\":false,\"notice_dismissed_update-cf7-5.5.6\":true}}"
  ["nome"]=>
  string(24) "Anderson Kennedy Soares "
  ["cpf"]=>
  string(14) "811.802.336-20"
  ["email"]=>
  string(35) "andersonkennedysoares@gmail.comande"
  ["placa"]=>
  string(8) "Rnx2c52 "
  ["unidade"]=>
  string(1) "5"
}

[11/09/2022 01:15:40] Verificando a solicitação...
[11/09/2022 02:03:10] Verificando a solicitação...
[11/09/2022 02:03:10] abgsoft-autopark-unimed.php
array(16) {
  ["_wpcf7"]=>
  string(4) "1703"
  ["_wpcf7_version"]=>
  string(5) "5.1.7"
  ["_wpcf7_locale"]=>
  string(5) "pt_BR"
  ["_wpcf7_unit_tag"]=>
  string(20) "wpcf7-f1703-p1524-o1"
  ["_wpcf7_container_post"]=>
  string(4) "1524"
  ["_wpcf7cf_hidden_group_fields"]=>
  string(2) "[]"
  ["_wpcf7cf_hidden_groups"]=>
  string(2) "[]"
  ["_wpcf7cf_visible_groups"]=>
  string(2) "[]"
  ["_wpcf7cf_repeaters"]=>
  string(2) "[]"
  ["_wpcf7cf_steps"]=>
  string(2) "{}"
  ["_wpcf7cf_options"]=>
  string(223) "{\"form_id\":1703,\"conditions\":[],\"settings\":{\"animation\":\"yes\",\"animation_intime\":200,\"animation_outtime\":200,\"conditions_ui\":\"normal\",\"notice_dismissed\":false,\"notice_dismissed_update-cf7-5.5.6\":true}}"
  ["nome"]=>
  string(30) "Carlos Alberto Frade da Silva "
  ["cpf"]=>
  string(11) "62011879668"
  ["email"]=>
  string(25) "carlos.frade100@gmail.com"
  ["placa"]=>
  string(7) "RTX4H01"
  ["unidade"]=>
  string(1) "7"
}

[11/09/2022 02:20:03] Verificando a solicitação...
[11/09/2022 02:20:03] abgsoft-autopark-unimed.php
array(16) {
  ["_wpcf7"]=>
  string(4) "1703"
  ["_wpcf7_version"]=>
  string(5) "5.1.7"
  ["_wpcf7_locale"]=>
  string(5) "pt_BR"
  ["_wpcf7_unit_tag"]=>
  string(20) "wpcf7-f1703-p1524-o1"
  ["_wpcf7_container_post"]=>
  string(4) "1524"
  ["_wpcf7cf_hidden_group_fields"]=>
  string(2) "[]"
  ["_wpcf7cf_hidden_groups"]=>
  string(2) "[]"
  ["_wpcf7cf_visible_groups"]=>
  string(2) "[]"
  ["_wpcf7cf_repeaters"]=>
  string(2) "[]"
  ["_wpcf7cf_steps"]=>
  string(2) "{}"
  ["_wpcf7cf_options"]=>
  string(223) "{\"form_id\":1703,\"conditions\":[],\"settings\":{\"animation\":\"yes\",\"animation_intime\":200,\"animation_outtime\":200,\"conditions_ui\":\"normal\",\"notice_dismissed\":false,\"notice_dismissed_update-cf7-5.5.6\":true}}"
  ["nome"]=>
  string(37) "Cleusa de Carvalho Nogueira da Silva "
  ["cpf"]=>
  string(11) "39848205691"
  ["email"]=>
  string(21) "cleusacns50@gmail.com"
  ["placa"]=>
  string(8) "PWZ 6388"
  ["unidade"]=>
  string(1) "5"
}

[11/09/2022 02:20:34] Verificando a solicitação...
[11/09/2022 02:20:34] abgsoft-autopark-unimed.php
array(16) {
  ["_wpcf7"]=>
  string(4) "1703"
  ["_wpcf7_version"]=>
  string(5) "5.1.7"
  ["_wpcf7_locale"]=>
  string(5) "pt_BR"
  ["_wpcf7_unit_tag"]=>
  string(20) "wpcf7-f1703-p1524-o1"
  ["_wpcf7_container_post"]=>
  string(4) "1524"
  ["_wpcf7cf_hidden_group_fields"]=>
  string(2) "[]"
  ["_wpcf7cf_hidden_groups"]=>
  string(2) "[]"
  ["_wpcf7cf_visible_groups"]=>
  string(2) "[]"
  ["_wpcf7cf_repeaters"]=>
  string(2) "[]"
  ["_wpcf7cf_steps"]=>
  string(2) "{}"
  ["_wpcf7cf_options"]=>
  string(223) "{\"form_id\":1703,\"conditions\":[],\"settings\":{\"animation\":\"yes\",\"animation_intime\":200,\"animation_outtime\":200,\"conditions_ui\":\"normal\",\"notice_dismissed\":false,\"notice_dismissed_update-cf7-5.5.6\":true}}"
  ["nome"]=>
  string(11) "Elaine Leal"
  ["cpf"]=>
  string(11) "01341554678"
  ["email"]=>
  string(30) "elainecristina_bh@yahoo.com.br"
  ["placa"]=>
  string(7) "GTE0895"
  ["unidade"]=>
  string(1) "7"
}

[11/09/2022 03:14:58] Verificando a solicitação...
[11/09/2022 03:14:58] abgsoft-autopark-unimed.php
array(16) {
  ["_wpcf7"]=>
  string(4) "1703"
  ["_wpcf7_version"]=>
  string(5) "5.1.7"
  ["_wpcf7_locale"]=>
  string(5) "pt_BR"
  ["_wpcf7_unit_tag"]=>
  string(20) "wpcf7-f1703-p1524-o1"
  ["_wpcf7_container_post"]=>
  string(4) "1524"
  ["_wpcf7cf_hidden_group_fields"]=>
  string(2) "[]"
  ["_wpcf7cf_hidden_groups"]=>
  string(2) "[]"
  ["_wpcf7cf_visible_groups"]=>
  string(2) "[]"
  ["_wpcf7cf_repeaters"]=>
  string(2) "[]"
  ["_wpcf7cf_steps"]=>
  string(2) "{}"
  ["_wpcf7cf_options"]=>
  string(223) "{\"form_id\":1703,\"conditions\":[],\"settings\":{\"animation\":\"yes\",\"animation_intime\":200,\"animation_outtime\":200,\"conditions_ui\":\"normal\",\"notice_dismissed\":false,\"notice_dismissed_update-cf7-5.5.6\":true}}"
  ["nome"]=>
  string(17) "MARILENE CALDEIRA"
  ["cpf"]=>
  string(14) "060.547.256-45"
  ["email"]=>
  string(27) "marilenefortunato@gmail.com"
  ["placa"]=>
  string(7) "HKT2215"
  ["unidade"]=>
  string(1) "2"
}

[11/09/2022 05:20:14] Verificando a solicitação...
[11/09/2022 05:20:14] abgsoft-autopark-unimed.php
array(16) {
  ["_wpcf7"]=>
  string(4) "1703"
  ["_wpcf7_version"]=>
  string(5) "5.1.7"
  ["_wpcf7_locale"]=>
  string(5) "pt_BR"
  ["_wpcf7_unit_tag"]=>
  string(20) "wpcf7-f1703-p1524-o1"
  ["_wpcf7_container_post"]=>
  string(4) "1524"
  ["_wpcf7cf_hidden_group_fields"]=>
  string(2) "[]"
  ["_wpcf7cf_hidden_groups"]=>
  string(2) "[]"
  ["_wpcf7cf_visible_groups"]=>
  string(2) "[]"
  ["_wpcf7cf_repeaters"]=>
  string(2) "[]"
  ["_wpcf7cf_steps"]=>
  string(2) "{}"
  ["_wpcf7cf_options"]=>
  string(223) "{\"form_id\":1703,\"conditions\":[],\"settings\":{\"animation\":\"yes\",\"animation_intime\":200,\"animation_outtime\":200,\"conditions_ui\":\"normal\",\"notice_dismissed\":false,\"notice_dismissed_update-cf7-5.5.6\":true}}"
  ["nome"]=>
  string(20) "RONEI da Silva Melo "
  ["cpf"]=>
  string(11) "87830094691"
  ["email"]=>
  string(24) "roneisilva1770@gmail.com"
  ["placa"]=>
  string(8) "kgs 2419"
  ["unidade"]=>
  string(1) "3"
}

[11/09/2022 05:45:54] Verificando a solicitação...
[11/09/2022 05:45:54] abgsoft-autopark-unimed.php
array(16) {
  ["_wpcf7"]=>
  string(4) "1703"
  ["_wpcf7_version"]=>
  string(5) "5.1.7"
  ["_wpcf7_locale"]=>
  string(5) "pt_BR"
  ["_wpcf7_unit_tag"]=>
  string(20) "wpcf7-f1703-p1524-o1"
  ["_wpcf7_container_post"]=>
  string(4) "1524"
  ["_wpcf7cf_hidden_group_fields"]=>
  string(2) "[]"
  ["_wpcf7cf_hidden_groups"]=>
  string(2) "[]"
  ["_wpcf7cf_visible_groups"]=>
  string(2) "[]"
  ["_wpcf7cf_repeaters"]=>
  string(2) "[]"
  ["_wpcf7cf_steps"]=>
  string(2) "{}"
  ["_wpcf7cf_options"]=>
  string(223) "{\"form_id\":1703,\"conditions\":[],\"settings\":{\"animation\":\"yes\",\"animation_intime\":200,\"animation_outtime\":200,\"conditions_ui\":\"normal\",\"notice_dismissed\":false,\"notice_dismissed_update-cf7-5.5.6\":true}}"
  ["nome"]=>
  string(13) "Layza Girundi"
  ["cpf"]=>
  string(14) "016.109.016-81"
  ["email"]=>
  string(20) "layzasm@yahoo.com.br"
  ["placa"]=>
  string(7) "QNV4325"
  ["unidade"]=>
  string(1) "5"
}

[11/09/2022 09:41:53] Verificando a solicitação...
[11/09/2022 09:41:53] abgsoft-autopark-unimed.php
array(16) {
  ["_wpcf7"]=>
  string(4) "1703"
  ["_wpcf7_version"]=>
  string(5) "5.1.7"
  ["_wpcf7_locale"]=>
  string(5) "pt_BR"
  ["_wpcf7_unit_tag"]=>
  string(20) "wpcf7-f1703-p1524-o1"
  ["_wpcf7_container_post"]=>
  string(4) "1524"
  ["_wpcf7cf_hidden_group_fields"]=>
  string(2) "[]"
  ["_wpcf7cf_hidden_groups"]=>
  string(2) "[]"
  ["_wpcf7cf_visible_groups"]=>
  string(2) "[]"
  ["_wpcf7cf_repeaters"]=>
  string(2) "[]"
  ["_wpcf7cf_steps"]=>
  string(2) "{}"
  ["_wpcf7cf_options"]=>
  string(223) "{\"form_id\":1703,\"conditions\":[],\"settings\":{\"animation\":\"yes\",\"animation_intime\":200,\"animation_outtime\":200,\"conditions_ui\":\"normal\",\"notice_dismissed\":false,\"notice_dismissed_update-cf7-5.5.6\":true}}"
  ["nome"]=>
  string(26) "Lourdes Lourenço Corrêa "
  ["cpf"]=>
  string(11) "73639618634"
  ["email"]=>
  string(29) "lourdeslourdinha@yahoo.com.br"
  ["placa"]=>
  string(7) "PZK2788"
  ["unidade"]=>
  string(1) "7"
}

[11/09/2022 01:04:15] Verificando a solicitação...
[11/09/2022 01:04:15] abgsoft-autopark-unimed.php
array(16) {
  ["_wpcf7"]=>
  string(4) "1703"
  ["_wpcf7_version"]=>
  string(5) "5.1.7"
  ["_wpcf7_locale"]=>
  string(5) "pt_BR"
  ["_wpcf7_unit_tag"]=>
  string(20) "wpcf7-f1703-p1524-o1"
  ["_wpcf7_container_post"]=>
  string(4) "1524"
  ["_wpcf7cf_hidden_group_fields"]=>
  string(2) "[]"
  ["_wpcf7cf_hidden_groups"]=>
  string(2) "[]"
  ["_wpcf7cf_visible_groups"]=>
  string(2) "[]"
  ["_wpcf7cf_repeaters"]=>
  string(2) "[]"
  ["_wpcf7cf_steps"]=>
  string(2) "{}"
  ["_wpcf7cf_options"]=>
  string(223) "{\"form_id\":1703,\"conditions\":[],\"settings\":{\"animation\":\"yes\",\"animation_intime\":200,\"animation_outtime\":200,\"conditions_ui\":\"normal\",\"notice_dismissed\":false,\"notice_dismissed_update-cf7-5.5.6\":true}}"
  ["nome"]=>
  string(20) "Rodrigo Vitor Ramos "
  ["cpf"]=>
  string(11) "07060914692"
  ["email"]=>
  string(27) "axerodrigoramos@hotmail.com"
  ["placa"]=>
  string(7) "HKR4H72"
  ["unidade"]=>
  string(1) "7"
}

[11/09/2022 01:41:22] Verificando a solicitação...
[11/09/2022 02:17:25] Verificando a solicitação...
[11/09/2022 02:17:25] abgsoft-autopark-unimed.php
array(16) {
  ["_wpcf7"]=>
  string(4) "1703"
  ["_wpcf7_version"]=>
  string(5) "5.1.7"
  ["_wpcf7_locale"]=>
  string(5) "pt_BR"
  ["_wpcf7_unit_tag"]=>
  string(20) "wpcf7-f1703-p1524-o1"
  ["_wpcf7_container_post"]=>
  string(4) "1524"
  ["_wpcf7cf_hidden_group_fields"]=>
  string(2) "[]"
  ["_wpcf7cf_hidden_groups"]=>
  string(2) "[]"
  ["_wpcf7cf_visible_groups"]=>
  string(2) "[]"
  ["_wpcf7cf_repeaters"]=>
  string(2) "[]"
  ["_wpcf7cf_steps"]=>
  string(2) "{}"
  ["_wpcf7cf_options"]=>
  string(223) "{\"form_id\":1703,\"conditions\":[],\"settings\":{\"animation\":\"yes\",\"animation_intime\":200,\"animation_outtime\":200,\"conditions_ui\":\"normal\",\"notice_dismissed\":false,\"notice_dismissed_update-cf7-5.5.6\":true}}"
  ["nome"]=>
  string(27) "Johne Rodrigues de Almeida "
  ["cpf"]=>
  string(15) "108.837.066-79 "
  ["email"]=>
  string(27) "johne.rodrigues@hotmail.com"
  ["placa"]=>
  string(7) "Pwj9836"
  ["unidade"]=>
  string(1) "3"
}

[11/09/2022 03:25:55] Verificando a solicitação...
[11/09/2022 03:25:55] abgsoft-autopark-unimed.php
array(16) {
  ["_wpcf7"]=>
  string(4) "1703"
  ["_wpcf7_version"]=>
  string(5) "5.1.7"
  ["_wpcf7_locale"]=>
  string(5) "pt_BR"
  ["_wpcf7_unit_tag"]=>
  string(20) "wpcf7-f1703-p1524-o1"
  ["_wpcf7_container_post"]=>
  string(4) "1524"
  ["_wpcf7cf_hidden_group_fields"]=>
  string(2) "[]"
  ["_wpcf7cf_hidden_groups"]=>
  string(2) "[]"
  ["_wpcf7cf_visible_groups"]=>
  string(2) "[]"
  ["_wpcf7cf_repeaters"]=>
  string(2) "[]"
  ["_wpcf7cf_steps"]=>
  string(2) "{}"
  ["_wpcf7cf_options"]=>
  string(223) "{\"form_id\":1703,\"conditions\":[],\"settings\":{\"animation\":\"yes\",\"animation_intime\":200,\"animation_outtime\":200,\"conditions_ui\":\"normal\",\"notice_dismissed\":false,\"notice_dismissed_update-cf7-5.5.6\":true}}"
  ["nome"]=>
  string(23) "Alexandre Lunardi Ribas"
  ["cpf"]=>
  string(14) "848.711.056-87"
  ["email"]=>
  string(20) "real.rep74@gmail.com"
  ["placa"]=>
  string(7) "OQC2175"
  ["unidade"]=>
  string(1) "7"
}

[11/09/2022 03:50:20] Verificando a solicitação...
[11/09/2022 03:50:20] abgsoft-autopark-unimed.php
array(16) {
  ["_wpcf7"]=>
  string(4) "1703"
  ["_wpcf7_version"]=>
  string(5) "5.1.7"
  ["_wpcf7_locale"]=>
  string(5) "pt_BR"
  ["_wpcf7_unit_tag"]=>
  string(20) "wpcf7-f1703-p1524-o1"
  ["_wpcf7_container_post"]=>
  string(4) "1524"
  ["_wpcf7cf_hidden_group_fields"]=>
  string(2) "[]"
  ["_wpcf7cf_hidden_groups"]=>
  string(2) "[]"
  ["_wpcf7cf_visible_groups"]=>
  string(2) "[]"
  ["_wpcf7cf_repeaters"]=>
  string(2) "[]"
  ["_wpcf7cf_steps"]=>
  string(2) "{}"
  ["_wpcf7cf_options"]=>
  string(223) "{\"form_id\":1703,\"conditions\":[],\"settings\":{\"animation\":\"yes\",\"animation_intime\":200,\"animation_outtime\":200,\"conditions_ui\":\"normal\",\"notice_dismissed\":false,\"notice_dismissed_update-cf7-5.5.6\":true}}"
  ["nome"]=>
  string(20) "Regina Lúcia João "
  ["cpf"]=>
  string(11) "65978781672"
  ["email"]=>
  string(24) "reginajoao0406@gmail.com"
  ["placa"]=>
  string(7) "IPI7663"
  ["unidade"]=>
  string(1) "2"
}

[11/09/2022 04:11:37] Verificando a solicitação...
[11/09/2022 06:05:15] Verificando a solicitação...
[11/09/2022 06:05:15] abgsoft-autopark-unimed.php
array(16) {
  ["_wpcf7"]=>
  string(4) "1703"
  ["_wpcf7_version"]=>
  string(5) "5.1.7"
  ["_wpcf7_locale"]=>
  string(5) "pt_BR"
  ["_wpcf7_unit_tag"]=>
  string(20) "wpcf7-f1703-p1524-o1"
  ["_wpcf7_container_post"]=>
  string(4) "1524"
  ["_wpcf7cf_hidden_group_fields"]=>
  string(2) "[]"
  ["_wpcf7cf_hidden_groups"]=>
  string(2) "[]"
  ["_wpcf7cf_visible_groups"]=>
  string(2) "[]"
  ["_wpcf7cf_repeaters"]=>
  string(2) "[]"
  ["_wpcf7cf_steps"]=>
  string(2) "{}"
  ["_wpcf7cf_options"]=>
  string(223) "{\"form_id\":1703,\"conditions\":[],\"settings\":{\"animation\":\"yes\",\"animation_intime\":200,\"animation_outtime\":200,\"conditions_ui\":\"normal\",\"notice_dismissed\":false,\"notice_dismissed_update-cf7-5.5.6\":true}}"
  ["nome"]=>
  string(21) "PATRICIA MARIA VIEIRA"
  ["cpf"]=>
  string(12) "882319096-72"
  ["email"]=>
  string(28) "patriciaanzolin@yahoo.com.br"
  ["placa"]=>
  string(7) "RNO0I95"
  ["unidade"]=>
  string(1) "7"
}

[11/09/2022 06:19:08] Verificando a solicitação...
[11/09/2022 06:19:08] abgsoft-autopark-unimed.php
array(16) {
  ["_wpcf7"]=>
  string(4) "1703"
  ["_wpcf7_version"]=>
  string(5) "5.1.7"
  ["_wpcf7_locale"]=>
  string(5) "pt_BR"
  ["_wpcf7_unit_tag"]=>
  string(20) "wpcf7-f1703-p1524-o1"
  ["_wpcf7_container_post"]=>
  string(4) "1524"
  ["_wpcf7cf_hidden_group_fields"]=>
  string(2) "[]"
  ["_wpcf7cf_hidden_groups"]=>
  string(2) "[]"
  ["_wpcf7cf_visible_groups"]=>
  string(2) "[]"
  ["_wpcf7cf_repeaters"]=>
  string(2) "[]"
  ["_wpcf7cf_steps"]=>
  string(2) "{}"
  ["_wpcf7cf_options"]=>
  string(223) "{\"form_id\":1703,\"conditions\":[],\"settings\":{\"animation\":\"yes\",\"animation_intime\":200,\"animation_outtime\":200,\"conditions_ui\":\"normal\",\"notice_dismissed\":false,\"notice_dismissed_update-cf7-5.5.6\":true}}"
  ["nome"]=>
  string(26) "Jeferson Barbosa da Silva "
  ["cpf"]=>
  string(11) "15646122600"
  ["email"]=>
  string(23) "jefbarbosa295@gmail.com"
  ["placa"]=>
  string(8) "PZW 4332"
  ["unidade"]=>
  string(1) "5"
}

[11/09/2022 06:28:33] Verificando a solicitação...
[11/09/2022 06:28:33] abgsoft-autopark-unimed.php
array(16) {
  ["_wpcf7"]=>
  string(4) "1703"
  ["_wpcf7_version"]=>
  string(5) "5.1.7"
  ["_wpcf7_locale"]=>
  string(5) "pt_BR"
  ["_wpcf7_unit_tag"]=>
  string(20) "wpcf7-f1703-p1524-o1"
  ["_wpcf7_container_post"]=>
  string(4) "1524"
  ["_wpcf7cf_hidden_group_fields"]=>
  string(2) "[]"
  ["_wpcf7cf_hidden_groups"]=>
  string(2) "[]"
  ["_wpcf7cf_visible_groups"]=>
  string(2) "[]"
  ["_wpcf7cf_repeaters"]=>
  string(2) "[]"
  ["_wpcf7cf_steps"]=>
  string(2) "{}"
  ["_wpcf7cf_options"]=>
  string(223) "{\"form_id\":1703,\"conditions\":[],\"settings\":{\"animation\":\"yes\",\"animation_intime\":200,\"animation_outtime\":200,\"conditions_ui\":\"normal\",\"notice_dismissed\":false,\"notice_dismissed_update-cf7-5.5.6\":true}}"
  ["nome"]=>
  string(37) "Juliane Cristina de Jesus Gonçalves "
  ["cpf"]=>
  string(11) "01271770601"
  ["email"]=>
  string(20) "jujujcjg@hotmail.com"
  ["placa"]=>
  string(8) "PUD 2360"
  ["unidade"]=>
  string(1) "7"
}

[11/09/2022 06:56:22] Verificando a solicitação...
[11/09/2022 06:56:22] abgsoft-autopark-unimed.php
array(16) {
  ["_wpcf7"]=>
  string(4) "1703"
  ["_wpcf7_version"]=>
  string(5) "5.1.7"
  ["_wpcf7_locale"]=>
  string(5) "pt_BR"
  ["_wpcf7_unit_tag"]=>
  string(20) "wpcf7-f1703-p1524-o1"
  ["_wpcf7_container_post"]=>
  string(4) "1524"
  ["_wpcf7cf_hidden_group_fields"]=>
  string(2) "[]"
  ["_wpcf7cf_hidden_groups"]=>
  string(2) "[]"
  ["_wpcf7cf_visible_groups"]=>
  string(2) "[]"
  ["_wpcf7cf_repeaters"]=>
  string(2) "[]"
  ["_wpcf7cf_steps"]=>
  string(2) "{}"
  ["_wpcf7cf_options"]=>
  string(223) "{\"form_id\":1703,\"conditions\":[],\"settings\":{\"animation\":\"yes\",\"animation_intime\":200,\"animation_outtime\":200,\"conditions_ui\":\"normal\",\"notice_dismissed\":false,\"notice_dismissed_update-cf7-5.5.6\":true}}"
  ["nome"]=>
  string(20) "Gleice Eliza de Lima"
  ["cpf"]=>
  string(14) "075.095.936-38"
  ["email"]=>
  string(21) "gleeliza@yahoo.com.br"
  ["placa"]=>
  string(7) "Etw9745"
  ["unidade"]=>
  string(1) "7"
}

[11/09/2022 07:38:15] Verificando a solicitação...
[11/09/2022 07:38:15] abgsoft-autopark-unimed.php
array(16) {
  ["_wpcf7"]=>
  string(4) "1703"
  ["_wpcf7_version"]=>
  string(5) "5.1.7"
  ["_wpcf7_locale"]=>
  string(5) "pt_BR"
  ["_wpcf7_unit_tag"]=>
  string(20) "wpcf7-f1703-p1524-o1"
  ["_wpcf7_container_post"]=>
  string(4) "1524"
  ["_wpcf7cf_hidden_group_fields"]=>
  string(2) "[]"
  ["_wpcf7cf_hidden_groups"]=>
  string(2) "[]"
  ["_wpcf7cf_visible_groups"]=>
  string(2) "[]"
  ["_wpcf7cf_repeaters"]=>
  string(2) "[]"
  ["_wpcf7cf_steps"]=>
  string(2) "{}"
  ["_wpcf7cf_options"]=>
  string(223) "{\"form_id\":1703,\"conditions\":[],\"settings\":{\"animation\":\"yes\",\"animation_intime\":200,\"animation_outtime\":200,\"conditions_ui\":\"normal\",\"notice_dismissed\":false,\"notice_dismissed_update-cf7-5.5.6\":true}}"
  ["nome"]=>
  string(21) "Cristiane de Oliveira"
  ["cpf"]=>
  string(11) "06812050679"
  ["email"]=>
  string(32) "cristianemartins2015@hotmail.com"
  ["placa"]=>
  string(7) "Hoj3643"
  ["unidade"]=>
  string(1) "7"
}

[11/09/2022 07:52:30] Verificando a solicitação...
[11/09/2022 07:52:30] abgsoft-autopark-unimed.php
array(16) {
  ["_wpcf7"]=>
  string(4) "1703"
  ["_wpcf7_version"]=>
  string(5) "5.1.7"
  ["_wpcf7_locale"]=>
  string(5) "pt_BR"
  ["_wpcf7_unit_tag"]=>
  string(20) "wpcf7-f1703-p1524-o1"
  ["_wpcf7_container_post"]=>
  string(4) "1524"
  ["_wpcf7cf_hidden_group_fields"]=>
  string(2) "[]"
  ["_wpcf7cf_hidden_groups"]=>
  string(2) "[]"
  ["_wpcf7cf_visible_groups"]=>
  string(2) "[]"
  ["_wpcf7cf_repeaters"]=>
  string(2) "[]"
  ["_wpcf7cf_steps"]=>
  string(2) "{}"
  ["_wpcf7cf_options"]=>
  string(223) "{\"form_id\":1703,\"conditions\":[],\"settings\":{\"animation\":\"yes\",\"animation_intime\":200,\"animation_outtime\":200,\"conditions_ui\":\"normal\",\"notice_dismissed\":false,\"notice_dismissed_update-cf7-5.5.6\":true}}"
  ["nome"]=>
  string(21) "Rodrigo coelho Silva "
  ["cpf"]=>
  string(11) "12564787681"
  ["email"]=>
  string(32) "rodrigocoelhosilva96@hotmail.com"
  ["placa"]=>
  string(7) "HJU9007"
  ["unidade"]=>
  string(1) "7"
}

[11/09/2022 08:21:56] Verificando a solicitação...
[11/09/2022 08:21:56] abgsoft-autopark-unimed.php
array(16) {
  ["_wpcf7"]=>
  string(4) "1703"
  ["_wpcf7_version"]=>
  string(5) "5.1.7"
  ["_wpcf7_locale"]=>
  string(5) "pt_BR"
  ["_wpcf7_unit_tag"]=>
  string(20) "wpcf7-f1703-p1524-o1"
  ["_wpcf7_container_post"]=>
  string(4) "1524"
  ["_wpcf7cf_hidden_group_fields"]=>
  string(2) "[]"
  ["_wpcf7cf_hidden_groups"]=>
  string(2) "[]"
  ["_wpcf7cf_visible_groups"]=>
  string(2) "[]"
  ["_wpcf7cf_repeaters"]=>
  string(2) "[]"
  ["_wpcf7cf_steps"]=>
  string(2) "{}"
  ["_wpcf7cf_options"]=>
  string(223) "{\"form_id\":1703,\"conditions\":[],\"settings\":{\"animation\":\"yes\",\"animation_intime\":200,\"animation_outtime\":200,\"conditions_ui\":\"normal\",\"notice_dismissed\":false,\"notice_dismissed_update-cf7-5.5.6\":true}}"
  ["nome"]=>
  string(30) "Carolina Álvares de Oliveira "
  ["cpf"]=>
  string(11) "98908952691"
  ["email"]=>
  string(31) "carolina72oliveira@yahoo.com.br"
  ["placa"]=>
  string(7) "Qxk6330"
  ["unidade"]=>
  string(1) "5"
}

[11/09/2022 09:26:21] Verificando a solicitação...
[11/09/2022 09:26:21] abgsoft-autopark-unimed.php
array(16) {
  ["_wpcf7"]=>
  string(4) "1703"
  ["_wpcf7_version"]=>
  string(5) "5.1.7"
  ["_wpcf7_locale"]=>
  string(5) "pt_BR"
  ["_wpcf7_unit_tag"]=>
  string(20) "wpcf7-f1703-p1524-o1"
  ["_wpcf7_container_post"]=>
  string(4) "1524"
  ["_wpcf7cf_hidden_group_fields"]=>
  string(2) "[]"
  ["_wpcf7cf_hidden_groups"]=>
  string(2) "[]"
  ["_wpcf7cf_visible_groups"]=>
  string(2) "[]"
  ["_wpcf7cf_repeaters"]=>
  string(2) "[]"
  ["_wpcf7cf_steps"]=>
  string(2) "{}"
  ["_wpcf7cf_options"]=>
  string(223) "{\"form_id\":1703,\"conditions\":[],\"settings\":{\"animation\":\"yes\",\"animation_intime\":200,\"animation_outtime\":200,\"conditions_ui\":\"normal\",\"notice_dismissed\":false,\"notice_dismissed_update-cf7-5.5.6\":true}}"
  ["nome"]=>
  string(14) "PATRÍCIA REIS"
  ["cpf"]=>
  string(11) "03777488623"
  ["email"]=>
  string(25) "patriciareis940@gmail.com"
  ["placa"]=>
  string(7) "QXJ7488"
  ["unidade"]=>
  string(1) "7"
}

[11/09/2022 09:49:01] Verificando a solicitação...
[11/09/2022 09:49:01] abgsoft-autopark-unimed.php
array(16) {
  ["_wpcf7"]=>
  string(4) "1703"
  ["_wpcf7_version"]=>
  string(5) "5.1.7"
  ["_wpcf7_locale"]=>
  string(5) "pt_BR"
  ["_wpcf7_unit_tag"]=>
  string(20) "wpcf7-f1703-p1524-o1"
  ["_wpcf7_container_post"]=>
  string(4) "1524"
  ["_wpcf7cf_hidden_group_fields"]=>
  string(2) "[]"
  ["_wpcf7cf_hidden_groups"]=>
  string(2) "[]"
  ["_wpcf7cf_visible_groups"]=>
  string(2) "[]"
  ["_wpcf7cf_repeaters"]=>
  string(2) "[]"
  ["_wpcf7cf_steps"]=>
  string(2) "{}"
  ["_wpcf7cf_options"]=>
  string(223) "{\"form_id\":1703,\"conditions\":[],\"settings\":{\"animation\":\"yes\",\"animation_intime\":200,\"animation_outtime\":200,\"conditions_ui\":\"normal\",\"notice_dismissed\":false,\"notice_dismissed_update-cf7-5.5.6\":true}}"
  ["nome"]=>
  string(31) "CLAUDETE MARIA DE FREITAS CUNHA"
  ["cpf"]=>
  string(11) "00875690602"
  ["email"]=>
  string(28) "claudetemfreitas@hotmail.com"
  ["placa"]=>
  string(7) "HKZ5293"
  ["unidade"]=>
  string(1) "5"
}

[11/09/2022 09:52:27] Verificando a solicitação...
[11/09/2022 09:52:27] abgsoft-autopark-unimed.php
array(16) {
  ["_wpcf7"]=>
  string(4) "1703"
  ["_wpcf7_version"]=>
  string(5) "5.1.7"
  ["_wpcf7_locale"]=>
  string(5) "pt_BR"
  ["_wpcf7_unit_tag"]=>
  string(20) "wpcf7-f1703-p1524-o1"
  ["_wpcf7_container_post"]=>
  string(4) "1524"
  ["_wpcf7cf_hidden_group_fields"]=>
  string(2) "[]"
  ["_wpcf7cf_hidden_groups"]=>
  string(2) "[]"
  ["_wpcf7cf_visible_groups"]=>
  string(2) "[]"
  ["_wpcf7cf_repeaters"]=>
  string(2) "[]"
  ["_wpcf7cf_steps"]=>
  string(2) "{}"
  ["_wpcf7cf_options"]=>
  string(223) "{\"form_id\":1703,\"conditions\":[],\"settings\":{\"animation\":\"yes\",\"animation_intime\":200,\"animation_outtime\":200,\"conditions_ui\":\"normal\",\"notice_dismissed\":false,\"notice_dismissed_update-cf7-5.5.6\":true}}"
  ["nome"]=>
  string(11) "Luisa Pires"
  ["cpf"]=>
  string(11) "13420753667"
  ["email"]=>
  string(21) "luisapires8@gmail.com"
  ["placa"]=>
  string(8) "FRT 9383"
  ["unidade"]=>
  string(1) "5"
}

[11/09/2022 09:58:50] Verificando a solicitação...
[11/09/2022 09:58:50] abgsoft-autopark-unimed.php
array(16) {
  ["_wpcf7"]=>
  string(4) "1703"
  ["_wpcf7_version"]=>
  string(5) "5.1.7"
  ["_wpcf7_locale"]=>
  string(5) "pt_BR"
  ["_wpcf7_unit_tag"]=>
  string(20) "wpcf7-f1703-p1524-o1"
  ["_wpcf7_container_post"]=>
  string(4) "1524"
  ["_wpcf7cf_hidden_group_fields"]=>
  string(2) "[]"
  ["_wpcf7cf_hidden_groups"]=>
  string(2) "[]"
  ["_wpcf7cf_visible_groups"]=>
  string(2) "[]"
  ["_wpcf7cf_repeaters"]=>
  string(2) "[]"
  ["_wpcf7cf_steps"]=>
  string(2) "{}"
  ["_wpcf7cf_options"]=>
  string(223) "{\"form_id\":1703,\"conditions\":[],\"settings\":{\"animation\":\"yes\",\"animation_intime\":200,\"animation_outtime\":200,\"conditions_ui\":\"normal\",\"notice_dismissed\":false,\"notice_dismissed_update-cf7-5.5.6\":true}}"
  ["nome"]=>
  string(21) "Gilmar Ayres Pereira "
  ["cpf"]=>
  string(11) "57095809615"
  ["email"]=>
  string(28) "gilmar.pereira1966@yahoo.com"
  ["placa"]=>
  string(7) "RUP5I64"
  ["unidade"]=>
  string(1) "4"
}

[11/09/2022 10:32:51] Verificando a solicitação...
[11/09/2022 10:32:51] abgsoft-autopark-unimed.php
array(16) {
  ["_wpcf7"]=>
  string(4) "1703"
  ["_wpcf7_version"]=>
  string(5) "5.1.7"
  ["_wpcf7_locale"]=>
  string(5) "pt_BR"
  ["_wpcf7_unit_tag"]=>
  string(20) "wpcf7-f1703-p1524-o1"
  ["_wpcf7_container_post"]=>
  string(4) "1524"
  ["_wpcf7cf_hidden_group_fields"]=>
  string(2) "[]"
  ["_wpcf7cf_hidden_groups"]=>
  string(2) "[]"
  ["_wpcf7cf_visible_groups"]=>
  string(2) "[]"
  ["_wpcf7cf_repeaters"]=>
  string(2) "[]"
  ["_wpcf7cf_steps"]=>
  string(2) "{}"
  ["_wpcf7cf_options"]=>
  string(223) "{\"form_id\":1703,\"conditions\":[],\"settings\":{\"animation\":\"yes\",\"animation_intime\":200,\"animation_outtime\":200,\"conditions_ui\":\"normal\",\"notice_dismissed\":false,\"notice_dismissed_update-cf7-5.5.6\":true}}"
  ["nome"]=>
  string(27) "Nathalia Grace Xavier Alves"
  ["cpf"]=>
  string(14) "076.596.826-60"
  ["email"]=>
  string(25) "nathalia.design@gmail.com"
  ["placa"]=>
  string(7) "hfi1117"
  ["unidade"]=>
  string(1) "5"
}

[11/09/2022 10:58:25] Verificando a solicitação...
[11/09/2022 10:58:25] abgsoft-autopark-unimed.php
array(16) {
  ["_wpcf7"]=>
  string(4) "1703"
  ["_wpcf7_version"]=>
  string(5) "5.1.7"
  ["_wpcf7_locale"]=>
  string(5) "pt_BR"
  ["_wpcf7_unit_tag"]=>
  string(20) "wpcf7-f1703-p1524-o1"
  ["_wpcf7_container_post"]=>
  string(4) "1524"
  ["_wpcf7cf_hidden_group_fields"]=>
  string(2) "[]"
  ["_wpcf7cf_hidden_groups"]=>
  string(2) "[]"
  ["_wpcf7cf_visible_groups"]=>
  string(2) "[]"
  ["_wpcf7cf_repeaters"]=>
  string(2) "[]"
  ["_wpcf7cf_steps"]=>
  string(2) "{}"
  ["_wpcf7cf_options"]=>
  string(223) "{\"form_id\":1703,\"conditions\":[],\"settings\":{\"animation\":\"yes\",\"animation_intime\":200,\"animation_outtime\":200,\"conditions_ui\":\"normal\",\"notice_dismissed\":false,\"notice_dismissed_update-cf7-5.5.6\":true}}"
  ["nome"]=>
  string(21) "Fábio Luiz Parreiras"
  ["cpf"]=>
  string(14) "000.681.096-95"
  ["email"]=>
  string(27) "fabio-parreiras@outlook.com"
  ["placa"]=>
  string(7) "HJE9J25"
  ["unidade"]=>
  string(1) "2"
}

[11/09/2022 10:59:26] Verificando a solicitação...
[11/09/2022 10:59:26] abgsoft-autopark-unimed.php
array(16) {
  ["_wpcf7"]=>
  string(4) "1703"
  ["_wpcf7_version"]=>
  string(5) "5.1.7"
  ["_wpcf7_locale"]=>
  string(5) "pt_BR"
  ["_wpcf7_unit_tag"]=>
  string(20) "wpcf7-f1703-p1524-o1"
  ["_wpcf7_container_post"]=>
  string(4) "1524"
  ["_wpcf7cf_hidden_group_fields"]=>
  string(2) "[]"
  ["_wpcf7cf_hidden_groups"]=>
  string(2) "[]"
  ["_wpcf7cf_visible_groups"]=>
  string(2) "[]"
  ["_wpcf7cf_repeaters"]=>
  string(2) "[]"
  ["_wpcf7cf_steps"]=>
  string(2) "{}"
  ["_wpcf7cf_options"]=>
  string(223) "{\"form_id\":1703,\"conditions\":[],\"settings\":{\"animation\":\"yes\",\"animation_intime\":200,\"animation_outtime\":200,\"conditions_ui\":\"normal\",\"notice_dismissed\":false,\"notice_dismissed_update-cf7-5.5.6\":true}}"
  ["nome"]=>
  string(29) "Karla Valéria Pedroso Vieira"
  ["cpf"]=>
  string(11) "39988562691"
  ["email"]=>
  string(20) "kpedroso@hotmail.com"
  ["placa"]=>
  string(7) "OQB1968"
  ["unidade"]=>
  string(1) "5"
}

[11/09/2022 10:59:42] Verificando a solicitação...
[11/09/2022 10:59:42] abgsoft-autopark-unimed.php
array(16) {
  ["_wpcf7"]=>
  string(4) "1703"
  ["_wpcf7_version"]=>
  string(5) "5.1.7"
  ["_wpcf7_locale"]=>
  string(5) "pt_BR"
  ["_wpcf7_unit_tag"]=>
  string(20) "wpcf7-f1703-p1524-o1"
  ["_wpcf7_container_post"]=>
  string(4) "1524"
  ["_wpcf7cf_hidden_group_fields"]=>
  string(2) "[]"
  ["_wpcf7cf_hidden_groups"]=>
  string(2) "[]"
  ["_wpcf7cf_visible_groups"]=>
  string(2) "[]"
  ["_wpcf7cf_repeaters"]=>
  string(2) "[]"
  ["_wpcf7cf_steps"]=>
  string(2) "{}"
  ["_wpcf7cf_options"]=>
  string(223) "{\"form_id\":1703,\"conditions\":[],\"settings\":{\"animation\":\"yes\",\"animation_intime\":200,\"animation_outtime\":200,\"conditions_ui\":\"normal\",\"notice_dismissed\":false,\"notice_dismissed_update-cf7-5.5.6\":true}}"
  ["nome"]=>
  string(22) "Renata Karine Lacerda "
  ["cpf"]=>
  string(11) "02949923674"
  ["email"]=>
  string(24) "renataklacerda@gmail.com"
  ["placa"]=>
  string(8) "RUJ 7E85"
  ["unidade"]=>
  string(1) "5"
}

[11/09/2022 11:11:00] Verificando a solicitação...
[11/09/2022 11:11:00] abgsoft-autopark-unimed.php
array(16) {
  ["_wpcf7"]=>
  string(4) "1703"
  ["_wpcf7_version"]=>
  string(5) "5.1.7"
  ["_wpcf7_locale"]=>
  string(5) "pt_BR"
  ["_wpcf7_unit_tag"]=>
  string(20) "wpcf7-f1703-p1524-o1"
  ["_wpcf7_container_post"]=>
  string(4) "1524"
  ["_wpcf7cf_hidden_group_fields"]=>
  string(2) "[]"
  ["_wpcf7cf_hidden_groups"]=>
  string(2) "[]"
  ["_wpcf7cf_visible_groups"]=>
  string(2) "[]"
  ["_wpcf7cf_repeaters"]=>
  string(2) "[]"
  ["_wpcf7cf_steps"]=>
  string(2) "{}"
  ["_wpcf7cf_options"]=>
  string(223) "{\"form_id\":1703,\"conditions\":[],\"settings\":{\"animation\":\"yes\",\"animation_intime\":200,\"animation_outtime\":200,\"conditions_ui\":\"normal\",\"notice_dismissed\":false,\"notice_dismissed_update-cf7-5.5.6\":true}}"
  ["nome"]=>
  string(25) "Wilian do carmo de sousa "
  ["cpf"]=>
  string(15) "102.708.016-26 "
  ["email"]=>
  string(31) "wilian.docarmosousa@hotmail.com"
  ["placa"]=>
  string(7) "QUP0F19"
  ["unidade"]=>
  string(1) "3"
}

[11/09/2022 11:15:03] Verificando a solicitação...
[11/09/2022 11:15:03] abgsoft-autopark-unimed.php
array(16) {
  ["_wpcf7"]=>
  string(4) "1703"
  ["_wpcf7_version"]=>
  string(5) "5.1.7"
  ["_wpcf7_locale"]=>
  string(5) "pt_BR"
  ["_wpcf7_unit_tag"]=>
  string(20) "wpcf7-f1703-p1524-o1"
  ["_wpcf7_container_post"]=>
  string(4) "1524"
  ["_wpcf7cf_hidden_group_fields"]=>
  string(2) "[]"
  ["_wpcf7cf_hidden_groups"]=>
  string(2) "[]"
  ["_wpcf7cf_visible_groups"]=>
  string(2) "[]"
  ["_wpcf7cf_repeaters"]=>
  string(2) "[]"
  ["_wpcf7cf_steps"]=>
  string(2) "{}"
  ["_wpcf7cf_options"]=>
  string(223) "{\"form_id\":1703,\"conditions\":[],\"settings\":{\"animation\":\"yes\",\"animation_intime\":200,\"animation_outtime\":200,\"conditions_ui\":\"normal\",\"notice_dismissed\":false,\"notice_dismissed_update-cf7-5.5.6\":true}}"
  ["nome"]=>
  string(23) "RICARDO ARAUJO CAMARGOS"
  ["cpf"]=>
  string(14) "856.238.576-04"
  ["email"]=>
  string(31) "ricardo@ricardodecamargo.com.br"
  ["placa"]=>
  string(7) "OOZ0842"
  ["unidade"]=>
  string(1) "7"
}

[11/09/2022 11:35:00] Verificando a solicitação...
[11/09/2022 11:35:00] abgsoft-autopark-unimed.php
array(16) {
  ["_wpcf7"]=>
  string(4) "1703"
  ["_wpcf7_version"]=>
  string(5) "5.1.7"
  ["_wpcf7_locale"]=>
  string(5) "pt_BR"
  ["_wpcf7_unit_tag"]=>
  string(20) "wpcf7-f1703-p1524-o1"
  ["_wpcf7_container_post"]=>
  string(4) "1524"
  ["_wpcf7cf_hidden_group_fields"]=>
  string(2) "[]"
  ["_wpcf7cf_hidden_groups"]=>
  string(2) "[]"
  ["_wpcf7cf_visible_groups"]=>
  string(2) "[]"
  ["_wpcf7cf_repeaters"]=>
  string(2) "[]"
  ["_wpcf7cf_steps"]=>
  string(2) "{}"
  ["_wpcf7cf_options"]=>
  string(223) "{\"form_id\":1703,\"conditions\":[],\"settings\":{\"animation\":\"yes\",\"animation_intime\":200,\"animation_outtime\":200,\"conditions_ui\":\"normal\",\"notice_dismissed\":false,\"notice_dismissed_update-cf7-5.5.6\":true}}"
  ["nome"]=>
  string(13) "Elise Duarte "
  ["cpf"]=>
  string(15) "015.056.486-45 "
  ["email"]=>
  string(21) "eliseduarte@gmail.com"
  ["placa"]=>
  string(7) "QNR1155"
  ["unidade"]=>
  string(1) "7"
}

[11/09/2022 11:54:56] Verificando a solicitação...
[11/09/2022 11:54:56] abgsoft-autopark-unimed.php
array(16) {
  ["_wpcf7"]=>
  string(4) "1703"
  ["_wpcf7_version"]=>
  string(5) "5.1.7"
  ["_wpcf7_locale"]=>
  string(5) "pt_BR"
  ["_wpcf7_unit_tag"]=>
  string(20) "wpcf7-f1703-p1524-o1"
  ["_wpcf7_container_post"]=>
  string(4) "1524"
  ["_wpcf7cf_hidden_group_fields"]=>
  string(2) "[]"
  ["_wpcf7cf_hidden_groups"]=>
  string(2) "[]"
  ["_wpcf7cf_visible_groups"]=>
  string(2) "[]"
  ["_wpcf7cf_repeaters"]=>
  string(2) "[]"
  ["_wpcf7cf_steps"]=>
  string(2) "{}"
  ["_wpcf7cf_options"]=>
  string(223) "{\"form_id\":1703,\"conditions\":[],\"settings\":{\"animation\":\"yes\",\"animation_intime\":200,\"animation_outtime\":200,\"conditions_ui\":\"normal\",\"notice_dismissed\":false,\"notice_dismissed_update-cf7-5.5.6\":true}}"
  ["nome"]=>
  string(21) "cassia geralda veloso"
  ["cpf"]=>
  string(14) "745.470.546-49"
  ["email"]=>
  string(17) "casvelo@gmail.com"
  ["placa"]=>
  string(7) "RUJ1B86"
  ["unidade"]=>
  string(1) "5"
}

[11/09/2022 11:56:47] Verificando a solicitação...
[11/09/2022 11:56:47] abgsoft-autopark-unimed.php
array(16) {
  ["_wpcf7"]=>
  string(4) "1703"
  ["_wpcf7_version"]=>
  string(5) "5.1.7"
  ["_wpcf7_locale"]=>
  string(5) "pt_BR"
  ["_wpcf7_unit_tag"]=>
  string(20) "wpcf7-f1703-p1524-o1"
  ["_wpcf7_container_post"]=>
  string(4) "1524"
  ["_wpcf7cf_hidden_group_fields"]=>
  string(2) "[]"
  ["_wpcf7cf_hidden_groups"]=>
  string(2) "[]"
  ["_wpcf7cf_visible_groups"]=>
  string(2) "[]"
  ["_wpcf7cf_repeaters"]=>
  string(2) "[]"
  ["_wpcf7cf_steps"]=>
  string(2) "{}"
  ["_wpcf7cf_options"]=>
  string(223) "{\"form_id\":1703,\"conditions\":[],\"settings\":{\"animation\":\"yes\",\"animation_intime\":200,\"animation_outtime\":200,\"conditions_ui\":\"normal\",\"notice_dismissed\":false,\"notice_dismissed_update-cf7-5.5.6\":true}}"
  ["nome"]=>
  string(28) "Cláudio Mendonça da Costa "
  ["cpf"]=>
  string(15) "561.112.156-04 "
  ["email"]=>
  string(26) "claudinho.mcosta@gmail.com"
  ["placa"]=>
  string(8) "FRL 2146"
  ["unidade"]=>
  string(1) "5"
}

