[23/12/2022 12:16:34] Verificando a solicitação...
[23/12/2022 12:16:34] abgsoft-autopark-unimed.php
array(5) {
  ["nome"]=>
  string(15) "Celia da Silva "
  ["cpf"]=>
  string(14) "048.406.306-58"
  ["email"]=>
  string(23) "celiaesilva19@gmail.com"
  ["placa"]=>
  string(8) "RUV 2F53"
  ["unidade"]=>
  array(1) {
    [0]=>
    string(1) "5"
  }
}

[23/12/2022 12:40:59] Verificando a solicitação...
[23/12/2022 12:40:59] abgsoft-autopark-unimed.php
array(5) {
  ["nome"]=>
  string(29) "Claudney Araújo de Oliveira "
  ["cpf"]=>
  string(14) "037.655.356-13"
  ["email"]=>
  string(25) "claudney2016304@gmail.com"
  ["placa"]=>
  string(8) "HJJ-5925"
  ["unidade"]=>
  array(1) {
    [0]=>
    string(1) "7"
  }
}

[23/12/2022 01:30:59] Verificando a solicitação...
[23/12/2022 01:30:59] abgsoft-autopark-unimed.php
array(5) {
  ["nome"]=>
  string(25) "Alexandre Martins Passos "
  ["cpf"]=>
  string(14) "049.442.276-98"
  ["email"]=>
  string(38) "alexandre.martins.passos1013@gmail.com"
  ["placa"]=>
  string(7) "HAK0E76"
  ["unidade"]=>
  array(1) {
    [0]=>
    string(1) "2"
  }
}

[23/12/2022 02:00:14] Verificando a solicitação...
[23/12/2022 02:00:14] abgsoft-autopark-unimed.php
array(5) {
  ["nome"]=>
  string(14) "Marcelo Kemps "
  ["cpf"]=>
  string(14) "051.872.046-29"
  ["email"]=>
  string(24) "marcelokempsmk@gmail.com"
  ["placa"]=>
  string(7) "GZH2237"
  ["unidade"]=>
  array(1) {
    [0]=>
    string(1) "7"
  }
}

[23/12/2022 02:46:58] Verificando a solicitação...
[23/12/2022 02:46:58] abgsoft-autopark-unimed.php
array(5) {
  ["nome"]=>
  string(25) "Tiago de Oliveira Afonso "
  ["cpf"]=>
  string(11) "01591405602"
  ["email"]=>
  string(27) "tiagode.afonso@yahoo.com.br"
  ["placa"]=>
  string(7) "Hnx3467"
  ["unidade"]=>
  array(1) {
    [0]=>
    string(1) "5"
  }
}

[23/12/2022 02:47:23] Verificando a solicitação...
[23/12/2022 02:47:23] abgsoft-autopark-unimed.php
array(5) {
  ["nome"]=>
  string(36) "Márcia Maria Pinto de Moura Barros "
  ["cpf"]=>
  string(11) "22774742668"
  ["email"]=>
  string(29) "marciamariabarros02@gmail.com"
  ["placa"]=>
  string(7) "SHB1A01"
  ["unidade"]=>
  array(1) {
    [0]=>
    string(1) "5"
  }
}

[23/12/2022 03:11:12] Verificando a solicitação...
[23/12/2022 03:11:12] abgsoft-autopark-unimed.php
array(5) {
  ["nome"]=>
  string(32) "Claudiane Gonçalves de Oliveira"
  ["cpf"]=>
  string(14) "053.077.986-28"
  ["email"]=>
  string(35) "claudiane.oliveira@mercantil.com.br"
  ["placa"]=>
  string(7) "FAI0G93"
  ["unidade"]=>
  array(1) {
    [0]=>
    string(1) "2"
  }
}

[23/12/2022 06:12:57] Verificando a solicitação...
[23/12/2022 06:12:57] abgsoft-autopark-unimed.php
array(5) {
  ["nome"]=>
  string(14) "Suelem Vieira "
  ["cpf"]=>
  string(11) "05705963667"
  ["email"]=>
  string(20) "suelemalda@gmail.com"
  ["placa"]=>
  string(7) "Pyq8634"
  ["unidade"]=>
  array(1) {
    [0]=>
    string(1) "5"
  }
}

[23/12/2022 09:36:36] Verificando a solicitação...
[23/12/2022 09:36:36] abgsoft-autopark-unimed.php
array(5) {
  ["nome"]=>
  string(29) "Iris de Oliveira Silva Abreu "
  ["cpf"]=>
  string(11) "90134087615"
  ["email"]=>
  string(21) "iris-butt@hotmail.com"
  ["placa"]=>
  string(7) "QNN2613"
  ["unidade"]=>
  array(1) {
    [0]=>
    string(1) "7"
  }
}

[23/12/2022 10:13:09] Verificando a solicitação...
[23/12/2022 10:13:09] abgsoft-autopark-unimed.php
array(5) {
  ["nome"]=>
  string(14) "Denio Carvalho"
  ["cpf"]=>
  string(14) "049.556.976-31"
  ["email"]=>
  string(25) "carvalhodenio82@gmail.com"
  ["placa"]=>
  string(7) "SHB0C57"
  ["unidade"]=>
  array(1) {
    [0]=>
    string(1) "5"
  }
}

[23/12/2022 10:59:28] Verificando a solicitação...
[23/12/2022 10:59:28] abgsoft-autopark-unimed.php
array(5) {
  ["nome"]=>
  string(28) "Guilherme Rodrigues Evaristo"
  ["cpf"]=>
  string(11) "01668272660"
  ["email"]=>
  string(24) "guilherme2.1@hotmail.com"
  ["placa"]=>
  string(7) "PUN8J17"
  ["unidade"]=>
  array(1) {
    [0]=>
    string(1) "7"
  }
}

[23/12/2022 11:44:04] Verificando a solicitação...
[23/12/2022 11:44:04] abgsoft-autopark-unimed.php
array(5) {
  ["nome"]=>
  string(23) "Wenilton Soares Fialho "
  ["cpf"]=>
  string(11) "63768461653"
  ["email"]=>
  string(26) "wenilton@supernosso.com.br"
  ["placa"]=>
  string(7) "RUR9C20"
  ["unidade"]=>
  array(1) {
    [0]=>
    string(1) "7"
  }
}

[23/12/2022 11:46:02] Verificando a solicitação...
[23/12/2022 11:46:02] abgsoft-autopark-unimed.php
array(5) {
  ["nome"]=>
  string(22) "Wenilton Soares Fialho"
  ["cpf"]=>
  string(11) "63768461653"
  ["email"]=>
  string(26) "wenilton@supernosso.com.br"
  ["placa"]=>
  string(8) "RUR9C20 "
  ["unidade"]=>
  array(1) {
    [0]=>
    string(1) "7"
  }
}

[23/12/2022 11:48:40] Verificando a solicitação...
[23/12/2022 11:48:40] abgsoft-autopark-unimed.php
array(5) {
  ["nome"]=>
  string(20) "Habner Bastos Amorim"
  ["cpf"]=>
  string(11) "02762140560"
  ["email"]=>
  string(22) "habnerbastos@gmail.com"
  ["placa"]=>
  string(7) "PWF5795"
  ["unidade"]=>
  array(1) {
    [0]=>
    string(1) "5"
  }
}

[23/12/2022 11:55:55] Verificando a solicitação...
[23/12/2022 11:55:55] abgsoft-autopark-unimed.php
array(5) {
  ["nome"]=>
  string(31) "Patrícia Juliana Sousa freitas"
  ["cpf"]=>
  string(11) "12126408612"
  ["email"]=>
  string(31) "patriciajuliana2008@hotmail.com"
  ["placa"]=>
  string(7) "Hfe1821"
  ["unidade"]=>
  array(1) {
    [0]=>
    string(1) "2"
  }
}

[23/12/2022 12:29:35] Verificando a solicitação...
[23/12/2022 12:29:35] abgsoft-autopark-unimed.php
array(5) {
  ["nome"]=>
  string(28) "Fernanda Mendes Gomes Passos"
  ["cpf"]=>
  string(11) "05254706627"
  ["email"]=>
  string(28) "fernandamgpassos20@gmail.com"
  ["placa"]=>
  string(7) "Pus7006"
  ["unidade"]=>
  array(1) {
    [0]=>
    string(1) "5"
  }
}

[23/12/2022 12:58:59] Verificando a solicitação...
[23/12/2022 12:58:59] abgsoft-autopark-unimed.php
array(5) {
  ["nome"]=>
  string(11) "Erick Diniz"
  ["cpf"]=>
  string(12) "08883022742 "
  ["email"]=>
  string(23) "erickrdiniz@hotmail.com"
  ["placa"]=>
  string(7) "Heq3862"
  ["unidade"]=>
  array(1) {
    [0]=>
    string(1) "4"
  }
}

[23/12/2022 01:23:54] Verificando a solicitação...
[23/12/2022 01:23:54] abgsoft-autopark-unimed.php
array(5) {
  ["nome"]=>
  string(34) "Priscila Lima De Carvalho Cassiano"
  ["cpf"]=>
  string(11) "08943879601"
  ["email"]=>
  string(23) "priscilalcc13@gmail.com"
  ["placa"]=>
  string(7) "RFM1E70"
  ["unidade"]=>
  array(1) {
    [0]=>
    string(1) "7"
  }
}

[23/12/2022 02:59:36] Verificando a solicitação...
[23/12/2022 02:59:36] abgsoft-autopark-unimed.php
array(5) {
  ["nome"]=>
  string(28) "Suelen Souza Mendes Ribeiro "
  ["cpf"]=>
  string(14) "122.469.516-07"
  ["email"]=>
  string(28) "suelenevertonsouza@gmail.com"
  ["placa"]=>
  string(7) "Jro5643"
  ["unidade"]=>
  array(1) {
    [0]=>
    string(1) "2"
  }
}

[23/12/2022 04:01:48] Verificando a solicitação...
[23/12/2022 04:01:48] abgsoft-autopark-unimed.php
array(5) {
  ["nome"]=>
  string(24) "Rogério Matozinho lopes"
  ["cpf"]=>
  string(11) "56217684691"
  ["email"]=>
  string(33) "rogeriomatozinholopes@outllok.com"
  ["placa"]=>
  string(7) "Qnf7516"
  ["unidade"]=>
  array(1) {
    [0]=>
    string(1) "2"
  }
}

[23/12/2022 04:54:13] Verificando a solicitação...
[23/12/2022 04:54:13] abgsoft-autopark-unimed.php
array(5) {
  ["nome"]=>
  string(29) "junia grasielle costa lagares"
  ["cpf"]=>
  string(11) "09361484621"
  ["email"]=>
  string(27) "juniagrasielle@yahoo.com.br"
  ["placa"]=>
  string(7) "PWG1J35"
  ["unidade"]=>
  array(1) {
    [0]=>
    string(1) "7"
  }
}

[23/12/2022 05:00:25] Verificando a solicitação...
[23/12/2022 05:00:25] abgsoft-autopark-unimed.php
array(5) {
  ["nome"]=>
  string(29) "junia grasielle costa lagares"
  ["cpf"]=>
  string(11) "09361484621"
  ["email"]=>
  string(24) "tiagobabalu@yahoo.com.br"
  ["placa"]=>
  string(7) "PWG1J35"
  ["unidade"]=>
  array(1) {
    [0]=>
    string(1) "7"
  }
}

[23/12/2022 05:08:57] Verificando a solicitação...
[23/12/2022 05:08:57] abgsoft-autopark-unimed.php
array(5) {
  ["nome"]=>
  string(29) "junia grasielle costa lagares"
  ["cpf"]=>
  string(11) "09361484621"
  ["email"]=>
  string(24) "tiagobabalu@yahoo.com.br"
  ["placa"]=>
  string(7) "PWG1J35"
  ["unidade"]=>
  array(1) {
    [0]=>
    string(1) "7"
  }
}

[23/12/2022 06:04:43] Verificando a solicitação...
[23/12/2022 06:04:43] abgsoft-autopark-unimed.php
array(5) {
  ["nome"]=>
  string(16) "Daniel Oliveira "
  ["cpf"]=>
  string(11) "06217193663"
  ["email"]=>
  string(20) "dsoliveira@gmail.com"
  ["placa"]=>
  string(7) "PXY0911"
  ["unidade"]=>
  array(1) {
    [0]=>
    string(1) "5"
  }
}

