[23/09/2022 12:19:09] Verificando a solicitação...
[23/09/2022 12:19:09] abgsoft-autopark-unimed.php
array(5) {
  ["nome"]=>
  string(23) "GERALDO NICOLAU RIBEIRO"
  ["cpf"]=>
  string(14) "354.914.186-68"
  ["email"]=>
  string(27) "geraldonribeiro10@gmail.com"
  ["placa"]=>
  string(7) "RCB6E19"
  ["unidade"]=>
  array(1) {
    [0]=>
    string(1) "3"
  }
}

[23/09/2022 02:46:54] Verificando a solicitação...
[23/09/2022 02:46:54] abgsoft-autopark-unimed.php
array(5) {
  ["nome"]=>
  string(30) "Cíntia Rocha Araújo Simões "
  ["cpf"]=>
  string(11) "77747356668"
  ["email"]=>
  string(23) "cvfilhosimoes@gmail.com"
  ["placa"]=>
  string(7) "Qwu0072"
  ["unidade"]=>
  array(1) {
    [0]=>
    string(1) "4"
  }
}

[23/09/2022 08:51:46] Verificando a solicitação...
[23/09/2022 08:51:46] abgsoft-autopark-unimed.php
array(5) {
  ["nome"]=>
  string(24) "Marcio Olinto de Castro "
  ["cpf"]=>
  string(11) "55178596668"
  ["email"]=>
  string(25) "marcioocastro@hotmail.com"
  ["placa"]=>
  string(7) "OXF6181"
  ["unidade"]=>
  array(1) {
    [0]=>
    string(1) "7"
  }
}

[23/09/2022 09:09:22] Verificando a solicitação...
[23/09/2022 09:09:22] abgsoft-autopark-unimed.php
array(5) {
  ["nome"]=>
  string(35) "CARLOS ALEXANDRE de ARAUJO Moreira "
  ["cpf"]=>
  string(14) "050.195.256-00"
  ["email"]=>
  string(24) "lanealves128@hotmail.com"
  ["placa"]=>
  string(7) "Hmy3a17"
  ["unidade"]=>
  array(1) {
    [0]=>
    string(1) "3"
  }
}

[23/09/2022 10:26:35] Verificando a solicitação...
[23/09/2022 10:26:35] abgsoft-autopark-unimed.php
array(5) {
  ["nome"]=>
  string(25) "Heleno Aristides Resende "
  ["cpf"]=>
  string(11) "03487120658"
  ["email"]=>
  string(26) "resendeheleno@yahoo.com.br"
  ["placa"]=>
  string(7) "Jgx4435"
  ["unidade"]=>
  array(1) {
    [0]=>
    string(1) "5"
  }
}

[23/09/2022 10:28:36] Verificando a solicitação...
[23/09/2022 10:28:36] abgsoft-autopark-unimed.php
array(5) {
  ["nome"]=>
  string(25) "Heleno Aristides Resende "
  ["cpf"]=>
  string(11) "03487120658"
  ["email"]=>
  string(26) "resendeheleno@yahoo.com.br"
  ["placa"]=>
  string(7) "Jgx4435"
  ["unidade"]=>
  array(1) {
    [0]=>
    string(1) "5"
  }
}

[23/09/2022 10:53:55] Verificando a solicitação...
[23/09/2022 10:53:55] abgsoft-autopark-unimed.php
array(5) {
  ["nome"]=>
  string(16) "Thiago goncalves"
  ["cpf"]=>
  string(14) "097.572.906-37"
  ["email"]=>
  string(21) "thiagoual.1@gmail.com"
  ["placa"]=>
  string(7) "RMM5I72"
  ["unidade"]=>
  array(1) {
    [0]=>
    string(1) "7"
  }
}

[23/09/2022 10:57:07] Verificando a solicitação...
[23/09/2022 10:57:07] abgsoft-autopark-unimed.php
array(5) {
  ["nome"]=>
  string(22) "Ailton Alves da Silva "
  ["cpf"]=>
  string(14) "044.671.256-63"
  ["email"]=>
  string(22) "ailtonpneu@hotmail.com"
  ["placa"]=>
  string(7) "Ath6105"
  ["unidade"]=>
  array(1) {
    [0]=>
    string(1) "7"
  }
}

[23/09/2022 12:01:31] Verificando a solicitação...
[23/09/2022 12:01:31] abgsoft-autopark-unimed.php
array(5) {
  ["nome"]=>
  string(26) "Nathalia Rodrigues Coelho "
  ["cpf"]=>
  string(11) "07075469665"
  ["email"]=>
  string(24) "nathaliarc1@yahoo.com.br"
  ["placa"]=>
  string(7) "QUE9995"
  ["unidade"]=>
  array(1) {
    [0]=>
    string(1) "5"
  }
}

[23/09/2022 12:25:21] Verificando a solicitação...
[23/09/2022 12:25:21] abgsoft-autopark-unimed.php
array(5) {
  ["nome"]=>
  string(24) "JOSIANE FREITAS DA SILVA"
  ["cpf"]=>
  string(11) "06172688600"
  ["email"]=>
  string(32) "josianefreitas.silva84@gmail.com"
  ["placa"]=>
  string(7) "HLN2116"
  ["unidade"]=>
  array(1) {
    [0]=>
    string(1) "5"
  }
}

[23/09/2022 12:38:22] Verificando a solicitação...
[23/09/2022 12:38:22] abgsoft-autopark-unimed.php
array(5) {
  ["nome"]=>
  string(25) "GISLENE APARECIDA RIBEIRO"
  ["cpf"]=>
  string(11) "05310184660"
  ["email"]=>
  string(27) "gisleneribeiro@yahoo.com.br"
  ["placa"]=>
  string(7) "pzs5337"
  ["unidade"]=>
  array(1) {
    [0]=>
    string(1) "4"
  }
}

[23/09/2022 12:39:03] Verificando a solicitação...
[23/09/2022 12:39:03] abgsoft-autopark-unimed.php
array(5) {
  ["nome"]=>
  string(25) "GISLENE APARECIDA RIBEIRO"
  ["cpf"]=>
  string(11) "05310184660"
  ["email"]=>
  string(27) "gisleneribeiro@yahoo.com.br"
  ["placa"]=>
  string(7) "pzs5337"
  ["unidade"]=>
  array(1) {
    [0]=>
    string(1) "7"
  }
}

[23/09/2022 12:55:11] Verificando a solicitação...
[23/09/2022 12:55:11] abgsoft-autopark-unimed.php
array(5) {
  ["nome"]=>
  string(22) "sidney castro damaceno"
  ["cpf"]=>
  string(11) "01086390610"
  ["email"]=>
  string(30) "marcia.gonsilva@edu.pbh.gov.br"
  ["placa"]=>
  string(7) "HMO4199"
  ["unidade"]=>
  array(1) {
    [0]=>
    string(1) "5"
  }
}

[23/09/2022 12:57:42] Verificando a solicitação...
[23/09/2022 12:57:42] abgsoft-autopark-unimed.php
array(5) {
  ["nome"]=>
  string(22) "sidney castro damaceno"
  ["cpf"]=>
  string(11) "01086390610"
  ["email"]=>
  string(30) "marcia.gonsilva@edu.pbh.gov.br"
  ["placa"]=>
  string(7) "GXO1500"
  ["unidade"]=>
  array(1) {
    [0]=>
    string(1) "5"
  }
}

[23/09/2022 12:59:54] Verificando a solicitação...
[23/09/2022 12:59:54] abgsoft-autopark-unimed.php
array(5) {
  ["nome"]=>
  string(31) "Wilson Wagner de Souza Ferreira"
  ["cpf"]=>
  string(11) "29764866620"
  ["email"]=>
  string(23) "alvorada143@hotmail.com"
  ["placa"]=>
  string(7) "QNS8100"
  ["unidade"]=>
  array(1) {
    [0]=>
    string(1) "5"
  }
}

[23/09/2022 01:06:38] Verificando a solicitação...
[23/09/2022 01:06:38] abgsoft-autopark-unimed.php
array(5) {
  ["nome"]=>
  string(19) "Fabrício Oliveira "
  ["cpf"]=>
  string(15) "013.307.446-32 "
  ["email"]=>
  string(25) "fabriciofase2@hotmail.com"
  ["placa"]=>
  string(7) "Qxr2b64"
  ["unidade"]=>
  array(1) {
    [0]=>
    string(1) "1"
  }
}

[23/09/2022 01:11:12] Verificando a solicitação...
[23/09/2022 01:11:12] abgsoft-autopark-unimed.php
array(5) {
  ["nome"]=>
  string(15) "Kelly Rafaelle "
  ["cpf"]=>
  string(11) "04440784607"
  ["email"]=>
  string(20) "kellyrafag@gmail.com"
  ["placa"]=>
  string(7) "QWV7905"
  ["unidade"]=>
  array(1) {
    [0]=>
    string(1) "7"
  }
}

[23/09/2022 01:12:20] Verificando a solicitação...
[23/09/2022 01:12:20] abgsoft-autopark-unimed.php
array(5) {
  ["nome"]=>
  string(15) "Kelly Rafaelle "
  ["cpf"]=>
  string(11) "04440784607"
  ["email"]=>
  string(20) "kellyrafag@gmail.com"
  ["placa"]=>
  string(7) "QWV7905"
  ["unidade"]=>
  array(1) {
    [0]=>
    string(1) "7"
  }
}

[23/09/2022 01:49:21] Verificando a solicitação...
[23/09/2022 01:49:21] abgsoft-autopark-unimed.php
array(5) {
  ["nome"]=>
  string(21) "Valdeir Barbosa Gomes"
  ["cpf"]=>
  string(14) "016.177.036-30"
  ["email"]=>
  string(22) "VALDEIR.MG@HOTMAIL.COM"
  ["placa"]=>
  string(7) "NXX9304"
  ["unidade"]=>
  array(1) {
    [0]=>
    string(1) "2"
  }
}

[23/09/2022 03:54:58] Verificando a solicitação...
[23/09/2022 03:54:58] abgsoft-autopark-unimed.php
array(5) {
  ["nome"]=>
  string(33) "Joceli Josefa Gonçalves do Carmo"
  ["cpf"]=>
  string(14) "054.707.556-14"
  ["email"]=>
  string(25) "Jocelidocarmo18@gmail.com"
  ["placa"]=>
  string(7) "Hkc1030"
  ["unidade"]=>
  array(1) {
    [0]=>
    string(1) "5"
  }
}

[23/09/2022 04:26:58] Verificando a solicitação...
[23/09/2022 04:26:58] abgsoft-autopark-unimed.php
array(5) {
  ["nome"]=>
  string(23) "TATIANE DE LIMA MARIANO"
  ["cpf"]=>
  string(14) "014.493.676-31"
  ["email"]=>
  string(27) "tatianeflor2011@hotmail.com"
  ["placa"]=>
  string(7) "RFA1J47"
  ["unidade"]=>
  array(1) {
    [0]=>
    string(1) "5"
  }
}

[23/09/2022 05:35:19] Verificando a solicitação...
[23/09/2022 05:35:19] abgsoft-autopark-unimed.php
array(5) {
  ["nome"]=>
  string(24) "Aquilatar Maia da Silva "
  ["cpf"]=>
  string(11) "13195180600"
  ["email"]=>
  string(19) "maiafiffe@gmail.com"
  ["placa"]=>
  string(7) "Qod0g06"
  ["unidade"]=>
  array(1) {
    [0]=>
    string(1) "5"
  }
}

[23/09/2022 06:28:06] Verificando a solicitação...
[23/09/2022 06:28:06] abgsoft-autopark-unimed.php
array(5) {
  ["nome"]=>
  string(15) "ROGERIO MIRANDA"
  ["cpf"]=>
  string(14) "426.188.946-34"
  ["email"]=>
  string(27) "carneirodemiranda@gmail.com"
  ["placa"]=>
  string(7) "HHM8000"
  ["unidade"]=>
  array(1) {
    [0]=>
    string(1) "7"
  }
}

[23/09/2022 08:01:22] Verificando a solicitação...
[23/09/2022 08:01:22] abgsoft-autopark-unimed.php
array(5) {
  ["nome"]=>
  string(21) "Carla Julio Salomão "
  ["cpf"]=>
  string(14) "631.589.316-04"
  ["email"]=>
  string(25) "Carlajsalomao@hotmail.com"
  ["placa"]=>
  string(7) "RUZ9C47"
  ["unidade"]=>
  array(1) {
    [0]=>
    string(1) "5"
  }
}

[23/09/2022 08:05:15] Verificando a solicitação...
[23/09/2022 08:05:15] abgsoft-autopark-unimed.php
array(5) {
  ["nome"]=>
  string(32) "Jessica Mara das Chagas Almeida "
  ["cpf"]=>
  string(11) "11637914660"
  ["email"]=>
  string(24) "jessica.mara29@yahoo.com"
  ["placa"]=>
  string(7) "PUO2I06"
  ["unidade"]=>
  array(1) {
    [0]=>
    string(1) "2"
  }
}

[23/09/2022 10:00:26] Verificando a solicitação...
[23/09/2022 10:00:26] abgsoft-autopark-unimed.php
array(5) {
  ["nome"]=>
  string(20) "Reinaldo de Almeida "
  ["cpf"]=>
  string(11) "03403279600"
  ["email"]=>
  string(29) "reinaldodealmeida02@gmail.com"
  ["placa"]=>
  string(7) "Pvb2347"
  ["unidade"]=>
  array(1) {
    [0]=>
    string(1) "7"
  }
}

