[25/10/2022 12:52:55] Verificando a solicitação...
[25/10/2022 12:52:55] abgsoft-autopark-unimed.php
array(5) {
  ["nome"]=>
  string(31) "Thayna lorrane de Almeida lima "
  ["cpf"]=>
  string(11) "70110582659"
  ["email"]=>
  string(20) "thayna124@icloud.com"
  ["placa"]=>
  string(7) "HLH8907"
  ["unidade"]=>
  array(1) {
    [0]=>
    string(1) "5"
  }
}

[25/10/2022 01:08:58] Verificando a solicitação...
[25/10/2022 01:08:58] abgsoft-autopark-unimed.php
array(5) {
  ["nome"]=>
  string(8) "Tatiane "
  ["cpf"]=>
  string(15) "084.162.876-94 "
  ["email"]=>
  string(27) "tatiane.santos@yahoo.com.br"
  ["placa"]=>
  string(7) "Oxi5521"
  ["unidade"]=>
  array(1) {
    [0]=>
    string(1) "3"
  }
}

[25/10/2022 01:09:38] Verificando a solicitação...
[25/10/2022 01:09:38] abgsoft-autopark-unimed.php
array(5) {
  ["nome"]=>
  string(15) "Tatiane Santos "
  ["cpf"]=>
  string(15) "084.162.876-94 "
  ["email"]=>
  string(27) "tatiane.santos@yahoo.com.br"
  ["placa"]=>
  string(7) "Oxi5521"
  ["unidade"]=>
  array(1) {
    [0]=>
    string(1) "3"
  }
}

[25/10/2022 01:10:27] Verificando a solicitação...
[25/10/2022 01:10:27] abgsoft-autopark-unimed.php
array(5) {
  ["nome"]=>
  string(15) "Tatiane Santos "
  ["cpf"]=>
  string(14) "084.162.876-94"
  ["email"]=>
  string(27) "tatiane.santos@yahoo.com.br"
  ["placa"]=>
  string(8) "Oxi5521 "
  ["unidade"]=>
  array(1) {
    [0]=>
    string(1) "3"
  }
}

[25/10/2022 01:26:03] Verificando a solicitação...
[25/10/2022 01:26:03] abgsoft-autopark-unimed.php
array(5) {
  ["nome"]=>
  string(13) "Sandra Barros"
  ["cpf"]=>
  string(11) "71238000606"
  ["email"]=>
  string(26) "sandra.barrosl@hotmail.com"
  ["placa"]=>
  string(8) "PVT 7115"
  ["unidade"]=>
  array(1) {
    [0]=>
    string(1) "3"
  }
}

[25/10/2022 01:59:43] Verificando a solicitação...
[25/10/2022 01:59:43] abgsoft-autopark-unimed.php
array(5) {
  ["nome"]=>
  string(33) "Fernanda Alves Oliveira Ferreira "
  ["cpf"]=>
  string(11) "06759757602"
  ["email"]=>
  string(30) "fernandaferreira7970@gmail.com"
  ["placa"]=>
  string(7) "RFA8A88"
  ["unidade"]=>
  array(1) {
    [0]=>
    string(1) "3"
  }
}

[25/10/2022 02:18:19] Verificando a solicitação...
[25/10/2022 02:18:19] abgsoft-autopark-unimed.php
array(5) {
  ["nome"]=>
  string(16) "Alexandre Alpino"
  ["cpf"]=>
  string(11) "58151656620"
  ["email"]=>
  string(23) "alexandre@acaomg.com.br"
  ["placa"]=>
  string(7) "Qdj0390"
  ["unidade"]=>
  array(1) {
    [0]=>
    string(1) "2"
  }
}

[25/10/2022 02:18:40] Verificando a solicitação...
[25/10/2022 02:18:40] abgsoft-autopark-unimed.php
array(5) {
  ["nome"]=>
  string(16) "Alexandre Alpino"
  ["cpf"]=>
  string(11) "58151656620"
  ["email"]=>
  string(23) "alexandre@acaomg.com.br"
  ["placa"]=>
  string(7) "Qdj0390"
  ["unidade"]=>
  array(1) {
    [0]=>
    string(1) "2"
  }
}

[25/10/2022 10:32:04] Verificando a solicitação...
[25/10/2022 10:32:04] abgsoft-autopark-unimed.php
array(5) {
  ["nome"]=>
  string(22) "Ronilda do Carmo Cruz "
  ["cpf"]=>
  string(14) "558.753.946-68"
  ["email"]=>
  string(21) "pra_roni@yahoo.com.br"
  ["placa"]=>
  string(7) "QOY1D75"
  ["unidade"]=>
  array(1) {
    [0]=>
    string(1) "2"
  }
}

[25/10/2022 10:38:49] Verificando a solicitação...
[25/10/2022 10:38:49] abgsoft-autopark-unimed.php
array(5) {
  ["nome"]=>
  string(20) "CHIRLEY DIAS BOTELHO"
  ["cpf"]=>
  string(11) "99163110644"
  ["email"]=>
  string(25) "chirleybotelho3@gmail.com"
  ["placa"]=>
  string(8) "QQH 0058"
  ["unidade"]=>
  array(1) {
    [0]=>
    string(1) "5"
  }
}

[25/10/2022 11:04:04] Verificando a solicitação...
[25/10/2022 11:04:04] abgsoft-autopark-unimed.php
array(5) {
  ["nome"]=>
  string(21) "Johnny Leonel Xavier "
  ["cpf"]=>
  string(11) "08161347662"
  ["email"]=>
  string(28) "johnnyleonel2012@hotmail.com"
  ["placa"]=>
  string(7) "Qpe9813"
  ["unidade"]=>
  array(1) {
    [0]=>
    string(1) "3"
  }
}

[25/10/2022 11:06:51] Verificando a solicitação...
[25/10/2022 11:06:51] abgsoft-autopark-unimed.php
array(5) {
  ["nome"]=>
  string(28) "Hosana Abucater Lima Azevedo"
  ["cpf"]=>
  string(11) "42610940610"
  ["email"]=>
  string(19) "habucater@yahoo.com"
  ["placa"]=>
  string(7) "QNR8965"
  ["unidade"]=>
  array(1) {
    [0]=>
    string(1) "5"
  }
}

[25/10/2022 11:16:51] Verificando a solicitação...
[25/10/2022 11:16:51] abgsoft-autopark-unimed.php
array(5) {
  ["nome"]=>
  string(13) "Sandra Barros"
  ["cpf"]=>
  string(11) "71238000606"
  ["email"]=>
  string(26) "sandra.barrosl@hotmail.com"
  ["placa"]=>
  string(8) "PVT 7115"
  ["unidade"]=>
  array(1) {
    [0]=>
    string(1) "3"
  }
}

[25/10/2022 12:03:21] Verificando a solicitação...
[25/10/2022 12:03:21] abgsoft-autopark-unimed.php
array(5) {
  ["nome"]=>
  string(25) "Wellington Luiz Teixeira "
  ["cpf"]=>
  string(11) "04084041670"
  ["email"]=>
  string(26) "lutei.wellington@gmail.com"
  ["placa"]=>
  string(8) "HJP8A48 "
  ["unidade"]=>
  array(1) {
    [0]=>
    string(1) "5"
  }
}

[25/10/2022 12:10:53] Verificando a solicitação...
[25/10/2022 12:10:53] abgsoft-autopark-unimed.php
array(5) {
  ["nome"]=>
  string(27) "João victor ferreira Reis "
  ["cpf"]=>
  string(11) "16050765626"
  ["email"]=>
  string(30) "ofc.joaovictorf.reis@gmail.com"
  ["placa"]=>
  string(7) "Jna4i45"
  ["unidade"]=>
  array(1) {
    [0]=>
    string(1) "5"
  }
}

[25/10/2022 12:50:19] Verificando a solicitação...
[25/10/2022 12:50:19] abgsoft-autopark-unimed.php
array(5) {
  ["nome"]=>
  string(16) "Isabel c s costa"
  ["cpf"]=>
  string(14) "599.632.126-20"
  ["email"]=>
  string(29) "crisdesouzacosta@yahoo.com.br"
  ["placa"]=>
  string(7) "Rtl1i21"
  ["unidade"]=>
  array(1) {
    [0]=>
    string(1) "5"
  }
}

[25/10/2022 12:50:48] Verificando a solicitação...
[25/10/2022 12:50:48] abgsoft-autopark-unimed.php
array(5) {
  ["nome"]=>
  string(22) "Cyntia Martins Ribeiro"
  ["cpf"]=>
  string(11) "10811551679"
  ["email"]=>
  string(27) "cyntia.mribeiro@hotmail.com"
  ["placa"]=>
  string(7) "QQC5197"
  ["unidade"]=>
  array(1) {
    [0]=>
    string(1) "2"
  }
}

[25/10/2022 12:56:08] Verificando a solicitação...
[25/10/2022 12:56:08] abgsoft-autopark-unimed.php
array(5) {
  ["nome"]=>
  string(29) "JOSE AUGUSTO NUNES DOS SANTOS"
  ["cpf"]=>
  string(14) "026.990.246-51"
  ["email"]=>
  string(21) "jose.nunes@pbh.gov.br"
  ["placa"]=>
  string(7) "HKT3967"
  ["unidade"]=>
  array(1) {
    [0]=>
    string(1) "7"
  }
}

[25/10/2022 12:59:12] Verificando a solicitação...
[25/10/2022 12:59:12] abgsoft-autopark-unimed.php
array(5) {
  ["nome"]=>
  string(22) "RENATA FERNANDA RABELO"
  ["cpf"]=>
  string(14) "037.386.926-65"
  ["email"]=>
  string(27) "renatarabelo17@yahoo.com.br"
  ["placa"]=>
  string(7) "RNG2F23"
  ["unidade"]=>
  array(1) {
    [0]=>
    string(1) "2"
  }
}

[25/10/2022 12:59:16] Verificando a solicitação...
[25/10/2022 12:59:16] abgsoft-autopark-unimed.php
array(5) {
  ["nome"]=>
  string(22) "Ronilda do Carmo Cruz "
  ["cpf"]=>
  string(14) "558.753.946-68"
  ["email"]=>
  string(21) "pra_roni@yahoo.com.br"
  ["placa"]=>
  string(7) "QOY1D75"
  ["unidade"]=>
  array(1) {
    [0]=>
    string(1) "3"
  }
}

[25/10/2022 01:39:38] Verificando a solicitação...
[25/10/2022 01:45:55] Verificando a solicitação...
[25/10/2022 01:45:55] abgsoft-autopark-unimed.php
array(5) {
  ["nome"]=>
  string(23) "RAQUEL MACEDO FRANCISCO"
  ["cpf"]=>
  string(14) "076.767.816-80"
  ["email"]=>
  string(21) "raquelmjump@gmail.com"
  ["placa"]=>
  string(7) "HEO8232"
  ["unidade"]=>
  array(1) {
    [0]=>
    string(1) "7"
  }
}

[25/10/2022 02:04:35] Verificando a solicitação...
[25/10/2022 02:04:35] abgsoft-autopark-unimed.php
array(5) {
  ["nome"]=>
  string(29) "Luciane Andrade Renna Camacho"
  ["cpf"]=>
  string(13) "012284696-60 "
  ["email"]=>
  string(20) "lucianearc@gmail.com"
  ["placa"]=>
  string(9) "OWX-2727 "
  ["unidade"]=>
  array(1) {
    [0]=>
    string(1) "5"
  }
}

[25/10/2022 02:06:48] Verificando a solicitação...
[25/10/2022 02:06:48] abgsoft-autopark-unimed.php
array(5) {
  ["nome"]=>
  string(8) "Fernando"
  ["cpf"]=>
  string(11) "00877555648"
  ["email"]=>
  string(24) "edi.gmlopes@yahoo.com.br"
  ["placa"]=>
  string(7) "Gyw7bm5"
  ["unidade"]=>
  array(1) {
    [0]=>
    string(1) "5"
  }
}

[25/10/2022 02:09:19] Verificando a solicitação...
[25/10/2022 02:09:19] abgsoft-autopark-unimed.php
array(5) {
  ["nome"]=>
  string(31) "Thayna Lorrane de Almeida lima "
  ["cpf"]=>
  string(12) "701105826-59"
  ["email"]=>
  string(20) "thayna124@icloud.com"
  ["placa"]=>
  string(7) "HLH8907"
  ["unidade"]=>
  array(1) {
    [0]=>
    string(1) "5"
  }
}

[25/10/2022 02:18:44] Verificando a solicitação...
[25/10/2022 02:18:44] abgsoft-autopark-unimed.php
array(5) {
  ["nome"]=>
  string(31) "ELIZETH GOMES DA SILVA MENDONCA"
  ["cpf"]=>
  string(11) "03283687684"
  ["email"]=>
  string(26) "elizeth.mendonca@gmail.com"
  ["placa"]=>
  string(7) "PJT0B40"
  ["unidade"]=>
  array(1) {
    [0]=>
    string(1) "5"
  }
}

[25/10/2022 02:23:15] Verificando a solicitação...
[25/10/2022 02:23:15] abgsoft-autopark-unimed.php
array(5) {
  ["nome"]=>
  string(31) "ELIZETH GOMES DA SILVA MENDONCA"
  ["cpf"]=>
  string(11) "03283687684"
  ["email"]=>
  string(26) "elizeth.mendonca@gmail.com"
  ["placa"]=>
  string(7) "PJT0B40"
  ["unidade"]=>
  array(1) {
    [0]=>
    string(1) "5"
  }
}

[25/10/2022 02:32:38] Verificando a solicitação...
[25/10/2022 02:32:38] abgsoft-autopark-unimed.php
array(5) {
  ["nome"]=>
  string(32) "ELIZETH GOMES DA SILVA MENDONÇA"
  ["cpf"]=>
  string(11) "03283687684"
  ["email"]=>
  string(26) "elizeth.mendonca@gmail.com"
  ["placa"]=>
  string(7) "PJT0B40"
  ["unidade"]=>
  array(1) {
    [0]=>
    string(1) "5"
  }
}

[25/10/2022 03:13:04] Verificando a solicitação...
[25/10/2022 03:13:04] abgsoft-autopark-unimed.php
array(5) {
  ["nome"]=>
  string(5) "LUANA"
  ["cpf"]=>
  string(14) "052.921.036-32"
  ["email"]=>
  string(19) "lrangel10@gmail.com"
  ["placa"]=>
  string(7) "GCO8I12"
  ["unidade"]=>
  array(1) {
    [0]=>
    string(1) "4"
  }
}

[25/10/2022 03:13:11] Verificando a solicitação...
[25/10/2022 03:13:11] abgsoft-autopark-unimed.php
array(5) {
  ["nome"]=>
  string(33) "Karina Ferreira de Assis da Silva"
  ["cpf"]=>
  string(14) "012.575.186-90"
  ["email"]=>
  string(25) "karina.assis@yahoo.com.br"
  ["placa"]=>
  string(7) "HBW9586"
  ["unidade"]=>
  array(1) {
    [0]=>
    string(1) "5"
  }
}

[25/10/2022 03:22:47] Verificando a solicitação...
[25/10/2022 03:22:47] abgsoft-autopark-unimed.php
array(5) {
  ["nome"]=>
  string(39) "MARILAINE DE LOURDES RIBEIRO DE ALMEIDA"
  ["cpf"]=>
  string(14) "732.463.106-10"
  ["email"]=>
  string(27) "laine.calendula@hotmail.com"
  ["placa"]=>
  string(7) "RNF0H58"
  ["unidade"]=>
  array(1) {
    [0]=>
    string(1) "2"
  }
}

[25/10/2022 04:19:51] Verificando a solicitação...
[25/10/2022 04:19:51] abgsoft-autopark-unimed.php
array(5) {
  ["nome"]=>
  string(32) "RENATA DE OLIVEIRA PESSOA RABELO"
  ["cpf"]=>
  string(14) "087.509.916-55"
  ["email"]=>
  string(25) "oliver.pessoa@hotmail.com"
  ["placa"]=>
  string(7) "HDQ2J97"
  ["unidade"]=>
  array(1) {
    [0]=>
    string(1) "5"
  }
}

[25/10/2022 04:22:33] Verificando a solicitação...
[25/10/2022 04:22:33] abgsoft-autopark-unimed.php
array(5) {
  ["nome"]=>
  string(22) "Joyce Martins Basilio "
  ["cpf"]=>
  string(11) "07535030660"
  ["email"]=>
  string(23) "joycembasilio@gmail.com"
  ["placa"]=>
  string(7) "Mol9658"
  ["unidade"]=>
  array(1) {
    [0]=>
    string(1) "5"
  }
}

[25/10/2022 05:13:10] Verificando a solicitação...
[25/10/2022 05:13:10] abgsoft-autopark-unimed.php
array(5) {
  ["nome"]=>
  string(30) "KELEN CRISTINE OLIVEIRA PÁDUA"
  ["cpf"]=>
  string(14) "038.616.856-39"
  ["email"]=>
  string(23) "KELENPADUA@YAHOO.COM.BR"
  ["placa"]=>
  string(7) "RFG5D49"
  ["unidade"]=>
  array(1) {
    [0]=>
    string(1) "3"
  }
}

[25/10/2022 05:23:29] Verificando a solicitação...
[25/10/2022 05:23:29] abgsoft-autopark-unimed.php
array(5) {
  ["nome"]=>
  string(30) "KELEN CRISTINE OLIVEIRA PÁDUA"
  ["cpf"]=>
  string(14) "038.616.856-39"
  ["email"]=>
  string(23) "kelenpadua@yahoo.com.br"
  ["placa"]=>
  string(7) "RFG5D49"
  ["unidade"]=>
  array(1) {
    [0]=>
    string(1) "3"
  }
}

[25/10/2022 05:39:22] Verificando a solicitação...
[25/10/2022 05:39:22] abgsoft-autopark-unimed.php
array(5) {
  ["nome"]=>
  string(30) "Dalilaine Campos Salgado Silva"
  ["cpf"]=>
  string(14) "102.301.216-24"
  ["email"]=>
  string(21) "dalilaine@hotmail.com"
  ["placa"]=>
  string(7) "GOW0234"
  ["unidade"]=>
  array(1) {
    [0]=>
    string(1) "4"
  }
}

[25/10/2022 06:03:03] Verificando a solicitação...
[25/10/2022 06:03:03] abgsoft-autopark-unimed.php
array(5) {
  ["nome"]=>
  string(24) "Alessandra Cheab Fonseca"
  ["cpf"]=>
  string(14) "922.673.516-68"
  ["email"]=>
  string(21) "lekausa2015@gmail.com"
  ["placa"]=>
  string(7) "HNP0E21"
  ["unidade"]=>
  array(1) {
    [0]=>
    string(1) "7"
  }
}

[25/10/2022 07:21:51] Verificando a solicitação...
[25/10/2022 07:21:51] abgsoft-autopark-unimed.php
array(5) {
  ["nome"]=>
  string(27) "MOACYR DA CRUZ COSTA JUNIOR"
  ["cpf"]=>
  string(14) "574.657.206-30"
  ["email"]=>
  string(19) "moacyrccj@gmail.com"
  ["placa"]=>
  string(8) "NYE 3079"
  ["unidade"]=>
  array(1) {
    [0]=>
    string(1) "5"
  }
}

[25/10/2022 07:25:32] Verificando a solicitação...
[25/10/2022 07:25:32] abgsoft-autopark-unimed.php
array(5) {
  ["nome"]=>
  string(21) "diego fernandes dutra"
  ["cpf"]=>
  string(14) "073.509.096-32"
  ["email"]=>
  string(21) "diegofdutra@gmail.com"
  ["placa"]=>
  string(7) "oqv6134"
  ["unidade"]=>
  array(1) {
    [0]=>
    string(1) "5"
  }
}

[25/10/2022 08:52:46] Verificando a solicitação...
[25/10/2022 08:52:46] abgsoft-autopark-unimed.php
array(5) {
  ["nome"]=>
  string(21) "José Santana Pereira"
  ["cpf"]=>
  string(14) "107.360.366-01"
  ["email"]=>
  string(20) "jsp1992.js@gmail.com"
  ["placa"]=>
  string(7) "GWR0C21"
  ["unidade"]=>
  array(1) {
    [0]=>
    string(1) "2"
  }
}

