[04/12/2022 12:03:51] Verificando a solicitação...
[04/12/2022 12:03:51] abgsoft-autopark-unimed.php
array(5) {
  ["nome"]=>
  string(32) "Fabiana Aparecida Lopes Ribeiro "
  ["cpf"]=>
  string(11) "04034888695"
  ["email"]=>
  string(29) "fabiana.alopes@edu.pbh.gov.br"
  ["placa"]=>
  string(7) "QOI6786"
  ["unidade"]=>
  array(1) {
    [0]=>
    string(1) "3"
  }
}

[04/12/2022 12:05:25] Verificando a solicitação...
[04/12/2022 12:05:25] abgsoft-autopark-unimed.php
array(5) {
  ["nome"]=>
  string(32) "Fernanda Márcia Adriano Santos "
  ["cpf"]=>
  string(11) "11883310601"
  ["email"]=>
  string(27) "fernandamarcia6@hotmail.com"
  ["placa"]=>
  string(7) "PXK8D61"
  ["unidade"]=>
  array(1) {
    [0]=>
    string(1) "5"
  }
}

[04/12/2022 12:41:05] Verificando a solicitação...
[04/12/2022 12:41:05] abgsoft-autopark-unimed.php
array(5) {
  ["nome"]=>
  string(24) "EDIVALDO IMBUZEIRO LEITE"
  ["cpf"]=>
  string(11) "72071516672"
  ["email"]=>
  string(23) "i.mb.uzeiro@hotmail.com"
  ["placa"]=>
  string(7) "OLS2487"
  ["unidade"]=>
  array(1) {
    [0]=>
    string(1) "7"
  }
}

[04/12/2022 12:45:59] Verificando a solicitação...
[04/12/2022 12:45:59] abgsoft-autopark-unimed.php
array(5) {
  ["nome"]=>
  string(24) "EDIVALDO IMBUZEIRO LEITE"
  ["cpf"]=>
  string(14) "720.715.166-72"
  ["email"]=>
  string(23) "i.mb.uzeiro@hotmail.com"
  ["placa"]=>
  string(7) "OLS2487"
  ["unidade"]=>
  array(1) {
    [0]=>
    string(1) "7"
  }
}

[04/12/2022 02:14:08] Verificando a solicitação...
[04/12/2022 02:14:08] abgsoft-autopark-unimed.php
array(5) {
  ["nome"]=>
  string(38) "Andréia das Graças Damasceno Amaral "
  ["cpf"]=>
  string(15) "660.468.406-78 "
  ["email"]=>
  string(30) "andreiadamasceno42@hotmail.com"
  ["placa"]=>
  string(7) "RTC3G48"
  ["unidade"]=>
  array(1) {
    [0]=>
    string(1) "2"
  }
}

[04/12/2022 11:08:07] Verificando a solicitação...
[04/12/2022 11:08:07] abgsoft-autopark-unimed.php
array(5) {
  ["nome"]=>
  string(23) "Neria Teixeira Rezende "
  ["cpf"]=>
  string(11) "01374642665"
  ["email"]=>
  string(25) "neria.t.rezende@gmail.com"
  ["placa"]=>
  string(7) "HMI2185"
  ["unidade"]=>
  array(1) {
    [0]=>
    string(1) "7"
  }
}

[04/12/2022 11:50:05] Verificando a solicitação...
[04/12/2022 11:50:05] abgsoft-autopark-unimed.php
array(5) {
  ["nome"]=>
  string(39) "CINTIA RAFAELA DE ALMEIDA SILVA CARQUES"
  ["cpf"]=>
  string(11) "06577158673"
  ["email"]=>
  string(22) "cintiaras@yahoo.com.br"
  ["placa"]=>
  string(7) "OPI2274"
  ["unidade"]=>
  array(1) {
    [0]=>
    string(1) "3"
  }
}

[04/12/2022 12:48:37] Verificando a solicitação...
[04/12/2022 12:48:37] abgsoft-autopark-unimed.php
array(5) {
  ["nome"]=>
  string(12) "Gilson Faria"
  ["cpf"]=>
  string(11) "04483622609"
  ["email"]=>
  string(23) "gilsonbio2008@gmail.com"
  ["placa"]=>
  string(7) "RFI4B09"
  ["unidade"]=>
  array(1) {
    [0]=>
    string(1) "5"
  }
}

[04/12/2022 12:55:56] Verificando a solicitação...
[04/12/2022 12:55:56] abgsoft-autopark-unimed.php
array(5) {
  ["nome"]=>
  string(27) "Marcio Tenório de oliveira"
  ["cpf"]=>
  string(11) "07246562605"
  ["email"]=>
  string(20) "marcioteno@gmail.com"
  ["placa"]=>
  string(7) "Qoe5913"
  ["unidade"]=>
  array(1) {
    [0]=>
    string(1) "5"
  }
}

[04/12/2022 01:05:00] Verificando a solicitação...
[04/12/2022 01:05:00] abgsoft-autopark-unimed.php
array(5) {
  ["nome"]=>
  string(20) "RAFAEL COSTA RIBEIRO"
  ["cpf"]=>
  string(14) "067.757.066-00"
  ["email"]=>
  string(22) "rribeiro2112@gmail.com"
  ["placa"]=>
  string(7) "hjn1661"
  ["unidade"]=>
  array(1) {
    [0]=>
    string(1) "3"
  }
}

[04/12/2022 01:24:19] Verificando a solicitação...
[04/12/2022 01:24:19] abgsoft-autopark-unimed.php
array(5) {
  ["nome"]=>
  string(34) "Rafael Henrique dos Santos Tobias "
  ["cpf"]=>
  string(14) "019.241.476-37"
  ["email"]=>
  string(30) "rafaelhenriquetobias@gmail.com"
  ["placa"]=>
  string(8) "PUY1c15 "
  ["unidade"]=>
  array(1) {
    [0]=>
    string(1) "7"
  }
}

[04/12/2022 01:56:21] Verificando a solicitação...
[04/12/2022 01:56:21] abgsoft-autopark-unimed.php
array(5) {
  ["nome"]=>
  string(13) "Marina Mundim"
  ["cpf"]=>
  string(14) "063.479.336-59"
  ["email"]=>
  string(26) "marina_mundim@yahoo.com.br"
  ["placa"]=>
  string(7) "PZF2225"
  ["unidade"]=>
  array(1) {
    [0]=>
    string(1) "5"
  }
}

[04/12/2022 02:02:19] Verificando a solicitação...
[04/12/2022 02:02:19] abgsoft-autopark-unimed.php
array(5) {
  ["nome"]=>
  string(26) "ALEXANDRE CARNEIRO PEREIRA"
  ["cpf"]=>
  string(11) "03449778625"
  ["email"]=>
  string(17) "alexcpx@gmail.com"
  ["placa"]=>
  string(7) "HMF2G20"
  ["unidade"]=>
  array(1) {
    [0]=>
    string(1) "5"
  }
}

[04/12/2022 02:13:21] Verificando a solicitação...
[04/12/2022 02:13:21] abgsoft-autopark-unimed.php
array(5) {
  ["nome"]=>
  string(21) "SILVIA AMELIA BATISTA"
  ["cpf"]=>
  string(14) "874.019.598-87"
  ["email"]=>
  string(25) "silvia@proartminas.com.br"
  ["placa"]=>
  string(7) "HDV2275"
  ["unidade"]=>
  array(1) {
    [0]=>
    string(1) "5"
  }
}

[04/12/2022 02:41:27] Verificando a solicitação...
[04/12/2022 02:41:27] abgsoft-autopark-unimed.php
array(5) {
  ["nome"]=>
  string(29) "Felipe Elvis De Souza Santos "
  ["cpf"]=>
  string(11) "11043007610"
  ["email"]=>
  string(23) "felipeelvis83@gmail.com"
  ["placa"]=>
  string(7) "Hdm7c01"
  ["unidade"]=>
  array(1) {
    [0]=>
    string(1) "5"
  }
}

[04/12/2022 02:55:09] Verificando a solicitação...
[04/12/2022 02:55:09] abgsoft-autopark-unimed.php
array(5) {
  ["nome"]=>
  string(30) "RAMON MARCELO BENIGNO OLIVEIRA"
  ["cpf"]=>
  string(14) "028.572.876-70"
  ["email"]=>
  string(22) "ramonmarcelo@gmail.com"
  ["placa"]=>
  string(7) "ome7151"
  ["unidade"]=>
  array(1) {
    [0]=>
    string(1) "5"
  }
}

[04/12/2022 05:07:14] Verificando a solicitação...
[04/12/2022 05:07:14] abgsoft-autopark-unimed.php
array(5) {
  ["nome"]=>
  string(33) "ANA CAROLINA GUIMARÃES CATENACCI"
  ["cpf"]=>
  string(11) "06312468607"
  ["email"]=>
  string(26) "CAROLZINHA0705@HOTMAIL.COM"
  ["placa"]=>
  string(7) "Quq0399"
  ["unidade"]=>
  array(1) {
    [0]=>
    string(1) "7"
  }
}

[04/12/2022 05:15:36] Verificando a solicitação...
[04/12/2022 05:15:36] abgsoft-autopark-unimed.php
array(5) {
  ["nome"]=>
  string(20) "Ednea do Carmo Assis"
  ["cpf"]=>
  string(11) "71768513600"
  ["email"]=>
  string(22) "edneaassis@hotmail.com"
  ["placa"]=>
  string(8) "QKK 8824"
  ["unidade"]=>
  array(1) {
    [0]=>
    string(1) "5"
  }
}

[04/12/2022 05:33:27] Verificando a solicitação...
[04/12/2022 05:33:27] abgsoft-autopark-unimed.php
array(5) {
  ["nome"]=>
  string(20) "Iêdo Ribeiro Nunes "
  ["cpf"]=>
  string(14) "033.636.466-07"
  ["email"]=>
  string(29) "iedoribeironunes@yahoo.com.br"
  ["placa"]=>
  string(7) "HLP5963"
  ["unidade"]=>
  array(1) {
    [0]=>
    string(1) "7"
  }
}

[04/12/2022 06:26:33] Verificando a solicitação...
[04/12/2022 06:26:33] abgsoft-autopark-unimed.php
array(5) {
  ["nome"]=>
  string(25) "Joceli de Oliveira Silva "
  ["cpf"]=>
  string(14) "508.921.007-10"
  ["email"]=>
  string(25) "jocelisilva1955@gmail.com"
  ["placa"]=>
  string(7) "KXH3B92"
  ["unidade"]=>
  array(1) {
    [0]=>
    string(1) "5"
  }
}

[04/12/2022 07:58:30] Verificando a solicitação...
[04/12/2022 07:58:30] abgsoft-autopark-unimed.php
array(5) {
  ["nome"]=>
  string(27) "Ana Carolina Lemos Emerick "
  ["cpf"]=>
  string(11) "07174239641"
  ["email"]=>
  string(20) "carol.ls@outlook.com"
  ["placa"]=>
  string(7) "QOY8735"
  ["unidade"]=>
  array(1) {
    [0]=>
    string(1) "3"
  }
}

[04/12/2022 08:02:29] Verificando a solicitação...
[04/12/2022 08:27:59] Verificando a solicitação...
[04/12/2022 08:27:59] abgsoft-autopark-unimed.php
array(5) {
  ["nome"]=>
  string(28) "Karla Ortegal Barbosa Weber "
  ["cpf"]=>
  string(15) "642.122.707-49 "
  ["email"]=>
  string(20) "krlweber@hotmail.com"
  ["placa"]=>
  string(7) "Oqv1585"
  ["unidade"]=>
  array(1) {
    [0]=>
    string(1) "5"
  }
}

[04/12/2022 08:43:42] Verificando a solicitação...
[04/12/2022 08:43:42] abgsoft-autopark-unimed.php
array(5) {
  ["nome"]=>
  string(25) "Tiago Bernardino da Costa"
  ["cpf"]=>
  string(11) "07362646631"
  ["email"]=>
  string(20) "tiago.bc@hotmail.com"
  ["placa"]=>
  string(7) "QOO9196"
  ["unidade"]=>
  array(1) {
    [0]=>
    string(1) "7"
  }
}

[04/12/2022 08:58:43] Verificando a solicitação...
[04/12/2022 08:58:43] abgsoft-autopark-unimed.php
array(5) {
  ["nome"]=>
  string(23) "Benedito profeta filho "
  ["cpf"]=>
  string(11) "74576879634"
  ["email"]=>
  string(26) "benedito.profeta@gmail.com"
  ["placa"]=>
  string(8) "Gwi5237 "
  ["unidade"]=>
  array(1) {
    [0]=>
    string(1) "3"
  }
}

[04/12/2022 09:50:57] Verificando a solicitação...
[04/12/2022 09:50:57] abgsoft-autopark-unimed.php
array(5) {
  ["nome"]=>
  string(26) "Edineia Ermelinda da Silva"
  ["cpf"]=>
  string(14) "040.530.986-45"
  ["email"]=>
  string(23) "adm.eesilva13@gmail.com"
  ["placa"]=>
  string(8) "GVY 8484"
  ["unidade"]=>
  array(1) {
    [0]=>
    string(1) "3"
  }
}

[04/12/2022 10:11:51] Verificando a solicitação...
[04/12/2022 10:11:51] abgsoft-autopark-unimed.php
array(5) {
  ["nome"]=>
  string(34) "Nathália Dulce Moreira dos Santos"
  ["cpf"]=>
  string(11) "06731196614"
  ["email"]=>
  string(19) "nat.dms@hotmail.com"
  ["placa"]=>
  string(7) "OWM0234"
  ["unidade"]=>
  array(1) {
    [0]=>
    string(1) "3"
  }
}

[04/12/2022 10:16:51] Verificando a solicitação...
[04/12/2022 10:16:51] abgsoft-autopark-unimed.php
array(5) {
  ["nome"]=>
  string(17) "Ana Paula Giavara"
  ["cpf"]=>
  string(11) "33955843807"
  ["email"]=>
  string(22) "anagiavara@hotmail.com"
  ["placa"]=>
  string(7) "QPE2501"
  ["unidade"]=>
  array(1) {
    [0]=>
    string(1) "5"
  }
}

[04/12/2022 10:23:11] Verificando a solicitação...
[04/12/2022 10:23:11] abgsoft-autopark-unimed.php
array(5) {
  ["nome"]=>
  string(32) "Luciana Gibaja de Souza Valente "
  ["cpf"]=>
  string(14) "125.496.698-60"
  ["email"]=>
  string(24) "lugsvalente@yahoo.com.br"
  ["placa"]=>
  string(7) "OOW8746"
  ["unidade"]=>
  array(1) {
    [0]=>
    string(1) "5"
  }
}

[04/12/2022 10:48:15] Verificando a solicitação...
[04/12/2022 10:48:15] abgsoft-autopark-unimed.php
array(5) {
  ["nome"]=>
  string(27) "Eleonora Campi Lima Coelho "
  ["cpf"]=>
  string(11) "18672809653"
  ["email"]=>
  string(25) "flavialimayorks@gmail.com"
  ["placa"]=>
  string(7) "HZW8G42"
  ["unidade"]=>
  array(1) {
    [0]=>
    string(1) "5"
  }
}

[04/12/2022 11:13:44] Verificando a solicitação...
[04/12/2022 11:13:44] abgsoft-autopark-unimed.php
array(5) {
  ["nome"]=>
  string(15) "sérgio moreira"
  ["cpf"]=>
  string(11) "03270864671"
  ["email"]=>
  string(24) "mmarautomotivo@gmail.com"
  ["placa"]=>
  string(7) "HLB0168"
  ["unidade"]=>
  array(1) {
    [0]=>
    string(1) "5"
  }
}

