[21/11/2022 12:27:19] Verificando a solicitação...
[21/11/2022 12:27:19] abgsoft-autopark-unimed.php
array(5) {
  ["nome"]=>
  string(21) "Kelly Marciane Lopes "
  ["cpf"]=>
  string(14) "046.718.146-25"
  ["email"]=>
  string(30) "kellylopespsicologia@yahoo.com"
  ["placa"]=>
  string(7) "Gzp1693"
  ["unidade"]=>
  array(1) {
    [0]=>
    string(1) "3"
  }
}

[21/11/2022 01:54:55] Verificando a solicitação...
[21/11/2022 01:59:20] Verificando a solicitação...
[21/11/2022 01:59:20] abgsoft-autopark-unimed.php
array(5) {
  ["nome"]=>
  string(21) "GEORGE FLORES MARTINS"
  ["cpf"]=>
  string(14) "910.083.526-91"
  ["email"]=>
  string(28) "georgemartins11672@gmail.com"
  ["placa"]=>
  string(7) "HNW0834"
  ["unidade"]=>
  array(1) {
    [0]=>
    string(1) "3"
  }
}

[21/11/2022 07:43:58] Verificando a solicitação...
[21/11/2022 07:43:58] abgsoft-autopark-unimed.php
array(5) {
  ["nome"]=>
  string(21) "Adriana Soares Arrais"
  ["cpf"]=>
  string(11) "05065235600"
  ["email"]=>
  string(26) "adrianaarrais@yahoo.com.br"
  ["placa"]=>
  string(7) "Pwh9077"
  ["unidade"]=>
  array(1) {
    [0]=>
    string(1) "5"
  }
}

[21/11/2022 08:50:50] Verificando a solicitação...
[21/11/2022 08:50:50] abgsoft-autopark-unimed.php
array(5) {
  ["nome"]=>
  string(20) "Glaucia Alves Sandes"
  ["cpf"]=>
  string(14) "074.390.116-94"
  ["email"]=>
  string(26) "glaucia-sandes@hotmail.com"
  ["placa"]=>
  string(7) "Pva1E09"
  ["unidade"]=>
  array(1) {
    [0]=>
    string(1) "5"
  }
}

[21/11/2022 08:52:35] Verificando a solicitação...
[21/11/2022 08:52:35] abgsoft-autopark-unimed.php
array(5) {
  ["nome"]=>
  string(31) "Mariana Nogueira Rezende Vilela"
  ["cpf"]=>
  string(11) "06775662637"
  ["email"]=>
  string(26) "marinogueira26@hotmail.com"
  ["placa"]=>
  string(7) "QPI2F92"
  ["unidade"]=>
  array(1) {
    [0]=>
    string(1) "1"
  }
}

[21/11/2022 09:38:37] Verificando a solicitação...
[21/11/2022 09:38:37] abgsoft-autopark-unimed.php
array(5) {
  ["nome"]=>
  string(15) "ALYSON N C MOTA"
  ["cpf"]=>
  string(14) "031.419.096-10"
  ["email"]=>
  string(27) "alyson.nogueira@hotmail.com"
  ["placa"]=>
  string(7) "QNZ9J88"
  ["unidade"]=>
  array(1) {
    [0]=>
    string(1) "5"
  }
}

[21/11/2022 09:42:15] Verificando a solicitação...
[21/11/2022 09:42:15] abgsoft-autopark-unimed.php
array(5) {
  ["nome"]=>
  string(28) "Luis Eduardo Resende Finelli"
  ["cpf"]=>
  string(14) "806.443.176-04"
  ["email"]=>
  string(24) "luisfinelli@yahoo.com.br"
  ["placa"]=>
  string(8) "OPT-8502"
  ["unidade"]=>
  array(1) {
    [0]=>
    string(1) "5"
  }
}

[21/11/2022 09:50:18] Verificando a solicitação...
[21/11/2022 09:50:18] abgsoft-autopark-unimed.php
array(5) {
  ["nome"]=>
  string(24) "Fernando de Sousa pinto "
  ["cpf"]=>
  string(11) "93872526634"
  ["email"]=>
  string(30) "fernando.pinto2003@hotmail.com"
  ["placa"]=>
  string(7) "Muh1708"
  ["unidade"]=>
  array(1) {
    [0]=>
    string(1) "7"
  }
}

[21/11/2022 09:56:50] Verificando a solicitação...
[21/11/2022 09:56:50] abgsoft-autopark-unimed.php
array(5) {
  ["nome"]=>
  string(19) "Claudio lemos reis "
  ["cpf"]=>
  string(11) "97194164653"
  ["email"]=>
  string(23) "jackreis214@hotmail.com"
  ["placa"]=>
  string(7) "Pvw2949"
  ["unidade"]=>
  array(1) {
    [0]=>
    string(1) "5"
  }
}

[21/11/2022 10:06:13] Verificando a solicitação...
[21/11/2022 10:06:13] abgsoft-autopark-unimed.php
array(5) {
  ["nome"]=>
  string(23) "Ellen Patricia da Silva"
  ["cpf"]=>
  string(11) "07677192637"
  ["email"]=>
  string(26) "ellenpatricia504@gmail.com"
  ["placa"]=>
  string(7) "PUN3271"
  ["unidade"]=>
  array(1) {
    [0]=>
    string(1) "5"
  }
}

[21/11/2022 10:07:01] Verificando a solicitação...
[21/11/2022 10:07:01] abgsoft-autopark-unimed.php
array(5) {
  ["nome"]=>
  string(32) "Bruno Francisco Carvalho Pimenta"
  ["cpf"]=>
  string(14) "014.650.736-39"
  ["email"]=>
  string(23) "bfcpimenta@yahoo.com.br"
  ["placa"]=>
  string(7) "FKR9G68"
  ["unidade"]=>
  array(1) {
    [0]=>
    string(1) "3"
  }
}

[21/11/2022 10:29:22] Verificando a solicitação...
[21/11/2022 10:29:22] abgsoft-autopark-unimed.php
array(5) {
  ["nome"]=>
  string(25) "Paulo Marcelo de Oliveira"
  ["cpf"]=>
  string(11) "42455243672"
  ["email"]=>
  string(26) "paulomarcelo10@hotmail.com"
  ["placa"]=>
  string(7) "QXK9027"
  ["unidade"]=>
  array(1) {
    [0]=>
    string(1) "5"
  }
}

[21/11/2022 10:53:21] Verificando a solicitação...
[21/11/2022 10:53:21] abgsoft-autopark-unimed.php
array(5) {
  ["nome"]=>
  string(40) "Vitor Hugo Figueiredo de Lacerda Martins"
  ["cpf"]=>
  string(14) "064.664.076-32"
  ["email"]=>
  string(27) "vitor.martins@gerdau.com.br"
  ["placa"]=>
  string(7) "RTQ0A30"
  ["unidade"]=>
  array(1) {
    [0]=>
    string(1) "3"
  }
}

[21/11/2022 10:59:56] Verificando a solicitação...
[21/11/2022 10:59:56] abgsoft-autopark-unimed.php
array(5) {
  ["nome"]=>
  string(27) "Mayara Agneh Dutra Supriano"
  ["cpf"]=>
  string(11) "09100029670"
  ["email"]=>
  string(20) "agnehdutra@gmail.com"
  ["placa"]=>
  string(7) "HLZ1G91"
  ["unidade"]=>
  array(1) {
    [0]=>
    string(1) "5"
  }
}

[21/11/2022 11:00:05] Verificando a solicitação...
[21/11/2022 11:00:05] abgsoft-autopark-unimed.php
array(5) {
  ["nome"]=>
  string(31) "CAMILLA MARIA SALLES DE ANDRADE"
  ["cpf"]=>
  string(11) "01661564690"
  ["email"]=>
  string(24) "camillandrad@hotmail.com"
  ["placa"]=>
  string(7) "OPF7311"
  ["unidade"]=>
  array(1) {
    [0]=>
    string(1) "2"
  }
}

[21/11/2022 11:14:22] Verificando a solicitação...
[21/11/2022 11:14:22] abgsoft-autopark-unimed.php
array(5) {
  ["nome"]=>
  string(25) "Roselena de Moraes Faria "
  ["cpf"]=>
  string(14) "997.046.846-49"
  ["email"]=>
  string(22) "rosefaria229@gmail.com"
  ["placa"]=>
  string(7) "Cyk0766"
  ["unidade"]=>
  array(1) {
    [0]=>
    string(1) "7"
  }
}

[21/11/2022 11:20:12] Verificando a solicitação...
[21/11/2022 11:20:12] abgsoft-autopark-unimed.php
array(5) {
  ["nome"]=>
  string(22) "Michelle Simao Yankous"
  ["cpf"]=>
  string(14) "027.966.996-84"
  ["email"]=>
  string(21) "myankous@terra.com.br"
  ["placa"]=>
  string(7) "HML7623"
  ["unidade"]=>
  array(1) {
    [0]=>
    string(1) "5"
  }
}

[21/11/2022 11:26:31] Verificando a solicitação...
[21/11/2022 11:26:31] abgsoft-autopark-unimed.php
array(5) {
  ["nome"]=>
  string(8) "Fernando"
  ["cpf"]=>
  string(11) "74486756649"
  ["email"]=>
  string(23) "fernandocruzz@gmail.com"
  ["placa"]=>
  string(7) "Rft1i93"
  ["unidade"]=>
  array(1) {
    [0]=>
    string(1) "7"
  }
}

[21/11/2022 11:30:00] Verificando a solicitação...
[21/11/2022 11:30:00] abgsoft-autopark-unimed.php
array(5) {
  ["nome"]=>
  string(21) "Nemísia Dias Jordão"
  ["cpf"]=>
  string(14) "709.506.876-34"
  ["email"]=>
  string(19) "ndjord@yahoo.com.br"
  ["placa"]=>
  string(7) "HNR4701"
  ["unidade"]=>
  array(1) {
    [0]=>
    string(1) "5"
  }
}

[21/11/2022 11:30:23] Verificando a solicitação...
[21/11/2022 11:30:23] abgsoft-autopark-unimed.php
array(5) {
  ["nome"]=>
  string(41) "Michele de Carvalho Figueiredo Gonçalves"
  ["cpf"]=>
  string(14) "096.143.676-01"
  ["email"]=>
  string(27) "michelevieira72@hotmail.com"
  ["placa"]=>
  string(8) "ORA-4994"
  ["unidade"]=>
  array(1) {
    [0]=>
    string(1) "5"
  }
}

[21/11/2022 11:32:18] Verificando a solicitação...
[21/11/2022 11:32:18] abgsoft-autopark-unimed.php
array(5) {
  ["nome"]=>
  string(25) "Roselena de Moraes Faria "
  ["cpf"]=>
  string(14) "997.046.846-49"
  ["email"]=>
  string(22) "rosefaria229@gmail.com"
  ["placa"]=>
  string(8) "Cyk 0766"
  ["unidade"]=>
  array(1) {
    [0]=>
    string(1) "7"
  }
}

[21/11/2022 11:33:42] Verificando a solicitação...
[21/11/2022 11:33:42] abgsoft-autopark-unimed.php
array(5) {
  ["nome"]=>
  string(22) "Ronilda do Carmo Cruz "
  ["cpf"]=>
  string(14) "558.753.946-68"
  ["email"]=>
  string(21) "pra_roni@yahoo.com.br"
  ["placa"]=>
  string(7) "QOY1D75"
  ["unidade"]=>
  array(1) {
    [0]=>
    string(1) "3"
  }
}

[21/11/2022 11:33:59] Verificando a solicitação...
[21/11/2022 11:33:59] abgsoft-autopark-unimed.php
array(5) {
  ["nome"]=>
  string(31) "Thais Thamara Ferreira Ramalho "
  ["cpf"]=>
  string(11) "14291591624"
  ["email"]=>
  string(24) "tatazinha150@hotmail.com"
  ["placa"]=>
  string(8) "Hkh 6557"
  ["unidade"]=>
  array(1) {
    [0]=>
    string(1) "4"
  }
}

[21/11/2022 11:36:39] Verificando a solicitação...
[21/11/2022 11:36:39] abgsoft-autopark-unimed.php
array(5) {
  ["nome"]=>
  string(24) "Francisco Ferreira Lemos"
  ["cpf"]=>
  string(14) "037.660.906-07"
  ["email"]=>
  string(25) "franciscoffl@yahoo.com.br"
  ["placa"]=>
  string(7) "PYX6902"
  ["unidade"]=>
  array(1) {
    [0]=>
    string(1) "7"
  }
}

[21/11/2022 11:58:15] Verificando a solicitação...
[21/11/2022 11:58:15] abgsoft-autopark-unimed.php
array(5) {
  ["nome"]=>
  string(29) "Helena Beatriz Costa Pereira "
  ["cpf"]=>
  string(11) "19142299675"
  ["email"]=>
  string(25) "wagnersouza82@hotmail.com"
  ["placa"]=>
  string(7) "HGZ1754"
  ["unidade"]=>
  array(1) {
    [0]=>
    string(1) "7"
  }
}

[21/11/2022 12:05:37] Verificando a solicitação...
[21/11/2022 12:05:37] abgsoft-autopark-unimed.php
array(5) {
  ["nome"]=>
  string(36) "Jefferson Anderson de Miranda junior"
  ["cpf"]=>
  string(11) "13755017636"
  ["email"]=>
  string(26) "Jefferson.1931@hotmail.com"
  ["placa"]=>
  string(7) "Owr6061"
  ["unidade"]=>
  array(1) {
    [0]=>
    string(1) "2"
  }
}

[21/11/2022 12:15:41] Verificando a solicitação...
[21/11/2022 12:15:41] abgsoft-autopark-unimed.php
array(5) {
  ["nome"]=>
  string(19) "Keli Cristina Conti"
  ["cpf"]=>
  string(11) "24982438870"
  ["email"]=>
  string(20) "keli.conti@gmail.com"
  ["placa"]=>
  string(7) "QQQ7G06"
  ["unidade"]=>
  array(1) {
    [0]=>
    string(1) "7"
  }
}

[21/11/2022 12:16:22] Verificando a solicitação...
[21/11/2022 12:16:22] abgsoft-autopark-unimed.php
array(5) {
  ["nome"]=>
  string(26) "Marco Rodrigo Machado Lara"
  ["cpf"]=>
  string(14) "874.484.246-53"
  ["email"]=>
  string(21) "marcolara@hotmail.com"
  ["placa"]=>
  string(7) "owp2393"
  ["unidade"]=>
  array(1) {
    [0]=>
    string(1) "7"
  }
}

[21/11/2022 12:29:59] Verificando a solicitação...
[21/11/2022 12:29:59] abgsoft-autopark-unimed.php
array(5) {
  ["nome"]=>
  string(31) "Marco Antônio Remigio da Silva"
  ["cpf"]=>
  string(11) "56888317668"
  ["email"]=>
  string(24) "marcoremigio@hotmail.com"
  ["placa"]=>
  string(7) "QPS3773"
  ["unidade"]=>
  array(1) {
    [0]=>
    string(1) "5"
  }
}

[21/11/2022 12:30:30] Verificando a solicitação...
[21/11/2022 12:30:30] abgsoft-autopark-unimed.php
array(5) {
  ["nome"]=>
  string(26) "Francisco carlos cupertino"
  ["cpf"]=>
  string(14) "219.986.986-53"
  ["email"]=>
  string(21) "geletras@terra.com.br"
  ["placa"]=>
  string(7) "HNH9090"
  ["unidade"]=>
  array(1) {
    [0]=>
    string(1) "5"
  }
}

[21/11/2022 12:32:44] Verificando a solicitação...
[21/11/2022 12:32:44] abgsoft-autopark-unimed.php
array(5) {
  ["nome"]=>
  string(26) "Warley Angelo de Carvalho "
  ["cpf"]=>
  string(11) "05514775631"
  ["email"]=>
  string(17) "wacbh@hotmail.com"
  ["placa"]=>
  string(9) "QQL-6239 "
  ["unidade"]=>
  array(1) {
    [0]=>
    string(1) "5"
  }
}

[21/11/2022 12:38:12] Verificando a solicitação...
[21/11/2022 12:38:12] abgsoft-autopark-unimed.php
array(5) {
  ["nome"]=>
  string(23) "Norma de Fátima Silva "
  ["cpf"]=>
  string(11) "40363660682"
  ["email"]=>
  string(27) "normasilvablum@yahoo.com.br"
  ["placa"]=>
  string(8) "QMX-7H83"
  ["unidade"]=>
  array(1) {
    [0]=>
    string(1) "5"
  }
}

[21/11/2022 12:51:17] Verificando a solicitação...
[21/11/2022 12:51:17] abgsoft-autopark-unimed.php
array(5) {
  ["nome"]=>
  string(27) "Elenice leite Moura barbosa"
  ["cpf"]=>
  string(14) "003.956.326-09"
  ["email"]=>
  string(25) "eleniceleite705@gmail.com"
  ["placa"]=>
  string(7) "Rmf8d92"
  ["unidade"]=>
  array(1) {
    [0]=>
    string(1) "3"
  }
}

[21/11/2022 12:51:47] Verificando a solicitação...
[21/11/2022 12:51:47] abgsoft-autopark-unimed.php
array(5) {
  ["nome"]=>
  string(33) "Claudia Conceição de Souza Mota"
  ["cpf"]=>
  string(14) "055.104.296-66"
  ["email"]=>
  string(23) "claudiacsmota@gmail.com"
  ["placa"]=>
  string(7) "GXC0324"
  ["unidade"]=>
  array(1) {
    [0]=>
    string(1) "2"
  }
}

[21/11/2022 12:54:20] Verificando a solicitação...
[21/11/2022 12:54:20] abgsoft-autopark-unimed.php
array(5) {
  ["nome"]=>
  string(29) "JEFERSON GERALDO ROSA RIBEIRO"
  ["cpf"]=>
  string(14) "122.743.016-70"
  ["email"]=>
  string(25) "jeferson1109@yahoo.com.br"
  ["placa"]=>
  string(7) "Pcz8695"
  ["unidade"]=>
  array(1) {
    [0]=>
    string(1) "3"
  }
}

[21/11/2022 12:59:09] Verificando a solicitação...
[21/11/2022 12:59:09] abgsoft-autopark-unimed.php
array(5) {
  ["nome"]=>
  string(17) "Adriana Filizzola"
  ["cpf"]=>
  string(11) "78227623620"
  ["email"]=>
  string(20) "adrianafil@gmail.com"
  ["placa"]=>
  string(7) "PW-4619"
  ["unidade"]=>
  array(1) {
    [0]=>
    string(1) "5"
  }
}

[21/11/2022 01:01:42] Verificando a solicitação...
[21/11/2022 01:01:42] abgsoft-autopark-unimed.php
array(5) {
  ["nome"]=>
  string(29) "Diego Falabella Donada Aguiar"
  ["cpf"]=>
  string(11) "06392100660"
  ["email"]=>
  string(20) "diegoconec@gmail.com"
  ["placa"]=>
  string(7) "HGB8H16"
  ["unidade"]=>
  array(1) {
    [0]=>
    string(1) "5"
  }
}

[21/11/2022 01:01:57] Verificando a solicitação...
[21/11/2022 01:01:57] abgsoft-autopark-unimed.php
array(5) {
  ["nome"]=>
  string(32) "CREMILDA MARILAC DE FIGUEIREDO  "
  ["cpf"]=>
  string(14) "843.237.016-91"
  ["email"]=>
  string(25) "cremildamarilac@gmail.com"
  ["placa"]=>
  string(7) "JRU6549"
  ["unidade"]=>
  array(1) {
    [0]=>
    string(1) "4"
  }
}

[21/11/2022 01:04:52] Verificando a solicitação...
[21/11/2022 01:04:52] abgsoft-autopark-unimed.php
array(5) {
  ["nome"]=>
  string(21) "Eder Paulo Senhorinho"
  ["cpf"]=>
  string(11) "03975153679"
  ["email"]=>
  string(27) "edersenhorinho@yahoo.com.br"
  ["placa"]=>
  string(7) "GVZ0639"
  ["unidade"]=>
  array(1) {
    [0]=>
    string(1) "3"
  }
}

[21/11/2022 01:05:58] Verificando a solicitação...
[21/11/2022 01:05:58] abgsoft-autopark-unimed.php
array(5) {
  ["nome"]=>
  string(27) "Alessandra Barcelos Andrade"
  ["cpf"]=>
  string(14) "732.400.956-53"
  ["email"]=>
  string(30) "alessandrabarcelos26@gmail.com"
  ["placa"]=>
  string(7) "QNR3992"
  ["unidade"]=>
  array(1) {
    [0]=>
    string(1) "5"
  }
}

[21/11/2022 01:06:33] Verificando a solicitação...
[21/11/2022 01:06:56] Verificando a solicitação...
[21/11/2022 01:06:56] abgsoft-autopark-unimed.php
array(5) {
  ["nome"]=>
  string(20) "Ana Paula dos Santos"
  ["cpf"]=>
  string(11) "94203644615"
  ["email"]=>
  string(30) "personal.anapaula@yahoo.com.br"
  ["placa"]=>
  string(7) "LST3677"
  ["unidade"]=>
  array(1) {
    [0]=>
    string(1) "7"
  }
}

[21/11/2022 01:10:14] Verificando a solicitação...
[21/11/2022 01:10:14] abgsoft-autopark-unimed.php
array(5) {
  ["nome"]=>
  string(13) "Adriane Braga"
  ["cpf"]=>
  string(11) "04488535666"
  ["email"]=>
  string(23) "adrianelcc@yahoo.com.br"
  ["placa"]=>
  string(7) "PWN7314"
  ["unidade"]=>
  array(1) {
    [0]=>
    string(1) "3"
  }
}

[21/11/2022 01:11:09] Verificando a solicitação...
[21/11/2022 01:11:09] abgsoft-autopark-unimed.php
array(5) {
  ["nome"]=>
  string(17) "Adriana Filizzola"
  ["cpf"]=>
  string(14) "782.276.236-20"
  ["email"]=>
  string(20) "adrianafil@gmail.com"
  ["placa"]=>
  string(8) "PWC-4619"
  ["unidade"]=>
  array(1) {
    [0]=>
    string(1) "5"
  }
}

[21/11/2022 01:33:45] Verificando a solicitação...
[21/11/2022 01:33:45] abgsoft-autopark-unimed.php
array(5) {
  ["nome"]=>
  string(19) "ROBERTA DIAS FREIRE"
  ["cpf"]=>
  string(14) "046.749.076-75"
  ["email"]=>
  string(26) "robertafreirepsi@gmail.com"
  ["placa"]=>
  string(7) "FKI6B86"
  ["unidade"]=>
  array(1) {
    [0]=>
    string(1) "3"
  }
}

[21/11/2022 01:37:44] Verificando a solicitação...
[21/11/2022 01:37:44] abgsoft-autopark-unimed.php
array(5) {
  ["nome"]=>
  string(23) "ANA PAULA SILVA PIMENTA"
  ["cpf"]=>
  string(11) "96825260600"
  ["email"]=>
  string(24) "anas.pimenta@hotmail.com"
  ["placa"]=>
  string(8) "HOD 4838"
  ["unidade"]=>
  array(1) {
    [0]=>
    string(1) "7"
  }
}

[21/11/2022 01:43:29] Verificando a solicitação...
[21/11/2022 01:43:29] abgsoft-autopark-unimed.php
array(5) {
  ["nome"]=>
  string(20) "Célio Izidoro Rosa "
  ["cpf"]=>
  string(11) "50514431687"
  ["email"]=>
  string(28) "celioizidoro@sitraemg.org.br"
  ["placa"]=>
  string(7) "Hll3903"
  ["unidade"]=>
  array(1) {
    [0]=>
    string(1) "5"
  }
}

[21/11/2022 01:46:45] Verificando a solicitação...
[21/11/2022 01:46:45] abgsoft-autopark-unimed.php
array(5) {
  ["nome"]=>
  string(24) "Francisco Ferreira Lemos"
  ["cpf"]=>
  string(14) "037.660.906-07"
  ["email"]=>
  string(25) "franciscoffl@yahoo.com.br"
  ["placa"]=>
  string(7) "PYX6902"
  ["unidade"]=>
  array(1) {
    [0]=>
    string(1) "5"
  }
}

[21/11/2022 01:49:07] Verificando a solicitação...
[21/11/2022 01:49:07] abgsoft-autopark-unimed.php
array(5) {
  ["nome"]=>
  string(14) "Vitor Monteiro"
  ["cpf"]=>
  string(14) "063.015.216-09"
  ["email"]=>
  string(18) "vitiolas@gmail.com"
  ["placa"]=>
  string(7) "OQO3114"
  ["unidade"]=>
  array(1) {
    [0]=>
    string(1) "5"
  }
}

[21/11/2022 01:50:30] Verificando a solicitação...
[21/11/2022 01:50:30] abgsoft-autopark-unimed.php
array(5) {
  ["nome"]=>
  string(14) "Vitor Monteiro"
  ["cpf"]=>
  string(14) "063.015.216-09"
  ["email"]=>
  string(18) "vitiolas@gmail.com"
  ["placa"]=>
  string(7) "OQO3114"
  ["unidade"]=>
  array(1) {
    [0]=>
    string(1) "5"
  }
}

[21/11/2022 01:52:56] Verificando a solicitação...
[21/11/2022 01:52:56] abgsoft-autopark-unimed.php
array(5) {
  ["nome"]=>
  string(14) "Vitor Monteiro"
  ["cpf"]=>
  string(14) "063.015.216-09"
  ["email"]=>
  string(18) "vitiolas@gmail.com"
  ["placa"]=>
  string(7) "OQO3114"
  ["unidade"]=>
  array(1) {
    [0]=>
    string(1) "5"
  }
}

[21/11/2022 02:05:32] Verificando a solicitação...
[21/11/2022 02:05:32] abgsoft-autopark-unimed.php
array(5) {
  ["nome"]=>
  string(26) "Alessa Vasconcelos Pereira"
  ["cpf"]=>
  string(14) "050.179.076-45"
  ["email"]=>
  string(17) "alessav@gmail.com"
  ["placa"]=>
  string(7) "HMR4254"
  ["unidade"]=>
  array(1) {
    [0]=>
    string(1) "7"
  }
}

[21/11/2022 02:14:13] Verificando a solicitação...
[21/11/2022 02:14:13] abgsoft-autopark-unimed.php
array(5) {
  ["nome"]=>
  string(33) "Brena Nayara Martins de Oliveira "
  ["cpf"]=>
  string(11) "08898013639"
  ["email"]=>
  string(21) "breninhanay@gmail.com"
  ["placa"]=>
  string(7) "HEE6907"
  ["unidade"]=>
  array(1) {
    [0]=>
    string(1) "3"
  }
}

[21/11/2022 02:15:06] Verificando a solicitação...
[21/11/2022 02:15:06] abgsoft-autopark-unimed.php
array(5) {
  ["nome"]=>
  string(25) "Hingridy Hiorrana Guedes "
  ["cpf"]=>
  string(14) "785.573.486-49"
  ["email"]=>
  string(20) "hingridy@hotmail.com"
  ["placa"]=>
  string(20) "QPC3135 OQD E OUTROS"
  ["unidade"]=>
  array(1) {
    [0]=>
    string(1) "5"
  }
}

[21/11/2022 02:20:41] Verificando a solicitação...
[21/11/2022 02:20:41] abgsoft-autopark-unimed.php
array(5) {
  ["nome"]=>
  string(18) "JOAO BATISTA LEITE"
  ["cpf"]=>
  string(14) "485.471.316-04"
  ["email"]=>
  string(20) "JBPLANO@YAHOO.COM.BR"
  ["placa"]=>
  string(7) "HMO1994"
  ["unidade"]=>
  array(1) {
    [0]=>
    string(1) "5"
  }
}

[21/11/2022 02:25:07] Verificando a solicitação...
[21/11/2022 02:25:07] abgsoft-autopark-unimed.php
array(5) {
  ["nome"]=>
  string(40) "Gabriela Fernanda Xavier Moura da Silva "
  ["cpf"]=>
  string(14) "095.821.396-84"
  ["email"]=>
  string(30) "gabrielinha.fernanda@gmail.com"
  ["placa"]=>
  string(7) "HNO4096"
  ["unidade"]=>
  array(1) {
    [0]=>
    string(1) "7"
  }
}

[21/11/2022 02:27:35] Verificando a solicitação...
[21/11/2022 02:27:35] abgsoft-autopark-unimed.php
array(5) {
  ["nome"]=>
  string(22) "douglas junio da silva"
  ["cpf"]=>
  string(11) "11910131628"
  ["email"]=>
  string(17) "djulho8@gmail.com"
  ["placa"]=>
  string(7) "PWM3A89"
  ["unidade"]=>
  array(1) {
    [0]=>
    string(1) "2"
  }
}

[21/11/2022 02:29:55] Verificando a solicitação...
[21/11/2022 02:29:55] abgsoft-autopark-unimed.php
array(5) {
  ["nome"]=>
  string(18) "Cleidilene Martins"
  ["cpf"]=>
  string(11) "03569311619"
  ["email"]=>
  string(19) "cwaldethe@gmail.com"
  ["placa"]=>
  string(7) "Pwp4127"
  ["unidade"]=>
  array(1) {
    [0]=>
    string(1) "3"
  }
}

[21/11/2022 02:33:48] Verificando a solicitação...
[21/11/2022 02:33:48] abgsoft-autopark-unimed.php
array(5) {
  ["nome"]=>
  string(26) "monique Diniz  de oliveira"
  ["cpf"]=>
  string(11) "10024797626"
  ["email"]=>
  string(28) "moniqueoliveira.br@gmail.com"
  ["placa"]=>
  string(7) "NJC7126"
  ["unidade"]=>
  array(1) {
    [0]=>
    string(1) "5"
  }
}

[21/11/2022 02:48:26] Verificando a solicitação...
[21/11/2022 02:48:26] abgsoft-autopark-unimed.php
array(5) {
  ["nome"]=>
  string(21) "AMADEU CORNELIO PINTO"
  ["cpf"]=>
  string(11) "42084326672"
  ["email"]=>
  string(34) "amadeu@precisacontabilidade.cnt.br"
  ["placa"]=>
  string(7) "RNE9F92"
  ["unidade"]=>
  array(1) {
    [0]=>
    string(1) "7"
  }
}

[21/11/2022 03:05:57] Verificando a solicitação...
[21/11/2022 03:05:57] abgsoft-autopark-unimed.php
array(5) {
  ["nome"]=>
  string(25) "Janice Silvério Ribeiro "
  ["cpf"]=>
  string(11) "05965186681"
  ["email"]=>
  string(31) "janicesilverio2602@yahoo.com.br"
  ["placa"]=>
  string(8) "OPV 7843"
  ["unidade"]=>
  array(1) {
    [0]=>
    string(1) "2"
  }
}

[21/11/2022 03:07:42] Verificando a solicitação...
[21/11/2022 03:07:42] abgsoft-autopark-unimed.php
array(5) {
  ["nome"]=>
  string(32) "Silvia de Oliveira Birchal Azar "
  ["cpf"]=>
  string(14) "297.050.106-68"
  ["email"]=>
  string(23) "silviabirchal@gmail.com"
  ["placa"]=>
  string(7) "OQL8039"
  ["unidade"]=>
  array(1) {
    [0]=>
    string(1) "7"
  }
}

[21/11/2022 03:26:58] Verificando a solicitação...
[21/11/2022 03:26:58] abgsoft-autopark-unimed.php
array(5) {
  ["nome"]=>
  string(29) "Renata Carolina Silva Andrade"
  ["cpf"]=>
  string(14) "033.444.546-92"
  ["email"]=>
  string(20) "renatacsaa@gmail.com"
  ["placa"]=>
  string(7) "PWE6442"
  ["unidade"]=>
  array(1) {
    [0]=>
    string(1) "5"
  }
}

[21/11/2022 03:43:41] Verificando a solicitação...
[21/11/2022 03:43:41] abgsoft-autopark-unimed.php
array(5) {
  ["nome"]=>
  string(10) "Ana Luiza "
  ["cpf"]=>
  string(14) "101.492.596-70"
  ["email"]=>
  string(29) "analuiza_lopes20@yahoo.com.br"
  ["placa"]=>
  string(7) "Hdr7746"
  ["unidade"]=>
  array(1) {
    [0]=>
    string(1) "2"
  }
}

[21/11/2022 04:22:48] Verificando a solicitação...
[21/11/2022 04:22:48] abgsoft-autopark-unimed.php
array(5) {
  ["nome"]=>
  string(27) "THAIS QUINTILIANO RODRIGUES"
  ["cpf"]=>
  string(14) "095.393.436-58"
  ["email"]=>
  string(23) "thaisquintrod@gmail.com"
  ["placa"]=>
  string(8) "RNN2C58 "
  ["unidade"]=>
  array(1) {
    [0]=>
    string(1) "7"
  }
}

[21/11/2022 04:24:33] Verificando a solicitação...
[21/11/2022 04:24:33] abgsoft-autopark-unimed.php
array(5) {
  ["nome"]=>
  string(15) "HELIDEN MIRANDA"
  ["cpf"]=>
  string(11) "60927186691"
  ["email"]=>
  string(17) "hafmira@gmail.com"
  ["placa"]=>
  string(7) "QNW8480"
  ["unidade"]=>
  array(1) {
    [0]=>
    string(1) "5"
  }
}

[21/11/2022 04:29:28] Verificando a solicitação...
[21/11/2022 04:29:28] abgsoft-autopark-unimed.php
array(5) {
  ["nome"]=>
  string(22) "Karla Paschoal Goulart"
  ["cpf"]=>
  string(11) "00067349609"
  ["email"]=>
  string(25) "karlapgoulart@hotmail.com"
  ["placa"]=>
  string(7) "pws1272"
  ["unidade"]=>
  array(1) {
    [0]=>
    string(1) "5"
  }
}

[21/11/2022 04:34:59] Verificando a solicitação...
[21/11/2022 04:34:59] abgsoft-autopark-unimed.php
array(5) {
  ["nome"]=>
  string(29) "washington william Nascimento"
  ["cpf"]=>
  string(11) "03739870648"
  ["email"]=>
  string(31) "washingtonwilliamu2@hotmail.com"
  ["placa"]=>
  string(7) "Rtx9h11"
  ["unidade"]=>
  array(1) {
    [0]=>
    string(1) "3"
  }
}

[21/11/2022 04:48:24] Verificando a solicitação...
[21/11/2022 04:48:24] abgsoft-autopark-unimed.php
array(5) {
  ["nome"]=>
  string(25) "Katia Leandra dos Santos "
  ["cpf"]=>
  string(11) "07668410651"
  ["email"]=>
  string(25) "katialeandra@yahoo.cim.br"
  ["placa"]=>
  string(7) "QPX5849"
  ["unidade"]=>
  array(1) {
    [0]=>
    string(1) "5"
  }
}

[21/11/2022 05:01:57] Verificando a solicitação...
[21/11/2022 05:01:57] abgsoft-autopark-unimed.php
array(5) {
  ["nome"]=>
  string(23) "Claudia Helena da Silva"
  ["cpf"]=>
  string(11) "03481446608"
  ["email"]=>
  string(26) "claudia.silvah@hotmail.com"
  ["placa"]=>
  string(7) "OQU2508"
  ["unidade"]=>
  array(1) {
    [0]=>
    string(1) "7"
  }
}

[21/11/2022 05:03:05] Verificando a solicitação...
[21/11/2022 05:03:05] abgsoft-autopark-unimed.php
array(5) {
  ["nome"]=>
  string(26) "valeria aparecida de abreu"
  ["cpf"]=>
  string(11) "66061105649"
  ["email"]=>
  string(28) "contecaloterias@yahoo.com.br"
  ["placa"]=>
  string(7) "rmw7i09"
  ["unidade"]=>
  array(1) {
    [0]=>
    string(1) "2"
  }
}

[21/11/2022 05:04:32] Verificando a solicitação...
[21/11/2022 05:04:32] abgsoft-autopark-unimed.php
array(5) {
  ["nome"]=>
  string(26) "Rafael Menezes de Oliveira"
  ["cpf"]=>
  string(11) "01465750673"
  ["email"]=>
  string(26) "rafaelmzoliveira@gmail.com"
  ["placa"]=>
  string(7) "pzi6456"
  ["unidade"]=>
  array(1) {
    [0]=>
    string(1) "7"
  }
}

[21/11/2022 05:06:08] Verificando a solicitação...
[21/11/2022 05:06:08] abgsoft-autopark-unimed.php
array(5) {
  ["nome"]=>
  string(25) "Márcio Luciano da Silva "
  ["cpf"]=>
  string(11) "06335987635"
  ["email"]=>
  string(24) "rosabenicio599@gmail.com"
  ["placa"]=>
  string(7) "Hav4663"
  ["unidade"]=>
  array(1) {
    [0]=>
    string(1) "3"
  }
}

[21/11/2022 05:10:36] Verificando a solicitação...
[21/11/2022 05:10:36] abgsoft-autopark-unimed.php
array(5) {
  ["nome"]=>
  string(18) "Luana Nunes Fiuza "
  ["cpf"]=>
  string(11) "07549149682"
  ["email"]=>
  string(25) "luanafiuzanunes@gmail.com"
  ["placa"]=>
  string(7) "Hld5611"
  ["unidade"]=>
  array(1) {
    [0]=>
    string(1) "5"
  }
}

[21/11/2022 05:12:22] Verificando a solicitação...
[21/11/2022 05:12:22] abgsoft-autopark-unimed.php
array(5) {
  ["nome"]=>
  string(18) "Luana Nunes Fiuza "
  ["cpf"]=>
  string(11) "07549149682"
  ["email"]=>
  string(25) "luanafiuzanunes@gmail.com"
  ["placa"]=>
  string(7) "Hld5611"
  ["unidade"]=>
  array(1) {
    [0]=>
    string(1) "5"
  }
}

[21/11/2022 05:20:47] Verificando a solicitação...
[21/11/2022 05:20:47] abgsoft-autopark-unimed.php
array(5) {
  ["nome"]=>
  string(35) "Barbara Jéssica de melo Cezar Dias"
  ["cpf"]=>
  string(14) "109.335.986-29"
  ["email"]=>
  string(25) "barbara_jmcd@yahoo.com.br"
  ["placa"]=>
  string(7) "Opo8230"
  ["unidade"]=>
  array(1) {
    [0]=>
    string(1) "7"
  }
}

[21/11/2022 05:28:58] Verificando a solicitação...
[21/11/2022 05:28:58] abgsoft-autopark-unimed.php
array(5) {
  ["nome"]=>
  string(35) "Caliel Bernardo dos Santos Barreto "
  ["cpf"]=>
  string(11) "12838150600"
  ["email"]=>
  string(24) "barreto.caliel@gmail.com"
  ["placa"]=>
  string(7) "OPT5845"
  ["unidade"]=>
  array(1) {
    [0]=>
    string(1) "5"
  }
}

[21/11/2022 05:33:43] Verificando a solicitação...
[21/11/2022 05:33:43] abgsoft-autopark-unimed.php
array(5) {
  ["nome"]=>
  string(17) "Elton Salachinski"
  ["cpf"]=>
  string(11) "95415564691"
  ["email"]=>
  string(24) "salachinski@terra.com.br"
  ["placa"]=>
  string(8) "HNC 7414"
  ["unidade"]=>
  array(1) {
    [0]=>
    string(1) "7"
  }
}

[21/11/2022 05:37:30] Verificando a solicitação...
[21/11/2022 05:37:30] abgsoft-autopark-unimed.php
array(5) {
  ["nome"]=>
  string(21) "PATRICIA REIS FONSECA"
  ["cpf"]=>
  string(14) "003.564.606-30"
  ["email"]=>
  string(22) "prpatricia@hotmail.com"
  ["placa"]=>
  string(7) "OQD7G83"
  ["unidade"]=>
  array(1) {
    [0]=>
    string(1) "3"
  }
}

[21/11/2022 05:52:56] Verificando a solicitação...
[21/11/2022 05:52:56] abgsoft-autopark-unimed.php
array(5) {
  ["nome"]=>
  string(36) "Gabriela Cristina Ferreira do Carmo "
  ["cpf"]=>
  string(14) "014.093.496-08"
  ["email"]=>
  string(18) "gcfcarmo@gmail.com"
  ["placa"]=>
  string(7) "Hel6397"
  ["unidade"]=>
  array(1) {
    [0]=>
    string(1) "5"
  }
}

[21/11/2022 05:53:10] Verificando a solicitação...
[21/11/2022 05:53:10] abgsoft-autopark-unimed.php
array(5) {
  ["nome"]=>
  string(36) "Gabriela Cristina Ferreira do Carmo "
  ["cpf"]=>
  string(14) "014.093.496-08"
  ["email"]=>
  string(18) "gcfcarmo@gmail.com"
  ["placa"]=>
  string(7) "Hel6397"
  ["unidade"]=>
  array(1) {
    [0]=>
    string(1) "5"
  }
}

[21/11/2022 05:53:13] Verificando a solicitação...
[21/11/2022 05:53:13] abgsoft-autopark-unimed.php
array(5) {
  ["nome"]=>
  string(36) "Gabriela Cristina Ferreira do Carmo "
  ["cpf"]=>
  string(14) "014.093.496-08"
  ["email"]=>
  string(18) "gcfcarmo@gmail.com"
  ["placa"]=>
  string(7) "Hel6397"
  ["unidade"]=>
  array(1) {
    [0]=>
    string(1) "5"
  }
}

[21/11/2022 05:53:15] Verificando a solicitação...
[21/11/2022 05:53:15] abgsoft-autopark-unimed.php
array(5) {
  ["nome"]=>
  string(36) "Gabriela Cristina Ferreira do Carmo "
  ["cpf"]=>
  string(14) "014.093.496-08"
  ["email"]=>
  string(18) "gcfcarmo@gmail.com"
  ["placa"]=>
  string(7) "Hel6397"
  ["unidade"]=>
  array(1) {
    [0]=>
    string(1) "5"
  }
}

[21/11/2022 05:53:15] Verificando a solicitação...
[21/11/2022 05:53:15] abgsoft-autopark-unimed.php
array(5) {
  ["nome"]=>
  string(36) "Gabriela Cristina Ferreira do Carmo "
  ["cpf"]=>
  string(14) "014.093.496-08"
  ["email"]=>
  string(18) "gcfcarmo@gmail.com"
  ["placa"]=>
  string(7) "Hel6397"
  ["unidade"]=>
  array(1) {
    [0]=>
    string(1) "5"
  }
}

[21/11/2022 05:54:38] Verificando a solicitação...
[21/11/2022 05:54:38] abgsoft-autopark-unimed.php
array(5) {
  ["nome"]=>
  string(35) "GABRIELA CRISTINA FERREIRA DO CARMO"
  ["cpf"]=>
  string(14) "014.093.496-08"
  ["email"]=>
  string(18) "gcfcarmo@gmail.com"
  ["placa"]=>
  string(7) "Hel6397"
  ["unidade"]=>
  array(1) {
    [0]=>
    string(1) "5"
  }
}

[21/11/2022 05:54:56] Verificando a solicitação...
[21/11/2022 05:54:56] abgsoft-autopark-unimed.php
array(5) {
  ["nome"]=>
  string(22) "Caio da silva ferreira"
  ["cpf"]=>
  string(11) "09661341680"
  ["email"]=>
  string(22) "caioferrer40@gmail.com"
  ["placa"]=>
  string(8) "Pzr9i53 "
  ["unidade"]=>
  array(1) {
    [0]=>
    string(1) "3"
  }
}

[21/11/2022 05:55:09] Verificando a solicitação...
[21/11/2022 05:55:09] abgsoft-autopark-unimed.php
array(5) {
  ["nome"]=>
  string(35) "GABRIELA CRISTINA FERREIRA DO CARMO"
  ["cpf"]=>
  string(14) "014.093.496-08"
  ["email"]=>
  string(18) "gcfcarmo@gmail.com"
  ["placa"]=>
  string(7) "Hel6397"
  ["unidade"]=>
  array(1) {
    [0]=>
    string(1) "5"
  }
}

[21/11/2022 06:09:27] Verificando a solicitação...
[21/11/2022 06:09:27] abgsoft-autopark-unimed.php
array(5) {
  ["nome"]=>
  string(32) "ANGELA MARIA APARECIDA DE MORAES"
  ["cpf"]=>
  string(11) "38997487604"
  ["email"]=>
  string(36) "angelamoraes@clubedosoficiais.org.br"
  ["placa"]=>
  string(8) "OWV-9037"
  ["unidade"]=>
  array(1) {
    [0]=>
    string(1) "3"
  }
}

[21/11/2022 06:09:28] Verificando a solicitação...
[21/11/2022 06:09:28] abgsoft-autopark-unimed.php
array(5) {
  ["nome"]=>
  string(32) "ANGELA MARIA APARECIDA DE MORAES"
  ["cpf"]=>
  string(11) "38997487604"
  ["email"]=>
  string(36) "angelamoraes@clubedosoficiais.org.br"
  ["placa"]=>
  string(8) "OWV-9037"
  ["unidade"]=>
  array(1) {
    [0]=>
    string(1) "3"
  }
}

[21/11/2022 06:19:21] Verificando a solicitação...
[21/11/2022 06:19:21] abgsoft-autopark-unimed.php
array(5) {
  ["nome"]=>
  string(31) "patricia de deus ribeiro dreher"
  ["cpf"]=>
  string(14) "000.746.006-64"
  ["email"]=>
  string(19) "casio.cem@gmail.com"
  ["placa"]=>
  string(7) "pzs5620"
  ["unidade"]=>
  array(1) {
    [0]=>
    string(1) "3"
  }
}

[21/11/2022 06:23:15] Verificando a solicitação...
[21/11/2022 06:23:15] abgsoft-autopark-unimed.php
array(5) {
  ["nome"]=>
  string(32) "Cynthia Carolina Duarte Andrade "
  ["cpf"]=>
  string(11) "06204576607"
  ["email"]=>
  string(38) "cynthiacarolinaduarteandrade@gmail.com"
  ["placa"]=>
  string(7) "PZR9423"
  ["unidade"]=>
  array(1) {
    [0]=>
    string(1) "7"
  }
}

[21/11/2022 06:31:26] Verificando a solicitação...
[21/11/2022 06:31:26] abgsoft-autopark-unimed.php
array(5) {
  ["nome"]=>
  string(12) "José Pietra"
  ["cpf"]=>
  string(11) "17618290687"
  ["email"]=>
  string(20) "lrpietra10@gmail.com"
  ["placa"]=>
  string(8) "GYB-4324"
  ["unidade"]=>
  array(1) {
    [0]=>
    string(1) "5"
  }
}

[21/11/2022 06:33:57] Verificando a solicitação...
[21/11/2022 06:33:57] abgsoft-autopark-unimed.php
array(5) {
  ["nome"]=>
  string(12) "José Pietra"
  ["cpf"]=>
  string(14) "176.182.906-87"
  ["email"]=>
  string(20) "lrpietra10@gmail.com"
  ["placa"]=>
  string(8) "GYB-4324"
  ["unidade"]=>
  array(1) {
    [0]=>
    string(1) "5"
  }
}

[21/11/2022 06:33:57] Verificando a solicitação...
[21/11/2022 06:33:57] abgsoft-autopark-unimed.php
array(5) {
  ["nome"]=>
  string(12) "José Pietra"
  ["cpf"]=>
  string(14) "176.182.906-87"
  ["email"]=>
  string(20) "lrpietra10@gmail.com"
  ["placa"]=>
  string(8) "GYB-4324"
  ["unidade"]=>
  array(1) {
    [0]=>
    string(1) "5"
  }
}

[21/11/2022 06:45:42] Verificando a solicitação...
[21/11/2022 06:45:42] abgsoft-autopark-unimed.php
array(5) {
  ["nome"]=>
  string(21) "Elizabeth Soares Reis"
  ["cpf"]=>
  string(14) "438.524.676-91"
  ["email"]=>
  string(26) "elizabethsreis@hotmail.com"
  ["placa"]=>
  string(7) "OPC2717"
  ["unidade"]=>
  array(1) {
    [0]=>
    string(1) "2"
  }
}

[21/11/2022 06:51:58] Verificando a solicitação...
[21/11/2022 06:51:58] abgsoft-autopark-unimed.php
array(5) {
  ["nome"]=>
  string(13) "Sandra Barros"
  ["cpf"]=>
  string(11) "71238000606"
  ["email"]=>
  string(26) "sandra.barrosl@hotmail.com"
  ["placa"]=>
  string(7) "PVT7115"
  ["unidade"]=>
  array(1) {
    [0]=>
    string(1) "3"
  }
}

[21/11/2022 06:56:05] Verificando a solicitação...
[21/11/2022 06:56:05] abgsoft-autopark-unimed.php
array(5) {
  ["nome"]=>
  string(25) "MELANNY DE CASTRO RIBEIRO"
  ["cpf"]=>
  string(14) "062.671.986-00"
  ["email"]=>
  string(23) "melannycastro@gmail.com"
  ["placa"]=>
  string(7) "PXP0728"
  ["unidade"]=>
  array(1) {
    [0]=>
    string(1) "2"
  }
}

[21/11/2022 07:02:46] Verificando a solicitação...
[21/11/2022 07:02:46] abgsoft-autopark-unimed.php
array(5) {
  ["nome"]=>
  string(32) "Maria Nazaré Ferreira de Souza "
  ["cpf"]=>
  string(11) "87516543691"
  ["email"]=>
  string(19) "naza.mnfs@gmail.com"
  ["placa"]=>
  string(7) "HAB7E85"
  ["unidade"]=>
  array(1) {
    [0]=>
    string(1) "2"
  }
}

[21/11/2022 07:14:10] Verificando a solicitação...
[21/11/2022 07:14:10] abgsoft-autopark-unimed.php
array(5) {
  ["nome"]=>
  string(18) "TATIANA SILVA MELO"
  ["cpf"]=>
  string(11) "01659887623"
  ["email"]=>
  string(30) "tatianameloorganizer@gmail.com"
  ["placa"]=>
  string(7) "oqy5055"
  ["unidade"]=>
  array(1) {
    [0]=>
    string(1) "5"
  }
}

[21/11/2022 07:32:36] Verificando a solicitação...
[21/11/2022 07:32:36] abgsoft-autopark-unimed.php
array(5) {
  ["nome"]=>
  string(20) "ANTONIO G Nascimento"
  ["cpf"]=>
  string(14) "415.831.836-04"
  ["email"]=>
  string(31) "antonio3780nascimento@gmail.com"
  ["placa"]=>
  string(8) "GYQ 8340"
  ["unidade"]=>
  array(1) {
    [0]=>
    string(1) "3"
  }
}

[21/11/2022 07:41:30] Verificando a solicitação...
[21/11/2022 07:41:30] abgsoft-autopark-unimed.php
array(5) {
  ["nome"]=>
  string(18) "Flaviane Thimotio "
  ["cpf"]=>
  string(14) "080.360.026-71"
  ["email"]=>
  string(30) "flaviane_thimotio@yahoo.com.br"
  ["placa"]=>
  string(7) "PYV9553"
  ["unidade"]=>
  array(1) {
    [0]=>
    string(1) "7"
  }
}

[21/11/2022 07:43:20] Verificando a solicitação...
[21/11/2022 07:43:20] abgsoft-autopark-unimed.php
array(5) {
  ["nome"]=>
  string(23) "Renato De Souza Barbosa"
  ["cpf"]=>
  string(11) "01272340635"
  ["email"]=>
  string(23) "renato9312@yahoo.com.br"
  ["placa"]=>
  string(7) "Rnd5c77"
  ["unidade"]=>
  array(1) {
    [0]=>
    string(1) "5"
  }
}

[21/11/2022 07:58:07] Verificando a solicitação...
[21/11/2022 07:58:07] abgsoft-autopark-unimed.php
array(5) {
  ["nome"]=>
  string(24) "Gislaine Andresa arruda "
  ["cpf"]=>
  string(11) "03661041606"
  ["email"]=>
  string(23) "ninaandresa@hotmail.com"
  ["placa"]=>
  string(7) "Qnf5118"
  ["unidade"]=>
  array(1) {
    [0]=>
    string(1) "2"
  }
}

[21/11/2022 08:05:59] Verificando a solicitação...
[21/11/2022 08:05:59] abgsoft-autopark-unimed.php
array(5) {
  ["nome"]=>
  string(16) "Wanildo Ferreira"
  ["cpf"]=>
  string(11) "70897646720"
  ["email"]=>
  string(27) "wanildoferreira65@gmail.com"
  ["placa"]=>
  string(7) "HFU5464"
  ["unidade"]=>
  array(1) {
    [0]=>
    string(1) "3"
  }
}

[21/11/2022 08:11:05] Verificando a solicitação...
[21/11/2022 08:11:05] abgsoft-autopark-unimed.php
array(5) {
  ["nome"]=>
  string(41) "Vitor Hugo Figueiredo de Lacerda Martins "
  ["cpf"]=>
  string(11) "06466407632"
  ["email"]=>
  string(27) "vitor.martins@gerdau.com.br"
  ["placa"]=>
  string(8) "RTQ0A30 "
  ["unidade"]=>
  array(1) {
    [0]=>
    string(1) "3"
  }
}

[21/11/2022 08:25:53] Verificando a solicitação...
[21/11/2022 08:25:53] abgsoft-autopark-unimed.php
array(5) {
  ["nome"]=>
  string(26) "Paulo Mauricio dos Santos "
  ["cpf"]=>
  string(11) "08410743647"
  ["email"]=>
  string(32) "poliana.isidorio.silva@gmail.com"
  ["placa"]=>
  string(7) "HGR5J98"
  ["unidade"]=>
  array(1) {
    [0]=>
    string(1) "5"
  }
}

[21/11/2022 08:39:29] Verificando a solicitação...
[21/11/2022 08:39:29] abgsoft-autopark-unimed.php
array(5) {
  ["nome"]=>
  string(22) "Denise Aparecida Braga"
  ["cpf"]=>
  string(15) "767.644.276-15 "
  ["email"]=>
  string(20) "deniseapbr@gmail.com"
  ["placa"]=>
  string(7) "PUJ9255"
  ["unidade"]=>
  array(1) {
    [0]=>
    string(1) "5"
  }
}

[21/11/2022 08:55:53] Verificando a solicitação...
[21/11/2022 08:55:53] abgsoft-autopark-unimed.php
array(5) {
  ["nome"]=>
  string(25) "Kelly Salvador dos Santos"
  ["cpf"]=>
  string(11) "06126515684"
  ["email"]=>
  string(17) "kljev@hotmail.com"
  ["placa"]=>
  string(7) "AXQ2575"
  ["unidade"]=>
  array(1) {
    [0]=>
    string(1) "3"
  }
}

[21/11/2022 08:58:01] Verificando a solicitação...
[21/11/2022 08:58:01] abgsoft-autopark-unimed.php
array(5) {
  ["nome"]=>
  string(23) "Gilene Kind de Oliveira"
  ["cpf"]=>
  string(14) "029.341.476-90"
  ["email"]=>
  string(20) "gilenekind@gmail.com"
  ["placa"]=>
  string(7) "HBW2490"
  ["unidade"]=>
  array(1) {
    [0]=>
    string(1) "3"
  }
}

[21/11/2022 09:23:38] Verificando a solicitação...
[21/11/2022 09:23:38] abgsoft-autopark-unimed.php
array(5) {
  ["nome"]=>
  string(23) "Fabiana Patrícia Silva"
  ["cpf"]=>
  string(14) "042.843.676-50"
  ["email"]=>
  string(21) "fapasi49@yahoo.com.br"
  ["placa"]=>
  string(7) "PVK6990"
  ["unidade"]=>
  array(1) {
    [0]=>
    string(1) "7"
  }
}

[21/11/2022 09:31:07] Verificando a solicitação...
[21/11/2022 09:31:07] abgsoft-autopark-unimed.php
array(5) {
  ["nome"]=>
  string(19) "Hayza Rezende Lima "
  ["cpf"]=>
  string(11) "10318595605"
  ["email"]=>
  string(22) "hayza_lima@hotmail.com"
  ["placa"]=>
  string(8) "MTU0C75 "
  ["unidade"]=>
  array(1) {
    [0]=>
    string(1) "2"
  }
}

[21/11/2022 09:40:51] Verificando a solicitação...
[21/11/2022 09:40:51] abgsoft-autopark-unimed.php
array(5) {
  ["nome"]=>
  string(20) "Samuel Elias Vieira "
  ["cpf"]=>
  string(11) "08581055605"
  ["email"]=>
  string(24) "samuelcontagem@gmail.com"
  ["placa"]=>
  string(8) "PXA7B52 "
  ["unidade"]=>
  array(1) {
    [0]=>
    string(1) "3"
  }
}

[21/11/2022 09:49:07] Verificando a solicitação...
[21/11/2022 09:49:07] abgsoft-autopark-unimed.php
array(5) {
  ["nome"]=>
  string(26) "Marcelo de Campos Carvalho"
  ["cpf"]=>
  string(11) "18676316600"
  ["email"]=>
  string(21) "celoccampos@gmail.com"
  ["placa"]=>
  string(7) "RGB2E71"
  ["unidade"]=>
  array(1) {
    [0]=>
    string(1) "5"
  }
}

[21/11/2022 10:11:01] Verificando a solicitação...
[21/11/2022 10:11:01] abgsoft-autopark-unimed.php
array(5) {
  ["nome"]=>
  string(30) "Nivia Maria de Freitas Duarte "
  ["cpf"]=>
  string(15) "058.031.076-03 "
  ["email"]=>
  string(21) "niviaedf@yahoo.com.br"
  ["placa"]=>
  string(8) "QQP1008 "
  ["unidade"]=>
  array(1) {
    [0]=>
    string(1) "7"
  }
}

[21/11/2022 10:11:08] Verificando a solicitação...
[21/11/2022 10:11:08] abgsoft-autopark-unimed.php
array(5) {
  ["nome"]=>
  string(20) "Flávia Lima Coelho "
  ["cpf"]=>
  string(14) "922.757.706-82"
  ["email"]=>
  string(28) "flavialimayorks@gmail.comHCY"
  ["placa"]=>
  string(8) "HCY6630 "
  ["unidade"]=>
  array(1) {
    [0]=>
    string(1) "5"
  }
}

[21/11/2022 10:35:51] Verificando a solicitação...
[21/11/2022 10:35:51] abgsoft-autopark-unimed.php
array(5) {
  ["nome"]=>
  string(19) "Adriane L C C Braga"
  ["cpf"]=>
  string(14) "044.885.356-66"
  ["email"]=>
  string(23) "adrianelcc@yahoo.com.br"
  ["placa"]=>
  string(7) "PWN7314"
  ["unidade"]=>
  array(1) {
    [0]=>
    string(1) "5"
  }
}

[21/11/2022 10:38:18] Verificando a solicitação...
[21/11/2022 10:38:18] abgsoft-autopark-unimed.php
array(5) {
  ["nome"]=>
  string(29) "Poliana Silvamara dos Santos "
  ["cpf"]=>
  string(11) "01588069648"
  ["email"]=>
  string(28) "polianasilvamara@outlook.com"
  ["placa"]=>
  string(7) "Qnw4212"
  ["unidade"]=>
  array(1) {
    [0]=>
    string(1) "7"
  }
}

[21/11/2022 10:40:51] Verificando a solicitação...
[21/11/2022 10:40:51] abgsoft-autopark-unimed.php
array(5) {
  ["nome"]=>
  string(14) "Mário Sérgio"
  ["cpf"]=>
  string(11) "06475591610"
  ["email"]=>
  string(32) "mariosergiodefreitas@hotmail.com"
  ["placa"]=>
  string(8) "JHG-4359"
  ["unidade"]=>
  array(1) {
    [0]=>
    string(1) "1"
  }
}

[21/11/2022 10:55:00] Verificando a solicitação...
[21/11/2022 10:55:00] abgsoft-autopark-unimed.php
array(5) {
  ["nome"]=>
  string(21) "Daniel Rodrigo Prado "
  ["cpf"]=>
  string(14) "053.610.636-30"
  ["email"]=>
  string(28) "danielrodrigo65@yahoo.com.br"
  ["placa"]=>
  string(7) "INY8C53"
  ["unidade"]=>
  array(1) {
    [0]=>
    string(1) "5"
  }
}

[21/11/2022 11:09:15] Verificando a solicitação...
[21/11/2022 11:09:15] abgsoft-autopark-unimed.php
array(5) {
  ["nome"]=>
  string(15) "Pedro de Sousa "
  ["cpf"]=>
  string(11) "74633023691"
  ["email"]=>
  string(24) "pedrosousapl@hotmail.com"
  ["placa"]=>
  string(7) "HDD6910"
  ["unidade"]=>
  array(1) {
    [0]=>
    string(1) "5"
  }
}

[21/11/2022 11:52:32] Verificando a solicitação...
[21/11/2022 11:52:32] abgsoft-autopark-unimed.php
array(5) {
  ["nome"]=>
  string(24) "Jeferson farneze pereira"
  ["cpf"]=>
  string(14) "079.053.966-73"
  ["email"]=>
  string(25) "Jefersonfarneze@gmail.com"
  ["placa"]=>
  string(7) "OXD5104"
  ["unidade"]=>
  array(1) {
    [0]=>
    string(1) "3"
  }
}

