[29/12/2022 12:24:21] Verificando a solicitação...
[29/12/2022 12:24:21] abgsoft-autopark-unimed.php
array(5) {
  ["nome"]=>
  string(27) "Alexandra Rodrigues Campos "
  ["cpf"]=>
  string(12) "05262008631 "
  ["email"]=>
  string(23) "alecamposls@hotmail.com"
  ["placa"]=>
  string(8) "PUC7J58 "
  ["unidade"]=>
  array(1) {
    [0]=>
    string(1) "7"
  }
}

[29/12/2022 12:27:55] Verificando a solicitação...
[29/12/2022 12:27:55] abgsoft-autopark-unimed.php
array(5) {
  ["nome"]=>
  string(17) "Simone Mares Guia"
  ["cpf"]=>
  string(11) "03842609698"
  ["email"]=>
  string(20) "simguia@yahoo.com.br"
  ["placa"]=>
  string(7) "RTC4D57"
  ["unidade"]=>
  array(1) {
    [0]=>
    string(1) "4"
  }
}

[29/12/2022 01:21:31] Verificando a solicitação...
[29/12/2022 01:21:31] abgsoft-autopark-unimed.php
array(5) {
  ["nome"]=>
  string(22) "Ana Paula Santos lima "
  ["cpf"]=>
  string(11) "01496631617"
  ["email"]=>
  string(26) "ana.p.santoslima@gmail.com"
  ["placa"]=>
  string(7) "PXK8103"
  ["unidade"]=>
  array(1) {
    [0]=>
    string(1) "2"
  }
}

[29/12/2022 01:28:56] Verificando a solicitação...
[29/12/2022 01:28:56] abgsoft-autopark-unimed.php
array(5) {
  ["nome"]=>
  string(11) "Simone Guia"
  ["cpf"]=>
  string(12) " 03842609688"
  ["email"]=>
  string(20) "simguia@yahoo.com.br"
  ["placa"]=>
  string(7) "RTC4D57"
  ["unidade"]=>
  array(1) {
    [0]=>
    string(1) "4"
  }
}

[29/12/2022 02:17:17] Verificando a solicitação...
[29/12/2022 03:19:00] Verificando a solicitação...
[29/12/2022 03:19:00] abgsoft-autopark-unimed.php
array(5) {
  ["nome"]=>
  string(21) "Paloma de Souza Alves"
  ["cpf"]=>
  string(11) "43255522862"
  ["email"]=>
  string(24) "paloma.alves86@gmail.com"
  ["placa"]=>
  string(7) "Fiw2i20"
  ["unidade"]=>
  array(1) {
    [0]=>
    string(1) "4"
  }
}

[29/12/2022 09:49:50] Verificando a solicitação...
[29/12/2022 09:49:50] abgsoft-autopark-unimed.php
array(5) {
  ["nome"]=>
  string(21) "Renato marinho lages "
  ["cpf"]=>
  string(11) "04702798693"
  ["email"]=>
  string(22) "rmlages13@yahoo.com.br"
  ["placa"]=>
  string(7) "Hht7553"
  ["unidade"]=>
  array(1) {
    [0]=>
    string(1) "7"
  }
}

[29/12/2022 09:57:15] Verificando a solicitação...
[29/12/2022 09:57:15] abgsoft-autopark-unimed.php
array(5) {
  ["nome"]=>
  string(9) "geisiane "
  ["cpf"]=>
  string(11) "10055503608"
  ["email"]=>
  string(22) "geisiane.csd@gmail.com"
  ["placa"]=>
  string(7) "pyc0442"
  ["unidade"]=>
  array(1) {
    [0]=>
    string(1) "2"
  }
}

[29/12/2022 10:05:14] Verificando a solicitação...
[29/12/2022 10:05:14] abgsoft-autopark-unimed.php
array(5) {
  ["nome"]=>
  string(30) "KEZIA CRISTINA DANIEL MOREIRA "
  ["cpf"]=>
  string(15) "117.894.976-12 "
  ["email"]=>
  string(28) "keziadmoreira@outlook.com.br"
  ["placa"]=>
  string(7) "GZT5B06"
  ["unidade"]=>
  array(1) {
    [0]=>
    string(1) "5"
  }
}

[29/12/2022 10:19:15] Verificando a solicitação...
[29/12/2022 10:19:15] abgsoft-autopark-unimed.php
array(5) {
  ["nome"]=>
  string(29) "José Ferreira Coelho Júnior"
  ["cpf"]=>
  string(19) "Júnior 54955955649"
  ["email"]=>
  string(30) "ferreiracoelhojunior@gmail.com"
  ["placa"]=>
  string(8) "Omg 3351"
  ["unidade"]=>
  array(1) {
    [0]=>
    string(1) "7"
  }
}

[29/12/2022 11:08:11] Verificando a solicitação...
[29/12/2022 11:08:11] abgsoft-autopark-unimed.php
array(5) {
  ["nome"]=>
  string(21) "Everton Luiz De Paula"
  ["cpf"]=>
  string(14) "131.048.456-20"
  ["email"]=>
  string(29) "evertonluizpaula@yahoo.com.br"
  ["placa"]=>
  string(7) "HBD5533"
  ["unidade"]=>
  array(1) {
    [0]=>
    string(1) "5"
  }
}

[29/12/2022 11:26:29] Verificando a solicitação...
[29/12/2022 11:26:29] abgsoft-autopark-unimed.php
array(5) {
  ["nome"]=>
  string(30) "Silvani de Jesus Braz Moreira "
  ["cpf"]=>
  string(14) "638.654.756-04"
  ["email"]=>
  string(25) "silvanithales@hotmail.com"
  ["placa"]=>
  string(7) "GTV6281"
  ["unidade"]=>
  array(1) {
    [0]=>
    string(1) "5"
  }
}

[29/12/2022 11:57:55] Verificando a solicitação...
[29/12/2022 11:57:55] abgsoft-autopark-unimed.php
array(5) {
  ["nome"]=>
  string(14) "Nayara Calixto"
  ["cpf"]=>
  string(14) "127.101.756-30"
  ["email"]=>
  string(24) "nayaracgreis@hotmail.com"
  ["placa"]=>
  string(7) "HIO9187"
  ["unidade"]=>
  array(1) {
    [0]=>
    string(1) "4"
  }
}

[29/12/2022 12:13:16] Verificando a solicitação...
[29/12/2022 12:13:16] abgsoft-autopark-unimed.php
array(5) {
  ["nome"]=>
  string(33) "Margarida Maria de Oliveira Breda"
  ["cpf"]=>
  string(11) "58276467687"
  ["email"]=>
  string(19) "margbreda@gmail.com"
  ["placa"]=>
  string(8) "RFW-4I58"
  ["unidade"]=>
  array(1) {
    [0]=>
    string(1) "5"
  }
}

[29/12/2022 12:15:31] Verificando a solicitação...
[29/12/2022 12:15:31] abgsoft-autopark-unimed.php
array(5) {
  ["nome"]=>
  string(32) "renata cristina de almeida regis"
  ["cpf"]=>
  string(14) "020.638.137-95"
  ["email"]=>
  string(23) "renataregis00@gmail.com"
  ["placa"]=>
  string(7) "PRV5F62"
  ["unidade"]=>
  array(1) {
    [0]=>
    string(1) "7"
  }
}

[29/12/2022 12:36:45] Verificando a solicitação...
[29/12/2022 12:36:45] abgsoft-autopark-unimed.php
array(5) {
  ["nome"]=>
  string(22) "Daniela Xavier Duellis"
  ["cpf"]=>
  string(11) "05261695678"
  ["email"]=>
  string(21) "daniduellis@gmail.com"
  ["placa"]=>
  string(7) "SBW0E47"
  ["unidade"]=>
  array(1) {
    [0]=>
    string(1) "7"
  }
}

[29/12/2022 12:38:57] Verificando a solicitação...
[29/12/2022 12:38:57] abgsoft-autopark-unimed.php
array(5) {
  ["nome"]=>
  string(22) "SAULO BASTOS DE MORAIS"
  ["cpf"]=>
  string(11) "28622545687"
  ["email"]=>
  string(26) "BASTOSEGARCIA@YAHOO.COM.BR"
  ["placa"]=>
  string(7) "QPP1J58"
  ["unidade"]=>
  array(1) {
    [0]=>
    string(1) "3"
  }
}

[29/12/2022 12:41:48] Verificando a solicitação...
[29/12/2022 12:41:48] abgsoft-autopark-unimed.php
array(5) {
  ["nome"]=>
  string(33) "Isabel Cristina Campos Fernandes "
  ["cpf"]=>
  string(11) "68106920615"
  ["email"]=>
  string(26) "isabelnovalima@hotmail.com"
  ["placa"]=>
  string(7) "Puo7283"
  ["unidade"]=>
  array(1) {
    [0]=>
    string(1) "4"
  }
}

[29/12/2022 12:44:07] Verificando a solicitação...
[29/12/2022 12:44:07] abgsoft-autopark-unimed.php
array(5) {
  ["nome"]=>
  string(33) "Isabel Cristina Campos Fernandes "
  ["cpf"]=>
  string(11) "68106920615"
  ["email"]=>
  string(26) "isabelnovalima@hotmail.com"
  ["placa"]=>
  string(7) "Puo7283"
  ["unidade"]=>
  array(1) {
    [0]=>
    string(1) "4"
  }
}

[29/12/2022 12:45:59] Verificando a solicitação...
[29/12/2022 12:45:59] abgsoft-autopark-unimed.php
array(5) {
  ["nome"]=>
  string(29) "Mércia Cristina Verri Pinto "
  ["cpf"]=>
  string(14) "561.578.946-87"
  ["email"]=>
  string(26) "crisverry1000@yahoo.com.br"
  ["placa"]=>
  string(8) "QQK 6087"
  ["unidade"]=>
  array(1) {
    [0]=>
    string(1) "5"
  }
}

[29/12/2022 12:50:25] Verificando a solicitação...
[29/12/2022 12:50:25] abgsoft-autopark-unimed.php
array(5) {
  ["nome"]=>
  string(8) "Poliana "
  ["cpf"]=>
  string(11) "01588069648"
  ["email"]=>
  string(28) "polianasilvamara@outlook.com"
  ["placa"]=>
  string(7) "Qnw4213"
  ["unidade"]=>
  array(1) {
    [0]=>
    string(1) "7"
  }
}

[29/12/2022 01:44:35] Verificando a solicitação...
[29/12/2022 01:44:35] abgsoft-autopark-unimed.php
array(5) {
  ["nome"]=>
  string(31) "THAIS LOPES CHÁCARA DE AGUILAR"
  ["cpf"]=>
  string(11) "03768085600"
  ["email"]=>
  string(25) "thaiscaguilar@hotmail.com"
  ["placa"]=>
  string(7) "PUH9463"
  ["unidade"]=>
  array(1) {
    [0]=>
    string(1) "5"
  }
}

[29/12/2022 02:10:46] Verificando a solicitação...
[29/12/2022 02:10:46] abgsoft-autopark-unimed.php
array(5) {
  ["nome"]=>
  string(26) "Ana Silvia Alves dos Reis "
  ["cpf"]=>
  string(15) "034.879.536-09 "
  ["email"]=>
  string(26) "anasilviareis@yahoo.com.br"
  ["placa"]=>
  string(8) "HFS 3203"
  ["unidade"]=>
  array(1) {
    [0]=>
    string(1) "5"
  }
}

[29/12/2022 02:50:20] Verificando a solicitação...
[29/12/2022 02:50:20] abgsoft-autopark-unimed.php
array(5) {
  ["nome"]=>
  string(24) "Rosane dos Reis Azevedo "
  ["cpf"]=>
  string(11) "09004402608"
  ["email"]=>
  string(20) "rosi.reis8@gmail.com"
  ["placa"]=>
  string(7) "Hlo9386"
  ["unidade"]=>
  array(1) {
    [0]=>
    string(1) "3"
  }
}

[29/12/2022 02:57:35] Verificando a solicitação...
[29/12/2022 02:57:35] abgsoft-autopark-unimed.php
array(5) {
  ["nome"]=>
  string(21) "Larissa Luzia Menezes"
  ["cpf"]=>
  string(14) "018.801.276-10"
  ["email"]=>
  string(24) "larissaluzia43@gmail.com"
  ["placa"]=>
  string(7) "PXQ7716"
  ["unidade"]=>
  array(1) {
    [0]=>
    string(1) "5"
  }
}

[29/12/2022 03:57:48] Verificando a solicitação...
[29/12/2022 03:57:48] abgsoft-autopark-unimed.php
array(5) {
  ["nome"]=>
  string(26) "Maria Inês Dias da Silva "
  ["cpf"]=>
  string(14) "091.987.846-68"
  ["email"]=>
  string(23) "mariaines67bh@gmail.com"
  ["placa"]=>
  string(7) "Puv1270"
  ["unidade"]=>
  array(1) {
    [0]=>
    string(1) "3"
  }
}

[29/12/2022 04:00:53] Verificando a solicitação...
[29/12/2022 04:00:53] abgsoft-autopark-unimed.php
array(5) {
  ["nome"]=>
  string(17) "Jaqueline Batista"
  ["cpf"]=>
  string(14) "061.060.046-09"
  ["email"]=>
  string(25) "jaquebatista.ma@gmail.com"
  ["placa"]=>
  string(7) "PXQ8293"
  ["unidade"]=>
  array(1) {
    [0]=>
    string(1) "7"
  }
}

[29/12/2022 04:01:23] abgsoft-autopark-unimed.php
string(81) "cURL error 28: Operation timed out after 30001 milliseconds with 0 bytes received"

[29/12/2022 04:03:46] Verificando a solicitação...
[29/12/2022 04:03:46] abgsoft-autopark-unimed.php
array(5) {
  ["nome"]=>
  string(17) "Jaqueline Batista"
  ["cpf"]=>
  string(14) "061.060.046-09"
  ["email"]=>
  string(25) "jaquebatista.ma@gmail.com"
  ["placa"]=>
  string(7) "PXQ8293"
  ["unidade"]=>
  array(1) {
    [0]=>
    string(1) "7"
  }
}

[29/12/2022 04:13:37] Verificando a solicitação...
[29/12/2022 04:13:37] abgsoft-autopark-unimed.php
array(5) {
  ["nome"]=>
  string(23) "Gabriel luan dos SANTOS"
  ["cpf"]=>
  string(11) "11389162699"
  ["email"]=>
  string(28) "gabrielsantos00781@gmail.com"
  ["placa"]=>
  string(7) "Hlm1177"
  ["unidade"]=>
  array(1) {
    [0]=>
    string(1) "7"
  }
}

[29/12/2022 04:26:20] Verificando a solicitação...
[29/12/2022 04:26:20] abgsoft-autopark-unimed.php
array(5) {
  ["nome"]=>
  string(33) "Isabel Cristina Campos Fernandes "
  ["cpf"]=>
  string(11) "68106920615"
  ["email"]=>
  string(26) "isabelnovalima@hotmail.com"
  ["placa"]=>
  string(7) "Puo7283"
  ["unidade"]=>
  array(1) {
    [0]=>
    string(1) "4"
  }
}

[29/12/2022 04:31:44] Verificando a solicitação...
[29/12/2022 04:31:44] abgsoft-autopark-unimed.php
array(5) {
  ["nome"]=>
  string(33) "Juliana Miranda Azevedo de Farias"
  ["cpf"]=>
  string(14) "064.228.436-90"
  ["email"]=>
  string(20) "jumaf13@yahoo.com.br"
  ["placa"]=>
  string(7) "HIR1843"
  ["unidade"]=>
  array(1) {
    [0]=>
    string(1) "2"
  }
}

[29/12/2022 05:36:28] Verificando a solicitação...
[29/12/2022 05:36:28] abgsoft-autopark-unimed.php
array(5) {
  ["nome"]=>
  string(32) "Bruno Francisco Carvalho Pimenta"
  ["cpf"]=>
  string(14) "014.650.736-39"
  ["email"]=>
  string(23) "bfcpimenta@yahoo.com.br"
  ["placa"]=>
  string(7) "FKR9G68"
  ["unidade"]=>
  array(1) {
    [0]=>
    string(1) "3"
  }
}

[29/12/2022 05:49:15] Verificando a solicitação...
[29/12/2022 05:49:15] abgsoft-autopark-unimed.php
array(5) {
  ["nome"]=>
  string(33) "Marília Gomes da Silva Oliveira "
  ["cpf"]=>
  string(11) "11305395638"
  ["email"]=>
  string(32) "marigomesoliveirasilva@gmail.com"
  ["placa"]=>
  string(7) "Qpx6604"
  ["unidade"]=>
  array(1) {
    [0]=>
    string(1) "7"
  }
}

[29/12/2022 06:01:30] Verificando a solicitação...
[29/12/2022 06:01:30] abgsoft-autopark-unimed.php
array(5) {
  ["nome"]=>
  string(31) "Ariadina de Assis Silva Machado"
  ["cpf"]=>
  string(11) "47595760615"
  ["email"]=>
  string(31) "ariadina.machado23@yahoo.com.br"
  ["placa"]=>
  string(7) "PWY6J36"
  ["unidade"]=>
  array(1) {
    [0]=>
    string(1) "7"
  }
}

[29/12/2022 06:09:58] Verificando a solicitação...
[29/12/2022 06:09:58] abgsoft-autopark-unimed.php
array(5) {
  ["nome"]=>
  string(23) "VILMA CASSIMIRO PEREIRA"
  ["cpf"]=>
  string(14) "034.489.986-13"
  ["email"]=>
  string(24) "vilminha1948@hotmail.com"
  ["placa"]=>
  string(7) "Jiz5348"
  ["unidade"]=>
  array(1) {
    [0]=>
    string(1) "7"
  }
}

[29/12/2022 06:30:29] Verificando a solicitação...
[29/12/2022 06:30:29] abgsoft-autopark-unimed.php
array(5) {
  ["nome"]=>
  string(20) "Edmar Mendes Saraiva"
  ["cpf"]=>
  string(11) "01516691636"
  ["email"]=>
  string(20) "edmarbb@yahoo.com.br"
  ["placa"]=>
  string(7) "PWQ2050"
  ["unidade"]=>
  array(1) {
    [0]=>
    string(1) "5"
  }
}

[29/12/2022 07:18:29] Verificando a solicitação...
[29/12/2022 07:18:29] abgsoft-autopark-unimed.php
array(5) {
  ["nome"]=>
  string(35) "Veruschka  Conceição Moreira dias"
  ["cpf"]=>
  string(11) "01431022659"
  ["email"]=>
  string(22) "diastucka@yahoo.com.br"
  ["placa"]=>
  string(7) "Hjr5277"
  ["unidade"]=>
  array(1) {
    [0]=>
    string(1) "7"
  }
}

[29/12/2022 07:59:27] Verificando a solicitação...
[29/12/2022 07:59:27] abgsoft-autopark-unimed.php
array(5) {
  ["nome"]=>
  string(28) "Gelcirlane de Almeida Santos"
  ["cpf"]=>
  string(14) "122.277.017-22"
  ["email"]=>
  string(26) "alana1993almeida@gmail.com"
  ["placa"]=>
  string(7) "GQu8d16"
  ["unidade"]=>
  array(1) {
    [0]=>
    string(1) "3"
  }
}

[29/12/2022 08:12:43] Verificando a solicitação...
[29/12/2022 08:12:43] abgsoft-autopark-unimed.php
array(5) {
  ["nome"]=>
  string(40) "Natalia Aparecida Coelho da Cruz Almeida"
  ["cpf"]=>
  string(11) "08521253648"
  ["email"]=>
  string(22) "nati.cruz_@hotmail.com"
  ["placa"]=>
  string(7) "GXI0504"
  ["unidade"]=>
  array(1) {
    [0]=>
    string(1) "5"
  }
}

[29/12/2022 08:21:56] Verificando a solicitação...
[29/12/2022 08:21:56] abgsoft-autopark-unimed.php
array(5) {
  ["nome"]=>
  string(21) "André Luiz Damasceno"
  ["cpf"]=>
  string(14) "059.590.666-45"
  ["email"]=>
  string(22) "dede.so33@yahoo.com.br"
  ["placa"]=>
  string(7) "HIM6620"
  ["unidade"]=>
  array(1) {
    [0]=>
    string(1) "2"
  }
}

[29/12/2022 08:52:03] Verificando a solicitação...
[29/12/2022 08:52:03] abgsoft-autopark-unimed.php
array(5) {
  ["nome"]=>
  string(31) "Débora Luísa Brandão Campos "
  ["cpf"]=>
  string(11) "01919612645"
  ["email"]=>
  string(24) "deh_luisa@hotmail.com.br"
  ["placa"]=>
  string(7) "QNM9516"
  ["unidade"]=>
  array(1) {
    [0]=>
    string(1) "7"
  }
}

[29/12/2022 08:55:08] Verificando a solicitação...
[29/12/2022 08:55:08] abgsoft-autopark-unimed.php
array(5) {
  ["nome"]=>
  string(22) "Ronilda do Carmo Cruz "
  ["cpf"]=>
  string(14) "558.753.946-68"
  ["email"]=>
  string(21) "pra_roni@yahoo.com.br"
  ["placa"]=>
  string(7) "QOY1D75"
  ["unidade"]=>
  array(1) {
    [0]=>
    string(1) "3"
  }
}

[29/12/2022 11:17:27] Verificando a solicitação...
[29/12/2022 11:17:27] abgsoft-autopark-unimed.php
array(5) {
  ["nome"]=>
  string(32) "Elizabete Rosa dos Anjos Mendes "
  ["cpf"]=>
  string(11) "03019812640"
  ["email"]=>
  string(23) "betemendess@hotmail.com"
  ["placa"]=>
  string(7) "Frl1i48"
  ["unidade"]=>
  array(1) {
    [0]=>
    string(1) "7"
  }
}

[29/12/2022 11:55:20] Verificando a solicitação...
[29/12/2022 11:55:20] abgsoft-autopark-unimed.php
array(5) {
  ["nome"]=>
  string(25) "Nathalia da silva moreira"
  ["cpf"]=>
  string(14) "015.690.606-65"
  ["email"]=>
  string(30) "nathaliamoreira_88@hotmail.com"
  ["placa"]=>
  string(7) "QQI1146"
  ["unidade"]=>
  array(1) {
    [0]=>
    string(1) "4"
  }
}

[29/12/2022 11:56:04] Verificando a solicitação...
[29/12/2022 11:56:04] abgsoft-autopark-unimed.php
array(5) {
  ["nome"]=>
  string(25) "Nathalia da silva moreira"
  ["cpf"]=>
  string(14) "015.690.606-65"
  ["email"]=>
  string(30) "nathaliamoreira_88@hotmail.com"
  ["placa"]=>
  string(7) "QQI1146"
  ["unidade"]=>
  array(1) {
    [0]=>
    string(1) "5"
  }
}

