[01/04/2022 09:05:50] Verificando a solicitação...
[01/04/2022 01:10:50] Verificando a solicitação...
[01/04/2022 05:32:37] Verificando a solicitação...
[01/04/2022 05:32:37] abgsoft-autopark-unimed.php
array(16) {
  ["_wpcf7"]=>
  string(4) "1703"
  ["_wpcf7_version"]=>
  string(5) "5.1.7"
  ["_wpcf7_locale"]=>
  string(5) "pt_BR"
  ["_wpcf7_unit_tag"]=>
  string(20) "wpcf7-f1703-p1524-o1"
  ["_wpcf7_container_post"]=>
  string(4) "1524"
  ["_wpcf7cf_hidden_group_fields"]=>
  string(2) "[]"
  ["_wpcf7cf_hidden_groups"]=>
  string(2) "[]"
  ["_wpcf7cf_visible_groups"]=>
  string(2) "[]"
  ["_wpcf7cf_repeaters"]=>
  string(2) "[]"
  ["_wpcf7cf_steps"]=>
  string(2) "{}"
  ["_wpcf7cf_options"]=>
  string(180) "{\"form_id\":1703,\"conditions\":[],\"settings\":{\"animation\":\"yes\",\"animation_intime\":200,\"animation_outtime\":200,\"conditions_ui\":\"normal\",\"notice_dismissed\":false}}"
  ["nome"]=>
  string(26) "Achiles Caldeira Quintella"
  ["cpf"]=>
  string(14) "093.040.881-00"
  ["email"]=>
  string(26) "achilesquintella@gmail.com"
  ["placa"]=>
  string(7) "HKC3700"
  ["unidade"]=>
  string(1) "7"
}

[01/04/2022 06:45:57] Verificando a solicitação...
