[16/10/2022 12:17:54] Verificando a solicitação...
[16/10/2022 12:17:54] abgsoft-autopark-unimed.php
array(5) {
  ["nome"]=>
  string(26) "Antonio bernardo Júnior  "
  ["cpf"]=>
  string(11) "69595526649"
  ["email"]=>
  string(27) "antonio.bernardo@uol.com.br"
  ["placa"]=>
  string(7) "QQD1172"
  ["unidade"]=>
  array(1) {
    [0]=>
    string(1) "2"
  }
}

[16/10/2022 08:11:09] Verificando a solicitação...
[16/10/2022 08:11:09] abgsoft-autopark-unimed.php
array(5) {
  ["nome"]=>
  string(36) "Wanderson Aparecido santos silveira "
  ["cpf"]=>
  string(11) "09688084689"
  ["email"]=>
  string(31) "wandersonsilveira1990@gmail.com"
  ["placa"]=>
  string(8) "Qxc9h58 "
  ["unidade"]=>
  array(1) {
    [0]=>
    string(1) "4"
  }
}

[16/10/2022 08:55:44] Verificando a solicitação...
[16/10/2022 11:45:02] Verificando a solicitação...
[16/10/2022 11:45:02] abgsoft-autopark-unimed.php
array(5) {
  ["nome"]=>
  string(23) "Thiago Luiz de Araújo "
  ["cpf"]=>
  string(14) "103.634.236-05"
  ["email"]=>
  string(27) "thiagoluiz.fisica@gmail.com"
  ["placa"]=>
  string(7) "HCS8738"
  ["unidade"]=>
  array(1) {
    [0]=>
    string(1) "3"
  }
}

[16/10/2022 11:58:15] Verificando a solicitação...
[16/10/2022 12:31:29] Verificando a solicitação...
[16/10/2022 12:31:29] abgsoft-autopark-unimed.php
array(5) {
  ["nome"]=>
  string(23) "Leandro Peters Heringer"
  ["cpf"]=>
  string(11) "04239473624"
  ["email"]=>
  string(19) "lheringer@gmail.com"
  ["placa"]=>
  string(7) "rfc9c04"
  ["unidade"]=>
  array(1) {
    [0]=>
    string(1) "5"
  }
}

[16/10/2022 12:47:21] Verificando a solicitação...
[16/10/2022 12:47:21] abgsoft-autopark-unimed.php
array(5) {
  ["nome"]=>
  string(26) "Rita Lourenço Nascimento "
  ["cpf"]=>
  string(11) "29578752687"
  ["email"]=>
  string(28) "rejanea.nascimento@gmail.com"
  ["placa"]=>
  string(8) "QOE2800 "
  ["unidade"]=>
  array(1) {
    [0]=>
    string(1) "3"
  }
}

[16/10/2022 01:10:56] Verificando a solicitação...
[16/10/2022 01:10:56] abgsoft-autopark-unimed.php
array(5) {
  ["nome"]=>
  string(26) "ROSANGELA MACEDO FERNANDES"
  ["cpf"]=>
  string(14) "400.326.806-78"
  ["email"]=>
  string(21) "macedoalves@gmail.com"
  ["placa"]=>
  string(7) "PYP7E74"
  ["unidade"]=>
  array(1) {
    [0]=>
    string(1) "5"
  }
}

[16/10/2022 01:24:17] Verificando a solicitação...
[16/10/2022 01:24:17] abgsoft-autopark-unimed.php
array(5) {
  ["nome"]=>
  string(26) "Fabrício Josimar da Silva"
  ["cpf"]=>
  string(14) "054.683.676-37"
  ["email"]=>
  string(27) "quintao3102473@yahoo.com.br"
  ["placa"]=>
  string(7) "PZE0503"
  ["unidade"]=>
  array(1) {
    [0]=>
    string(1) "2"
  }
}

[16/10/2022 02:25:41] Verificando a solicitação...
[16/10/2022 02:25:41] abgsoft-autopark-unimed.php
array(5) {
  ["nome"]=>
  string(22) "gleison mendes andrade"
  ["cpf"]=>
  string(11) "03951164654"
  ["email"]=>
  string(30) "gleisonmendesandrade@gmail.com"
  ["placa"]=>
  string(7) "Pze7215"
  ["unidade"]=>
  array(1) {
    [0]=>
    string(1) "7"
  }
}

[16/10/2022 02:32:57] Verificando a solicitação...
[16/10/2022 02:32:57] abgsoft-autopark-unimed.php
array(5) {
  ["nome"]=>
  string(24) "Rodrigo dos Santos Motta"
  ["cpf"]=>
  string(11) "04009874651"
  ["email"]=>
  string(23) "rodrigo.motta@gmail.com"
  ["placa"]=>
  string(7) "PZO8067"
  ["unidade"]=>
  array(1) {
    [0]=>
    string(1) "5"
  }
}

[16/10/2022 02:39:04] Verificando a solicitação...
[16/10/2022 02:39:04] abgsoft-autopark-unimed.php
array(5) {
  ["nome"]=>
  string(26) "IONE AMARAL DAVILA DRUMOND"
  ["cpf"]=>
  string(11) "55046053691"
  ["email"]=>
  string(18) "ionead@hotmail.com"
  ["placa"]=>
  string(7) "RMD2H36"
  ["unidade"]=>
  array(1) {
    [0]=>
    string(1) "7"
  }
}

[16/10/2022 03:22:56] Verificando a solicitação...
[16/10/2022 03:22:56] abgsoft-autopark-unimed.php
array(5) {
  ["nome"]=>
  string(25) "Joceli de Oliveira Silva "
  ["cpf"]=>
  string(14) "508.921.007-10"
  ["email"]=>
  string(25) "jocelisilva1955@gmail.com"
  ["placa"]=>
  string(7) "KXH3B92"
  ["unidade"]=>
  array(1) {
    [0]=>
    string(1) "5"
  }
}

[16/10/2022 04:05:42] Verificando a solicitação...
[16/10/2022 04:05:42] abgsoft-autopark-unimed.php
array(5) {
  ["nome"]=>
  string(6) "Denise"
  ["cpf"]=>
  string(11) "85522201649"
  ["email"]=>
  string(25) "denise.paraguai@yahoo.com"
  ["placa"]=>
  string(7) "HNQ6362"
  ["unidade"]=>
  array(1) {
    [0]=>
    string(1) "3"
  }
}

[16/10/2022 04:50:56] Verificando a solicitação...
[16/10/2022 04:50:56] abgsoft-autopark-unimed.php
array(5) {
  ["nome"]=>
  string(26) "Bruno Sebastião Ferreira "
  ["cpf"]=>
  string(11) "08554908619"
  ["email"]=>
  string(20) "brunof02@hotmail.com"
  ["placa"]=>
  string(8) "Hcs 0a60"
  ["unidade"]=>
  array(1) {
    [0]=>
    string(1) "2"
  }
}

[16/10/2022 05:11:19] Verificando a solicitação...
[16/10/2022 05:11:19] abgsoft-autopark-unimed.php
array(5) {
  ["nome"]=>
  string(28) "Luiz  Flávio Volponi Lemos "
  ["cpf"]=>
  string(11) "64197638604"
  ["email"]=>
  string(21) "volponiluiz@gmail.com"
  ["placa"]=>
  string(8) "Gzo 8604"
  ["unidade"]=>
  array(1) {
    [0]=>
    string(1) "5"
  }
}

[16/10/2022 05:20:59] Verificando a solicitação...
[16/10/2022 05:20:59] abgsoft-autopark-unimed.php
array(5) {
  ["nome"]=>
  string(28) "Charles Rodrigues dos Santos"
  ["cpf"]=>
  string(14) "933.291.486-91"
  ["email"]=>
  string(26) "charesrsantos@yahoo.com.br"
  ["placa"]=>
  string(7) "gun2133"
  ["unidade"]=>
  array(1) {
    [0]=>
    string(1) "7"
  }
}

[16/10/2022 07:40:58] Verificando a solicitação...
[16/10/2022 07:40:58] abgsoft-autopark-unimed.php
array(5) {
  ["nome"]=>
  string(34) "Raphaela Barreto Silva Gonçalves "
  ["cpf"]=>
  string(11) "11788940610"
  ["email"]=>
  string(24) "raphaelabarreto@live.com"
  ["placa"]=>
  string(8) "HAY 0675"
  ["unidade"]=>
  array(1) {
    [0]=>
    string(1) "4"
  }
}

[16/10/2022 08:31:50] Verificando a solicitação...
[16/10/2022 08:31:50] abgsoft-autopark-unimed.php
array(5) {
  ["nome"]=>
  string(21) "Maria da Penha Helmer"
  ["cpf"]=>
  string(14) "334.562.246-72"
  ["email"]=>
  string(18) "mphelmer@gmail.com"
  ["placa"]=>
  string(8) "QPV1270 "
  ["unidade"]=>
  array(1) {
    [0]=>
    string(1) "5"
  }
}

[16/10/2022 09:20:44] Verificando a solicitação...
[16/10/2022 09:20:44] abgsoft-autopark-unimed.php
array(5) {
  ["nome"]=>
  string(12) "Joao Spinola"
  ["cpf"]=>
  string(11) "60426454634"
  ["email"]=>
  string(22) "joao.spinola@gmail.com"
  ["placa"]=>
  string(7) "dcm9811"
  ["unidade"]=>
  array(1) {
    [0]=>
    string(1) "7"
  }
}

[16/10/2022 09:44:03] Verificando a solicitação...
[16/10/2022 09:44:03] abgsoft-autopark-unimed.php
array(5) {
  ["nome"]=>
  string(27) "Gabriela dos Reis da Silva "
  ["cpf"]=>
  string(11) "12303301602"
  ["email"]=>
  string(31) "gabriela.contabeis@yahoo.com.br"
  ["placa"]=>
  string(7) "EBN4J33"
  ["unidade"]=>
  array(1) {
    [0]=>
    string(1) "1"
  }
}

[16/10/2022 10:03:30] Verificando a solicitação...
[16/10/2022 10:03:30] abgsoft-autopark-unimed.php
array(5) {
  ["nome"]=>
  string(26) "Aguinaldo França da Silva"
  ["cpf"]=>
  string(14) "811.526.806-25"
  ["email"]=>
  string(28) "aguinaldofsilva@yahoo.com.br"
  ["placa"]=>
  string(7) "HFN6269"
  ["unidade"]=>
  array(1) {
    [0]=>
    string(1) "5"
  }
}

