[09/11/2022 12:54:12] Verificando a solicitação...
[09/11/2022 12:54:12] abgsoft-autopark-unimed.php
array(5) {
  ["nome"]=>
  string(19) "Hayza Rezende Lima "
  ["cpf"]=>
  string(11) "10318595605"
  ["email"]=>
  string(22) "hayza_lima@hotmail.com"
  ["placa"]=>
  string(8) "MTU0C75 "
  ["unidade"]=>
  array(1) {
    [0]=>
    string(1) "3"
  }
}

[09/11/2022 01:34:09] Verificando a solicitação...
[09/11/2022 01:34:09] abgsoft-autopark-unimed.php
array(5) {
  ["nome"]=>
  string(30) " Aparecida Maria Soares Costa "
  ["cpf"]=>
  string(11) "75826100672"
  ["email"]=>
  string(22) "cidakosta@yahoo.com.br"
  ["placa"]=>
  string(7) "PZI5446"
  ["unidade"]=>
  array(1) {
    [0]=>
    string(1) "3"
  }
}

[09/11/2022 01:56:54] Verificando a solicitação...
[09/11/2022 01:56:54] abgsoft-autopark-unimed.php
array(5) {
  ["nome"]=>
  string(28) "Isabella Lara Silva Ribeiro "
  ["cpf"]=>
  string(11) "07676225612"
  ["email"]=>
  string(30) "isabella.lararibeiro@gmail.com"
  ["placa"]=>
  string(7) "QPF2770"
  ["unidade"]=>
  array(1) {
    [0]=>
    string(1) "7"
  }
}

[09/11/2022 02:47:09] Verificando a solicitação...
[09/11/2022 02:47:09] abgsoft-autopark-unimed.php
array(5) {
  ["nome"]=>
  string(21) "Jolme Lopes de Souza "
  ["cpf"]=>
  string(11) "80119670615"
  ["email"]=>
  string(23) "jolmecontagem@gmail.com"
  ["placa"]=>
  string(7) "Pxj1855"
  ["unidade"]=>
  array(1) {
    [0]=>
    string(1) "1"
  }
}

[09/11/2022 09:28:32] Verificando a solicitação...
[09/11/2022 09:28:32] abgsoft-autopark-unimed.php
array(5) {
  ["nome"]=>
  string(36) "Priscilla Batista Tôrres de Lacerda"
  ["cpf"]=>
  string(11) "08120283686"
  ["email"]=>
  string(24) "priscilla12300@gmail.com"
  ["placa"]=>
  string(7) "HLN7E06"
  ["unidade"]=>
  array(1) {
    [0]=>
    string(1) "5"
  }
}

[09/11/2022 10:33:38] Verificando a solicitação...
[09/11/2022 10:33:38] abgsoft-autopark-unimed.php
array(5) {
  ["nome"]=>
  string(21) "FRANCK DE PAULA NESIO"
  ["cpf"]=>
  string(14) "070.915.666-96"
  ["email"]=>
  string(18) "fcknesio@gmail.com"
  ["placa"]=>
  string(8) "EUB 8E09"
  ["unidade"]=>
  array(1) {
    [0]=>
    string(1) "3"
  }
}

[09/11/2022 11:11:06] Verificando a solicitação...
[09/11/2022 11:11:06] abgsoft-autopark-unimed.php
array(5) {
  ["nome"]=>
  string(29) "MATHEUS DO NASCIMENTO PEIXOTO"
  ["cpf"]=>
  string(12) "06577077673 "
  ["email"]=>
  string(25) "peixoto.matheus@gmail.com"
  ["placa"]=>
  string(7) "Gsd5345"
  ["unidade"]=>
  array(1) {
    [0]=>
    string(1) "2"
  }
}

[09/11/2022 11:12:04] Verificando a solicitação...
[09/11/2022 11:12:04] abgsoft-autopark-unimed.php
array(5) {
  ["nome"]=>
  string(23) "Leticia Guedes da Silva"
  ["cpf"]=>
  string(14) "013.464.146-96"
  ["email"]=>
  string(26) "leticiaguedes007@gmail.com"
  ["placa"]=>
  string(7) "HLA4301"
  ["unidade"]=>
  array(1) {
    [0]=>
    string(1) "7"
  }
}

[09/11/2022 11:30:01] Verificando a solicitação...
[09/11/2022 11:30:01] abgsoft-autopark-unimed.php
array(5) {
  ["nome"]=>
  string(17) "Cláudia Emanuela"
  ["cpf"]=>
  string(11) "07966969690"
  ["email"]=>
  string(28) "claudia.emanuela99@gmail.com"
  ["placa"]=>
  string(8) "GWV-3574"
  ["unidade"]=>
  array(1) {
    [0]=>
    string(1) "7"
  }
}

[09/11/2022 01:06:57] Verificando a solicitação...
[09/11/2022 01:06:57] abgsoft-autopark-unimed.php
array(5) {
  ["nome"]=>
  string(23) "BRUNA GONÇALVES VIEIRA"
  ["cpf"]=>
  string(14) "134.326.336-02"
  ["email"]=>
  string(22) "brunahoney@hotmail.com"
  ["placa"]=>
  string(7) "HCF6970"
  ["unidade"]=>
  array(1) {
    [0]=>
    string(1) "3"
  }
}

[09/11/2022 01:25:24] Verificando a solicitação...
[09/11/2022 01:25:24] abgsoft-autopark-unimed.php
array(5) {
  ["nome"]=>
  string(33) "Carlos Henrique Verneque Guerson "
  ["cpf"]=>
  string(14) "891.393.726-34"
  ["email"]=>
  string(19) "jguerson@uol.com.br"
  ["placa"]=>
  string(8) "HJL6682 "
  ["unidade"]=>
  array(1) {
    [0]=>
    string(1) "5"
  }
}

[09/11/2022 01:52:00] Verificando a solicitação...
[09/11/2022 01:52:00] abgsoft-autopark-unimed.php
array(5) {
  ["nome"]=>
  string(21) "Carla Cristina Duarte"
  ["cpf"]=>
  string(14) "896.419.226-53"
  ["email"]=>
  string(25) "ccarladuarte@yahoo.com.br"
  ["placa"]=>
  string(7) "OQQ4267"
  ["unidade"]=>
  array(1) {
    [0]=>
    string(1) "4"
  }
}

[09/11/2022 02:06:17] Verificando a solicitação...
[09/11/2022 02:06:17] abgsoft-autopark-unimed.php
array(5) {
  ["nome"]=>
  string(32) "Leideana Gomes Teixeira da cruz "
  ["cpf"]=>
  string(11) "02964679606"
  ["email"]=>
  string(20) "leideana20@gmail.com"
  ["placa"]=>
  string(8) "Hkp 1985"
  ["unidade"]=>
  array(1) {
    [0]=>
    string(1) "3"
  }
}

[09/11/2022 02:27:38] Verificando a solicitação...
[09/11/2022 02:27:38] abgsoft-autopark-unimed.php
array(5) {
  ["nome"]=>
  string(37) "MARIA TERESA PETER DO NASCIMENTO DIAS"
  ["cpf"]=>
  string(11) "76807800649"
  ["email"]=>
  string(22) "maitepeter@hotmail.com"
  ["placa"]=>
  string(7) "HMF4113"
  ["unidade"]=>
  array(1) {
    [0]=>
    string(1) "7"
  }
}

[09/11/2022 02:37:16] Verificando a solicitação...
[09/11/2022 02:37:16] abgsoft-autopark-unimed.php
array(5) {
  ["nome"]=>
  string(30) "Marco Aurelio Mendonça Vieira"
  ["cpf"]=>
  string(11) "03985325596"
  ["email"]=>
  string(21) "ocram310890@gmail.com"
  ["placa"]=>
  string(8) "HLN-7E06"
  ["unidade"]=>
  array(1) {
    [0]=>
    string(1) "5"
  }
}

[09/11/2022 02:57:15] Verificando a solicitação...
[09/11/2022 03:22:53] Verificando a solicitação...
[09/11/2022 03:22:53] abgsoft-autopark-unimed.php
array(5) {
  ["nome"]=>
  string(19) "Avio Alves da Silva"
  ["cpf"]=>
  string(14) "856.129.366-72"
  ["email"]=>
  string(20) "avioasilva@gmail.com"
  ["placa"]=>
  string(7) "PWD7215"
  ["unidade"]=>
  array(1) {
    [0]=>
    string(1) "5"
  }
}

[09/11/2022 03:46:53] Verificando a solicitação...
[09/11/2022 05:01:04] Verificando a solicitação...
[09/11/2022 05:01:04] abgsoft-autopark-unimed.php
array(5) {
  ["nome"]=>
  string(32) "Gilda de Oliveira Coelho Andrade"
  ["cpf"]=>
  string(14) "630.475.786-72"
  ["email"]=>
  string(24) "gilcarandai@yahoo.com.br"
  ["placa"]=>
  string(7) "PVC6663"
  ["unidade"]=>
  array(1) {
    [0]=>
    string(1) "5"
  }
}

[09/11/2022 05:45:19] Verificando a solicitação...
[09/11/2022 05:45:19] abgsoft-autopark-unimed.php
array(5) {
  ["nome"]=>
  string(18) "Luiz Paulo Saraiva"
  ["cpf"]=>
  string(11) "01314611682"
  ["email"]=>
  string(24) "contato.luizps@gmail.com"
  ["placa"]=>
  string(7) "Oly4826"
  ["unidade"]=>
  array(1) {
    [0]=>
    string(1) "5"
  }
}

[09/11/2022 06:17:19] Verificando a solicitação...
[09/11/2022 06:59:16] Verificando a solicitação...
[09/11/2022 06:59:16] abgsoft-autopark-unimed.php
array(5) {
  ["nome"]=>
  string(28) "Alexandre de Aguiar fagundes"
  ["cpf"]=>
  string(11) "05600586671"
  ["email"]=>
  string(25) "aguiar.fagundes@gmail.com"
  ["placa"]=>
  string(7) "PZZ7g29"
  ["unidade"]=>
  array(1) {
    [0]=>
    string(1) "1"
  }
}

[09/11/2022 07:24:30] Verificando a solicitação...
[09/11/2022 07:24:30] abgsoft-autopark-unimed.php
array(5) {
  ["nome"]=>
  string(22) "luciane villela grillo"
  ["cpf"]=>
  string(11) "02715873697"
  ["email"]=>
  string(24) "lvillelagrillo@gmail.com"
  ["placa"]=>
  string(7) "jlu6928"
  ["unidade"]=>
  array(1) {
    [0]=>
    string(1) "5"
  }
}

[09/11/2022 07:54:39] Verificando a solicitação...
[09/11/2022 07:54:39] abgsoft-autopark-unimed.php
array(5) {
  ["nome"]=>
  string(35) "Larissa Emanuelle Martins Gregório"
  ["cpf"]=>
  string(14) "087.463.236-60"
  ["email"]=>
  string(27) "lalinha.emanuelle@gmail.com"
  ["placa"]=>
  string(7) "OPZ6193"
  ["unidade"]=>
  array(1) {
    [0]=>
    string(1) "5"
  }
}

[09/11/2022 08:51:02] Verificando a solicitação...
[09/11/2022 08:51:02] abgsoft-autopark-unimed.php
array(5) {
  ["nome"]=>
  string(23) "LETICIA GUEDES DA SILVA"
  ["cpf"]=>
  string(14) "013.464.146-96"
  ["email"]=>
  string(26) "leticiaguedes007@gmail.com"
  ["placa"]=>
  string(7) "HLA4301"
  ["unidade"]=>
  array(1) {
    [0]=>
    string(1) "7"
  }
}

[09/11/2022 09:19:49] Verificando a solicitação...
[09/11/2022 09:19:49] abgsoft-autopark-unimed.php
array(5) {
  ["nome"]=>
  string(25) "Otoniel Moreira De Souza "
  ["cpf"]=>
  string(11) "01384982612"
  ["email"]=>
  string(26) "otonielmoreira@hotmail.com"
  ["placa"]=>
  string(7) "Pwk6381"
  ["unidade"]=>
  array(1) {
    [0]=>
    string(1) "7"
  }
}

[09/11/2022 09:33:09] Verificando a solicitação...
[09/11/2022 09:33:09] abgsoft-autopark-unimed.php
array(5) {
  ["nome"]=>
  string(26) "otonielmoreira@hotmail.com"
  ["cpf"]=>
  string(11) "01384982612"
  ["email"]=>
  string(26) "otonielmoreira@hotmail.com"
  ["placa"]=>
  string(7) "Pwk6381"
  ["unidade"]=>
  array(1) {
    [0]=>
    string(1) "7"
  }
}

[09/11/2022 09:36:45] Verificando a solicitação...
[09/11/2022 09:36:45] abgsoft-autopark-unimed.php
array(5) {
  ["nome"]=>
  string(31) "Miréia Alves dos anjos freitas"
  ["cpf"]=>
  string(11) "05294120984"
  ["email"]=>
  string(25) "mireiafreitas@hotmail.com"
  ["placa"]=>
  string(7) "Atw5799"
  ["unidade"]=>
  array(1) {
    [0]=>
    string(1) "7"
  }
}

[09/11/2022 09:55:00] Verificando a solicitação...
[09/11/2022 09:55:00] abgsoft-autopark-unimed.php
array(5) {
  ["nome"]=>
  string(24) "Bruno Vinicius da Silva "
  ["cpf"]=>
  string(14) "013.905.096-56"
  ["email"]=>
  string(22) "bvsilvabr@yahoo.com.br"
  ["placa"]=>
  string(7) "Hag1992"
  ["unidade"]=>
  array(1) {
    [0]=>
    string(1) "3"
  }
}

[09/11/2022 10:15:20] Verificando a solicitação...
[09/11/2022 10:15:20] abgsoft-autopark-unimed.php
array(5) {
  ["nome"]=>
  string(26) "Patrícia Soares da Silva "
  ["cpf"]=>
  string(15) "079.322.046-74 "
  ["email"]=>
  string(26) "pattymargionni@hotmail.com"
  ["placa"]=>
  string(8) "PZN0202 "
  ["unidade"]=>
  array(1) {
    [0]=>
    string(1) "5"
  }
}

[09/11/2022 10:33:38] Verificando a solicitação...
[09/11/2022 10:33:38] abgsoft-autopark-unimed.php
array(5) {
  ["nome"]=>
  string(31) "Vanessa Viana Ferreira de Faria"
  ["cpf"]=>
  string(14) "016.390.896-67"
  ["email"]=>
  string(23) "vanessavf1@yahoo.com.br"
  ["placa"]=>
  string(7) "gyp3040"
  ["unidade"]=>
  array(1) {
    [0]=>
    string(1) "5"
  }
}

[09/11/2022 11:18:31] Verificando a solicitação...
[09/11/2022 11:18:31] abgsoft-autopark-unimed.php
array(5) {
  ["nome"]=>
  string(23) "Andrea Miranda da Silva"
  ["cpf"]=>
  string(14) "955.731.006-53"
  ["email"]=>
  string(20) "andreams02@gmail.com"
  ["placa"]=>
  string(7) "RMM5D18"
  ["unidade"]=>
  array(1) {
    [0]=>
    string(1) "3"
  }
}

[09/11/2022 11:19:22] Verificando a solicitação...
[09/11/2022 11:19:22] abgsoft-autopark-unimed.php
array(5) {
  ["nome"]=>
  string(27) "Eunice Geralda de Melo Sá "
  ["cpf"]=>
  string(14) "741.483.976-15"
  ["email"]=>
  string(21) "euniceala12@gmail.com"
  ["placa"]=>
  string(7) "PVH1818"
  ["unidade"]=>
  array(1) {
    [0]=>
    string(1) "5"
  }
}

[09/11/2022 11:24:09] Verificando a solicitação...
[09/11/2022 11:24:09] abgsoft-autopark-unimed.php
array(5) {
  ["nome"]=>
  string(26) "Joana D'arque Silva Correa"
  ["cpf"]=>
  string(12) "888091848668"
  ["email"]=>
  string(21) "joanna_darc@yahoo.com"
  ["placa"]=>
  string(7) "RUT5B86"
  ["unidade"]=>
  array(1) {
    [0]=>
    string(1) "3"
  }
}

[09/11/2022 11:41:18] Verificando a solicitação...
[09/11/2022 11:41:18] abgsoft-autopark-unimed.php
array(5) {
  ["nome"]=>
  string(22) "Natália Alves Menezes"
  ["cpf"]=>
  string(14) "065.226.176-09"
  ["email"]=>
  string(27) "menezesviegas2016@gmail.com"
  ["placa"]=>
  string(7) "OXK5I66"
  ["unidade"]=>
  array(1) {
    [0]=>
    string(1) "5"
  }
}

