[20/11/2022 12:19:19] Verificando a solicitação...
[20/11/2022 12:19:19] abgsoft-autopark-unimed.php
array(5) {
  ["nome"]=>
  string(24) "Welington Costa Monteiro"
  ["cpf"]=>
  string(11) "00745720676"
  ["email"]=>
  string(20) "wcmonteiro@gmail.com"
  ["placa"]=>
  string(7) "QWS1213"
  ["unidade"]=>
  array(1) {
    [0]=>
    string(1) "5"
  }
}

[20/11/2022 01:11:21] Verificando a solicitação...
[20/11/2022 01:11:21] abgsoft-autopark-unimed.php
array(5) {
  ["nome"]=>
  string(23) "carlos antonio da silva"
  ["cpf"]=>
  string(11) "94115044691"
  ["email"]=>
  string(29) "carlosantonio2100@hotmail.com"
  ["placa"]=>
  string(8) "hns 5741"
  ["unidade"]=>
  array(1) {
    [0]=>
    string(1) "3"
  }
}

[20/11/2022 01:32:13] Verificando a solicitação...
[20/11/2022 04:58:21] Verificando a solicitação...
[20/11/2022 04:58:21] abgsoft-autopark-unimed.php
array(5) {
  ["nome"]=>
  string(17) "Regina Lucia joao"
  ["cpf"]=>
  string(11) "65978781672"
  ["email"]=>
  string(23) "regina_joao@outlook.com"
  ["placa"]=>
  string(7) "IPI7663"
  ["unidade"]=>
  array(1) {
    [0]=>
    string(1) "2"
  }
}

[20/11/2022 10:13:47] Verificando a solicitação...
[20/11/2022 10:13:47] abgsoft-autopark-unimed.php
array(5) {
  ["nome"]=>
  string(27) "Ricardo José Barbosa Bahia"
  ["cpf"]=>
  string(14) "008.426.136-68"
  ["email"]=>
  string(18) "rjbbahia@gmail.com"
  ["placa"]=>
  string(7) "PUB2129"
  ["unidade"]=>
  array(1) {
    [0]=>
    string(1) "5"
  }
}

[20/11/2022 10:41:31] Verificando a solicitação...
[20/11/2022 10:41:31] abgsoft-autopark-unimed.php
array(5) {
  ["nome"]=>
  string(27) "HERNANDO EUSTÁQUIO BARBOSA"
  ["cpf"]=>
  string(11) "18634133672"
  ["email"]=>
  string(26) "hernando.barbosa@gmail.com"
  ["placa"]=>
  string(7) "heg0821"
  ["unidade"]=>
  array(1) {
    [0]=>
    string(1) "7"
  }
}

[20/11/2022 10:48:43] Verificando a solicitação...
[20/11/2022 10:48:43] abgsoft-autopark-unimed.php
array(5) {
  ["nome"]=>
  string(29) "Maria Cristina Gomes Tavares "
  ["cpf"]=>
  string(11) "05878281619"
  ["email"]=>
  string(22) "crisgtavares@gmail.com"
  ["placa"]=>
  string(7) "QXR3G80"
  ["unidade"]=>
  array(1) {
    [0]=>
    string(1) "2"
  }
}

[20/11/2022 11:20:39] Verificando a solicitação...
[20/11/2022 11:20:39] abgsoft-autopark-unimed.php
array(5) {
  ["nome"]=>
  string(23) "Miguel Pinheiro altino "
  ["cpf"]=>
  string(14) "190.927.046-60"
  ["email"]=>
  string(24) "karolsilva3108@gmail.com"
  ["placa"]=>
  string(7) "Opw9h92"
  ["unidade"]=>
  array(1) {
    [0]=>
    string(1) "3"
  }
}

[20/11/2022 11:56:41] Verificando a solicitação...
[20/11/2022 11:56:41] abgsoft-autopark-unimed.php
array(5) {
  ["nome"]=>
  string(14) "Wesley Silvino"
  ["cpf"]=>
  string(11) "06738487606"
  ["email"]=>
  string(22) "wesleyrei@yahoo.com.br"
  ["placa"]=>
  string(7) "HIO7338"
  ["unidade"]=>
  array(1) {
    [0]=>
    string(1) "7"
  }
}

[20/11/2022 12:01:21] Verificando a solicitação...
[20/11/2022 12:01:21] abgsoft-autopark-unimed.php
array(5) {
  ["nome"]=>
  string(24) "Jeferson farneze pereira"
  ["cpf"]=>
  string(14) "079.053.966-73"
  ["email"]=>
  string(25) "Jefersonfarneze@gmail.com"
  ["placa"]=>
  string(7) "OXD5104"
  ["unidade"]=>
  array(1) {
    [0]=>
    string(1) "3"
  }
}

[20/11/2022 12:15:51] Verificando a solicitação...
[20/11/2022 12:15:51] abgsoft-autopark-unimed.php
array(5) {
  ["nome"]=>
  string(16) "Nelito Rodrigues"
  ["cpf"]=>
  string(11) "98963678172"
  ["email"]=>
  string(16) "nrcj@hotmail.com"
  ["placa"]=>
  string(8) "QMW-0B80"
  ["unidade"]=>
  array(1) {
    [0]=>
    string(1) "2"
  }
}

[20/11/2022 12:25:34] Verificando a solicitação...
[20/11/2022 12:25:34] abgsoft-autopark-unimed.php
array(5) {
  ["nome"]=>
  string(32) "Lidiane Borboleta Silva Corrêa "
  ["cpf"]=>
  string(11) "06113078639"
  ["email"]=>
  string(29) "lidianeborboleta@uahoo.com.br"
  ["placa"]=>
  string(8) "HRT 1236"
  ["unidade"]=>
  array(1) {
    [0]=>
    string(1) "5"
  }
}

[20/11/2022 01:47:56] Verificando a solicitação...
[20/11/2022 01:47:56] abgsoft-autopark-unimed.php
array(5) {
  ["nome"]=>
  string(35) "Jackson Irlan Verissimo de Queiroz "
  ["cpf"]=>
  string(11) "08597886609"
  ["email"]=>
  string(29) "jackson.queiroz@carbig.com.br"
  ["placa"]=>
  string(7) "HFP7317"
  ["unidade"]=>
  array(1) {
    [0]=>
    string(1) "3"
  }
}

[20/11/2022 01:58:34] Verificando a solicitação...
[20/11/2022 01:58:34] abgsoft-autopark-unimed.php
array(5) {
  ["nome"]=>
  string(24) "Walmer de Oliveira Lima "
  ["cpf"]=>
  string(15) "476.601.207-00 "
  ["email"]=>
  string(20) "walmerlima@gmail.com"
  ["placa"]=>
  string(8) "Qua 0380"
  ["unidade"]=>
  array(1) {
    [0]=>
    string(1) "5"
  }
}

[20/11/2022 02:09:24] Verificando a solicitação...
[20/11/2022 02:09:24] abgsoft-autopark-unimed.php
array(5) {
  ["nome"]=>
  string(37) "Anísio de Fatima dos Santos júnior "
  ["cpf"]=>
  string(11) "09686569600"
  ["email"]=>
  string(23) "anisio_sjr@yahoo.com.br"
  ["placa"]=>
  string(7) "PYJ0H35"
  ["unidade"]=>
  array(1) {
    [0]=>
    string(1) "5"
  }
}

[20/11/2022 02:10:55] Verificando a solicitação...
[20/11/2022 02:10:55] abgsoft-autopark-unimed.php
array(5) {
  ["nome"]=>
  string(37) "Anísio de Fatima dos Santos júnior "
  ["cpf"]=>
  string(11) "09686569600"
  ["email"]=>
  string(23) "anisio_sjr@yahoo.com.br"
  ["placa"]=>
  string(7) "PYJ0H35"
  ["unidade"]=>
  array(1) {
    [0]=>
    string(1) "7"
  }
}

[20/11/2022 03:11:44] Verificando a solicitação...
[20/11/2022 03:11:44] abgsoft-autopark-unimed.php
array(5) {
  ["nome"]=>
  string(19) "Jose Celio Pereira "
  ["cpf"]=>
  string(11) "02728970602"
  ["email"]=>
  string(25) "jchidraulica@yahoo.com.br"
  ["placa"]=>
  string(7) "Hmh2e34"
  ["unidade"]=>
  array(1) {
    [0]=>
    string(1) "5"
  }
}

[20/11/2022 03:19:30] Verificando a solicitação...
[20/11/2022 03:19:30] abgsoft-autopark-unimed.php
array(5) {
  ["nome"]=>
  string(15) "Alex Rodrigues "
  ["cpf"]=>
  string(11) "06625124648"
  ["email"]=>
  string(25) "alexvilalobos@hotmail.com"
  ["placa"]=>
  string(7) "0PZ3C24"
  ["unidade"]=>
  array(1) {
    [0]=>
    string(1) "2"
  }
}

[20/11/2022 03:21:11] Verificando a solicitação...
[20/11/2022 03:21:11] abgsoft-autopark-unimed.php
array(5) {
  ["nome"]=>
  string(30) "JULIA GABRIELA SANTOS PEREIRA "
  ["cpf"]=>
  string(11) "11163133671"
  ["email"]=>
  string(27) "juliagabrieladp@outlook.com"
  ["placa"]=>
  string(7) "HJA2320"
  ["unidade"]=>
  array(1) {
    [0]=>
    string(1) "7"
  }
}

[20/11/2022 04:48:13] Verificando a solicitação...
[20/11/2022 04:48:13] abgsoft-autopark-unimed.php
array(5) {
  ["nome"]=>
  string(26) "Jussara Soares Neto Borges"
  ["cpf"]=>
  string(14) "037.757.936-07"
  ["email"]=>
  string(25) "andersonassis62@gmail.com"
  ["placa"]=>
  string(7) "OWI1882"
  ["unidade"]=>
  array(1) {
    [0]=>
    string(1) "3"
  }
}

[20/11/2022 05:09:27] Verificando a solicitação...
[20/11/2022 05:09:27] abgsoft-autopark-unimed.php
array(5) {
  ["nome"]=>
  string(13) "Gustavo Malta"
  ["cpf"]=>
  string(11) "13059582688"
  ["email"]=>
  string(20) "ghsmalta@outlook.com"
  ["placa"]=>
  string(7) "PXN4B03"
  ["unidade"]=>
  array(1) {
    [0]=>
    string(1) "5"
  }
}

[20/11/2022 05:11:03] Verificando a solicitação...
[20/11/2022 05:11:03] abgsoft-autopark-unimed.php
array(5) {
  ["nome"]=>
  string(13) "Gustavo Malta"
  ["cpf"]=>
  string(14) "130.595.826-88"
  ["email"]=>
  string(20) "ghsmalta@outlook.com"
  ["placa"]=>
  string(7) "PXN4B03"
  ["unidade"]=>
  array(1) {
    [0]=>
    string(1) "5"
  }
}

[20/11/2022 05:48:09] Verificando a solicitação...
[20/11/2022 06:19:26] Verificando a solicitação...
[20/11/2022 06:19:26] abgsoft-autopark-unimed.php
array(5) {
  ["nome"]=>
  string(28) "Wisner Figueiredo de Freitas"
  ["cpf"]=>
  string(14) "094.278.926-17"
  ["email"]=>
  string(18) "wisnerff@yahoo.com"
  ["placa"]=>
  string(7) "Oly2054"
  ["unidade"]=>
  array(1) {
    [0]=>
    string(1) "2"
  }
}

[20/11/2022 07:09:15] Verificando a solicitação...
[20/11/2022 07:09:15] abgsoft-autopark-unimed.php
array(5) {
  ["nome"]=>
  string(4) "Davi"
  ["cpf"]=>
  string(11) "25085450663"
  ["email"]=>
  string(18) "depvp@yahoo.com.br"
  ["placa"]=>
  string(8) "RNA5E44 "
  ["unidade"]=>
  array(1) {
    [0]=>
    string(1) "3"
  }
}

[20/11/2022 07:17:27] Verificando a solicitação...
[20/11/2022 07:17:27] abgsoft-autopark-unimed.php
array(5) {
  ["nome"]=>
  string(22) "ROBERTO GOMES DE SOUZA"
  ["cpf"]=>
  string(11) "95404384620"
  ["email"]=>
  string(23) "robertokairos@gmail.com"
  ["placa"]=>
  string(7) "fke8e66"
  ["unidade"]=>
  array(1) {
    [0]=>
    string(1) "2"
  }
}

[20/11/2022 07:19:42] Verificando a solicitação...
[20/11/2022 07:19:42] abgsoft-autopark-unimed.php
array(5) {
  ["nome"]=>
  string(26) "maria cristina lima guerra"
  ["cpf"]=>
  string(14) "513.031.087-04"
  ["email"]=>
  string(24) "cris.maria.g@hotmail.com"
  ["placa"]=>
  string(7) "PYX0781"
  ["unidade"]=>
  array(1) {
    [0]=>
    string(1) "5"
  }
}

[20/11/2022 07:21:46] Verificando a solicitação...
[20/11/2022 07:21:46] abgsoft-autopark-unimed.php
array(5) {
  ["nome"]=>
  string(24) "Andrea dos Santos Diniz "
  ["cpf"]=>
  string(12) "699943666-53"
  ["email"]=>
  string(30) "andreasantosdiniz434@gmail.com"
  ["placa"]=>
  string(8) "PWM 5883"
  ["unidade"]=>
  array(1) {
    [0]=>
    string(1) "7"
  }
}

[20/11/2022 07:24:15] Verificando a solicitação...
[20/11/2022 07:24:15] abgsoft-autopark-unimed.php
array(5) {
  ["nome"]=>
  string(24) "Andrea dos Santos Diniz "
  ["cpf"]=>
  string(12) "699943666-53"
  ["email"]=>
  string(31) "andreasantosdiniz434@gmail.coma"
  ["placa"]=>
  string(8) "PWM 5883"
  ["unidade"]=>
  array(1) {
    [0]=>
    string(1) "7"
  }
}

[20/11/2022 08:11:09] Verificando a solicitação...
[20/11/2022 08:11:09] abgsoft-autopark-unimed.php
array(5) {
  ["nome"]=>
  string(17) "Viviane Oliveira "
  ["cpf"]=>
  string(14) "067.553.456-95"
  ["email"]=>
  string(23) "viviane.o.s@hotmail.com"
  ["placa"]=>
  string(7) "HMZ8097"
  ["unidade"]=>
  array(1) {
    [0]=>
    string(1) "7"
  }
}

[20/11/2022 08:46:11] Verificando a solicitação...
[20/11/2022 08:46:11] abgsoft-autopark-unimed.php
array(5) {
  ["nome"]=>
  string(34) "Cynthia Vieira de Carvalho Santini"
  ["cpf"]=>
  string(14) "683.731.046-15"
  ["email"]=>
  string(27) "cynthia-santini@hotmail.com"
  ["placa"]=>
  string(7) "PVV1303"
  ["unidade"]=>
  array(1) {
    [0]=>
    string(1) "5"
  }
}

[20/11/2022 08:56:35] Verificando a solicitação...
[20/11/2022 08:56:35] abgsoft-autopark-unimed.php
array(5) {
  ["nome"]=>
  string(24) "Ademar Martins da Silva "
  ["cpf"]=>
  string(11) "04978338670"
  ["email"]=>
  string(31) "francisleiadesouza@yahoo.com.br"
  ["placa"]=>
  string(8) "HEI.6381"
  ["unidade"]=>
  array(1) {
    [0]=>
    string(1) "5"
  }
}

[20/11/2022 09:30:05] Verificando a solicitação...
[20/11/2022 09:30:05] abgsoft-autopark-unimed.php
array(5) {
  ["nome"]=>
  string(20) "EDISON JARDIM FRANCA"
  ["cpf"]=>
  string(14) "903.683.716-20"
  ["email"]=>
  string(19) "edlidb@yahoo.com.br"
  ["placa"]=>
  string(7) "HLR0301"
  ["unidade"]=>
  array(1) {
    [0]=>
    string(1) "3"
  }
}

[20/11/2022 09:44:44] Verificando a solicitação...
[20/11/2022 09:44:44] abgsoft-autopark-unimed.php
array(5) {
  ["nome"]=>
  string(30) "Samuel Braga Guimarães Rabelo"
  ["cpf"]=>
  string(11) "17916657643"
  ["email"]=>
  string(26) "louisiane2001@yahoo.com.br"
  ["placa"]=>
  string(7) "HFX8681"
  ["unidade"]=>
  array(1) {
    [0]=>
    string(1) "7"
  }
}

[20/11/2022 10:00:20] Verificando a solicitação...
[20/11/2022 10:00:20] abgsoft-autopark-unimed.php
array(5) {
  ["nome"]=>
  string(30) "Fabrícia Aurelio Castro Costa"
  ["cpf"]=>
  string(14) "033.833.706-74"
  ["email"]=>
  string(26) "fabriciacastro@hotmail.com"
  ["placa"]=>
  string(7) "ORB6828"
  ["unidade"]=>
  array(1) {
    [0]=>
    string(1) "3"
  }
}

[20/11/2022 10:00:21] Verificando a solicitação...
[20/11/2022 10:00:21] abgsoft-autopark-unimed.php
array(5) {
  ["nome"]=>
  string(30) "Thiago dos Santos Braz Martins"
  ["cpf"]=>
  string(14) "015.940.396-07"
  ["email"]=>
  string(23) "thiagodirnew1@gmail.com"
  ["placa"]=>
  string(7) "EAB6040"
  ["unidade"]=>
  array(1) {
    [0]=>
    string(1) "7"
  }
}

[20/11/2022 10:04:18] Verificando a solicitação...
[20/11/2022 10:04:18] abgsoft-autopark-unimed.php
array(5) {
  ["nome"]=>
  string(21) "Elder de Amorim cosme"
  ["cpf"]=>
  string(11) "11325018651"
  ["email"]=>
  string(22) "elderwhite18@gmail.com"
  ["placa"]=>
  string(7) "Glp9595"
  ["unidade"]=>
  array(1) {
    [0]=>
    string(1) "7"
  }
}

[20/11/2022 10:09:14] Verificando a solicitação...
[20/11/2022 10:09:14] abgsoft-autopark-unimed.php
array(5) {
  ["nome"]=>
  string(20) "darlan barboza cunha"
  ["cpf"]=>
  string(14) "047.463.496-57"
  ["email"]=>
  string(23) "darlancunha00@gmail.com"
  ["placa"]=>
  string(7) "Omh8457"
  ["unidade"]=>
  array(1) {
    [0]=>
    string(1) "7"
  }
}

[20/11/2022 11:30:49] Verificando a solicitação...
[20/11/2022 11:30:49] abgsoft-autopark-unimed.php
array(5) {
  ["nome"]=>
  string(8) "Lidiane "
  ["cpf"]=>
  string(15) "092.438.036-54 "
  ["email"]=>
  string(26) "lidianesilva90@hotmail.com"
  ["placa"]=>
  string(8) "NXZ0977 "
  ["unidade"]=>
  array(1) {
    [0]=>
    string(1) "7"
  }
}

