[22/10/2022 12:32:41] Verificando a solicitação...
[22/10/2022 12:32:41] abgsoft-autopark-unimed.php
array(5) {
  ["nome"]=>
  string(28) "Jefferson Francisco aniceto "
  ["cpf"]=>
  string(11) "05011674630"
  ["email"]=>
  string(24) "vanessaniceto1@gmail.com"
  ["placa"]=>
  string(7) "Ezk6d44"
  ["unidade"]=>
  array(1) {
    [0]=>
    string(1) "2"
  }
}

[22/10/2022 02:36:24] Verificando a solicitação...
[22/10/2022 02:36:24] abgsoft-autopark-unimed.php
array(5) {
  ["nome"]=>
  string(29) "Silvio Marcos Diniz Ferreira "
  ["cpf"]=>
  string(15) "464.773.066-20 "
  ["email"]=>
  string(26) "silviodiniz10@yahoo.com.br"
  ["placa"]=>
  string(7) "Qpy6930"
  ["unidade"]=>
  array(1) {
    [0]=>
    string(1) "5"
  }
}

[22/10/2022 02:36:41] Verificando a solicitação...
[22/10/2022 02:36:41] abgsoft-autopark-unimed.php
array(5) {
  ["nome"]=>
  string(29) "Silvio Marcos Diniz Ferreira "
  ["cpf"]=>
  string(15) "464.773.066-20 "
  ["email"]=>
  string(26) "silviodiniz10@yahoo.com.br"
  ["placa"]=>
  string(7) "Qpy6930"
  ["unidade"]=>
  array(1) {
    [0]=>
    string(1) "5"
  }
}

[22/10/2022 03:23:41] Verificando a solicitação...
[22/10/2022 11:02:48] Verificando a solicitação...
[22/10/2022 11:02:48] abgsoft-autopark-unimed.php
array(5) {
  ["nome"]=>
  string(26) "Ana Paula Guimarães Moura"
  ["cpf"]=>
  string(14) "045.464.576-77"
  ["email"]=>
  string(21) "mourapop@yahoo.com.br"
  ["placa"]=>
  string(7) "Hjb8872"
  ["unidade"]=>
  array(1) {
    [0]=>
    string(1) "3"
  }
}

[22/10/2022 11:04:52] Verificando a solicitação...
[22/10/2022 11:04:52] abgsoft-autopark-unimed.php
array(5) {
  ["nome"]=>
  string(23) "Aline Parreira Martins "
  ["cpf"]=>
  string(11) "09739178650"
  ["email"]=>
  string(25) "aline-martins@hotmail.com"
  ["placa"]=>
  string(7) "Hlg0393"
  ["unidade"]=>
  array(1) {
    [0]=>
    string(1) "7"
  }
}

[22/10/2022 11:05:38] Verificando a solicitação...
[22/10/2022 11:05:38] abgsoft-autopark-unimed.php
array(5) {
  ["nome"]=>
  string(23) "Aline Parreira Martins "
  ["cpf"]=>
  string(11) "09739178650"
  ["email"]=>
  string(25) "aline-martins@hotmail.com"
  ["placa"]=>
  string(7) "Hlg0393"
  ["unidade"]=>
  array(1) {
    [0]=>
    string(1) "7"
  }
}

[22/10/2022 11:14:41] Verificando a solicitação...
[22/10/2022 11:14:41] abgsoft-autopark-unimed.php
array(5) {
  ["nome"]=>
  string(26) "Ronan Petronilho da Silva "
  ["cpf"]=>
  string(11) "05536826603"
  ["email"]=>
  string(25) "ronanpetronilho@gmail.com"
  ["placa"]=>
  string(7) "Owi4696"
  ["unidade"]=>
  array(1) {
    [0]=>
    string(1) "5"
  }
}

[22/10/2022 11:15:21] Verificando a solicitação...
[22/10/2022 11:15:21] abgsoft-autopark-unimed.php
array(5) {
  ["nome"]=>
  string(26) "Ronan Petronilho da Silva "
  ["cpf"]=>
  string(11) "05536826603"
  ["email"]=>
  string(25) "ronanpetronilho@gmail.com"
  ["placa"]=>
  string(7) "OWI4696"
  ["unidade"]=>
  array(1) {
    [0]=>
    string(1) "5"
  }
}

[22/10/2022 12:07:33] Verificando a solicitação...
[22/10/2022 12:07:33] abgsoft-autopark-unimed.php
array(5) {
  ["nome"]=>
  string(27) "WALQUIRIA APARECIDA JUSTINO"
  ["cpf"]=>
  string(14) "073.707.146-08"
  ["email"]=>
  string(27) "walquiria.justino@gmail.com"
  ["placa"]=>
  string(7) "PXO6765"
  ["unidade"]=>
  array(1) {
    [0]=>
    string(1) "7"
  }
}

[22/10/2022 12:36:04] Verificando a solicitação...
[22/10/2022 12:36:04] abgsoft-autopark-unimed.php
array(5) {
  ["nome"]=>
  string(24) "RENATA PATRICIA FERREIRA"
  ["cpf"]=>
  string(11) "09184697679"
  ["email"]=>
  string(23) "renatajabo@yahoo.com.br"
  ["placa"]=>
  string(8) "HLA 3166"
  ["unidade"]=>
  array(1) {
    [0]=>
    string(1) "5"
  }
}

[22/10/2022 12:36:28] Verificando a solicitação...
[22/10/2022 12:36:28] abgsoft-autopark-unimed.php
array(5) {
  ["nome"]=>
  string(24) "RENATA PATRICIA FERREIRA"
  ["cpf"]=>
  string(11) "09184697679"
  ["email"]=>
  string(23) "renatajabo@yahoo.com.br"
  ["placa"]=>
  string(8) "HLA 3166"
  ["unidade"]=>
  array(1) {
    [0]=>
    string(1) "5"
  }
}

[22/10/2022 01:03:10] Verificando a solicitação...
[22/10/2022 01:03:10] abgsoft-autopark-unimed.php
array(5) {
  ["nome"]=>
  string(23) "Rayanne Emanuele Silva "
  ["cpf"]=>
  string(14) "115.553.816-18"
  ["email"]=>
  string(23) "rayanneesilva@gmail.com"
  ["placa"]=>
  string(7) "ONW0G02"
  ["unidade"]=>
  array(1) {
    [0]=>
    string(1) "3"
  }
}

[22/10/2022 03:02:03] Verificando a solicitação...
[22/10/2022 03:02:03] abgsoft-autopark-unimed.php
array(5) {
  ["nome"]=>
  string(26) "Ademir Gonçalves Ribeiro "
  ["cpf"]=>
  string(11) "00387417680"
  ["email"]=>
  string(33) "ademirribeirogoncalves8@gmail.com"
  ["placa"]=>
  string(7) "Hmy4577"
  ["unidade"]=>
  array(1) {
    [0]=>
    string(1) "1"
  }
}

[22/10/2022 03:03:31] Verificando a solicitação...
[22/10/2022 03:03:31] abgsoft-autopark-unimed.php
array(5) {
  ["nome"]=>
  string(25) "Gianna Antônia de Moura "
  ["cpf"]=>
  string(11) "03325119683"
  ["email"]=>
  string(24) "gianna.moura@hotmail.com"
  ["placa"]=>
  string(7) "RTR6H35"
  ["unidade"]=>
  array(1) {
    [0]=>
    string(1) "5"
  }
}

[22/10/2022 03:51:32] Verificando a solicitação...
[22/10/2022 03:51:32] abgsoft-autopark-unimed.php
array(5) {
  ["nome"]=>
  string(29) "Ana Lúcia Cardoso dos Santos"
  ["cpf"]=>
  string(14) "059.790.546-00"
  ["email"]=>
  string(19) "anacsgabi@gmail.com"
  ["placa"]=>
  string(8) "RFP7J86 "
  ["unidade"]=>
  array(1) {
    [0]=>
    string(1) "5"
  }
}

[22/10/2022 03:56:16] Verificando a solicitação...
[22/10/2022 03:56:16] abgsoft-autopark-unimed.php
array(5) {
  ["nome"]=>
  string(30) "luiz gustavo calazans guimarae"
  ["cpf"]=>
  string(11) "81455550604"
  ["email"]=>
  string(25) "luiz.guimar@lwmail.com.br"
  ["placa"]=>
  string(7) "qox9875"
  ["unidade"]=>
  array(1) {
    [0]=>
    string(1) "5"
  }
}

[22/10/2022 03:56:37] Verificando a solicitação...
[22/10/2022 03:56:37] abgsoft-autopark-unimed.php
array(5) {
  ["nome"]=>
  string(30) "luiz gustavo calazans guimarae"
  ["cpf"]=>
  string(11) "81455550604"
  ["email"]=>
  string(25) "luiz.guimar@lwmail.com.br"
  ["placa"]=>
  string(7) "qox9875"
  ["unidade"]=>
  array(1) {
    [0]=>
    string(1) "5"
  }
}

[22/10/2022 04:14:57] Verificando a solicitação...
[22/10/2022 04:14:57] abgsoft-autopark-unimed.php
array(5) {
  ["nome"]=>
  string(26) "Gabriela Moselli Pimentel "
  ["cpf"]=>
  string(11) "12403974617"
  ["email"]=>
  string(25) "mosellipimentel@gmail.com"
  ["placa"]=>
  string(7) "QPH0927"
  ["unidade"]=>
  array(1) {
    [0]=>
    string(1) "4"
  }
}

[22/10/2022 05:16:01] Verificando a solicitação...
[22/10/2022 05:16:01] abgsoft-autopark-unimed.php
array(5) {
  ["nome"]=>
  string(27) "Nilmara Aparecida Guimaraes"
  ["cpf"]=>
  string(14) "088.512.686-65"
  ["email"]=>
  string(29) "nilmaraguimaraes@yahoo.com.br"
  ["placa"]=>
  string(7) "PVL2158"
  ["unidade"]=>
  array(1) {
    [0]=>
    string(1) "7"
  }
}

[22/10/2022 05:46:49] Verificando a solicitação...
[22/10/2022 05:46:49] abgsoft-autopark-unimed.php
array(5) {
  ["nome"]=>
  string(32) "Paulo Henrique Pereira de Moura "
  ["cpf"]=>
  string(11) "05505765688"
  ["email"]=>
  string(20) "ph.pmoura@bol.com.br"
  ["placa"]=>
  string(7) "FLO8339"
  ["unidade"]=>
  array(1) {
    [0]=>
    string(1) "5"
  }
}

[22/10/2022 05:47:17] Verificando a solicitação...
[22/10/2022 05:47:17] abgsoft-autopark-unimed.php
array(5) {
  ["nome"]=>
  string(32) "Paulo Henrique Pereira de Moura "
  ["cpf"]=>
  string(11) "05505765688"
  ["email"]=>
  string(20) "ph.pmoura@bol.com.br"
  ["placa"]=>
  string(7) "FLO8339"
  ["unidade"]=>
  array(1) {
    [0]=>
    string(1) "5"
  }
}

[22/10/2022 06:26:26] Verificando a solicitação...
[22/10/2022 06:26:26] abgsoft-autopark-unimed.php
array(5) {
  ["nome"]=>
  string(25) "Rubia Amaral Ribeiro Leal"
  ["cpf"]=>
  string(11) "01438917589"
  ["email"]=>
  string(21) "rubiaarleal@gmail.com"
  ["placa"]=>
  string(7) "HOI6522"
  ["unidade"]=>
  array(1) {
    [0]=>
    string(1) "2"
  }
}

[22/10/2022 07:16:09] Verificando a solicitação...
[22/10/2022 07:16:09] abgsoft-autopark-unimed.php
array(5) {
  ["nome"]=>
  string(22) "Alvaro Caetano Pereira"
  ["cpf"]=>
  string(14) "123.797.296-54"
  ["email"]=>
  string(23) "alvarorose.ar@gmail.com"
  ["placa"]=>
  string(7) "Hco9801"
  ["unidade"]=>
  array(1) {
    [0]=>
    string(1) "2"
  }
}

[22/10/2022 07:17:01] Verificando a solicitação...
[22/10/2022 07:17:01] abgsoft-autopark-unimed.php
array(5) {
  ["nome"]=>
  string(22) "Alvaro Caetano Pereira"
  ["cpf"]=>
  string(14) "123.797.296-54"
  ["email"]=>
  string(23) "alvarorose.ar@gmail.com"
  ["placa"]=>
  string(7) "Hco9801"
  ["unidade"]=>
  array(1) {
    [0]=>
    string(1) "2"
  }
}

[22/10/2022 07:29:04] Verificando a solicitação...
[22/10/2022 07:29:04] abgsoft-autopark-unimed.php
array(5) {
  ["nome"]=>
  string(31) "luiz gustavo calazans guimaraes"
  ["cpf"]=>
  string(11) "81455550604"
  ["email"]=>
  string(25) "luiz.guimar@lwmail.com.br"
  ["placa"]=>
  string(7) "qox9875"
  ["unidade"]=>
  array(1) {
    [0]=>
    string(1) "5"
  }
}

[22/10/2022 07:29:33] Verificando a solicitação...
[22/10/2022 07:29:33] abgsoft-autopark-unimed.php
array(5) {
  ["nome"]=>
  string(31) "luiz gustavo calazans guimaraes"
  ["cpf"]=>
  string(11) "81455550604"
  ["email"]=>
  string(25) "luiz.guimar@lwmail.com.br"
  ["placa"]=>
  string(7) "qox9875"
  ["unidade"]=>
  array(1) {
    [0]=>
    string(1) "5"
  }
}

[22/10/2022 07:29:49] Verificando a solicitação...
[22/10/2022 07:29:49] abgsoft-autopark-unimed.php
array(5) {
  ["nome"]=>
  string(31) "luiz gustavo calazans guimaraes"
  ["cpf"]=>
  string(11) "81455550604"
  ["email"]=>
  string(25) "luiz.guimar@lwmail.com.br"
  ["placa"]=>
  string(7) "qox9875"
  ["unidade"]=>
  array(1) {
    [0]=>
    string(1) "5"
  }
}

[22/10/2022 07:30:30] Verificando a solicitação...
[22/10/2022 07:30:30] abgsoft-autopark-unimed.php
array(5) {
  ["nome"]=>
  string(22) "Natália Martins Neves"
  ["cpf"]=>
  string(14) "108.093.306-95"
  ["email"]=>
  string(28) "nataliamartinsne90@gmail.com"
  ["placa"]=>
  string(7) "HLH9787"
  ["unidade"]=>
  array(1) {
    [0]=>
    string(1) "7"
  }
}

[22/10/2022 07:51:35] Verificando a solicitação...
[22/10/2022 07:51:35] abgsoft-autopark-unimed.php
array(5) {
  ["nome"]=>
  string(33) "Barbara Viviane Ferreira Batista "
  ["cpf"]=>
  string(11) "04994564671"
  ["email"]=>
  string(19) "babipax@hotmail.com"
  ["placa"]=>
  string(7) "Hld0875"
  ["unidade"]=>
  array(1) {
    [0]=>
    string(1) "7"
  }
}

[22/10/2022 07:53:20] Verificando a solicitação...
[22/10/2022 07:53:20] abgsoft-autopark-unimed.php
array(5) {
  ["nome"]=>
  string(24) "Edmar da silva Ferreira "
  ["cpf"]=>
  string(15) "127.856.756-90 "
  ["email"]=>
  string(22) "Edmarilva200@gmail.com"
  ["placa"]=>
  string(8) "Qwu0e15 "
  ["unidade"]=>
  array(1) {
    [0]=>
    string(1) "5"
  }
}

[22/10/2022 09:24:27] Verificando a solicitação...
[22/10/2022 09:24:27] abgsoft-autopark-unimed.php
array(5) {
  ["nome"]=>
  string(30) "aurea lucia de sousa alvarenga"
  ["cpf"]=>
  string(14) "546.659.306-00"
  ["email"]=>
  string(19) "alsalux@hotmail.com"
  ["placa"]=>
  string(7) "QOZ6112"
  ["unidade"]=>
  array(1) {
    [0]=>
    string(1) "5"
  }
}

[22/10/2022 09:24:45] Verificando a solicitação...
[22/10/2022 09:24:45] abgsoft-autopark-unimed.php
array(5) {
  ["nome"]=>
  string(30) "aurea lucia de sousa alvarenga"
  ["cpf"]=>
  string(14) "546.659.306-00"
  ["email"]=>
  string(19) "alsalux@hotmail.com"
  ["placa"]=>
  string(7) "QOZ6112"
  ["unidade"]=>
  array(1) {
    [0]=>
    string(1) "5"
  }
}

[22/10/2022 09:29:14] Verificando a solicitação...
[22/10/2022 09:29:14] abgsoft-autopark-unimed.php
array(5) {
  ["nome"]=>
  string(30) "aurea lucia de sousa alvarenga"
  ["cpf"]=>
  string(14) "546.659.306-00"
  ["email"]=>
  string(19) "alsalux@hotmail.com"
  ["placa"]=>
  string(7) "QOZ6112"
  ["unidade"]=>
  array(1) {
    [0]=>
    string(1) "5"
  }
}

[22/10/2022 10:09:23] Verificando a solicitação...
[22/10/2022 10:09:23] abgsoft-autopark-unimed.php
array(5) {
  ["nome"]=>
  string(35) "Douglas Rodrigues de Aguiar Moraes "
  ["cpf"]=>
  string(11) "07992082648"
  ["email"]=>
  string(23) "douglas.bin@hotmail.com"
  ["placa"]=>
  string(7) "PYG0F91"
  ["unidade"]=>
  array(1) {
    [0]=>
    string(1) "5"
  }
}

[22/10/2022 11:05:33] Verificando a solicitação...
[22/10/2022 11:05:33] abgsoft-autopark-unimed.php
array(5) {
  ["nome"]=>
  string(25) "Bruno Aparecido do Carmo "
  ["cpf"]=>
  string(11) "06729078600"
  ["email"]=>
  string(21) "bac.carmo@hotmail.com"
  ["placa"]=>
  string(7) "OPW1803"
  ["unidade"]=>
  array(1) {
    [0]=>
    string(1) "7"
  }
}

[22/10/2022 11:33:00] Verificando a solicitação...
[22/10/2022 11:33:00] abgsoft-autopark-unimed.php
array(5) {
  ["nome"]=>
  string(27) "Geraldo  Antônio  Bertolo "
  ["cpf"]=>
  string(14) "972 496 296 20"
  ["email"]=>
  string(29) "cristinafernandes76@yahoo.com"
  ["placa"]=>
  string(8) "HGB 2138"
  ["unidade"]=>
  array(1) {
    [0]=>
    string(1) "2"
  }
}

[22/10/2022 11:33:27] Verificando a solicitação...
[22/10/2022 11:33:27] abgsoft-autopark-unimed.php
array(5) {
  ["nome"]=>
  string(27) "Geraldo  Antônio  Bertolo "
  ["cpf"]=>
  string(14) "972 496 296 20"
  ["email"]=>
  string(29) "cristinafernandes76@yahoo.com"
  ["placa"]=>
  string(8) "HGB 2138"
  ["unidade"]=>
  array(1) {
    [0]=>
    string(1) "2"
  }
}

