[26/11/2022 10:25:22] Verificando a solicitação...
[26/11/2022 10:25:22] abgsoft-autopark-unimed.php
array(5) {
  ["nome"]=>
  string(23) "WALISON FLÁVIO COELHO "
  ["cpf"]=>
  string(11) "08288148646"
  ["email"]=>
  string(29) "walisonflaviocoelho@gmail.com"
  ["placa"]=>
  string(8) "AIE 6I89"
  ["unidade"]=>
  array(1) {
    [0]=>
    string(1) "5"
  }
}

[26/11/2022 10:46:00] Verificando a solicitação...
[26/11/2022 10:46:00] abgsoft-autopark-unimed.php
array(5) {
  ["nome"]=>
  string(22) "DIEGO FERREIRA FONSECA"
  ["cpf"]=>
  string(14) "086.734.776-70"
  ["email"]=>
  string(21) "diego.ff1@hotmail.com"
  ["placa"]=>
  string(7) "OMF2E94"
  ["unidade"]=>
  array(1) {
    [0]=>
    string(1) "7"
  }
}

[26/11/2022 10:59:24] Verificando a solicitação...
[26/11/2022 10:59:24] abgsoft-autopark-unimed.php
array(5) {
  ["nome"]=>
  string(17) "Cinthia Oliveira "
  ["cpf"]=>
  string(11) "09187523612"
  ["email"]=>
  string(21) "cikademaria@gmail.com"
  ["placa"]=>
  string(7) "NYB5001"
  ["unidade"]=>
  array(1) {
    [0]=>
    string(1) "5"
  }
}

[26/11/2022 11:18:12] Verificando a solicitação...
[26/11/2022 11:18:12] abgsoft-autopark-unimed.php
array(5) {
  ["nome"]=>
  string(22) "Evaldo Avelar Marques "
  ["cpf"]=>
  string(11) "07384088674"
  ["email"]=>
  string(22) "evaldoavelar@gmail.com"
  ["placa"]=>
  string(7) "Hln2324"
  ["unidade"]=>
  array(1) {
    [0]=>
    string(1) "5"
  }
}

[26/11/2022 11:57:19] Verificando a solicitação...
[26/11/2022 11:57:19] abgsoft-autopark-unimed.php
array(5) {
  ["nome"]=>
  string(23) "Aline Parreira Martins "
  ["cpf"]=>
  string(11) "09739178650"
  ["email"]=>
  string(25) "aline-martins@hotmail.com"
  ["placa"]=>
  string(7) "Hlg0393"
  ["unidade"]=>
  array(1) {
    [0]=>
    string(1) "7"
  }
}

[26/11/2022 12:09:11] Verificando a solicitação...
[26/11/2022 12:09:11] abgsoft-autopark-unimed.php
array(5) {
  ["nome"]=>
  string(26) "ELENIR GANDA FRAGA RIBEIRO"
  ["cpf"]=>
  string(11) "04175027610"
  ["email"]=>
  string(26) "elenirgandafraga@gmail.com"
  ["placa"]=>
  string(7) "RNU4D33"
  ["unidade"]=>
  array(1) {
    [0]=>
    string(1) "2"
  }
}

[26/11/2022 12:23:57] Verificando a solicitação...
[26/11/2022 12:23:57] abgsoft-autopark-unimed.php
array(5) {
  ["nome"]=>
  string(24) "Cristiano Muniz Caldeira"
  ["cpf"]=>
  string(14) "039.057.416-36"
  ["email"]=>
  string(30) "cristiano.m.caldeira@gmail.com"
  ["placa"]=>
  string(7) "NWS3H71"
  ["unidade"]=>
  array(1) {
    [0]=>
    string(1) "5"
  }
}

[26/11/2022 01:02:02] Verificando a solicitação...
[26/11/2022 01:02:02] abgsoft-autopark-unimed.php
array(5) {
  ["nome"]=>
  string(26) "Arlene dos Santos Barbosa "
  ["cpf"]=>
  string(11) "10670015652"
  ["email"]=>
  string(21) "arllenesb@hotmail.com"
  ["placa"]=>
  string(7) "Hnt1i02"
  ["unidade"]=>
  array(1) {
    [0]=>
    string(1) "7"
  }
}

[26/11/2022 01:15:45] Verificando a solicitação...
[26/11/2022 01:15:45] abgsoft-autopark-unimed.php
array(5) {
  ["nome"]=>
  string(18) "Lucimara de Souza "
  ["cpf"]=>
  string(14) "075.223.016-61"
  ["email"]=>
  string(27) "lucimara.souza.bh@gmail.com"
  ["placa"]=>
  string(7) "Rne7f79"
  ["unidade"]=>
  array(1) {
    [0]=>
    string(1) "7"
  }
}

[26/11/2022 01:38:18] Verificando a solicitação...
[26/11/2022 01:38:18] abgsoft-autopark-unimed.php
array(5) {
  ["nome"]=>
  string(20) "Eduardo Santos Matos"
  ["cpf"]=>
  string(14) "569.865.136-15"
  ["email"]=>
  string(20) "astroria64@gmail.com"
  ["placa"]=>
  string(7) "HOJ2069"
  ["unidade"]=>
  array(1) {
    [0]=>
    string(1) "7"
  }
}

[26/11/2022 01:42:39] Verificando a solicitação...
[26/11/2022 01:42:39] abgsoft-autopark-unimed.php
array(5) {
  ["nome"]=>
  string(37) "Liciene Aparecida Gonçalves Ferreira"
  ["cpf"]=>
  string(14) "071.801.656-46"
  ["email"]=>
  string(18) "licienef@gmail.com"
  ["placa"]=>
  string(7) "OMF2E94"
  ["unidade"]=>
  array(1) {
    [0]=>
    string(1) "7"
  }
}

[26/11/2022 01:48:50] Verificando a solicitação...
[26/11/2022 01:48:50] abgsoft-autopark-unimed.php
array(5) {
  ["nome"]=>
  string(27) "LUCAS GONCALVES DE OLIVEIRA"
  ["cpf"]=>
  string(14) "103.591.216-32"
  ["email"]=>
  string(26) "lucas.amarelo@yahoo.com.br"
  ["placa"]=>
  string(7) "OQl4830"
  ["unidade"]=>
  array(1) {
    [0]=>
    string(1) "2"
  }
}

[26/11/2022 02:07:50] Verificando a solicitação...
[26/11/2022 02:07:50] abgsoft-autopark-unimed.php
array(5) {
  ["nome"]=>
  string(27) "Patrícia Ferreira Pereira "
  ["cpf"]=>
  string(11) "86492055691"
  ["email"]=>
  string(24) "patricia@conartes.com.br"
  ["placa"]=>
  string(8) "GXG 3184"
  ["unidade"]=>
  array(1) {
    [0]=>
    string(1) "3"
  }
}

[26/11/2022 02:08:56] Verificando a solicitação...
[26/11/2022 02:08:56] abgsoft-autopark-unimed.php
array(5) {
  ["nome"]=>
  string(22) "Maria Avenir Teixeira "
  ["cpf"]=>
  string(11) "61640166653"
  ["email"]=>
  string(25) "avenir.teixeira@gmail.com"
  ["placa"]=>
  string(7) "QPU4F48"
  ["unidade"]=>
  array(1) {
    [0]=>
    string(1) "3"
  }
}

[26/11/2022 02:19:49] Verificando a solicitação...
[26/11/2022 02:19:49] abgsoft-autopark-unimed.php
array(5) {
  ["nome"]=>
  string(14) "Ronaldo Coelho"
  ["cpf"]=>
  string(14) "317.144.206-04"
  ["email"]=>
  string(23) "ron.coelho@yahoo.com.br"
  ["placa"]=>
  string(7) "RFQ7G07"
  ["unidade"]=>
  array(1) {
    [0]=>
    string(1) "5"
  }
}

[26/11/2022 02:29:42] Verificando a solicitação...
[26/11/2022 02:29:42] abgsoft-autopark-unimed.php
array(5) {
  ["nome"]=>
  string(21) "JOCAMEA Coelho Neves "
  ["cpf"]=>
  string(11) "07135384652"
  ["email"]=>
  string(25) "jozinha_ellen@hotmail.com"
  ["placa"]=>
  string(7) "Hlu6321"
  ["unidade"]=>
  array(1) {
    [0]=>
    string(1) "2"
  }
}

[26/11/2022 02:35:31] Verificando a solicitação...
[26/11/2022 02:35:31] abgsoft-autopark-unimed.php
array(5) {
  ["nome"]=>
  string(16) "ROGERIO WATANABE"
  ["cpf"]=>
  string(11) "41957725672"
  ["email"]=>
  string(26) "watanabe.rogerio@gmail.com"
  ["placa"]=>
  string(7) "NXY8066"
  ["unidade"]=>
  array(1) {
    [0]=>
    string(1) "2"
  }
}

[26/11/2022 02:36:30] Verificando a solicitação...
[26/11/2022 02:36:30] abgsoft-autopark-unimed.php
array(5) {
  ["nome"]=>
  string(9) "Margareth"
  ["cpf"]=>
  string(11) "98815822615"
  ["email"]=>
  string(22) "amagaandrade@gmail.com"
  ["placa"]=>
  string(7) "QMQ3507"
  ["unidade"]=>
  array(1) {
    [0]=>
    string(1) "7"
  }
}

[26/11/2022 04:07:40] Verificando a solicitação...
[26/11/2022 04:07:40] abgsoft-autopark-unimed.php
array(5) {
  ["nome"]=>
  string(19) "Vinicius Lara Ramos"
  ["cpf"]=>
  string(11) "06685493607"
  ["email"]=>
  string(26) "vinicius_ramos@hotmail.com"
  ["placa"]=>
  string(7) "PWD7432"
  ["unidade"]=>
  array(1) {
    [0]=>
    string(1) "5"
  }
}

[26/11/2022 04:33:22] Verificando a solicitação...
[26/11/2022 04:57:34] Verificando a solicitação...
[26/11/2022 04:57:34] abgsoft-autopark-unimed.php
array(5) {
  ["nome"]=>
  string(12) "Sandra Bathe"
  ["cpf"]=>
  string(11) "11127190830"
  ["email"]=>
  string(21) "sandrabathe@gmail.com"
  ["placa"]=>
  string(8) "Pzz 2219"
  ["unidade"]=>
  array(1) {
    [0]=>
    string(1) "4"
  }
}

[26/11/2022 05:11:39] Verificando a solicitação...
[26/11/2022 05:11:39] abgsoft-autopark-unimed.php
array(5) {
  ["nome"]=>
  string(29) "Anna Flávia Botelho Siqueira"
  ["cpf"]=>
  string(14) "014.519.146-01"
  ["email"]=>
  string(20) "annaflor@outlook.com"
  ["placa"]=>
  string(7) "HLN6097"
  ["unidade"]=>
  array(1) {
    [0]=>
    string(1) "5"
  }
}

[26/11/2022 05:47:24] Verificando a solicitação...
[26/11/2022 06:10:23] Verificando a solicitação...
[26/11/2022 06:10:23] abgsoft-autopark-unimed.php
array(5) {
  ["nome"]=>
  string(36) "Márcia Maria Pinto de Moura Barros "
  ["cpf"]=>
  string(11) "22774742668"
  ["email"]=>
  string(29) "marciamariabarros02@gmail.com"
  ["placa"]=>
  string(7) "SHB1A01"
  ["unidade"]=>
  array(1) {
    [0]=>
    string(1) "7"
  }
}

[26/11/2022 06:38:03] Verificando a solicitação...
[26/11/2022 06:38:03] abgsoft-autopark-unimed.php
array(5) {
  ["nome"]=>
  string(25) "Deisiele Rosane de S Sena"
  ["cpf"]=>
  string(15) "039.648.746-71 "
  ["email"]=>
  string(24) "deisielerosane@gmail.com"
  ["placa"]=>
  string(7) "Hgp3650"
  ["unidade"]=>
  array(1) {
    [0]=>
    string(1) "5"
  }
}

[26/11/2022 07:43:54] Verificando a solicitação...
[26/11/2022 07:43:54] abgsoft-autopark-unimed.php
array(5) {
  ["nome"]=>
  string(26) "Celso Messias de Oliveira "
  ["cpf"]=>
  string(14) "619.429.366-72"
  ["email"]=>
  string(22) "cemeofilo@yahoo.com.br"
  ["placa"]=>
  string(7) "HNO5028"
  ["unidade"]=>
  array(1) {
    [0]=>
    string(1) "7"
  }
}

[26/11/2022 09:36:57] Verificando a solicitação...
[26/11/2022 09:36:57] abgsoft-autopark-unimed.php
array(5) {
  ["nome"]=>
  string(18) "GERMANO ALEX ALVES"
  ["cpf"]=>
  string(14) "537.715.406-15"
  ["email"]=>
  string(29) "germanoalexalves@yahoo.com.br"
  ["placa"]=>
  string(7) "GYO4606"
  ["unidade"]=>
  array(1) {
    [0]=>
    string(1) "5"
  }
}

