[06/09/2022 12:13:49] Verificando a solicitação...
[06/09/2022 12:13:49] abgsoft-autopark-unimed.php
array(16) {
  ["_wpcf7"]=>
  string(4) "1703"
  ["_wpcf7_version"]=>
  string(5) "5.1.7"
  ["_wpcf7_locale"]=>
  string(5) "pt_BR"
  ["_wpcf7_unit_tag"]=>
  string(20) "wpcf7-f1703-p1524-o1"
  ["_wpcf7_container_post"]=>
  string(4) "1524"
  ["_wpcf7cf_hidden_group_fields"]=>
  string(2) "[]"
  ["_wpcf7cf_hidden_groups"]=>
  string(2) "[]"
  ["_wpcf7cf_visible_groups"]=>
  string(2) "[]"
  ["_wpcf7cf_repeaters"]=>
  string(2) "[]"
  ["_wpcf7cf_steps"]=>
  string(2) "{}"
  ["_wpcf7cf_options"]=>
  string(223) "{\"form_id\":1703,\"conditions\":[],\"settings\":{\"animation\":\"yes\",\"animation_intime\":200,\"animation_outtime\":200,\"conditions_ui\":\"normal\",\"notice_dismissed\":false,\"notice_dismissed_update-cf7-5.5.6\":true}}"
  ["nome"]=>
  string(12) "Valter padua"
  ["cpf"]=>
  string(11) "04526101680"
  ["email"]=>
  string(24) "valterpaduaadv@gmail.com"
  ["placa"]=>
  string(8) "RTM-3J57"
  ["unidade"]=>
  string(1) "5"
}

[06/09/2022 01:12:39] Verificando a solicitação...
[06/09/2022 01:12:39] abgsoft-autopark-unimed.php
array(16) {
  ["_wpcf7"]=>
  string(4) "1703"
  ["_wpcf7_version"]=>
  string(5) "5.1.7"
  ["_wpcf7_locale"]=>
  string(5) "pt_BR"
  ["_wpcf7_unit_tag"]=>
  string(20) "wpcf7-f1703-p1524-o1"
  ["_wpcf7_container_post"]=>
  string(4) "1524"
  ["_wpcf7cf_hidden_group_fields"]=>
  string(2) "[]"
  ["_wpcf7cf_hidden_groups"]=>
  string(2) "[]"
  ["_wpcf7cf_visible_groups"]=>
  string(2) "[]"
  ["_wpcf7cf_repeaters"]=>
  string(2) "[]"
  ["_wpcf7cf_steps"]=>
  string(2) "{}"
  ["_wpcf7cf_options"]=>
  string(223) "{\"form_id\":1703,\"conditions\":[],\"settings\":{\"animation\":\"yes\",\"animation_intime\":200,\"animation_outtime\":200,\"conditions_ui\":\"normal\",\"notice_dismissed\":false,\"notice_dismissed_update-cf7-5.5.6\":true}}"
  ["nome"]=>
  string(26) "Marco Antônio Gaudêncio "
  ["cpf"]=>
  string(11) "07230824648"
  ["email"]=>
  string(22) "marco_gaud@hotmail.com"
  ["placa"]=>
  string(7) "Hne4018"
  ["unidade"]=>
  string(1) "5"
}

[06/09/2022 01:15:42] Verificando a solicitação...
[06/09/2022 01:15:42] abgsoft-autopark-unimed.php
array(16) {
  ["_wpcf7"]=>
  string(4) "1703"
  ["_wpcf7_version"]=>
  string(5) "5.1.7"
  ["_wpcf7_locale"]=>
  string(5) "pt_BR"
  ["_wpcf7_unit_tag"]=>
  string(20) "wpcf7-f1703-p1524-o1"
  ["_wpcf7_container_post"]=>
  string(4) "1524"
  ["_wpcf7cf_hidden_group_fields"]=>
  string(2) "[]"
  ["_wpcf7cf_hidden_groups"]=>
  string(2) "[]"
  ["_wpcf7cf_visible_groups"]=>
  string(2) "[]"
  ["_wpcf7cf_repeaters"]=>
  string(2) "[]"
  ["_wpcf7cf_steps"]=>
  string(2) "{}"
  ["_wpcf7cf_options"]=>
  string(223) "{\"form_id\":1703,\"conditions\":[],\"settings\":{\"animation\":\"yes\",\"animation_intime\":200,\"animation_outtime\":200,\"conditions_ui\":\"normal\",\"notice_dismissed\":false,\"notice_dismissed_update-cf7-5.5.6\":true}}"
  ["nome"]=>
  string(23) "JANETE SOARES RODRIGUES"
  ["cpf"]=>
  string(14) "762.398.886-72"
  ["email"]=>
  string(20) "jansofer@hotmail.com"
  ["placa"]=>
  string(8) "OWK4907 "
  ["unidade"]=>
  string(1) "4"
}

[06/09/2022 02:22:26] Verificando a solicitação...
[06/09/2022 02:22:26] abgsoft-autopark-unimed.php
array(16) {
  ["_wpcf7"]=>
  string(4) "1703"
  ["_wpcf7_version"]=>
  string(5) "5.1.7"
  ["_wpcf7_locale"]=>
  string(5) "pt_BR"
  ["_wpcf7_unit_tag"]=>
  string(20) "wpcf7-f1703-p1524-o1"
  ["_wpcf7_container_post"]=>
  string(4) "1524"
  ["_wpcf7cf_hidden_group_fields"]=>
  string(2) "[]"
  ["_wpcf7cf_hidden_groups"]=>
  string(2) "[]"
  ["_wpcf7cf_visible_groups"]=>
  string(2) "[]"
  ["_wpcf7cf_repeaters"]=>
  string(2) "[]"
  ["_wpcf7cf_steps"]=>
  string(2) "{}"
  ["_wpcf7cf_options"]=>
  string(223) "{\"form_id\":1703,\"conditions\":[],\"settings\":{\"animation\":\"yes\",\"animation_intime\":200,\"animation_outtime\":200,\"conditions_ui\":\"normal\",\"notice_dismissed\":false,\"notice_dismissed_update-cf7-5.5.6\":true}}"
  ["nome"]=>
  string(21) "Victor de Lima Costa "
  ["cpf"]=>
  string(14) "959.894.716-53"
  ["email"]=>
  string(20) "vlcfisio72@gmail.com"
  ["placa"]=>
  string(7) "PVG6804"
  ["unidade"]=>
  string(1) "5"
}

[06/09/2022 02:44:00] Verificando a solicitação...
[06/09/2022 02:44:00] abgsoft-autopark-unimed.php
array(16) {
  ["_wpcf7"]=>
  string(4) "1703"
  ["_wpcf7_version"]=>
  string(5) "5.1.7"
  ["_wpcf7_locale"]=>
  string(5) "pt_BR"
  ["_wpcf7_unit_tag"]=>
  string(20) "wpcf7-f1703-p1524-o1"
  ["_wpcf7_container_post"]=>
  string(4) "1524"
  ["_wpcf7cf_hidden_group_fields"]=>
  string(2) "[]"
  ["_wpcf7cf_hidden_groups"]=>
  string(2) "[]"
  ["_wpcf7cf_visible_groups"]=>
  string(2) "[]"
  ["_wpcf7cf_repeaters"]=>
  string(2) "[]"
  ["_wpcf7cf_steps"]=>
  string(2) "{}"
  ["_wpcf7cf_options"]=>
  string(223) "{\"form_id\":1703,\"conditions\":[],\"settings\":{\"animation\":\"yes\",\"animation_intime\":200,\"animation_outtime\":200,\"conditions_ui\":\"normal\",\"notice_dismissed\":false,\"notice_dismissed_update-cf7-5.5.6\":true}}"
  ["nome"]=>
  string(22) "Luis carlos de almeida"
  ["cpf"]=>
  string(14) "041.777.106-10"
  ["email"]=>
  string(31) "luiscarlosalmeida.388@gmail.com"
  ["placa"]=>
  string(7) "Olt0326"
  ["unidade"]=>
  string(1) "5"
}

[06/09/2022 03:06:49] Verificando a solicitação...
[06/09/2022 03:54:04] Verificando a solicitação...
[06/09/2022 03:54:04] abgsoft-autopark-unimed.php
array(16) {
  ["_wpcf7"]=>
  string(4) "1703"
  ["_wpcf7_version"]=>
  string(5) "5.1.7"
  ["_wpcf7_locale"]=>
  string(5) "pt_BR"
  ["_wpcf7_unit_tag"]=>
  string(20) "wpcf7-f1703-p1524-o1"
  ["_wpcf7_container_post"]=>
  string(4) "1524"
  ["_wpcf7cf_hidden_group_fields"]=>
  string(2) "[]"
  ["_wpcf7cf_hidden_groups"]=>
  string(2) "[]"
  ["_wpcf7cf_visible_groups"]=>
  string(2) "[]"
  ["_wpcf7cf_repeaters"]=>
  string(2) "[]"
  ["_wpcf7cf_steps"]=>
  string(2) "{}"
  ["_wpcf7cf_options"]=>
  string(223) "{\"form_id\":1703,\"conditions\":[],\"settings\":{\"animation\":\"yes\",\"animation_intime\":200,\"animation_outtime\":200,\"conditions_ui\":\"normal\",\"notice_dismissed\":false,\"notice_dismissed_update-cf7-5.5.6\":true}}"
  ["nome"]=>
  string(29) "Maria Cristina Gomes Tavares "
  ["cpf"]=>
  string(11) "05878281619"
  ["email"]=>
  string(22) "crisgtavares@gmail.com"
  ["placa"]=>
  string(7) "QXR3G80"
  ["unidade"]=>
  string(1) "5"
}

[06/09/2022 05:22:25] Verificando a solicitação...
[06/09/2022 08:25:02] Verificando a solicitação...
[06/09/2022 09:50:16] Verificando a solicitação...
[06/09/2022 09:50:16] abgsoft-autopark-unimed.php
array(16) {
  ["_wpcf7"]=>
  string(4) "1703"
  ["_wpcf7_version"]=>
  string(5) "5.1.7"
  ["_wpcf7_locale"]=>
  string(5) "pt_BR"
  ["_wpcf7_unit_tag"]=>
  string(20) "wpcf7-f1703-p1524-o1"
  ["_wpcf7_container_post"]=>
  string(4) "1524"
  ["_wpcf7cf_hidden_group_fields"]=>
  string(2) "[]"
  ["_wpcf7cf_hidden_groups"]=>
  string(2) "[]"
  ["_wpcf7cf_visible_groups"]=>
  string(2) "[]"
  ["_wpcf7cf_repeaters"]=>
  string(2) "[]"
  ["_wpcf7cf_steps"]=>
  string(2) "{}"
  ["_wpcf7cf_options"]=>
  string(223) "{\"form_id\":1703,\"conditions\":[],\"settings\":{\"animation\":\"yes\",\"animation_intime\":200,\"animation_outtime\":200,\"conditions_ui\":\"normal\",\"notice_dismissed\":false,\"notice_dismissed_update-cf7-5.5.6\":true}}"
  ["nome"]=>
  string(29) "José Ferreira Coelho Júnior"
  ["cpf"]=>
  string(11) "54955955649"
  ["email"]=>
  string(30) "ferreiracoelhojunior@gmail.com"
  ["placa"]=>
  string(7) "Omg3351"
  ["unidade"]=>
  string(1) "7"
}

[06/09/2022 10:41:40] Verificando a solicitação...
[06/09/2022 10:41:40] abgsoft-autopark-unimed.php
array(16) {
  ["_wpcf7"]=>
  string(4) "1703"
  ["_wpcf7_version"]=>
  string(5) "5.1.7"
  ["_wpcf7_locale"]=>
  string(5) "pt_BR"
  ["_wpcf7_unit_tag"]=>
  string(20) "wpcf7-f1703-p1524-o1"
  ["_wpcf7_container_post"]=>
  string(4) "1524"
  ["_wpcf7cf_hidden_group_fields"]=>
  string(2) "[]"
  ["_wpcf7cf_hidden_groups"]=>
  string(2) "[]"
  ["_wpcf7cf_visible_groups"]=>
  string(2) "[]"
  ["_wpcf7cf_repeaters"]=>
  string(2) "[]"
  ["_wpcf7cf_steps"]=>
  string(2) "{}"
  ["_wpcf7cf_options"]=>
  string(223) "{\"form_id\":1703,\"conditions\":[],\"settings\":{\"animation\":\"yes\",\"animation_intime\":200,\"animation_outtime\":200,\"conditions_ui\":\"normal\",\"notice_dismissed\":false,\"notice_dismissed_update-cf7-5.5.6\":true}}"
  ["nome"]=>
  string(28) "Paulo Cesar Oliveira Calixto"
  ["cpf"]=>
  string(14) "097.589.086-77"
  ["email"]=>
  string(21) "paulinhoocx@gmail.com"
  ["placa"]=>
  string(7) "OWO4207"
  ["unidade"]=>
  string(1) "7"
}

[06/09/2022 11:23:22] Verificando a solicitação...
[06/09/2022 11:23:22] abgsoft-autopark-unimed.php
array(16) {
  ["_wpcf7"]=>
  string(4) "1703"
  ["_wpcf7_version"]=>
  string(5) "5.1.7"
  ["_wpcf7_locale"]=>
  string(5) "pt_BR"
  ["_wpcf7_unit_tag"]=>
  string(20) "wpcf7-f1703-p1524-o1"
  ["_wpcf7_container_post"]=>
  string(4) "1524"
  ["_wpcf7cf_hidden_group_fields"]=>
  string(2) "[]"
  ["_wpcf7cf_hidden_groups"]=>
  string(2) "[]"
  ["_wpcf7cf_visible_groups"]=>
  string(2) "[]"
  ["_wpcf7cf_repeaters"]=>
  string(2) "[]"
  ["_wpcf7cf_steps"]=>
  string(2) "{}"
  ["_wpcf7cf_options"]=>
  string(223) "{\"form_id\":1703,\"conditions\":[],\"settings\":{\"animation\":\"yes\",\"animation_intime\":200,\"animation_outtime\":200,\"conditions_ui\":\"normal\",\"notice_dismissed\":false,\"notice_dismissed_update-cf7-5.5.6\":true}}"
  ["nome"]=>
  string(32) "Maurício Reis Masculino Júnior"
  ["cpf"]=>
  string(14) "005.177.386-43"
  ["email"]=>
  string(28) "mauricioreis515256@gmail.com"
  ["placa"]=>
  string(7) "NWF9463"
  ["unidade"]=>
  string(1) "7"
}

[06/09/2022 11:24:48] Verificando a solicitação...
[06/09/2022 11:24:48] abgsoft-autopark-unimed.php
array(16) {
  ["_wpcf7"]=>
  string(4) "1703"
  ["_wpcf7_version"]=>
  string(5) "5.1.7"
  ["_wpcf7_locale"]=>
  string(5) "pt_BR"
  ["_wpcf7_unit_tag"]=>
  string(20) "wpcf7-f1703-p1524-o1"
  ["_wpcf7_container_post"]=>
  string(4) "1524"
  ["_wpcf7cf_hidden_group_fields"]=>
  string(2) "[]"
  ["_wpcf7cf_hidden_groups"]=>
  string(2) "[]"
  ["_wpcf7cf_visible_groups"]=>
  string(2) "[]"
  ["_wpcf7cf_repeaters"]=>
  string(2) "[]"
  ["_wpcf7cf_steps"]=>
  string(2) "{}"
  ["_wpcf7cf_options"]=>
  string(223) "{\"form_id\":1703,\"conditions\":[],\"settings\":{\"animation\":\"yes\",\"animation_intime\":200,\"animation_outtime\":200,\"conditions_ui\":\"normal\",\"notice_dismissed\":false,\"notice_dismissed_update-cf7-5.5.6\":true}}"
  ["nome"]=>
  string(25) "Wellington Luiz Teixeira "
  ["cpf"]=>
  string(11) "04084041670"
  ["email"]=>
  string(26) "lutei.wellington@gmail.com"
  ["placa"]=>
  string(8) "HJP8A48 "
  ["unidade"]=>
  string(1) "5"
}

[06/09/2022 11:24:59] Verificando a solicitação...
[06/09/2022 11:24:59] abgsoft-autopark-unimed.php
array(16) {
  ["_wpcf7"]=>
  string(4) "1703"
  ["_wpcf7_version"]=>
  string(5) "5.1.7"
  ["_wpcf7_locale"]=>
  string(5) "pt_BR"
  ["_wpcf7_unit_tag"]=>
  string(20) "wpcf7-f1703-p1524-o1"
  ["_wpcf7_container_post"]=>
  string(4) "1524"
  ["_wpcf7cf_hidden_group_fields"]=>
  string(2) "[]"
  ["_wpcf7cf_hidden_groups"]=>
  string(2) "[]"
  ["_wpcf7cf_visible_groups"]=>
  string(2) "[]"
  ["_wpcf7cf_repeaters"]=>
  string(2) "[]"
  ["_wpcf7cf_steps"]=>
  string(2) "{}"
  ["_wpcf7cf_options"]=>
  string(223) "{\"form_id\":1703,\"conditions\":[],\"settings\":{\"animation\":\"yes\",\"animation_intime\":200,\"animation_outtime\":200,\"conditions_ui\":\"normal\",\"notice_dismissed\":false,\"notice_dismissed_update-cf7-5.5.6\":true}}"
  ["nome"]=>
  string(16) "Jardel A S Silva"
  ["cpf"]=>
  string(11) "05884265638"
  ["email"]=>
  string(28) "jardelandrade23@yahoo.com.br"
  ["placa"]=>
  string(7) "Hgf2863"
  ["unidade"]=>
  string(1) "4"
}

[06/09/2022 11:24:59] Verificando a solicitação...
[06/09/2022 11:24:59] abgsoft-autopark-unimed.php
array(16) {
  ["_wpcf7"]=>
  string(4) "1703"
  ["_wpcf7_version"]=>
  string(5) "5.1.7"
  ["_wpcf7_locale"]=>
  string(5) "pt_BR"
  ["_wpcf7_unit_tag"]=>
  string(20) "wpcf7-f1703-p1524-o1"
  ["_wpcf7_container_post"]=>
  string(4) "1524"
  ["_wpcf7cf_hidden_group_fields"]=>
  string(2) "[]"
  ["_wpcf7cf_hidden_groups"]=>
  string(2) "[]"
  ["_wpcf7cf_visible_groups"]=>
  string(2) "[]"
  ["_wpcf7cf_repeaters"]=>
  string(2) "[]"
  ["_wpcf7cf_steps"]=>
  string(2) "{}"
  ["_wpcf7cf_options"]=>
  string(223) "{\"form_id\":1703,\"conditions\":[],\"settings\":{\"animation\":\"yes\",\"animation_intime\":200,\"animation_outtime\":200,\"conditions_ui\":\"normal\",\"notice_dismissed\":false,\"notice_dismissed_update-cf7-5.5.6\":true}}"
  ["nome"]=>
  string(16) "Jardel A S Silva"
  ["cpf"]=>
  string(11) "05884265638"
  ["email"]=>
  string(28) "jardelandrade23@yahoo.com.br"
  ["placa"]=>
  string(7) "Hgf2863"
  ["unidade"]=>
  string(1) "4"
}

[06/09/2022 11:49:39] Verificando a solicitação...
[06/09/2022 11:49:39] abgsoft-autopark-unimed.php
array(16) {
  ["_wpcf7"]=>
  string(4) "1703"
  ["_wpcf7_version"]=>
  string(5) "5.1.7"
  ["_wpcf7_locale"]=>
  string(5) "pt_BR"
  ["_wpcf7_unit_tag"]=>
  string(20) "wpcf7-f1703-p1524-o1"
  ["_wpcf7_container_post"]=>
  string(4) "1524"
  ["_wpcf7cf_hidden_group_fields"]=>
  string(2) "[]"
  ["_wpcf7cf_hidden_groups"]=>
  string(2) "[]"
  ["_wpcf7cf_visible_groups"]=>
  string(2) "[]"
  ["_wpcf7cf_repeaters"]=>
  string(2) "[]"
  ["_wpcf7cf_steps"]=>
  string(2) "{}"
  ["_wpcf7cf_options"]=>
  string(223) "{\"form_id\":1703,\"conditions\":[],\"settings\":{\"animation\":\"yes\",\"animation_intime\":200,\"animation_outtime\":200,\"conditions_ui\":\"normal\",\"notice_dismissed\":false,\"notice_dismissed_update-cf7-5.5.6\":true}}"
  ["nome"]=>
  string(23) "João Pereira de Souza "
  ["cpf"]=>
  string(11) "64463281687"
  ["email"]=>
  string(29) "joaopereirasouza@yahoo.com.br"
  ["placa"]=>
  string(7) "Eto2431"
  ["unidade"]=>
  string(1) "3"
}

[06/09/2022 12:00:23] Verificando a solicitação...
[06/09/2022 12:00:23] abgsoft-autopark-unimed.php
array(16) {
  ["_wpcf7"]=>
  string(4) "1703"
  ["_wpcf7_version"]=>
  string(5) "5.1.7"
  ["_wpcf7_locale"]=>
  string(5) "pt_BR"
  ["_wpcf7_unit_tag"]=>
  string(20) "wpcf7-f1703-p1524-o1"
  ["_wpcf7_container_post"]=>
  string(4) "1524"
  ["_wpcf7cf_hidden_group_fields"]=>
  string(2) "[]"
  ["_wpcf7cf_hidden_groups"]=>
  string(2) "[]"
  ["_wpcf7cf_visible_groups"]=>
  string(2) "[]"
  ["_wpcf7cf_repeaters"]=>
  string(2) "[]"
  ["_wpcf7cf_steps"]=>
  string(2) "{}"
  ["_wpcf7cf_options"]=>
  string(223) "{\"form_id\":1703,\"conditions\":[],\"settings\":{\"animation\":\"yes\",\"animation_intime\":200,\"animation_outtime\":200,\"conditions_ui\":\"normal\",\"notice_dismissed\":false,\"notice_dismissed_update-cf7-5.5.6\":true}}"
  ["nome"]=>
  string(20) "Beatriz Yasmin Roque"
  ["cpf"]=>
  string(14) "143.376.726-05"
  ["email"]=>
  string(22) "byaroque2014@gmail.com"
  ["placa"]=>
  string(7) "HCO5243"
  ["unidade"]=>
  string(1) "2"
}

[06/09/2022 12:10:36] Verificando a solicitação...
[06/09/2022 12:10:36] abgsoft-autopark-unimed.php
array(16) {
  ["_wpcf7"]=>
  string(4) "1703"
  ["_wpcf7_version"]=>
  string(5) "5.1.7"
  ["_wpcf7_locale"]=>
  string(5) "pt_BR"
  ["_wpcf7_unit_tag"]=>
  string(20) "wpcf7-f1703-p1524-o1"
  ["_wpcf7_container_post"]=>
  string(4) "1524"
  ["_wpcf7cf_hidden_group_fields"]=>
  string(2) "[]"
  ["_wpcf7cf_hidden_groups"]=>
  string(2) "[]"
  ["_wpcf7cf_visible_groups"]=>
  string(2) "[]"
  ["_wpcf7cf_repeaters"]=>
  string(2) "[]"
  ["_wpcf7cf_steps"]=>
  string(2) "{}"
  ["_wpcf7cf_options"]=>
  string(223) "{\"form_id\":1703,\"conditions\":[],\"settings\":{\"animation\":\"yes\",\"animation_intime\":200,\"animation_outtime\":200,\"conditions_ui\":\"normal\",\"notice_dismissed\":false,\"notice_dismissed_update-cf7-5.5.6\":true}}"
  ["nome"]=>
  string(29) "HELEIR CLÉSIO COELHO SOARES "
  ["cpf"]=>
  string(14) "936.640.526-68"
  ["email"]=>
  string(22) "heleirsoares@gmail.com"
  ["placa"]=>
  string(7) "KYZ2910"
  ["unidade"]=>
  string(1) "5"
}

[06/09/2022 12:25:15] Verificando a solicitação...
[06/09/2022 12:25:15] abgsoft-autopark-unimed.php
array(16) {
  ["_wpcf7"]=>
  string(4) "1703"
  ["_wpcf7_version"]=>
  string(5) "5.1.7"
  ["_wpcf7_locale"]=>
  string(5) "pt_BR"
  ["_wpcf7_unit_tag"]=>
  string(20) "wpcf7-f1703-p1524-o1"
  ["_wpcf7_container_post"]=>
  string(4) "1524"
  ["_wpcf7cf_hidden_group_fields"]=>
  string(2) "[]"
  ["_wpcf7cf_hidden_groups"]=>
  string(2) "[]"
  ["_wpcf7cf_visible_groups"]=>
  string(2) "[]"
  ["_wpcf7cf_repeaters"]=>
  string(2) "[]"
  ["_wpcf7cf_steps"]=>
  string(2) "{}"
  ["_wpcf7cf_options"]=>
  string(223) "{\"form_id\":1703,\"conditions\":[],\"settings\":{\"animation\":\"yes\",\"animation_intime\":200,\"animation_outtime\":200,\"conditions_ui\":\"normal\",\"notice_dismissed\":false,\"notice_dismissed_update-cf7-5.5.6\":true}}"
  ["nome"]=>
  string(31) "GEISA ANDRADE MATIAS VON RANDOW"
  ["cpf"]=>
  string(11) "51424584604"
  ["email"]=>
  string(25) "geisa.randow@yahoo.com.br"
  ["placa"]=>
  string(7) "PYO6868"
  ["unidade"]=>
  string(1) "5"
}

[06/09/2022 01:08:40] Verificando a solicitação...
[06/09/2022 01:08:40] abgsoft-autopark-unimed.php
array(16) {
  ["_wpcf7"]=>
  string(4) "1703"
  ["_wpcf7_version"]=>
  string(5) "5.1.7"
  ["_wpcf7_locale"]=>
  string(5) "pt_BR"
  ["_wpcf7_unit_tag"]=>
  string(20) "wpcf7-f1703-p1524-o1"
  ["_wpcf7_container_post"]=>
  string(4) "1524"
  ["_wpcf7cf_hidden_group_fields"]=>
  string(2) "[]"
  ["_wpcf7cf_hidden_groups"]=>
  string(2) "[]"
  ["_wpcf7cf_visible_groups"]=>
  string(2) "[]"
  ["_wpcf7cf_repeaters"]=>
  string(2) "[]"
  ["_wpcf7cf_steps"]=>
  string(2) "{}"
  ["_wpcf7cf_options"]=>
  string(223) "{\"form_id\":1703,\"conditions\":[],\"settings\":{\"animation\":\"yes\",\"animation_intime\":200,\"animation_outtime\":200,\"conditions_ui\":\"normal\",\"notice_dismissed\":false,\"notice_dismissed_update-cf7-5.5.6\":true}}"
  ["nome"]=>
  string(26) "Carolina Corlaite de Souza"
  ["cpf"]=>
  string(11) "12558429620"
  ["email"]=>
  string(24) "carol.corlaite@gmail.com"
  ["placa"]=>
  string(7) "IYJ5C71"
  ["unidade"]=>
  string(1) "3"
}

[06/09/2022 01:23:52] Verificando a solicitação...
[06/09/2022 01:23:52] abgsoft-autopark-unimed.php
array(16) {
  ["_wpcf7"]=>
  string(4) "1703"
  ["_wpcf7_version"]=>
  string(5) "5.1.7"
  ["_wpcf7_locale"]=>
  string(5) "pt_BR"
  ["_wpcf7_unit_tag"]=>
  string(20) "wpcf7-f1703-p1524-o1"
  ["_wpcf7_container_post"]=>
  string(4) "1524"
  ["_wpcf7cf_hidden_group_fields"]=>
  string(2) "[]"
  ["_wpcf7cf_hidden_groups"]=>
  string(2) "[]"
  ["_wpcf7cf_visible_groups"]=>
  string(2) "[]"
  ["_wpcf7cf_repeaters"]=>
  string(2) "[]"
  ["_wpcf7cf_steps"]=>
  string(2) "{}"
  ["_wpcf7cf_options"]=>
  string(223) "{\"form_id\":1703,\"conditions\":[],\"settings\":{\"animation\":\"yes\",\"animation_intime\":200,\"animation_outtime\":200,\"conditions_ui\":\"normal\",\"notice_dismissed\":false,\"notice_dismissed_update-cf7-5.5.6\":true}}"
  ["nome"]=>
  string(39) "LUCIANA AUGUSTA DE AZEVEDO BOMFIM BISPO"
  ["cpf"]=>
  string(14) "953.823.566-53"
  ["email"]=>
  string(19) "lucabomfa@gmail.com"
  ["placa"]=>
  string(7) "Pwb1j73"
  ["unidade"]=>
  string(1) "5"
}

[06/09/2022 01:25:06] Verificando a solicitação...
[06/09/2022 01:25:06] abgsoft-autopark-unimed.php
array(16) {
  ["_wpcf7"]=>
  string(4) "1703"
  ["_wpcf7_version"]=>
  string(5) "5.1.7"
  ["_wpcf7_locale"]=>
  string(5) "pt_BR"
  ["_wpcf7_unit_tag"]=>
  string(20) "wpcf7-f1703-p1524-o1"
  ["_wpcf7_container_post"]=>
  string(4) "1524"
  ["_wpcf7cf_hidden_group_fields"]=>
  string(2) "[]"
  ["_wpcf7cf_hidden_groups"]=>
  string(2) "[]"
  ["_wpcf7cf_visible_groups"]=>
  string(2) "[]"
  ["_wpcf7cf_repeaters"]=>
  string(2) "[]"
  ["_wpcf7cf_steps"]=>
  string(2) "{}"
  ["_wpcf7cf_options"]=>
  string(223) "{\"form_id\":1703,\"conditions\":[],\"settings\":{\"animation\":\"yes\",\"animation_intime\":200,\"animation_outtime\":200,\"conditions_ui\":\"normal\",\"notice_dismissed\":false,\"notice_dismissed_update-cf7-5.5.6\":true}}"
  ["nome"]=>
  string(37) "Gisele Aparecida dos Santos Nogueira "
  ["cpf"]=>
  string(15) "055.011.476-96 "
  ["email"]=>
  string(27) "giselenogueira249@gmail.com"
  ["placa"]=>
  string(7) "PXS2121"
  ["unidade"]=>
  string(1) "5"
}

[06/09/2022 01:42:25] Verificando a solicitação...
[06/09/2022 01:42:25] abgsoft-autopark-unimed.php
array(16) {
  ["_wpcf7"]=>
  string(4) "1703"
  ["_wpcf7_version"]=>
  string(5) "5.1.7"
  ["_wpcf7_locale"]=>
  string(5) "pt_BR"
  ["_wpcf7_unit_tag"]=>
  string(20) "wpcf7-f1703-p1524-o1"
  ["_wpcf7_container_post"]=>
  string(4) "1524"
  ["_wpcf7cf_hidden_group_fields"]=>
  string(2) "[]"
  ["_wpcf7cf_hidden_groups"]=>
  string(2) "[]"
  ["_wpcf7cf_visible_groups"]=>
  string(2) "[]"
  ["_wpcf7cf_repeaters"]=>
  string(2) "[]"
  ["_wpcf7cf_steps"]=>
  string(2) "{}"
  ["_wpcf7cf_options"]=>
  string(223) "{\"form_id\":1703,\"conditions\":[],\"settings\":{\"animation\":\"yes\",\"animation_intime\":200,\"animation_outtime\":200,\"conditions_ui\":\"normal\",\"notice_dismissed\":false,\"notice_dismissed_update-cf7-5.5.6\":true}}"
  ["nome"]=>
  string(24) "camila de assis silveira"
  ["cpf"]=>
  string(11) "06766016698"
  ["email"]=>
  string(23) "camilanatural@gmail.com"
  ["placa"]=>
  string(7) "pxm5379"
  ["unidade"]=>
  string(1) "5"
}

[06/09/2022 01:42:32] Verificando a solicitação...
[06/09/2022 01:42:32] abgsoft-autopark-unimed.php
array(16) {
  ["_wpcf7"]=>
  string(4) "1703"
  ["_wpcf7_version"]=>
  string(5) "5.1.7"
  ["_wpcf7_locale"]=>
  string(5) "pt_BR"
  ["_wpcf7_unit_tag"]=>
  string(20) "wpcf7-f1703-p1524-o1"
  ["_wpcf7_container_post"]=>
  string(4) "1524"
  ["_wpcf7cf_hidden_group_fields"]=>
  string(2) "[]"
  ["_wpcf7cf_hidden_groups"]=>
  string(2) "[]"
  ["_wpcf7cf_visible_groups"]=>
  string(2) "[]"
  ["_wpcf7cf_repeaters"]=>
  string(2) "[]"
  ["_wpcf7cf_steps"]=>
  string(2) "{}"
  ["_wpcf7cf_options"]=>
  string(223) "{\"form_id\":1703,\"conditions\":[],\"settings\":{\"animation\":\"yes\",\"animation_intime\":200,\"animation_outtime\":200,\"conditions_ui\":\"normal\",\"notice_dismissed\":false,\"notice_dismissed_update-cf7-5.5.6\":true}}"
  ["nome"]=>
  string(10) "daisy mara"
  ["cpf"]=>
  string(11) "04750767611"
  ["email"]=>
  string(22) "daisy.teca@hotmail.com"
  ["placa"]=>
  string(7) "owy8874"
  ["unidade"]=>
  string(1) "5"
}

[06/09/2022 01:45:18] Verificando a solicitação...
[06/09/2022 01:45:18] abgsoft-autopark-unimed.php
array(16) {
  ["_wpcf7"]=>
  string(4) "1703"
  ["_wpcf7_version"]=>
  string(5) "5.1.7"
  ["_wpcf7_locale"]=>
  string(5) "pt_BR"
  ["_wpcf7_unit_tag"]=>
  string(20) "wpcf7-f1703-p1524-o1"
  ["_wpcf7_container_post"]=>
  string(4) "1524"
  ["_wpcf7cf_hidden_group_fields"]=>
  string(2) "[]"
  ["_wpcf7cf_hidden_groups"]=>
  string(2) "[]"
  ["_wpcf7cf_visible_groups"]=>
  string(2) "[]"
  ["_wpcf7cf_repeaters"]=>
  string(2) "[]"
  ["_wpcf7cf_steps"]=>
  string(2) "{}"
  ["_wpcf7cf_options"]=>
  string(223) "{\"form_id\":1703,\"conditions\":[],\"settings\":{\"animation\":\"yes\",\"animation_intime\":200,\"animation_outtime\":200,\"conditions_ui\":\"normal\",\"notice_dismissed\":false,\"notice_dismissed_update-cf7-5.5.6\":true}}"
  ["nome"]=>
  string(24) "CLAUDIA ADRIANA DE MOURA"
  ["cpf"]=>
  string(14) "003.072.726-05"
  ["email"]=>
  string(26) "claudia.amoura50@gmail.com"
  ["placa"]=>
  string(7) "QXG7C46"
  ["unidade"]=>
  string(1) "3"
}

[06/09/2022 02:05:58] Verificando a solicitação...
[06/09/2022 02:05:58] abgsoft-autopark-unimed.php
array(16) {
  ["_wpcf7"]=>
  string(4) "1703"
  ["_wpcf7_version"]=>
  string(5) "5.1.7"
  ["_wpcf7_locale"]=>
  string(5) "pt_BR"
  ["_wpcf7_unit_tag"]=>
  string(20) "wpcf7-f1703-p1524-o1"
  ["_wpcf7_container_post"]=>
  string(4) "1524"
  ["_wpcf7cf_hidden_group_fields"]=>
  string(2) "[]"
  ["_wpcf7cf_hidden_groups"]=>
  string(2) "[]"
  ["_wpcf7cf_visible_groups"]=>
  string(2) "[]"
  ["_wpcf7cf_repeaters"]=>
  string(2) "[]"
  ["_wpcf7cf_steps"]=>
  string(2) "{}"
  ["_wpcf7cf_options"]=>
  string(223) "{\"form_id\":1703,\"conditions\":[],\"settings\":{\"animation\":\"yes\",\"animation_intime\":200,\"animation_outtime\":200,\"conditions_ui\":\"normal\",\"notice_dismissed\":false,\"notice_dismissed_update-cf7-5.5.6\":true}}"
  ["nome"]=>
  string(22) "Bartolomeu Bueno Roque"
  ["cpf"]=>
  string(11) "81628862653"
  ["email"]=>
  string(26) "bartolomeu.roque@gmail.com"
  ["placa"]=>
  string(7) "RTE1C51"
  ["unidade"]=>
  string(1) "3"
}

[06/09/2022 02:16:15] Verificando a solicitação...
[06/09/2022 02:16:15] abgsoft-autopark-unimed.php
array(16) {
  ["_wpcf7"]=>
  string(4) "1703"
  ["_wpcf7_version"]=>
  string(5) "5.1.7"
  ["_wpcf7_locale"]=>
  string(5) "pt_BR"
  ["_wpcf7_unit_tag"]=>
  string(20) "wpcf7-f1703-p1524-o1"
  ["_wpcf7_container_post"]=>
  string(4) "1524"
  ["_wpcf7cf_hidden_group_fields"]=>
  string(2) "[]"
  ["_wpcf7cf_hidden_groups"]=>
  string(2) "[]"
  ["_wpcf7cf_visible_groups"]=>
  string(2) "[]"
  ["_wpcf7cf_repeaters"]=>
  string(2) "[]"
  ["_wpcf7cf_steps"]=>
  string(2) "{}"
  ["_wpcf7cf_options"]=>
  string(223) "{\"form_id\":1703,\"conditions\":[],\"settings\":{\"animation\":\"yes\",\"animation_intime\":200,\"animation_outtime\":200,\"conditions_ui\":\"normal\",\"notice_dismissed\":false,\"notice_dismissed_update-cf7-5.5.6\":true}}"
  ["nome"]=>
  string(30) "Laís Duarte Moreira bonifacio"
  ["cpf"]=>
  string(11) "10699352630"
  ["email"]=>
  string(27) "laisduartemoreira@gmail.com"
  ["placa"]=>
  string(7) "Hgp7121"
  ["unidade"]=>
  string(1) "5"
}

[06/09/2022 02:24:37] Verificando a solicitação...
[06/09/2022 02:24:37] abgsoft-autopark-unimed.php
array(16) {
  ["_wpcf7"]=>
  string(4) "1703"
  ["_wpcf7_version"]=>
  string(5) "5.1.7"
  ["_wpcf7_locale"]=>
  string(5) "pt_BR"
  ["_wpcf7_unit_tag"]=>
  string(20) "wpcf7-f1703-p1524-o1"
  ["_wpcf7_container_post"]=>
  string(4) "1524"
  ["_wpcf7cf_hidden_group_fields"]=>
  string(2) "[]"
  ["_wpcf7cf_hidden_groups"]=>
  string(2) "[]"
  ["_wpcf7cf_visible_groups"]=>
  string(2) "[]"
  ["_wpcf7cf_repeaters"]=>
  string(2) "[]"
  ["_wpcf7cf_steps"]=>
  string(2) "{}"
  ["_wpcf7cf_options"]=>
  string(223) "{\"form_id\":1703,\"conditions\":[],\"settings\":{\"animation\":\"yes\",\"animation_intime\":200,\"animation_outtime\":200,\"conditions_ui\":\"normal\",\"notice_dismissed\":false,\"notice_dismissed_update-cf7-5.5.6\":true}}"
  ["nome"]=>
  string(33) "Nayara Priscila Lemos Silva Roza "
  ["cpf"]=>
  string(11) "10826932606"
  ["email"]=>
  string(31) "nayara.priscila.lemos@gmail.com"
  ["placa"]=>
  string(7) "Azt0276"
  ["unidade"]=>
  string(1) "7"
}

[06/09/2022 02:26:00] Verificando a solicitação...
[06/09/2022 02:26:00] abgsoft-autopark-unimed.php
array(16) {
  ["_wpcf7"]=>
  string(4) "1703"
  ["_wpcf7_version"]=>
  string(5) "5.1.7"
  ["_wpcf7_locale"]=>
  string(5) "pt_BR"
  ["_wpcf7_unit_tag"]=>
  string(20) "wpcf7-f1703-p1524-o1"
  ["_wpcf7_container_post"]=>
  string(4) "1524"
  ["_wpcf7cf_hidden_group_fields"]=>
  string(2) "[]"
  ["_wpcf7cf_hidden_groups"]=>
  string(2) "[]"
  ["_wpcf7cf_visible_groups"]=>
  string(2) "[]"
  ["_wpcf7cf_repeaters"]=>
  string(2) "[]"
  ["_wpcf7cf_steps"]=>
  string(2) "{}"
  ["_wpcf7cf_options"]=>
  string(223) "{\"form_id\":1703,\"conditions\":[],\"settings\":{\"animation\":\"yes\",\"animation_intime\":200,\"animation_outtime\":200,\"conditions_ui\":\"normal\",\"notice_dismissed\":false,\"notice_dismissed_update-cf7-5.5.6\":true}}"
  ["nome"]=>
  string(26) "Marinês da Silva Origuela"
  ["cpf"]=>
  string(14) "043.989.017-95"
  ["email"]=>
  string(22) "inesoriguela@gmail.com"
  ["placa"]=>
  string(7) "LSZ8001"
  ["unidade"]=>
  string(1) "5"
}

[06/09/2022 02:34:11] Verificando a solicitação...
[06/09/2022 02:34:11] abgsoft-autopark-unimed.php
array(16) {
  ["_wpcf7"]=>
  string(4) "1703"
  ["_wpcf7_version"]=>
  string(5) "5.1.7"
  ["_wpcf7_locale"]=>
  string(5) "pt_BR"
  ["_wpcf7_unit_tag"]=>
  string(20) "wpcf7-f1703-p1524-o1"
  ["_wpcf7_container_post"]=>
  string(4) "1524"
  ["_wpcf7cf_hidden_group_fields"]=>
  string(2) "[]"
  ["_wpcf7cf_hidden_groups"]=>
  string(2) "[]"
  ["_wpcf7cf_visible_groups"]=>
  string(2) "[]"
  ["_wpcf7cf_repeaters"]=>
  string(2) "[]"
  ["_wpcf7cf_steps"]=>
  string(2) "{}"
  ["_wpcf7cf_options"]=>
  string(223) "{\"form_id\":1703,\"conditions\":[],\"settings\":{\"animation\":\"yes\",\"animation_intime\":200,\"animation_outtime\":200,\"conditions_ui\":\"normal\",\"notice_dismissed\":false,\"notice_dismissed_update-cf7-5.5.6\":true}}"
  ["nome"]=>
  string(35) "GLAUCIA OTTONI MOURA DE SOUZA COSTA"
  ["cpf"]=>
  string(14) "038.177.626-31"
  ["email"]=>
  string(19) "gomscosta@gmail.com"
  ["placa"]=>
  string(7) "PXI4894"
  ["unidade"]=>
  string(1) "5"
}

[06/09/2022 02:36:45] Verificando a solicitação...
[06/09/2022 02:36:45] abgsoft-autopark-unimed.php
array(16) {
  ["_wpcf7"]=>
  string(4) "1703"
  ["_wpcf7_version"]=>
  string(5) "5.1.7"
  ["_wpcf7_locale"]=>
  string(5) "pt_BR"
  ["_wpcf7_unit_tag"]=>
  string(20) "wpcf7-f1703-p1524-o1"
  ["_wpcf7_container_post"]=>
  string(4) "1524"
  ["_wpcf7cf_hidden_group_fields"]=>
  string(2) "[]"
  ["_wpcf7cf_hidden_groups"]=>
  string(2) "[]"
  ["_wpcf7cf_visible_groups"]=>
  string(2) "[]"
  ["_wpcf7cf_repeaters"]=>
  string(2) "[]"
  ["_wpcf7cf_steps"]=>
  string(2) "{}"
  ["_wpcf7cf_options"]=>
  string(223) "{\"form_id\":1703,\"conditions\":[],\"settings\":{\"animation\":\"yes\",\"animation_intime\":200,\"animation_outtime\":200,\"conditions_ui\":\"normal\",\"notice_dismissed\":false,\"notice_dismissed_update-cf7-5.5.6\":true}}"
  ["nome"]=>
  string(15) "Janelle Campos "
  ["cpf"]=>
  string(11) "04627645678"
  ["email"]=>
  string(25) "janellefisio@yahoo.com.br"
  ["placa"]=>
  string(7) "KEB6974"
  ["unidade"]=>
  string(1) "4"
}

[06/09/2022 03:07:37] Verificando a solicitação...
[06/09/2022 03:07:37] abgsoft-autopark-unimed.php
array(16) {
  ["_wpcf7"]=>
  string(4) "1703"
  ["_wpcf7_version"]=>
  string(5) "5.1.7"
  ["_wpcf7_locale"]=>
  string(5) "pt_BR"
  ["_wpcf7_unit_tag"]=>
  string(20) "wpcf7-f1703-p1524-o1"
  ["_wpcf7_container_post"]=>
  string(4) "1524"
  ["_wpcf7cf_hidden_group_fields"]=>
  string(2) "[]"
  ["_wpcf7cf_hidden_groups"]=>
  string(2) "[]"
  ["_wpcf7cf_visible_groups"]=>
  string(2) "[]"
  ["_wpcf7cf_repeaters"]=>
  string(2) "[]"
  ["_wpcf7cf_steps"]=>
  string(2) "{}"
  ["_wpcf7cf_options"]=>
  string(223) "{\"form_id\":1703,\"conditions\":[],\"settings\":{\"animation\":\"yes\",\"animation_intime\":200,\"animation_outtime\":200,\"conditions_ui\":\"normal\",\"notice_dismissed\":false,\"notice_dismissed_update-cf7-5.5.6\":true}}"
  ["nome"]=>
  string(30) "Natalia luciana Matos Freitas "
  ["cpf"]=>
  string(11) "11290829624"
  ["email"]=>
  string(29) "natalia.freitas16@hotmail.com"
  ["placa"]=>
  string(7) "EIX7691"
  ["unidade"]=>
  string(1) "2"
}

[06/09/2022 03:19:35] Verificando a solicitação...
[06/09/2022 03:19:35] abgsoft-autopark-unimed.php
array(16) {
  ["_wpcf7"]=>
  string(4) "1703"
  ["_wpcf7_version"]=>
  string(5) "5.1.7"
  ["_wpcf7_locale"]=>
  string(5) "pt_BR"
  ["_wpcf7_unit_tag"]=>
  string(20) "wpcf7-f1703-p1524-o1"
  ["_wpcf7_container_post"]=>
  string(4) "1524"
  ["_wpcf7cf_hidden_group_fields"]=>
  string(2) "[]"
  ["_wpcf7cf_hidden_groups"]=>
  string(2) "[]"
  ["_wpcf7cf_visible_groups"]=>
  string(2) "[]"
  ["_wpcf7cf_repeaters"]=>
  string(2) "[]"
  ["_wpcf7cf_steps"]=>
  string(2) "{}"
  ["_wpcf7cf_options"]=>
  string(223) "{\"form_id\":1703,\"conditions\":[],\"settings\":{\"animation\":\"yes\",\"animation_intime\":200,\"animation_outtime\":200,\"conditions_ui\":\"normal\",\"notice_dismissed\":false,\"notice_dismissed_update-cf7-5.5.6\":true}}"
  ["nome"]=>
  string(15) "Carla Ferreira "
  ["cpf"]=>
  string(15) "097.840.246-40 "
  ["email"]=>
  string(19) "carlifr@hotmail.com"
  ["placa"]=>
  string(8) "Gzs2118 "
  ["unidade"]=>
  string(1) "7"
}

[06/09/2022 03:22:50] Verificando a solicitação...
[06/09/2022 03:22:50] abgsoft-autopark-unimed.php
array(16) {
  ["_wpcf7"]=>
  string(4) "1703"
  ["_wpcf7_version"]=>
  string(5) "5.1.7"
  ["_wpcf7_locale"]=>
  string(5) "pt_BR"
  ["_wpcf7_unit_tag"]=>
  string(20) "wpcf7-f1703-p1524-o1"
  ["_wpcf7_container_post"]=>
  string(4) "1524"
  ["_wpcf7cf_hidden_group_fields"]=>
  string(2) "[]"
  ["_wpcf7cf_hidden_groups"]=>
  string(2) "[]"
  ["_wpcf7cf_visible_groups"]=>
  string(2) "[]"
  ["_wpcf7cf_repeaters"]=>
  string(2) "[]"
  ["_wpcf7cf_steps"]=>
  string(2) "{}"
  ["_wpcf7cf_options"]=>
  string(223) "{\"form_id\":1703,\"conditions\":[],\"settings\":{\"animation\":\"yes\",\"animation_intime\":200,\"animation_outtime\":200,\"conditions_ui\":\"normal\",\"notice_dismissed\":false,\"notice_dismissed_update-cf7-5.5.6\":true}}"
  ["nome"]=>
  string(22) "David salomão Antonio"
  ["cpf"]=>
  string(14) "875.690.781-87"
  ["email"]=>
  string(18) "davidsa@pbh.gov.br"
  ["placa"]=>
  string(8) "Hjc5935 "
  ["unidade"]=>
  string(1) "7"
}

[06/09/2022 03:23:00] Verificando a solicitação...
[06/09/2022 03:23:00] abgsoft-autopark-unimed.php
array(16) {
  ["_wpcf7"]=>
  string(4) "1703"
  ["_wpcf7_version"]=>
  string(5) "5.1.7"
  ["_wpcf7_locale"]=>
  string(5) "pt_BR"
  ["_wpcf7_unit_tag"]=>
  string(20) "wpcf7-f1703-p1524-o1"
  ["_wpcf7_container_post"]=>
  string(4) "1524"
  ["_wpcf7cf_hidden_group_fields"]=>
  string(2) "[]"
  ["_wpcf7cf_hidden_groups"]=>
  string(2) "[]"
  ["_wpcf7cf_visible_groups"]=>
  string(2) "[]"
  ["_wpcf7cf_repeaters"]=>
  string(2) "[]"
  ["_wpcf7cf_steps"]=>
  string(2) "{}"
  ["_wpcf7cf_options"]=>
  string(223) "{\"form_id\":1703,\"conditions\":[],\"settings\":{\"animation\":\"yes\",\"animation_intime\":200,\"animation_outtime\":200,\"conditions_ui\":\"normal\",\"notice_dismissed\":false,\"notice_dismissed_update-cf7-5.5.6\":true}}"
  ["nome"]=>
  string(22) "Oseias Pereira Duarte "
  ["cpf"]=>
  string(11) "05252786640"
  ["email"]=>
  string(24) "oseiasduarte27@gmail.com"
  ["placa"]=>
  string(7) "MSV8A25"
  ["unidade"]=>
  string(1) "5"
}

[06/09/2022 03:51:53] Verificando a solicitação...
[06/09/2022 03:51:53] abgsoft-autopark-unimed.php
array(16) {
  ["_wpcf7"]=>
  string(4) "1703"
  ["_wpcf7_version"]=>
  string(5) "5.1.7"
  ["_wpcf7_locale"]=>
  string(5) "pt_BR"
  ["_wpcf7_unit_tag"]=>
  string(20) "wpcf7-f1703-p1524-o1"
  ["_wpcf7_container_post"]=>
  string(4) "1524"
  ["_wpcf7cf_hidden_group_fields"]=>
  string(2) "[]"
  ["_wpcf7cf_hidden_groups"]=>
  string(2) "[]"
  ["_wpcf7cf_visible_groups"]=>
  string(2) "[]"
  ["_wpcf7cf_repeaters"]=>
  string(2) "[]"
  ["_wpcf7cf_steps"]=>
  string(2) "{}"
  ["_wpcf7cf_options"]=>
  string(223) "{\"form_id\":1703,\"conditions\":[],\"settings\":{\"animation\":\"yes\",\"animation_intime\":200,\"animation_outtime\":200,\"conditions_ui\":\"normal\",\"notice_dismissed\":false,\"notice_dismissed_update-cf7-5.5.6\":true}}"
  ["nome"]=>
  string(32) "Pietro Artur Taveira dos Santos "
  ["cpf"]=>
  string(11) "10495167614"
  ["email"]=>
  string(24) "pietroartur@yahoo.com.br"
  ["placa"]=>
  string(7) "puf9958"
  ["unidade"]=>
  string(1) "7"
}

[06/09/2022 04:03:34] Verificando a solicitação...
[06/09/2022 04:03:34] abgsoft-autopark-unimed.php
array(16) {
  ["_wpcf7"]=>
  string(4) "1703"
  ["_wpcf7_version"]=>
  string(5) "5.1.7"
  ["_wpcf7_locale"]=>
  string(5) "pt_BR"
  ["_wpcf7_unit_tag"]=>
  string(20) "wpcf7-f1703-p1524-o1"
  ["_wpcf7_container_post"]=>
  string(4) "1524"
  ["_wpcf7cf_hidden_group_fields"]=>
  string(2) "[]"
  ["_wpcf7cf_hidden_groups"]=>
  string(2) "[]"
  ["_wpcf7cf_visible_groups"]=>
  string(2) "[]"
  ["_wpcf7cf_repeaters"]=>
  string(2) "[]"
  ["_wpcf7cf_steps"]=>
  string(2) "{}"
  ["_wpcf7cf_options"]=>
  string(223) "{\"form_id\":1703,\"conditions\":[],\"settings\":{\"animation\":\"yes\",\"animation_intime\":200,\"animation_outtime\":200,\"conditions_ui\":\"normal\",\"notice_dismissed\":false,\"notice_dismissed_update-cf7-5.5.6\":true}}"
  ["nome"]=>
  string(29) "Jucinara Herculano Merquiades"
  ["cpf"]=>
  string(11) "02283016452"
  ["email"]=>
  string(18) "jucinara@gmail.com"
  ["placa"]=>
  string(7) "RNP4A74"
  ["unidade"]=>
  string(1) "7"
}

[06/09/2022 04:04:40] Verificando a solicitação...
[06/09/2022 04:04:40] abgsoft-autopark-unimed.php
array(16) {
  ["_wpcf7"]=>
  string(4) "1703"
  ["_wpcf7_version"]=>
  string(5) "5.1.7"
  ["_wpcf7_locale"]=>
  string(5) "pt_BR"
  ["_wpcf7_unit_tag"]=>
  string(20) "wpcf7-f1703-p1524-o1"
  ["_wpcf7_container_post"]=>
  string(4) "1524"
  ["_wpcf7cf_hidden_group_fields"]=>
  string(2) "[]"
  ["_wpcf7cf_hidden_groups"]=>
  string(2) "[]"
  ["_wpcf7cf_visible_groups"]=>
  string(2) "[]"
  ["_wpcf7cf_repeaters"]=>
  string(2) "[]"
  ["_wpcf7cf_steps"]=>
  string(2) "{}"
  ["_wpcf7cf_options"]=>
  string(223) "{\"form_id\":1703,\"conditions\":[],\"settings\":{\"animation\":\"yes\",\"animation_intime\":200,\"animation_outtime\":200,\"conditions_ui\":\"normal\",\"notice_dismissed\":false,\"notice_dismissed_update-cf7-5.5.6\":true}}"
  ["nome"]=>
  string(33) "Matheus Fabrini Ramalho Zanandrez"
  ["cpf"]=>
  string(14) "115.509.686-02"
  ["email"]=>
  string(26) "matheuszanandrez@gmail.com"
  ["placa"]=>
  string(7) "QUE1499"
  ["unidade"]=>
  string(1) "5"
}

[06/09/2022 04:16:10] Verificando a solicitação...
[06/09/2022 04:16:10] abgsoft-autopark-unimed.php
array(16) {
  ["_wpcf7"]=>
  string(4) "1703"
  ["_wpcf7_version"]=>
  string(5) "5.1.7"
  ["_wpcf7_locale"]=>
  string(5) "pt_BR"
  ["_wpcf7_unit_tag"]=>
  string(20) "wpcf7-f1703-p1524-o1"
  ["_wpcf7_container_post"]=>
  string(4) "1524"
  ["_wpcf7cf_hidden_group_fields"]=>
  string(2) "[]"
  ["_wpcf7cf_hidden_groups"]=>
  string(2) "[]"
  ["_wpcf7cf_visible_groups"]=>
  string(2) "[]"
  ["_wpcf7cf_repeaters"]=>
  string(2) "[]"
  ["_wpcf7cf_steps"]=>
  string(2) "{}"
  ["_wpcf7cf_options"]=>
  string(223) "{\"form_id\":1703,\"conditions\":[],\"settings\":{\"animation\":\"yes\",\"animation_intime\":200,\"animation_outtime\":200,\"conditions_ui\":\"normal\",\"notice_dismissed\":false,\"notice_dismissed_update-cf7-5.5.6\":true}}"
  ["nome"]=>
  string(24) "Valéria Sousa Cordeiro "
  ["cpf"]=>
  string(14) "914.683.616-00"
  ["email"]=>
  string(23) "valeriasc17@hotmail.com"
  ["placa"]=>
  string(7) "PYQ8680"
  ["unidade"]=>
  string(1) "7"
}

[06/09/2022 04:20:44] Verificando a solicitação...
[06/09/2022 04:20:44] abgsoft-autopark-unimed.php
array(16) {
  ["_wpcf7"]=>
  string(4) "1703"
  ["_wpcf7_version"]=>
  string(5) "5.1.7"
  ["_wpcf7_locale"]=>
  string(5) "pt_BR"
  ["_wpcf7_unit_tag"]=>
  string(20) "wpcf7-f1703-p1524-o1"
  ["_wpcf7_container_post"]=>
  string(4) "1524"
  ["_wpcf7cf_hidden_group_fields"]=>
  string(2) "[]"
  ["_wpcf7cf_hidden_groups"]=>
  string(2) "[]"
  ["_wpcf7cf_visible_groups"]=>
  string(2) "[]"
  ["_wpcf7cf_repeaters"]=>
  string(2) "[]"
  ["_wpcf7cf_steps"]=>
  string(2) "{}"
  ["_wpcf7cf_options"]=>
  string(223) "{\"form_id\":1703,\"conditions\":[],\"settings\":{\"animation\":\"yes\",\"animation_intime\":200,\"animation_outtime\":200,\"conditions_ui\":\"normal\",\"notice_dismissed\":false,\"notice_dismissed_update-cf7-5.5.6\":true}}"
  ["nome"]=>
  string(24) "JOSIANE FREITAS DA SILVA"
  ["cpf"]=>
  string(11) "06172688600"
  ["email"]=>
  string(32) "josianefreitas.silva84@gmail.com"
  ["placa"]=>
  string(7) "HLN2116"
  ["unidade"]=>
  string(1) "7"
}

[06/09/2022 04:26:49] Verificando a solicitação...
[06/09/2022 04:26:49] abgsoft-autopark-unimed.php
array(16) {
  ["_wpcf7"]=>
  string(4) "1703"
  ["_wpcf7_version"]=>
  string(5) "5.1.7"
  ["_wpcf7_locale"]=>
  string(5) "pt_BR"
  ["_wpcf7_unit_tag"]=>
  string(20) "wpcf7-f1703-p1524-o1"
  ["_wpcf7_container_post"]=>
  string(4) "1524"
  ["_wpcf7cf_hidden_group_fields"]=>
  string(2) "[]"
  ["_wpcf7cf_hidden_groups"]=>
  string(2) "[]"
  ["_wpcf7cf_visible_groups"]=>
  string(2) "[]"
  ["_wpcf7cf_repeaters"]=>
  string(2) "[]"
  ["_wpcf7cf_steps"]=>
  string(2) "{}"
  ["_wpcf7cf_options"]=>
  string(223) "{\"form_id\":1703,\"conditions\":[],\"settings\":{\"animation\":\"yes\",\"animation_intime\":200,\"animation_outtime\":200,\"conditions_ui\":\"normal\",\"notice_dismissed\":false,\"notice_dismissed_update-cf7-5.5.6\":true}}"
  ["nome"]=>
  string(24) "ROBSPIERRE DA SILVA MELO"
  ["cpf"]=>
  string(14) "486.237.336-49"
  ["email"]=>
  string(23) "robspierre@terra.com.br"
  ["placa"]=>
  string(7) "OWX4595"
  ["unidade"]=>
  string(1) "5"
}

[06/09/2022 04:31:58] Verificando a solicitação...
[06/09/2022 04:31:58] abgsoft-autopark-unimed.php
array(16) {
  ["_wpcf7"]=>
  string(4) "1703"
  ["_wpcf7_version"]=>
  string(5) "5.1.7"
  ["_wpcf7_locale"]=>
  string(5) "pt_BR"
  ["_wpcf7_unit_tag"]=>
  string(20) "wpcf7-f1703-p1524-o1"
  ["_wpcf7_container_post"]=>
  string(4) "1524"
  ["_wpcf7cf_hidden_group_fields"]=>
  string(2) "[]"
  ["_wpcf7cf_hidden_groups"]=>
  string(2) "[]"
  ["_wpcf7cf_visible_groups"]=>
  string(2) "[]"
  ["_wpcf7cf_repeaters"]=>
  string(2) "[]"
  ["_wpcf7cf_steps"]=>
  string(2) "{}"
  ["_wpcf7cf_options"]=>
  string(223) "{\"form_id\":1703,\"conditions\":[],\"settings\":{\"animation\":\"yes\",\"animation_intime\":200,\"animation_outtime\":200,\"conditions_ui\":\"normal\",\"notice_dismissed\":false,\"notice_dismissed_update-cf7-5.5.6\":true}}"
  ["nome"]=>
  string(23) "Aline Regina dos santos"
  ["cpf"]=>
  string(14) "079.707.976-95"
  ["email"]=>
  string(23) "alyneregis@yahoo.com.br"
  ["placa"]=>
  string(8) "PYE 0653"
  ["unidade"]=>
  string(1) "7"
}

[06/09/2022 04:37:24] Verificando a solicitação...
[06/09/2022 04:37:24] abgsoft-autopark-unimed.php
array(16) {
  ["_wpcf7"]=>
  string(4) "1703"
  ["_wpcf7_version"]=>
  string(5) "5.1.7"
  ["_wpcf7_locale"]=>
  string(5) "pt_BR"
  ["_wpcf7_unit_tag"]=>
  string(20) "wpcf7-f1703-p1524-o1"
  ["_wpcf7_container_post"]=>
  string(4) "1524"
  ["_wpcf7cf_hidden_group_fields"]=>
  string(2) "[]"
  ["_wpcf7cf_hidden_groups"]=>
  string(2) "[]"
  ["_wpcf7cf_visible_groups"]=>
  string(2) "[]"
  ["_wpcf7cf_repeaters"]=>
  string(2) "[]"
  ["_wpcf7cf_steps"]=>
  string(2) "{}"
  ["_wpcf7cf_options"]=>
  string(223) "{\"form_id\":1703,\"conditions\":[],\"settings\":{\"animation\":\"yes\",\"animation_intime\":200,\"animation_outtime\":200,\"conditions_ui\":\"normal\",\"notice_dismissed\":false,\"notice_dismissed_update-cf7-5.5.6\":true}}"
  ["nome"]=>
  string(25) "Liliana Leila de Siqueira"
  ["cpf"]=>
  string(14) "621.626.836-87"
  ["email"]=>
  string(27) "lilianaleiladesqr@gmail.com"
  ["placa"]=>
  string(7) "HOJ3294"
  ["unidade"]=>
  string(1) "2"
}

[06/09/2022 05:31:30] Verificando a solicitação...
[06/09/2022 05:31:30] abgsoft-autopark-unimed.php
array(16) {
  ["_wpcf7"]=>
  string(4) "1703"
  ["_wpcf7_version"]=>
  string(5) "5.1.7"
  ["_wpcf7_locale"]=>
  string(5) "pt_BR"
  ["_wpcf7_unit_tag"]=>
  string(20) "wpcf7-f1703-p1524-o1"
  ["_wpcf7_container_post"]=>
  string(4) "1524"
  ["_wpcf7cf_hidden_group_fields"]=>
  string(2) "[]"
  ["_wpcf7cf_hidden_groups"]=>
  string(2) "[]"
  ["_wpcf7cf_visible_groups"]=>
  string(2) "[]"
  ["_wpcf7cf_repeaters"]=>
  string(2) "[]"
  ["_wpcf7cf_steps"]=>
  string(2) "{}"
  ["_wpcf7cf_options"]=>
  string(223) "{\"form_id\":1703,\"conditions\":[],\"settings\":{\"animation\":\"yes\",\"animation_intime\":200,\"animation_outtime\":200,\"conditions_ui\":\"normal\",\"notice_dismissed\":false,\"notice_dismissed_update-cf7-5.5.6\":true}}"
  ["nome"]=>
  string(14) "Milene Freitas"
  ["cpf"]=>
  string(15) "036.221.166-33 "
  ["email"]=>
  string(22) "milenefcf@yahoo.com.br"
  ["placa"]=>
  string(7) "pzc3h49"
  ["unidade"]=>
  string(1) "5"
}

[06/09/2022 05:51:47] Verificando a solicitação...
[06/09/2022 05:51:47] abgsoft-autopark-unimed.php
array(16) {
  ["_wpcf7"]=>
  string(4) "1703"
  ["_wpcf7_version"]=>
  string(5) "5.1.7"
  ["_wpcf7_locale"]=>
  string(5) "pt_BR"
  ["_wpcf7_unit_tag"]=>
  string(20) "wpcf7-f1703-p1524-o1"
  ["_wpcf7_container_post"]=>
  string(4) "1524"
  ["_wpcf7cf_hidden_group_fields"]=>
  string(2) "[]"
  ["_wpcf7cf_hidden_groups"]=>
  string(2) "[]"
  ["_wpcf7cf_visible_groups"]=>
  string(2) "[]"
  ["_wpcf7cf_repeaters"]=>
  string(2) "[]"
  ["_wpcf7cf_steps"]=>
  string(2) "{}"
  ["_wpcf7cf_options"]=>
  string(223) "{\"form_id\":1703,\"conditions\":[],\"settings\":{\"animation\":\"yes\",\"animation_intime\":200,\"animation_outtime\":200,\"conditions_ui\":\"normal\",\"notice_dismissed\":false,\"notice_dismissed_update-cf7-5.5.6\":true}}"
  ["nome"]=>
  string(8) "Fernando"
  ["cpf"]=>
  string(11) "74486756649"
  ["email"]=>
  string(14) "pixx@email.com"
  ["placa"]=>
  string(7) "Rft1i93"
  ["unidade"]=>
  string(1) "7"
}

[06/09/2022 05:53:46] Verificando a solicitação...
[06/09/2022 05:58:37] Verificando a solicitação...
[06/09/2022 05:58:37] abgsoft-autopark-unimed.php
array(16) {
  ["_wpcf7"]=>
  string(4) "1703"
  ["_wpcf7_version"]=>
  string(5) "5.1.7"
  ["_wpcf7_locale"]=>
  string(5) "pt_BR"
  ["_wpcf7_unit_tag"]=>
  string(20) "wpcf7-f1703-p1524-o1"
  ["_wpcf7_container_post"]=>
  string(4) "1524"
  ["_wpcf7cf_hidden_group_fields"]=>
  string(2) "[]"
  ["_wpcf7cf_hidden_groups"]=>
  string(2) "[]"
  ["_wpcf7cf_visible_groups"]=>
  string(2) "[]"
  ["_wpcf7cf_repeaters"]=>
  string(2) "[]"
  ["_wpcf7cf_steps"]=>
  string(2) "{}"
  ["_wpcf7cf_options"]=>
  string(223) "{\"form_id\":1703,\"conditions\":[],\"settings\":{\"animation\":\"yes\",\"animation_intime\":200,\"animation_outtime\":200,\"conditions_ui\":\"normal\",\"notice_dismissed\":false,\"notice_dismissed_update-cf7-5.5.6\":true}}"
  ["nome"]=>
  string(21) "Janaina Pires Duarte "
  ["cpf"]=>
  string(11) "06888599680"
  ["email"]=>
  string(26) "janainaduarte7@hotmail.com"
  ["placa"]=>
  string(7) "HLZ3104"
  ["unidade"]=>
  string(1) "3"
}

[06/09/2022 06:12:49] Verificando a solicitação...
[06/09/2022 06:12:49] abgsoft-autopark-unimed.php
array(16) {
  ["_wpcf7"]=>
  string(4) "1703"
  ["_wpcf7_version"]=>
  string(5) "5.1.7"
  ["_wpcf7_locale"]=>
  string(5) "pt_BR"
  ["_wpcf7_unit_tag"]=>
  string(20) "wpcf7-f1703-p1524-o1"
  ["_wpcf7_container_post"]=>
  string(4) "1524"
  ["_wpcf7cf_hidden_group_fields"]=>
  string(2) "[]"
  ["_wpcf7cf_hidden_groups"]=>
  string(2) "[]"
  ["_wpcf7cf_visible_groups"]=>
  string(2) "[]"
  ["_wpcf7cf_repeaters"]=>
  string(2) "[]"
  ["_wpcf7cf_steps"]=>
  string(2) "{}"
  ["_wpcf7cf_options"]=>
  string(223) "{\"form_id\":1703,\"conditions\":[],\"settings\":{\"animation\":\"yes\",\"animation_intime\":200,\"animation_outtime\":200,\"conditions_ui\":\"normal\",\"notice_dismissed\":false,\"notice_dismissed_update-cf7-5.5.6\":true}}"
  ["nome"]=>
  string(14) "Milene Freitas"
  ["cpf"]=>
  string(15) "036.221.166-33 "
  ["email"]=>
  string(22) "milenefcf@yahoo.com.br"
  ["placa"]=>
  string(7) "pzc3h49"
  ["unidade"]=>
  string(1) "5"
}

[06/09/2022 06:14:47] Verificando a solicitação...
[06/09/2022 06:14:47] abgsoft-autopark-unimed.php
array(16) {
  ["_wpcf7"]=>
  string(4) "1703"
  ["_wpcf7_version"]=>
  string(5) "5.1.7"
  ["_wpcf7_locale"]=>
  string(5) "pt_BR"
  ["_wpcf7_unit_tag"]=>
  string(20) "wpcf7-f1703-p1524-o1"
  ["_wpcf7_container_post"]=>
  string(4) "1524"
  ["_wpcf7cf_hidden_group_fields"]=>
  string(2) "[]"
  ["_wpcf7cf_hidden_groups"]=>
  string(2) "[]"
  ["_wpcf7cf_visible_groups"]=>
  string(2) "[]"
  ["_wpcf7cf_repeaters"]=>
  string(2) "[]"
  ["_wpcf7cf_steps"]=>
  string(2) "{}"
  ["_wpcf7cf_options"]=>
  string(223) "{\"form_id\":1703,\"conditions\":[],\"settings\":{\"animation\":\"yes\",\"animation_intime\":200,\"animation_outtime\":200,\"conditions_ui\":\"normal\",\"notice_dismissed\":false,\"notice_dismissed_update-cf7-5.5.6\":true}}"
  ["nome"]=>
  string(27) "João Paulo Xavier de Souza"
  ["cpf"]=>
  string(14) "065.754.946-09"
  ["email"]=>
  string(21) "jjpaulo1000@gmail.com"
  ["placa"]=>
  string(7) "JKF0C91"
  ["unidade"]=>
  string(1) "7"
}

[06/09/2022 06:34:35] Verificando a solicitação...
[06/09/2022 06:34:35] abgsoft-autopark-unimed.php
array(16) {
  ["_wpcf7"]=>
  string(4) "1703"
  ["_wpcf7_version"]=>
  string(5) "5.1.7"
  ["_wpcf7_locale"]=>
  string(5) "pt_BR"
  ["_wpcf7_unit_tag"]=>
  string(20) "wpcf7-f1703-p1524-o1"
  ["_wpcf7_container_post"]=>
  string(4) "1524"
  ["_wpcf7cf_hidden_group_fields"]=>
  string(2) "[]"
  ["_wpcf7cf_hidden_groups"]=>
  string(2) "[]"
  ["_wpcf7cf_visible_groups"]=>
  string(2) "[]"
  ["_wpcf7cf_repeaters"]=>
  string(2) "[]"
  ["_wpcf7cf_steps"]=>
  string(2) "{}"
  ["_wpcf7cf_options"]=>
  string(223) "{\"form_id\":1703,\"conditions\":[],\"settings\":{\"animation\":\"yes\",\"animation_intime\":200,\"animation_outtime\":200,\"conditions_ui\":\"normal\",\"notice_dismissed\":false,\"notice_dismissed_update-cf7-5.5.6\":true}}"
  ["nome"]=>
  string(33) "Glaucia Alves dos Santos Simões "
  ["cpf"]=>
  string(15) "080.985.946-70 "
  ["email"]=>
  string(26) "glaucia.simoes@hotmail.com"
  ["placa"]=>
  string(7) "Qof1355"
  ["unidade"]=>
  string(1) "2"
}

[06/09/2022 06:51:36] Verificando a solicitação...
[06/09/2022 06:51:36] abgsoft-autopark-unimed.php
array(16) {
  ["_wpcf7"]=>
  string(4) "1703"
  ["_wpcf7_version"]=>
  string(5) "5.1.7"
  ["_wpcf7_locale"]=>
  string(5) "pt_BR"
  ["_wpcf7_unit_tag"]=>
  string(20) "wpcf7-f1703-p1524-o1"
  ["_wpcf7_container_post"]=>
  string(4) "1524"
  ["_wpcf7cf_hidden_group_fields"]=>
  string(2) "[]"
  ["_wpcf7cf_hidden_groups"]=>
  string(2) "[]"
  ["_wpcf7cf_visible_groups"]=>
  string(2) "[]"
  ["_wpcf7cf_repeaters"]=>
  string(2) "[]"
  ["_wpcf7cf_steps"]=>
  string(2) "{}"
  ["_wpcf7cf_options"]=>
  string(223) "{\"form_id\":1703,\"conditions\":[],\"settings\":{\"animation\":\"yes\",\"animation_intime\":200,\"animation_outtime\":200,\"conditions_ui\":\"normal\",\"notice_dismissed\":false,\"notice_dismissed_update-cf7-5.5.6\":true}}"
  ["nome"]=>
  string(28) "Rodolfo Coelho Chaves Xavier"
  ["cpf"]=>
  string(14) "037.778.356-09"
  ["email"]=>
  string(26) "xavier.rodolfo@hotmail.com"
  ["placa"]=>
  string(7) "RUR0C11"
  ["unidade"]=>
  string(1) "5"
}

[06/09/2022 06:57:31] Verificando a solicitação...
[06/09/2022 06:57:31] abgsoft-autopark-unimed.php
array(16) {
  ["_wpcf7"]=>
  string(4) "1703"
  ["_wpcf7_version"]=>
  string(5) "5.1.7"
  ["_wpcf7_locale"]=>
  string(5) "pt_BR"
  ["_wpcf7_unit_tag"]=>
  string(20) "wpcf7-f1703-p1524-o1"
  ["_wpcf7_container_post"]=>
  string(4) "1524"
  ["_wpcf7cf_hidden_group_fields"]=>
  string(2) "[]"
  ["_wpcf7cf_hidden_groups"]=>
  string(2) "[]"
  ["_wpcf7cf_visible_groups"]=>
  string(2) "[]"
  ["_wpcf7cf_repeaters"]=>
  string(2) "[]"
  ["_wpcf7cf_steps"]=>
  string(2) "{}"
  ["_wpcf7cf_options"]=>
  string(223) "{\"form_id\":1703,\"conditions\":[],\"settings\":{\"animation\":\"yes\",\"animation_intime\":200,\"animation_outtime\":200,\"conditions_ui\":\"normal\",\"notice_dismissed\":false,\"notice_dismissed_update-cf7-5.5.6\":true}}"
  ["nome"]=>
  string(25) "jorge raimundo de miranda"
  ["cpf"]=>
  string(14) "174.931.296-49"
  ["email"]=>
  string(26) "jorgeraimundo366@gmail.com"
  ["placa"]=>
  string(7) "RNS8A60"
  ["unidade"]=>
  string(1) "7"
}

[06/09/2022 07:06:36] Verificando a solicitação...
[06/09/2022 07:06:36] abgsoft-autopark-unimed.php
array(16) {
  ["_wpcf7"]=>
  string(4) "1703"
  ["_wpcf7_version"]=>
  string(5) "5.1.7"
  ["_wpcf7_locale"]=>
  string(5) "pt_BR"
  ["_wpcf7_unit_tag"]=>
  string(20) "wpcf7-f1703-p1524-o1"
  ["_wpcf7_container_post"]=>
  string(4) "1524"
  ["_wpcf7cf_hidden_group_fields"]=>
  string(2) "[]"
  ["_wpcf7cf_hidden_groups"]=>
  string(2) "[]"
  ["_wpcf7cf_visible_groups"]=>
  string(2) "[]"
  ["_wpcf7cf_repeaters"]=>
  string(2) "[]"
  ["_wpcf7cf_steps"]=>
  string(2) "{}"
  ["_wpcf7cf_options"]=>
  string(223) "{\"form_id\":1703,\"conditions\":[],\"settings\":{\"animation\":\"yes\",\"animation_intime\":200,\"animation_outtime\":200,\"conditions_ui\":\"normal\",\"notice_dismissed\":false,\"notice_dismissed_update-cf7-5.5.6\":true}}"
  ["nome"]=>
  string(8) "Tatiana "
  ["cpf"]=>
  string(11) "10232984654"
  ["email"]=>
  string(25) "mirandatatianap@gmail.com"
  ["placa"]=>
  string(7) "Pvw9854"
  ["unidade"]=>
  string(1) "3"
}

[06/09/2022 07:09:40] Verificando a solicitação...
[06/09/2022 07:09:40] abgsoft-autopark-unimed.php
array(16) {
  ["_wpcf7"]=>
  string(4) "1703"
  ["_wpcf7_version"]=>
  string(5) "5.1.7"
  ["_wpcf7_locale"]=>
  string(5) "pt_BR"
  ["_wpcf7_unit_tag"]=>
  string(20) "wpcf7-f1703-p1524-o1"
  ["_wpcf7_container_post"]=>
  string(4) "1524"
  ["_wpcf7cf_hidden_group_fields"]=>
  string(2) "[]"
  ["_wpcf7cf_hidden_groups"]=>
  string(2) "[]"
  ["_wpcf7cf_visible_groups"]=>
  string(2) "[]"
  ["_wpcf7cf_repeaters"]=>
  string(2) "[]"
  ["_wpcf7cf_steps"]=>
  string(2) "{}"
  ["_wpcf7cf_options"]=>
  string(223) "{\"form_id\":1703,\"conditions\":[],\"settings\":{\"animation\":\"yes\",\"animation_intime\":200,\"animation_outtime\":200,\"conditions_ui\":\"normal\",\"notice_dismissed\":false,\"notice_dismissed_update-cf7-5.5.6\":true}}"
  ["nome"]=>
  string(30) "Benedito ferreira de carvalho "
  ["cpf"]=>
  string(14) "763.601.486-68"
  ["email"]=>
  string(29) "benedictocarvalho40@gmail.com"
  ["placa"]=>
  string(7) "PZF4660"
  ["unidade"]=>
  string(1) "3"
}

[06/09/2022 07:10:46] Verificando a solicitação...
[06/09/2022 07:10:46] abgsoft-autopark-unimed.php
array(16) {
  ["_wpcf7"]=>
  string(4) "1703"
  ["_wpcf7_version"]=>
  string(5) "5.1.7"
  ["_wpcf7_locale"]=>
  string(5) "pt_BR"
  ["_wpcf7_unit_tag"]=>
  string(20) "wpcf7-f1703-p1524-o1"
  ["_wpcf7_container_post"]=>
  string(4) "1524"
  ["_wpcf7cf_hidden_group_fields"]=>
  string(2) "[]"
  ["_wpcf7cf_hidden_groups"]=>
  string(2) "[]"
  ["_wpcf7cf_visible_groups"]=>
  string(2) "[]"
  ["_wpcf7cf_repeaters"]=>
  string(2) "[]"
  ["_wpcf7cf_steps"]=>
  string(2) "{}"
  ["_wpcf7cf_options"]=>
  string(223) "{\"form_id\":1703,\"conditions\":[],\"settings\":{\"animation\":\"yes\",\"animation_intime\":200,\"animation_outtime\":200,\"conditions_ui\":\"normal\",\"notice_dismissed\":false,\"notice_dismissed_update-cf7-5.5.6\":true}}"
  ["nome"]=>
  string(47) "Marina Aparecida Mendes de Oliveira Gonçalves "
  ["cpf"]=>
  string(14) "015.597.496-36"
  ["email"]=>
  string(24) "mendesolive@yahoo.com.br"
  ["placa"]=>
  string(7) "Hmd5546"
  ["unidade"]=>
  string(1) "5"
}

[06/09/2022 07:17:49] Verificando a solicitação...
[06/09/2022 07:17:49] abgsoft-autopark-unimed.php
array(16) {
  ["_wpcf7"]=>
  string(4) "1703"
  ["_wpcf7_version"]=>
  string(5) "5.1.7"
  ["_wpcf7_locale"]=>
  string(5) "pt_BR"
  ["_wpcf7_unit_tag"]=>
  string(20) "wpcf7-f1703-p1524-o1"
  ["_wpcf7_container_post"]=>
  string(4) "1524"
  ["_wpcf7cf_hidden_group_fields"]=>
  string(2) "[]"
  ["_wpcf7cf_hidden_groups"]=>
  string(2) "[]"
  ["_wpcf7cf_visible_groups"]=>
  string(2) "[]"
  ["_wpcf7cf_repeaters"]=>
  string(2) "[]"
  ["_wpcf7cf_steps"]=>
  string(2) "{}"
  ["_wpcf7cf_options"]=>
  string(223) "{\"form_id\":1703,\"conditions\":[],\"settings\":{\"animation\":\"yes\",\"animation_intime\":200,\"animation_outtime\":200,\"conditions_ui\":\"normal\",\"notice_dismissed\":false,\"notice_dismissed_update-cf7-5.5.6\":true}}"
  ["nome"]=>
  string(26) "Valéria do Rosário Pires"
  ["cpf"]=>
  string(14) "957.711.156-49"
  ["email"]=>
  string(26) "valeriarpires@yahoo.com.br"
  ["placa"]=>
  string(7) "HMB4756"
  ["unidade"]=>
  string(1) "5"
}

[06/09/2022 07:18:28] Verificando a solicitação...
[06/09/2022 07:18:28] abgsoft-autopark-unimed.php
array(16) {
  ["_wpcf7"]=>
  string(4) "1703"
  ["_wpcf7_version"]=>
  string(5) "5.1.7"
  ["_wpcf7_locale"]=>
  string(5) "pt_BR"
  ["_wpcf7_unit_tag"]=>
  string(20) "wpcf7-f1703-p1524-o1"
  ["_wpcf7_container_post"]=>
  string(4) "1524"
  ["_wpcf7cf_hidden_group_fields"]=>
  string(2) "[]"
  ["_wpcf7cf_hidden_groups"]=>
  string(2) "[]"
  ["_wpcf7cf_visible_groups"]=>
  string(2) "[]"
  ["_wpcf7cf_repeaters"]=>
  string(2) "[]"
  ["_wpcf7cf_steps"]=>
  string(2) "{}"
  ["_wpcf7cf_options"]=>
  string(223) "{\"form_id\":1703,\"conditions\":[],\"settings\":{\"animation\":\"yes\",\"animation_intime\":200,\"animation_outtime\":200,\"conditions_ui\":\"normal\",\"notice_dismissed\":false,\"notice_dismissed_update-cf7-5.5.6\":true}}"
  ["nome"]=>
  string(43) "Rodrigo Jefferson Barbosa De Brito Pereira "
  ["cpf"]=>
  string(11) "10437875695"
  ["email"]=>
  string(34) "tatiane.matiasoliveira@hotmail.com"
  ["placa"]=>
  string(8) "Hdb-8744"
  ["unidade"]=>
  string(1) "7"
}

[06/09/2022 08:01:38] Verificando a solicitação...
[06/09/2022 08:01:38] abgsoft-autopark-unimed.php
array(16) {
  ["_wpcf7"]=>
  string(4) "1703"
  ["_wpcf7_version"]=>
  string(5) "5.1.7"
  ["_wpcf7_locale"]=>
  string(5) "pt_BR"
  ["_wpcf7_unit_tag"]=>
  string(20) "wpcf7-f1703-p1524-o1"
  ["_wpcf7_container_post"]=>
  string(4) "1524"
  ["_wpcf7cf_hidden_group_fields"]=>
  string(2) "[]"
  ["_wpcf7cf_hidden_groups"]=>
  string(2) "[]"
  ["_wpcf7cf_visible_groups"]=>
  string(2) "[]"
  ["_wpcf7cf_repeaters"]=>
  string(2) "[]"
  ["_wpcf7cf_steps"]=>
  string(2) "{}"
  ["_wpcf7cf_options"]=>
  string(223) "{\"form_id\":1703,\"conditions\":[],\"settings\":{\"animation\":\"yes\",\"animation_intime\":200,\"animation_outtime\":200,\"conditions_ui\":\"normal\",\"notice_dismissed\":false,\"notice_dismissed_update-cf7-5.5.6\":true}}"
  ["nome"]=>
  string(33) "Renata Alves Frederico (autopark)"
  ["cpf"]=>
  string(11) "00868896217"
  ["email"]=>
  string(30) "renataaffisioterapia@gmail.com"
  ["placa"]=>
  string(7) "Nxy6836"
  ["unidade"]=>
  string(1) "5"
}

[06/09/2022 08:02:58] Verificando a solicitação...
[06/09/2022 08:02:58] abgsoft-autopark-unimed.php
array(16) {
  ["_wpcf7"]=>
  string(4) "1703"
  ["_wpcf7_version"]=>
  string(5) "5.1.7"
  ["_wpcf7_locale"]=>
  string(5) "pt_BR"
  ["_wpcf7_unit_tag"]=>
  string(20) "wpcf7-f1703-p1524-o1"
  ["_wpcf7_container_post"]=>
  string(4) "1524"
  ["_wpcf7cf_hidden_group_fields"]=>
  string(2) "[]"
  ["_wpcf7cf_hidden_groups"]=>
  string(2) "[]"
  ["_wpcf7cf_visible_groups"]=>
  string(2) "[]"
  ["_wpcf7cf_repeaters"]=>
  string(2) "[]"
  ["_wpcf7cf_steps"]=>
  string(2) "{}"
  ["_wpcf7cf_options"]=>
  string(223) "{\"form_id\":1703,\"conditions\":[],\"settings\":{\"animation\":\"yes\",\"animation_intime\":200,\"animation_outtime\":200,\"conditions_ui\":\"normal\",\"notice_dismissed\":false,\"notice_dismissed_update-cf7-5.5.6\":true}}"
  ["nome"]=>
  string(30) "Maria Imaculada Campos Drumond"
  ["cpf"]=>
  string(14) "599.212.936-72"
  ["email"]=>
  string(21) "mariaimapsi@gmail.com"
  ["placa"]=>
  string(7) "PVN6E78"
  ["unidade"]=>
  string(1) "7"
}

[06/09/2022 08:34:51] Verificando a solicitação...
[06/09/2022 08:34:51] abgsoft-autopark-unimed.php
array(16) {
  ["_wpcf7"]=>
  string(4) "1703"
  ["_wpcf7_version"]=>
  string(5) "5.1.7"
  ["_wpcf7_locale"]=>
  string(5) "pt_BR"
  ["_wpcf7_unit_tag"]=>
  string(20) "wpcf7-f1703-p1524-o1"
  ["_wpcf7_container_post"]=>
  string(4) "1524"
  ["_wpcf7cf_hidden_group_fields"]=>
  string(2) "[]"
  ["_wpcf7cf_hidden_groups"]=>
  string(2) "[]"
  ["_wpcf7cf_visible_groups"]=>
  string(2) "[]"
  ["_wpcf7cf_repeaters"]=>
  string(2) "[]"
  ["_wpcf7cf_steps"]=>
  string(2) "{}"
  ["_wpcf7cf_options"]=>
  string(223) "{\"form_id\":1703,\"conditions\":[],\"settings\":{\"animation\":\"yes\",\"animation_intime\":200,\"animation_outtime\":200,\"conditions_ui\":\"normal\",\"notice_dismissed\":false,\"notice_dismissed_update-cf7-5.5.6\":true}}"
  ["nome"]=>
  string(24) "Francisco Canindé Filho"
  ["cpf"]=>
  string(11) "54079608691"
  ["email"]=>
  string(24) "caninde50@outlook.com.br"
  ["placa"]=>
  string(7) "NLZ5397"
  ["unidade"]=>
  string(1) "5"
}

[06/09/2022 08:40:07] Verificando a solicitação...
[06/09/2022 08:40:07] abgsoft-autopark-unimed.php
array(16) {
  ["_wpcf7"]=>
  string(4) "1703"
  ["_wpcf7_version"]=>
  string(5) "5.1.7"
  ["_wpcf7_locale"]=>
  string(5) "pt_BR"
  ["_wpcf7_unit_tag"]=>
  string(20) "wpcf7-f1703-p1524-o1"
  ["_wpcf7_container_post"]=>
  string(4) "1524"
  ["_wpcf7cf_hidden_group_fields"]=>
  string(2) "[]"
  ["_wpcf7cf_hidden_groups"]=>
  string(2) "[]"
  ["_wpcf7cf_visible_groups"]=>
  string(2) "[]"
  ["_wpcf7cf_repeaters"]=>
  string(2) "[]"
  ["_wpcf7cf_steps"]=>
  string(2) "{}"
  ["_wpcf7cf_options"]=>
  string(223) "{\"form_id\":1703,\"conditions\":[],\"settings\":{\"animation\":\"yes\",\"animation_intime\":200,\"animation_outtime\":200,\"conditions_ui\":\"normal\",\"notice_dismissed\":false,\"notice_dismissed_update-cf7-5.5.6\":true}}"
  ["nome"]=>
  string(31) "Ana Geralda Santana de Oliveira"
  ["cpf"]=>
  string(14) "053.851.896-00"
  ["email"]=>
  string(27) "anageraldasantana@gmail.com"
  ["placa"]=>
  string(7) "HBH2336"
  ["unidade"]=>
  string(1) "5"
}

[06/09/2022 08:52:45] Verificando a solicitação...
[06/09/2022 08:52:45] abgsoft-autopark-unimed.php
array(16) {
  ["_wpcf7"]=>
  string(4) "1703"
  ["_wpcf7_version"]=>
  string(5) "5.1.7"
  ["_wpcf7_locale"]=>
  string(5) "pt_BR"
  ["_wpcf7_unit_tag"]=>
  string(20) "wpcf7-f1703-p1524-o1"
  ["_wpcf7_container_post"]=>
  string(4) "1524"
  ["_wpcf7cf_hidden_group_fields"]=>
  string(2) "[]"
  ["_wpcf7cf_hidden_groups"]=>
  string(2) "[]"
  ["_wpcf7cf_visible_groups"]=>
  string(2) "[]"
  ["_wpcf7cf_repeaters"]=>
  string(2) "[]"
  ["_wpcf7cf_steps"]=>
  string(2) "{}"
  ["_wpcf7cf_options"]=>
  string(223) "{\"form_id\":1703,\"conditions\":[],\"settings\":{\"animation\":\"yes\",\"animation_intime\":200,\"animation_outtime\":200,\"conditions_ui\":\"normal\",\"notice_dismissed\":false,\"notice_dismissed_update-cf7-5.5.6\":true}}"
  ["nome"]=>
  string(32) "Pietro Artur Taveira Dos Santos "
  ["cpf"]=>
  string(11) "10495167614"
  ["email"]=>
  string(24) "pietroartur@yahoo.com.br"
  ["placa"]=>
  string(7) "Puf9958"
  ["unidade"]=>
  string(1) "7"
}

[06/09/2022 08:56:25] Verificando a solicitação...
[06/09/2022 08:56:25] abgsoft-autopark-unimed.php
array(16) {
  ["_wpcf7"]=>
  string(4) "1703"
  ["_wpcf7_version"]=>
  string(5) "5.1.7"
  ["_wpcf7_locale"]=>
  string(5) "pt_BR"
  ["_wpcf7_unit_tag"]=>
  string(20) "wpcf7-f1703-p1524-o1"
  ["_wpcf7_container_post"]=>
  string(4) "1524"
  ["_wpcf7cf_hidden_group_fields"]=>
  string(2) "[]"
  ["_wpcf7cf_hidden_groups"]=>
  string(2) "[]"
  ["_wpcf7cf_visible_groups"]=>
  string(2) "[]"
  ["_wpcf7cf_repeaters"]=>
  string(2) "[]"
  ["_wpcf7cf_steps"]=>
  string(2) "{}"
  ["_wpcf7cf_options"]=>
  string(223) "{\"form_id\":1703,\"conditions\":[],\"settings\":{\"animation\":\"yes\",\"animation_intime\":200,\"animation_outtime\":200,\"conditions_ui\":\"normal\",\"notice_dismissed\":false,\"notice_dismissed_update-cf7-5.5.6\":true}}"
  ["nome"]=>
  string(29) "Wellington Carvalho de Souza "
  ["cpf"]=>
  string(11) "69105502691"
  ["email"]=>
  string(31) "wellingtoncsouza91@yahoo.com.br"
  ["placa"]=>
  string(7) "RFN9I21"
  ["unidade"]=>
  string(1) "2"
}

[06/09/2022 09:00:53] Verificando a solicitação...
[06/09/2022 09:00:53] abgsoft-autopark-unimed.php
array(16) {
  ["_wpcf7"]=>
  string(4) "1703"
  ["_wpcf7_version"]=>
  string(5) "5.1.7"
  ["_wpcf7_locale"]=>
  string(5) "pt_BR"
  ["_wpcf7_unit_tag"]=>
  string(20) "wpcf7-f1703-p1524-o1"
  ["_wpcf7_container_post"]=>
  string(4) "1524"
  ["_wpcf7cf_hidden_group_fields"]=>
  string(2) "[]"
  ["_wpcf7cf_hidden_groups"]=>
  string(2) "[]"
  ["_wpcf7cf_visible_groups"]=>
  string(2) "[]"
  ["_wpcf7cf_repeaters"]=>
  string(2) "[]"
  ["_wpcf7cf_steps"]=>
  string(2) "{}"
  ["_wpcf7cf_options"]=>
  string(223) "{\"form_id\":1703,\"conditions\":[],\"settings\":{\"animation\":\"yes\",\"animation_intime\":200,\"animation_outtime\":200,\"conditions_ui\":\"normal\",\"notice_dismissed\":false,\"notice_dismissed_update-cf7-5.5.6\":true}}"
  ["nome"]=>
  string(33) "Marilene Saraiva Pires dos santos"
  ["cpf"]=>
  string(14) "526.974.286-15"
  ["email"]=>
  string(26) "Saraivamarilene2@gmail.com"
  ["placa"]=>
  string(7) "HHP4089"
  ["unidade"]=>
  string(1) "3"
}

[06/09/2022 09:02:53] Verificando a solicitação...
[06/09/2022 09:02:53] abgsoft-autopark-unimed.php
array(16) {
  ["_wpcf7"]=>
  string(4) "1703"
  ["_wpcf7_version"]=>
  string(5) "5.1.7"
  ["_wpcf7_locale"]=>
  string(5) "pt_BR"
  ["_wpcf7_unit_tag"]=>
  string(20) "wpcf7-f1703-p1524-o1"
  ["_wpcf7_container_post"]=>
  string(4) "1524"
  ["_wpcf7cf_hidden_group_fields"]=>
  string(2) "[]"
  ["_wpcf7cf_hidden_groups"]=>
  string(2) "[]"
  ["_wpcf7cf_visible_groups"]=>
  string(2) "[]"
  ["_wpcf7cf_repeaters"]=>
  string(2) "[]"
  ["_wpcf7cf_steps"]=>
  string(2) "{}"
  ["_wpcf7cf_options"]=>
  string(223) "{\"form_id\":1703,\"conditions\":[],\"settings\":{\"animation\":\"yes\",\"animation_intime\":200,\"animation_outtime\":200,\"conditions_ui\":\"normal\",\"notice_dismissed\":false,\"notice_dismissed_update-cf7-5.5.6\":true}}"
  ["nome"]=>
  string(33) "Marilene Saraiva Pires dos santos"
  ["cpf"]=>
  string(14) "526.974.286-15"
  ["email"]=>
  string(26) "Saraivamarilene2@gmail.com"
  ["placa"]=>
  string(7) "HHP4089"
  ["unidade"]=>
  string(1) "3"
}

[06/09/2022 09:04:12] Verificando a solicitação...
[06/09/2022 09:04:12] abgsoft-autopark-unimed.php
array(16) {
  ["_wpcf7"]=>
  string(4) "1703"
  ["_wpcf7_version"]=>
  string(5) "5.1.7"
  ["_wpcf7_locale"]=>
  string(5) "pt_BR"
  ["_wpcf7_unit_tag"]=>
  string(20) "wpcf7-f1703-p1524-o1"
  ["_wpcf7_container_post"]=>
  string(4) "1524"
  ["_wpcf7cf_hidden_group_fields"]=>
  string(2) "[]"
  ["_wpcf7cf_hidden_groups"]=>
  string(2) "[]"
  ["_wpcf7cf_visible_groups"]=>
  string(2) "[]"
  ["_wpcf7cf_repeaters"]=>
  string(2) "[]"
  ["_wpcf7cf_steps"]=>
  string(2) "{}"
  ["_wpcf7cf_options"]=>
  string(223) "{\"form_id\":1703,\"conditions\":[],\"settings\":{\"animation\":\"yes\",\"animation_intime\":200,\"animation_outtime\":200,\"conditions_ui\":\"normal\",\"notice_dismissed\":false,\"notice_dismissed_update-cf7-5.5.6\":true}}"
  ["nome"]=>
  string(15) "Thaynná Emille"
  ["cpf"]=>
  string(11) "12231838664"
  ["email"]=>
  string(23) "thaynnaemille@yahoo.com"
  ["placa"]=>
  string(7) "QNF1282"
  ["unidade"]=>
  string(1) "7"
}

[06/09/2022 09:05:07] Verificando a solicitação...
[06/09/2022 09:05:07] abgsoft-autopark-unimed.php
array(16) {
  ["_wpcf7"]=>
  string(4) "1703"
  ["_wpcf7_version"]=>
  string(5) "5.1.7"
  ["_wpcf7_locale"]=>
  string(5) "pt_BR"
  ["_wpcf7_unit_tag"]=>
  string(20) "wpcf7-f1703-p1524-o1"
  ["_wpcf7_container_post"]=>
  string(4) "1524"
  ["_wpcf7cf_hidden_group_fields"]=>
  string(2) "[]"
  ["_wpcf7cf_hidden_groups"]=>
  string(2) "[]"
  ["_wpcf7cf_visible_groups"]=>
  string(2) "[]"
  ["_wpcf7cf_repeaters"]=>
  string(2) "[]"
  ["_wpcf7cf_steps"]=>
  string(2) "{}"
  ["_wpcf7cf_options"]=>
  string(223) "{\"form_id\":1703,\"conditions\":[],\"settings\":{\"animation\":\"yes\",\"animation_intime\":200,\"animation_outtime\":200,\"conditions_ui\":\"normal\",\"notice_dismissed\":false,\"notice_dismissed_update-cf7-5.5.6\":true}}"
  ["nome"]=>
  string(33) "Marilene Saraiva Pires dos santos"
  ["cpf"]=>
  string(14) "526.974.286-15"
  ["email"]=>
  string(26) "saraivamarilene2@gmail.com"
  ["placa"]=>
  string(7) "HHP4089"
  ["unidade"]=>
  string(1) "3"
}

[06/09/2022 09:26:06] Verificando a solicitação...
[06/09/2022 09:26:06] abgsoft-autopark-unimed.php
array(16) {
  ["_wpcf7"]=>
  string(4) "1703"
  ["_wpcf7_version"]=>
  string(5) "5.1.7"
  ["_wpcf7_locale"]=>
  string(5) "pt_BR"
  ["_wpcf7_unit_tag"]=>
  string(20) "wpcf7-f1703-p1524-o1"
  ["_wpcf7_container_post"]=>
  string(4) "1524"
  ["_wpcf7cf_hidden_group_fields"]=>
  string(2) "[]"
  ["_wpcf7cf_hidden_groups"]=>
  string(2) "[]"
  ["_wpcf7cf_visible_groups"]=>
  string(2) "[]"
  ["_wpcf7cf_repeaters"]=>
  string(2) "[]"
  ["_wpcf7cf_steps"]=>
  string(2) "{}"
  ["_wpcf7cf_options"]=>
  string(223) "{\"form_id\":1703,\"conditions\":[],\"settings\":{\"animation\":\"yes\",\"animation_intime\":200,\"animation_outtime\":200,\"conditions_ui\":\"normal\",\"notice_dismissed\":false,\"notice_dismissed_update-cf7-5.5.6\":true}}"
  ["nome"]=>
  string(16) "Jair Junio Rosa "
  ["cpf"]=>
  string(11) "01489955607"
  ["email"]=>
  string(19) "dumbh2@yahoo.com.br"
  ["placa"]=>
  string(7) "Kqw9669"
  ["unidade"]=>
  string(1) "5"
}

[06/09/2022 09:59:30] Verificando a solicitação...
[06/09/2022 09:59:30] abgsoft-autopark-unimed.php
array(16) {
  ["_wpcf7"]=>
  string(4) "1703"
  ["_wpcf7_version"]=>
  string(5) "5.1.7"
  ["_wpcf7_locale"]=>
  string(5) "pt_BR"
  ["_wpcf7_unit_tag"]=>
  string(20) "wpcf7-f1703-p1524-o1"
  ["_wpcf7_container_post"]=>
  string(4) "1524"
  ["_wpcf7cf_hidden_group_fields"]=>
  string(2) "[]"
  ["_wpcf7cf_hidden_groups"]=>
  string(2) "[]"
  ["_wpcf7cf_visible_groups"]=>
  string(2) "[]"
  ["_wpcf7cf_repeaters"]=>
  string(2) "[]"
  ["_wpcf7cf_steps"]=>
  string(2) "{}"
  ["_wpcf7cf_options"]=>
  string(223) "{\"form_id\":1703,\"conditions\":[],\"settings\":{\"animation\":\"yes\",\"animation_intime\":200,\"animation_outtime\":200,\"conditions_ui\":\"normal\",\"notice_dismissed\":false,\"notice_dismissed_update-cf7-5.5.6\":true}}"
  ["nome"]=>
  string(31) "Rida Mateus Rodrigues oliveira "
  ["cpf"]=>
  string(11) "06445232639"
  ["email"]=>
  string(22) "ridmateus@yahoo.com.br"
  ["placa"]=>
  string(7) "Pvx1558"
  ["unidade"]=>
  string(1) "5"
}

[06/09/2022 10:26:09] Verificando a solicitação...
[06/09/2022 10:26:09] abgsoft-autopark-unimed.php
array(16) {
  ["_wpcf7"]=>
  string(4) "1703"
  ["_wpcf7_version"]=>
  string(5) "5.1.7"
  ["_wpcf7_locale"]=>
  string(5) "pt_BR"
  ["_wpcf7_unit_tag"]=>
  string(20) "wpcf7-f1703-p1524-o1"
  ["_wpcf7_container_post"]=>
  string(4) "1524"
  ["_wpcf7cf_hidden_group_fields"]=>
  string(2) "[]"
  ["_wpcf7cf_hidden_groups"]=>
  string(2) "[]"
  ["_wpcf7cf_visible_groups"]=>
  string(2) "[]"
  ["_wpcf7cf_repeaters"]=>
  string(2) "[]"
  ["_wpcf7cf_steps"]=>
  string(2) "{}"
  ["_wpcf7cf_options"]=>
  string(223) "{\"form_id\":1703,\"conditions\":[],\"settings\":{\"animation\":\"yes\",\"animation_intime\":200,\"animation_outtime\":200,\"conditions_ui\":\"normal\",\"notice_dismissed\":false,\"notice_dismissed_update-cf7-5.5.6\":true}}"
  ["nome"]=>
  string(23) "Carlos Antônio Mendes "
  ["cpf"]=>
  string(11) "03313527612"
  ["email"]=>
  string(29) "Carlos.antonio@dgranel.com.br"
  ["placa"]=>
  string(7) "Piv7c75"
  ["unidade"]=>
  string(1) "5"
}

[06/09/2022 10:27:13] Verificando a solicitação...
[06/09/2022 10:27:13] abgsoft-autopark-unimed.php
array(16) {
  ["_wpcf7"]=>
  string(4) "1703"
  ["_wpcf7_version"]=>
  string(5) "5.1.7"
  ["_wpcf7_locale"]=>
  string(5) "pt_BR"
  ["_wpcf7_unit_tag"]=>
  string(20) "wpcf7-f1703-p1524-o1"
  ["_wpcf7_container_post"]=>
  string(4) "1524"
  ["_wpcf7cf_hidden_group_fields"]=>
  string(2) "[]"
  ["_wpcf7cf_hidden_groups"]=>
  string(2) "[]"
  ["_wpcf7cf_visible_groups"]=>
  string(2) "[]"
  ["_wpcf7cf_repeaters"]=>
  string(2) "[]"
  ["_wpcf7cf_steps"]=>
  string(2) "{}"
  ["_wpcf7cf_options"]=>
  string(223) "{\"form_id\":1703,\"conditions\":[],\"settings\":{\"animation\":\"yes\",\"animation_intime\":200,\"animation_outtime\":200,\"conditions_ui\":\"normal\",\"notice_dismissed\":false,\"notice_dismissed_update-cf7-5.5.6\":true}}"
  ["nome"]=>
  string(14) "Edvaldo carlos"
  ["cpf"]=>
  string(11) "04360173695"
  ["email"]=>
  string(25) "edvaldocarlos22@gmail.com"
  ["placa"]=>
  string(7) "RNT3B55"
  ["unidade"]=>
  string(1) "2"
}

[06/09/2022 10:32:20] Verificando a solicitação...
[06/09/2022 10:32:20] abgsoft-autopark-unimed.php
array(16) {
  ["_wpcf7"]=>
  string(4) "1703"
  ["_wpcf7_version"]=>
  string(5) "5.1.7"
  ["_wpcf7_locale"]=>
  string(5) "pt_BR"
  ["_wpcf7_unit_tag"]=>
  string(20) "wpcf7-f1703-p1524-o1"
  ["_wpcf7_container_post"]=>
  string(4) "1524"
  ["_wpcf7cf_hidden_group_fields"]=>
  string(2) "[]"
  ["_wpcf7cf_hidden_groups"]=>
  string(2) "[]"
  ["_wpcf7cf_visible_groups"]=>
  string(2) "[]"
  ["_wpcf7cf_repeaters"]=>
  string(2) "[]"
  ["_wpcf7cf_steps"]=>
  string(2) "{}"
  ["_wpcf7cf_options"]=>
  string(223) "{\"form_id\":1703,\"conditions\":[],\"settings\":{\"animation\":\"yes\",\"animation_intime\":200,\"animation_outtime\":200,\"conditions_ui\":\"normal\",\"notice_dismissed\":false,\"notice_dismissed_update-cf7-5.5.6\":true}}"
  ["nome"]=>
  string(21) "Renata Caetano Bretz "
  ["cpf"]=>
  string(12) "04786664626 "
  ["email"]=>
  string(19) "bretz82@hotmail.com"
  ["placa"]=>
  string(8) "PUC6B79 "
  ["unidade"]=>
  string(1) "7"
}

[06/09/2022 10:33:04] Verificando a solicitação...
[06/09/2022 10:33:04] abgsoft-autopark-unimed.php
array(16) {
  ["_wpcf7"]=>
  string(4) "1703"
  ["_wpcf7_version"]=>
  string(5) "5.1.7"
  ["_wpcf7_locale"]=>
  string(5) "pt_BR"
  ["_wpcf7_unit_tag"]=>
  string(20) "wpcf7-f1703-p1524-o1"
  ["_wpcf7_container_post"]=>
  string(4) "1524"
  ["_wpcf7cf_hidden_group_fields"]=>
  string(2) "[]"
  ["_wpcf7cf_hidden_groups"]=>
  string(2) "[]"
  ["_wpcf7cf_visible_groups"]=>
  string(2) "[]"
  ["_wpcf7cf_repeaters"]=>
  string(2) "[]"
  ["_wpcf7cf_steps"]=>
  string(2) "{}"
  ["_wpcf7cf_options"]=>
  string(223) "{\"form_id\":1703,\"conditions\":[],\"settings\":{\"animation\":\"yes\",\"animation_intime\":200,\"animation_outtime\":200,\"conditions_ui\":\"normal\",\"notice_dismissed\":false,\"notice_dismissed_update-cf7-5.5.6\":true}}"
  ["nome"]=>
  string(21) "Luiz Maia de Freitas "
  ["cpf"]=>
  string(14) "556.163.726-68"
  ["email"]=>
  string(23) "suelimessiasf@gmail.com"
  ["placa"]=>
  string(7) "PRA5070"
  ["unidade"]=>
  string(1) "5"
}

[06/09/2022 10:39:27] Verificando a solicitação...
[06/09/2022 10:39:27] abgsoft-autopark-unimed.php
array(16) {
  ["_wpcf7"]=>
  string(4) "1703"
  ["_wpcf7_version"]=>
  string(5) "5.1.7"
  ["_wpcf7_locale"]=>
  string(5) "pt_BR"
  ["_wpcf7_unit_tag"]=>
  string(20) "wpcf7-f1703-p1524-o1"
  ["_wpcf7_container_post"]=>
  string(4) "1524"
  ["_wpcf7cf_hidden_group_fields"]=>
  string(2) "[]"
  ["_wpcf7cf_hidden_groups"]=>
  string(2) "[]"
  ["_wpcf7cf_visible_groups"]=>
  string(2) "[]"
  ["_wpcf7cf_repeaters"]=>
  string(2) "[]"
  ["_wpcf7cf_steps"]=>
  string(2) "{}"
  ["_wpcf7cf_options"]=>
  string(223) "{\"form_id\":1703,\"conditions\":[],\"settings\":{\"animation\":\"yes\",\"animation_intime\":200,\"animation_outtime\":200,\"conditions_ui\":\"normal\",\"notice_dismissed\":false,\"notice_dismissed_update-cf7-5.5.6\":true}}"
  ["nome"]=>
  string(22) "Ildemar Freitas Pires "
  ["cpf"]=>
  string(11) "03775113665"
  ["email"]=>
  string(21) "ildepires@hotmail.com"
  ["placa"]=>
  string(7) "NYG4754"
  ["unidade"]=>
  string(1) "2"
}

[06/09/2022 10:42:57] Verificando a solicitação...
[06/09/2022 10:42:57] abgsoft-autopark-unimed.php
array(16) {
  ["_wpcf7"]=>
  string(4) "1703"
  ["_wpcf7_version"]=>
  string(5) "5.1.7"
  ["_wpcf7_locale"]=>
  string(5) "pt_BR"
  ["_wpcf7_unit_tag"]=>
  string(20) "wpcf7-f1703-p1524-o1"
  ["_wpcf7_container_post"]=>
  string(4) "1524"
  ["_wpcf7cf_hidden_group_fields"]=>
  string(2) "[]"
  ["_wpcf7cf_hidden_groups"]=>
  string(2) "[]"
  ["_wpcf7cf_visible_groups"]=>
  string(2) "[]"
  ["_wpcf7cf_repeaters"]=>
  string(2) "[]"
  ["_wpcf7cf_steps"]=>
  string(2) "{}"
  ["_wpcf7cf_options"]=>
  string(223) "{\"form_id\":1703,\"conditions\":[],\"settings\":{\"animation\":\"yes\",\"animation_intime\":200,\"animation_outtime\":200,\"conditions_ui\":\"normal\",\"notice_dismissed\":false,\"notice_dismissed_update-cf7-5.5.6\":true}}"
  ["nome"]=>
  string(26) "Clever de Oliveira Júnior"
  ["cpf"]=>
  string(14) "044.082.516-40"
  ["email"]=>
  string(18) "cleverdj@gmail.com"
  ["placa"]=>
  string(7) "hbh2336"
  ["unidade"]=>
  string(1) "5"
}

[06/09/2022 10:52:08] Verificando a solicitação...
[06/09/2022 10:52:08] abgsoft-autopark-unimed.php
array(16) {
  ["_wpcf7"]=>
  string(4) "1703"
  ["_wpcf7_version"]=>
  string(5) "5.1.7"
  ["_wpcf7_locale"]=>
  string(5) "pt_BR"
  ["_wpcf7_unit_tag"]=>
  string(20) "wpcf7-f1703-p1524-o1"
  ["_wpcf7_container_post"]=>
  string(4) "1524"
  ["_wpcf7cf_hidden_group_fields"]=>
  string(2) "[]"
  ["_wpcf7cf_hidden_groups"]=>
  string(2) "[]"
  ["_wpcf7cf_visible_groups"]=>
  string(2) "[]"
  ["_wpcf7cf_repeaters"]=>
  string(2) "[]"
  ["_wpcf7cf_steps"]=>
  string(2) "{}"
  ["_wpcf7cf_options"]=>
  string(223) "{\"form_id\":1703,\"conditions\":[],\"settings\":{\"animation\":\"yes\",\"animation_intime\":200,\"animation_outtime\":200,\"conditions_ui\":\"normal\",\"notice_dismissed\":false,\"notice_dismissed_update-cf7-5.5.6\":true}}"
  ["nome"]=>
  string(22) "RICARDO LUIS DAMASCENO"
  ["cpf"]=>
  string(14) "001.423.176-08"
  ["email"]=>
  string(31) "ricardodamasceno28@yahoo.com.br"
  ["placa"]=>
  string(7) "Oqt4187"
  ["unidade"]=>
  string(1) "5"
}

