[08/12/2022 10:40:57] Verificando a solicitação...
[08/12/2022 10:40:57] abgsoft-autopark-unimed.php
array(5) {
  ["nome"]=>
  string(23) "Herculana Alves da Cruz"
  ["cpf"]=>
  string(14) "050.474.946-32"
  ["email"]=>
  string(24) "lanealves128@hotmail.com"
  ["placa"]=>
  string(7) "HMY3A17"
  ["unidade"]=>
  array(1) {
    [0]=>
    string(1) "3"
  }
}

[08/12/2022 11:33:44] Verificando a solicitação...
[08/12/2022 11:33:44] abgsoft-autopark-unimed.php
array(5) {
  ["nome"]=>
  string(29) "Ana Cláudia Dias de Carvalho"
  ["cpf"]=>
  string(14) "863.945.686-00"
  ["email"]=>
  string(24) "ana14claudinha@gmail.com"
  ["placa"]=>
  string(8) "PXA 7891"
  ["unidade"]=>
  array(1) {
    [0]=>
    string(1) "2"
  }
}

[08/12/2022 11:38:48] Verificando a solicitação...
[08/12/2022 11:38:48] abgsoft-autopark-unimed.php
array(5) {
  ["nome"]=>
  string(29) "Ana Cláudia Dias de Carvalho"
  ["cpf"]=>
  string(14) "863.945.686-00"
  ["email"]=>
  string(24) "ana14claudinha@gmail.com"
  ["placa"]=>
  string(8) "PXA 7891"
  ["unidade"]=>
  array(1) {
    [0]=>
    string(1) "2"
  }
}

[08/12/2022 11:58:09] Verificando a solicitação...
[08/12/2022 11:58:09] abgsoft-autopark-unimed.php
array(5) {
  ["nome"]=>
  string(25) "TATIANE FERREIRA TEIXEIRA"
  ["cpf"]=>
  string(14) "075.128.786-56"
  ["email"]=>
  string(27) "tatianefereira245@gmail.com"
  ["placa"]=>
  string(7) "pwm3a89"
  ["unidade"]=>
  array(1) {
    [0]=>
    string(1) "3"
  }
}

[08/12/2022 01:06:00] Verificando a solicitação...
[08/12/2022 01:06:00] abgsoft-autopark-unimed.php
array(5) {
  ["nome"]=>
  string(26) "Ana Luísa De Souza Beleza"
  ["cpf"]=>
  string(11) "08939172655"
  ["email"]=>
  string(23) "luisabeleza@hotmail.com"
  ["placa"]=>
  string(7) "PZA7085"
  ["unidade"]=>
  array(1) {
    [0]=>
    string(1) "7"
  }
}

[08/12/2022 01:36:08] Verificando a solicitação...
[08/12/2022 01:36:08] abgsoft-autopark-unimed.php
array(5) {
  ["nome"]=>
  string(41) "ROBERTA DE FATIMA ARAUJO VENANCIO BARBOSA"
  ["cpf"]=>
  string(14) "093.766.416-20"
  ["email"]=>
  string(24) "robertabh545@hotmail.com"
  ["placa"]=>
  string(7) "HCI7194"
  ["unidade"]=>
  array(1) {
    [0]=>
    string(1) "2"
  }
}

[08/12/2022 01:39:13] Verificando a solicitação...
[08/12/2022 01:39:13] abgsoft-autopark-unimed.php
array(5) {
  ["nome"]=>
  string(22) "Cássio Alves de Brito"
  ["cpf"]=>
  string(14) "690.758.406-91"
  ["email"]=>
  string(19) "cabcassio@gmail.com"
  ["placa"]=>
  string(7) "puy7348"
  ["unidade"]=>
  array(1) {
    [0]=>
    string(1) "5"
  }
}

[08/12/2022 01:39:15] Verificando a solicitação...
[08/12/2022 01:39:15] abgsoft-autopark-unimed.php
array(5) {
  ["nome"]=>
  string(22) "Cássio Alves de Brito"
  ["cpf"]=>
  string(14) "690.758.406-91"
  ["email"]=>
  string(19) "cabcassio@gmail.com"
  ["placa"]=>
  string(7) "puy7348"
  ["unidade"]=>
  array(1) {
    [0]=>
    string(1) "5"
  }
}

[08/12/2022 01:39:17] Verificando a solicitação...
[08/12/2022 01:39:17] abgsoft-autopark-unimed.php
array(5) {
  ["nome"]=>
  string(22) "Cássio Alves de Brito"
  ["cpf"]=>
  string(14) "690.758.406-91"
  ["email"]=>
  string(19) "cabcassio@gmail.com"
  ["placa"]=>
  string(7) "puy7348"
  ["unidade"]=>
  array(1) {
    [0]=>
    string(1) "5"
  }
}

[08/12/2022 01:39:17] Verificando a solicitação...
[08/12/2022 01:39:17] abgsoft-autopark-unimed.php
array(5) {
  ["nome"]=>
  string(22) "Cássio Alves de Brito"
  ["cpf"]=>
  string(14) "690.758.406-91"
  ["email"]=>
  string(19) "cabcassio@gmail.com"
  ["placa"]=>
  string(7) "puy7348"
  ["unidade"]=>
  array(1) {
    [0]=>
    string(1) "5"
  }
}

[08/12/2022 02:55:15] Verificando a solicitação...
[08/12/2022 02:55:15] abgsoft-autopark-unimed.php
array(5) {
  ["nome"]=>
  string(29) "Marlos César de Souza Novais"
  ["cpf"]=>
  string(14) "148.799.991-72"
  ["email"]=>
  string(19) "Marlos@glmmg.org.br"
  ["placa"]=>
  string(7) "pxr0390"
  ["unidade"]=>
  array(1) {
    [0]=>
    string(1) "5"
  }
}

[08/12/2022 04:12:59] Verificando a solicitação...
[08/12/2022 04:27:34] Verificando a solicitação...
[08/12/2022 04:36:41] Verificando a solicitação...
[08/12/2022 04:36:41] abgsoft-autopark-unimed.php
array(5) {
  ["nome"]=>
  string(15) "Gláucia Duque "
  ["cpf"]=>
  string(14) "039.000.876-10"
  ["email"]=>
  string(22) "glauciaduk@hotmail.com"
  ["placa"]=>
  string(7) "OLQ7606"
  ["unidade"]=>
  array(1) {
    [0]=>
    string(1) "1"
  }
}

[08/12/2022 07:45:17] Verificando a solicitação...
[08/12/2022 07:45:17] abgsoft-autopark-unimed.php
array(5) {
  ["nome"]=>
  string(32) "Wilson Wagner de Souza Ferreira "
  ["cpf"]=>
  string(11) "29764866620"
  ["email"]=>
  string(23) "alvorada143@hotmail.com"
  ["placa"]=>
  string(7) "QNS8100"
  ["unidade"]=>
  array(1) {
    [0]=>
    string(1) "7"
  }
}

[08/12/2022 09:04:23] Verificando a solicitação...
[08/12/2022 09:04:23] abgsoft-autopark-unimed.php
array(5) {
  ["nome"]=>
  string(22) "cristiane campos silva"
  ["cpf"]=>
  string(11) "04705585631"
  ["email"]=>
  string(21) "criscsilva@bol.com.br"
  ["placa"]=>
  string(7) "qqx0231"
  ["unidade"]=>
  array(1) {
    [0]=>
    string(1) "3"
  }
}

[08/12/2022 10:32:37] Verificando a solicitação...
