[02/12/2022 12:04:11] Verificando a solicitação...
[02/12/2022 12:04:11] abgsoft-autopark-unimed.php
array(5) {
  ["nome"]=>
  string(27) "Eneide Zoraide Balena Faria"
  ["cpf"]=>
  string(11) "13007033691"
  ["email"]=>
  string(26) "eneide.balena@yahoo.com.br"
  ["placa"]=>
  string(7) "HFW6922"
  ["unidade"]=>
  array(1) {
    [0]=>
    string(1) "5"
  }
}

[02/12/2022 12:11:24] Verificando a solicitação...
[02/12/2022 12:11:24] abgsoft-autopark-unimed.php
array(5) {
  ["nome"]=>
  string(27) "Eneide Zoraide Balena Faria"
  ["cpf"]=>
  string(11) "13007033691"
  ["email"]=>
  string(26) "eneide.balena@yahoo.com.br"
  ["placa"]=>
  string(7) "HFW6922"
  ["unidade"]=>
  array(1) {
    [0]=>
    string(1) "5"
  }
}

[02/12/2022 12:39:11] Verificando a solicitação...
[02/12/2022 12:39:11] abgsoft-autopark-unimed.php
array(5) {
  ["nome"]=>
  string(26) "Aluisio Celso De Oliveira "
  ["cpf"]=>
  string(15) "245.429.976-34 "
  ["email"]=>
  string(28) "aluisio.deoliveira@yahoo.com"
  ["placa"]=>
  string(8) "PYC-6315"
  ["unidade"]=>
  array(1) {
    [0]=>
    string(1) "5"
  }
}

[02/12/2022 01:18:28] Verificando a solicitação...
[02/12/2022 01:18:28] abgsoft-autopark-unimed.php
array(5) {
  ["nome"]=>
  string(36) "ROBÉRIO MARTINS DE OLIVEIRA PACHECO"
  ["cpf"]=>
  string(11) "76582230697"
  ["email"]=>
  string(26) "roberiomopacheco@gmail.com"
  ["placa"]=>
  string(7) "RFR7F16"
  ["unidade"]=>
  array(1) {
    [0]=>
    string(1) "4"
  }
}

[02/12/2022 02:01:32] Verificando a solicitação...
[02/12/2022 02:01:32] abgsoft-autopark-unimed.php
array(5) {
  ["nome"]=>
  string(31) "Nayara Cristina de Faria Silva "
  ["cpf"]=>
  string(14) "016.031.566-23"
  ["email"]=>
  string(29) "nayaracristina17@yahoo.com.br"
  ["placa"]=>
  string(7) "HFB4863"
  ["unidade"]=>
  array(1) {
    [0]=>
    string(1) "3"
  }
}

[02/12/2022 03:24:33] Verificando a solicitação...
[02/12/2022 03:24:33] abgsoft-autopark-unimed.php
array(5) {
  ["nome"]=>
  string(22) "warley de Silva Neves "
  ["cpf"]=>
  string(15) "066.563.386-66 "
  ["email"]=>
  string(20) "warleysn@hotmail.com"
  ["placa"]=>
  string(8) "HMI 6332"
  ["unidade"]=>
  array(1) {
    [0]=>
    string(1) "5"
  }
}

[02/12/2022 03:33:14] Verificando a solicitação...
[02/12/2022 03:33:14] abgsoft-autopark-unimed.php
array(5) {
  ["nome"]=>
  string(20) "Audiana Alves Souza "
  ["cpf"]=>
  string(14) "062.601.146-99"
  ["email"]=>
  string(21) "audisouza82@gmail.com"
  ["placa"]=>
  string(7) "FkT6A80"
  ["unidade"]=>
  array(1) {
    [0]=>
    string(1) "6"
  }
}

[02/12/2022 06:27:44] Verificando a solicitação...
[02/12/2022 06:27:44] abgsoft-autopark-unimed.php
array(5) {
  ["nome"]=>
  string(23) "Maxwell Alves Serrinha "
  ["cpf"]=>
  string(14) "056.137.256-08"
  ["email"]=>
  string(27) "maxwellserrinha@hotmail.com"
  ["placa"]=>
  string(7) "Nqc0777"
  ["unidade"]=>
  array(1) {
    [0]=>
    string(1) "5"
  }
}

[02/12/2022 08:35:15] Verificando a solicitação...
[02/12/2022 08:35:15] abgsoft-autopark-unimed.php
array(5) {
  ["nome"]=>
  string(28) "Maria Isabel Fernandes Silva"
  ["cpf"]=>
  string(14) "077.430.696-30"
  ["email"]=>
  string(25) "belfernandess@hotmail.com"
  ["placa"]=>
  string(7) "OPT7236"
  ["unidade"]=>
  array(1) {
    [0]=>
    string(1) "7"
  }
}

[02/12/2022 09:21:29] Verificando a solicitação...
[02/12/2022 09:21:29] abgsoft-autopark-unimed.php
array(5) {
  ["nome"]=>
  string(7) "Eduardo"
  ["cpf"]=>
  string(14) "070.511.706-51"
  ["email"]=>
  string(25) "eloi.ilustrador@gmail.com"
  ["placa"]=>
  string(7) "Hcs5451"
  ["unidade"]=>
  array(1) {
    [0]=>
    string(1) "2"
  }
}

[02/12/2022 10:29:51] Verificando a solicitação...
[02/12/2022 10:29:51] abgsoft-autopark-unimed.php
array(5) {
  ["nome"]=>
  string(26) "Vanessa Porto de Oliveira "
  ["cpf"]=>
  string(11) "06581593648"
  ["email"]=>
  string(20) "vanecika@hotmail.com"
  ["placa"]=>
  string(7) "Rvg1c79"
  ["unidade"]=>
  array(1) {
    [0]=>
    string(1) "5"
  }
}

[02/12/2022 10:55:48] Verificando a solicitação...
[02/12/2022 10:55:48] abgsoft-autopark-unimed.php
array(5) {
  ["nome"]=>
  string(10) "Vanderson "
  ["cpf"]=>
  string(15) "038.250.736-37 "
  ["email"]=>
  string(21) "souzadivino@gmail.com"
  ["placa"]=>
  string(7) "RVJ6F59"
  ["unidade"]=>
  array(1) {
    [0]=>
    string(1) "5"
  }
}

[02/12/2022 11:19:02] Verificando a solicitação...
[02/12/2022 11:19:02] abgsoft-autopark-unimed.php
array(5) {
  ["nome"]=>
  string(13) "Jaime Schrier"
  ["cpf"]=>
  string(11) "30015383687"
  ["email"]=>
  string(25) "jaime@multpapeisbh.com.br"
  ["placa"]=>
  string(7) "PRG1990"
  ["unidade"]=>
  array(1) {
    [0]=>
    string(1) "5"
  }
}

[02/12/2022 11:49:06] Verificando a solicitação...
[02/12/2022 11:49:06] abgsoft-autopark-unimed.php
array(5) {
  ["nome"]=>
  string(27) "Nilmara Aparecida Guimaraes"
  ["cpf"]=>
  string(14) "088.512.686-65"
  ["email"]=>
  string(29) "nilmaraguimaraes@yahoo.com.br"
  ["placa"]=>
  string(7) "PVL2158"
  ["unidade"]=>
  array(1) {
    [0]=>
    string(1) "7"
  }
}

[02/12/2022 12:19:24] Verificando a solicitação...
[02/12/2022 12:19:24] abgsoft-autopark-unimed.php
array(5) {
  ["nome"]=>
  string(19) "Nilton Jorge Cunha "
  ["cpf"]=>
  string(14) "043.408.246-58"
  ["email"]=>
  string(29) "nilton.jorgecunha40@gmail.com"
  ["placa"]=>
  string(8) "RVO2B67 "
  ["unidade"]=>
  array(1) {
    [0]=>
    string(1) "5"
  }
}

[02/12/2022 12:24:09] Verificando a solicitação...
[02/12/2022 12:24:09] abgsoft-autopark-unimed.php
array(5) {
  ["nome"]=>
  string(37) "marilda aparecida gonçalves do carmo"
  ["cpf"]=>
  string(14) "522.157.766-68"
  ["email"]=>
  string(16) "rilgdc@gmail.com"
  ["placa"]=>
  string(7) "RMX3B22"
  ["unidade"]=>
  array(1) {
    [0]=>
    string(1) "5"
  }
}

[02/12/2022 01:06:38] Verificando a solicitação...
[02/12/2022 01:20:54] Verificando a solicitação...
[02/12/2022 01:20:54] abgsoft-autopark-unimed.php
array(5) {
  ["nome"]=>
  string(29) "José Marcos Dias dos Santos "
  ["cpf"]=>
  string(15) "442.966.576-15 "
  ["email"]=>
  string(22) "j.marcosantos@live.com"
  ["placa"]=>
  string(8) "Qph1h56 "
  ["unidade"]=>
  array(1) {
    [0]=>
    string(1) "4"
  }
}

[02/12/2022 02:12:06] Verificando a solicitação...
[02/12/2022 02:12:06] abgsoft-autopark-unimed.php
array(5) {
  ["nome"]=>
  string(31) "Antonio Cassio de Almeida Motta"
  ["cpf"]=>
  string(14) "269.357.676-87"
  ["email"]=>
  string(17) "cassio@pbh.gov.br"
  ["placa"]=>
  string(7) "rtt8i70"
  ["unidade"]=>
  array(1) {
    [0]=>
    string(1) "4"
  }
}

[02/12/2022 02:24:11] Verificando a solicitação...
[02/12/2022 02:24:11] abgsoft-autopark-unimed.php
array(5) {
  ["nome"]=>
  string(18) "GRAZIELLA FÁTIMA "
  ["cpf"]=>
  string(11) "04458572695"
  ["email"]=>
  string(25) "graziellafatima@gmail.com"
  ["placa"]=>
  string(8) "HZT3F03 "
  ["unidade"]=>
  array(1) {
    [0]=>
    string(1) "5"
  }
}

[02/12/2022 02:37:51] Verificando a solicitação...
[02/12/2022 02:37:51] abgsoft-autopark-unimed.php
array(5) {
  ["nome"]=>
  string(22) "Irene Beatriz Da Silva"
  ["cpf"]=>
  string(14) "057.859.966-00"
  ["email"]=>
  string(30) "irenebeatrizsilva@yahoo.com.br"
  ["placa"]=>
  string(7) "OXB8968"
  ["unidade"]=>
  array(1) {
    [0]=>
    string(1) "2"
  }
}

[02/12/2022 02:59:58] Verificando a solicitação...
[02/12/2022 02:59:58] abgsoft-autopark-unimed.php
array(5) {
  ["nome"]=>
  string(39) "Matheus Alexander Damascena de Carvalho"
  ["cpf"]=>
  string(11) "12550569679"
  ["email"]=>
  string(25) "rapha.crist12@hotmail.com"
  ["placa"]=>
  string(7) "Hcg9i33"
  ["unidade"]=>
  array(1) {
    [0]=>
    string(1) "7"
  }
}

[02/12/2022 03:30:17] Verificando a solicitação...
[02/12/2022 03:30:17] abgsoft-autopark-unimed.php
array(5) {
  ["nome"]=>
  string(22) "Debora ferreira borges"
  ["cpf"]=>
  string(11) "06959517699"
  ["email"]=>
  string(25) "deborafborgessz@gmail.com"
  ["placa"]=>
  string(7) "Gzj7385"
  ["unidade"]=>
  array(1) {
    [0]=>
    string(1) "5"
  }
}

[02/12/2022 03:31:28] Verificando a solicitação...
[02/12/2022 03:31:28] abgsoft-autopark-unimed.php
array(5) {
  ["nome"]=>
  string(36) "Jefferson Cesar Fagundes dos Santos "
  ["cpf"]=>
  string(11) "07047022660"
  ["email"]=>
  string(25) "regianefsilva90@gmail.com"
  ["placa"]=>
  string(7) "Hlh7j02"
  ["unidade"]=>
  array(1) {
    [0]=>
    string(1) "4"
  }
}

[02/12/2022 04:01:06] Verificando a solicitação...
[02/12/2022 04:01:06] abgsoft-autopark-unimed.php
array(5) {
  ["nome"]=>
  string(16) "Waldene Machado "
  ["cpf"]=>
  string(15) "043.913.546-08 "
  ["email"]=>
  string(27) "waldenemachado@yahoo.com.br"
  ["placa"]=>
  string(7) "Pyi3765"
  ["unidade"]=>
  array(1) {
    [0]=>
    string(1) "7"
  }
}

[02/12/2022 04:33:01] Verificando a solicitação...
[02/12/2022 04:33:01] abgsoft-autopark-unimed.php
array(5) {
  ["nome"]=>
  string(19) "Leonardo Reis Braga"
  ["cpf"]=>
  string(11) "03687126641"
  ["email"]=>
  string(22) "leogalo13@yahoo.com.br"
  ["placa"]=>
  string(7) "PWN7314"
  ["unidade"]=>
  array(1) {
    [0]=>
    string(1) "3"
  }
}

[02/12/2022 04:57:44] Verificando a solicitação...
[02/12/2022 05:13:35] Verificando a solicitação...
[02/12/2022 05:20:05] Verificando a solicitação...
[02/12/2022 05:20:05] abgsoft-autopark-unimed.php
array(5) {
  ["nome"]=>
  string(30) "Lucas Wylker Gonçalves Coelho"
  ["cpf"]=>
  string(11) "13029737624"
  ["email"]=>
  string(21) "lucaswylker@gmail.com"
  ["placa"]=>
  string(7) "hgo9812"
  ["unidade"]=>
  array(1) {
    [0]=>
    string(1) "1"
  }
}

[02/12/2022 09:08:33] Verificando a solicitação...
[02/12/2022 09:08:33] abgsoft-autopark-unimed.php
array(5) {
  ["nome"]=>
  string(23) "Paulo Ricardo de Castro"
  ["cpf"]=>
  string(15) "094.745.356-39 "
  ["email"]=>
  string(28) "paulo.monteiro2020@yahoo.com"
  ["placa"]=>
  string(7) "PAR9A43"
  ["unidade"]=>
  array(1) {
    [0]=>
    string(1) "5"
  }
}

[02/12/2022 09:15:33] Verificando a solicitação...
[02/12/2022 09:15:33] abgsoft-autopark-unimed.php
array(5) {
  ["nome"]=>
  string(27) "Vinícius de Souza Carvalho"
  ["cpf"]=>
  string(11) "05959346680"
  ["email"]=>
  string(18) "vini.com@gmail.com"
  ["placa"]=>
  string(7) "Gto2440"
  ["unidade"]=>
  array(1) {
    [0]=>
    string(1) "7"
  }
}

[02/12/2022 10:11:51] Verificando a solicitação...
[02/12/2022 10:11:51] abgsoft-autopark-unimed.php
array(5) {
  ["nome"]=>
  string(29) "Gael Victor da Silva Ferreira"
  ["cpf"]=>
  string(14) "184.161.626-54"
  ["email"]=>
  string(29) "jorgeferreira1991@hotmail.com"
  ["placa"]=>
  string(7) "Hat4a30"
  ["unidade"]=>
  array(1) {
    [0]=>
    string(1) "7"
  }
}

