[01/11/2022 12:54:49] Verificando a solicitação...
[01/11/2022 12:54:49] abgsoft-autopark-unimed.php
array(5) {
  ["nome"]=>
  string(34) "Eliezer Souza Alcântara da Silva "
  ["cpf"]=>
  string(14) "159.045.338-70"
  ["email"]=>
  string(28) "eliezeralcantara32@gmail.com"
  ["placa"]=>
  string(8) "QDD8F31 "
  ["unidade"]=>
  array(1) {
    [0]=>
    string(1) "3"
  }
}

[01/11/2022 01:24:27] Verificando a solicitação...
[01/11/2022 01:24:27] abgsoft-autopark-unimed.php
array(5) {
  ["nome"]=>
  string(30) "Luana thays Rodrigues da silva"
  ["cpf"]=>
  string(11) "10332629600"
  ["email"]=>
  string(22) "luliana.lu@hotmail.com"
  ["placa"]=>
  string(7) "Oqb6466"
  ["unidade"]=>
  array(1) {
    [0]=>
    string(1) "7"
  }
}

[01/11/2022 02:26:44] Verificando a solicitação...
[01/11/2022 02:26:44] abgsoft-autopark-unimed.php
array(5) {
  ["nome"]=>
  string(25) "Wellington Luiz Teixeira "
  ["cpf"]=>
  string(11) "04084041670"
  ["email"]=>
  string(26) "lutei.wellington@gmail.com"
  ["placa"]=>
  string(8) "HJP8A48 "
  ["unidade"]=>
  array(1) {
    [0]=>
    string(1) "5"
  }
}

[01/11/2022 02:45:05] Verificando a solicitação...
[01/11/2022 02:45:05] abgsoft-autopark-unimed.php
array(5) {
  ["nome"]=>
  string(12) "Loren vieira"
  ["cpf"]=>
  string(11) "08525033693"
  ["email"]=>
  string(25) "looh.vieira15@outlook.com"
  ["placa"]=>
  string(7) "PYQ8J20"
  ["unidade"]=>
  array(1) {
    [0]=>
    string(1) "5"
  }
}

[01/11/2022 02:49:08] Verificando a solicitação...
[01/11/2022 02:49:08] abgsoft-autopark-unimed.php
array(5) {
  ["nome"]=>
  string(35) "WASHINGTON harllen Azevedo Pereira "
  ["cpf"]=>
  string(14) "074.321.036-07"
  ["email"]=>
  string(24) "Washington.h@hotmail.com"
  ["placa"]=>
  string(7) "RFB9G85"
  ["unidade"]=>
  array(1) {
    [0]=>
    string(1) "5"
  }
}

[01/11/2022 03:12:04] Verificando a solicitação...
[01/11/2022 03:12:04] abgsoft-autopark-unimed.php
array(5) {
  ["nome"]=>
  string(10) "Patrícia "
  ["cpf"]=>
  string(11) "09912233654"
  ["email"]=>
  string(26) "taniabrandao47@hotmail.com"
  ["placa"]=>
  string(8) "QNK 3720"
  ["unidade"]=>
  array(1) {
    [0]=>
    string(1) "5"
  }
}

[01/11/2022 07:20:08] Verificando a solicitação...
[01/11/2022 07:20:08] abgsoft-autopark-unimed.php
array(5) {
  ["nome"]=>
  string(30) "Lilian Chistine Nunes Miranda "
  ["cpf"]=>
  string(14) "924.027.986-53"
  ["email"]=>
  string(28) "lilian.crhistine72@gmail.com"
  ["placa"]=>
  string(7) "QUD5E14"
  ["unidade"]=>
  array(1) {
    [0]=>
    string(1) "7"
  }
}

[01/11/2022 08:54:43] Verificando a solicitação...
[01/11/2022 08:54:43] abgsoft-autopark-unimed.php
array(5) {
  ["nome"]=>
  string(21) "Johnny Leonel Xavier "
  ["cpf"]=>
  string(11) "08161347662"
  ["email"]=>
  string(28) "johnnyleonel2012@hotmail.com"
  ["placa"]=>
  string(7) "Qqc2843"
  ["unidade"]=>
  array(1) {
    [0]=>
    string(1) "3"
  }
}

[01/11/2022 08:55:40] Verificando a solicitação...
[01/11/2022 08:55:40] abgsoft-autopark-unimed.php
array(5) {
  ["nome"]=>
  string(25) "Janice Silvério Ribeiro "
  ["cpf"]=>
  string(11) "05965186681"
  ["email"]=>
  string(31) "janicesilverio2602@yahoo.com.br"
  ["placa"]=>
  string(8) "OPV 7843"
  ["unidade"]=>
  array(1) {
    [0]=>
    string(1) "3"
  }
}

[01/11/2022 08:56:33] Verificando a solicitação...
[01/11/2022 08:56:33] abgsoft-autopark-unimed.php
array(5) {
  ["nome"]=>
  string(21) "Johnny Leonel Xavier "
  ["cpf"]=>
  string(11) "08161347662"
  ["email"]=>
  string(28) "johnnyleonel2012@hotmail.com"
  ["placa"]=>
  string(7) "Qqc2843"
  ["unidade"]=>
  array(1) {
    [0]=>
    string(1) "3"
  }
}

[01/11/2022 09:11:09] Verificando a solicitação...
[01/11/2022 09:11:09] abgsoft-autopark-unimed.php
array(5) {
  ["nome"]=>
  string(27) "Anderson Ferreira de Souza "
  ["cpf"]=>
  string(14) "747.451.406-06"
  ["email"]=>
  string(20) "dimbh30@yahoo.com.br"
  ["placa"]=>
  string(8) "Hlh1878 "
  ["unidade"]=>
  array(1) {
    [0]=>
    string(1) "7"
  }
}

[01/11/2022 09:17:13] Verificando a solicitação...
[01/11/2022 09:17:13] abgsoft-autopark-unimed.php
array(5) {
  ["nome"]=>
  string(21) "Alessandra Henriques "
  ["cpf"]=>
  string(10) "0939700685"
  ["email"]=>
  string(34) "allesandrabh.henriques@hotmail.com"
  ["placa"]=>
  string(7) "QQF1F10"
  ["unidade"]=>
  array(1) {
    [0]=>
    string(1) "5"
  }
}

[01/11/2022 10:05:32] Verificando a solicitação...
[01/11/2022 10:05:32] abgsoft-autopark-unimed.php
array(5) {
  ["nome"]=>
  string(27) "Viviane Carvalho de Avelar "
  ["cpf"]=>
  string(14) "032.726.666-05"
  ["email"]=>
  string(24) "carvalhovivi75@gmail.com"
  ["placa"]=>
  string(8) "HMR-5064"
  ["unidade"]=>
  array(1) {
    [0]=>
    string(1) "7"
  }
}

[01/11/2022 10:12:32] Verificando a solicitação...
[01/11/2022 10:12:32] abgsoft-autopark-unimed.php
array(5) {
  ["nome"]=>
  string(30) "Jordane Marcelle Mendes Esaú "
  ["cpf"]=>
  string(11) "11955897603"
  ["email"]=>
  string(24) "Marcelleesau@hotmail.com"
  ["placa"]=>
  string(7) "Hic4407"
  ["unidade"]=>
  array(1) {
    [0]=>
    string(1) "3"
  }
}

[01/11/2022 10:13:28] Verificando a solicitação...
[01/11/2022 10:13:28] abgsoft-autopark-unimed.php
array(5) {
  ["nome"]=>
  string(7) "Geraldo"
  ["cpf"]=>
  string(11) "07287638690"
  ["email"]=>
  string(24) "geraldoribeiro@gmail.com"
  ["placa"]=>
  string(7) "PXI4F91"
  ["unidade"]=>
  array(1) {
    [0]=>
    string(1) "5"
  }
}

[01/11/2022 10:14:27] Verificando a solicitação...
[01/11/2022 10:14:27] abgsoft-autopark-unimed.php
array(5) {
  ["nome"]=>
  string(7) "Geraldo"
  ["cpf"]=>
  string(11) "07287638690"
  ["email"]=>
  string(24) "geraldoribeiro@gmail.com"
  ["placa"]=>
  string(7) "Pxi4f91"
  ["unidade"]=>
  array(1) {
    [0]=>
    string(1) "4"
  }
}

[01/11/2022 10:40:56] Verificando a solicitação...
[01/11/2022 10:40:56] abgsoft-autopark-unimed.php
array(5) {
  ["nome"]=>
  string(13) "Dilvan VIeira"
  ["cpf"]=>
  string(11) "67997082620"
  ["email"]=>
  string(18) "dilvan33@gmail.com"
  ["placa"]=>
  string(7) "OXH5262"
  ["unidade"]=>
  array(1) {
    [0]=>
    string(1) "5"
  }
}

[01/11/2022 10:57:44] Verificando a solicitação...
[01/11/2022 10:57:44] abgsoft-autopark-unimed.php
array(5) {
  ["nome"]=>
  string(23) "João Souza Cunha Neto "
  ["cpf"]=>
  string(14) "053.984.236-22"
  ["email"]=>
  string(21) "Jscunhaneto@gmail.com"
  ["placa"]=>
  string(7) "Pxv2460"
  ["unidade"]=>
  array(1) {
    [0]=>
    string(1) "7"
  }
}

[01/11/2022 11:07:03] Verificando a solicitação...
[01/11/2022 11:07:03] abgsoft-autopark-unimed.php
array(5) {
  ["nome"]=>
  string(31) "Eduardo Henrique Fagundes Silva"
  ["cpf"]=>
  string(14) "038.832.256-06"
  ["email"]=>
  string(30) "eduardohenrique930@outlook.com"
  ["placa"]=>
  string(8) "PVE 6913"
  ["unidade"]=>
  array(1) {
    [0]=>
    string(1) "2"
  }
}

[01/11/2022 11:12:39] Verificando a solicitação...
[01/11/2022 11:12:39] abgsoft-autopark-unimed.php
array(5) {
  ["nome"]=>
  string(11) "Josue Paulo"
  ["cpf"]=>
  string(14) "110.223.666-70"
  ["email"]=>
  string(24) "josue_bandit@hotmail.com"
  ["placa"]=>
  string(7) "Hmr5e94"
  ["unidade"]=>
  array(1) {
    [0]=>
    string(1) "4"
  }
}

[01/11/2022 11:23:34] Verificando a solicitação...
[01/11/2022 11:23:34] abgsoft-autopark-unimed.php
array(5) {
  ["nome"]=>
  string(29) "José Ferreira Coelho Júnior"
  ["cpf"]=>
  string(11) "54955955649"
  ["email"]=>
  string(30) "ferreiracoelhojunior@gmail.com"
  ["placa"]=>
  string(7) "Omg3351"
  ["unidade"]=>
  array(1) {
    [0]=>
    string(1) "7"
  }
}

[01/11/2022 12:09:02] Verificando a solicitação...
[01/11/2022 12:09:02] abgsoft-autopark-unimed.php
array(5) {
  ["nome"]=>
  string(29) "Elisabete Carvalho Leal Silva"
  ["cpf"]=>
  string(14) "054.999.396-75"
  ["email"]=>
  string(32) "carvalholeal.elisabete@gmail.com"
  ["placa"]=>
  string(7) "HFR9020"
  ["unidade"]=>
  array(1) {
    [0]=>
    string(1) "5"
  }
}

[01/11/2022 12:17:17] Verificando a solicitação...
[01/11/2022 12:17:17] abgsoft-autopark-unimed.php
array(5) {
  ["nome"]=>
  string(17) "Carolina Pimentel"
  ["cpf"]=>
  string(11) "10867657618"
  ["email"]=>
  string(27) "cpimentelcarolina@gamil.com"
  ["placa"]=>
  string(7) "HDY5555"
  ["unidade"]=>
  array(1) {
    [0]=>
    string(1) "4"
  }
}

[01/11/2022 12:44:23] Verificando a solicitação...
[01/11/2022 12:44:23] abgsoft-autopark-unimed.php
array(5) {
  ["nome"]=>
  string(29) "ROSILENE DE OLIVEIRA FERREIRA"
  ["cpf"]=>
  string(11) "03360904630"
  ["email"]=>
  string(22) "rosirosi.oli@gmail.com"
  ["placa"]=>
  string(7) "OMD7468"
  ["unidade"]=>
  array(1) {
    [0]=>
    string(1) "2"
  }
}

[01/11/2022 12:44:51] Verificando a solicitação...
[01/11/2022 12:44:51] abgsoft-autopark-unimed.php
array(5) {
  ["nome"]=>
  string(22) "vladimir mourão Gomes"
  ["cpf"]=>
  string(11) "60008288615"
  ["email"]=>
  string(20) "ctalentos@uol.com.br"
  ["placa"]=>
  string(7) "hjk2634"
  ["unidade"]=>
  array(1) {
    [0]=>
    string(1) "4"
  }
}

[01/11/2022 12:48:18] Verificando a solicitação...
[01/11/2022 12:48:18] abgsoft-autopark-unimed.php
array(5) {
  ["nome"]=>
  string(32) "Dayana Angélica Alves Nogueira "
  ["cpf"]=>
  string(15) "085.145.956-01 "
  ["email"]=>
  string(28) "dayanaangelica31@hotmail.com"
  ["placa"]=>
  string(8) "Pzg8739 "
  ["unidade"]=>
  array(1) {
    [0]=>
    string(1) "5"
  }
}

[01/11/2022 12:48:35] Verificando a solicitação...
[01/11/2022 12:48:35] abgsoft-autopark-unimed.php
array(5) {
  ["nome"]=>
  string(35) "PAULO CESAR CALDEIRA BRANT FERREIRA"
  ["cpf"]=>
  string(14) "526.069.886-04"
  ["email"]=>
  string(27) "cesarbrant2002@yahoo.com.br"
  ["placa"]=>
  string(7) "hfb2401"
  ["unidade"]=>
  array(1) {
    [0]=>
    string(1) "7"
  }
}

[01/11/2022 01:13:55] Verificando a solicitação...
[01/11/2022 01:13:55] abgsoft-autopark-unimed.php
array(5) {
  ["nome"]=>
  string(34) "JORGE LUIZ CRISPIM MENDES DE SOUZA"
  ["cpf"]=>
  string(14) "155.354.876-00"
  ["email"]=>
  string(27) "jorgel.crispim@yahoo.com.br"
  ["placa"]=>
  string(7) "RUI5E16"
  ["unidade"]=>
  array(1) {
    [0]=>
    string(1) "3"
  }
}

[01/11/2022 01:45:39] Verificando a solicitação...
[01/11/2022 01:45:39] abgsoft-autopark-unimed.php
array(5) {
  ["nome"]=>
  string(36) "Sara Rodrigues de Freitas dos Anjos "
  ["cpf"]=>
  string(14) "110.607.766-00"
  ["email"]=>
  string(26) "sararodriguesf@hotmail.com"
  ["placa"]=>
  string(7) "Hef6919"
  ["unidade"]=>
  array(1) {
    [0]=>
    string(1) "7"
  }
}

[01/11/2022 01:48:58] Verificando a solicitação...
[01/11/2022 01:48:58] abgsoft-autopark-unimed.php
array(5) {
  ["nome"]=>
  string(47) "Marina Aparecida Mendes de Oliveira Gonçalves "
  ["cpf"]=>
  string(14) "015.597.496-36"
  ["email"]=>
  string(24) "mendesolive@yahoo.com.br"
  ["placa"]=>
  string(7) "Hmd5546"
  ["unidade"]=>
  array(1) {
    [0]=>
    string(1) "5"
  }
}

[01/11/2022 02:16:23] Verificando a solicitação...
[01/11/2022 02:16:23] abgsoft-autopark-unimed.php
array(5) {
  ["nome"]=>
  string(19) "Alan Lopes Pereira "
  ["cpf"]=>
  string(14) "096.955.546-60"
  ["email"]=>
  string(23) "allanlopes765@gmail.com"
  ["placa"]=>
  string(8) "Pve6592 "
  ["unidade"]=>
  array(1) {
    [0]=>
    string(1) "3"
  }
}

[01/11/2022 02:18:01] Verificando a solicitação...
[01/11/2022 02:18:01] abgsoft-autopark-unimed.php
array(5) {
  ["nome"]=>
  string(36) "Poliana Aparecida Correa de Oliveira"
  ["cpf"]=>
  string(11) "01528547624"
  ["email"]=>
  string(24) "poliana.correa@gmail.com"
  ["placa"]=>
  string(7) "PYV1322"
  ["unidade"]=>
  array(1) {
    [0]=>
    string(1) "2"
  }
}

[01/11/2022 02:18:17] Verificando a solicitação...
[01/11/2022 02:18:17] abgsoft-autopark-unimed.php
array(5) {
  ["nome"]=>
  string(26) "NEIDE FERREIRA DE OLIVEIRA"
  ["cpf"]=>
  string(14) "700.910.216-34"
  ["email"]=>
  string(20) "neidefobio@gmail.com"
  ["placa"]=>
  string(7) "Pxh6c15"
  ["unidade"]=>
  array(1) {
    [0]=>
    string(1) "2"
  }
}

[01/11/2022 02:51:11] Verificando a solicitação...
[01/11/2022 02:51:11] abgsoft-autopark-unimed.php
array(5) {
  ["nome"]=>
  string(32) "Deborah Christian Blasco Alvarez"
  ["cpf"]=>
  string(11) "00055749607"
  ["email"]=>
  string(21) "dcblasco@yahoo.com.br"
  ["placa"]=>
  string(7) "PUW6641"
  ["unidade"]=>
  array(1) {
    [0]=>
    string(1) "5"
  }
}

[01/11/2022 02:56:37] Verificando a solicitação...
[01/11/2022 02:56:37] abgsoft-autopark-unimed.php
array(5) {
  ["nome"]=>
  string(28) "Graciele Oliveira Bernardes "
  ["cpf"]=>
  string(11) "99169207614"
  ["email"]=>
  string(27) "bernardesgraciele@gmail.com"
  ["placa"]=>
  string(8) "PYO 8443"
  ["unidade"]=>
  array(1) {
    [0]=>
    string(1) "5"
  }
}

[01/11/2022 03:49:51] Verificando a solicitação...
[01/11/2022 03:49:51] abgsoft-autopark-unimed.php
array(5) {
  ["nome"]=>
  string(35) "Dulcilene cândida de Souza honorio"
  ["cpf"]=>
  string(14) "007.015.736-78"
  ["email"]=>
  string(31) "dulcilenecandidasouza@gmail.com"
  ["placa"]=>
  string(7) "Hjb9404"
  ["unidade"]=>
  array(1) {
    [0]=>
    string(1) "2"
  }
}

[01/11/2022 04:02:05] Verificando a solicitação...
[01/11/2022 04:02:05] abgsoft-autopark-unimed.php
array(5) {
  ["nome"]=>
  string(25) "VALÉRIA DA SILVA BARBOSA"
  ["cpf"]=>
  string(14) "528.771.166-20"
  ["email"]=>
  string(29) "valeria.sbarbosa@yahoo.com.br"
  ["placa"]=>
  string(7) "HLK5771"
  ["unidade"]=>
  array(1) {
    [0]=>
    string(1) "5"
  }
}

[01/11/2022 04:03:14] Verificando a solicitação...
[01/11/2022 04:03:14] abgsoft-autopark-unimed.php
array(5) {
  ["nome"]=>
  string(36) "Priscilla Batista Tôrres de Lacerda"
  ["cpf"]=>
  string(11) "08120283686"
  ["email"]=>
  string(24) "priscilla12300@gmail.com"
  ["placa"]=>
  string(7) "HLN7E06"
  ["unidade"]=>
  array(1) {
    [0]=>
    string(1) "5"
  }
}

[01/11/2022 04:06:48] Verificando a solicitação...
[01/11/2022 04:06:48] abgsoft-autopark-unimed.php
array(5) {
  ["nome"]=>
  string(29) "Irleine Aparecida dos Santos "
  ["cpf"]=>
  string(14) "056.280.036-03"
  ["email"]=>
  string(23) "irleinesantos@gmail.com"
  ["placa"]=>
  string(7) "Gzt3329"
  ["unidade"]=>
  array(1) {
    [0]=>
    string(1) "1"
  }
}

[01/11/2022 04:07:49] Verificando a solicitação...
[01/11/2022 04:07:49] abgsoft-autopark-unimed.php
array(5) {
  ["nome"]=>
  string(29) "Irleine Aparecida dos Santos "
  ["cpf"]=>
  string(11) "05628003603"
  ["email"]=>
  string(23) "irleinesantos@gmail.com"
  ["placa"]=>
  string(7) "Gzt3329"
  ["unidade"]=>
  array(1) {
    [0]=>
    string(1) "1"
  }
}

[01/11/2022 04:08:22] Verificando a solicitação...
[01/11/2022 04:08:22] abgsoft-autopark-unimed.php
array(5) {
  ["nome"]=>
  string(19) "Ronan de Souza Reis"
  ["cpf"]=>
  string(14) "611.049.226-49"
  ["email"]=>
  string(20) "ronansreis@gmail.com"
  ["placa"]=>
  string(7) "HNA0121"
  ["unidade"]=>
  array(1) {
    [0]=>
    string(1) "5"
  }
}

[01/11/2022 04:21:51] Verificando a solicitação...
[01/11/2022 04:21:51] abgsoft-autopark-unimed.php
array(5) {
  ["nome"]=>
  string(9) "Gabriela "
  ["cpf"]=>
  string(14) "170.979.066-00"
  ["email"]=>
  string(24) "gabrielavana25@gmail.com"
  ["placa"]=>
  string(7) "NXZ3887"
  ["unidade"]=>
  array(1) {
    [0]=>
    string(1) "5"
  }
}

[01/11/2022 04:22:07] Verificando a solicitação...
[01/11/2022 04:22:07] abgsoft-autopark-unimed.php
array(5) {
  ["nome"]=>
  string(21) "Viviane Ribeiro Lima "
  ["cpf"]=>
  string(11) "04881219650"
  ["email"]=>
  string(27) "viviane_social@yahoo.com.br"
  ["placa"]=>
  string(7) "QMW2865"
  ["unidade"]=>
  array(1) {
    [0]=>
    string(1) "5"
  }
}

[01/11/2022 04:23:01] Verificando a solicitação...
[01/11/2022 04:23:01] abgsoft-autopark-unimed.php
array(5) {
  ["nome"]=>
  string(26) "Fernanda Da Costa Cardoso "
  ["cpf"]=>
  string(11) "26914132844"
  ["email"]=>
  string(22) "fernandaorto@gmail.com"
  ["placa"]=>
  string(7) "Ets9292"
  ["unidade"]=>
  array(1) {
    [0]=>
    string(1) "3"
  }
}

[01/11/2022 04:36:27] Verificando a solicitação...
[01/11/2022 04:36:27] abgsoft-autopark-unimed.php
array(5) {
  ["nome"]=>
  string(17) "Antonio Fernandes"
  ["cpf"]=>
  string(11) "48136433615"
  ["email"]=>
  string(34) "antoniopintofernandes@yahoo.com.br"
  ["placa"]=>
  string(7) "PWN1006"
  ["unidade"]=>
  array(1) {
    [0]=>
    string(1) "5"
  }
}

[01/11/2022 04:38:45] Verificando a solicitação...
[01/11/2022 04:38:45] abgsoft-autopark-unimed.php
array(5) {
  ["nome"]=>
  string(27) "Rigielle dos santos chagas "
  ["cpf"]=>
  string(14) "088.069.356-82"
  ["email"]=>
  string(20) "rigielle@hotmail.com"
  ["placa"]=>
  string(7) "Qks4182"
  ["unidade"]=>
  array(1) {
    [0]=>
    string(1) "3"
  }
}

[01/11/2022 04:39:26] Verificando a solicitação...
[01/11/2022 04:39:26] abgsoft-autopark-unimed.php
array(5) {
  ["nome"]=>
  string(26) "Mariana Oliveira de Assis "
  ["cpf"]=>
  string(11) "13878741600"
  ["email"]=>
  string(26) "marianaassisaero@gmail.com"
  ["placa"]=>
  string(7) "Gvx1893"
  ["unidade"]=>
  array(1) {
    [0]=>
    string(1) "7"
  }
}

[01/11/2022 04:45:47] Verificando a solicitação...
[01/11/2022 04:45:47] abgsoft-autopark-unimed.php
array(5) {
  ["nome"]=>
  string(31) "Thais Thamara Ferreira Ramalho "
  ["cpf"]=>
  string(11) "14291591624"
  ["email"]=>
  string(24) "tatazinha150@hotmail.com"
  ["placa"]=>
  string(8) "Hkh-6557"
  ["unidade"]=>
  array(1) {
    [0]=>
    string(1) "5"
  }
}

[01/11/2022 05:46:49] Verificando a solicitação...
[01/11/2022 05:46:49] abgsoft-autopark-unimed.php
array(5) {
  ["nome"]=>
  string(36) "Andréa Cristina Ferreira de Almeida"
  ["cpf"]=>
  string(14) "647.348.036-68"
  ["email"]=>
  string(25) "andreacfalmeida@gmail.com"
  ["placa"]=>
  string(8) "NYD 0372"
  ["unidade"]=>
  array(1) {
    [0]=>
    string(1) "5"
  }
}

[01/11/2022 05:55:22] Verificando a solicitação...
[01/11/2022 05:55:22] abgsoft-autopark-unimed.php
array(5) {
  ["nome"]=>
  string(14) "Carla Ferreira"
  ["cpf"]=>
  string(11) "09784024640"
  ["email"]=>
  string(19) "carlifr@hotmail.com"
  ["placa"]=>
  string(7) "Gzs2118"
  ["unidade"]=>
  array(1) {
    [0]=>
    string(1) "7"
  }
}

[01/11/2022 06:14:40] Verificando a solicitação...
[01/11/2022 06:14:40] abgsoft-autopark-unimed.php
array(5) {
  ["nome"]=>
  string(22) "Willian Neres Pereira "
  ["cpf"]=>
  string(8) "32673188"
  ["email"]=>
  string(25) "lucianalauren@hotmail.com"
  ["placa"]=>
  string(8) "Grrf9807"
  ["unidade"]=>
  array(1) {
    [0]=>
    string(1) "3"
  }
}

[01/11/2022 06:32:30] Verificando a solicitação...
[01/11/2022 06:32:30] abgsoft-autopark-unimed.php
array(5) {
  ["nome"]=>
  string(19) "jaqueline malaquias"
  ["cpf"]=>
  string(14) "548.709.846-87"
  ["email"]=>
  string(23) "jaq.malaquias@gmail.com"
  ["placa"]=>
  string(7) "HKA8356"
  ["unidade"]=>
  array(1) {
    [0]=>
    string(1) "7"
  }
}

[01/11/2022 06:56:53] Verificando a solicitação...
[01/11/2022 06:56:53] abgsoft-autopark-unimed.php
array(5) {
  ["nome"]=>
  string(7) "Ulisses"
  ["cpf"]=>
  string(11) "06908263622"
  ["email"]=>
  string(25) "ulissesmarlon@hotmail.com"
  ["placa"]=>
  string(7) "OMD3449"
  ["unidade"]=>
  array(1) {
    [0]=>
    string(1) "2"
  }
}

[01/11/2022 06:58:16] Verificando a solicitação...
[01/11/2022 06:58:16] abgsoft-autopark-unimed.php
array(5) {
  ["nome"]=>
  string(20) "Jefferson Pena Costa"
  ["cpf"]=>
  string(11) "07433293662"
  ["email"]=>
  string(24) "jeffersonpenna@gmail.com"
  ["placa"]=>
  string(7) "GSH4466"
  ["unidade"]=>
  array(1) {
    [0]=>
    string(1) "5"
  }
}

[01/11/2022 07:17:44] Verificando a solicitação...
[01/11/2022 07:17:44] abgsoft-autopark-unimed.php
array(5) {
  ["nome"]=>
  string(13) "sheila santos"
  ["cpf"]=>
  string(11) "83580107615"
  ["email"]=>
  string(25) "sheilahpsantos6@gmail.com"
  ["placa"]=>
  string(7) "QXZ2D97"
  ["unidade"]=>
  array(1) {
    [0]=>
    string(1) "3"
  }
}

[01/11/2022 07:23:05] Verificando a solicitação...
[01/11/2022 07:23:05] abgsoft-autopark-unimed.php
array(5) {
  ["nome"]=>
  string(26) "Valéria do Rosário Pires"
  ["cpf"]=>
  string(14) "957.711.156-49"
  ["email"]=>
  string(26) "valeriarpires@yahoo.com.br"
  ["placa"]=>
  string(7) "HMB4756"
  ["unidade"]=>
  array(1) {
    [0]=>
    string(1) "5"
  }
}

[01/11/2022 08:00:31] Verificando a solicitação...
[01/11/2022 08:00:31] abgsoft-autopark-unimed.php
array(5) {
  ["nome"]=>
  string(20) "Paulo Pimenta Alves "
  ["cpf"]=>
  string(14) "569.823.216-49"
  ["email"]=>
  string(24) "ppaconsultoria@gmail.com"
  ["placa"]=>
  string(7) "OWN6544"
  ["unidade"]=>
  array(1) {
    [0]=>
    string(1) "5"
  }
}

[01/11/2022 08:04:00] Verificando a solicitação...
[01/11/2022 08:04:00] abgsoft-autopark-unimed.php
array(5) {
  ["nome"]=>
  string(28) "Gustavo Macedo Lisboa Bahia "
  ["cpf"]=>
  string(11) "03285039671"
  ["email"]=>
  string(24) "gustavomlbahia@gmail.com"
  ["placa"]=>
  string(7) "RHF6C84"
  ["unidade"]=>
  array(1) {
    [0]=>
    string(1) "4"
  }
}

[01/11/2022 08:26:58] Verificando a solicitação...
[01/11/2022 08:40:19] Verificando a solicitação...
[01/11/2022 08:40:19] abgsoft-autopark-unimed.php
array(5) {
  ["nome"]=>
  string(31) "Erica aparecida da Silva Alves "
  ["cpf"]=>
  string(11) "08981332622"
  ["email"]=>
  string(29) "ericasilva.alves@yahoo.com.br"
  ["placa"]=>
  string(7) "Oqf5985"
  ["unidade"]=>
  array(1) {
    [0]=>
    string(1) "3"
  }
}

[01/11/2022 08:58:14] Verificando a solicitação...
[01/11/2022 08:58:14] abgsoft-autopark-unimed.php
array(5) {
  ["nome"]=>
  string(32) "Ana Maria Reis Sousa de Oliveira"
  ["cpf"]=>
  string(11) "01466379685"
  ["email"]=>
  string(26) "anaoliveira@guiamkt.com.br"
  ["placa"]=>
  string(7) "RGD2I10"
  ["unidade"]=>
  array(1) {
    [0]=>
    string(1) "2"
  }
}

[01/11/2022 09:38:57] Verificando a solicitação...
[01/11/2022 09:38:57] abgsoft-autopark-unimed.php
array(5) {
  ["nome"]=>
  string(26) "luciana Cavalcante índio "
  ["cpf"]=>
  string(11) "05375521628"
  ["email"]=>
  string(23) "pattyga2009@hotmail.com"
  ["placa"]=>
  string(7) "Hlz3169"
  ["unidade"]=>
  array(1) {
    [0]=>
    string(1) "3"
  }
}

[01/11/2022 09:55:39] Verificando a solicitação...
[01/11/2022 09:55:39] abgsoft-autopark-unimed.php
array(5) {
  ["nome"]=>
  string(22) "daisy mara vilas novas"
  ["cpf"]=>
  string(11) "04750767611"
  ["email"]=>
  string(22) "daisy.teca@hotmail.com"
  ["placa"]=>
  string(7) "owy8874"
  ["unidade"]=>
  array(1) {
    [0]=>
    string(1) "5"
  }
}

[01/11/2022 10:29:58] Verificando a solicitação...
[01/11/2022 10:29:58] abgsoft-autopark-unimed.php
array(5) {
  ["nome"]=>
  string(24) "Paulo Roberto dos Santos"
  ["cpf"]=>
  string(11) "01600634699"
  ["email"]=>
  string(26) "pauloroberto8730@gmail.com"
  ["placa"]=>
  string(7) "Gss1997"
  ["unidade"]=>
  array(1) {
    [0]=>
    string(1) "2"
  }
}

[01/11/2022 11:00:31] Verificando a solicitação...
