[03/09/2023 02:16:38] Verificando a solicitação...
[03/09/2023 02:16:38] abgsoft-autopark-unimed.php
array(5) {
  ["nome"]=>
  string(22) "BENICIO MORAIS BOTELHO"
  ["cpf"]=>
  string(14) "195.165.056-51"
  ["email"]=>
  string(30) "anapaulinha_morais@hotmail.com"
  ["placa"]=>
  string(7) "HjkOF97"
  ["unidade"]=>
  array(1) {
    [0]=>
    string(1) "7"
  }
}

[03/09/2023 03:11:27] Verificando a solicitação...
[03/09/2023 03:11:27] abgsoft-autopark-unimed.php
array(5) {
  ["nome"]=>
  string(26) "Denise Maria Gaia de Souza"
  ["cpf"]=>
  string(11) "39893731615"
  ["email"]=>
  string(22) "denisegaia@hotmail.com"
  ["placa"]=>
  string(7) "Qun5575"
  ["unidade"]=>
  array(1) {
    [0]=>
    string(1) "4"
  }
}

[03/09/2023 03:15:09] Verificando a solicitação...
[03/09/2023 03:15:09] abgsoft-autopark-unimed.php
array(5) {
  ["nome"]=>
  string(27) "Sandro Marcio De Figueiredo"
  ["cpf"]=>
  string(14) "003.575.406-03"
  ["email"]=>
  string(23) "sandingalo@yahoo.com.br"
  ["placa"]=>
  string(8) "QQJ7E95 "
  ["unidade"]=>
  array(1) {
    [0]=>
    string(1) "2"
  }
}

[03/09/2023 12:18:44] Verificando a solicitação...
[03/09/2023 12:18:44] abgsoft-autopark-unimed.php
array(5) {
  ["nome"]=>
  string(15) "Felipe Oliveira"
  ["cpf"]=>
  string(11) "07646655619"
  ["email"]=>
  string(27) "oliveira.felipejs@gmail.com"
  ["placa"]=>
  string(7) "NXY3D00"
  ["unidade"]=>
  array(1) {
    [0]=>
    string(1) "5"
  }
}

[03/09/2023 12:55:54] Verificando a solicitação...
[03/09/2023 12:55:54] abgsoft-autopark-unimed.php
array(5) {
  ["nome"]=>
  string(24) "Betsabeia Eliza Clemente"
  ["cpf"]=>
  string(11) "00937808695"
  ["email"]=>
  string(21) "bebeiaeliza@gmail.com"
  ["placa"]=>
  string(8) "OWI5591 "
  ["unidade"]=>
  array(1) {
    [0]=>
    string(1) "2"
  }
}

[03/09/2023 01:05:32] Verificando a solicitação...
[03/09/2023 01:05:32] abgsoft-autopark-unimed.php
array(5) {
  ["nome"]=>
  string(20) "Carolina Magalhães "
  ["cpf"]=>
  string(15) "046.105.006-47 "
  ["email"]=>
  string(21) "carolze2012@gmail.com"
  ["placa"]=>
  string(7) "OQP4077"
  ["unidade"]=>
  array(1) {
    [0]=>
    string(1) "7"
  }
}

[03/09/2023 02:07:13] Verificando a solicitação...
[03/09/2023 02:07:13] abgsoft-autopark-unimed.php
array(5) {
  ["nome"]=>
  string(32) "Geralda  Carvalhaes  de Almeida "
  ["cpf"]=>
  string(15) "203.115.596-20 "
  ["email"]=>
  string(17) "gmpserv@gmail.com"
  ["placa"]=>
  string(8) "PUZ 6871"
  ["unidade"]=>
  array(1) {
    [0]=>
    string(1) "4"
  }
}

[03/09/2023 03:17:17] Verificando a solicitação...
[03/09/2023 03:17:17] abgsoft-autopark-unimed.php
array(5) {
  ["nome"]=>
  string(26) "Marcus Vinicius Sousa Vita"
  ["cpf"]=>
  string(14) "693.389.906-30"
  ["email"]=>
  string(22) "marcusvita@hotmail.com"
  ["placa"]=>
  string(8) "OQK3443 "
  ["unidade"]=>
  array(1) {
    [0]=>
    string(1) "7"
  }
}

[03/09/2023 03:37:58] Verificando a solicitação...
[03/09/2023 03:37:58] abgsoft-autopark-unimed.php
array(5) {
  ["nome"]=>
  string(11) "VALDIR RIOS"
  ["cpf"]=>
  string(14) "176.735.186-00"
  ["email"]=>
  string(23) "betherios2017@gmail.com"
  ["placa"]=>
  string(7) "Hfi1114"
  ["unidade"]=>
  array(1) {
    [0]=>
    string(1) "5"
  }
}

[03/09/2023 04:05:35] Verificando a solicitação...
[03/09/2023 05:04:28] Verificando a solicitação...
[03/09/2023 05:04:28] abgsoft-autopark-unimed.php
array(5) {
  ["nome"]=>
  string(13) "Rhaiane Silva"
  ["cpf"]=>
  string(14) "081.664.676-74"
  ["email"]=>
  string(27) "r.hai.anehelena@hotmail.com"
  ["placa"]=>
  string(7) "Hgs6087"
  ["unidade"]=>
  array(1) {
    [0]=>
    string(1) "5"
  }
}

[03/09/2023 06:51:37] Verificando a solicitação...
[03/09/2023 07:04:23] Verificando a solicitação...
[03/09/2023 07:04:23] abgsoft-autopark-unimed.php
array(5) {
  ["nome"]=>
  string(19) "JOEL GOMES DA ROCHA"
  ["cpf"]=>
  string(14) "128.892.986-20"
  ["email"]=>
  string(23) "joelgomess2@hotmail.com"
  ["placa"]=>
  string(7) "OPB0H31"
  ["unidade"]=>
  array(1) {
    [0]=>
    string(1) "5"
  }
}

[03/09/2023 07:15:11] Verificando a solicitação...
[03/09/2023 07:15:11] abgsoft-autopark-unimed.php
array(5) {
  ["nome"]=>
  string(14) "Poliana Correa"
  ["cpf"]=>
  string(11) "01528547624"
  ["email"]=>
  string(24) "poliana.correa@gmail.com"
  ["placa"]=>
  string(7) "SIF2J29"
  ["unidade"]=>
  array(1) {
    [0]=>
    string(1) "2"
  }
}

[03/09/2023 07:46:13] Verificando a solicitação...
[03/09/2023 07:46:13] abgsoft-autopark-unimed.php
array(5) {
  ["nome"]=>
  string(13) "Marina Prates"
  ["cpf"]=>
  string(14) "510.292.196-72"
  ["email"]=>
  string(24) "marinaprates65@gmail.com"
  ["placa"]=>
  string(7) "QOP0495"
  ["unidade"]=>
  array(1) {
    [0]=>
    string(1) "4"
  }
}

[03/09/2023 08:29:29] Verificando a solicitação...
[03/09/2023 08:29:29] abgsoft-autopark-unimed.php
array(5) {
  ["nome"]=>
  string(26) "Valeria dos Santos Coelho "
  ["cpf"]=>
  string(11) "04555011651"
  ["email"]=>
  string(20) "lelacoelho@gmail.com"
  ["placa"]=>
  string(8) "HGK9H54 "
  ["unidade"]=>
  array(1) {
    [0]=>
    string(1) "5"
  }
}

