[14/01/2023 12:39:52] Verificando a solicitação...
[14/01/2023 12:39:52] abgsoft-autopark-unimed.php
array(5) {
  ["nome"]=>
  string(27) "Antônio Marco de Oliveira "
  ["cpf"]=>
  string(11) "04868479695"
  ["email"]=>
  string(23) "antoniomglp@hotmail.com"
  ["placa"]=>
  string(7) "HHT1C40"
  ["unidade"]=>
  array(1) {
    [0]=>
    string(1) "5"
  }
}

[14/01/2023 04:26:55] Verificando a solicitação...
[14/01/2023 06:22:15] Verificando a solicitação...
[14/01/2023 09:09:19] Verificando a solicitação...
[14/01/2023 09:09:19] abgsoft-autopark-unimed.php
array(5) {
  ["nome"]=>
  string(32) "Elizabete de Oliveira Gonçalves"
  ["cpf"]=>
  string(14) "756.636.356-53"
  ["email"]=>
  string(33) "elizabeteoliveira001@yahoo.com.br"
  ["placa"]=>
  string(7) "QQM7568"
  ["unidade"]=>
  array(1) {
    [0]=>
    string(1) "3"
  }
}

[14/01/2023 11:21:09] Verificando a solicitação...
[14/01/2023 11:21:09] abgsoft-autopark-unimed.php
array(5) {
  ["nome"]=>
  string(29) "Carlos Eduardo Martins Grossi"
  ["cpf"]=>
  string(11) "71304339653"
  ["email"]=>
  string(19) "kdugrossi@gmail.com"
  ["placa"]=>
  string(7) "qxe7488"
  ["unidade"]=>
  array(1) {
    [0]=>
    string(1) "4"
  }
}

[14/01/2023 01:31:20] Verificando a solicitação...
[14/01/2023 01:56:22] Verificando a solicitação...
[14/01/2023 01:56:22] abgsoft-autopark-unimed.php
array(5) {
  ["nome"]=>
  string(28) "Geisiele de Brito Lara Lopes"
  ["cpf"]=>
  string(14) "090.484.976-71"
  ["email"]=>
  string(25) "geisielellara@hotmail.com"
  ["placa"]=>
  string(7) "Hfg1522"
  ["unidade"]=>
  array(1) {
    [0]=>
    string(1) "3"
  }
}

[14/01/2023 02:32:33] Verificando a solicitação...
[14/01/2023 02:32:33] abgsoft-autopark-unimed.php
array(5) {
  ["nome"]=>
  string(22) "Franklin Martins Ramos"
  ["cpf"]=>
  string(14) "918.055.206-44"
  ["email"]=>
  string(27) "franklinmartins@hotmail.com"
  ["placa"]=>
  string(7) "emd5562"
  ["unidade"]=>
  array(1) {
    [0]=>
    string(1) "2"
  }
}

[14/01/2023 02:34:16] Verificando a solicitação...
[14/01/2023 02:34:16] abgsoft-autopark-unimed.php
array(5) {
  ["nome"]=>
  string(32) "MICHELE DA SILVA FERREIRA VIEIRA"
  ["cpf"]=>
  string(11) "06050926646"
  ["email"]=>
  string(21) "mica.1983@hotmail.com"
  ["placa"]=>
  string(8) "HNQ-9834"
  ["unidade"]=>
  array(1) {
    [0]=>
    string(1) "4"
  }
}

[14/01/2023 03:18:32] Verificando a solicitação...
[14/01/2023 03:18:32] abgsoft-autopark-unimed.php
array(5) {
  ["nome"]=>
  string(25) "Arthur Machado Rodrigues "
  ["cpf"]=>
  string(11) "19319974624"
  ["email"]=>
  string(28) "anapaula.machado56@gmail.com"
  ["placa"]=>
  string(8) "Qnw66667"
  ["unidade"]=>
  array(1) {
    [0]=>
    string(1) "7"
  }
}

[14/01/2023 03:29:09] Verificando a solicitação...
[14/01/2023 03:29:09] abgsoft-autopark-unimed.php
array(5) {
  ["nome"]=>
  string(28) " Maximiliano Alves da Silva "
  ["cpf"]=>
  string(11) "01530505607"
  ["email"]=>
  string(18) "silalmax@gmail.com"
  ["placa"]=>
  string(7) "PXJ5661"
  ["unidade"]=>
  array(1) {
    [0]=>
    string(1) "5"
  }
}

[14/01/2023 03:49:40] Verificando a solicitação...
[14/01/2023 03:49:40] abgsoft-autopark-unimed.php
array(5) {
  ["nome"]=>
  string(24) "Hélio Ricardo da Costa "
  ["cpf"]=>
  string(11) "29008328615"
  ["email"]=>
  string(25) "ricardohelio191@gmail.com"
  ["placa"]=>
  string(8) "HMP-3277"
  ["unidade"]=>
  array(1) {
    [0]=>
    string(1) "2"
  }
}

[14/01/2023 06:20:56] Verificando a solicitação...
[14/01/2023 06:20:56] abgsoft-autopark-unimed.php
array(5) {
  ["nome"]=>
  string(14) "Bruno Maxwell "
  ["cpf"]=>
  string(14) "070.092.716-66"
  ["email"]=>
  string(25) "brunofoconavida@gmail.com"
  ["placa"]=>
  string(7) "Hkn4a41"
  ["unidade"]=>
  array(1) {
    [0]=>
    string(1) "7"
  }
}

[14/01/2023 06:21:01] Verificando a solicitação...
[14/01/2023 06:21:01] abgsoft-autopark-unimed.php
array(5) {
  ["nome"]=>
  string(14) "Bruno Maxwell "
  ["cpf"]=>
  string(14) "070.092.716-66"
  ["email"]=>
  string(25) "brunofoconavida@gmail.com"
  ["placa"]=>
  string(7) "Hkn4a41"
  ["unidade"]=>
  array(1) {
    [0]=>
    string(1) "7"
  }
}

[14/01/2023 06:40:06] Verificando a solicitação...
[14/01/2023 06:40:06] abgsoft-autopark-unimed.php
array(5) {
  ["nome"]=>
  string(22) "Irene Beatriz Da Silva"
  ["cpf"]=>
  string(14) "057.859.966-00"
  ["email"]=>
  string(30) "irenebeatrizsilva@yahoo.com.br"
  ["placa"]=>
  string(7) "OXB8968"
  ["unidade"]=>
  array(1) {
    [0]=>
    string(1) "2"
  }
}

[14/01/2023 09:16:47] Verificando a solicitação...
[14/01/2023 09:16:47] abgsoft-autopark-unimed.php
array(5) {
  ["nome"]=>
  string(37) "BRUNA CAROLINA DE OLIVEIRA LANA SOUZA"
  ["cpf"]=>
  string(11) "08660623606"
  ["email"]=>
  string(24) "brunacarollana@gmail.com"
  ["placa"]=>
  string(7) "GWF6872"
  ["unidade"]=>
  array(1) {
    [0]=>
    string(1) "5"
  }
}

[14/01/2023 09:29:59] Verificando a solicitação...
[14/01/2023 09:29:59] abgsoft-autopark-unimed.php
array(5) {
  ["nome"]=>
  string(24) "Felipe Marques da Silva "
  ["cpf"]=>
  string(11) "20161972691"
  ["email"]=>
  string(30) "Marquesfeliledasilva@gmail.com"
  ["placa"]=>
  string(10) "HEE - 6344"
  ["unidade"]=>
  array(1) {
    [0]=>
    string(1) "7"
  }
}

[14/01/2023 09:33:31] Verificando a solicitação...
[14/01/2023 09:33:31] abgsoft-autopark-unimed.php
array(5) {
  ["nome"]=>
  string(30) "Carolina Álvares de Oliveira "
  ["cpf"]=>
  string(14) "989.089.526-91"
  ["email"]=>
  string(31) "carolina72oliveira@yahoo.com.br"
  ["placa"]=>
  string(7) "Qxk6330"
  ["unidade"]=>
  array(1) {
    [0]=>
    string(1) "2"
  }
}

[14/01/2023 09:58:27] Verificando a solicitação...
[14/01/2023 09:58:27] abgsoft-autopark-unimed.php
array(5) {
  ["nome"]=>
  string(23) "Rogerio Martins Ribeiro"
  ["cpf"]=>
  string(11) "70415668620"
  ["email"]=>
  string(21) "rogerio6440@gmail.com"
  ["placa"]=>
  string(7) "PZT8164"
  ["unidade"]=>
  array(1) {
    [0]=>
    string(1) "7"
  }
}

[14/01/2023 10:17:02] Verificando a solicitação...
[14/01/2023 10:17:02] abgsoft-autopark-unimed.php
array(5) {
  ["nome"]=>
  string(22) "Jeane Pinheiro Santos "
  ["cpf"]=>
  string(11) "09033527618"
  ["email"]=>
  string(27) "jeane.pinheiro@yahoo.com.br"
  ["placa"]=>
  string(7) "QUL8995"
  ["unidade"]=>
  array(1) {
    [0]=>
    string(1) "5"
  }
}

[14/01/2023 11:04:30] Verificando a solicitação...
[14/01/2023 11:04:30] abgsoft-autopark-unimed.php
array(5) {
  ["nome"]=>
  string(25) "Gerciane Alves Schneider "
  ["cpf"]=>
  string(14) "071.271.596-70"
  ["email"]=>
  string(28) "gercianealvessilva@gmail.com"
  ["placa"]=>
  string(7) "HFK1J21"
  ["unidade"]=>
  array(1) {
    [0]=>
    string(1) "2"
  }
}

