[28/09/2023 12:05:41] Verificando a solicitação...
[28/09/2023 12:05:41] abgsoft-autopark-unimed.php
array(5) {
  ["nome"]=>
  string(26) "Rafaela Gomes de Oliveira "
  ["cpf"]=>
  string(14) "090.637.596-73"
  ["email"]=>
  string(28) "rafaela.oliveira17@gmail.com"
  ["placa"]=>
  string(7) "HFD6229"
  ["unidade"]=>
  array(1) {
    [0]=>
    string(1) "7"
  }
}

[28/09/2023 12:45:53] Verificando a solicitação...
[28/09/2023 12:45:53] abgsoft-autopark-unimed.php
array(5) {
  ["nome"]=>
  string(26) "Cláudio Eduardo da Rocha "
  ["cpf"]=>
  string(11) "73746339634"
  ["email"]=>
  string(25) "claudiorochacer@yahoo.com"
  ["placa"]=>
  string(7) "Kxr7d34"
  ["unidade"]=>
  array(1) {
    [0]=>
    string(1) "5"
  }
}

[28/09/2023 01:02:59] Verificando a solicitação...
[28/09/2023 01:02:59] abgsoft-autopark-unimed.php
array(5) {
  ["nome"]=>
  string(20) "Joao Marcelo Ribeiro"
  ["cpf"]=>
  string(14) "972.456.826-15"
  ["email"]=>
  string(21) "joaomarcrib@gmail.com"
  ["placa"]=>
  string(8) "NYA-2290"
  ["unidade"]=>
  array(1) {
    [0]=>
    string(1) "7"
  }
}

[28/09/2023 02:25:29] Verificando a solicitação...
[28/09/2023 02:25:29] abgsoft-autopark-unimed.php
array(5) {
  ["nome"]=>
  string(27) "Rafael Oliveira Rocha Penna"
  ["cpf"]=>
  string(14) "098.249.426-29"
  ["email"]=>
  string(23) "rafaelpenna@hotmail.com"
  ["placa"]=>
  string(7) "QNV9545"
  ["unidade"]=>
  array(1) {
    [0]=>
    string(1) "5"
  }
}

[28/09/2023 03:41:38] Verificando a solicitação...
[28/09/2023 03:41:38] abgsoft-autopark-unimed.php
array(5) {
  ["nome"]=>
  string(25) "Phelipe rodrigues coimbra"
  ["cpf"]=>
  string(11) "09970124633"
  ["email"]=>
  string(22) "phelipe107@hotmail.com"
  ["placa"]=>
  string(7) "GFU9F45"
  ["unidade"]=>
  array(1) {
    [0]=>
    string(1) "5"
  }
}

[28/09/2023 04:34:25] Verificando a solicitação...
[28/09/2023 04:34:25] abgsoft-autopark-unimed.php
array(5) {
  ["nome"]=>
  string(21) "Helvecio Viana Couto "
  ["cpf"]=>
  string(12) "364605831-53"
  ["email"]=>
  string(24) "helvisviana@yahoo.com.br"
  ["placa"]=>
  string(8) "OMD 8979"
  ["unidade"]=>
  array(1) {
    [0]=>
    string(1) "7"
  }
}

[28/09/2023 09:44:59] Verificando a solicitação...
[28/09/2023 09:44:59] abgsoft-autopark-unimed.php
array(5) {
  ["nome"]=>
  string(37) "Vitoria Aparecida Rodrigues de Paula "
  ["cpf"]=>
  string(15) "113.792.186-24 "
  ["email"]=>
  string(33) "vitoriarodriguesdepaula@gmail.com"
  ["placa"]=>
  string(7) "Pzh5356"
  ["unidade"]=>
  array(1) {
    [0]=>
    string(1) "7"
  }
}

[28/09/2023 10:05:23] Verificando a solicitação...
[28/09/2023 10:05:23] abgsoft-autopark-unimed.php
array(5) {
  ["nome"]=>
  string(36) "Leandra Aparecida de Oliveira Alonso"
  ["cpf"]=>
  string(11) "03951403667"
  ["email"]=>
  string(23) "leandraape@yahoo.com.br"
  ["placa"]=>
  string(7) "QOL1E42"
  ["unidade"]=>
  array(1) {
    [0]=>
    string(1) "7"
  }
}

[28/09/2023 10:28:48] Verificando a solicitação...
[28/09/2023 10:28:48] abgsoft-autopark-unimed.php
array(5) {
  ["nome"]=>
  string(24) "MARGARETE GANDRA ALMEIDA"
  ["cpf"]=>
  string(11) "62802828649"
  ["email"]=>
  string(25) "margaretegandra@gmail.com"
  ["placa"]=>
  string(7) "Qua4150"
  ["unidade"]=>
  array(1) {
    [0]=>
    string(1) "4"
  }
}

[28/09/2023 10:57:53] Verificando a solicitação...
[28/09/2023 10:57:53] abgsoft-autopark-unimed.php
array(5) {
  ["nome"]=>
  string(17) "Guilherme Ralston"
  ["cpf"]=>
  string(14) "270.979.948-00"
  ["email"]=>
  string(26) "guilhermeralston@gmail.com"
  ["placa"]=>
  string(7) "HHM1D62"
  ["unidade"]=>
  array(1) {
    [0]=>
    string(1) "5"
  }
}

[28/09/2023 11:16:48] Verificando a solicitação...
[28/09/2023 11:16:48] abgsoft-autopark-unimed.php
array(5) {
  ["nome"]=>
  string(20) "celso josé de matos"
  ["cpf"]=>
  string(14) "519.963.246-91"
  ["email"]=>
  string(21) "celso181918@gmail.com"
  ["placa"]=>
  string(8) "QNS-9079"
  ["unidade"]=>
  array(1) {
    [0]=>
    string(1) "7"
  }
}

[28/09/2023 11:20:17] Verificando a solicitação...
[28/09/2023 11:20:17] abgsoft-autopark-unimed.php
array(5) {
  ["nome"]=>
  string(24) "Jucelia pereira da Silva"
  ["cpf"]=>
  string(11) "06623357670"
  ["email"]=>
  string(25) "juceliapsilva83@gmail.com"
  ["placa"]=>
  string(7) "HKQ7916"
  ["unidade"]=>
  array(1) {
    [0]=>
    string(1) "2"
  }
}

[28/09/2023 11:25:52] Verificando a solicitação...
[28/09/2023 11:25:52] abgsoft-autopark-unimed.php
array(5) {
  ["nome"]=>
  string(24) "ANA LETICIA CORREA LOPES"
  ["cpf"]=>
  string(14) "042.347.766-88"
  ["email"]=>
  string(18) "anale1@hotmail.com"
  ["placa"]=>
  string(7) "QNU8537"
  ["unidade"]=>
  array(1) {
    [0]=>
    string(1) "5"
  }
}

[28/09/2023 12:21:56] Verificando a solicitação...
[28/09/2023 12:21:56] abgsoft-autopark-unimed.php
array(5) {
  ["nome"]=>
  string(25) "Luciano Pereira de Sousa "
  ["cpf"]=>
  string(14) "039.890.586-06"
  ["email"]=>
  string(18) "lucs11@hotmail.com"
  ["placa"]=>
  string(8) "HLJ9E01 "
  ["unidade"]=>
  array(1) {
    [0]=>
    string(1) "5"
  }
}

[28/09/2023 12:54:44] Verificando a solicitação...
[28/09/2023 12:54:44] abgsoft-autopark-unimed.php
array(5) {
  ["nome"]=>
  string(15) "Lucelma Pacheco"
  ["cpf"]=>
  string(11) "02851953605"
  ["email"]=>
  string(18) "llucelma@gmail.com"
  ["placa"]=>
  string(7) "SIO0A62"
  ["unidade"]=>
  array(1) {
    [0]=>
    string(1) "7"
  }
}

[28/09/2023 01:41:48] Verificando a solicitação...
[28/09/2023 02:19:46] Verificando a solicitação...
[28/09/2023 02:19:46] abgsoft-autopark-unimed.php
array(5) {
  ["nome"]=>
  string(25) "Jaqueline Borges Ribeiro "
  ["cpf"]=>
  string(15) "026.578.625-86 "
  ["email"]=>
  string(23) "jacktygresa21@gmail.com"
  ["placa"]=>
  string(7) "Pzk2470"
  ["unidade"]=>
  array(1) {
    [0]=>
    string(1) "7"
  }
}

[28/09/2023 02:31:13] Verificando a solicitação...
[28/09/2023 02:31:13] abgsoft-autopark-unimed.php
array(5) {
  ["nome"]=>
  string(16) "Sandra Saldanha "
  ["cpf"]=>
  string(11) "54861039649"
  ["email"]=>
  string(19) "svalerias@gmail.com"
  ["placa"]=>
  string(7) "OQK6017"
  ["unidade"]=>
  array(1) {
    [0]=>
    string(1) "5"
  }
}

[28/09/2023 02:47:10] Verificando a solicitação...
[28/09/2023 02:47:10] abgsoft-autopark-unimed.php
array(5) {
  ["nome"]=>
  string(17) "DILMARA RODRIGUES"
  ["cpf"]=>
  string(14) "069.523.736-59"
  ["email"]=>
  string(27) "dilmararodrigues6@gmail.com"
  ["placa"]=>
  string(7) "EZI1I23"
  ["unidade"]=>
  array(1) {
    [0]=>
    string(1) "3"
  }
}

[28/09/2023 03:39:29] Verificando a solicitação...
[28/09/2023 03:39:29] abgsoft-autopark-unimed.php
array(5) {
  ["nome"]=>
  string(19) "Ione Raquel knebel "
  ["cpf"]=>
  string(14) "698.486.376-72"
  ["email"]=>
  string(25) "Knebelraquel@yahoo.com.br"
  ["placa"]=>
  string(7) "QNU9518"
  ["unidade"]=>
  array(1) {
    [0]=>
    string(1) "7"
  }
}

[28/09/2023 03:47:36] Verificando a solicitação...
[28/09/2023 03:47:36] abgsoft-autopark-unimed.php
array(5) {
  ["nome"]=>
  string(28) "Elisangela Marcolino França"
  ["cpf"]=>
  string(14) "050.374.486-70"
  ["email"]=>
  string(19) "elismf@yahoo.com.br"
  ["placa"]=>
  string(7) "MOT5B51"
  ["unidade"]=>
  array(1) {
    [0]=>
    string(1) "7"
  }
}

[28/09/2023 03:57:51] Verificando a solicitação...
[28/09/2023 03:57:51] abgsoft-autopark-unimed.php
array(5) {
  ["nome"]=>
  string(25) "Vanessa de Mesquita Penha"
  ["cpf"]=>
  string(14) "056.244.066-65"
  ["email"]=>
  string(26) "vanemesquita01@hotmail.com"
  ["placa"]=>
  string(7) "RNP0G39"
  ["unidade"]=>
  array(1) {
    [0]=>
    string(1) "5"
  }
}

[28/09/2023 04:13:47] Verificando a solicitação...
[28/09/2023 04:13:47] abgsoft-autopark-unimed.php
array(5) {
  ["nome"]=>
  string(24) "DÉBORA LOPES GUIMARÃES"
  ["cpf"]=>
  string(15) "971 598 676 53 "
  ["email"]=>
  string(28) "drodrigueslopes@yahoo.com.br"
  ["placa"]=>
  string(7) "OWL9652"
  ["unidade"]=>
  array(1) {
    [0]=>
    string(1) "5"
  }
}

[28/09/2023 04:28:04] Verificando a solicitação...
[28/09/2023 04:28:04] abgsoft-autopark-unimed.php
array(5) {
  ["nome"]=>
  string(36) "Elisângela da Silva Soares do Carmo"
  ["cpf"]=>
  string(14) "006.536.816-90"
  ["email"]=>
  string(25) "lisasoarescarmo@gmail.com"
  ["placa"]=>
  string(7) "QNU3111"
  ["unidade"]=>
  array(1) {
    [0]=>
    string(1) "7"
  }
}

[28/09/2023 04:36:35] Verificando a solicitação...
[28/09/2023 04:36:35] abgsoft-autopark-unimed.php
array(5) {
  ["nome"]=>
  string(22) "Acimar Reis Rosa Pires"
  ["cpf"]=>
  string(11) "32594658634"
  ["email"]=>
  string(24) "reiselimarepre@gmail.com"
  ["placa"]=>
  string(7) "RTW0E94"
  ["unidade"]=>
  array(1) {
    [0]=>
    string(1) "2"
  }
}

[28/09/2023 04:37:11] Verificando a solicitação...
[28/09/2023 04:37:11] abgsoft-autopark-unimed.php
array(5) {
  ["nome"]=>
  string(22) "Acimar Reis Rosa Pires"
  ["cpf"]=>
  string(11) "32594658634"
  ["email"]=>
  string(24) "reiselimarepre@gmail.com"
  ["placa"]=>
  string(7) "RTW0E94"
  ["unidade"]=>
  array(1) {
    [0]=>
    string(1) "2"
  }
}

[28/09/2023 05:22:47] Verificando a solicitação...
[28/09/2023 05:22:47] abgsoft-autopark-unimed.php
array(5) {
  ["nome"]=>
  string(24) "CLAUDIA DIAS DE OLIVEIRA"
  ["cpf"]=>
  string(14) "029.750.406-10"
  ["email"]=>
  string(29) "claudiadiasoliveira@gmail.com"
  ["placa"]=>
  string(7) "OQI5169"
  ["unidade"]=>
  array(1) {
    [0]=>
    string(1) "7"
  }
}

[28/09/2023 05:42:06] Verificando a solicitação...
[28/09/2023 05:46:59] Verificando a solicitação...
[28/09/2023 06:02:16] Verificando a solicitação...
[28/09/2023 06:02:16] abgsoft-autopark-unimed.php
array(5) {
  ["nome"]=>
  string(21) "PAULO LUCIANO CARDOSO"
  ["cpf"]=>
  string(14) "801.669.466-72"
  ["email"]=>
  string(17) "poluc39@gmail.com"
  ["placa"]=>
  string(7) "Qnw9051"
  ["unidade"]=>
  array(1) {
    [0]=>
    string(1) "5"
  }
}

[28/09/2023 06:08:41] Verificando a solicitação...
[28/09/2023 06:09:48] Verificando a solicitação...
[28/09/2023 06:37:15] Verificando a solicitação...
[28/09/2023 06:37:15] abgsoft-autopark-unimed.php
array(5) {
  ["nome"]=>
  string(32) "Herivelto de Oliveira dos Santos"
  ["cpf"]=>
  string(14) "000.082.827-06"
  ["email"]=>
  string(29) "herivelto.santos@yahoo.com.br"
  ["placa"]=>
  string(7) "LQB1G79"
  ["unidade"]=>
  array(1) {
    [0]=>
    string(1) "2"
  }
}

[28/09/2023 06:46:12] Verificando a solicitação...
[28/09/2023 06:46:12] abgsoft-autopark-unimed.php
array(5) {
  ["nome"]=>
  string(21) "Alana de Souza Dutra "
  ["cpf"]=>
  string(11) "08964347617"
  ["email"]=>
  string(26) "alana21tininha@hotmail.com"
  ["placa"]=>
  string(7) "Hff3548"
  ["unidade"]=>
  array(1) {
    [0]=>
    string(1) "2"
  }
}

[28/09/2023 06:46:34] Verificando a solicitação...
[28/09/2023 06:46:34] abgsoft-autopark-unimed.php
array(5) {
  ["nome"]=>
  string(24) "JORGE LUIZ TORRES CAMPOS"
  ["cpf"]=>
  string(11) "23045027687"
  ["email"]=>
  string(27) "jorgecampos8965@hotmail.com"
  ["placa"]=>
  string(7) "Hbx8965"
  ["unidade"]=>
  array(1) {
    [0]=>
    string(1) "4"
  }
}

[28/09/2023 08:02:08] Verificando a solicitação...
[28/09/2023 08:02:08] abgsoft-autopark-unimed.php
array(5) {
  ["nome"]=>
  string(21) "Klebermbh54@gmail.com"
  ["cpf"]=>
  string(14) "228.069.896-04"
  ["email"]=>
  string(21) "klebermbh54@gmail.com"
  ["placa"]=>
  string(7) "Pum2917"
  ["unidade"]=>
  array(1) {
    [0]=>
    string(1) "7"
  }
}

[28/09/2023 08:30:32] Verificando a solicitação...
[28/09/2023 08:30:32] abgsoft-autopark-unimed.php
array(5) {
  ["nome"]=>
  string(27) "Marco Rodrigo Machado Lara "
  ["cpf"]=>
  string(11) "87448424653"
  ["email"]=>
  string(21) "marcolara@hotmail.com"
  ["placa"]=>
  string(7) "Shw7i81"
  ["unidade"]=>
  array(1) {
    [0]=>
    string(1) "7"
  }
}

[28/09/2023 09:02:25] Verificando a solicitação...
[28/09/2023 09:02:25] abgsoft-autopark-unimed.php
array(5) {
  ["nome"]=>
  string(23) "Mariana Abreu Ferreira "
  ["cpf"]=>
  string(11) "11757799621"
  ["email"]=>
  string(24) "cidaabreu59@yahoo.com.br"
  ["placa"]=>
  string(8) "PWW 4528"
  ["unidade"]=>
  array(1) {
    [0]=>
    string(1) "5"
  }
}

[28/09/2023 09:09:11] Verificando a solicitação...
[28/09/2023 09:09:11] abgsoft-autopark-unimed.php
array(5) {
  ["nome"]=>
  string(23) "Arthur da silva xavier "
  ["cpf"]=>
  string(11) "13209508682"
  ["email"]=>
  string(23) "arthursxavier@gmail.com"
  ["placa"]=>
  string(7) "Ruf3d01"
  ["unidade"]=>
  array(1) {
    [0]=>
    string(1) "5"
  }
}

[28/09/2023 10:51:31] Verificando a solicitação...
[28/09/2023 10:51:31] abgsoft-autopark-unimed.php
array(5) {
  ["nome"]=>
  string(19) "Francisco Marcelino"
  ["cpf"]=>
  string(11) "43991637634"
  ["email"]=>
  string(29) "fmarcelomarcelino@hotmail.com"
  ["placa"]=>
  string(8) "OWJ3071 "
  ["unidade"]=>
  array(1) {
    [0]=>
    string(1) "7"
  }
}

