[26/02/2023 07:47:50] Verificando a solicitação...
[26/02/2023 10:54:56] Verificando a solicitação...
[26/02/2023 10:54:56] abgsoft-autopark-unimed.php
array(5) {
  ["nome"]=>
  string(23) "Fernando Antônio Braz "
  ["cpf"]=>
  string(11) "49952390653"
  ["email"]=>
  string(22) "fernandobraz@ymail.com"
  ["placa"]=>
  string(7) "NMY7I34"
  ["unidade"]=>
  array(1) {
    [0]=>
    string(1) "5"
  }
}

[26/02/2023 11:24:17] Verificando a solicitação...
[26/02/2023 11:24:17] abgsoft-autopark-unimed.php
array(5) {
  ["nome"]=>
  string(18) "Rosália de Souza "
  ["cpf"]=>
  string(14) "990.355.706-00"
  ["email"]=>
  string(21) "rosaliasnem@gmail.com"
  ["placa"]=>
  string(8) "QXH 8797"
  ["unidade"]=>
  array(1) {
    [0]=>
    string(1) "2"
  }
}

[26/02/2023 11:32:20] Verificando a solicitação...
[26/02/2023 11:32:20] abgsoft-autopark-unimed.php
array(5) {
  ["nome"]=>
  string(30) "LARISSA CELIA CANDIDO TEIXEIRA"
  ["cpf"]=>
  string(14) "080.228.146-01"
  ["email"]=>
  string(20) "laraceliac@gmail.com"
  ["placa"]=>
  string(7) "PXR8806"
  ["unidade"]=>
  array(1) {
    [0]=>
    string(1) "5"
  }
}

[26/02/2023 11:46:24] Verificando a solicitação...
[26/02/2023 11:46:24] abgsoft-autopark-unimed.php
array(5) {
  ["nome"]=>
  string(26) "Alexandra de Souza Xavier "
  ["cpf"]=>
  string(14) "032.667.166-80"
  ["email"]=>
  string(19) "alsoxa@yahoo.com.br"
  ["placa"]=>
  string(7) "Owz9886"
  ["unidade"]=>
  array(1) {
    [0]=>
    string(1) "7"
  }
}

[26/02/2023 11:46:35] Verificando a solicitação...
[26/02/2023 11:46:35] abgsoft-autopark-unimed.php
array(5) {
  ["nome"]=>
  string(31) "Raquel de Albuquerque Palhares "
  ["cpf"]=>
  string(11) "01388498626"
  ["email"]=>
  string(25) "quelpalhares@yahoo.com.br"
  ["placa"]=>
  string(7) "Hmy5648"
  ["unidade"]=>
  array(1) {
    [0]=>
    string(1) "5"
  }
}

[26/02/2023 12:16:22] Verificando a solicitação...
[26/02/2023 12:29:23] Verificando a solicitação...
[26/02/2023 12:29:23] abgsoft-autopark-unimed.php
array(5) {
  ["nome"]=>
  string(28) "ADMILSON RIBEIRO GONÇALVES "
  ["cpf"]=>
  string(11) "10267895674"
  ["email"]=>
  string(21) "adrjesus125@gmail.com"
  ["placa"]=>
  string(7) "OOY3D37"
  ["unidade"]=>
  array(1) {
    [0]=>
    string(1) "5"
  }
}

[26/02/2023 12:30:01] Verificando a solicitação...
[26/02/2023 12:30:01] abgsoft-autopark-unimed.php
array(5) {
  ["nome"]=>
  string(26) "Edmilson Alves De Araújo "
  ["cpf"]=>
  string(15) "527.859.556-68 "
  ["email"]=>
  string(24) "Edmilsonjapa1@bol.com.br"
  ["placa"]=>
  string(7) "Opc7877"
  ["unidade"]=>
  array(1) {
    [0]=>
    string(1) "5"
  }
}

[26/02/2023 01:19:21] Verificando a solicitação...
[26/02/2023 01:19:21] abgsoft-autopark-unimed.php
array(5) {
  ["nome"]=>
  string(16) "Igor José Costa"
  ["cpf"]=>
  string(14) "045.681.186-97"
  ["email"]=>
  string(22) "gucosta21@yahoo.com.br"
  ["placa"]=>
  string(7) "RMS4A33"
  ["unidade"]=>
  array(1) {
    [0]=>
    string(1) "2"
  }
}

[26/02/2023 01:23:44] Verificando a solicitação...
[26/02/2023 01:23:44] abgsoft-autopark-unimed.php
array(5) {
  ["nome"]=>
  string(14) "JuçaraJordão"
  ["cpf"]=>
  string(14) "536.914.156-87"
  ["email"]=>
  string(23) "lanchelegal@hotmail.com"
  ["placa"]=>
  string(7) "QWV0110"
  ["unidade"]=>
  array(1) {
    [0]=>
    string(1) "5"
  }
}

[26/02/2023 03:05:48] Verificando a solicitação...
[26/02/2023 03:05:48] abgsoft-autopark-unimed.php
array(5) {
  ["nome"]=>
  string(6) "Samuel"
  ["cpf"]=>
  string(11) "13230119606"
  ["email"]=>
  string(27) "rodriguessamuel81@gmail.com"
  ["placa"]=>
  string(7) "PYP0A21"
  ["unidade"]=>
  array(1) {
    [0]=>
    string(1) "3"
  }
}

[26/02/2023 03:12:49] Verificando a solicitação...
[26/02/2023 03:12:49] abgsoft-autopark-unimed.php
array(5) {
  ["nome"]=>
  string(13) "Marcelo Ramos"
  ["cpf"]=>
  string(11) "05446160657"
  ["email"]=>
  string(18) "marcelorps@msn.com"
  ["placa"]=>
  string(7) "PYC4568"
  ["unidade"]=>
  array(1) {
    [0]=>
    string(1) "5"
  }
}

[26/02/2023 05:58:57] Verificando a solicitação...
[26/02/2023 05:58:57] abgsoft-autopark-unimed.php
array(5) {
  ["nome"]=>
  string(32) "Patricia de Souza Martins Santos"
  ["cpf"]=>
  string(11) "03330484667"
  ["email"]=>
  string(29) "patrycynha_souza@yahoo.com.br"
  ["placa"]=>
  string(7) "HFE2330"
  ["unidade"]=>
  array(1) {
    [0]=>
    string(1) "5"
  }
}

[26/02/2023 07:16:01] Verificando a solicitação...
[26/02/2023 07:16:01] abgsoft-autopark-unimed.php
array(5) {
  ["nome"]=>
  string(23) "Lilian de Souza Vieira "
  ["cpf"]=>
  string(14) "126.122.736-03"
  ["email"]=>
  string(25) "liliandesouza.p@gmail.com"
  ["placa"]=>
  string(7) "Hfw4d97"
  ["unidade"]=>
  array(1) {
    [0]=>
    string(1) "2"
  }
}

[26/02/2023 09:17:50] Verificando a solicitação...
[26/02/2023 09:17:50] abgsoft-autopark-unimed.php
array(5) {
  ["nome"]=>
  string(22) "DANIEL FERREIRA CAMPOS"
  ["cpf"]=>
  string(14) "045.477.206-81"
  ["email"]=>
  string(28) "camposcomputador@hotmail.com"
  ["placa"]=>
  string(7) "HFO2922"
  ["unidade"]=>
  array(1) {
    [0]=>
    string(1) "2"
  }
}

[26/02/2023 09:21:20] Verificando a solicitação...
[26/02/2023 09:21:20] abgsoft-autopark-unimed.php
array(5) {
  ["nome"]=>
  string(27) "Geraldo Barreto dos Santos "
  ["cpf"]=>
  string(11) "39120309600"
  ["email"]=>
  string(36) "geraldobarretodossantos@yahoo.com.br"
  ["placa"]=>
  string(7) "OOZ3285"
  ["unidade"]=>
  array(1) {
    [0]=>
    string(1) "5"
  }
}

[26/02/2023 11:15:15] Verificando a solicitação...
[26/02/2023 11:15:15] abgsoft-autopark-unimed.php
array(5) {
  ["nome"]=>
  string(25) "WAGNER FERREIRA GONCALVES"
  ["cpf"]=>
  string(14) "012.417.036-63"
  ["email"]=>
  string(29) "wagnergoncalves.net@gmail.com"
  ["placa"]=>
  string(7) "oxa2519"
  ["unidade"]=>
  array(1) {
    [0]=>
    string(1) "7"
  }
}

[26/02/2023 11:22:21] Verificando a solicitação...
[26/02/2023 11:22:21] abgsoft-autopark-unimed.php
array(5) {
  ["nome"]=>
  string(24) "Vanilde de Souza Pacheco"
  ["cpf"]=>
  string(14) "032.577.996-16"
  ["email"]=>
  string(26) "vanilde@vanadiumlab.com.br"
  ["placa"]=>
  string(8) "OLW 1353"
  ["unidade"]=>
  array(1) {
    [0]=>
    string(1) "3"
  }
}

[26/02/2023 11:25:46] Verificando a solicitação...
[26/02/2023 11:25:46] abgsoft-autopark-unimed.php
array(5) {
  ["nome"]=>
  string(19) "Tulio Marcos Santos"
  ["cpf"]=>
  string(14) "675.862.016-68"
  ["email"]=>
  string(21) "santostm100@gmail.com"
  ["placa"]=>
  string(7) "HLH8883"
  ["unidade"]=>
  array(1) {
    [0]=>
    string(1) "7"
  }
}

[26/02/2023 11:39:48] Verificando a solicitação...
[26/02/2023 11:39:48] abgsoft-autopark-unimed.php
array(5) {
  ["nome"]=>
  string(25) "Arthur Machado Rodrigues "
  ["cpf"]=>
  string(11) "19319974624"
  ["email"]=>
  string(28) "anapaula.machado56@gmail.com"
  ["placa"]=>
  string(7) "Qnw6667"
  ["unidade"]=>
  array(1) {
    [0]=>
    string(1) "7"
  }
}

