[17/08/2023 12:23:23] Verificando a solicitação...
[17/08/2023 12:23:23] abgsoft-autopark-unimed.php
array(5) {
  ["nome"]=>
  string(30) "Ana Julia Ferreira de Almeida "
  ["cpf"]=>
  string(11) "07419563659"
  ["email"]=>
  string(20) "fanajulia5@gmail.com"
  ["placa"]=>
  string(7) "OMA5832"
  ["unidade"]=>
  array(1) {
    [0]=>
    string(1) "7"
  }
}

[17/08/2023 01:41:48] Verificando a solicitação...
[17/08/2023 01:41:48] abgsoft-autopark-unimed.php
array(5) {
  ["nome"]=>
  string(22) "Magali Maria de Paula "
  ["cpf"]=>
  string(11) "60700467653"
  ["email"]=>
  string(24) "magalimaria@yahoo.com.br"
  ["placa"]=>
  string(7) "PYG0035"
  ["unidade"]=>
  array(1) {
    [0]=>
    string(1) "5"
  }
}

[17/08/2023 02:26:29] Verificando a solicitação...
[17/08/2023 02:26:29] abgsoft-autopark-unimed.php
array(5) {
  ["nome"]=>
  string(15) "Wallace santos "
  ["cpf"]=>
  string(11) "09906455683"
  ["email"]=>
  string(26) "wallace.scosta83@gmail.com"
  ["placa"]=>
  string(7) "Quq6255"
  ["unidade"]=>
  array(1) {
    [0]=>
    string(1) "5"
  }
}

[17/08/2023 09:51:30] Verificando a solicitação...
[17/08/2023 09:51:30] abgsoft-autopark-unimed.php
array(5) {
  ["nome"]=>
  string(29) "CARTERGIANE JUNIO DE OLIVEIRA"
  ["cpf"]=>
  string(11) "05520660603"
  ["email"]=>
  string(23) "cjoliveira@fiemg.com.br"
  ["placa"]=>
  string(7) "RFA3J49"
  ["unidade"]=>
  array(1) {
    [0]=>
    string(1) "5"
  }
}

[17/08/2023 10:09:49] Verificando a solicitação...
[17/08/2023 10:09:49] abgsoft-autopark-unimed.php
array(5) {
  ["nome"]=>
  string(21) "THAIS do valle loiola"
  ["cpf"]=>
  string(11) "12926951612"
  ["email"]=>
  string(23) "ferreiragtr01@gmail.com"
  ["placa"]=>
  string(8) "Hib1d33 "
  ["unidade"]=>
  array(1) {
    [0]=>
    string(1) "7"
  }
}

[17/08/2023 11:07:32] Verificando a solicitação...
[17/08/2023 11:07:32] abgsoft-autopark-unimed.php
array(5) {
  ["nome"]=>
  string(37) "Lorenzo  Bernardo  Santiago  Moreira "
  ["cpf"]=>
  string(11) "19422664640"
  ["email"]=>
  string(24) "ozenircarlos26@gmail.com"
  ["placa"]=>
  string(7) "QUW1C92"
  ["unidade"]=>
  array(1) {
    [0]=>
    string(1) "7"
  }
}

[17/08/2023 12:16:18] Verificando a solicitação...
[17/08/2023 12:16:18] abgsoft-autopark-unimed.php
array(5) {
  ["nome"]=>
  string(21) "Josafá Junior Gomes "
  ["cpf"]=>
  string(15) "037.822.456-52 "
  ["email"]=>
  string(21) "juniorbl@yahoo.com.br"
  ["placa"]=>
  string(7) "GYF9426"
  ["unidade"]=>
  array(1) {
    [0]=>
    string(1) "7"
  }
}

[17/08/2023 12:28:53] Verificando a solicitação...
[17/08/2023 12:28:53] abgsoft-autopark-unimed.php
array(5) {
  ["nome"]=>
  string(23) "Samuel Martins da Silva"
  ["cpf"]=>
  string(11) "02137112655"
  ["email"]=>
  string(20) "samuelms96@gmail.com"
  ["placa"]=>
  string(7) "HJA4D91"
  ["unidade"]=>
  array(1) {
    [0]=>
    string(1) "2"
  }
}

[17/08/2023 12:30:32] Verificando a solicitação...
[17/08/2023 12:30:32] abgsoft-autopark-unimed.php
array(5) {
  ["nome"]=>
  string(27) "Francine Tângari Pettersen"
  ["cpf"]=>
  string(11) "79117627672"
  ["email"]=>
  string(28) "francinetangari@yahoo.com.br"
  ["placa"]=>
  string(7) "PYG5792"
  ["unidade"]=>
  array(1) {
    [0]=>
    string(1) "5"
  }
}

[17/08/2023 12:36:36] Verificando a solicitação...
[17/08/2023 12:36:36] abgsoft-autopark-unimed.php
array(5) {
  ["nome"]=>
  string(24) "cLÁUDIA vEIGA pARREIRAS"
  ["cpf"]=>
  string(14) "564.124.606.91"
  ["email"]=>
  string(27) "veigaparreiras@yahoo.com.br"
  ["placa"]=>
  string(8) "HOI 1211"
  ["unidade"]=>
  array(1) {
    [0]=>
    string(1) "7"
  }
}

[17/08/2023 12:47:38] Verificando a solicitação...
[17/08/2023 12:47:38] abgsoft-autopark-unimed.php
array(5) {
  ["nome"]=>
  string(21) "valdeir barbosa gomes"
  ["cpf"]=>
  string(11) "01617703630"
  ["email"]=>
  string(22) "valdeir.mg@hotmail.com"
  ["placa"]=>
  string(7) "nxx9304"
  ["unidade"]=>
  array(1) {
    [0]=>
    string(1) "2"
  }
}

[17/08/2023 12:54:22] Verificando a solicitação...
[17/08/2023 12:54:22] abgsoft-autopark-unimed.php
array(5) {
  ["nome"]=>
  string(24) "Cláudia Veiga Parreiras"
  ["cpf"]=>
  string(11) "56412460691"
  ["email"]=>
  string(27) "veigaparreiras@yahoo.com.br"
  ["placa"]=>
  string(8) "HOI 1211"
  ["unidade"]=>
  array(1) {
    [0]=>
    string(1) "7"
  }
}

[17/08/2023 01:10:18] Verificando a solicitação...
[17/08/2023 01:10:18] abgsoft-autopark-unimed.php
array(5) {
  ["nome"]=>
  string(23) "Gleison Mendes Andrade "
  ["cpf"]=>
  string(11) "03951164654"
  ["email"]=>
  string(27) "gleison_andrade@hotmail.com"
  ["placa"]=>
  string(7) "Pze7215"
  ["unidade"]=>
  array(1) {
    [0]=>
    string(1) "7"
  }
}

[17/08/2023 01:47:29] Verificando a solicitação...
[17/08/2023 01:52:45] Verificando a solicitação...
[17/08/2023 01:52:45] abgsoft-autopark-unimed.php
array(5) {
  ["nome"]=>
  string(5) "Iris "
  ["cpf"]=>
  string(14) "083.346.826-03"
  ["email"]=>
  string(23) "irisdocarmo@hotmail.com"
  ["placa"]=>
  string(7) "Jqn9686"
  ["unidade"]=>
  array(1) {
    [0]=>
    string(1) "5"
  }
}

[17/08/2023 02:08:39] Verificando a solicitação...
[17/08/2023 02:08:39] abgsoft-autopark-unimed.php
array(5) {
  ["nome"]=>
  string(22) "Barbara Ozorio Lacorte"
  ["cpf"]=>
  string(11) "06517096604"
  ["email"]=>
  string(18) "missbabz@gmail.com"
  ["placa"]=>
  string(7) "HMA7877"
  ["unidade"]=>
  array(1) {
    [0]=>
    string(1) "7"
  }
}

[17/08/2023 02:16:52] Verificando a solicitação...
[17/08/2023 02:16:52] abgsoft-autopark-unimed.php
array(5) {
  ["nome"]=>
  string(6) "VÍVIA"
  ["cpf"]=>
  string(14) "013.673.426-00"
  ["email"]=>
  string(28) "viviaflavia2014@yahoo.com.br"
  ["placa"]=>
  string(3) "HFP"
  ["unidade"]=>
  array(1) {
    [0]=>
    string(1) "5"
  }
}

[17/08/2023 02:20:35] Verificando a solicitação...
[17/08/2023 02:24:59] Verificando a solicitação...
[17/08/2023 02:24:59] abgsoft-autopark-unimed.php
array(5) {
  ["nome"]=>
  string(13) "Ricardo Ducha"
  ["cpf"]=>
  string(14) "953.625.508-10"
  ["email"]=>
  string(18) "ricducha@gmail.com"
  ["placa"]=>
  string(7) "NYB7011"
  ["unidade"]=>
  array(1) {
    [0]=>
    string(1) "7"
  }
}

[17/08/2023 02:38:11] Verificando a solicitação...
[17/08/2023 02:38:11] abgsoft-autopark-unimed.php
array(5) {
  ["nome"]=>
  string(25) "Noemia Farias dos Santos "
  ["cpf"]=>
  string(14) "224.283.645-53"
  ["email"]=>
  string(25) "noemiafarias@yahoo.com.br"
  ["placa"]=>
  string(10) "OQI - 3485"
  ["unidade"]=>
  array(1) {
    [0]=>
    string(1) "2"
  }
}

[17/08/2023 03:11:46] Verificando a solicitação...
[17/08/2023 03:11:46] abgsoft-autopark-unimed.php
array(5) {
  ["nome"]=>
  string(23) "Email Quaresma de Sousa"
  ["cpf"]=>
  string(11) "69108382620"
  ["email"]=>
  string(24) "amorim.karlaoq@gmail.com"
  ["placa"]=>
  string(8) "HCA 8927"
  ["unidade"]=>
  array(1) {
    [0]=>
    string(1) "5"
  }
}

[17/08/2023 03:12:21] Verificando a solicitação...
[17/08/2023 03:12:21] abgsoft-autopark-unimed.php
array(5) {
  ["nome"]=>
  string(37) "Lorenzo  Bernardo  Santiago  Moreira "
  ["cpf"]=>
  string(11) "19422664640"
  ["email"]=>
  string(24) "ozenircarlos26@gmail.com"
  ["placa"]=>
  string(7) "QUW1C92"
  ["unidade"]=>
  array(1) {
    [0]=>
    string(1) "5"
  }
}

[17/08/2023 03:30:44] Verificando a solicitação...
[17/08/2023 03:30:44] abgsoft-autopark-unimed.php
array(5) {
  ["nome"]=>
  string(7) "Elaine "
  ["cpf"]=>
  string(11) "04445928658"
  ["email"]=>
  string(23) "elabarrios@yahoo.com.br"
  ["placa"]=>
  string(7) "ODN1149"
  ["unidade"]=>
  array(1) {
    [0]=>
    string(1) "5"
  }
}

[17/08/2023 03:39:03] Verificando a solicitação...
[17/08/2023 03:53:58] Verificando a solicitação...
[17/08/2023 03:53:58] abgsoft-autopark-unimed.php
array(5) {
  ["nome"]=>
  string(32) "Lucas Reggiani de Abreu Ferreira"
  ["cpf"]=>
  string(14) "153.471.306-95"
  ["email"]=>
  string(25) "lucasreggiani66@gmail.com"
  ["placa"]=>
  string(8) "QMX 0843"
  ["unidade"]=>
  array(1) {
    [0]=>
    string(1) "5"
  }
}

[17/08/2023 04:02:26] Verificando a solicitação...
[17/08/2023 04:02:26] abgsoft-autopark-unimed.php
array(5) {
  ["nome"]=>
  string(34) "José Márcio campidel de oliveira"
  ["cpf"]=>
  string(11) "03724854641"
  ["email"]=>
  string(21) "campidelicm@gmail.com"
  ["placa"]=>
  string(7) "PUC2D02"
  ["unidade"]=>
  array(1) {
    [0]=>
    string(1) "2"
  }
}

[17/08/2023 04:28:20] Verificando a solicitação...
[17/08/2023 04:28:20] abgsoft-autopark-unimed.php
array(5) {
  ["nome"]=>
  string(33) "Silene Basílio Nicácio Bernardo"
  ["cpf"]=>
  string(14) "075.632.936-12"
  ["email"]=>
  string(24) "silenebbasilio@gmail.com"
  ["placa"]=>
  string(7) "HHW2963"
  ["unidade"]=>
  array(1) {
    [0]=>
    string(1) "2"
  }
}

[17/08/2023 05:12:37] Verificando a solicitação...
[17/08/2023 05:12:37] abgsoft-autopark-unimed.php
array(5) {
  ["nome"]=>
  string(30) "Cyntia mara de castro oliveira"
  ["cpf"]=>
  string(11) "09386524600"
  ["email"]=>
  string(24) "cyntiamara53@hotmail.com"
  ["placa"]=>
  string(7) "RNI7D02"
  ["unidade"]=>
  array(1) {
    [0]=>
    string(1) "5"
  }
}

[17/08/2023 05:19:18] Verificando a solicitação...
[17/08/2023 05:19:18] abgsoft-autopark-unimed.php
array(5) {
  ["nome"]=>
  string(26) "Railson Rodrigues Martins "
  ["cpf"]=>
  string(11) "11159128600"
  ["email"]=>
  string(20) "railson.dt@gmail.com"
  ["placa"]=>
  string(7) "Nxy8077"
  ["unidade"]=>
  array(1) {
    [0]=>
    string(1) "5"
  }
}

[17/08/2023 05:26:29] Verificando a solicitação...
[17/08/2023 05:26:29] abgsoft-autopark-unimed.php
array(5) {
  ["nome"]=>
  string(24) "Elisandra Sônia e Silva"
  ["cpf"]=>
  string(14) "000.759.956-03"
  ["email"]=>
  string(30) "advogada.silvaesilva@gmail.com"
  ["placa"]=>
  string(7) "QOX1591"
  ["unidade"]=>
  array(1) {
    [0]=>
    string(1) "7"
  }
}

[17/08/2023 05:28:00] Verificando a solicitação...
[17/08/2023 05:28:00] abgsoft-autopark-unimed.php
array(5) {
  ["nome"]=>
  string(16) "Rosa Maria Costa"
  ["cpf"]=>
  string(14) "616.417.076-15"
  ["email"]=>
  string(35) "contabilidade@osoriodemoraes.com.br"
  ["placa"]=>
  string(16) "QQY1729, PYR6811"
  ["unidade"]=>
  array(1) {
    [0]=>
    string(1) "3"
  }
}

[17/08/2023 05:30:03] Verificando a solicitação...
[17/08/2023 05:30:03] abgsoft-autopark-unimed.php
array(5) {
  ["nome"]=>
  string(28) "Renato Felipe Santos Pedrosa"
  ["cpf"]=>
  string(14) "056.423.586-50"
  ["email"]=>
  string(18) "refesape@gmail.com"
  ["placa"]=>
  string(7) "pzf7657"
  ["unidade"]=>
  array(1) {
    [0]=>
    string(1) "5"
  }
}

[17/08/2023 05:38:29] Verificando a solicitação...
[17/08/2023 05:38:29] abgsoft-autopark-unimed.php
array(5) {
  ["nome"]=>
  string(25) "Paulo Marcelo de Oliveira"
  ["cpf"]=>
  string(11) "42455243672"
  ["email"]=>
  string(26) "paulomarcelo10@hotmail.com"
  ["placa"]=>
  string(7) "QXK9027"
  ["unidade"]=>
  array(1) {
    [0]=>
    string(1) "5"
  }
}

[17/08/2023 06:26:36] Verificando a solicitação...
[17/08/2023 06:26:36] abgsoft-autopark-unimed.php
array(5) {
  ["nome"]=>
  string(26) "Ângelo da Silva Ferreira "
  ["cpf"]=>
  string(11) "03898079660"
  ["email"]=>
  string(23) "ferreiragtr@hotmail.com"
  ["placa"]=>
  string(8) "Hib1d33 "
  ["unidade"]=>
  array(1) {
    [0]=>
    string(1) "5"
  }
}

[17/08/2023 06:52:02] Verificando a solicitação...
[17/08/2023 06:52:02] abgsoft-autopark-unimed.php
array(5) {
  ["nome"]=>
  string(20) "Kenya Bambirra Elias"
  ["cpf"]=>
  string(14) "591.918.136-20"
  ["email"]=>
  string(23) "kenyabambirra@gmail.com"
  ["placa"]=>
  string(7) "QNQ0F42"
  ["unidade"]=>
  array(1) {
    [0]=>
    string(1) "5"
  }
}

[17/08/2023 06:59:59] Verificando a solicitação...
[17/08/2023 06:59:59] abgsoft-autopark-unimed.php
array(5) {
  ["nome"]=>
  string(15) "Roberto Rabello"
  ["cpf"]=>
  string(11) "03083666624"
  ["email"]=>
  string(26) "robertocfrabello@gmail.com"
  ["placa"]=>
  string(7) "QOQ0E30"
  ["unidade"]=>
  array(1) {
    [0]=>
    string(1) "5"
  }
}

[17/08/2023 07:21:08] Verificando a solicitação...
[17/08/2023 07:21:08] abgsoft-autopark-unimed.php
array(5) {
  ["nome"]=>
  string(25) "Paulo Marcelo de Oliveira"
  ["cpf"]=>
  string(11) "42455243672"
  ["email"]=>
  string(26) "paulomarcelo10@hotmail.com"
  ["placa"]=>
  string(7) "QXK9027"
  ["unidade"]=>
  array(1) {
    [0]=>
    string(1) "5"
  }
}

[17/08/2023 07:42:00] Verificando a solicitação...
[17/08/2023 07:42:00] abgsoft-autopark-unimed.php
array(5) {
  ["nome"]=>
  string(6) "Naiara"
  ["cpf"]=>
  string(15) "100.295.466-56 "
  ["email"]=>
  string(30) "Naiarareginasimoes@hotmail.com"
  ["placa"]=>
  string(7) "Puj1c80"
  ["unidade"]=>
  array(1) {
    [0]=>
    string(1) "5"
  }
}

[17/08/2023 07:44:50] Verificando a solicitação...
[17/08/2023 07:44:50] abgsoft-autopark-unimed.php
array(5) {
  ["nome"]=>
  string(38) "Grazielle Magnólia Nogueira Ferreira "
  ["cpf"]=>
  string(14) "007.639.356-97"
  ["email"]=>
  string(27) "graziellemagnolia@gmail.com"
  ["placa"]=>
  string(7) "SHS9E34"
  ["unidade"]=>
  array(1) {
    [0]=>
    string(1) "5"
  }
}

[17/08/2023 07:56:52] Verificando a solicitação...
[17/08/2023 07:56:52] abgsoft-autopark-unimed.php
array(5) {
  ["nome"]=>
  string(9) "Mickaelle"
  ["cpf"]=>
  string(14) "094.820.306-48"
  ["email"]=>
  string(24) "mickaellefelix@gmail.com"
  ["placa"]=>
  string(7) "HOF0J84"
  ["unidade"]=>
  array(1) {
    [0]=>
    string(1) "5"
  }
}

[17/08/2023 08:31:07] Verificando a solicitação...
[17/08/2023 08:31:07] abgsoft-autopark-unimed.php
array(5) {
  ["nome"]=>
  string(20) "Roneison Tadeu Rocha"
  ["cpf"]=>
  string(11) "06807783655"
  ["email"]=>
  string(16) "bhsoad@gmail.com"
  ["placa"]=>
  string(7) "QOU8158"
  ["unidade"]=>
  array(1) {
    [0]=>
    string(1) "5"
  }
}

[17/08/2023 08:41:15] Verificando a solicitação...
[17/08/2023 08:41:15] abgsoft-autopark-unimed.php
array(5) {
  ["nome"]=>
  string(34) "Graziele de Oliveira Andrade Lima "
  ["cpf"]=>
  string(14) "079.315.406-54"
  ["email"]=>
  string(33) "g.deoliveiraandradelima@gmail.com"
  ["placa"]=>
  string(7) "PWO3715"
  ["unidade"]=>
  array(1) {
    [0]=>
    string(1) "3"
  }
}

[17/08/2023 08:58:53] Verificando a solicitação...
[17/08/2023 08:58:53] abgsoft-autopark-unimed.php
array(5) {
  ["nome"]=>
  string(25) "Wagner Vieira de Carvalho"
  ["cpf"]=>
  string(14) "472.227.356-15"
  ["email"]=>
  string(36) "carvalhoeferreiraadvogados@gmail.com"
  ["placa"]=>
  string(7) "HBT0823"
  ["unidade"]=>
  array(1) {
    [0]=>
    string(1) "7"
  }
}

[17/08/2023 09:31:36] Verificando a solicitação...
[17/08/2023 09:31:36] abgsoft-autopark-unimed.php
array(5) {
  ["nome"]=>
  string(25) "Wagner Vieira de Carvalho"
  ["cpf"]=>
  string(14) "472.227.356-15"
  ["email"]=>
  string(36) "carvalhoeferreiraadvogados@gmail.com"
  ["placa"]=>
  string(7) "HBT0823"
  ["unidade"]=>
  array(1) {
    [0]=>
    string(1) "7"
  }
}

[17/08/2023 10:18:56] Verificando a solicitação...
[17/08/2023 10:18:56] abgsoft-autopark-unimed.php
array(5) {
  ["nome"]=>
  string(22) "DIEGO FERREIRA FONSECA"
  ["cpf"]=>
  string(11) "08673477670"
  ["email"]=>
  string(21) "diego.ff1@hotmail.com"
  ["placa"]=>
  string(7) "OMF2E94"
  ["unidade"]=>
  array(1) {
    [0]=>
    string(1) "7"
  }
}

