[16/01/2023 12:15:18] Verificando a solicitação...
[16/01/2023 12:15:18] abgsoft-autopark-unimed.php
array(5) {
  ["nome"]=>
  string(32) "Thais Carvalho Canavieira Fadul "
  ["cpf"]=>
  string(14) "079.800.996-99"
  ["email"]=>
  string(27) "thaiscanavieira@hotmail.com"
  ["placa"]=>
  string(7) "Pxc6821"
  ["unidade"]=>
  array(1) {
    [0]=>
    string(1) "7"
  }
}

[16/01/2023 12:55:43] Verificando a solicitação...
[16/01/2023 12:55:43] abgsoft-autopark-unimed.php
array(5) {
  ["nome"]=>
  string(20) "Thais Protzner Silva"
  ["cpf"]=>
  string(11) "05341572629"
  ["email"]=>
  string(28) "thaisprotznersilva@gmail.com"
  ["placa"]=>
  string(7) "Hnx6384"
  ["unidade"]=>
  array(1) {
    [0]=>
    string(1) "7"
  }
}

[16/01/2023 02:48:50] Verificando a solicitação...
[16/01/2023 02:48:50] abgsoft-autopark-unimed.php
array(5) {
  ["nome"]=>
  string(18) "Herbert dos Santos"
  ["cpf"]=>
  string(11) "06701088635"
  ["email"]=>
  string(27) "herbertsantos1984@gmail.com"
  ["placa"]=>
  string(7) "HMB3J65"
  ["unidade"]=>
  array(1) {
    [0]=>
    string(1) "3"
  }
}

[16/01/2023 07:23:21] Verificando a solicitação...
[16/01/2023 07:23:21] abgsoft-autopark-unimed.php
array(5) {
  ["nome"]=>
  string(28) "Paulo Cesar Oliveira Calixto"
  ["cpf"]=>
  string(14) "097.589.086-77"
  ["email"]=>
  string(21) "paulinhoocx@gmail.com"
  ["placa"]=>
  string(7) "Owo4207"
  ["unidade"]=>
  array(1) {
    [0]=>
    string(1) "7"
  }
}

[16/01/2023 08:55:34] Verificando a solicitação...
[16/01/2023 08:55:34] abgsoft-autopark-unimed.php
array(5) {
  ["nome"]=>
  string(25) "sandra lucia souto camelo"
  ["cpf"]=>
  string(14) "510.279.176-15"
  ["email"]=>
  string(33) "sandraluciasoutoleao@yahoo.com.br"
  ["placa"]=>
  string(7) "PYB5512"
  ["unidade"]=>
  array(1) {
    [0]=>
    string(1) "5"
  }
}

[16/01/2023 09:26:09] Verificando a solicitação...
[16/01/2023 09:26:09] abgsoft-autopark-unimed.php
array(5) {
  ["nome"]=>
  string(37) "Maria Teresa Peter do Nascimento Dias"
  ["cpf"]=>
  string(15) "768.078.006-49 "
  ["email"]=>
  string(22) "maitepeter@hotmail.com"
  ["placa"]=>
  string(7) "HMF4113"
  ["unidade"]=>
  array(1) {
    [0]=>
    string(1) "7"
  }
}

[16/01/2023 09:27:22] Verificando a solicitação...
[16/01/2023 09:27:22] abgsoft-autopark-unimed.php
array(5) {
  ["nome"]=>
  string(37) "Maria Teresa Peter do Nascimento dias"
  ["cpf"]=>
  string(14) "768.078.006-49"
  ["email"]=>
  string(22) "maitepeter@hotmail.com"
  ["placa"]=>
  string(7) "HMF4113"
  ["unidade"]=>
  array(1) {
    [0]=>
    string(1) "7"
  }
}

[16/01/2023 09:34:56] Verificando a solicitação...
[16/01/2023 09:34:56] abgsoft-autopark-unimed.php
array(5) {
  ["nome"]=>
  string(23) "Jeanne D'arc dos Santos"
  ["cpf"]=>
  string(11) "57031746604"
  ["email"]=>
  string(25) "rinaldopmgeo@yahoo.com.br"
  ["placa"]=>
  string(7) "OWH1291"
  ["unidade"]=>
  array(1) {
    [0]=>
    string(1) "5"
  }
}

[16/01/2023 09:57:25] Verificando a solicitação...
[16/01/2023 09:57:25] abgsoft-autopark-unimed.php
array(5) {
  ["nome"]=>
  string(25) "Edmilson da Silva Freitas"
  ["cpf"]=>
  string(11) "05543046600"
  ["email"]=>
  string(31) "edmilson80._freitas@hotmail.com"
  ["placa"]=>
  string(8) "HLX-4836"
  ["unidade"]=>
  array(1) {
    [0]=>
    string(1) "7"
  }
}

[16/01/2023 09:57:43] Verificando a solicitação...
[16/01/2023 09:57:43] abgsoft-autopark-unimed.php
array(5) {
  ["nome"]=>
  string(21) "Rosemeire  dos santos"
  ["cpf"]=>
  string(11) "95453083620"
  ["email"]=>
  string(32) "rosemeire.dos.santos@rotmaio.com"
  ["placa"]=>
  string(7) "Ruaoa49"
  ["unidade"]=>
  array(1) {
    [0]=>
    string(1) "7"
  }
}

[16/01/2023 10:36:56] Verificando a solicitação...
[16/01/2023 10:36:56] abgsoft-autopark-unimed.php
array(5) {
  ["nome"]=>
  string(31) "fabiana Cristina da Silva Veber"
  ["cpf"]=>
  string(14) "007.639.619-30"
  ["email"]=>
  string(24) "fabianacsveber@gmail.com"
  ["placa"]=>
  string(7) "qhd2344"
  ["unidade"]=>
  array(1) {
    [0]=>
    string(1) "2"
  }
}

[16/01/2023 10:46:46] Verificando a solicitação...
[16/01/2023 10:46:46] abgsoft-autopark-unimed.php
array(5) {
  ["nome"]=>
  string(13) "Meire Brescia"
  ["cpf"]=>
  string(14) "312.057.556-91"
  ["email"]=>
  string(25) "meirebrescia@yahoo.com.br"
  ["placa"]=>
  string(7) "QOE4141"
  ["unidade"]=>
  array(1) {
    [0]=>
    string(1) "5"
  }
}

[16/01/2023 11:05:13] Verificando a solicitação...
[16/01/2023 11:05:13] abgsoft-autopark-unimed.php
array(5) {
  ["nome"]=>
  string(30) "Samara Helen de Matos Miranda "
  ["cpf"]=>
  string(15) "120.718.006-80 "
  ["email"]=>
  string(24) "samarahelenn@hotmail.com"
  ["placa"]=>
  string(7) "Olu2881"
  ["unidade"]=>
  array(1) {
    [0]=>
    string(1) "7"
  }
}

[16/01/2023 11:09:35] Verificando a solicitação...
[16/01/2023 11:09:35] abgsoft-autopark-unimed.php
array(5) {
  ["nome"]=>
  string(20) "Diane Ramos Pereira "
  ["cpf"]=>
  string(11) "10815029675"
  ["email"]=>
  string(21) "diihramos44@gmail.com"
  ["placa"]=>
  string(7) "Kni1a71"
  ["unidade"]=>
  array(1) {
    [0]=>
    string(1) "7"
  }
}

[16/01/2023 11:11:15] Verificando a solicitação...
[16/01/2023 11:11:15] abgsoft-autopark-unimed.php
array(5) {
  ["nome"]=>
  string(18) "CAROLINA FRANCISCO"
  ["cpf"]=>
  string(14) "056.316.196-52"
  ["email"]=>
  string(28) "carolfrancisco.adm@gmail.com"
  ["placa"]=>
  string(7) "HNY8616"
  ["unidade"]=>
  array(1) {
    [0]=>
    string(1) "5"
  }
}

[16/01/2023 11:14:24] Verificando a solicitação...
[16/01/2023 11:14:24] abgsoft-autopark-unimed.php
array(5) {
  ["nome"]=>
  string(28) "Ana Luiza Guimarães Duarte "
  ["cpf"]=>
  string(11) "13940664650"
  ["email"]=>
  string(28) "guimaraesduarteana@gmail.com"
  ["placa"]=>
  string(7) "OQN7531"
  ["unidade"]=>
  array(1) {
    [0]=>
    string(1) "4"
  }
}

[16/01/2023 11:21:01] Verificando a solicitação...
[16/01/2023 11:21:01] abgsoft-autopark-unimed.php
array(5) {
  ["nome"]=>
  string(23) "Eloizio Rodrigues Lopes"
  ["cpf"]=>
  string(11) "29368715653"
  ["email"]=>
  string(25) "contato@multimaquinas.net"
  ["placa"]=>
  string(7) "HEF7408"
  ["unidade"]=>
  array(1) {
    [0]=>
    string(1) "7"
  }
}

[16/01/2023 11:25:58] Verificando a solicitação...
[16/01/2023 11:25:58] abgsoft-autopark-unimed.php
array(5) {
  ["nome"]=>
  string(20) "JOSE WILSON DA SILVA"
  ["cpf"]=>
  string(11) "59341602653"
  ["email"]=>
  string(27) "josewilsonsilva@hotmail.com"
  ["placa"]=>
  string(7) "HMI1973"
  ["unidade"]=>
  array(1) {
    [0]=>
    string(1) "5"
  }
}

[16/01/2023 11:37:30] Verificando a solicitação...
[16/01/2023 11:37:30] abgsoft-autopark-unimed.php
array(5) {
  ["nome"]=>
  string(23) "Vanessa Santos de Paula"
  ["cpf"]=>
  string(14) "052.212.616-26"
  ["email"]=>
  string(33) "vanessadepaula2017@outlook.com.br"
  ["placa"]=>
  string(7) "oov1661"
  ["unidade"]=>
  array(1) {
    [0]=>
    string(1) "7"
  }
}

[16/01/2023 11:43:00] Verificando a solicitação...
[16/01/2023 11:43:00] abgsoft-autopark-unimed.php
array(5) {
  ["nome"]=>
  string(34) "DENISE TEREZINHA HORTA MALTA PANIN"
  ["cpf"]=>
  string(14) "746.305.986-34"
  ["email"]=>
  string(18) "dt.panin@gmail.com"
  ["placa"]=>
  string(7) "QNX7368"
  ["unidade"]=>
  array(1) {
    [0]=>
    string(1) "1"
  }
}

[16/01/2023 11:54:06] Verificando a solicitação...
[16/01/2023 11:54:06] abgsoft-autopark-unimed.php
array(5) {
  ["nome"]=>
  string(21) "Elineu Alves Coutinho"
  ["cpf"]=>
  string(11) "95430806668"
  ["email"]=>
  string(25) "acoutinhoelineu@gmail.com"
  ["placa"]=>
  string(7) "RVU5G30"
  ["unidade"]=>
  array(1) {
    [0]=>
    string(1) "7"
  }
}

[16/01/2023 12:09:33] Verificando a solicitação...
[16/01/2023 12:09:33] abgsoft-autopark-unimed.php
array(5) {
  ["nome"]=>
  string(21) "Antônia maria costa "
  ["cpf"]=>
  string(15) "013.270.706-34 "
  ["email"]=>
  string(23) "antoniomcosta@gmail.com"
  ["placa"]=>
  string(7) "OXD7363"
  ["unidade"]=>
  array(1) {
    [0]=>
    string(1) "2"
  }
}

[16/01/2023 12:10:54] Verificando a solicitação...
[16/01/2023 12:10:54] abgsoft-autopark-unimed.php
array(5) {
  ["nome"]=>
  string(20) "THAYSA DA SILVA CRUZ"
  ["cpf"]=>
  string(11) "08390876671"
  ["email"]=>
  string(21) "thaysacruz9@gmail.com"
  ["placa"]=>
  string(7) "HLH9774"
  ["unidade"]=>
  array(1) {
    [0]=>
    string(1) "4"
  }
}

[16/01/2023 12:12:52] Verificando a solicitação...
[16/01/2023 12:12:52] abgsoft-autopark-unimed.php
array(5) {
  ["nome"]=>
  string(20) "Viviane Silva Franco"
  ["cpf"]=>
  string(14) "997.430.606-00"
  ["email"]=>
  string(27) "vivianeflores_5@hotmail.com"
  ["placa"]=>
  string(7) "HDJ6G60"
  ["unidade"]=>
  array(1) {
    [0]=>
    string(1) "4"
  }
}

[16/01/2023 12:14:07] Verificando a solicitação...
[16/01/2023 12:14:07] abgsoft-autopark-unimed.php
array(5) {
  ["nome"]=>
  string(20) "THAYSA DA SILVA CRUZ"
  ["cpf"]=>
  string(11) "08390876671"
  ["email"]=>
  string(21) "thaysacruz9@gmail.com"
  ["placa"]=>
  string(7) "HLH9774"
  ["unidade"]=>
  array(1) {
    [0]=>
    string(1) "5"
  }
}

[16/01/2023 12:24:20] Verificando a solicitação...
[16/01/2023 12:24:20] abgsoft-autopark-unimed.php
array(5) {
  ["nome"]=>
  string(32) "renata cristina de almeida regis"
  ["cpf"]=>
  string(14) "020.638.137-95"
  ["email"]=>
  string(23) "renataregis00@gmail.com"
  ["placa"]=>
  string(7) "PRV5F62"
  ["unidade"]=>
  array(1) {
    [0]=>
    string(1) "7"
  }
}

[16/01/2023 12:33:56] Verificando a solicitação...
[16/01/2023 12:33:56] abgsoft-autopark-unimed.php
array(5) {
  ["nome"]=>
  string(18) "Eder Dutra Pereira"
  ["cpf"]=>
  string(11) "12242785699"
  ["email"]=>
  string(26) "ederdutrapereira@gmail.com"
  ["placa"]=>
  string(7) "PYD6800"
  ["unidade"]=>
  array(1) {
    [0]=>
    string(1) "5"
  }
}

[16/01/2023 12:54:35] Verificando a solicitação...
[16/01/2023 12:54:35] abgsoft-autopark-unimed.php
array(5) {
  ["nome"]=>
  string(28) "Renata Rosilene Silva Felipe"
  ["cpf"]=>
  string(14) "030.484.126-97"
  ["email"]=>
  string(27) "renatarosy2000@yahoo.com.br"
  ["placa"]=>
  string(7) "OPO7F70"
  ["unidade"]=>
  array(1) {
    [0]=>
    string(1) "5"
  }
}

[16/01/2023 01:26:02] Verificando a solicitação...
[16/01/2023 01:26:02] abgsoft-autopark-unimed.php
array(5) {
  ["nome"]=>
  string(17) "Simone Patrocinio"
  ["cpf"]=>
  string(14) "915.072.196-87"
  ["email"]=>
  string(30) "simonepatrociniofono@gmail.com"
  ["placa"]=>
  string(7) "HCV8009"
  ["unidade"]=>
  array(1) {
    [0]=>
    string(1) "5"
  }
}

[16/01/2023 01:38:47] Verificando a solicitação...
[16/01/2023 01:38:47] abgsoft-autopark-unimed.php
array(5) {
  ["nome"]=>
  string(29) "Maria Antonieta Gonzaga Silva"
  ["cpf"]=>
  string(11) "06023022693"
  ["email"]=>
  string(28) "antonieta.biologia@gmail.com"
  ["placa"]=>
  string(7) "HKR3856"
  ["unidade"]=>
  array(1) {
    [0]=>
    string(1) "5"
  }
}

[16/01/2023 01:40:22] Verificando a solicitação...
[16/01/2023 01:40:22] abgsoft-autopark-unimed.php
array(5) {
  ["nome"]=>
  string(21) "Everton Felipe Ferraz"
  ["cpf"]=>
  string(11) "12616530686"
  ["email"]=>
  string(26) "evertonfferraz@hotmail.com"
  ["placa"]=>
  string(7) "QXT4A66"
  ["unidade"]=>
  array(1) {
    [0]=>
    string(1) "7"
  }
}

[16/01/2023 02:05:38] Verificando a solicitação...
[16/01/2023 02:05:38] abgsoft-autopark-unimed.php
array(5) {
  ["nome"]=>
  string(35) "Kellen Cristina Inácio de Oliveira"
  ["cpf"]=>
  string(11) "05048301633"
  ["email"]=>
  string(19) "kelcris03@gmail.com"
  ["placa"]=>
  string(7) "NYD3726"
  ["unidade"]=>
  array(1) {
    [0]=>
    string(1) "5"
  }
}

[16/01/2023 02:07:03] Verificando a solicitação...
[16/01/2023 02:07:03] abgsoft-autopark-unimed.php
array(5) {
  ["nome"]=>
  string(29) "Hudson Francisco Rangel Pinto"
  ["cpf"]=>
  string(14) "059.867.066-17"
  ["email"]=>
  string(26) "hudson_rangel@yahoo.com.br"
  ["placa"]=>
  string(8) "HOF 9146"
  ["unidade"]=>
  array(1) {
    [0]=>
    string(1) "7"
  }
}

[16/01/2023 02:15:15] Verificando a solicitação...
[16/01/2023 02:15:15] abgsoft-autopark-unimed.php
array(5) {
  ["nome"]=>
  string(20) "Naiara Moreira Reis "
  ["cpf"]=>
  string(14) "019.488.776-60"
  ["email"]=>
  string(20) "Naiara.mek@gmail.com"
  ["placa"]=>
  string(8) "OXH-3009"
  ["unidade"]=>
  array(1) {
    [0]=>
    string(1) "5"
  }
}

[16/01/2023 02:24:49] Verificando a solicitação...
[16/01/2023 02:24:49] abgsoft-autopark-unimed.php
array(5) {
  ["nome"]=>
  string(35) "Barbara Jéssica de melo Cezar Dias"
  ["cpf"]=>
  string(14) "109.335.986-29"
  ["email"]=>
  string(25) "barbara_jmcd@yahoo.com.br"
  ["placa"]=>
  string(7) "Opo8230"
  ["unidade"]=>
  array(1) {
    [0]=>
    string(1) "5"
  }
}

[16/01/2023 02:29:47] Verificando a solicitação...
[16/01/2023 02:29:47] abgsoft-autopark-unimed.php
array(5) {
  ["nome"]=>
  string(43) "Larissa Laura Gonçalves Fernandes De Souza"
  ["cpf"]=>
  string(14) "122.496.846-85"
  ["email"]=>
  string(25) "larissagastro@hotmail.com"
  ["placa"]=>
  string(7) "RFT3B38"
  ["unidade"]=>
  array(1) {
    [0]=>
    string(1) "3"
  }
}

[16/01/2023 02:38:06] Verificando a solicitação...
[16/01/2023 02:38:06] abgsoft-autopark-unimed.php
array(5) {
  ["nome"]=>
  string(22) "Fernanda Tadeu Vargas "
  ["cpf"]=>
  string(14) "085.011.326-16"
  ["email"]=>
  string(22) "nandamg89@yahoo.com.br"
  ["placa"]=>
  string(7) "Hik5027"
  ["unidade"]=>
  array(1) {
    [0]=>
    string(1) "7"
  }
}

[16/01/2023 02:39:40] Verificando a solicitação...
[16/01/2023 02:39:40] abgsoft-autopark-unimed.php
array(5) {
  ["nome"]=>
  string(20) "Joelma Alves Ribeiro"
  ["cpf"]=>
  string(11) "62624733191"
  ["email"]=>
  string(29) "joelma.ribeiro@ivoryit.com.br"
  ["placa"]=>
  string(7) "QMX3144"
  ["unidade"]=>
  array(1) {
    [0]=>
    string(1) "7"
  }
}

[16/01/2023 02:40:18] Verificando a solicitação...
[16/01/2023 02:40:18] abgsoft-autopark-unimed.php
array(5) {
  ["nome"]=>
  string(18) "MARCOS ALVES LEITE"
  ["cpf"]=>
  string(11) "95569731687"
  ["email"]=>
  string(25) "marcoscontabeis@gmail.com"
  ["placa"]=>
  string(8) "OQO 5752"
  ["unidade"]=>
  array(1) {
    [0]=>
    string(1) "2"
  }
}

[16/01/2023 02:50:09] Verificando a solicitação...
[16/01/2023 02:50:09] abgsoft-autopark-unimed.php
array(5) {
  ["nome"]=>
  string(34) "Adriana Aparecida Vieira da Rocha "
  ["cpf"]=>
  string(11) "02385141612"
  ["email"]=>
  string(21) "dri.julucan@gmail.com"
  ["placa"]=>
  string(7) "NYE8B81"
  ["unidade"]=>
  array(1) {
    [0]=>
    string(1) "7"
  }
}

[16/01/2023 02:50:37] Verificando a solicitação...
[16/01/2023 02:50:37] abgsoft-autopark-unimed.php
array(5) {
  ["nome"]=>
  string(30) "CARLA PATRÍCIA SATURNINO DIAS"
  ["cpf"]=>
  string(14) "048.230.166-02"
  ["email"]=>
  string(28) "carlasaturninodias@gmail.com"
  ["placa"]=>
  string(7) "Pyc3b70"
  ["unidade"]=>
  array(1) {
    [0]=>
    string(1) "5"
  }
}

[16/01/2023 03:03:08] Verificando a solicitação...
[16/01/2023 03:03:08] abgsoft-autopark-unimed.php
array(5) {
  ["nome"]=>
  string(24) "Tamara Stefania Nogueira"
  ["cpf"]=>
  string(11) "05072354601"
  ["email"]=>
  string(24) "tamarastefania@gmail.com"
  ["placa"]=>
  string(7) "RTC7E22"
  ["unidade"]=>
  array(1) {
    [0]=>
    string(1) "5"
  }
}

[16/01/2023 03:07:03] Verificando a solicitação...
[16/01/2023 03:07:03] abgsoft-autopark-unimed.php
array(5) {
  ["nome"]=>
  string(9) "Lucilene "
  ["cpf"]=>
  string(14) "040.497.616-61"
  ["email"]=>
  string(25) "lucaseheitor@yahoo.com.br"
  ["placa"]=>
  string(7) "Pyd4530"
  ["unidade"]=>
  array(1) {
    [0]=>
    string(1) "7"
  }
}

[16/01/2023 03:08:45] Verificando a solicitação...
[16/01/2023 03:08:45] abgsoft-autopark-unimed.php
array(5) {
  ["nome"]=>
  string(23) "Gleidson Alexandre Reis"
  ["cpf"]=>
  string(14) "028.930.256-09"
  ["email"]=>
  string(24) "gleidson.rreis@gmail.com"
  ["placa"]=>
  string(7) "PWB9538"
  ["unidade"]=>
  array(1) {
    [0]=>
    string(1) "4"
  }
}

[16/01/2023 03:31:12] Verificando a solicitação...
[16/01/2023 03:31:12] abgsoft-autopark-unimed.php
array(5) {
  ["nome"]=>
  string(16) "Fernando Almeida"
  ["cpf"]=>
  string(14) "369.924.886-00"
  ["email"]=>
  string(17) "fda6100@gmail.com"
  ["placa"]=>
  string(7) "OLT7189"
  ["unidade"]=>
  array(1) {
    [0]=>
    string(1) "4"
  }
}

[16/01/2023 03:34:24] Verificando a solicitação...
[16/01/2023 03:34:24] abgsoft-autopark-unimed.php
array(5) {
  ["nome"]=>
  string(21) "Rachel Pereira Costa "
  ["cpf"]=>
  string(11) "14162841683"
  ["email"]=>
  string(25) "rachelcosta1998@gmail.com"
  ["placa"]=>
  string(7) "HER4779"
  ["unidade"]=>
  array(1) {
    [0]=>
    string(1) "3"
  }
}

[16/01/2023 03:47:00] Verificando a solicitação...
[16/01/2023 03:47:00] abgsoft-autopark-unimed.php
array(5) {
  ["nome"]=>
  string(17) "Leonardo Mendonca"
  ["cpf"]=>
  string(11) "04460637626"
  ["email"]=>
  string(28) "leonardocostaadm@hotmail.com"
  ["placa"]=>
  string(7) "RFG7G03"
  ["unidade"]=>
  array(1) {
    [0]=>
    string(1) "5"
  }
}

[16/01/2023 03:48:46] Verificando a solicitação...
[16/01/2023 03:48:46] abgsoft-autopark-unimed.php
array(5) {
  ["nome"]=>
  string(21) "Luci Lisboa Da Silva "
  ["cpf"]=>
  string(14) "276.685.766-49"
  ["email"]=>
  string(24) "ludmillasn.bya@gmail.com"
  ["placa"]=>
  string(7) "Hjk1982"
  ["unidade"]=>
  array(1) {
    [0]=>
    string(1) "3"
  }
}

[16/01/2023 04:10:32] Verificando a solicitação...
[16/01/2023 04:10:32] abgsoft-autopark-unimed.php
array(5) {
  ["nome"]=>
  string(23) "Rafael Marques de Souza"
  ["cpf"]=>
  string(14) "101.854.486-07"
  ["email"]=>
  string(24) "raf.marques@yahoo.com.br"
  ["placa"]=>
  string(8) "PVF-8229"
  ["unidade"]=>
  array(1) {
    [0]=>
    string(1) "5"
  }
}

[16/01/2023 04:13:29] Verificando a solicitação...
[16/01/2023 04:13:29] abgsoft-autopark-unimed.php
array(5) {
  ["nome"]=>
  string(24) "Renata Cristina de Assiz"
  ["cpf"]=>
  string(14) "936.607.666-15"
  ["email"]=>
  string(19) "r_assiz@hotmail.com"
  ["placa"]=>
  string(7) "HKP9219"
  ["unidade"]=>
  array(1) {
    [0]=>
    string(1) "3"
  }
}

[16/01/2023 04:15:06] Verificando a solicitação...
[16/01/2023 04:15:06] abgsoft-autopark-unimed.php
array(5) {
  ["nome"]=>
  string(29) "THIAGO ALEXSANDER COSTA GREGO"
  ["cpf"]=>
  string(11) "04465704607"
  ["email"]=>
  string(22) "thiago.grego@gmail.com"
  ["placa"]=>
  string(7) "RFB2H12"
  ["unidade"]=>
  array(1) {
    [0]=>
    string(1) "5"
  }
}

[16/01/2023 04:18:39] Verificando a solicitação...
[16/01/2023 04:18:39] abgsoft-autopark-unimed.php
array(5) {
  ["nome"]=>
  string(32) "Wanderley custódio de Oliveira "
  ["cpf"]=>
  string(20) "683 . 387 . 086 - 15"
  ["email"]=>
  string(31) "oliveirawanderley1968@gmail.com"
  ["placa"]=>
  string(8) "Pwq-0C01"
  ["unidade"]=>
  array(1) {
    [0]=>
    string(1) "5"
  }
}

[16/01/2023 04:23:57] Verificando a solicitação...
[16/01/2023 04:23:57] abgsoft-autopark-unimed.php
array(5) {
  ["nome"]=>
  string(22) "Pedro Geraldo Ferreira"
  ["cpf"]=>
  string(14) "555.579.966-72"
  ["email"]=>
  string(28) "pedroferreira19666@gmail.com"
  ["placa"]=>
  string(8) "Hfe 1E22"
  ["unidade"]=>
  array(1) {
    [0]=>
    string(1) "3"
  }
}

[16/01/2023 04:31:12] Verificando a solicitação...
[16/01/2023 04:31:12] abgsoft-autopark-unimed.php
array(5) {
  ["nome"]=>
  string(27) "Carlos Fernando Guimarães "
  ["cpf"]=>
  string(11) "12990680659"
  ["email"]=>
  string(28) "diniz.guimaraes@yahoo.com.br"
  ["placa"]=>
  string(8) "PWH9486 "
  ["unidade"]=>
  array(1) {
    [0]=>
    string(1) "5"
  }
}

[16/01/2023 04:42:14] Verificando a solicitação...
[16/01/2023 04:42:14] abgsoft-autopark-unimed.php
array(5) {
  ["nome"]=>
  string(32) "Denise de Carvalho Lima Martinez"
  ["cpf"]=>
  string(11) "85892408604"
  ["email"]=>
  string(26) "denisedecarvalho@gmail.com"
  ["placa"]=>
  string(7) "HXC0H22"
  ["unidade"]=>
  array(1) {
    [0]=>
    string(1) "7"
  }
}

[16/01/2023 04:45:54] Verificando a solicitação...
[16/01/2023 04:45:54] abgsoft-autopark-unimed.php
array(5) {
  ["nome"]=>
  string(24) "Regiane Gonçalves Dias "
  ["cpf"]=>
  string(11) "08942513689"
  ["email"]=>
  string(22) "reginha_gd@hotmail.com"
  ["placa"]=>
  string(8) "RGC4D26 "
  ["unidade"]=>
  array(1) {
    [0]=>
    string(1) "5"
  }
}

[16/01/2023 04:45:59] Verificando a solicitação...
[16/01/2023 04:45:59] abgsoft-autopark-unimed.php
array(5) {
  ["nome"]=>
  string(33) "Jonathan José Silva de Oliveira "
  ["cpf"]=>
  string(11) "08750922688"
  ["email"]=>
  string(26) "jonathanjjjose@hotmail.com"
  ["placa"]=>
  string(7) "Hea6i78"
  ["unidade"]=>
  array(1) {
    [0]=>
    string(1) "2"
  }
}

[16/01/2023 04:59:49] Verificando a solicitação...
[16/01/2023 04:59:49] abgsoft-autopark-unimed.php
array(5) {
  ["nome"]=>
  string(24) "Wellington lander silva "
  ["cpf"]=>
  string(11) "08658836614"
  ["email"]=>
  string(26) "tomtomlander1986@gmail.com"
  ["placa"]=>
  string(7) "NPX9755"
  ["unidade"]=>
  array(1) {
    [0]=>
    string(1) "5"
  }
}

[16/01/2023 05:13:17] Verificando a solicitação...
[16/01/2023 05:13:17] abgsoft-autopark-unimed.php
array(5) {
  ["nome"]=>
  string(29) "PATRICIA DAS GRACAS GUALBERTO"
  ["cpf"]=>
  string(14) "013.613.946-92"
  ["email"]=>
  string(30) "patriciagualberto409@gmail.com"
  ["placa"]=>
  string(8) "Hfd 6511"
  ["unidade"]=>
  array(1) {
    [0]=>
    string(1) "5"
  }
}

[16/01/2023 05:16:28] Verificando a solicitação...
[16/01/2023 05:16:28] abgsoft-autopark-unimed.php
array(5) {
  ["nome"]=>
  string(28) "Cynthia Rabelo de Oliveira. "
  ["cpf"]=>
  string(14) "624.321.336-68"
  ["email"]=>
  string(27) "cynthia.rabelo@yahoo.com.br"
  ["placa"]=>
  string(7) "OOY3H62"
  ["unidade"]=>
  array(1) {
    [0]=>
    string(1) "5"
  }
}

[16/01/2023 05:22:06] Verificando a solicitação...
[16/01/2023 05:22:06] abgsoft-autopark-unimed.php
array(5) {
  ["nome"]=>
  string(20) "hiago terra de faria"
  ["cpf"]=>
  string(11) "08464864663"
  ["email"]=>
  string(20) "hiagoterra@gmail.com"
  ["placa"]=>
  string(7) "fsy0b85"
  ["unidade"]=>
  array(1) {
    [0]=>
    string(1) "7"
  }
}

[16/01/2023 05:30:08] Verificando a solicitação...
[16/01/2023 05:30:08] abgsoft-autopark-unimed.php
array(5) {
  ["nome"]=>
  string(24) "Alexsandro Luaces Senna "
  ["cpf"]=>
  string(11) "80114822620"
  ["email"]=>
  string(23) "alexluaces@yahoo.com.br"
  ["placa"]=>
  string(8) "PWB-3073"
  ["unidade"]=>
  array(1) {
    [0]=>
    string(1) "7"
  }
}

[16/01/2023 05:33:40] Verificando a solicitação...
[16/01/2023 05:33:40] abgsoft-autopark-unimed.php
array(5) {
  ["nome"]=>
  string(23) "Ivone Ribeiro Do Carmo "
  ["cpf"]=>
  string(12) "762 34657672"
  ["email"]=>
  string(19) "tonypaulo@gmail.com"
  ["placa"]=>
  string(8) "PZD0333 "
  ["unidade"]=>
  array(1) {
    [0]=>
    string(1) "5"
  }
}

[16/01/2023 05:33:47] Verificando a solicitação...
[16/01/2023 05:33:47] abgsoft-autopark-unimed.php
array(5) {
  ["nome"]=>
  string(23) "Ivone Ribeiro Do Carmo "
  ["cpf"]=>
  string(12) "762 34657672"
  ["email"]=>
  string(19) "tonypaulo@gmail.com"
  ["placa"]=>
  string(8) "PZD0333 "
  ["unidade"]=>
  array(1) {
    [0]=>
    string(1) "5"
  }
}

[16/01/2023 05:35:11] Verificando a solicitação...
[16/01/2023 05:35:11] abgsoft-autopark-unimed.php
array(5) {
  ["nome"]=>
  string(11) "Genny Mafra"
  ["cpf"]=>
  string(14) "392.461.166-15"
  ["email"]=>
  string(22) "gennymafra@hotmail.com"
  ["placa"]=>
  string(7) "OOY7283"
  ["unidade"]=>
  array(1) {
    [0]=>
    string(1) "5"
  }
}

[16/01/2023 05:35:37] Verificando a solicitação...
[16/01/2023 05:35:37] abgsoft-autopark-unimed.php
array(5) {
  ["nome"]=>
  string(24) "Luciana Batista e Silva "
  ["cpf"]=>
  string(11) "06545489607"
  ["email"]=>
  string(23) "lulubatista@hotmail.com"
  ["placa"]=>
  string(8) "QON 0054"
  ["unidade"]=>
  array(1) {
    [0]=>
    string(1) "4"
  }
}

[16/01/2023 05:46:17] Verificando a solicitação...
[16/01/2023 05:46:17] abgsoft-autopark-unimed.php
array(5) {
  ["nome"]=>
  string(6) "Célia"
  ["cpf"]=>
  string(14) "390.544.036-91"
  ["email"]=>
  string(24) "mateuscelia135@gmail.com"
  ["placa"]=>
  string(8) "PWJ 7042"
  ["unidade"]=>
  array(1) {
    [0]=>
    string(1) "7"
  }
}

[16/01/2023 05:46:59] Verificando a solicitação...
[16/01/2023 05:46:59] abgsoft-autopark-unimed.php
array(5) {
  ["nome"]=>
  string(28) "Emanuel do Nascimento Dutra "
  ["cpf"]=>
  string(11) "07067039606"
  ["email"]=>
  string(25) "emanuel.dutradc@gmail.com"
  ["placa"]=>
  string(7) "Oqx9324"
  ["unidade"]=>
  array(1) {
    [0]=>
    string(1) "5"
  }
}

[16/01/2023 05:48:04] Verificando a solicitação...
[16/01/2023 05:48:04] abgsoft-autopark-unimed.php
array(5) {
  ["nome"]=>
  string(18) "Alexandra Camargos"
  ["cpf"]=>
  string(14) "050.516.796-41"
  ["email"]=>
  string(27) "alexandracamargos@gmail.com"
  ["placa"]=>
  string(7) "PVF2547"
  ["unidade"]=>
  array(1) {
    [0]=>
    string(1) "2"
  }
}

[16/01/2023 05:54:20] Verificando a solicitação...
[16/01/2023 05:54:20] abgsoft-autopark-unimed.php
array(5) {
  ["nome"]=>
  string(25) "MARCO ANTONIO DE OLIVEIRA"
  ["cpf"]=>
  string(11) "16206118649"
  ["email"]=>
  string(22) "1951oliveira@gmail.com"
  ["placa"]=>
  string(7) "QQU2A35"
  ["unidade"]=>
  array(1) {
    [0]=>
    string(1) "3"
  }
}

[16/01/2023 05:56:09] Verificando a solicitação...
[16/01/2023 05:56:09] abgsoft-autopark-unimed.php
array(5) {
  ["nome"]=>
  string(20) "Maria Izabel de Sena"
  ["cpf"]=>
  string(11) "05313890654"
  ["email"]=>
  string(23) "bebel.sena@yahoo.com.br"
  ["placa"]=>
  string(7) "PXU4955"
  ["unidade"]=>
  array(1) {
    [0]=>
    string(1) "2"
  }
}

[16/01/2023 06:01:33] Verificando a solicitação...
[16/01/2023 06:01:33] abgsoft-autopark-unimed.php
array(5) {
  ["nome"]=>
  string(24) "SILVANIA MARCIA DA SILVA"
  ["cpf"]=>
  string(14) "038.425.576-04"
  ["email"]=>
  string(30) "silvaniamarciasilva6@gmail.com"
  ["placa"]=>
  string(7) "HLQ1J06"
  ["unidade"]=>
  array(1) {
    [0]=>
    string(1) "3"
  }
}

[16/01/2023 06:01:40] Verificando a solicitação...
[16/01/2023 06:01:40] abgsoft-autopark-unimed.php
array(5) {
  ["nome"]=>
  string(35) "Fernanda da Vitória Moreira Mattos"
  ["cpf"]=>
  string(14) "103.729.237-55"
  ["email"]=>
  string(21) "nanda1803@hotmail.com"
  ["placa"]=>
  string(7) "HNX7B40"
  ["unidade"]=>
  array(1) {
    [0]=>
    string(1) "5"
  }
}

[16/01/2023 06:17:07] Verificando a solicitação...
[16/01/2023 06:17:07] abgsoft-autopark-unimed.php
array(5) {
  ["nome"]=>
  string(27) "cicera paloma santos silva "
  ["cpf"]=>
  string(14) "915.771.875-04"
  ["email"]=>
  string(21) "cpalomass@hotmail.com"
  ["placa"]=>
  string(7) "jqt6247"
  ["unidade"]=>
  array(1) {
    [0]=>
    string(1) "5"
  }
}

[16/01/2023 06:19:03] Verificando a solicitação...
[16/01/2023 06:19:03] abgsoft-autopark-unimed.php
array(5) {
  ["nome"]=>
  string(20) "PEDRO PAULO ROMUALDO"
  ["cpf"]=>
  string(11) "73311464672"
  ["email"]=>
  string(27) "pedro_romualdo@yahoo.com.br"
  ["placa"]=>
  string(8) "PWK 8510"
  ["unidade"]=>
  array(1) {
    [0]=>
    string(1) "5"
  }
}

[16/01/2023 06:34:14] Verificando a solicitação...
[16/01/2023 06:34:14] abgsoft-autopark-unimed.php
array(5) {
  ["nome"]=>
  string(25) "João Guilherme da Silva "
  ["cpf"]=>
  string(11) "76242250691"
  ["email"]=>
  string(29) "jguilherme1969@hotmail.com.br"
  ["placa"]=>
  string(7) "Pwa0722"
  ["unidade"]=>
  array(1) {
    [0]=>
    string(1) "3"
  }
}

[16/01/2023 06:36:32] Verificando a solicitação...
[16/01/2023 06:36:32] abgsoft-autopark-unimed.php
array(5) {
  ["nome"]=>
  string(25) "João Guilherme da Silva "
  ["cpf"]=>
  string(11) "76242259691"
  ["email"]=>
  string(29) "jguilherme1969@hotmail.com.br"
  ["placa"]=>
  string(7) "Pwa0722"
  ["unidade"]=>
  array(1) {
    [0]=>
    string(1) "3"
  }
}

[16/01/2023 06:36:51] Verificando a solicitação...
[16/01/2023 06:36:51] abgsoft-autopark-unimed.php
array(5) {
  ["nome"]=>
  string(32) "Andreia Michetti Simões Araujo "
  ["cpf"]=>
  string(14) "871.964.336-53"
  ["email"]=>
  string(29) "andreiasimoesaraujo@gmail.com"
  ["placa"]=>
  string(7) "QQZ4912"
  ["unidade"]=>
  array(1) {
    [0]=>
    string(1) "5"
  }
}

[16/01/2023 06:59:20] Verificando a solicitação...
[16/01/2023 06:59:20] abgsoft-autopark-unimed.php
array(5) {
  ["nome"]=>
  string(28) "Adley luiz da Cruz rodrigues"
  ["cpf"]=>
  string(14) "000.101.146-45"
  ["email"]=>
  string(19) "biduaudio@gmail.com"
  ["placa"]=>
  string(7) "Hcu3230"
  ["unidade"]=>
  array(1) {
    [0]=>
    string(1) "5"
  }
}

[16/01/2023 07:00:52] Verificando a solicitação...
[16/01/2023 07:00:52] abgsoft-autopark-unimed.php
array(5) {
  ["nome"]=>
  string(32) "GEISA DE CARVALHO SILVA FERREIRA"
  ["cpf"]=>
  string(14) "426.839.986-00"
  ["email"]=>
  string(23) "ferreirageisa@gmail.com"
  ["placa"]=>
  string(7) "RTQ0A17"
  ["unidade"]=>
  array(1) {
    [0]=>
    string(1) "5"
  }
}

[16/01/2023 07:04:07] Verificando a solicitação...
[16/01/2023 07:04:07] abgsoft-autopark-unimed.php
array(5) {
  ["nome"]=>
  string(15) "ARTHUR HENRIQUE"
  ["cpf"]=>
  string(14) "070.200.166-00"
  ["email"]=>
  string(26) "arthurlopesmg@yahoo.com.br"
  ["placa"]=>
  string(8) "pwa 7012"
  ["unidade"]=>
  array(1) {
    [0]=>
    string(1) "5"
  }
}

[16/01/2023 07:09:45] Verificando a solicitação...
[16/01/2023 07:09:45] abgsoft-autopark-unimed.php
array(5) {
  ["nome"]=>
  string(11) "Paulo Lopes"
  ["cpf"]=>
  string(11) "17624053691"
  ["email"]=>
  string(24) "spaulolopes100@gmail.com"
  ["placa"]=>
  string(7) "GYO2411"
  ["unidade"]=>
  array(1) {
    [0]=>
    string(1) "7"
  }
}

[16/01/2023 07:34:54] Verificando a solicitação...
[16/01/2023 07:34:54] abgsoft-autopark-unimed.php
array(5) {
  ["nome"]=>
  string(23) "Jose Eustachio Pimentel"
  ["cpf"]=>
  string(11) "37280104649"
  ["email"]=>
  string(16) "djbhte@gmail.com"
  ["placa"]=>
  string(8) "QNG-6b43"
  ["unidade"]=>
  array(1) {
    [0]=>
    string(1) "5"
  }
}

[16/01/2023 07:40:39] Verificando a solicitação...
[16/01/2023 07:40:39] abgsoft-autopark-unimed.php
array(5) {
  ["nome"]=>
  string(14) "Anderson Rocha"
  ["cpf"]=>
  string(11) "03474122622"
  ["email"]=>
  string(27) "andersonrocha98@hotmail.com"
  ["placa"]=>
  string(7) "OPR6I76"
  ["unidade"]=>
  array(1) {
    [0]=>
    string(1) "5"
  }
}

[16/01/2023 08:18:02] Verificando a solicitação...
[16/01/2023 08:18:02] abgsoft-autopark-unimed.php
array(5) {
  ["nome"]=>
  string(13) "Ricardo Ducha"
  ["cpf"]=>
  string(14) "953.625.508-10"
  ["email"]=>
  string(18) "ricducha@gmail.com"
  ["placa"]=>
  string(7) "NYB7011"
  ["unidade"]=>
  array(1) {
    [0]=>
    string(1) "7"
  }
}

[16/01/2023 08:19:34] Verificando a solicitação...
[16/01/2023 08:19:34] abgsoft-autopark-unimed.php
array(5) {
  ["nome"]=>
  string(23) "Ilma Aparecida da Cruz "
  ["cpf"]=>
  string(11) "78605849649"
  ["email"]=>
  string(21) "ilma.cruz@hotmail.com"
  ["placa"]=>
  string(7) "RUQ1H28"
  ["unidade"]=>
  array(1) {
    [0]=>
    string(1) "5"
  }
}

[16/01/2023 08:28:53] Verificando a solicitação...
[16/01/2023 08:28:53] abgsoft-autopark-unimed.php
array(5) {
  ["nome"]=>
  string(35) "Marcelo Augusto Braga de Figueiredo"
  ["cpf"]=>
  string(11) "99047101634"
  ["email"]=>
  string(23) "margueiredo@hotmail.com"
  ["placa"]=>
  string(7) "OXJ4725"
  ["unidade"]=>
  array(1) {
    [0]=>
    string(1) "3"
  }
}

[16/01/2023 08:30:28] Verificando a solicitação...
[16/01/2023 08:30:28] abgsoft-autopark-unimed.php
array(5) {
  ["nome"]=>
  string(26) "Glecio de oliveira Paulino"
  ["cpf"]=>
  string(14) "060.944.056-09"
  ["email"]=>
  string(21) "glecio.77@hotmail.com"
  ["placa"]=>
  string(7) "Gvq4550"
  ["unidade"]=>
  array(1) {
    [0]=>
    string(1) "2"
  }
}

[16/01/2023 08:45:22] Verificando a solicitação...
[16/01/2023 08:45:22] abgsoft-autopark-unimed.php
array(5) {
  ["nome"]=>
  string(23) "Dener Henrique Machado "
  ["cpf"]=>
  string(11) "11736665677"
  ["email"]=>
  string(19) "denerhm@hotmail.com"
  ["placa"]=>
  string(7) "PYD2651"
  ["unidade"]=>
  array(1) {
    [0]=>
    string(1) "3"
  }
}

[16/01/2023 08:49:37] Verificando a solicitação...
[16/01/2023 08:51:53] Verificando a solicitação...
[16/01/2023 08:51:53] abgsoft-autopark-unimed.php
array(5) {
  ["nome"]=>
  string(10) "Vanderson "
  ["cpf"]=>
  string(15) "038.250.736-37 "
  ["email"]=>
  string(21) "souzadivino@gmail.com"
  ["placa"]=>
  string(7) "RVJ6F59"
  ["unidade"]=>
  array(1) {
    [0]=>
    string(1) "5"
  }
}

[16/01/2023 09:20:48] Verificando a solicitação...
[16/01/2023 09:20:48] abgsoft-autopark-unimed.php
array(5) {
  ["nome"]=>
  string(22) "Geralda Gomes da Silva"
  ["cpf"]=>
  string(14) "673.319.126-15"
  ["email"]=>
  string(21) "gegomes8091@gmail.com"
  ["placa"]=>
  string(7) "RMR3C29"
  ["unidade"]=>
  array(1) {
    [0]=>
    string(1) "7"
  }
}

[16/01/2023 09:26:22] Verificando a solicitação...
[16/01/2023 09:26:22] abgsoft-autopark-unimed.php
array(5) {
  ["nome"]=>
  string(31) "ADELANE NUNES XAVIER DOS SANTOS"
  ["cpf"]=>
  string(14) "082.406.866-13"
  ["email"]=>
  string(25) "adelanenunes@yahoo.com.br"
  ["placa"]=>
  string(8) "HEJ-7311"
  ["unidade"]=>
  array(1) {
    [0]=>
    string(1) "5"
  }
}

[16/01/2023 09:30:49] Verificando a solicitação...
[16/01/2023 09:30:49] abgsoft-autopark-unimed.php
array(5) {
  ["nome"]=>
  string(27) "Marcelo Caetano Silva Matos"
  ["cpf"]=>
  string(14) "074.025.296-81"
  ["email"]=>
  string(27) "marceloradiofisio@gmail.com"
  ["placa"]=>
  string(7) "RMH8J15"
  ["unidade"]=>
  array(1) {
    [0]=>
    string(1) "7"
  }
}

[16/01/2023 09:31:57] Verificando a solicitação...
[16/01/2023 09:31:57] abgsoft-autopark-unimed.php
array(5) {
  ["nome"]=>
  string(20) "Gleice Eliza de Lima"
  ["cpf"]=>
  string(14) "075.095.936-38"
  ["email"]=>
  string(21) "gleeliza@yahoo.com.br"
  ["placa"]=>
  string(7) "Etw9745"
  ["unidade"]=>
  array(1) {
    [0]=>
    string(1) "7"
  }
}

[16/01/2023 10:07:47] Verificando a solicitação...
[16/01/2023 10:07:47] abgsoft-autopark-unimed.php
array(5) {
  ["nome"]=>
  string(15) "Flaviano marcos"
  ["cpf"]=>
  string(14) "062.546.286-60"
  ["email"]=>
  string(28) "flaviano.marcos@yahoo.com.br"
  ["placa"]=>
  string(7) "HEX9G46"
  ["unidade"]=>
  array(1) {
    [0]=>
    string(1) "2"
  }
}

[16/01/2023 10:11:35] Verificando a solicitação...
[16/01/2023 10:11:35] abgsoft-autopark-unimed.php
array(5) {
  ["nome"]=>
  string(27) "Fernanda Miranda de Freitas"
  ["cpf"]=>
  string(14) "062.070.196-01"
  ["email"]=>
  string(25) "mirandanutri@yahoo.com.br"
  ["placa"]=>
  string(7) "AQJ1318"
  ["unidade"]=>
  array(1) {
    [0]=>
    string(1) "3"
  }
}

[16/01/2023 10:16:28] Verificando a solicitação...
[16/01/2023 10:16:28] abgsoft-autopark-unimed.php
array(5) {
  ["nome"]=>
  string(32) "Carolina Sophia stephan de paula"
  ["cpf"]=>
  string(14) "040.317.356-69"
  ["email"]=>
  string(23) "carolsophia@hotmail.com"
  ["placa"]=>
  string(7) "Rnd8D55"
  ["unidade"]=>
  array(1) {
    [0]=>
    string(1) "4"
  }
}

[16/01/2023 10:16:33] Verificando a solicitação...
[16/01/2023 10:16:33] abgsoft-autopark-unimed.php
array(5) {
  ["nome"]=>
  string(29) "Carlos Fernando de Figueiredo"
  ["cpf"]=>
  string(14) "055.995.206-68"
  ["email"]=>
  string(22) "fernandoffh@bol.com.br"
  ["placa"]=>
  string(7) "HKO9282"
  ["unidade"]=>
  array(1) {
    [0]=>
    string(1) "7"
  }
}

[16/01/2023 10:25:51] Verificando a solicitação...
[16/01/2023 10:25:51] abgsoft-autopark-unimed.php
array(5) {
  ["nome"]=>
  string(8) "Marinha "
  ["cpf"]=>
  string(14) "045.317.026-97"
  ["email"]=>
  string(28) "marinhapmarques@yahoo.com.br"
  ["placa"]=>
  string(7) "Pvf0h92"
  ["unidade"]=>
  array(1) {
    [0]=>
    string(1) "5"
  }
}

[16/01/2023 10:27:03] Verificando a solicitação...
[16/01/2023 10:27:03] abgsoft-autopark-unimed.php
array(5) {
  ["nome"]=>
  string(28) "Dayse Diane Carvalho Freitas"
  ["cpf"]=>
  string(11) "05668332632"
  ["email"]=>
  string(22) "daysediane30@gmail.com"
  ["placa"]=>
  string(7) "HJR5119"
  ["unidade"]=>
  array(1) {
    [0]=>
    string(1) "7"
  }
}

[16/01/2023 10:28:12] Verificando a solicitação...
[16/01/2023 10:28:12] abgsoft-autopark-unimed.php
array(5) {
  ["nome"]=>
  string(28) "Dayse Diane Carvalho Freitas"
  ["cpf"]=>
  string(14) "056.683.326-32"
  ["email"]=>
  string(22) "daysediane30@gmail.com"
  ["placa"]=>
  string(7) "HJR5119"
  ["unidade"]=>
  array(1) {
    [0]=>
    string(1) "7"
  }
}

[16/01/2023 10:29:45] Verificando a solicitação...
[16/01/2023 10:29:45] abgsoft-autopark-unimed.php
array(5) {
  ["nome"]=>
  string(28) "Dayse Diane Carvalho Freitas"
  ["cpf"]=>
  string(11) "05668332632"
  ["email"]=>
  string(22) "daysediane30@gmail.com"
  ["placa"]=>
  string(7) "HJR5119"
  ["unidade"]=>
  array(1) {
    [0]=>
    string(1) "7"
  }
}

[16/01/2023 10:30:49] Verificando a solicitação...
[16/01/2023 10:30:49] abgsoft-autopark-unimed.php
array(5) {
  ["nome"]=>
  string(28) "Dayse Diane Carvalho Freitas"
  ["cpf"]=>
  string(14) "056.683.326-32"
  ["email"]=>
  string(22) "daysediane30@gmail.com"
  ["placa"]=>
  string(7) "HJR5119"
  ["unidade"]=>
  array(1) {
    [0]=>
    string(1) "7"
  }
}

[16/01/2023 10:32:13] Verificando a solicitação...
[16/01/2023 10:32:13] abgsoft-autopark-unimed.php
array(5) {
  ["nome"]=>
  string(28) "Dayse Diane Carvalho Freitas"
  ["cpf"]=>
  string(14) "056.683.326-32"
  ["email"]=>
  string(22) "daysediane30@gmail.com"
  ["placa"]=>
  string(7) "HJR5119"
  ["unidade"]=>
  array(1) {
    [0]=>
    string(1) "7"
  }
}

[16/01/2023 10:46:29] Verificando a solicitação...
[16/01/2023 10:46:29] abgsoft-autopark-unimed.php
array(5) {
  ["nome"]=>
  string(18) "Tania Faria Silva "
  ["cpf"]=>
  string(11) "69185409634"
  ["email"]=>
  string(23) "tfariasilva@hotmail.com"
  ["placa"]=>
  string(7) "QNE1992"
  ["unidade"]=>
  array(1) {
    [0]=>
    string(1) "2"
  }
}

[16/01/2023 11:11:03] Verificando a solicitação...
[16/01/2023 11:11:03] abgsoft-autopark-unimed.php
array(5) {
  ["nome"]=>
  string(27) "Natália Oliveira Do Carmo "
  ["cpf"]=>
  string(11) "13151319602"
  ["email"]=>
  string(28) "nataliaoliveiraa21@gmail.com"
  ["placa"]=>
  string(7) "Pxm7212"
  ["unidade"]=>
  array(1) {
    [0]=>
    string(1) "1"
  }
}

[16/01/2023 11:41:57] Verificando a solicitação...
[16/01/2023 11:41:57] abgsoft-autopark-unimed.php
array(5) {
  ["nome"]=>
  string(27) "Higor Francis da Cunha cota"
  ["cpf"]=>
  string(14) "076.445.956-27"
  ["email"]=>
  string(25) "higor.francis@hotmail.com"
  ["placa"]=>
  string(7) "Gxc4h78"
  ["unidade"]=>
  array(1) {
    [0]=>
    string(1) "5"
  }
}

[16/01/2023 11:50:22] Verificando a solicitação...
[16/01/2023 11:50:22] abgsoft-autopark-unimed.php
array(5) {
  ["nome"]=>
  string(34) "Heloisa Bessa Gonçalves Rodrigues"
  ["cpf"]=>
  string(14) "022.539.816-80"
  ["email"]=>
  string(26) "heloisabessa19@outlook.com"
  ["placa"]=>
  string(7) "HFC6230"
  ["unidade"]=>
  array(1) {
    [0]=>
    string(1) "1"
  }
}

