[20/11/2023 12:13:49] Verificando a solicitação...
[20/11/2023 12:13:49] abgsoft-autopark-unimed.php
array(5) {
  ["nome"]=>
  string(7) "Sheila "
  ["cpf"]=>
  string(11) "01629236608"
  ["email"]=>
  string(27) "sheilinha.jgmkv@hotmail.com"
  ["placa"]=>
  string(7) "QOR1104"
  ["unidade"]=>
  array(1) {
    [0]=>
    string(1) "5"
  }
}

[20/11/2023 12:37:15] Verificando a solicitação...
[20/11/2023 12:37:15] abgsoft-autopark-unimed.php
array(5) {
  ["nome"]=>
  string(32) "Laricia Gomes Pereira dos Santos"
  ["cpf"]=>
  string(11) "11456904671"
  ["email"]=>
  string(22) "larhsantos22@gmail.com"
  ["placa"]=>
  string(7) "KFV5J95"
  ["unidade"]=>
  array(1) {
    [0]=>
    string(1) "6"
  }
}

[20/11/2023 01:14:56] Verificando a solicitação...
[20/11/2023 01:14:56] abgsoft-autopark-unimed.php
array(5) {
  ["nome"]=>
  string(33) "Magda Alice Diniz de Vasconcelos "
  ["cpf"]=>
  string(15) "262.278.192-04 "
  ["email"]=>
  string(23) "magdaalicedvf@gmail.com"
  ["placa"]=>
  string(7) "RFO7E87"
  ["unidade"]=>
  array(1) {
    [0]=>
    string(1) "5"
  }
}

[20/11/2023 01:52:05] Verificando a solicitação...
[20/11/2023 01:52:05] abgsoft-autopark-unimed.php
array(5) {
  ["nome"]=>
  string(27) "HERMENGARDO J ANDRADE NETTO"
  ["cpf"]=>
  string(11) "16509056615"
  ["email"]=>
  string(26) "andrade_netto@yahoo.com.br"
  ["placa"]=>
  string(7) "OQH9004"
  ["unidade"]=>
  array(1) {
    [0]=>
    string(1) "5"
  }
}

[20/11/2023 01:55:23] Verificando a solicitação...
[20/11/2023 01:55:23] abgsoft-autopark-unimed.php
array(5) {
  ["nome"]=>
  string(46) "Ana Carolina Machado de Almeida e Sousa Rabelo"
  ["cpf"]=>
  string(14) "101.926.636-82"
  ["email"]=>
  string(22) "carol.machado@live.com"
  ["placa"]=>
  string(7) "OWO3279"
  ["unidade"]=>
  array(1) {
    [0]=>
    string(1) "7"
  }
}

[20/11/2023 01:57:26] Verificando a solicitação...
[20/11/2023 01:57:26] abgsoft-autopark-unimed.php
array(5) {
  ["nome"]=>
  string(46) "Ana Carolina Machado de Almeida e Sousa Rabelo"
  ["cpf"]=>
  string(14) "101.926.636-82"
  ["email"]=>
  string(22) "carol.machado@live.com"
  ["placa"]=>
  string(7) "OWO3279"
  ["unidade"]=>
  array(1) {
    [0]=>
    string(1) "7"
  }
}

[20/11/2023 02:44:46] Verificando a solicitação...
[20/11/2023 02:44:46] abgsoft-autopark-unimed.php
array(5) {
  ["nome"]=>
  string(26) "Christiane Marques Pereira"
  ["cpf"]=>
  string(14) "057.705.106-76"
  ["email"]=>
  string(19) "cmptaz@yahoo.com.br"
  ["placa"]=>
  string(7) "OQD0283"
  ["unidade"]=>
  array(1) {
    [0]=>
    string(1) "5"
  }
}

[20/11/2023 09:59:56] Verificando a solicitação...
[20/11/2023 09:59:56] abgsoft-autopark-unimed.php
array(5) {
  ["nome"]=>
  string(42) "Michele de Carvalho Figueiredo Gonçalves "
  ["cpf"]=>
  string(14) "096.143.676-01"
  ["email"]=>
  string(27) "michelevieira72@hotmail.com"
  ["placa"]=>
  string(8) "ORA-4994"
  ["unidade"]=>
  array(1) {
    [0]=>
    string(1) "5"
  }
}

[20/11/2023 10:19:45] Verificando a solicitação...
[20/11/2023 10:19:45] abgsoft-autopark-unimed.php
array(5) {
  ["nome"]=>
  string(23) "Jessica Dias Damasceno "
  ["cpf"]=>
  string(14) "098.254.596-70"
  ["email"]=>
  string(29) "jessicadamasceno1@hotmail.com"
  ["placa"]=>
  string(7) "PXB9661"
  ["unidade"]=>
  array(1) {
    [0]=>
    string(1) "5"
  }
}

[20/11/2023 10:29:20] Verificando a solicitação...
[20/11/2023 10:29:20] abgsoft-autopark-unimed.php
array(5) {
  ["nome"]=>
  string(19) "JOEL GOMES DA ROCHA"
  ["cpf"]=>
  string(14) "128.892.986-20"
  ["email"]=>
  string(23) "joelgomess2@hotmail.com"
  ["placa"]=>
  string(7) "OPB0H31"
  ["unidade"]=>
  array(1) {
    [0]=>
    string(1) "5"
  }
}

[20/11/2023 10:57:19] Verificando a solicitação...
[20/11/2023 10:57:19] abgsoft-autopark-unimed.php
array(5) {
  ["nome"]=>
  string(26) "Bruna Eduarda Rocha Souza "
  ["cpf"]=>
  string(14) "127.054.496-98"
  ["email"]=>
  string(29) "brunaeduardarocha@hotmail.com"
  ["placa"]=>
  string(7) "Hfk7g56"
  ["unidade"]=>
  array(1) {
    [0]=>
    string(1) "2"
  }
}

[20/11/2023 11:29:40] Verificando a solicitação...
[20/11/2023 11:29:40] abgsoft-autopark-unimed.php
array(5) {
  ["nome"]=>
  string(33) "Ana Paula Rodrigues da Cruz Silva"
  ["cpf"]=>
  string(14) "052.566.326-63"
  ["email"]=>
  string(21) "anaped01@yahoo.com.br"
  ["placa"]=>
  string(7) "SHD2I40"
  ["unidade"]=>
  array(1) {
    [0]=>
    string(1) "7"
  }
}

[20/11/2023 12:39:18] Verificando a solicitação...
[20/11/2023 12:39:18] abgsoft-autopark-unimed.php
array(5) {
  ["nome"]=>
  string(29) "Sheila Lopes Leal Gonçalves "
  ["cpf"]=>
  string(11) "10043938736"
  ["email"]=>
  string(25) "sheilalopesleal@gmail.com"
  ["placa"]=>
  string(8) "HEW3J54 "
  ["unidade"]=>
  array(1) {
    [0]=>
    string(1) "2"
  }
}

[20/11/2023 12:50:42] Verificando a solicitação...
[20/11/2023 12:50:42] abgsoft-autopark-unimed.php
array(5) {
  ["nome"]=>
  string(22) "Flavia Lage Estanislau"
  ["cpf"]=>
  string(14) "043.774.576-75"
  ["email"]=>
  string(22) "flavia.fle@hotmail.com"
  ["placa"]=>
  string(7) "HGL3757"
  ["unidade"]=>
  array(1) {
    [0]=>
    string(1) "5"
  }
}

[20/11/2023 12:57:23] Verificando a solicitação...
[20/11/2023 12:57:23] abgsoft-autopark-unimed.php
array(5) {
  ["nome"]=>
  string(26) "DEISILANE NERIS DOS SANTOS"
  ["cpf"]=>
  string(11) "08715370607"
  ["email"]=>
  string(24) "deisilaneneris@gmail.com"
  ["placa"]=>
  string(7) "QMR2F17"
  ["unidade"]=>
  array(1) {
    [0]=>
    string(1) "5"
  }
}

[20/11/2023 01:22:06] Verificando a solicitação...
[20/11/2023 01:22:40] Verificando a solicitação...
[20/11/2023 01:22:40] abgsoft-autopark-unimed.php
array(5) {
  ["nome"]=>
  string(36) "Luciana Helena Faria Vaccari Passos "
  ["cpf"]=>
  string(11) "08158596606"
  ["email"]=>
  string(26) "lucianavaccari88@gmail.com"
  ["placa"]=>
  string(7) "NYC7H06"
  ["unidade"]=>
  array(1) {
    [0]=>
    string(1) "5"
  }
}

[20/11/2023 01:33:21] Verificando a solicitação...
[20/11/2023 01:33:21] abgsoft-autopark-unimed.php
array(5) {
  ["nome"]=>
  string(37) "marilda aparecida gonçalves do carmo"
  ["cpf"]=>
  string(14) "522.157.766-68"
  ["email"]=>
  string(16) "rilgdc@gmail.com"
  ["placa"]=>
  string(7) "RMX3B22"
  ["unidade"]=>
  array(1) {
    [0]=>
    string(1) "5"
  }
}

[20/11/2023 01:33:57] Verificando a solicitação...
[20/11/2023 01:33:57] abgsoft-autopark-unimed.php
array(5) {
  ["nome"]=>
  string(37) "marilda aparecida gonçalves do carmo"
  ["cpf"]=>
  string(14) "522.157.766-68"
  ["email"]=>
  string(16) "rilgdc@gmail.com"
  ["placa"]=>
  string(7) "RMX3B22"
  ["unidade"]=>
  array(1) {
    [0]=>
    string(1) "5"
  }
}

[20/11/2023 01:36:17] Verificando a solicitação...
[20/11/2023 01:36:17] abgsoft-autopark-unimed.php
array(5) {
  ["nome"]=>
  string(23) "Eloizio Rodrigues Lopes"
  ["cpf"]=>
  string(11) "29368715653"
  ["email"]=>
  string(25) "contato@multimaquinas.net"
  ["placa"]=>
  string(7) "HEF7408"
  ["unidade"]=>
  array(1) {
    [0]=>
    string(1) "7"
  }
}

[20/11/2023 01:38:32] Verificando a solicitação...
[20/11/2023 01:38:32] abgsoft-autopark-unimed.php
array(5) {
  ["nome"]=>
  string(6) "Edson "
  ["cpf"]=>
  string(15) "899.283.776-34 "
  ["email"]=>
  string(33) "Edsonpedronascimento@yahoo.com.br"
  ["placa"]=>
  string(7) "Nyg0i18"
  ["unidade"]=>
  array(1) {
    [0]=>
    string(1) "5"
  }
}

[20/11/2023 01:54:28] Verificando a solicitação...
[20/11/2023 01:54:28] abgsoft-autopark-unimed.php
array(5) {
  ["nome"]=>
  string(42) "Isabela Caroline Dias de Oliveira santiago"
  ["cpf"]=>
  string(14) "134.974.406-98"
  ["email"]=>
  string(23) "bebel.dias@yahoo.com.br"
  ["placa"]=>
  string(7) "Rmh9c58"
  ["unidade"]=>
  array(1) {
    [0]=>
    string(1) "2"
  }
}

[20/11/2023 02:03:50] Verificando a solicitação...
[20/11/2023 02:03:50] abgsoft-autopark-unimed.php
array(5) {
  ["nome"]=>
  string(27) "Joice Fernandes dos Santos "
  ["cpf"]=>
  string(11) "04727023601"
  ["email"]=>
  string(29) "joice.fernandes2010@gmail.com"
  ["placa"]=>
  string(7) "HIA6841"
  ["unidade"]=>
  array(1) {
    [0]=>
    string(1) "2"
  }
}

[20/11/2023 02:08:44] Verificando a solicitação...
[20/11/2023 02:08:44] abgsoft-autopark-unimed.php
array(5) {
  ["nome"]=>
  string(27) "Carlos Roberto Pinto Portes"
  ["cpf"]=>
  string(11) "47336803687"
  ["email"]=>
  string(31) "carlosportesvendas@yahoo.com.br"
  ["placa"]=>
  string(7) "PUO5123"
  ["unidade"]=>
  array(1) {
    [0]=>
    string(1) "7"
  }
}

[20/11/2023 02:20:44] Verificando a solicitação...
[20/11/2023 02:20:44] abgsoft-autopark-unimed.php
array(5) {
  ["nome"]=>
  string(30) "Marcela Velos Torres Hilário "
  ["cpf"]=>
  string(11) "05048825624"
  ["email"]=>
  string(26) "marcelahilario82@gmail.com"
  ["placa"]=>
  string(7) "QOB9J20"
  ["unidade"]=>
  array(1) {
    [0]=>
    string(1) "5"
  }
}

[20/11/2023 03:14:08] Verificando a solicitação...
[20/11/2023 03:24:42] Verificando a solicitação...
[20/11/2023 03:24:42] abgsoft-autopark-unimed.php
array(5) {
  ["nome"]=>
  string(24) "Carlos José de Freitas "
  ["cpf"]=>
  string(11) "00382512642"
  ["email"]=>
  string(28) "carlos.freitas74@hotmail.com"
  ["placa"]=>
  string(7) "Opy3269"
  ["unidade"]=>
  array(1) {
    [0]=>
    string(1) "4"
  }
}

[20/11/2023 03:25:19] Verificando a solicitação...
[20/11/2023 03:25:19] abgsoft-autopark-unimed.php
array(5) {
  ["nome"]=>
  string(23) "JULIA GOMES DE MEDEIROS"
  ["cpf"]=>
  string(14) "018.324.944-54"
  ["email"]=>
  string(17) "jubisg1@gmail.com"
  ["placa"]=>
  string(7) "Oka8j39"
  ["unidade"]=>
  array(1) {
    [0]=>
    string(1) "5"
  }
}

[20/11/2023 03:46:09] Verificando a solicitação...
[20/11/2023 03:46:09] abgsoft-autopark-unimed.php
array(5) {
  ["nome"]=>
  string(35) "Stefanie Cristiane Corrêa salgado "
  ["cpf"]=>
  string(11) "12282730658"
  ["email"]=>
  string(30) "stefaniesalgado1993@icloud.com"
  ["placa"]=>
  string(7) "Hcc8131"
  ["unidade"]=>
  array(1) {
    [0]=>
    string(1) "7"
  }
}

[20/11/2023 04:41:25] Verificando a solicitação...
[20/11/2023 04:41:25] abgsoft-autopark-unimed.php
array(5) {
  ["nome"]=>
  string(32) "Sérgio Murilo Fabrini Zanandrez"
  ["cpf"]=>
  string(11) "40248259687"
  ["email"]=>
  string(20) "szanandrez@gmail.com"
  ["placa"]=>
  string(7) "QUE1499"
  ["unidade"]=>
  array(1) {
    [0]=>
    string(1) "5"
  }
}

[20/11/2023 05:13:52] Verificando a solicitação...
[20/11/2023 05:13:52] abgsoft-autopark-unimed.php
array(5) {
  ["nome"]=>
  string(27) "Michelle de Oliveira Silva "
  ["cpf"]=>
  string(14) "055.824.086-06"
  ["email"]=>
  string(30) "michellesilva96ibhes@gmail.com"
  ["placa"]=>
  string(7) "QPE1525"
  ["unidade"]=>
  array(1) {
    [0]=>
    string(1) "7"
  }
}

[20/11/2023 05:58:48] Verificando a solicitação...
[20/11/2023 06:39:19] Verificando a solicitação...
[20/11/2023 06:39:19] abgsoft-autopark-unimed.php
array(5) {
  ["nome"]=>
  string(29) "DENISE FERREIRA DO NASCIMENTO"
  ["cpf"]=>
  string(11) "67279783600"
  ["email"]=>
  string(27) "denisefnascimento@yahoo.com"
  ["placa"]=>
  string(7) "JEM2358"
  ["unidade"]=>
  array(1) {
    [0]=>
    string(1) "7"
  }
}

[20/11/2023 06:41:54] Verificando a solicitação...
[20/11/2023 06:41:54] abgsoft-autopark-unimed.php
array(5) {
  ["nome"]=>
  string(32) "Samara Fernandes da Cruz Aguiar "
  ["cpf"]=>
  string(14) "102.601.166-37"
  ["email"]=>
  string(26) "samaracfernandes@gmail.com"
  ["placa"]=>
  string(7) "EJH2099"
  ["unidade"]=>
  array(1) {
    [0]=>
    string(1) "7"
  }
}

[20/11/2023 06:45:55] Verificando a solicitação...
[20/11/2023 06:45:55] abgsoft-autopark-unimed.php
array(5) {
  ["nome"]=>
  string(20) "GUSTAVO LUIS HILARIO"
  ["cpf"]=>
  string(14) "013.356.096-10"
  ["email"]=>
  string(24) "hgustavoluiz@hotmail.com"
  ["placa"]=>
  string(7) "QOB9J20"
  ["unidade"]=>
  array(1) {
    [0]=>
    string(1) "5"
  }
}

[20/11/2023 08:00:02] Verificando a solicitação...
[20/11/2023 08:00:02] abgsoft-autopark-unimed.php
array(5) {
  ["nome"]=>
  string(26) "Clever de Oliveira Júnior"
  ["cpf"]=>
  string(11) "04408251640"
  ["email"]=>
  string(18) "cleverdj@gmail.com"
  ["placa"]=>
  string(7) "hbh2336"
  ["unidade"]=>
  array(1) {
    [0]=>
    string(1) "5"
  }
}

[20/11/2023 08:00:22] Verificando a solicitação...
[20/11/2023 08:00:22] abgsoft-autopark-unimed.php
array(5) {
  ["nome"]=>
  string(19) "JOSE ANTONIO MATOSO"
  ["cpf"]=>
  string(14) "250.727.736-04"
  ["email"]=>
  string(22) "jamatoso55@hotmail.com"
  ["placa"]=>
  string(7) "HID1962"
  ["unidade"]=>
  array(1) {
    [0]=>
    string(1) "2"
  }
}

[20/11/2023 08:28:42] Verificando a solicitação...
[20/11/2023 08:28:42] abgsoft-autopark-unimed.php
array(5) {
  ["nome"]=>
  string(15) "Renato Camargos"
  ["cpf"]=>
  string(14) "144.300.376-04"
  ["email"]=>
  string(25) "renato1camargos@gmail.com"
  ["placa"]=>
  string(9) "PXK-2080 "
  ["unidade"]=>
  array(1) {
    [0]=>
    string(1) "5"
  }
}

[20/11/2023 09:08:10] Verificando a solicitação...
[20/11/2023 09:08:10] abgsoft-autopark-unimed.php
array(5) {
  ["nome"]=>
  string(24) "maria do carmo reis reis"
  ["cpf"]=>
  string(11) "19933061615"
  ["email"]=>
  string(29) "maria.reis2011@hotmail.com.br"
  ["placa"]=>
  string(7) "GPC9895"
  ["unidade"]=>
  array(1) {
    [0]=>
    string(1) "2"
  }
}

