[02/09/2023 12:12:44] Verificando a solicitação...
[02/09/2023 12:12:44] abgsoft-autopark-unimed.php
array(5) {
  ["nome"]=>
  string(14) "Raquel Ladeira"
  ["cpf"]=>
  string(11) "03523226678"
  ["email"]=>
  string(23) "raquelladeira@gmail.com"
  ["placa"]=>
  string(7) "Aqz1204"
  ["unidade"]=>
  array(1) {
    [0]=>
    string(1) "5"
  }
}

[02/09/2023 06:35:10] Verificando a solicitação...
[02/09/2023 06:35:10] abgsoft-autopark-unimed.php
array(5) {
  ["nome"]=>
  string(6) "Camila"
  ["cpf"]=>
  string(11) "08659945603"
  ["email"]=>
  string(24) "kmila.patricia@gmail.com"
  ["placa"]=>
  string(7) "QQT2734"
  ["unidade"]=>
  array(1) {
    [0]=>
    string(1) "5"
  }
}

[02/09/2023 11:49:16] Verificando a solicitação...
[02/09/2023 11:49:16] abgsoft-autopark-unimed.php
array(5) {
  ["nome"]=>
  string(24) "Luiz Carlos de Oliveira "
  ["cpf"]=>
  string(14) "879.420.206-06"
  ["email"]=>
  string(28) "luizcarlosoliver46@gmail.com"
  ["placa"]=>
  string(7) "Prn3i83"
  ["unidade"]=>
  array(1) {
    [0]=>
    string(1) "2"
  }
}

[02/09/2023 11:49:36] Verificando a solicitação...
[02/09/2023 11:49:36] abgsoft-autopark-unimed.php
array(5) {
  ["nome"]=>
  string(24) "Luiz Carlos de Oliveira "
  ["cpf"]=>
  string(14) "879.420.206-06"
  ["email"]=>
  string(28) "luizcarlosoliver46@gmail.com"
  ["placa"]=>
  string(7) "Prn3i83"
  ["unidade"]=>
  array(1) {
    [0]=>
    string(1) "2"
  }
}

[02/09/2023 12:03:31] Verificando a solicitação...
[02/09/2023 12:03:31] abgsoft-autopark-unimed.php
array(5) {
  ["nome"]=>
  string(32) "José Geraldo de Oliveira Junior"
  ["cpf"]=>
  string(11) "03579324632"
  ["email"]=>
  string(22) "jvirtual.net@gmail.com"
  ["placa"]=>
  string(7) "Qop7513"
  ["unidade"]=>
  array(1) {
    [0]=>
    string(1) "2"
  }
}

[02/09/2023 01:15:42] Verificando a solicitação...
[02/09/2023 01:15:42] abgsoft-autopark-unimed.php
array(5) {
  ["nome"]=>
  string(25) "Noemia Farias dos Santos "
  ["cpf"]=>
  string(15) "224.283.645-53 "
  ["email"]=>
  string(25) "noemiafarias@yahoo.com.br"
  ["placa"]=>
  string(8) "OQI3485 "
  ["unidade"]=>
  array(1) {
    [0]=>
    string(1) "2"
  }
}

[02/09/2023 01:19:44] Verificando a solicitação...
[02/09/2023 01:19:44] abgsoft-autopark-unimed.php
array(5) {
  ["nome"]=>
  string(18) "Ana Paula Machado "
  ["cpf"]=>
  string(11) "10996211608"
  ["email"]=>
  string(28) "anapaula.machado56@gmail.com"
  ["placa"]=>
  string(7) "Qnw6667"
  ["unidade"]=>
  array(1) {
    [0]=>
    string(1) "7"
  }
}

[02/09/2023 02:04:38] Verificando a solicitação...
[02/09/2023 02:04:38] abgsoft-autopark-unimed.php
array(5) {
  ["nome"]=>
  string(29) "Patricia do Carmo Silva Teles"
  ["cpf"]=>
  string(11) "12591852650"
  ["email"]=>
  string(26) "patriciatelessss@gmail.com"
  ["placa"]=>
  string(7) "RFD9H10"
  ["unidade"]=>
  array(1) {
    [0]=>
    string(1) "3"
  }
}

[02/09/2023 06:52:55] Verificando a solicitação...
[02/09/2023 06:52:55] abgsoft-autopark-unimed.php
array(5) {
  ["nome"]=>
  string(29) "Ana Paula Lopes Xavier Matos "
  ["cpf"]=>
  string(11) "03657575600"
  ["email"]=>
  string(18) "ana.px@hotmail.com"
  ["placa"]=>
  string(7) "HGP3243"
  ["unidade"]=>
  array(1) {
    [0]=>
    string(1) "7"
  }
}

[02/09/2023 10:25:43] Verificando a solicitação...
