[24/06/2023 10:27:35] Verificando a solicitação...
[24/06/2023 10:27:35] abgsoft-autopark-unimed.php
array(5) {
  ["nome"]=>
  string(24) "Heloisa Pereira de Souza"
  ["cpf"]=>
  string(11) "00077421698"
  ["email"]=>
  string(19) "hp.souza@uol.com.br"
  ["placa"]=>
  string(7) "Pwb1618"
  ["unidade"]=>
  array(1) {
    [0]=>
    string(1) "7"
  }
}

[24/06/2023 11:29:01] Verificando a solicitação...
[24/06/2023 11:29:01] abgsoft-autopark-unimed.php
array(5) {
  ["nome"]=>
  string(31) "renderson gustavo lopes ribeiro"
  ["cpf"]=>
  string(11) "01370870639"
  ["email"]=>
  string(27) "renderson.ribeiro@gmail.com"
  ["placa"]=>
  string(7) "PZL3635"
  ["unidade"]=>
  array(1) {
    [0]=>
    string(1) "4"
  }
}

[24/06/2023 11:30:06] Verificando a solicitação...
[24/06/2023 11:30:06] abgsoft-autopark-unimed.php
array(5) {
  ["nome"]=>
  string(31) "renderson gustavo lopes ribeiro"
  ["cpf"]=>
  string(11) "01370870639"
  ["email"]=>
  string(27) "renderson.ribeiro@gmail.com"
  ["placa"]=>
  string(7) "PZL3635"
  ["unidade"]=>
  array(1) {
    [0]=>
    string(1) "4"
  }
}

[24/06/2023 12:15:44] Verificando a solicitação...
[24/06/2023 12:15:44] abgsoft-autopark-unimed.php
array(5) {
  ["nome"]=>
  string(31) "renderson gustavo lopes ribeiro"
  ["cpf"]=>
  string(11) "01370870639"
  ["email"]=>
  string(27) "renderson.ribeiro@gmail.com"
  ["placa"]=>
  string(7) "PZL3635"
  ["unidade"]=>
  array(1) {
    [0]=>
    string(1) "4"
  }
}

[24/06/2023 12:19:46] Verificando a solicitação...
[24/06/2023 12:19:46] abgsoft-autopark-unimed.php
array(5) {
  ["nome"]=>
  string(13) "Vanessa Porto"
  ["cpf"]=>
  string(14) "065.815.936-48"
  ["email"]=>
  string(20) "vanecika@hotmail.com"
  ["placa"]=>
  string(7) "Hak4719"
  ["unidade"]=>
  array(1) {
    [0]=>
    string(1) "5"
  }
}

[24/06/2023 12:58:33] Verificando a solicitação...
[24/06/2023 12:58:33] abgsoft-autopark-unimed.php
array(5) {
  ["nome"]=>
  string(20) "José Geraldo Costa "
  ["cpf"]=>
  string(11) "03514309620"
  ["email"]=>
  string(20) "josecostag@gmail.com"
  ["placa"]=>
  string(7) "HFG1032"
  ["unidade"]=>
  array(1) {
    [0]=>
    string(1) "5"
  }
}

[24/06/2023 03:13:07] Verificando a solicitação...
[24/06/2023 03:13:07] abgsoft-autopark-unimed.php
array(5) {
  ["nome"]=>
  string(20) "Kenya Bambirra Elias"
  ["cpf"]=>
  string(14) "591.918.136-20"
  ["email"]=>
  string(23) "kenyabambirra@gmail.com"
  ["placa"]=>
  string(7) "QNQ0F42"
  ["unidade"]=>
  array(1) {
    [0]=>
    string(1) "5"
  }
}

[24/06/2023 03:14:06] Verificando a solicitação...
[24/06/2023 03:14:06] abgsoft-autopark-unimed.php
array(5) {
  ["nome"]=>
  string(20) "Kenya Bambirra Elias"
  ["cpf"]=>
  string(14) "591.918.136-20"
  ["email"]=>
  string(23) "kenyabambirra@gmail.com"
  ["placa"]=>
  string(7) "QNQ0F42"
  ["unidade"]=>
  array(1) {
    [0]=>
    string(1) "5"
  }
}

[24/06/2023 03:33:47] Verificando a solicitação...
[24/06/2023 03:33:47] abgsoft-autopark-unimed.php
array(5) {
  ["nome"]=>
  string(27) "Renilson Cardoso da Paixão"
  ["cpf"]=>
  string(14) "580.888.066-15"
  ["email"]=>
  string(29) "renilsoncardoso66@outlook.com"
  ["placa"]=>
  string(7) "PYO3J56"
  ["unidade"]=>
  array(1) {
    [0]=>
    string(1) "5"
  }
}

