[07/01/2023 01:21:38] Verificando a solicitação...
[07/01/2023 01:21:38] abgsoft-autopark-unimed.php
array(5) {
  ["nome"]=>
  string(28) "Giselda Martins de Oliveira "
  ["cpf"]=>
  string(11) "51729045615"
  ["email"]=>
  string(27) "giseldamartins@yahoo.com.br"
  ["placa"]=>
  string(7) "Pzv6459"
  ["unidade"]=>
  array(1) {
    [0]=>
    string(1) "3"
  }
}

[07/01/2023 06:30:16] Verificando a solicitação...
[07/01/2023 06:30:16] abgsoft-autopark-unimed.php
array(5) {
  ["nome"]=>
  string(23) "Simone Teodoro Sobrinho"
  ["cpf"]=>
  string(14) "057.064.736-33"
  ["email"]=>
  string(21) "sisiteodoro@gmail.com"
  ["placa"]=>
  string(7) "Qua4060"
  ["unidade"]=>
  array(1) {
    [0]=>
    string(1) "7"
  }
}

[07/01/2023 08:01:18] Verificando a solicitação...
[07/01/2023 10:36:21] Verificando a solicitação...
[07/01/2023 10:36:21] abgsoft-autopark-unimed.php
array(5) {
  ["nome"]=>
  string(25) "Rodrigo cesarino nogueira"
  ["cpf"]=>
  string(14) "001.266.346-88"
  ["email"]=>
  string(29) "rodrigonogueira38@hotmail.com"
  ["placa"]=>
  string(7) "RMN0B15"
  ["unidade"]=>
  array(1) {
    [0]=>
    string(1) "5"
  }
}

[07/01/2023 12:13:33] Verificando a solicitação...
[07/01/2023 12:13:33] abgsoft-autopark-unimed.php
array(5) {
  ["nome"]=>
  string(29) "Samara Helen de Matos Miranda"
  ["cpf"]=>
  string(15) "120.718.006-80 "
  ["email"]=>
  string(24) "samarahelenn@hotmail.com"
  ["placa"]=>
  string(7) "OLU2881"
  ["unidade"]=>
  array(1) {
    [0]=>
    string(1) "7"
  }
}

[07/01/2023 01:37:51] Verificando a solicitação...
[07/01/2023 01:37:51] abgsoft-autopark-unimed.php
array(5) {
  ["nome"]=>
  string(27) "Wallison Ferreira Pimentel "
  ["cpf"]=>
  string(14) "012.380.096-03"
  ["email"]=>
  string(21) "wal-billy@hotmail.com"
  ["placa"]=>
  string(7) "Oqu7a79"
  ["unidade"]=>
  array(1) {
    [0]=>
    string(1) "5"
  }
}

[07/01/2023 03:12:14] Verificando a solicitação...
[07/01/2023 03:12:14] abgsoft-autopark-unimed.php
array(5) {
  ["nome"]=>
  string(33) "Guilherme Araujo Santiago Pacheco"
  ["cpf"]=>
  string(14) "143.441.226-15"
  ["email"]=>
  string(22) "gaspacheco51@gmail.com"
  ["placa"]=>
  string(7) "OPO2242"
  ["unidade"]=>
  array(1) {
    [0]=>
    string(1) "7"
  }
}

[07/01/2023 03:52:49] Verificando a solicitação...
[07/01/2023 03:52:49] abgsoft-autopark-unimed.php
array(5) {
  ["nome"]=>
  string(20) "Bruno Alves da Silva"
  ["cpf"]=>
  string(14) "059.486.546-80"
  ["email"]=>
  string(21) "brunoalvens@gmail.com"
  ["placa"]=>
  string(7) "Pqn8a35"
  ["unidade"]=>
  array(1) {
    [0]=>
    string(1) "5"
  }
}

[07/01/2023 03:53:23] Verificando a solicitação...
[07/01/2023 03:53:23] abgsoft-autopark-unimed.php
array(5) {
  ["nome"]=>
  string(20) "Bruno Alves da Silva"
  ["cpf"]=>
  string(14) "059.486.546-80"
  ["email"]=>
  string(20) "brunoalven@gmail.com"
  ["placa"]=>
  string(7) "Pqn8a35"
  ["unidade"]=>
  array(1) {
    [0]=>
    string(1) "5"
  }
}

[07/01/2023 05:01:20] Verificando a solicitação...
[07/01/2023 05:01:20] abgsoft-autopark-unimed.php
array(5) {
  ["nome"]=>
  string(23) "PEDRO NUNES VIEIRA NETO"
  ["cpf"]=>
  string(14) "427.684.706-00"
  ["email"]=>
  string(26) "P.NUNESVIEIRA@YAHOO.COM.BR"
  ["placa"]=>
  string(7) "RUO7B98"
  ["unidade"]=>
  array(1) {
    [0]=>
    string(1) "7"
  }
}

[07/01/2023 05:15:59] Verificando a solicitação...
[07/01/2023 05:15:59] abgsoft-autopark-unimed.php
array(5) {
  ["nome"]=>
  string(32) "Carlos Aparecido Batista Roberto"
  ["cpf"]=>
  string(14) "095.477.136-20"
  ["email"]=>
  string(28) "aparecidocarlos617@gmail.com"
  ["placa"]=>
  string(7) "OLV1262"
  ["unidade"]=>
  array(1) {
    [0]=>
    string(1) "5"
  }
}

[07/01/2023 06:40:11] Verificando a solicitação...
[07/01/2023 06:40:11] abgsoft-autopark-unimed.php
array(5) {
  ["nome"]=>
  string(9) "Ana Paula"
  ["cpf"]=>
  string(11) "04025417669"
  ["email"]=>
  string(20) "ana.bh2005@gmail.com"
  ["placa"]=>
  string(7) "HLU6052"
  ["unidade"]=>
  array(1) {
    [0]=>
    string(1) "3"
  }
}

[07/01/2023 06:40:13] Verificando a solicitação...
[07/01/2023 06:40:13] abgsoft-autopark-unimed.php
array(5) {
  ["nome"]=>
  string(8) "Geiziane"
  ["cpf"]=>
  string(11) "08890176628"
  ["email"]=>
  string(26) "geizianekelly169@gmail.com"
  ["placa"]=>
  string(7) "QPJ6I95"
  ["unidade"]=>
  array(1) {
    [0]=>
    string(1) "5"
  }
}

[07/01/2023 06:42:27] Verificando a solicitação...
[07/01/2023 06:42:27] abgsoft-autopark-unimed.php
array(5) {
  ["nome"]=>
  string(14) "Marisa Vieira "
  ["cpf"]=>
  string(14) "355.555.486-72"
  ["email"]=>
  string(23) "marisavieirab@gmail.com"
  ["placa"]=>
  string(7) "Hef8741"
  ["unidade"]=>
  array(1) {
    [0]=>
    string(1) "5"
  }
}

[07/01/2023 07:12:23] Verificando a solicitação...
[07/01/2023 07:12:23] abgsoft-autopark-unimed.php
array(5) {
  ["nome"]=>
  string(33) "Carlos Henrique Verneque Guerson "
  ["cpf"]=>
  string(14) "891.393.726-34"
  ["email"]=>
  string(19) "jguerson@uol.com.br"
  ["placa"]=>
  string(8) "HJL6682 "
  ["unidade"]=>
  array(1) {
    [0]=>
    string(1) "5"
  }
}

[07/01/2023 07:59:07] Verificando a solicitação...
[07/01/2023 07:59:07] abgsoft-autopark-unimed.php
array(5) {
  ["nome"]=>
  string(21) "Cristiane Otoni Alves"
  ["cpf"]=>
  string(14) "038.486.296-90"
  ["email"]=>
  string(28) "cristiane.otoni@yahoo.com.br"
  ["placa"]=>
  string(7) "HIO7669"
  ["unidade"]=>
  array(1) {
    [0]=>
    string(1) "7"
  }
}

[07/01/2023 08:15:03] Verificando a solicitação...
[07/01/2023 08:15:03] abgsoft-autopark-unimed.php
array(5) {
  ["nome"]=>
  string(28) "Jane Rose Santos Braga Dias "
  ["cpf"]=>
  string(14) "036.126.756-80"
  ["email"]=>
  string(21) "janeroseb42@gmail.com"
  ["placa"]=>
  string(8) "HMF 9087"
  ["unidade"]=>
  array(1) {
    [0]=>
    string(1) "2"
  }
}

[07/01/2023 08:24:14] Verificando a solicitação...
[07/01/2023 09:52:27] Verificando a solicitação...
[07/01/2023 09:52:27] abgsoft-autopark-unimed.php
array(5) {
  ["nome"]=>
  string(22) "Walnei Ferreira Soares"
  ["cpf"]=>
  string(11) "90755324668"
  ["email"]=>
  string(25) "walnei.formigao@gmail.com"
  ["placa"]=>
  string(7) "QNI8J52"
  ["unidade"]=>
  array(1) {
    [0]=>
    string(1) "3"
  }
}

[07/01/2023 10:07:03] Verificando a solicitação...
[07/01/2023 10:07:03] abgsoft-autopark-unimed.php
array(5) {
  ["nome"]=>
  string(21) "Jéssica Paiva Costa "
  ["cpf"]=>
  string(11) "01481316621"
  ["email"]=>
  string(25) "jessicamj2008@hotmail.com"
  ["placa"]=>
  string(7) "PZY6A41"
  ["unidade"]=>
  array(1) {
    [0]=>
    string(1) "2"
  }
}

[07/01/2023 10:22:18] Verificando a solicitação...
[07/01/2023 10:22:18] abgsoft-autopark-unimed.php
array(5) {
  ["nome"]=>
  string(28) "CELIA ESTEVES LIMA RODRIGUES"
  ["cpf"]=>
  string(11) "02727907613"
  ["email"]=>
  string(27) "celialima_2006@yahoo.com.br"
  ["placa"]=>
  string(8) "QNQ-7560"
  ["unidade"]=>
  array(1) {
    [0]=>
    string(1) "5"
  }
}

[07/01/2023 10:25:24] Verificando a solicitação...
[07/01/2023 10:25:24] abgsoft-autopark-unimed.php
array(5) {
  ["nome"]=>
  string(29) "Celia Esteves Lima Rodrigues "
  ["cpf"]=>
  string(15) "027.279.076-13 "
  ["email"]=>
  string(27) "celialima_2006@yahoo.com.br"
  ["placa"]=>
  string(7) "QNQ7560"
  ["unidade"]=>
  array(1) {
    [0]=>
    string(1) "5"
  }
}

[07/01/2023 11:29:30] Verificando a solicitação...
[07/01/2023 11:29:30] abgsoft-autopark-unimed.php
array(5) {
  ["nome"]=>
  string(26) "Thiago Roberto Lima Romero"
  ["cpf"]=>
  string(11) "01280987677"
  ["email"]=>
  string(19) "thiromero@gmail.com"
  ["placa"]=>
  string(7) "OLV2606"
  ["unidade"]=>
  array(1) {
    [0]=>
    string(1) "7"
  }
}

[07/01/2023 11:47:10] Verificando a solicitação...
[07/01/2023 11:47:10] abgsoft-autopark-unimed.php
array(5) {
  ["nome"]=>
  string(39) "Elisangela Janaina Gonçalves Da Silva "
  ["cpf"]=>
  string(14) "032.400.676-41"
  ["email"]=>
  string(29) "elisangelajanaina@hotmail.com"
  ["placa"]=>
  string(7) "FQI8A88"
  ["unidade"]=>
  array(1) {
    [0]=>
    string(1) "5"
  }
}

[07/01/2023 11:49:05] Verificando a solicitação...
[07/01/2023 11:49:05] abgsoft-autopark-unimed.php
array(5) {
  ["nome"]=>
  string(39) "Elisangela Janaina Gonçalves Da Silva "
  ["cpf"]=>
  string(14) "032.400.676-41"
  ["email"]=>
  string(29) "elisangelajanaina@hotmail.com"
  ["placa"]=>
  string(7) "FQI8A88"
  ["unidade"]=>
  array(1) {
    [0]=>
    string(1) "5"
  }
}

[07/01/2023 11:56:29] Verificando a solicitação...
[07/01/2023 11:56:29] abgsoft-autopark-unimed.php
array(5) {
  ["nome"]=>
  string(24) "Maria Aparecida HERNECK "
  ["cpf"]=>
  string(14) "571.964.006-15"
  ["email"]=>
  string(25) "mah.publicidade@gmail.com"
  ["placa"]=>
  string(7) "RMO9G38"
  ["unidade"]=>
  array(1) {
    [0]=>
    string(1) "5"
  }
}

