[12/09/2023 12:20:32] Verificando a solicitação...
[12/09/2023 12:20:32] abgsoft-autopark-unimed.php
array(5) {
  ["nome"]=>
  string(27) "Jarlei Gonçalves De Assis "
  ["cpf"]=>
  string(14) "973.958.386-53"
  ["email"]=>
  string(24) "jarleyassis384@gmail.com"
  ["placa"]=>
  string(8) "Hiy 5695"
  ["unidade"]=>
  array(1) {
    [0]=>
    string(1) "7"
  }
}

[12/09/2023 12:49:34] Verificando a solicitação...
[12/09/2023 12:49:34] abgsoft-autopark-unimed.php
array(5) {
  ["nome"]=>
  string(25) "POLLYANNA MARTINS CARDOSO"
  ["cpf"]=>
  string(14) "056.855.526-02"
  ["email"]=>
  string(25) "polly_polly04@hotmail.com"
  ["placa"]=>
  string(7) "Hoc5954"
  ["unidade"]=>
  array(1) {
    [0]=>
    string(1) "3"
  }
}

[12/09/2023 01:15:34] Verificando a solicitação...
[12/09/2023 01:15:34] abgsoft-autopark-unimed.php
array(5) {
  ["nome"]=>
  string(20) "Roneison Tadeu Rocha"
  ["cpf"]=>
  string(11) "06807783655"
  ["email"]=>
  string(16) "bhsoad@gmail.com"
  ["placa"]=>
  string(7) "QOU8158"
  ["unidade"]=>
  array(1) {
    [0]=>
    string(1) "5"
  }
}

[12/09/2023 02:22:36] Verificando a solicitação...
[12/09/2023 02:22:36] abgsoft-autopark-unimed.php
array(5) {
  ["nome"]=>
  string(28) "hermengardo j. andrade netto"
  ["cpf"]=>
  string(11) "16509056615"
  ["email"]=>
  string(26) "andrade_netto@yahoo.com.br"
  ["placa"]=>
  string(7) "hjg3380"
  ["unidade"]=>
  array(1) {
    [0]=>
    string(1) "5"
  }
}

[12/09/2023 02:27:53] Verificando a solicitação...
[12/09/2023 02:27:53] abgsoft-autopark-unimed.php
array(5) {
  ["nome"]=>
  string(13) "CARLOS Portes"
  ["cpf"]=>
  string(11) "47336803687"
  ["email"]=>
  string(24) "carlosportesbh@gmail.com"
  ["placa"]=>
  string(7) "FEX8099"
  ["unidade"]=>
  array(1) {
    [0]=>
    string(1) "3"
  }
}

[12/09/2023 04:50:14] Verificando a solicitação...
[12/09/2023 04:50:14] abgsoft-autopark-unimed.php
array(5) {
  ["nome"]=>
  string(6) "Eliane"
  ["cpf"]=>
  string(11) "93299044672"
  ["email"]=>
  string(20) "r.alvesm@hotmail.com"
  ["placa"]=>
  string(7) "Oxk5506"
  ["unidade"]=>
  array(1) {
    [0]=>
    string(1) "3"
  }
}

[12/09/2023 08:53:55] Verificando a solicitação...
[12/09/2023 08:53:55] abgsoft-autopark-unimed.php
array(5) {
  ["nome"]=>
  string(22) "BRAULIO LUIZ DE ARAUJO"
  ["cpf"]=>
  string(14) "112.880.696-77"
  ["email"]=>
  string(28) "braulio.araujo@vallourec.com"
  ["placa"]=>
  string(7) "SHX7F15"
  ["unidade"]=>
  array(1) {
    [0]=>
    string(1) "2"
  }
}

[12/09/2023 09:48:37] Verificando a solicitação...
[12/09/2023 09:48:37] abgsoft-autopark-unimed.php
array(5) {
  ["nome"]=>
  string(20) "Juliene Magela Silva"
  ["cpf"]=>
  string(11) "04861235618"
  ["email"]=>
  string(24) "julienemagela@bol.com.br"
  ["placa"]=>
  string(7) "QPO6F96"
  ["unidade"]=>
  array(1) {
    [0]=>
    string(1) "7"
  }
}

[12/09/2023 09:53:17] Verificando a solicitação...
[12/09/2023 09:53:17] abgsoft-autopark-unimed.php
array(5) {
  ["nome"]=>
  string(21) "Uiara Mendes de Paiva"
  ["cpf"]=>
  string(14) "072.437.176-16"
  ["email"]=>
  string(22) "u.paiva17@yahoo.com.br"
  ["placa"]=>
  string(7) "Pub2189"
  ["unidade"]=>
  array(1) {
    [0]=>
    string(1) "7"
  }
}

[12/09/2023 11:00:23] Verificando a solicitação...
[12/09/2023 11:00:23] abgsoft-autopark-unimed.php
array(5) {
  ["nome"]=>
  string(19) "Luiz Paulo Saraiva "
  ["cpf"]=>
  string(11) "01314611682"
  ["email"]=>
  string(24) "contato.luizps@gmail.com"
  ["placa"]=>
  string(7) "Oly4826"
  ["unidade"]=>
  array(1) {
    [0]=>
    string(1) "5"
  }
}

[12/09/2023 11:04:35] Verificando a solicitação...
[12/09/2023 11:04:35] abgsoft-autopark-unimed.php
array(5) {
  ["nome"]=>
  string(26) "José Rogério de Nazaré "
  ["cpf"]=>
  string(12) "15682692691 "
  ["email"]=>
  string(24) "jrogerionazare@gmail.com"
  ["placa"]=>
  string(7) "PVU0247"
  ["unidade"]=>
  array(1) {
    [0]=>
    string(1) "5"
  }
}

[12/09/2023 11:31:36] Verificando a solicitação...
[12/09/2023 11:31:36] abgsoft-autopark-unimed.php
array(5) {
  ["nome"]=>
  string(29) "Karina Santos Damacena Morais"
  ["cpf"]=>
  string(14) "121.520.946-03"
  ["email"]=>
  string(19) "kaah.weel@gmail.com"
  ["placa"]=>
  string(7) "ELG9E00"
  ["unidade"]=>
  array(1) {
    [0]=>
    string(1) "2"
  }
}

[12/09/2023 11:35:50] Verificando a solicitação...
[12/09/2023 11:35:50] abgsoft-autopark-unimed.php
array(5) {
  ["nome"]=>
  string(37) "Lorenzo  Bernardo  Santiago  Moreira "
  ["cpf"]=>
  string(11) "19422664640"
  ["email"]=>
  string(24) "ozenircarlos26@gmail.com"
  ["placa"]=>
  string(7) "QUW1C92"
  ["unidade"]=>
  array(1) {
    [0]=>
    string(1) "7"
  }
}

[12/09/2023 12:36:40] Verificando a solicitação...
[12/09/2023 12:36:40] abgsoft-autopark-unimed.php
array(5) {
  ["nome"]=>
  string(19) "VALDIRENE DA SILVA "
  ["cpf"]=>
  string(15) "086.985.966-81 "
  ["email"]=>
  string(27) "valdirennesilva@hotmail.com"
  ["placa"]=>
  string(7) "QXF2482"
  ["unidade"]=>
  array(1) {
    [0]=>
    string(1) "5"
  }
}

[12/09/2023 12:45:48] Verificando a solicitação...
[12/09/2023 12:45:48] abgsoft-autopark-unimed.php
array(5) {
  ["nome"]=>
  string(23) "Weslley Natan da Rocha "
  ["cpf"]=>
  string(11) "09909342612"
  ["email"]=>
  string(22) "weslley.33@hotmail.com"
  ["placa"]=>
  string(7) "OPI9G08"
  ["unidade"]=>
  array(1) {
    [0]=>
    string(1) "5"
  }
}

[12/09/2023 12:53:03] Verificando a solicitação...
[12/09/2023 12:53:03] abgsoft-autopark-unimed.php
array(5) {
  ["nome"]=>
  string(36) "MICHELLE DE OLIVEIRA BRAGA GUIMARAES"
  ["cpf"]=>
  string(14) "013.617.826-09"
  ["email"]=>
  string(18) "mobg1979@gmail.com"
  ["placa"]=>
  string(7) "JJI6C70"
  ["unidade"]=>
  array(1) {
    [0]=>
    string(1) "5"
  }
}

[12/09/2023 12:55:51] Verificando a solicitação...
[12/09/2023 12:55:51] abgsoft-autopark-unimed.php
array(5) {
  ["nome"]=>
  string(23) "Sergio Ferreira Peluffo"
  ["cpf"]=>
  string(11) "38730790034"
  ["email"]=>
  string(24) "sergiofpeluffo@gmail.com"
  ["placa"]=>
  string(7) "QQC5E82"
  ["unidade"]=>
  array(1) {
    [0]=>
    string(1) "7"
  }
}

[12/09/2023 01:39:45] Verificando a solicitação...
[12/09/2023 01:39:45] abgsoft-autopark-unimed.php
array(5) {
  ["nome"]=>
  string(18) "Anderson Guimaraes"
  ["cpf"]=>
  string(11) "73149314615"
  ["email"]=>
  string(24) "andersonrfenix@gmail.com"
  ["placa"]=>
  string(7) "rfi7g17"
  ["unidade"]=>
  array(1) {
    [0]=>
    string(1) "5"
  }
}

[12/09/2023 02:11:42] Verificando a solicitação...
[12/09/2023 02:11:42] abgsoft-autopark-unimed.php
array(5) {
  ["nome"]=>
  string(12) "JORDANE REIS"
  ["cpf"]=>
  string(14) "049.994.306-65"
  ["email"]=>
  string(22) "jordanefotos@gmail.com"
  ["placa"]=>
  string(7) "pud4364"
  ["unidade"]=>
  array(1) {
    [0]=>
    string(1) "7"
  }
}

[12/09/2023 03:05:34] Verificando a solicitação...
[12/09/2023 03:05:34] abgsoft-autopark-unimed.php
array(5) {
  ["nome"]=>
  string(40) "Vitor Diniz Machado Magalhaes Nascimento"
  ["cpf"]=>
  string(14) "062.542.706-84"
  ["email"]=>
  string(24) "vitordinizm@yahoo.com.br"
  ["placa"]=>
  string(7) "QXE0H82"
  ["unidade"]=>
  array(1) {
    [0]=>
    string(1) "5"
  }
}

[12/09/2023 03:35:50] Verificando a solicitação...
[12/09/2023 03:35:50] abgsoft-autopark-unimed.php
array(5) {
  ["nome"]=>
  string(25) "maria beatriz horta quina"
  ["cpf"]=>
  string(14) "402.281.006-82"
  ["email"]=>
  string(19) "mbquinamt@gmail.com"
  ["placa"]=>
  string(7) "CJA0015"
  ["unidade"]=>
  array(1) {
    [0]=>
    string(1) "5"
  }
}

[12/09/2023 03:37:38] Verificando a solicitação...
[12/09/2023 03:37:38] abgsoft-autopark-unimed.php
array(5) {
  ["nome"]=>
  string(25) "maria beatriz horta quina"
  ["cpf"]=>
  string(14) "402.281.006-82"
  ["email"]=>
  string(19) "mbquinamt@gmail.com"
  ["placa"]=>
  string(7) "CJA0015"
  ["unidade"]=>
  array(1) {
    [0]=>
    string(1) "5"
  }
}

[12/09/2023 03:39:17] Verificando a solicitação...
[12/09/2023 03:39:17] abgsoft-autopark-unimed.php
array(5) {
  ["nome"]=>
  string(32) "Rubia Cristina Saldanha Guieiro "
  ["cpf"]=>
  string(11) "13034771657"
  ["email"]=>
  string(21) "rubynhacris@gmail.com"
  ["placa"]=>
  string(8) "QXB1F09 "
  ["unidade"]=>
  array(1) {
    [0]=>
    string(1) "5"
  }
}

[12/09/2023 04:12:56] Verificando a solicitação...
[12/09/2023 04:12:56] abgsoft-autopark-unimed.php
array(5) {
  ["nome"]=>
  string(20) "Carolina Magalhães "
  ["cpf"]=>
  string(15) "046.105.006-47 "
  ["email"]=>
  string(21) "carolze2012@gmail.com"
  ["placa"]=>
  string(8) "OQP4077 "
  ["unidade"]=>
  array(1) {
    [0]=>
    string(1) "5"
  }
}

[12/09/2023 04:31:02] Verificando a solicitação...
[12/09/2023 04:31:02] abgsoft-autopark-unimed.php
array(5) {
  ["nome"]=>
  string(7) "Camila "
  ["cpf"]=>
  string(14) "086.599.456-03"
  ["email"]=>
  string(24) "kmila.patricia@gmail.com"
  ["placa"]=>
  string(7) "QQT2734"
  ["unidade"]=>
  array(1) {
    [0]=>
    string(1) "7"
  }
}

[12/09/2023 04:54:13] Verificando a solicitação...
[12/09/2023 04:54:13] abgsoft-autopark-unimed.php
array(5) {
  ["nome"]=>
  string(15) "Rogério Assis "
  ["cpf"]=>
  string(11) "02392937621"
  ["email"]=>
  string(24) "rogerioassis198@gmal.com"
  ["placa"]=>
  string(10) "Qatar 3432"
  ["unidade"]=>
  array(1) {
    [0]=>
    string(1) "7"
  }
}

[12/09/2023 06:00:21] Verificando a solicitação...
[12/09/2023 06:00:21] abgsoft-autopark-unimed.php
array(5) {
  ["nome"]=>
  string(28) "Bruno Álvaro Sales Queiroz "
  ["cpf"]=>
  string(14) "037.688.526-28"
  ["email"]=>
  string(27) "brunoalvaroqueroz@gmail.com"
  ["placa"]=>
  string(8) "PWU-0D61"
  ["unidade"]=>
  array(1) {
    [0]=>
    string(1) "5"
  }
}

[12/09/2023 06:26:30] Verificando a solicitação...
[12/09/2023 06:26:30] abgsoft-autopark-unimed.php
array(5) {
  ["nome"]=>
  string(14) "Carlos Bambino"
  ["cpf"]=>
  string(14) "242.210.407-00"
  ["email"]=>
  string(20) "caabambino@gmail.com"
  ["placa"]=>
  string(7) "SHL3H82"
  ["unidade"]=>
  array(1) {
    [0]=>
    string(1) "5"
  }
}

[12/09/2023 06:37:52] Verificando a solicitação...
[12/09/2023 06:37:52] abgsoft-autopark-unimed.php
array(5) {
  ["nome"]=>
  string(33) "Daniela Ariana da Silva Ferreira "
  ["cpf"]=>
  string(11) "07447807648"
  ["email"]=>
  string(27) "danielaarianasf@hotmail.com"
  ["placa"]=>
  string(7) "Pyw0669"
  ["unidade"]=>
  array(1) {
    [0]=>
    string(1) "5"
  }
}

[12/09/2023 06:59:30] Verificando a solicitação...
[12/09/2023 06:59:30] abgsoft-autopark-unimed.php
array(5) {
  ["nome"]=>
  string(30) "Gael Victor da Silva Ferreira "
  ["cpf"]=>
  string(14) "184.161.626-54"
  ["email"]=>
  string(29) "jorgeferreira199122@gmail.com"
  ["placa"]=>
  string(7) "Hat4a30"
  ["unidade"]=>
  array(1) {
    [0]=>
    string(1) "1"
  }
}

[12/09/2023 07:05:01] Verificando a solicitação...
[12/09/2023 07:05:01] abgsoft-autopark-unimed.php
array(5) {
  ["nome"]=>
  string(22) "Carlos Alberto Sanches"
  ["cpf"]=>
  string(11) "32739702604"
  ["email"]=>
  string(31) "carlossanches.contato@gmail.com"
  ["placa"]=>
  string(7) "HNU0260"
  ["unidade"]=>
  array(1) {
    [0]=>
    string(1) "5"
  }
}

[12/09/2023 07:16:13] Verificando a solicitação...
[12/09/2023 07:16:13] abgsoft-autopark-unimed.php
array(5) {
  ["nome"]=>
  string(34) "JESSICA NATALIA DE OLIVEIRA ISRAEL"
  ["cpf"]=>
  string(11) "09591237685"
  ["email"]=>
  string(23) "jeh.natalia91@gmail.com"
  ["placa"]=>
  string(7) "QNV4J34"
  ["unidade"]=>
  array(1) {
    [0]=>
    string(1) "7"
  }
}

[12/09/2023 07:23:00] Verificando a solicitação...
[12/09/2023 07:23:00] abgsoft-autopark-unimed.php
array(5) {
  ["nome"]=>
  string(16) "Roberto Rabello "
  ["cpf"]=>
  string(11) "03083666624"
  ["email"]=>
  string(26) "robertocfrabello@gmail.com"
  ["placa"]=>
  string(7) "QOQ0E30"
  ["unidade"]=>
  array(1) {
    [0]=>
    string(1) "5"
  }
}

[12/09/2023 07:23:24] Verificando a solicitação...
[12/09/2023 07:23:24] abgsoft-autopark-unimed.php
array(5) {
  ["nome"]=>
  string(16) "Roberto Rabello "
  ["cpf"]=>
  string(11) "03083666624"
  ["email"]=>
  string(26) "robertocfrabello@gmail.com"
  ["placa"]=>
  string(7) "QOQ0E30"
  ["unidade"]=>
  array(1) {
    [0]=>
    string(1) "5"
  }
}

[12/09/2023 07:29:41] Verificando a solicitação...
[12/09/2023 07:29:41] abgsoft-autopark-unimed.php
array(5) {
  ["nome"]=>
  string(23) "Jeolmir Dyonisio de Sá"
  ["cpf"]=>
  string(11) "00065023692"
  ["email"]=>
  string(17) "jeodysa@gmail.com"
  ["placa"]=>
  string(7) "GXP6181"
  ["unidade"]=>
  array(1) {
    [0]=>
    string(1) "5"
  }
}

[12/09/2023 07:32:52] Verificando a solicitação...
[12/09/2023 07:32:52] abgsoft-autopark-unimed.php
array(5) {
  ["nome"]=>
  string(23) "WAGNER RIBEIRO DA CUNHA"
  ["cpf"]=>
  string(14) "441.020.206-59"
  ["email"]=>
  string(27) "wagnercunhagrb@yahoo.com.br"
  ["placa"]=>
  string(7) "RNB0A26"
  ["unidade"]=>
  array(1) {
    [0]=>
    string(1) "4"
  }
}

[12/09/2023 08:13:37] Verificando a solicitação...
[12/09/2023 08:13:37] abgsoft-autopark-unimed.php
array(5) {
  ["nome"]=>
  string(37) "Maria Tereza de Araújo Pinto Coelho "
  ["cpf"]=>
  string(11) "29246989600"
  ["email"]=>
  string(18) "tt.apc08@gmail.com"
  ["placa"]=>
  string(7) "HNX5117"
  ["unidade"]=>
  array(1) {
    [0]=>
    string(1) "5"
  }
}

[12/09/2023 10:17:53] Verificando a solicitação...
[12/09/2023 10:17:53] abgsoft-autopark-unimed.php
array(5) {
  ["nome"]=>
  string(28) "Marlon William Muniz Tavares"
  ["cpf"]=>
  string(14) "048.638.516-77"
  ["email"]=>
  string(26) "marlon.tavares@hotmail.com"
  ["placa"]=>
  string(7) "ASH4552"
  ["unidade"]=>
  array(1) {
    [0]=>
    string(1) "2"
  }
}

[12/09/2023 11:32:46] Verificando a solicitação...
[12/09/2023 11:32:46] abgsoft-autopark-unimed.php
array(5) {
  ["nome"]=>
  string(22) "rodrigo lacerda vieira"
  ["cpf"]=>
  string(14) "066.959.056-81"
  ["email"]=>
  string(20) "dido22bh@hotmail.com"
  ["placa"]=>
  string(7) "Gyo4052"
  ["unidade"]=>
  array(1) {
    [0]=>
    string(1) "5"
  }
}

