[13/12/2023 12:32:46] Verificando a solicitação...
[13/12/2023 12:32:46] abgsoft-autopark-unimed.php
array(5) {
  ["nome"]=>
  string(28) "Leonardo Alves Fontes Vieira"
  ["cpf"]=>
  string(11) "09589156606"
  ["email"]=>
  string(26) "leonardofontes89@gmail.com"
  ["placa"]=>
  string(7) "RFN2H08"
  ["unidade"]=>
  array(1) {
    [0]=>
    string(1) "5"
  }
}

[13/12/2023 12:38:00] Verificando a solicitação...
[13/12/2023 12:38:00] abgsoft-autopark-unimed.php
array(5) {
  ["nome"]=>
  string(37) "Guilherme Ricardo Bonifácio de Jesus"
  ["cpf"]=>
  string(11) "09155889603"
  ["email"]=>
  string(24) "guih.bonifacio@gmail.com"
  ["placa"]=>
  string(7) "Hla1e63"
  ["unidade"]=>
  array(1) {
    [0]=>
    string(1) "5"
  }
}

[13/12/2023 03:24:22] Verificando a solicitação...
[13/12/2023 03:24:22] abgsoft-autopark-unimed.php
array(5) {
  ["nome"]=>
  string(15) "Shirlene Viana "
  ["cpf"]=>
  string(14) "001.564.926-10"
  ["email"]=>
  string(23) "shirlenevlima@gmail.com"
  ["placa"]=>
  string(7) "QOE1305"
  ["unidade"]=>
  array(1) {
    [0]=>
    string(1) "5"
  }
}

[13/12/2023 10:18:22] Verificando a solicitação...
[13/12/2023 10:18:22] abgsoft-autopark-unimed.php
array(5) {
  ["nome"]=>
  string(19) "Jessica Souza Moura"
  ["cpf"]=>
  string(11) "08252959636"
  ["email"]=>
  string(27) "jessicamoura_sl@hotmail.com"
  ["placa"]=>
  string(7) "Omb4972"
  ["unidade"]=>
  array(1) {
    [0]=>
    string(1) "5"
  }
}

[13/12/2023 10:26:10] Verificando a solicitação...
[13/12/2023 10:47:35] Verificando a solicitação...
[13/12/2023 10:47:35] abgsoft-autopark-unimed.php
array(5) {
  ["nome"]=>
  string(34) "Carla Maria Alves Pereira Ventura "
  ["cpf"]=>
  string(11) "76479323653"
  ["email"]=>
  string(28) "carlamaria.alves@hotmail.com"
  ["placa"]=>
  string(8) "OQG 8962"
  ["unidade"]=>
  array(1) {
    [0]=>
    string(1) "5"
  }
}

[13/12/2023 12:04:02] Verificando a solicitação...
[13/12/2023 12:04:02] abgsoft-autopark-unimed.php
array(5) {
  ["nome"]=>
  string(31) "Andrea Carla Costa de Oliveira "
  ["cpf"]=>
  string(14) "742.707.296-00"
  ["email"]=>
  string(22) "andrea.cco50@gmail.com"
  ["placa"]=>
  string(7) "RMW4I10"
  ["unidade"]=>
  array(1) {
    [0]=>
    string(1) "2"
  }
}

[13/12/2023 12:08:21] Verificando a solicitação...
[13/12/2023 01:12:14] Verificando a solicitação...
[13/12/2023 01:12:14] abgsoft-autopark-unimed.php
array(5) {
  ["nome"]=>
  string(23) "Thaís do valle Loiola "
  ["cpf"]=>
  string(11) "12926951612"
  ["email"]=>
  string(23) "ferreiragtr@hotmail.com"
  ["placa"]=>
  string(7) "Hib1d33"
  ["unidade"]=>
  array(1) {
    [0]=>
    string(1) "7"
  }
}

[13/12/2023 01:41:54] Verificando a solicitação...
[13/12/2023 02:05:21] Verificando a solicitação...
[13/12/2023 02:05:21] abgsoft-autopark-unimed.php
array(5) {
  ["nome"]=>
  string(30) "Gustavo Luiz Rodrigues Batista"
  ["cpf"]=>
  string(11) "07011754601"
  ["email"]=>
  string(26) "gustavolrbatista@gmail.com"
  ["placa"]=>
  string(7) "QOT0817"
  ["unidade"]=>
  array(1) {
    [0]=>
    string(1) "7"
  }
}

[13/12/2023 02:38:34] Verificando a solicitação...
[13/12/2023 02:38:34] abgsoft-autopark-unimed.php
array(5) {
  ["nome"]=>
  string(17) "Thais M F FREITAS"
  ["cpf"]=>
  string(14) "039.102.596-18"
  ["email"]=>
  string(16) "tmffbh@gmail.com"
  ["placa"]=>
  string(7) "QPA1487"
  ["unidade"]=>
  array(1) {
    [0]=>
    string(1) "7"
  }
}

[13/12/2023 02:39:49] Verificando a solicitação...
[13/12/2023 02:39:49] abgsoft-autopark-unimed.php
array(5) {
  ["nome"]=>
  string(23) "DANIELA ANDAKU DA SILVA"
  ["cpf"]=>
  string(14) "044.085.046-02"
  ["email"]=>
  string(21) "daniela.asm@gmail.com"
  ["placa"]=>
  string(7) "HID1762"
  ["unidade"]=>
  array(1) {
    [0]=>
    string(1) "2"
  }
}

[13/12/2023 02:57:04] Verificando a solicitação...
[13/12/2023 02:57:04] abgsoft-autopark-unimed.php
array(5) {
  ["nome"]=>
  string(25) "Rosa Maria da Cruz Silva "
  ["cpf"]=>
  string(11) "02431213692"
  ["email"]=>
  string(24) "rosa1994felipe@gmail.com"
  ["placa"]=>
  string(7) "Hab5719"
  ["unidade"]=>
  array(1) {
    [0]=>
    string(1) "5"
  }
}

[13/12/2023 03:39:10] Verificando a solicitação...
[13/12/2023 03:39:10] abgsoft-autopark-unimed.php
array(5) {
  ["nome"]=>
  string(22) "Douglas Dias de Souza "
  ["cpf"]=>
  string(14) "972.333.076-87"
  ["email"]=>
  string(22) "douglasdias@pbh.gov.br"
  ["placa"]=>
  string(8) "Heb9j07 "
  ["unidade"]=>
  array(1) {
    [0]=>
    string(1) "5"
  }
}

[13/12/2023 04:32:03] Verificando a solicitação...
[13/12/2023 04:32:03] abgsoft-autopark-unimed.php
array(5) {
  ["nome"]=>
  string(32) "Roberta Carolina de Barros Lopes"
  ["cpf"]=>
  string(11) "73446050159"
  ["email"]=>
  string(25) "robertacdbarros@gmail.com"
  ["placa"]=>
  string(7) "HMR9F20"
  ["unidade"]=>
  array(1) {
    [0]=>
    string(1) "7"
  }
}

[13/12/2023 05:05:08] Verificando a solicitação...
[13/12/2023 05:05:44] Verificando a solicitação...
[13/12/2023 05:23:49] Verificando a solicitação...
[13/12/2023 05:23:49] abgsoft-autopark-unimed.php
array(5) {
  ["nome"]=>
  string(22) "Denise Gomes Clavilho "
  ["cpf"]=>
  string(14) "698.183.986-53"
  ["email"]=>
  string(23) "dg.clavilho@hotmail.com"
  ["placa"]=>
  string(7) "RAI3E26"
  ["unidade"]=>
  array(1) {
    [0]=>
    string(1) "7"
  }
}

[13/12/2023 06:56:19] Verificando a solicitação...
[13/12/2023 06:56:19] abgsoft-autopark-unimed.php
array(5) {
  ["nome"]=>
  string(41) "Vitória Régia Cotta de Oliveira e Silva"
  ["cpf"]=>
  string(11) "09938889689"
  ["email"]=>
  string(24) "vitoria.rcotta@gmail.com"
  ["placa"]=>
  string(7) "HNI7295"
  ["unidade"]=>
  array(1) {
    [0]=>
    string(1) "7"
  }
}

[13/12/2023 08:02:47] Verificando a solicitação...
[13/12/2023 08:10:20] Verificando a solicitação...
[13/12/2023 08:10:20] abgsoft-autopark-unimed.php
array(5) {
  ["nome"]=>
  string(25) "Luiz Otávio de Oliveira "
  ["cpf"]=>
  string(11) "30108349691"
  ["email"]=>
  string(20) "deniseapbr@gmail.com"
  ["placa"]=>
  string(7) "PUJ9255"
  ["unidade"]=>
  array(1) {
    [0]=>
    string(1) "5"
  }
}

[13/12/2023 08:16:42] Verificando a solicitação...
[13/12/2023 08:16:42] abgsoft-autopark-unimed.php
array(5) {
  ["nome"]=>
  string(40) "ARIANI CRISTINA RODRIGUES DUTRA E CAMPOS"
  ["cpf"]=>
  string(14) "933.150.316-49"
  ["email"]=>
  string(19) "camposacr@gmail.com"
  ["placa"]=>
  string(7) "SJE0F79"
  ["unidade"]=>
  array(1) {
    [0]=>
    string(1) "5"
  }
}

[13/12/2023 08:40:06] Verificando a solicitação...
[13/12/2023 08:54:15] Verificando a solicitação...
[13/12/2023 09:27:11] Verificando a solicitação...
[13/12/2023 09:27:11] abgsoft-autopark-unimed.php
array(5) {
  ["nome"]=>
  string(16) "fernando mansuet"
  ["cpf"]=>
  string(11) "05861076650"
  ["email"]=>
  string(32) "fernandinhominasgerais@gmail.com"
  ["placa"]=>
  string(7) "QQD2A75"
  ["unidade"]=>
  array(1) {
    [0]=>
    string(1) "5"
  }
}

[13/12/2023 10:39:40] Verificando a solicitação...
[13/12/2023 10:39:40] abgsoft-autopark-unimed.php
array(5) {
  ["nome"]=>
  string(40) "Vitor Diniz Machado Magalhaes Nascimento"
  ["cpf"]=>
  string(14) "062.542.706-84"
  ["email"]=>
  string(24) "vitordinizm@yahoo.com.br"
  ["placa"]=>
  string(7) "QXE0H82"
  ["unidade"]=>
  array(1) {
    [0]=>
    string(1) "5"
  }
}

[13/12/2023 11:49:40] Verificando a solicitação...
[13/12/2023 11:49:40] abgsoft-autopark-unimed.php
array(5) {
  ["nome"]=>
  string(25) "Jessica Rodrigues galindo"
  ["cpf"]=>
  string(11) "45004545863"
  ["email"]=>
  string(33) "jessicarodriguesgalindo@gmail.com"
  ["placa"]=>
  string(7) "Hie0040"
  ["unidade"]=>
  array(1) {
    [0]=>
    string(1) "5"
  }
}

