[23/09/2023 01:06:25] Verificando a solicitação...
[23/09/2023 01:06:25] abgsoft-autopark-unimed.php
array(5) {
  ["nome"]=>
  string(6) "Lorena"
  ["cpf"]=>
  string(11) "13346445607"
  ["email"]=>
  string(25) "lorena-alkmim@hotmail.com"
  ["placa"]=>
  string(7) "Rus1c45"
  ["unidade"]=>
  array(1) {
    [0]=>
    string(1) "7"
  }
}

[23/09/2023 11:10:51] Verificando a solicitação...
[23/09/2023 11:10:51] abgsoft-autopark-unimed.php
array(5) {
  ["nome"]=>
  string(23) "Samara Pedrosa Sampaio "
  ["cpf"]=>
  string(11) "08730268613"
  ["email"]=>
  string(23) "samarapedroza@gmail.com"
  ["placa"]=>
  string(7) "RNG2I67"
  ["unidade"]=>
  array(1) {
    [0]=>
    string(1) "2"
  }
}

[23/09/2023 11:34:32] Verificando a solicitação...
[23/09/2023 11:34:32] abgsoft-autopark-unimed.php
array(5) {
  ["nome"]=>
  string(15) "Rafael Mariposa"
  ["cpf"]=>
  string(14) "049.900.836-79"
  ["email"]=>
  string(17) "aremdze@gmail.com"
  ["placa"]=>
  string(7) "RVD6F07"
  ["unidade"]=>
  array(1) {
    [0]=>
    string(1) "7"
  }
}

[23/09/2023 12:35:44] Verificando a solicitação...
[23/09/2023 12:35:44] abgsoft-autopark-unimed.php
array(5) {
  ["nome"]=>
  string(26) "Adilson dos Santos severo "
  ["cpf"]=>
  string(11) "72800518634"
  ["email"]=>
  string(25) "adilsonsevero40@gmail.com"
  ["placa"]=>
  string(8) "Lut3 D83"
  ["unidade"]=>
  array(1) {
    [0]=>
    string(1) "1"
  }
}

[23/09/2023 12:58:49] Verificando a solicitação...
[23/09/2023 12:58:49] abgsoft-autopark-unimed.php
array(5) {
  ["nome"]=>
  string(26) "Aluisio Celso De Oliveira "
  ["cpf"]=>
  string(15) "245.429.976-34 "
  ["email"]=>
  string(28) "aluisio.deoliveira@yahoo.com"
  ["placa"]=>
  string(8) "PYC-6315"
  ["unidade"]=>
  array(1) {
    [0]=>
    string(1) "5"
  }
}

[23/09/2023 01:49:00] Verificando a solicitação...
[23/09/2023 01:49:00] abgsoft-autopark-unimed.php
array(5) {
  ["nome"]=>
  string(24) "Adílio Nascimento Pinto"
  ["cpf"]=>
  string(11) "03914416637"
  ["email"]=>
  string(22) "adilionasc@hotmail.com"
  ["placa"]=>
  string(7) "Q0ROF13"
  ["unidade"]=>
  array(1) {
    [0]=>
    string(1) "7"
  }
}

[23/09/2023 04:10:02] Verificando a solicitação...
[23/09/2023 04:10:02] abgsoft-autopark-unimed.php
array(5) {
  ["nome"]=>
  string(32) "Claudiane Gonçalves de Oliveira"
  ["cpf"]=>
  string(14) "053.077.986-28"
  ["email"]=>
  string(35) "claudiane.oliveira@mercantil.com.br"
  ["placa"]=>
  string(7) "FAI0G93"
  ["unidade"]=>
  array(1) {
    [0]=>
    string(1) "2"
  }
}

[23/09/2023 04:20:00] Verificando a solicitação...
[23/09/2023 04:20:00] abgsoft-autopark-unimed.php
array(5) {
  ["nome"]=>
  string(26) "MICHELLE FERREIRA DE SOUZA"
  ["cpf"]=>
  string(14) "073.503.376-55"
  ["email"]=>
  string(26) "michellefs777@yahoo.com.br"
  ["placa"]=>
  string(7) "PZY4933"
  ["unidade"]=>
  array(1) {
    [0]=>
    string(1) "7"
  }
}

[23/09/2023 04:22:26] Verificando a solicitação...
[23/09/2023 04:22:26] abgsoft-autopark-unimed.php
array(5) {
  ["nome"]=>
  string(44) "Antonio Eustaquio Siqueira Othero Fernandes "
  ["cpf"]=>
  string(11) "66678986687"
  ["email"]=>
  string(17) "aesof66@gmail.com"
  ["placa"]=>
  string(7) "SHQ2F05"
  ["unidade"]=>
  array(1) {
    [0]=>
    string(1) "5"
  }
}

[23/09/2023 04:28:52] Verificando a solicitação...
[23/09/2023 04:28:52] abgsoft-autopark-unimed.php
array(5) {
  ["nome"]=>
  string(27) "Radnéia  da Silva  Xavier "
  ["cpf"]=>
  string(14) "538.282.916-00"
  ["email"]=>
  string(23) "radneiaxavier@gmail.com"
  ["placa"]=>
  string(7) "RUF3D01"
  ["unidade"]=>
  array(1) {
    [0]=>
    string(1) "2"
  }
}

[23/09/2023 07:46:49] Verificando a solicitação...
[23/09/2023 07:46:49] abgsoft-autopark-unimed.php
array(5) {
  ["nome"]=>
  string(23) "ANDREA DE SOUZA PIMENTA"
  ["cpf"]=>
  string(14) "915.221.106-15"
  ["email"]=>
  string(21) "pimenta2809@gmail.com"
  ["placa"]=>
  string(7) "RFT7A24"
  ["unidade"]=>
  array(1) {
    [0]=>
    string(1) "5"
  }
}

