[20/04/2023 12:18:26] Verificando a solicitação...
[20/04/2023 12:18:26] abgsoft-autopark-unimed.php
array(5) {
  ["nome"]=>
  string(26) "Cristiane Aparecida Lopes "
  ["cpf"]=>
  string(14) "014.113.566-24"
  ["email"]=>
  string(26) "criscrislopes@yahoo.com.br"
  ["placa"]=>
  string(7) "RFO5E12"
  ["unidade"]=>
  array(1) {
    [0]=>
    string(1) "7"
  }
}

[20/04/2023 12:54:59] Verificando a solicitação...
[20/04/2023 12:54:59] abgsoft-autopark-unimed.php
array(5) {
  ["nome"]=>
  string(26) "Christiny Adriane Barbosa "
  ["cpf"]=>
  string(14) "016.541.306-99"
  ["email"]=>
  string(22) "chrisadriane@gmail.com"
  ["placa"]=>
  string(7) "PUA9175"
  ["unidade"]=>
  array(1) {
    [0]=>
    string(1) "7"
  }
}

[20/04/2023 01:02:08] Verificando a solicitação...
[20/04/2023 01:02:08] abgsoft-autopark-unimed.php
array(5) {
  ["nome"]=>
  string(24) "Ana Claudia Silva Alves "
  ["cpf"]=>
  string(11) "08660799631"
  ["email"]=>
  string(27) "anaclaudiaempresa@gmail.com"
  ["placa"]=>
  string(7) "Hco4413"
  ["unidade"]=>
  array(1) {
    [0]=>
    string(1) "7"
  }
}

[20/04/2023 02:26:58] Verificando a solicitação...
[20/04/2023 02:26:58] abgsoft-autopark-unimed.php
array(5) {
  ["nome"]=>
  string(25) "Valéria França de Lima "
  ["cpf"]=>
  string(13) "035492646-23 "
  ["email"]=>
  string(24) "francavaleriaa@gmail.com"
  ["placa"]=>
  string(7) "HNE6994"
  ["unidade"]=>
  array(1) {
    [0]=>
    string(1) "4"
  }
}

[20/04/2023 04:46:38] Verificando a solicitação...
[20/04/2023 08:53:10] Verificando a solicitação...
[20/04/2023 08:53:10] abgsoft-autopark-unimed.php
array(5) {
  ["nome"]=>
  string(22) "Patricia Reis Antunes "
  ["cpf"]=>
  string(11) "97004502600"
  ["email"]=>
  string(21) "ssocial1999@gmail.com"
  ["placa"]=>
  string(7) "Oxd2313"
  ["unidade"]=>
  array(1) {
    [0]=>
    string(1) "5"
  }
}

[20/04/2023 10:14:09] Verificando a solicitação...
[20/04/2023 10:14:09] abgsoft-autopark-unimed.php
array(5) {
  ["nome"]=>
  string(24) "Arthur Oliveira Botelho "
  ["cpf"]=>
  string(15) "122.227.036-62 "
  ["email"]=>
  string(26) "aoliveirabotelho@gmail.com"
  ["placa"]=>
  string(7) "HNI3F80"
  ["unidade"]=>
  array(1) {
    [0]=>
    string(1) "7"
  }
}

[20/04/2023 10:39:23] Verificando a solicitação...
[20/04/2023 10:39:23] abgsoft-autopark-unimed.php
array(5) {
  ["nome"]=>
  string(20) "Jessica Souza moura "
  ["cpf"]=>
  string(11) "08252959636"
  ["email"]=>
  string(27) "jessicamoura_sl@hotmail.com"
  ["placa"]=>
  string(7) "Omb4972"
  ["unidade"]=>
  array(1) {
    [0]=>
    string(1) "5"
  }
}

[20/04/2023 10:50:42] Verificando a solicitação...
[20/04/2023 10:50:42] abgsoft-autopark-unimed.php
array(5) {
  ["nome"]=>
  string(31) "David William Moreira de Souza "
  ["cpf"]=>
  string(15) "105.900.336-89 "
  ["email"]=>
  string(25) "tatty.lorenzo@hotmail.com"
  ["placa"]=>
  string(7) "Hjr5884"
  ["unidade"]=>
  array(1) {
    [0]=>
    string(1) "7"
  }
}

[20/04/2023 11:03:39] Verificando a solicitação...
[20/04/2023 11:03:39] abgsoft-autopark-unimed.php
array(5) {
  ["nome"]=>
  string(25) "Vanessa Porto de Oliveira"
  ["cpf"]=>
  string(11) "06581593648"
  ["email"]=>
  string(20) "vanecika@hotmail.com"
  ["placa"]=>
  string(7) "Hak4719"
  ["unidade"]=>
  array(1) {
    [0]=>
    string(1) "7"
  }
}

[20/04/2023 11:47:38] Verificando a solicitação...
[20/04/2023 11:47:38] abgsoft-autopark-unimed.php
array(5) {
  ["nome"]=>
  string(12) "Pietro Artur"
  ["cpf"]=>
  string(11) "10495167614"
  ["email"]=>
  string(24) "pietroartur@yahoo.com.br"
  ["placa"]=>
  string(8) "gsw5i64 "
  ["unidade"]=>
  array(1) {
    [0]=>
    string(1) "7"
  }
}

[20/04/2023 12:04:45] Verificando a solicitação...
[20/04/2023 12:04:45] abgsoft-autopark-unimed.php
array(5) {
  ["nome"]=>
  string(31) "David William Moreira de Souza "
  ["cpf"]=>
  string(15) "105.900.336-89 "
  ["email"]=>
  string(25) "tatty.lorenzo@hotmail.com"
  ["placa"]=>
  string(7) "Hjr5884"
  ["unidade"]=>
  array(1) {
    [0]=>
    string(1) "7"
  }
}

[20/04/2023 12:19:47] Verificando a solicitação...
[20/04/2023 12:19:47] abgsoft-autopark-unimed.php
array(5) {
  ["nome"]=>
  string(31) "Cristiane Carla Silva Carvalho "
  ["cpf"]=>
  string(11) "03680264690"
  ["email"]=>
  string(31) "cristianecarlasilva@outlook.com"
  ["placa"]=>
  string(7) "PXY4I23"
  ["unidade"]=>
  array(1) {
    [0]=>
    string(1) "5"
  }
}

[20/04/2023 12:44:50] Verificando a solicitação...
[20/04/2023 12:44:50] abgsoft-autopark-unimed.php
array(5) {
  ["nome"]=>
  string(24) "Márcio Batista da Silva"
  ["cpf"]=>
  string(11) "69997179668"
  ["email"]=>
  string(26) "marcio.engepro@hotmail.com"
  ["placa"]=>
  string(7) "PZE1385"
  ["unidade"]=>
  array(1) {
    [0]=>
    string(1) "3"
  }
}

[20/04/2023 01:09:18] Verificando a solicitação...
[20/04/2023 01:09:18] abgsoft-autopark-unimed.php
array(5) {
  ["nome"]=>
  string(26) "Luís André Silva Aguiar "
  ["cpf"]=>
  string(11) "87786150625"
  ["email"]=>
  string(27) "luisandreaguiar@hotmail.com"
  ["placa"]=>
  string(7) "Rnf7j27"
  ["unidade"]=>
  array(1) {
    [0]=>
    string(1) "4"
  }
}

[20/04/2023 02:22:37] Verificando a solicitação...
[20/04/2023 02:22:37] abgsoft-autopark-unimed.php
array(5) {
  ["nome"]=>
  string(24) "Gleison tadeu valadares "
  ["cpf"]=>
  string(14) "045.676.636-75"
  ["email"]=>
  string(28) "gleisonvaladares27@gmail.com"
  ["placa"]=>
  string(8) "Qnh-8e46"
  ["unidade"]=>
  array(1) {
    [0]=>
    string(1) "7"
  }
}

[20/04/2023 02:25:50] Verificando a solicitação...
[20/04/2023 02:25:50] abgsoft-autopark-unimed.php
array(5) {
  ["nome"]=>
  string(23) "DANIELLE TAURINHO COSTA"
  ["cpf"]=>
  string(14) "131.131.016-97"
  ["email"]=>
  string(25) "dany_taurinho@hotmail.com"
  ["placa"]=>
  string(7) "HMA5416"
  ["unidade"]=>
  array(1) {
    [0]=>
    string(1) "7"
  }
}

[20/04/2023 02:26:06] Verificando a solicitação...
[20/04/2023 02:26:06] abgsoft-autopark-unimed.php
array(5) {
  ["nome"]=>
  string(23) "DANIELLE TAURINHO COSTA"
  ["cpf"]=>
  string(14) "131.131.016-97"
  ["email"]=>
  string(25) "dany_taurinho@hotmail.com"
  ["placa"]=>
  string(7) "HMA5416"
  ["unidade"]=>
  array(1) {
    [0]=>
    string(1) "7"
  }
}

[20/04/2023 02:36:57] Verificando a solicitação...
[20/04/2023 02:36:57] abgsoft-autopark-unimed.php
array(5) {
  ["nome"]=>
  string(28) "Celso Ricardo Dias de Jesus "
  ["cpf"]=>
  string(14) "115.439.966-47"
  ["email"]=>
  string(30) "dias.celso.ricardo@outlook.com"
  ["placa"]=>
  string(7) "HBJ7050"
  ["unidade"]=>
  array(1) {
    [0]=>
    string(1) "2"
  }
}

[20/04/2023 02:39:43] Verificando a solicitação...
[20/04/2023 02:39:43] abgsoft-autopark-unimed.php
array(5) {
  ["nome"]=>
  string(35) "GABRIELA TAMIRES MEDEIROS RODRIGUES"
  ["cpf"]=>
  string(14) "107.200.186-17"
  ["email"]=>
  string(28) "gabrielatamires.gg@gmail.com"
  ["placa"]=>
  string(7) "Pya2H23"
  ["unidade"]=>
  array(1) {
    [0]=>
    string(1) "7"
  }
}

[20/04/2023 03:15:01] Verificando a solicitação...
[20/04/2023 03:15:01] abgsoft-autopark-unimed.php
array(5) {
  ["nome"]=>
  string(19) "JEANE CARLA CAMARGO"
  ["cpf"]=>
  string(11) "01064427677"
  ["email"]=>
  string(28) "jeanecarla.camargo@gmail.com"
  ["placa"]=>
  string(7) "Shk2j52"
  ["unidade"]=>
  array(1) {
    [0]=>
    string(1) "5"
  }
}

[20/04/2023 03:32:36] Verificando a solicitação...
[20/04/2023 03:32:36] abgsoft-autopark-unimed.php
array(5) {
  ["nome"]=>
  string(25) "Raphael de Castro Azevedo"
  ["cpf"]=>
  string(14) "096.369.316-66"
  ["email"]=>
  string(23) "raphaelca10@hotmail.com"
  ["placa"]=>
  string(7) "HNM9D89"
  ["unidade"]=>
  array(1) {
    [0]=>
    string(1) "2"
  }
}

[20/04/2023 03:59:51] Verificando a solicitação...
[20/04/2023 03:59:51] abgsoft-autopark-unimed.php
array(5) {
  ["nome"]=>
  string(26) "Ângelo da Silva ferreira "
  ["cpf"]=>
  string(11) "03898079660"
  ["email"]=>
  string(23) "ferreiragtr@hotmail.com"
  ["placa"]=>
  string(8) "Hib1d33 "
  ["unidade"]=>
  array(1) {
    [0]=>
    string(1) "6"
  }
}

[20/04/2023 04:24:24] Verificando a solicitação...
[20/04/2023 04:24:24] abgsoft-autopark-unimed.php
array(5) {
  ["nome"]=>
  string(29) "Tedson Eustáquio de Freitas."
  ["cpf"]=>
  string(11) "73541400668"
  ["email"]=>
  string(22) "tedsonfreias@gmail.com"
  ["placa"]=>
  string(7) "HBY5052"
  ["unidade"]=>
  array(1) {
    [0]=>
    string(1) "2"
  }
}

[20/04/2023 04:59:30] Verificando a solicitação...
[20/04/2023 04:59:30] abgsoft-autopark-unimed.php
array(5) {
  ["nome"]=>
  string(25) "Ingrid Oliveira de jesus "
  ["cpf"]=>
  string(14) "127.209.326-39"
  ["email"]=>
  string(29) "ingridbermanelli123@gmail.com"
  ["placa"]=>
  string(7) "Qop9757"
  ["unidade"]=>
  array(1) {
    [0]=>
    string(1) "7"
  }
}

[20/04/2023 05:30:58] Verificando a solicitação...
[20/04/2023 05:30:58] abgsoft-autopark-unimed.php
array(5) {
  ["nome"]=>
  string(29) "Magno Eustaquio de Figueiredo"
  ["cpf"]=>
  string(14) "095.204.256-83"
  ["email"]=>
  string(21) "magno.fig10@gmail.com"
  ["placa"]=>
  string(7) "puk7b62"
  ["unidade"]=>
  array(1) {
    [0]=>
    string(1) "7"
  }
}

[20/04/2023 05:31:24] Verificando a solicitação...
[20/04/2023 05:31:24] abgsoft-autopark-unimed.php
array(5) {
  ["nome"]=>
  string(29) "Magno Eustaquio de Figueiredo"
  ["cpf"]=>
  string(14) "095.204.256-83"
  ["email"]=>
  string(21) "magno.fig10@gmail.com"
  ["placa"]=>
  string(7) "puk7b62"
  ["unidade"]=>
  array(1) {
    [0]=>
    string(1) "7"
  }
}

[20/04/2023 05:52:29] Verificando a solicitação...
[20/04/2023 05:52:29] abgsoft-autopark-unimed.php
array(5) {
  ["nome"]=>
  string(35) "IZABEL CRISTINA DE OLIVEIRA BICALHO"
  ["cpf"]=>
  string(11) "04422595652"
  ["email"]=>
  string(40) "izabel.financeiro@ampladivisorias.com.br"
  ["placa"]=>
  string(7) "HJR8393"
  ["unidade"]=>
  array(1) {
    [0]=>
    string(1) "7"
  }
}

[20/04/2023 05:58:17] Verificando a solicitação...
[20/04/2023 05:58:17] abgsoft-autopark-unimed.php
array(5) {
  ["nome"]=>
  string(29) "Magno Eustaquio de Figueiredo"
  ["cpf"]=>
  string(11) "09520425683"
  ["email"]=>
  string(21) "magno.fig10@gmail.com"
  ["placa"]=>
  string(7) "puk7b62"
  ["unidade"]=>
  array(1) {
    [0]=>
    string(1) "7"
  }
}

[20/04/2023 09:26:23] Verificando a solicitação...
[20/04/2023 09:26:23] abgsoft-autopark-unimed.php
array(5) {
  ["nome"]=>
  string(23) "Rafael Oliveira de Lima"
  ["cpf"]=>
  string(11) "10501969616"
  ["email"]=>
  string(22) "olima.rafael@gmail.com"
  ["placa"]=>
  string(7) "QXL3C15"
  ["unidade"]=>
  array(1) {
    [0]=>
    string(1) "5"
  }
}

