[09/03/2023 12:20:07] Verificando a solicitação...
[09/03/2023 12:20:07] abgsoft-autopark-unimed.php
array(5) {
  ["nome"]=>
  string(30) "Adriano Dias da silva catizane"
  ["cpf"]=>
  string(14) "787.992.606-20"
  ["email"]=>
  string(25) "adrianocatizane@gmail.com"
  ["placa"]=>
  string(7) "HFG9593"
  ["unidade"]=>
  array(1) {
    [0]=>
    string(1) "5"
  }
}

[09/03/2023 01:45:08] Verificando a solicitação...
[09/03/2023 01:45:08] abgsoft-autopark-unimed.php
array(5) {
  ["nome"]=>
  string(32) "Paulo Henrique Pereira de Moura "
  ["cpf"]=>
  string(14) "055.057.656-88"
  ["email"]=>
  string(20) "ph.pmoura@bol.com.br"
  ["placa"]=>
  string(8) "FLO 8339"
  ["unidade"]=>
  array(1) {
    [0]=>
    string(1) "3"
  }
}

[09/03/2023 01:52:09] Verificando a solicitação...
[09/03/2023 01:52:09] abgsoft-autopark-unimed.php
array(5) {
  ["nome"]=>
  string(20) "ALAN ALONSO MARTINS "
  ["cpf"]=>
  string(11) "06566460632"
  ["email"]=>
  string(23) "alanrozzato@hotmail.com"
  ["placa"]=>
  string(8) "Pzt 0132"
  ["unidade"]=>
  array(1) {
    [0]=>
    string(1) "3"
  }
}

[09/03/2023 02:00:54] Verificando a solicitação...
[09/03/2023 02:00:54] abgsoft-autopark-unimed.php
array(5) {
  ["nome"]=>
  string(26) "Anali  Oliveira  da Silva "
  ["cpf"]=>
  string(14) "050.185.696-03"
  ["email"]=>
  string(19) "analynda1@gmail.com"
  ["placa"]=>
  string(7) "EGO8499"
  ["unidade"]=>
  array(1) {
    [0]=>
    string(1) "5"
  }
}

[09/03/2023 03:00:48] Verificando a solicitação...
[09/03/2023 03:00:48] abgsoft-autopark-unimed.php
array(5) {
  ["nome"]=>
  string(31) "Jessica Paula Arraes Rodrigues "
  ["cpf"]=>
  string(14) "099.525.806-65"
  ["email"]=>
  string(26) "jessicaarraes@yahoo.com.br"
  ["placa"]=>
  string(7) "OLS1484"
  ["unidade"]=>
  array(1) {
    [0]=>
    string(1) "5"
  }
}

[09/03/2023 07:45:09] Verificando a solicitação...
[09/03/2023 07:45:09] abgsoft-autopark-unimed.php
array(5) {
  ["nome"]=>
  string(25) "Carlos Alexandre Machado "
  ["cpf"]=>
  string(11) "03932191609"
  ["email"]=>
  string(24) "Carlos_machado@ymail.com"
  ["placa"]=>
  string(7) "PSI4I12"
  ["unidade"]=>
  array(1) {
    [0]=>
    string(1) "3"
  }
}

[09/03/2023 10:16:47] Verificando a solicitação...
[09/03/2023 10:16:47] abgsoft-autopark-unimed.php
array(5) {
  ["nome"]=>
  string(25) "Luciane Lopes de Oliveira"
  ["cpf"]=>
  string(14) "027.957.976-40"
  ["email"]=>
  string(25) "lucianelopes032@gmail.com"
  ["placa"]=>
  string(7) "PYX0067"
  ["unidade"]=>
  array(1) {
    [0]=>
    string(1) "7"
  }
}

[09/03/2023 10:20:47] Verificando a solicitação...
[09/03/2023 10:20:47] abgsoft-autopark-unimed.php
array(5) {
  ["nome"]=>
  string(21) "DANIELA JOSE LOURENCO"
  ["cpf"]=>
  string(14) "012.116.556-60"
  ["email"]=>
  string(22) "2013lourenco@gmail.com"
  ["placa"]=>
  string(7) "Pxp5795"
  ["unidade"]=>
  array(1) {
    [0]=>
    string(1) "7"
  }
}

[09/03/2023 10:33:13] Verificando a solicitação...
[09/03/2023 10:33:13] abgsoft-autopark-unimed.php
array(5) {
  ["nome"]=>
  string(24) "Brunna Rodrigues Vieira "
  ["cpf"]=>
  string(11) "01574521667"
  ["email"]=>
  string(30) "brunnarodrigues_16@hotmail.com"
  ["placa"]=>
  string(8) "ODO4A22 "
  ["unidade"]=>
  array(1) {
    [0]=>
    string(1) "5"
  }
}

[09/03/2023 10:56:24] Verificando a solicitação...
[09/03/2023 10:56:24] abgsoft-autopark-unimed.php
array(5) {
  ["nome"]=>
  string(24) "Renata Cristina de Assiz"
  ["cpf"]=>
  string(11) "93660766615"
  ["email"]=>
  string(19) "r_assiz@hotmail.com"
  ["placa"]=>
  string(7) "HKP9219"
  ["unidade"]=>
  array(1) {
    [0]=>
    string(1) "3"
  }
}

[09/03/2023 10:57:04] Verificando a solicitação...
[09/03/2023 10:57:04] abgsoft-autopark-unimed.php
array(5) {
  ["nome"]=>
  string(21) "Jose anesio da silva "
  ["cpf"]=>
  string(11) "59135409800"
  ["email"]=>
  string(27) "joseanesiodasilva@gmail.com"
  ["placa"]=>
  string(7) "Hmr5757"
  ["unidade"]=>
  array(1) {
    [0]=>
    string(1) "7"
  }
}

[09/03/2023 11:02:28] Verificando a solicitação...
[09/03/2023 11:02:28] abgsoft-autopark-unimed.php
array(5) {
  ["nome"]=>
  string(27) "Douglas Diego De Souza Rosa"
  ["cpf"]=>
  string(11) "10553448617"
  ["email"]=>
  string(27) "douglas.diego18@hotmail.com"
  ["placa"]=>
  string(7) "Hfs8558"
  ["unidade"]=>
  array(1) {
    [0]=>
    string(1) "7"
  }
}

[09/03/2023 11:03:34] Verificando a solicitação...
[09/03/2023 11:03:34] abgsoft-autopark-unimed.php
array(5) {
  ["nome"]=>
  string(27) "DOUGLAS DIEGO DE SOUZA ROSA"
  ["cpf"]=>
  string(14) "105.534.486-17"
  ["email"]=>
  string(27) "douglas.diego18@hotmail.com"
  ["placa"]=>
  string(7) "Hfs8558"
  ["unidade"]=>
  array(1) {
    [0]=>
    string(1) "7"
  }
}

[09/03/2023 11:04:40] Verificando a solicitação...
[09/03/2023 11:04:40] abgsoft-autopark-unimed.php
array(5) {
  ["nome"]=>
  string(14) "Vanessa Vieira"
  ["cpf"]=>
  string(14) "979.443.436-15"
  ["email"]=>
  string(19) "vanviiera@gmail.com"
  ["placa"]=>
  string(7) "PWI2103"
  ["unidade"]=>
  array(1) {
    [0]=>
    string(1) "5"
  }
}

[09/03/2023 11:42:56] Verificando a solicitação...
[09/03/2023 11:42:56] abgsoft-autopark-unimed.php
array(5) {
  ["nome"]=>
  string(22) "stella pereira pacheco"
  ["cpf"]=>
  string(11) "01645516628"
  ["email"]=>
  string(27) "stellapacheco2011@gmail.com"
  ["placa"]=>
  string(7) "OQN7H99"
  ["unidade"]=>
  array(1) {
    [0]=>
    string(1) "2"
  }
}

[09/03/2023 11:55:01] Verificando a solicitação...
[09/03/2023 11:55:01] abgsoft-autopark-unimed.php
array(5) {
  ["nome"]=>
  string(28) "Marciano Gonçalves Pereira "
  ["cpf"]=>
  string(11) "78127106615"
  ["email"]=>
  string(31) "marcianopereira111@yahoo.com.br"
  ["placa"]=>
  string(7) "Pyp7j76"
  ["unidade"]=>
  array(1) {
    [0]=>
    string(1) "5"
  }
}

[09/03/2023 12:01:40] Verificando a solicitação...
[09/03/2023 12:01:40] abgsoft-autopark-unimed.php
array(5) {
  ["nome"]=>
  string(21) "Antônia maria costa "
  ["cpf"]=>
  string(15) "013.270.706-34 "
  ["email"]=>
  string(23) "antoniomcosta@gmail.com"
  ["placa"]=>
  string(7) "OXD7363"
  ["unidade"]=>
  array(1) {
    [0]=>
    string(1) "2"
  }
}

[09/03/2023 12:02:36] Verificando a solicitação...
[09/03/2023 12:02:36] abgsoft-autopark-unimed.php
array(5) {
  ["nome"]=>
  string(19) "Viviane Mara rocha "
  ["cpf"]=>
  string(14) "014.993.996-50"
  ["email"]=>
  string(20) "vivi.maras@gmail.com"
  ["placa"]=>
  string(7) "PUI3B66"
  ["unidade"]=>
  array(1) {
    [0]=>
    string(1) "7"
  }
}

[09/03/2023 12:29:02] Verificando a solicitação...
[09/03/2023 12:29:02] abgsoft-autopark-unimed.php
array(5) {
  ["nome"]=>
  string(24) "Fabiomara braga menezes "
  ["cpf"]=>
  string(11) "05979073663"
  ["email"]=>
  string(25) "fabiomarafafa@hotmail.com"
  ["placa"]=>
  string(8) "Oow 2829"
  ["unidade"]=>
  array(1) {
    [0]=>
    string(1) "5"
  }
}

[09/03/2023 12:36:37] Verificando a solicitação...
[09/03/2023 12:36:37] abgsoft-autopark-unimed.php
array(5) {
  ["nome"]=>
  string(33) "Ana Paula Rodrigues da Cruz Silva"
  ["cpf"]=>
  string(20) "052 . 566 . 326 - 63"
  ["email"]=>
  string(21) "anaped01@yahoo.com.br"
  ["placa"]=>
  string(7) "SHD2I40"
  ["unidade"]=>
  array(1) {
    [0]=>
    string(1) "7"
  }
}

[09/03/2023 12:37:59] Verificando a solicitação...
[09/03/2023 12:37:59] abgsoft-autopark-unimed.php
array(5) {
  ["nome"]=>
  string(17) "Claudia Basílio "
  ["cpf"]=>
  string(11) "04563462608"
  ["email"]=>
  string(29) "claudia.lizelle2017@gmail.com"
  ["placa"]=>
  string(7) "RUH9D72"
  ["unidade"]=>
  array(1) {
    [0]=>
    string(1) "5"
  }
}

[09/03/2023 12:38:47] Verificando a solicitação...
[09/03/2023 12:38:47] abgsoft-autopark-unimed.php
array(5) {
  ["nome"]=>
  string(25) "ANDERSON ANTONIO DA SILVA"
  ["cpf"]=>
  string(14) "849.255.666-87"
  ["email"]=>
  string(26) "aantonio.silva75@gmail.com"
  ["placa"]=>
  string(7) "Qqc0790"
  ["unidade"]=>
  array(1) {
    [0]=>
    string(1) "5"
  }
}

[09/03/2023 12:44:13] Verificando a solicitação...
[09/03/2023 12:44:13] abgsoft-autopark-unimed.php
array(5) {
  ["nome"]=>
  string(23) "Denes Carlos de Almeida"
  ["cpf"]=>
  string(11) "03773985606"
  ["email"]=>
  string(23) "deneskeno2014@gmail.com"
  ["placa"]=>
  string(7) "HFF9B73"
  ["unidade"]=>
  array(1) {
    [0]=>
    string(1) "7"
  }
}

[09/03/2023 12:51:35] Verificando a solicitação...
[09/03/2023 12:51:35] abgsoft-autopark-unimed.php
array(5) {
  ["nome"]=>
  string(32) "Graciele Fernandes Simão cunha "
  ["cpf"]=>
  string(11) "05097471679"
  ["email"]=>
  string(23) "cielecunha@yahoo.com.br"
  ["placa"]=>
  string(7) "Gpu9328"
  ["unidade"]=>
  array(1) {
    [0]=>
    string(1) "3"
  }
}

[09/03/2023 01:10:38] Verificando a solicitação...
[09/03/2023 01:10:38] abgsoft-autopark-unimed.php
array(5) {
  ["nome"]=>
  string(23) "Leticia Guedes da silva"
  ["cpf"]=>
  string(11) "01346414696"
  ["email"]=>
  string(26) "leticiaguedes007@gmail.com"
  ["placa"]=>
  string(7) "HLA3401"
  ["unidade"]=>
  array(1) {
    [0]=>
    string(1) "7"
  }
}

[09/03/2023 01:26:49] Verificando a solicitação...
[09/03/2023 01:26:49] abgsoft-autopark-unimed.php
array(5) {
  ["nome"]=>
  string(16) "Rosa Maria Costa"
  ["cpf"]=>
  string(11) "61641707615"
  ["email"]=>
  string(35) "contabilidade@osoriodemoraes.com.br"
  ["placa"]=>
  string(16) "QQY1729, PYR6811"
  ["unidade"]=>
  array(1) {
    [0]=>
    string(1) "3"
  }
}

[09/03/2023 01:35:30] Verificando a solicitação...
[09/03/2023 01:35:30] abgsoft-autopark-unimed.php
array(5) {
  ["nome"]=>
  string(23) "Debora Danielle Pereira"
  ["cpf"]=>
  string(11) "01927547695"
  ["email"]=>
  string(27) "debora.danielle07@gmail.com"
  ["placa"]=>
  string(7) "PXM7794"
  ["unidade"]=>
  array(1) {
    [0]=>
    string(1) "5"
  }
}

[09/03/2023 01:50:10] Verificando a solicitação...
[09/03/2023 01:50:10] abgsoft-autopark-unimed.php
array(5) {
  ["nome"]=>
  string(19) "Haniel Alves Gomes "
  ["cpf"]=>
  string(11) "01652211608"
  ["email"]=>
  string(25) "haniel.gomes@yahoo.com.br"
  ["placa"]=>
  string(8) "ORk0A89 "
  ["unidade"]=>
  array(1) {
    [0]=>
    string(1) "5"
  }
}

[09/03/2023 02:13:21] Verificando a solicitação...
[09/03/2023 02:13:21] abgsoft-autopark-unimed.php
array(5) {
  ["nome"]=>
  string(11) "ELIAS FARIA"
  ["cpf"]=>
  string(14) "834.439.166-00"
  ["email"]=>
  string(25) "financeiro@casasol.com.br"
  ["placa"]=>
  string(7) "PUJ5001"
  ["unidade"]=>
  array(1) {
    [0]=>
    string(1) "5"
  }
}

[09/03/2023 02:26:11] Verificando a solicitação...
[09/03/2023 02:26:11] abgsoft-autopark-unimed.php
array(5) {
  ["nome"]=>
  string(24) "LUCIANO CENCI HILA BUSCH"
  ["cpf"]=>
  string(14) "034.427.596-50"
  ["email"]=>
  string(18) "lchbusch@gmail.com"
  ["placa"]=>
  string(7) "RMD3H14"
  ["unidade"]=>
  array(1) {
    [0]=>
    string(1) "1"
  }
}

[09/03/2023 02:27:13] Verificando a solicitação...
[09/03/2023 02:27:13] abgsoft-autopark-unimed.php
array(5) {
  ["nome"]=>
  string(24) "LUCIANO CENCI HILA BUSCH"
  ["cpf"]=>
  string(14) "034.427.596-50"
  ["email"]=>
  string(18) "lchbusch@gmail.com"
  ["placa"]=>
  string(7) "RMD3H14"
  ["unidade"]=>
  array(1) {
    [0]=>
    string(1) "1"
  }
}

[09/03/2023 02:27:15] Verificando a solicitação...
[09/03/2023 02:27:15] abgsoft-autopark-unimed.php
array(5) {
  ["nome"]=>
  string(24) "LUCIANO CENCI HILA BUSCH"
  ["cpf"]=>
  string(14) "034.427.596-50"
  ["email"]=>
  string(18) "lchbusch@gmail.com"
  ["placa"]=>
  string(7) "RMD3H14"
  ["unidade"]=>
  array(1) {
    [0]=>
    string(1) "1"
  }
}

[09/03/2023 02:30:56] Verificando a solicitação...
[09/03/2023 02:30:56] abgsoft-autopark-unimed.php
array(5) {
  ["nome"]=>
  string(20) "FLAVIO SANTOS MORAIS"
  ["cpf"]=>
  string(14) "835.812.006-00"
  ["email"]=>
  string(25) "flavaosantos@yahoo.com.br"
  ["placa"]=>
  string(7) "GYZ5162"
  ["unidade"]=>
  array(1) {
    [0]=>
    string(1) "3"
  }
}

[09/03/2023 02:56:44] Verificando a solicitação...
[09/03/2023 02:56:44] abgsoft-autopark-unimed.php
array(5) {
  ["nome"]=>
  string(31) "MAURA VASCONCELOS DO NASCIMENTO"
  ["cpf"]=>
  string(11) "01366713656"
  ["email"]=>
  string(29) "vasconcelosmaura@yahoo.com.br"
  ["placa"]=>
  string(8) "OPM 5806"
  ["unidade"]=>
  array(1) {
    [0]=>
    string(1) "7"
  }
}

[09/03/2023 03:00:25] Verificando a solicitação...
[09/03/2023 03:00:25] abgsoft-autopark-unimed.php
array(5) {
  ["nome"]=>
  string(24) "Poliane Márcia Carvalho"
  ["cpf"]=>
  string(14) "066.732.356-24"
  ["email"]=>
  string(22) "polyamor2728@gmail.com"
  ["placa"]=>
  string(7) "OXF6528"
  ["unidade"]=>
  array(1) {
    [0]=>
    string(1) "5"
  }
}

[09/03/2023 03:04:16] Verificando a solicitação...
[09/03/2023 03:04:16] abgsoft-autopark-unimed.php
array(5) {
  ["nome"]=>
  string(27) "ANGELO MAGNO DA SILVA LOPES"
  ["cpf"]=>
  string(11) "93592736604"
  ["email"]=>
  string(18) "angelomsl@live.com"
  ["placa"]=>
  string(7) "OLP1A20"
  ["unidade"]=>
  array(1) {
    [0]=>
    string(1) "5"
  }
}

[09/03/2023 03:07:54] Verificando a solicitação...
[09/03/2023 03:07:54] abgsoft-autopark-unimed.php
array(5) {
  ["nome"]=>
  string(23) "Pablo freitas de Paula "
  ["cpf"]=>
  string(15) "057.294.946-45 "
  ["email"]=>
  string(28) "pablofreitasdpaula@gmail.com"
  ["placa"]=>
  string(7) "Hhd0704"
  ["unidade"]=>
  array(1) {
    [0]=>
    string(1) "3"
  }
}

[09/03/2023 03:11:56] Verificando a solicitação...
[09/03/2023 03:11:56] abgsoft-autopark-unimed.php
array(5) {
  ["nome"]=>
  string(38) "Stefania Moscanthi Theodossakis Santos"
  ["cpf"]=>
  string(14) "099.186.146-92"
  ["email"]=>
  string(25) "theodossakis@yahoo.com.br"
  ["placa"]=>
  string(7) "HBL5998"
  ["unidade"]=>
  array(1) {
    [0]=>
    string(1) "7"
  }
}

[09/03/2023 03:50:51] Verificando a solicitação...
[09/03/2023 03:50:51] abgsoft-autopark-unimed.php
array(5) {
  ["nome"]=>
  string(24) "Fernanda de Castro Vale "
  ["cpf"]=>
  string(11) "12913004652"
  ["email"]=>
  string(24) "nanda.castrovl@gmail.com"
  ["placa"]=>
  string(7) "0DN1194"
  ["unidade"]=>
  array(1) {
    [0]=>
    string(1) "3"
  }
}

[09/03/2023 04:11:40] Verificando a solicitação...
[09/03/2023 04:11:40] abgsoft-autopark-unimed.php
array(5) {
  ["nome"]=>
  string(24) "Junia Aparecida dos teis"
  ["cpf"]=>
  string(11) "81353944620"
  ["email"]=>
  string(21) "juniateis@hotmail.com"
  ["placa"]=>
  string(7) "Pxn4230"
  ["unidade"]=>
  array(1) {
    [0]=>
    string(1) "2"
  }
}

[09/03/2023 05:45:14] Verificando a solicitação...
[09/03/2023 05:45:14] abgsoft-autopark-unimed.php
array(5) {
  ["nome"]=>
  string(19) "PAULO JOSÉ LUCIANO"
  ["cpf"]=>
  string(11) "58510150630"
  ["email"]=>
  string(26) "paulo.lucciano@hotmail.com"
  ["placa"]=>
  string(7) "HDV5647"
  ["unidade"]=>
  array(1) {
    [0]=>
    string(1) "5"
  }
}

[09/03/2023 05:45:44] Verificando a solicitação...
[09/03/2023 05:45:44] abgsoft-autopark-unimed.php
array(5) {
  ["nome"]=>
  string(20) "Wagner Jose Dornelas"
  ["cpf"]=>
  string(14) "196.190.576-00"
  ["email"]=>
  string(20) "wagnerjd23@gmail.com"
  ["placa"]=>
  string(7) "QPT9026"
  ["unidade"]=>
  array(1) {
    [0]=>
    string(1) "7"
  }
}

[09/03/2023 06:03:25] Verificando a solicitação...
[09/03/2023 06:05:37] Verificando a solicitação...
[09/03/2023 07:20:13] Verificando a solicitação...
[09/03/2023 07:20:13] abgsoft-autopark-unimed.php
array(5) {
  ["nome"]=>
  string(26) "Leonardo Guimarães Motta "
  ["cpf"]=>
  string(11) "52311660659"
  ["email"]=>
  string(26) "leomotta@gmcseguros.com.br"
  ["placa"]=>
  string(7) "She8F89"
  ["unidade"]=>
  array(1) {
    [0]=>
    string(1) "5"
  }
}

[09/03/2023 07:25:48] Verificando a solicitação...
[09/03/2023 07:45:02] Verificando a solicitação...
[09/03/2023 07:45:02] abgsoft-autopark-unimed.php
array(5) {
  ["nome"]=>
  string(24) "Aline Cristine Perdonsin"
  ["cpf"]=>
  string(11) "32365769799"
  ["email"]=>
  string(31) "aline.perdonsin@autopark.com.br"
  ["placa"]=>
  string(7) "arr2b54"
  ["unidade"]=>
  array(1) {
    [0]=>
    string(1) "6"
  }
}

[09/03/2023 08:42:28] Verificando a solicitação...
[09/03/2023 08:42:28] abgsoft-autopark-unimed.php
array(5) {
  ["nome"]=>
  string(5) "Diego"
  ["cpf"]=>
  string(11) "07350909632"
  ["email"]=>
  string(21) "diegofdutra@gmail.com"
  ["placa"]=>
  string(7) "Hfu3964"
  ["unidade"]=>
  array(1) {
    [0]=>
    string(1) "7"
  }
}

[09/03/2023 08:45:14] Verificando a solicitação...
[09/03/2023 09:21:17] Verificando a solicitação...
[09/03/2023 09:21:17] abgsoft-autopark-unimed.php
array(5) {
  ["nome"]=>
  string(37) "Maria Teresa Peter do Nascimento dias"
  ["cpf"]=>
  string(15) "768.078.006-49 "
  ["email"]=>
  string(22) "maitepeter@hotmail.com"
  ["placa"]=>
  string(7) "HMF4113"
  ["unidade"]=>
  array(1) {
    [0]=>
    string(1) "7"
  }
}

[09/03/2023 09:33:32] Verificando a solicitação...
[09/03/2023 09:33:32] abgsoft-autopark-unimed.php
array(5) {
  ["nome"]=>
  string(34) "VERUSCHKA CONCEIçÃO MOREIRA DIAS"
  ["cpf"]=>
  string(11) "01431022659"
  ["email"]=>
  string(22) "diastucka@yahoo.com.br"
  ["placa"]=>
  string(7) "hjr5277"
  ["unidade"]=>
  array(1) {
    [0]=>
    string(1) "4"
  }
}

[09/03/2023 09:35:18] Verificando a solicitação...
[09/03/2023 09:35:18] abgsoft-autopark-unimed.php
array(5) {
  ["nome"]=>
  string(34) "VERUSCHKA CONCEIçÃO MOREIRA DIAS"
  ["cpf"]=>
  string(11) "01431022659"
  ["email"]=>
  string(22) "diastucka@yahoo.com.br"
  ["placa"]=>
  string(7) "hjr5277"
  ["unidade"]=>
  array(1) {
    [0]=>
    string(1) "4"
  }
}

[09/03/2023 09:39:25] Verificando a solicitação...
[09/03/2023 09:39:25] abgsoft-autopark-unimed.php
array(5) {
  ["nome"]=>
  string(34) "VERUSCHKA CONCEIçÃO MOREIRA DIAS"
  ["cpf"]=>
  string(11) "01431022659"
  ["email"]=>
  string(22) "diastucka@yahoo.com.br"
  ["placa"]=>
  string(7) "hjr5277"
  ["unidade"]=>
  array(1) {
    [0]=>
    string(1) "7"
  }
}

[09/03/2023 09:39:43] Verificando a solicitação...
[09/03/2023 09:39:43] abgsoft-autopark-unimed.php
array(5) {
  ["nome"]=>
  string(34) "VERUSCHKA CONCEIçÃO MOREIRA DIAS"
  ["cpf"]=>
  string(11) "01431022659"
  ["email"]=>
  string(22) "diastucka@yahoo.com.br"
  ["placa"]=>
  string(7) "hjr5277"
  ["unidade"]=>
  array(1) {
    [0]=>
    string(1) "4"
  }
}

[09/03/2023 11:40:57] Verificando a solicitação...
[09/03/2023 11:40:57] abgsoft-autopark-unimed.php
array(5) {
  ["nome"]=>
  string(16) "Renata A O Silva"
  ["cpf"]=>
  string(14) "936.856.296-20"
  ["email"]=>
  string(22) "orenata75@yahoo.com.br"
  ["placa"]=>
  string(8) "HKW-6592"
  ["unidade"]=>
  array(1) {
    [0]=>
    string(1) "3"
  }
}

[09/03/2023 11:46:01] Verificando a solicitação...
[09/03/2023 11:46:01] abgsoft-autopark-unimed.php
array(5) {
  ["nome"]=>
  string(24) "Lucas Pereira de Amorim "
  ["cpf"]=>
  string(11) "11428978690"
  ["email"]=>
  string(21) "lucasbh.vip@gmail.com"
  ["placa"]=>
  string(7) "HAR8A92"
  ["unidade"]=>
  array(1) {
    [0]=>
    string(1) "7"
  }
}

[09/03/2023 11:51:49] Verificando a solicitação...
[09/03/2023 11:51:49] abgsoft-autopark-unimed.php
array(5) {
  ["nome"]=>
  string(25) "Ercilia Rodrigues Martins"
  ["cpf"]=>
  string(11) "27417077668"
  ["email"]=>
  string(22) "ercilia.rm@hotmail.com"
  ["placa"]=>
  string(7) "Hfb6188"
  ["unidade"]=>
  array(1) {
    [0]=>
    string(1) "2"
  }
}

[09/03/2023 11:56:59] Verificando a solicitação...
[09/03/2023 11:56:59] abgsoft-autopark-unimed.php
array(5) {
  ["nome"]=>
  string(19) "Leila da Silva Reis"
  ["cpf"]=>
  string(11) "10969030673"
  ["email"]=>
  string(28) "leiladasilvareis@outlook.com"
  ["placa"]=>
  string(7) "Gwm5450"
  ["unidade"]=>
  array(1) {
    [0]=>
    string(1) "7"
  }
}

