[16/04/2023 12:24:24] Verificando a solicitação...
[16/04/2023 12:24:24] abgsoft-autopark-unimed.php
array(5) {
  ["nome"]=>
  string(5) "Bruna"
  ["cpf"]=>
  string(11) "13577081651"
  ["email"]=>
  string(25) "bruna.vitelle@hotmail.com"
  ["placa"]=>
  string(7) "Oxb7a26"
  ["unidade"]=>
  array(1) {
    [0]=>
    string(1) "7"
  }
}

[16/04/2023 01:18:14] Verificando a solicitação...
[16/04/2023 01:18:14] abgsoft-autopark-unimed.php
array(5) {
  ["nome"]=>
  string(20) "Kleber Abreu Santos "
  ["cpf"]=>
  string(11) "48925853604"
  ["email"]=>
  string(20) "kleber.0@hotmail.com"
  ["placa"]=>
  string(7) "OPD9772"
  ["unidade"]=>
  array(1) {
    [0]=>
    string(1) "5"
  }
}

[16/04/2023 11:40:42] Verificando a solicitação...
[16/04/2023 11:40:42] abgsoft-autopark-unimed.php
array(5) {
  ["nome"]=>
  string(21) "Thaísa Eloy de Brito"
  ["cpf"]=>
  string(11) "07875323630"
  ["email"]=>
  string(24) "thaisa.brito@hotmail.com"
  ["placa"]=>
  string(7) "OXJ0A85"
  ["unidade"]=>
  array(1) {
    [0]=>
    string(1) "5"
  }
}

[16/04/2023 11:56:56] Verificando a solicitação...
[16/04/2023 11:56:56] abgsoft-autopark-unimed.php
array(5) {
  ["nome"]=>
  string(22) "Sérgio Rubens Vieira "
  ["cpf"]=>
  string(14) "325.961.896-15"
  ["email"]=>
  string(29) "sergio.rubensvieira@gmail.com"
  ["placa"]=>
  string(7) "QQK9373"
  ["unidade"]=>
  array(1) {
    [0]=>
    string(1) "7"
  }
}

[16/04/2023 11:59:31] Verificando a solicitação...
[16/04/2023 11:59:31] abgsoft-autopark-unimed.php
array(5) {
  ["nome"]=>
  string(26) "Leandra ferreira da Silva "
  ["cpf"]=>
  string(14) "051.062.626-23"
  ["email"]=>
  string(27) "leandra12072533@hotmail.com"
  ["placa"]=>
  string(7) "HLZ1206"
  ["unidade"]=>
  array(1) {
    [0]=>
    string(1) "1"
  }
}

[16/04/2023 12:18:57] Verificando a solicitação...
[16/04/2023 12:18:57] abgsoft-autopark-unimed.php
array(5) {
  ["nome"]=>
  string(27) "MOACIR LEVY SENA DE MENEZES"
  ["cpf"]=>
  string(14) "065.536.156-16"
  ["email"]=>
  string(22) "MOACIRLEVY@HOTMAIL.COM"
  ["placa"]=>
  string(7) "SEB9B80"
  ["unidade"]=>
  array(1) {
    [0]=>
    string(1) "7"
  }
}

[16/04/2023 12:52:42] Verificando a solicitação...
[16/04/2023 12:52:42] abgsoft-autopark-unimed.php
array(5) {
  ["nome"]=>
  string(27) "Patricia caldeira pimentel "
  ["cpf"]=>
  string(11) "03851132696"
  ["email"]=>
  string(29) "caldeirapatricia@yahoo.com.br"
  ["placa"]=>
  string(8) "Rme 7f24"
  ["unidade"]=>
  array(1) {
    [0]=>
    string(1) "7"
  }
}

[16/04/2023 12:57:34] Verificando a solicitação...
[16/04/2023 12:57:34] abgsoft-autopark-unimed.php
array(5) {
  ["nome"]=>
  string(25) "Alessandra Aparecida lara"
  ["cpf"]=>
  string(14) "031.108.026-00"
  ["email"]=>
  string(24) "aleguadanini@hotmail.com"
  ["placa"]=>
  string(7) "Ozc5g99"
  ["unidade"]=>
  array(1) {
    [0]=>
    string(1) "5"
  }
}

[16/04/2023 01:12:39] Verificando a solicitação...
[16/04/2023 01:12:39] abgsoft-autopark-unimed.php
array(5) {
  ["nome"]=>
  string(23) "HELTON Teodoro DA ROCHA"
  ["cpf"]=>
  string(14) "651.318.006-68"
  ["email"]=>
  string(24) "helton.t.rocha@gmail.com"
  ["placa"]=>
  string(8) "RUC8C27 "
  ["unidade"]=>
  array(1) {
    [0]=>
    string(1) "7"
  }
}

[16/04/2023 02:28:50] Verificando a solicitação...
[16/04/2023 02:28:50] abgsoft-autopark-unimed.php
array(5) {
  ["nome"]=>
  string(28) "Jose Amado da Fonseca Junior"
  ["cpf"]=>
  string(11) "06397216640"
  ["email"]=>
  string(27) "jose.junior@tecnokor.com.br"
  ["placa"]=>
  string(7) "PUH4528"
  ["unidade"]=>
  array(1) {
    [0]=>
    string(1) "7"
  }
}

[16/04/2023 02:40:54] Verificando a solicitação...
[16/04/2023 02:40:54] abgsoft-autopark-unimed.php
array(5) {
  ["nome"]=>
  string(19) "Cleidilene Martins "
  ["cpf"]=>
  string(11) "03569311619"
  ["email"]=>
  string(19) "cwaldethe@gmail.com"
  ["placa"]=>
  string(7) "PWP4127"
  ["unidade"]=>
  array(1) {
    [0]=>
    string(1) "3"
  }
}

[16/04/2023 03:12:07] Verificando a solicitação...
[16/04/2023 03:12:07] abgsoft-autopark-unimed.php
array(5) {
  ["nome"]=>
  string(32) "Odalvo Aparecido Silva Munduruca"
  ["cpf"]=>
  string(11) "10420017828"
  ["email"]=>
  string(25) "odalvomunduruca@gmail.com"
  ["placa"]=>
  string(7) "RGD3G17"
  ["unidade"]=>
  array(1) {
    [0]=>
    string(1) "4"
  }
}

[16/04/2023 03:53:45] Verificando a solicitação...
[16/04/2023 03:53:45] abgsoft-autopark-unimed.php
array(5) {
  ["nome"]=>
  string(21) "Luiz Augusto de Souza"
  ["cpf"]=>
  string(11) "10387269649"
  ["email"]=>
  string(23) "laugusto05@yahoo.com.br"
  ["placa"]=>
  string(8) "HCV 2234"
  ["unidade"]=>
  array(1) {
    [0]=>
    string(1) "7"
  }
}

[16/04/2023 05:13:04] Verificando a solicitação...
[16/04/2023 05:13:04] abgsoft-autopark-unimed.php
array(5) {
  ["nome"]=>
  string(27) "Glalcon Rafael Santos Silva"
  ["cpf"]=>
  string(14) "081.725.076-07"
  ["email"]=>
  string(20) "glalconr@hotmail.com"
  ["placa"]=>
  string(7) "OPW9610"
  ["unidade"]=>
  array(1) {
    [0]=>
    string(1) "3"
  }
}

[16/04/2023 05:32:28] Verificando a solicitação...
[16/04/2023 05:32:28] abgsoft-autopark-unimed.php
array(5) {
  ["nome"]=>
  string(19) "Camila Vieira diniz"
  ["cpf"]=>
  string(14) "017.832.826-06"
  ["email"]=>
  string(31) "camilavieiradiniz2016@gmail.com"
  ["placa"]=>
  string(7) "OOW5222"
  ["unidade"]=>
  array(1) {
    [0]=>
    string(1) "7"
  }
}

[16/04/2023 06:33:02] Verificando a solicitação...
[16/04/2023 06:33:02] abgsoft-autopark-unimed.php
array(5) {
  ["nome"]=>
  string(27) "Glalcon Rafael Santos Silva"
  ["cpf"]=>
  string(14) "081.725.076-07"
  ["email"]=>
  string(20) "glalconr@hotmail.com"
  ["placa"]=>
  string(7) "OPW9610"
  ["unidade"]=>
  array(1) {
    [0]=>
    string(1) "1"
  }
}

[16/04/2023 06:45:46] Verificando a solicitação...
[16/04/2023 06:45:46] abgsoft-autopark-unimed.php
array(5) {
  ["nome"]=>
  string(21) "Claudiney silva matos"
  ["cpf"]=>
  string(14) "094.442.316-74"
  ["email"]=>
  string(31) "claudineysillvamattos@gmail.com"
  ["placa"]=>
  string(7) "HJb0G59"
  ["unidade"]=>
  array(1) {
    [0]=>
    string(1) "1"
  }
}

[16/04/2023 06:49:11] Verificando a solicitação...
[16/04/2023 06:49:11] abgsoft-autopark-unimed.php
array(5) {
  ["nome"]=>
  string(29) "Anna Flávia Botelho Siqueira"
  ["cpf"]=>
  string(14) "014.519.146-01"
  ["email"]=>
  string(20) "annaflor@outlook.com"
  ["placa"]=>
  string(7) "HLN6097"
  ["unidade"]=>
  array(1) {
    [0]=>
    string(1) "4"
  }
}

[16/04/2023 06:49:31] Verificando a solicitação...
[16/04/2023 06:49:31] abgsoft-autopark-unimed.php
array(5) {
  ["nome"]=>
  string(22) "Thiago Estevam Tavares"
  ["cpf"]=>
  string(11) "00518480313"
  ["email"]=>
  string(25) "thiago.estevam1@gmail.com"
  ["placa"]=>
  string(7) "HEB9454"
  ["unidade"]=>
  array(1) {
    [0]=>
    string(1) "3"
  }
}

[16/04/2023 06:50:04] Verificando a solicitação...
[16/04/2023 06:50:04] abgsoft-autopark-unimed.php
array(5) {
  ["nome"]=>
  string(25) "Walter cordeiro Oliveira "
  ["cpf"]=>
  string(14) "012.378.186-80"
  ["email"]=>
  string(23) "wcodireito@yahoo.com.br"
  ["placa"]=>
  string(8) "NHE 5739"
  ["unidade"]=>
  array(1) {
    [0]=>
    string(1) "5"
  }
}

[16/04/2023 07:15:29] Verificando a solicitação...
[16/04/2023 08:08:42] Verificando a solicitação...
[16/04/2023 08:08:42] abgsoft-autopark-unimed.php
array(5) {
  ["nome"]=>
  string(36) "Wiliane Rodrigues dos Santos Moreira"
  ["cpf"]=>
  string(14) "104.466.086-45"
  ["email"]=>
  string(22) "wiliane.jr@hotmail.com"
  ["placa"]=>
  string(8) "PYG 1104"
  ["unidade"]=>
  array(1) {
    [0]=>
    string(1) "7"
  }
}

[16/04/2023 08:33:59] Verificando a solicitação...
[16/04/2023 08:33:59] abgsoft-autopark-unimed.php
array(5) {
  ["nome"]=>
  string(9) "Margareth"
  ["cpf"]=>
  string(11) "98815822615"
  ["email"]=>
  string(22) "amagaandrade@gmail.com"
  ["placa"]=>
  string(7) "QMQ3507"
  ["unidade"]=>
  array(1) {
    [0]=>
    string(1) "7"
  }
}

[16/04/2023 08:53:07] Verificando a solicitação...
[16/04/2023 08:53:07] abgsoft-autopark-unimed.php
array(5) {
  ["nome"]=>
  string(21) "Anderson C. E. Vieira"
  ["cpf"]=>
  string(11) "88289486634"
  ["email"]=>
  string(19) "acevieira@yahoo.com"
  ["placa"]=>
  string(7) "OWU1365"
  ["unidade"]=>
  array(1) {
    [0]=>
    string(1) "5"
  }
}

[16/04/2023 09:34:56] Verificando a solicitação...
[16/04/2023 09:34:56] abgsoft-autopark-unimed.php
array(5) {
  ["nome"]=>
  string(35) "Pedro Eustáquio de Andrade Torres "
  ["cpf"]=>
  string(11) "09271451627"
  ["email"]=>
  string(22) "pedroeust@yahoo.com.br"
  ["placa"]=>
  string(7) "QQO1J01"
  ["unidade"]=>
  array(1) {
    [0]=>
    string(1) "7"
  }
}

[16/04/2023 10:05:41] Verificando a solicitação...
[16/04/2023 10:05:41] abgsoft-autopark-unimed.php
array(5) {
  ["nome"]=>
  string(24) "MARCILENE SIMOES E SILVA"
  ["cpf"]=>
  string(11) "01331749646"
  ["email"]=>
  string(20) "m.13demaio@gmail.com"
  ["placa"]=>
  string(7) "RGA9H94"
  ["unidade"]=>
  array(1) {
    [0]=>
    string(1) "4"
  }
}

[16/04/2023 10:38:04] Verificando a solicitação...
[16/04/2023 10:38:04] abgsoft-autopark-unimed.php
array(5) {
  ["nome"]=>
  string(27) "David Filipe Rocha Pereira "
  ["cpf"]=>
  string(11) "08571839662"
  ["email"]=>
  string(23) "davidfiliperp@gmail.com"
  ["placa"]=>
  string(8) "Kfv5006 "
  ["unidade"]=>
  array(1) {
    [0]=>
    string(1) "5"
  }
}

[16/04/2023 11:36:36] Verificando a solicitação...
[16/04/2023 11:36:36] abgsoft-autopark-unimed.php
array(5) {
  ["nome"]=>
  string(25) "Angelo da Silva Ferreira "
  ["cpf"]=>
  string(11) "03898079660"
  ["email"]=>
  string(23) "ferreiragtr@hotmail.com"
  ["placa"]=>
  string(8) "Hib1d33 "
  ["unidade"]=>
  array(1) {
    [0]=>
    string(1) "7"
  }
}

