[23/08/2023 02:48:23] Verificando a solicitação...
[23/08/2023 02:48:23] abgsoft-autopark-unimed.php
array(5) {
  ["nome"]=>
  string(20) "Maria do Carmo Reis "
  ["cpf"]=>
  string(11) "19933061615"
  ["email"]=>
  string(29) "maria.reis2011@hotmail.com.br"
  ["placa"]=>
  string(7) "GPC9895"
  ["unidade"]=>
  array(1) {
    [0]=>
    string(1) "2"
  }
}

[23/08/2023 02:51:56] Verificando a solicitação...
[23/08/2023 02:51:56] abgsoft-autopark-unimed.php
array(5) {
  ["nome"]=>
  string(20) "maria do carmo reis "
  ["cpf"]=>
  string(11) "19933061615"
  ["email"]=>
  string(29) "maria.reis2011@hotmail.com.br"
  ["placa"]=>
  string(7) "GPC9895"
  ["unidade"]=>
  array(1) {
    [0]=>
    string(1) "2"
  }
}

[23/08/2023 10:06:17] Verificando a solicitação...
[23/08/2023 10:06:17] abgsoft-autopark-unimed.php
array(5) {
  ["nome"]=>
  string(22) "THIAGO REIS DE ALMEIDA"
  ["cpf"]=>
  string(14) "065.478.106-07"
  ["email"]=>
  string(28) "tiago.reis.almeida@gmail.com"
  ["placa"]=>
  string(7) "QPE1144"
  ["unidade"]=>
  array(1) {
    [0]=>
    string(1) "5"
  }
}

[23/08/2023 10:26:45] Verificando a solicitação...
[23/08/2023 10:26:45] abgsoft-autopark-unimed.php
array(5) {
  ["nome"]=>
  string(24) "Adriano Medeiros Martins"
  ["cpf"]=>
  string(11) "01255567643"
  ["email"]=>
  string(32) "adriano.martins@rhimagnesita.com"
  ["placa"]=>
  string(7) "HKP8H47"
  ["unidade"]=>
  array(1) {
    [0]=>
    string(1) "3"
  }
}

[23/08/2023 10:50:36] Verificando a solicitação...
[23/08/2023 10:50:36] abgsoft-autopark-unimed.php
array(5) {
  ["nome"]=>
  string(32) "Ana Caroline Borges Xavier Maia "
  ["cpf"]=>
  string(12) "00567961290 "
  ["email"]=>
  string(25) "carolborgesmaia@gmail.com"
  ["placa"]=>
  string(8) "HDQ9157 "
  ["unidade"]=>
  array(1) {
    [0]=>
    string(1) "5"
  }
}

[23/08/2023 10:59:40] Verificando a solicitação...
[23/08/2023 10:59:40] abgsoft-autopark-unimed.php
array(5) {
  ["nome"]=>
  string(9) "Antônio "
  ["cpf"]=>
  string(11) "19626959649"
  ["email"]=>
  string(24) "toninhomancini@gmail.com"
  ["placa"]=>
  string(7) "HCC6813"
  ["unidade"]=>
  array(1) {
    [0]=>
    string(1) "5"
  }
}

[23/08/2023 11:09:16] Verificando a solicitação...
[23/08/2023 11:09:16] abgsoft-autopark-unimed.php
array(5) {
  ["nome"]=>
  string(32) "getulio pacifico ribeiro junior "
  ["cpf"]=>
  string(11) "09173156698"
  ["email"]=>
  string(33) "vitoriarodriguesdepaula@gmail.com"
  ["placa"]=>
  string(7) "pzh5356"
  ["unidade"]=>
  array(1) {
    [0]=>
    string(1) "7"
  }
}

[23/08/2023 11:09:34] Verificando a solicitação...
[23/08/2023 11:09:34] abgsoft-autopark-unimed.php
array(5) {
  ["nome"]=>
  string(32) "getulio pacifico ribeiro junior "
  ["cpf"]=>
  string(11) "09173156698"
  ["email"]=>
  string(33) "vitoriarodriguesdepaula@gmail.com"
  ["placa"]=>
  string(7) "pzh5356"
  ["unidade"]=>
  array(1) {
    [0]=>
    string(1) "7"
  }
}

[23/08/2023 11:21:32] Verificando a solicitação...
[23/08/2023 11:21:32] abgsoft-autopark-unimed.php
array(5) {
  ["nome"]=>
  string(26) "NORMA PATRICIO DE OLIVEIRA"
  ["cpf"]=>
  string(14) "426.425.586-49"
  ["email"]=>
  string(25) "normapatricio@hotmail.com"
  ["placa"]=>
  string(7) "pwh4106"
  ["unidade"]=>
  array(1) {
    [0]=>
    string(1) "3"
  }
}

[23/08/2023 11:44:10] Verificando a solicitação...
[23/08/2023 11:44:46] Verificando a solicitação...
[23/08/2023 11:44:46] abgsoft-autopark-unimed.php
array(5) {
  ["nome"]=>
  string(24) "Anali OLIVEIRA DA SILVA "
  ["cpf"]=>
  string(14) "050.185.696-03"
  ["email"]=>
  string(19) "analynda1@gmail.com"
  ["placa"]=>
  string(7) "EGO8499"
  ["unidade"]=>
  array(1) {
    [0]=>
    string(1) "5"
  }
}

[23/08/2023 12:03:49] Verificando a solicitação...
[23/08/2023 12:03:49] abgsoft-autopark-unimed.php
array(5) {
  ["nome"]=>
  string(31) "Beatriz Engler Barbosa Cândido"
  ["cpf"]=>
  string(11) "11764601638"
  ["email"]=>
  string(25) "beatriz.englerb@gmail.com"
  ["placa"]=>
  string(7) "Qua7725"
  ["unidade"]=>
  array(1) {
    [0]=>
    string(1) "5"
  }
}

[23/08/2023 12:42:05] Verificando a solicitação...
[23/08/2023 12:42:05] abgsoft-autopark-unimed.php
array(5) {
  ["nome"]=>
  string(32) "ANTONIO FERNANDO DA CUNHA COELHO"
  ["cpf"]=>
  string(11) "22998144691"
  ["email"]=>
  string(26) "fernandocoelhofc@gmail.com"
  ["placa"]=>
  string(8) "QQA-7284"
  ["unidade"]=>
  array(1) {
    [0]=>
    string(1) "5"
  }
}

[23/08/2023 12:46:21] Verificando a solicitação...
[23/08/2023 12:46:21] abgsoft-autopark-unimed.php
array(5) {
  ["nome"]=>
  string(27) "Glalcon Rafael Santos Silva"
  ["cpf"]=>
  string(14) "081.725.076-07"
  ["email"]=>
  string(20) "glalconr@hotmail.com"
  ["placa"]=>
  string(7) "OPW9610"
  ["unidade"]=>
  array(1) {
    [0]=>
    string(1) "5"
  }
}

[23/08/2023 01:20:58] Verificando a solicitação...
[23/08/2023 01:20:58] abgsoft-autopark-unimed.php
array(5) {
  ["nome"]=>
  string(24) "Geraldo Magela do Couto "
  ["cpf"]=>
  string(15) "371.756.966-04 "
  ["email"]=>
  string(17) "gelitoc@gmail.com"
  ["placa"]=>
  string(7) "0WJ3806"
  ["unidade"]=>
  array(1) {
    [0]=>
    string(1) "5"
  }
}

[23/08/2023 01:51:01] Verificando a solicitação...
[23/08/2023 01:51:01] abgsoft-autopark-unimed.php
array(5) {
  ["nome"]=>
  string(31) "Jéssica Paula Arraes Rodrigues"
  ["cpf"]=>
  string(11) "09952580665"
  ["email"]=>
  string(26) "jessicaarraes@yahoo.com.br"
  ["placa"]=>
  string(7) "PZV6903"
  ["unidade"]=>
  array(1) {
    [0]=>
    string(1) "7"
  }
}

[23/08/2023 01:52:22] Verificando a solicitação...
[23/08/2023 01:52:22] abgsoft-autopark-unimed.php
array(5) {
  ["nome"]=>
  string(31) "Jéssica Paula Arraes Rodrigues"
  ["cpf"]=>
  string(11) "09952580665"
  ["email"]=>
  string(26) "jessicaarraes@yahoo.com.br"
  ["placa"]=>
  string(7) "PZV6903"
  ["unidade"]=>
  array(1) {
    [0]=>
    string(1) "7"
  }
}

[23/08/2023 01:54:15] Verificando a solicitação...
[23/08/2023 01:54:15] abgsoft-autopark-unimed.php
array(5) {
  ["nome"]=>
  string(31) "Jéssica Paula Arraes Rodrigues"
  ["cpf"]=>
  string(11) "09952580665"
  ["email"]=>
  string(26) "jessicaarraes@yahoo.com.br"
  ["placa"]=>
  string(7) "PZV6903"
  ["unidade"]=>
  array(1) {
    [0]=>
    string(1) "7"
  }
}

[23/08/2023 02:03:49] Verificando a solicitação...
[23/08/2023 02:17:17] Verificando a solicitação...
[23/08/2023 02:17:17] abgsoft-autopark-unimed.php
array(5) {
  ["nome"]=>
  string(24) "JOAO ANTONIO BORGES CAYO"
  ["cpf"]=>
  string(14) "565.842.706-10"
  ["email"]=>
  string(21) "joaocayo@terra.com.br"
  ["placa"]=>
  string(7) "SIK4B29"
  ["unidade"]=>
  array(1) {
    [0]=>
    string(1) "2"
  }
}

[23/08/2023 02:40:19] Verificando a solicitação...
[23/08/2023 02:40:19] abgsoft-autopark-unimed.php
array(5) {
  ["nome"]=>
  string(13) "José Geraldo"
  ["cpf"]=>
  string(11) "03579324632"
  ["email"]=>
  string(22) "jvirtual.net@gmail.com"
  ["placa"]=>
  string(7) "Qop7513"
  ["unidade"]=>
  array(1) {
    [0]=>
    string(1) "2"
  }
}

[23/08/2023 03:11:39] Verificando a solicitação...
[23/08/2023 03:11:39] abgsoft-autopark-unimed.php
array(5) {
  ["nome"]=>
  string(31) "Cyntia mara de castro oliveira "
  ["cpf"]=>
  string(11) "09386524600"
  ["email"]=>
  string(24) "cyntiamara53@hotmail.com"
  ["placa"]=>
  string(7) "RNI7D02"
  ["unidade"]=>
  array(1) {
    [0]=>
    string(1) "7"
  }
}

[23/08/2023 03:18:59] Verificando a solicitação...
[23/08/2023 03:18:59] abgsoft-autopark-unimed.php
array(5) {
  ["nome"]=>
  string(18) "Carla Gomes Fiusa "
  ["cpf"]=>
  string(11) "01218427620"
  ["email"]=>
  string(23) "carlaeduda@yahoo.com.br"
  ["placa"]=>
  string(7) "Pdb8b10"
  ["unidade"]=>
  array(1) {
    [0]=>
    string(1) "5"
  }
}

[23/08/2023 03:25:54] Verificando a solicitação...
[23/08/2023 03:25:54] abgsoft-autopark-unimed.php
array(5) {
  ["nome"]=>
  string(26) "Luciana De Carvalho Aguiar"
  ["cpf"]=>
  string(14) "040.271.976-07"
  ["email"]=>
  string(29) "lucianaaguiar2409@hotmail.com"
  ["placa"]=>
  string(7) "HJU9702"
  ["unidade"]=>
  array(1) {
    [0]=>
    string(1) "5"
  }
}

[23/08/2023 04:43:44] Verificando a solicitação...
[23/08/2023 04:43:44] abgsoft-autopark-unimed.php
array(5) {
  ["nome"]=>
  string(22) "Alzenira Pires Gouveia"
  ["cpf"]=>
  string(14) "763.829.746-68"
  ["email"]=>
  string(26) "alzenira.gouveia@gmail.com"
  ["placa"]=>
  string(7) "RCB1C70"
  ["unidade"]=>
  array(1) {
    [0]=>
    string(1) "5"
  }
}

[23/08/2023 05:14:47] Verificando a solicitação...
[23/08/2023 05:56:14] Verificando a solicitação...
[23/08/2023 05:56:14] abgsoft-autopark-unimed.php
array(5) {
  ["nome"]=>
  string(26) "MICHELLE FERREIRA DE SOUZA"
  ["cpf"]=>
  string(14) "073.503.376-55"
  ["email"]=>
  string(26) "michellefs777@yahoo.com.br"
  ["placa"]=>
  string(7) "PZY4933"
  ["unidade"]=>
  array(1) {
    [0]=>
    string(1) "7"
  }
}

[23/08/2023 05:57:36] Verificando a solicitação...
[23/08/2023 05:57:36] abgsoft-autopark-unimed.php
array(5) {
  ["nome"]=>
  string(21) "Junio Francisco alves"
  ["cpf"]=>
  string(14) "116.098.596-00"
  ["email"]=>
  string(21) "junio-bad@hotmail.com"
  ["placa"]=>
  string(7) "Hcu0629"
  ["unidade"]=>
  array(1) {
    [0]=>
    string(1) "7"
  }
}

[23/08/2023 06:38:06] Verificando a solicitação...
[23/08/2023 06:38:06] abgsoft-autopark-unimed.php
array(5) {
  ["nome"]=>
  string(23) "Mariana Augusta Campos "
  ["cpf"]=>
  string(11) "08570089600"
  ["email"]=>
  string(24) "augusta.mari24@gmail.com"
  ["placa"]=>
  string(7) "PWB5I45"
  ["unidade"]=>
  array(1) {
    [0]=>
    string(1) "5"
  }
}

[23/08/2023 07:13:39] Verificando a solicitação...
[23/08/2023 07:13:39] abgsoft-autopark-unimed.php
array(5) {
  ["nome"]=>
  string(13) "Thais Jardim "
  ["cpf"]=>
  string(14) "116.704.156-94"
  ["email"]=>
  string(23) "thaisjardim06@yahoo.com"
  ["placa"]=>
  string(7) "HLP7738"
  ["unidade"]=>
  array(1) {
    [0]=>
    string(1) "5"
  }
}

[23/08/2023 07:37:20] Verificando a solicitação...
[23/08/2023 07:37:20] abgsoft-autopark-unimed.php
array(5) {
  ["nome"]=>
  string(32) "Adriana Gomes Rodrigues Siqueira"
  ["cpf"]=>
  string(11) "04963863600"
  ["email"]=>
  string(20) "drisemog@hotmail.com"
  ["placa"]=>
  string(7) "QXF4E53"
  ["unidade"]=>
  array(1) {
    [0]=>
    string(1) "4"
  }
}

[23/08/2023 08:37:24] Verificando a solicitação...
[23/08/2023 08:37:24] abgsoft-autopark-unimed.php
array(5) {
  ["nome"]=>
  string(23) "LAURITA VICENTE PEREIRA"
  ["cpf"]=>
  string(14) "507.349.706-68"
  ["email"]=>
  string(25) "laurita.vicente@gmail.com"
  ["placa"]=>
  string(7) "OWM0439"
  ["unidade"]=>
  array(1) {
    [0]=>
    string(1) "7"
  }
}

[23/08/2023 09:01:48] Verificando a solicitação...
[23/08/2023 09:01:48] abgsoft-autopark-unimed.php
array(5) {
  ["nome"]=>
  string(37) "Walquiria Parreiras Kascher da Silva "
  ["cpf"]=>
  string(11) "01192321626"
  ["email"]=>
  string(20) "walkascher@gmail.com"
  ["placa"]=>
  string(7) "GWC0868"
  ["unidade"]=>
  array(1) {
    [0]=>
    string(1) "7"
  }
}

[23/08/2023 11:57:18] Verificando a solicitação...
[23/08/2023 11:57:18] abgsoft-autopark-unimed.php
array(5) {
  ["nome"]=>
  string(36) "Weverton Henrique Oliveira da Silva "
  ["cpf"]=>
  string(11) "14339920789"
  ["email"]=>
  string(26) "joaobatista631@outlook.com"
  ["placa"]=>
  string(7) "PZF8981"
  ["unidade"]=>
  array(1) {
    [0]=>
    string(1) "7"
  }
}

