[09/10/2023 12:25:32] Verificando a solicitação...
[09/10/2023 12:25:32] abgsoft-autopark-unimed.php
array(5) {
  ["nome"]=>
  string(26) "Deisilane Neris dos santos"
  ["cpf"]=>
  string(11) "08715370607"
  ["email"]=>
  string(24) "deisilaneneris@gmail.com"
  ["placa"]=>
  string(7) "QMR2F17"
  ["unidade"]=>
  array(1) {
    [0]=>
    string(1) "7"
  }
}

[09/10/2023 08:47:45] Verificando a solicitação...
[09/10/2023 08:47:45] abgsoft-autopark-unimed.php
array(5) {
  ["nome"]=>
  string(14) "Glaucia Sandes"
  ["cpf"]=>
  string(11) "07439011694"
  ["email"]=>
  string(26) "glaucia-sandes@hotmail.com"
  ["placa"]=>
  string(8) "Pva1E09 "
  ["unidade"]=>
  array(1) {
    [0]=>
    string(1) "7"
  }
}

[09/10/2023 10:25:27] Verificando a solicitação...
[09/10/2023 10:25:27] abgsoft-autopark-unimed.php
array(5) {
  ["nome"]=>
  string(23) "Amanda Lorena silveira "
  ["cpf"]=>
  string(11) "12081244632"
  ["email"]=>
  string(21) "amandalorena@live.com"
  ["placa"]=>
  string(8) "ORD9J98 "
  ["unidade"]=>
  array(1) {
    [0]=>
    string(1) "7"
  }
}

[09/10/2023 10:33:44] Verificando a solicitação...
[09/10/2023 10:33:44] abgsoft-autopark-unimed.php
array(5) {
  ["nome"]=>
  string(27) "Amanda de Rezende trindade "
  ["cpf"]=>
  string(11) "01363073613"
  ["email"]=>
  string(28) "amanda.laranjalima@gmail.com"
  ["placa"]=>
  string(7) "PUU3110"
  ["unidade"]=>
  array(1) {
    [0]=>
    string(1) "5"
  }
}

[09/10/2023 11:03:40] Verificando a solicitação...
[09/10/2023 11:03:40] abgsoft-autopark-unimed.php
array(5) {
  ["nome"]=>
  string(19) "Luiz Paulo Saraiva "
  ["cpf"]=>
  string(11) "01314611682"
  ["email"]=>
  string(24) "contato.luizps@gmail.com"
  ["placa"]=>
  string(7) "Oly4826"
  ["unidade"]=>
  array(1) {
    [0]=>
    string(1) "4"
  }
}

[09/10/2023 11:04:10] Verificando a solicitação...
[09/10/2023 11:04:10] abgsoft-autopark-unimed.php
array(5) {
  ["nome"]=>
  string(27) "Cláudia Andrade de Barros "
  ["cpf"]=>
  string(11) "59110465634"
  ["email"]=>
  string(20) "clauandbar@gmail.com"
  ["placa"]=>
  string(7) "GNP7727"
  ["unidade"]=>
  array(1) {
    [0]=>
    string(1) "7"
  }
}

[09/10/2023 11:34:51] Verificando a solicitação...
[09/10/2023 11:34:51] abgsoft-autopark-unimed.php
array(5) {
  ["nome"]=>
  string(28) "LUIZ FERNANDO PEREIRA DE MEL"
  ["cpf"]=>
  string(14) "746.915.466-34"
  ["email"]=>
  string(25) "luiz.melo@grupodma.com.br"
  ["placa"]=>
  string(7) "ERN6274"
  ["unidade"]=>
  array(1) {
    [0]=>
    string(1) "2"
  }
}

[09/10/2023 11:39:36] Verificando a solicitação...
[09/10/2023 11:39:36] abgsoft-autopark-unimed.php
array(5) {
  ["nome"]=>
  string(17) "DILMARA RODRIGUES"
  ["cpf"]=>
  string(14) "069.523.736-59"
  ["email"]=>
  string(27) "dilmararodrigues6@gmail.com"
  ["placa"]=>
  string(7) "EZI1I23"
  ["unidade"]=>
  array(1) {
    [0]=>
    string(1) "3"
  }
}

[09/10/2023 11:45:29] Verificando a solicitação...
[09/10/2023 11:45:29] abgsoft-autopark-unimed.php
array(5) {
  ["nome"]=>
  string(39) "Vanessa Cristina D’anunciação Alves"
  ["cpf"]=>
  string(11) "04609552680"
  ["email"]=>
  string(20) "vava0205@hotmail.com"
  ["placa"]=>
  string(8) "OLT 8509"
  ["unidade"]=>
  array(1) {
    [0]=>
    string(1) "2"
  }
}

[09/10/2023 12:07:08] Verificando a solicitação...
[09/10/2023 12:07:08] abgsoft-autopark-unimed.php
array(5) {
  ["nome"]=>
  string(11) "Avimar Maia"
  ["cpf"]=>
  string(11) "78812666604"
  ["email"]=>
  string(22) "avimarmaia@hotmail.com"
  ["placa"]=>
  string(7) "HNI9200"
  ["unidade"]=>
  array(1) {
    [0]=>
    string(1) "5"
  }
}

[09/10/2023 12:11:17] Verificando a solicitação...
[09/10/2023 12:11:17] abgsoft-autopark-unimed.php
array(5) {
  ["nome"]=>
  string(33) "Edilene Venâncio de Abreu Souza "
  ["cpf"]=>
  string(11) "06667510643"
  ["email"]=>
  string(25) "edileneabreu015@gmail.com"
  ["placa"]=>
  string(7) "Gxg6d62"
  ["unidade"]=>
  array(1) {
    [0]=>
    string(1) "2"
  }
}

[09/10/2023 12:47:06] Verificando a solicitação...
[09/10/2023 12:47:06] abgsoft-autopark-unimed.php
array(5) {
  ["nome"]=>
  string(25) "Vinícius Everton Pereira"
  ["cpf"]=>
  string(11) "09187625610"
  ["email"]=>
  string(32) "vinicius.pereira@grupoarg.com.br"
  ["placa"]=>
  string(7) "HML9793"
  ["unidade"]=>
  array(1) {
    [0]=>
    string(1) "5"
  }
}

[09/10/2023 01:22:46] Verificando a solicitação...
[09/10/2023 01:22:46] abgsoft-autopark-unimed.php
array(5) {
  ["nome"]=>
  string(34) "Elvira Angélica Rezende Cordeiro "
  ["cpf"]=>
  string(11) "97892912649"
  ["email"]=>
  string(20) "elvirangel@gmail.com"
  ["placa"]=>
  string(7) "Oqu7939"
  ["unidade"]=>
  array(1) {
    [0]=>
    string(1) "5"
  }
}

[09/10/2023 01:23:56] Verificando a solicitação...
[09/10/2023 01:23:56] abgsoft-autopark-unimed.php
array(5) {
  ["nome"]=>
  string(20) "LEANDRO FARIA CAMPOS"
  ["cpf"]=>
  string(11) "03800189690"
  ["email"]=>
  string(25) "leandrocampos79@gmail.com"
  ["placa"]=>
  string(7) "HFB3J31"
  ["unidade"]=>
  array(1) {
    [0]=>
    string(1) "7"
  }
}

[09/10/2023 01:38:52] Verificando a solicitação...
[09/10/2023 01:38:52] abgsoft-autopark-unimed.php
array(5) {
  ["nome"]=>
  string(35) "Henry Marcelo Bellati Favato Chaves"
  ["cpf"]=>
  string(11) "00006997643"
  ["email"]=>
  string(17) "henrymc@gmail.com"
  ["placa"]=>
  string(7) "MRS7013"
  ["unidade"]=>
  array(1) {
    [0]=>
    string(1) "7"
  }
}

[09/10/2023 01:44:01] Verificando a solicitação...
[09/10/2023 01:44:01] abgsoft-autopark-unimed.php
array(5) {
  ["nome"]=>
  string(16) "Claudia Lambert "
  ["cpf"]=>
  string(14) "530.875.506-04"
  ["email"]=>
  string(21) "c26.lambert@gmail.com"
  ["placa"]=>
  string(7) "QXV1J35"
  ["unidade"]=>
  array(1) {
    [0]=>
    string(1) "4"
  }
}

[09/10/2023 01:54:42] Verificando a solicitação...
[09/10/2023 01:54:42] abgsoft-autopark-unimed.php
array(5) {
  ["nome"]=>
  string(27) "Keiliani Stelle Gonçalves "
  ["cpf"]=>
  string(11) "12527330622"
  ["email"]=>
  string(24) "keilianistelle@gmail.com"
  ["placa"]=>
  string(8) "HGW2612 "
  ["unidade"]=>
  array(1) {
    [0]=>
    string(1) "2"
  }
}

[09/10/2023 01:55:44] Verificando a solicitação...
[09/10/2023 02:22:39] Verificando a solicitação...
[09/10/2023 02:22:39] abgsoft-autopark-unimed.php
array(5) {
  ["nome"]=>
  string(21) "Elias de Aquino ramos"
  ["cpf"]=>
  string(14) "006.534.326-31"
  ["email"]=>
  string(25) "eliaquino1975@hotmail.com"
  ["placa"]=>
  string(7) "Hnu6497"
  ["unidade"]=>
  array(1) {
    [0]=>
    string(1) "7"
  }
}

[09/10/2023 02:55:20] Verificando a solicitação...
[09/10/2023 02:55:20] abgsoft-autopark-unimed.php
array(5) {
  ["nome"]=>
  string(22) "Alzenira Pires Gouveia"
  ["cpf"]=>
  string(14) "763.829.746-68"
  ["email"]=>
  string(26) "alzenira.gouveia@gmail.com"
  ["placa"]=>
  string(7) "RCB1C70"
  ["unidade"]=>
  array(1) {
    [0]=>
    string(1) "5"
  }
}

[09/10/2023 02:55:33] Verificando a solicitação...
[09/10/2023 02:55:33] abgsoft-autopark-unimed.php
array(5) {
  ["nome"]=>
  string(23) "Kelli Cristina Pereira "
  ["cpf"]=>
  string(14) "013.453.836-65"
  ["email"]=>
  string(26) "kpereiracristina@gmail.com"
  ["placa"]=>
  string(7) "HBJ1877"
  ["unidade"]=>
  array(1) {
    [0]=>
    string(1) "2"
  }
}

[09/10/2023 03:35:12] Verificando a solicitação...
[09/10/2023 03:35:12] abgsoft-autopark-unimed.php
array(5) {
  ["nome"]=>
  string(20) "Douglas souza simoes"
  ["cpf"]=>
  string(14) "108.739.126-16"
  ["email"]=>
  string(28) "douglassouzasimoes@gmail.com"
  ["placa"]=>
  string(7) "HIL1G67"
  ["unidade"]=>
  array(1) {
    [0]=>
    string(1) "5"
  }
}

[09/10/2023 03:49:42] Verificando a solicitação...
[09/10/2023 03:49:42] abgsoft-autopark-unimed.php
array(5) {
  ["nome"]=>
  string(20) "Maria d conceição "
  ["cpf"]=>
  string(11) "91416639691"
  ["email"]=>
  string(25) "lucinearibeiro2@gmail.com"
  ["placa"]=>
  string(7) "Nyd4201"
  ["unidade"]=>
  array(1) {
    [0]=>
    string(1) "7"
  }
}

[09/10/2023 03:51:24] Verificando a solicitação...
[09/10/2023 03:51:24] abgsoft-autopark-unimed.php
array(5) {
  ["nome"]=>
  string(33) " Maria da Conceição dos Santos "
  ["cpf"]=>
  string(11) "91416639691"
  ["email"]=>
  string(25) "lucinearibeiro2@gmail.com"
  ["placa"]=>
  string(7) "Nyd4201"
  ["unidade"]=>
  array(1) {
    [0]=>
    string(1) "7"
  }
}

[09/10/2023 04:02:18] Verificando a solicitação...
[09/10/2023 04:02:18] abgsoft-autopark-unimed.php
array(5) {
  ["nome"]=>
  string(19) "Aguinaldo Mesquiari"
  ["cpf"]=>
  string(11) "07923734801"
  ["email"]=>
  string(21) "ajmesquiari@gmail.com"
  ["placa"]=>
  string(7) "OMG3880"
  ["unidade"]=>
  array(1) {
    [0]=>
    string(1) "5"
  }
}

[09/10/2023 04:06:42] Verificando a solicitação...
[09/10/2023 04:06:42] abgsoft-autopark-unimed.php
array(5) {
  ["nome"]=>
  string(20) "Nei Ferreira de Melo"
  ["cpf"]=>
  string(11) "27421155600"
  ["email"]=>
  string(18) "neifmelo@gmail.com"
  ["placa"]=>
  string(8) "HIH 9973"
  ["unidade"]=>
  array(1) {
    [0]=>
    string(1) "1"
  }
}

[09/10/2023 04:08:05] Verificando a solicitação...
[09/10/2023 04:08:05] abgsoft-autopark-unimed.php
array(5) {
  ["nome"]=>
  string(20) "Nei Ferreira de Melo"
  ["cpf"]=>
  string(11) "27421155600"
  ["email"]=>
  string(18) "neifmelo@gmail.com"
  ["placa"]=>
  string(8) "HIH 9973"
  ["unidade"]=>
  array(1) {
    [0]=>
    string(1) "7"
  }
}

[09/10/2023 04:28:23] Verificando a solicitação...
[09/10/2023 04:28:23] abgsoft-autopark-unimed.php
array(5) {
  ["nome"]=>
  string(13) "fabiana bretz"
  ["cpf"]=>
  string(14) "044.970.296-03"
  ["email"]=>
  string(24) "fabianna.bretz@gmail.com"
  ["placa"]=>
  string(7) "QPX6928"
  ["unidade"]=>
  array(1) {
    [0]=>
    string(1) "7"
  }
}

[09/10/2023 04:54:30] Verificando a solicitação...
[09/10/2023 04:54:30] abgsoft-autopark-unimed.php
array(5) {
  ["nome"]=>
  string(14) "Rodrygo Simoes"
  ["cpf"]=>
  string(11) "05865134698"
  ["email"]=>
  string(23) "rodrygosimoes@gmail.com"
  ["placa"]=>
  string(7) "pzm3514"
  ["unidade"]=>
  array(1) {
    [0]=>
    string(1) "5"
  }
}

[09/10/2023 05:46:57] Verificando a solicitação...
[09/10/2023 05:46:57] abgsoft-autopark-unimed.php
array(5) {
  ["nome"]=>
  string(23) "maria geralda de toledo"
  ["cpf"]=>
  string(14) "324.771.806-06"
  ["email"]=>
  string(26) "mgeraldadetoledo@gmail.com"
  ["placa"]=>
  string(7) "hgg8996"
  ["unidade"]=>
  array(1) {
    [0]=>
    string(1) "7"
  }
}

[09/10/2023 05:46:58] Verificando a solicitação...
[09/10/2023 05:46:58] abgsoft-autopark-unimed.php
array(5) {
  ["nome"]=>
  string(23) "maria geralda de toledo"
  ["cpf"]=>
  string(14) "324.771.806-06"
  ["email"]=>
  string(26) "mgeraldadetoledo@gmail.com"
  ["placa"]=>
  string(7) "hgg8996"
  ["unidade"]=>
  array(1) {
    [0]=>
    string(1) "7"
  }
}

[09/10/2023 05:46:58] Verificando a solicitação...
[09/10/2023 05:46:58] abgsoft-autopark-unimed.php
array(5) {
  ["nome"]=>
  string(23) "maria geralda de toledo"
  ["cpf"]=>
  string(14) "324.771.806-06"
  ["email"]=>
  string(26) "mgeraldadetoledo@gmail.com"
  ["placa"]=>
  string(7) "hgg8996"
  ["unidade"]=>
  array(1) {
    [0]=>
    string(1) "7"
  }
}

[09/10/2023 05:58:26] Verificando a solicitação...
[09/10/2023 05:58:26] abgsoft-autopark-unimed.php
array(5) {
  ["nome"]=>
  string(15) "Dayanne Soares "
  ["cpf"]=>
  string(15) "091.976.256-55 "
  ["email"]=>
  string(26) "dayanne200811@yahoo.com.br"
  ["placa"]=>
  string(8) "PWX9B54 "
  ["unidade"]=>
  array(1) {
    [0]=>
    string(1) "5"
  }
}

[09/10/2023 06:22:45] Verificando a solicitação...
[09/10/2023 06:38:26] Verificando a solicitação...
[09/10/2023 06:38:26] abgsoft-autopark-unimed.php
array(5) {
  ["nome"]=>
  string(25) "Elizabete coimbra Godinho"
  ["cpf"]=>
  string(14) "042.300.236-85"
  ["email"]=>
  string(24) "Bethecoimbra72@gmail.com"
  ["placa"]=>
  string(7) "Q004914"
  ["unidade"]=>
  array(1) {
    [0]=>
    string(1) "7"
  }
}

[09/10/2023 07:16:01] Verificando a solicitação...
[09/10/2023 07:16:01] abgsoft-autopark-unimed.php
array(5) {
  ["nome"]=>
  string(5) "Carla"
  ["cpf"]=>
  string(11) "04823016602"
  ["email"]=>
  string(28) "carlasaturninodias@gmail.com"
  ["placa"]=>
  string(7) "Pyc3b70"
  ["unidade"]=>
  array(1) {
    [0]=>
    string(1) "5"
  }
}

[09/10/2023 07:25:44] Verificando a solicitação...
[09/10/2023 07:25:44] abgsoft-autopark-unimed.php
array(5) {
  ["nome"]=>
  string(39) "CINTIA RAFAELA DE ALMEIDA SILVA CARQUES"
  ["cpf"]=>
  string(11) "06577158673"
  ["email"]=>
  string(22) "cintiaras@yahoo.com.br"
  ["placa"]=>
  string(7) "OPI2274"
  ["unidade"]=>
  array(1) {
    [0]=>
    string(1) "3"
  }
}

[09/10/2023 07:39:46] Verificando a solicitação...
[09/10/2023 07:39:46] abgsoft-autopark-unimed.php
array(5) {
  ["nome"]=>
  string(31) "Luana Silveira dos Santos Silva"
  ["cpf"]=>
  string(11) "08575265610"
  ["email"]=>
  string(28) "luanasilveiraqsm@hotmail.com"
  ["placa"]=>
  string(7) "MRV0403"
  ["unidade"]=>
  array(1) {
    [0]=>
    string(1) "5"
  }
}

[09/10/2023 07:54:15] Verificando a solicitação...
[09/10/2023 07:54:15] abgsoft-autopark-unimed.php
array(5) {
  ["nome"]=>
  string(28) "Vanderlei ferreira de brito "
  ["cpf"]=>
  string(14) "039.826.326-41"
  ["email"]=>
  string(23) "vanderleif700@gmail.com"
  ["placa"]=>
  string(7) "Hko4748"
  ["unidade"]=>
  array(1) {
    [0]=>
    string(1) "2"
  }
}

[09/10/2023 08:25:15] Verificando a solicitação...
[09/10/2023 08:25:15] abgsoft-autopark-unimed.php
array(5) {
  ["nome"]=>
  string(23) "PAULO ALVES DE OLIVEIRA"
  ["cpf"]=>
  string(14) "075.191.636-60"
  ["email"]=>
  string(20) "poliveira16@live.com"
  ["placa"]=>
  string(7) "HLJ8925"
  ["unidade"]=>
  array(1) {
    [0]=>
    string(1) "2"
  }
}

[09/10/2023 08:53:57] Verificando a solicitação...
[09/10/2023 08:53:57] abgsoft-autopark-unimed.php
array(5) {
  ["nome"]=>
  string(35) "Gabriel Xavier Mauricio De Oliveira"
  ["cpf"]=>
  string(14) "137.458.536-01"
  ["email"]=>
  string(29) "gabrielloliveira934@gmail.com"
  ["placa"]=>
  string(7) "RTW7A16"
  ["unidade"]=>
  array(1) {
    [0]=>
    string(1) "7"
  }
}

[09/10/2023 08:55:08] Verificando a solicitação...
[09/10/2023 08:55:08] abgsoft-autopark-unimed.php
array(5) {
  ["nome"]=>
  string(16) "ANTONIO JACKSON "
  ["cpf"]=>
  string(11) "75913747372"
  ["email"]=>
  string(26) "Jacksonfrota2014@gmail.com"
  ["placa"]=>
  string(7) "QQO7E63"
  ["unidade"]=>
  array(1) {
    [0]=>
    string(1) "5"
  }
}

[09/10/2023 08:55:08] Verificando a solicitação...
[09/10/2023 08:55:08] abgsoft-autopark-unimed.php
array(5) {
  ["nome"]=>
  string(16) "ANTONIO JACKSON "
  ["cpf"]=>
  string(11) "75913747372"
  ["email"]=>
  string(26) "Jacksonfrota2014@gmail.com"
  ["placa"]=>
  string(7) "QQO7E63"
  ["unidade"]=>
  array(1) {
    [0]=>
    string(1) "5"
  }
}

[09/10/2023 09:08:44] Verificando a solicitação...
[09/10/2023 09:08:44] abgsoft-autopark-unimed.php
array(5) {
  ["nome"]=>
  string(15) "LUCELMA PACHECO"
  ["cpf"]=>
  string(14) "028.519.536-05"
  ["email"]=>
  string(18) "llucelma@gmail.com"
  ["placa"]=>
  string(7) "SIO0a62"
  ["unidade"]=>
  array(1) {
    [0]=>
    string(1) "7"
  }
}

[09/10/2023 09:22:05] Verificando a solicitação...
[09/10/2023 09:22:05] abgsoft-autopark-unimed.php
array(5) {
  ["nome"]=>
  string(18) "eberth seixas rosa"
  ["cpf"]=>
  string(14) "979.094.406-34"
  ["email"]=>
  string(25) "eberthseixas@yahoo.com.br"
  ["placa"]=>
  string(7) "RNYOD11"
  ["unidade"]=>
  array(1) {
    [0]=>
    string(1) "7"
  }
}

[09/10/2023 10:18:13] Verificando a solicitação...
[09/10/2023 10:18:13] abgsoft-autopark-unimed.php
array(5) {
  ["nome"]=>
  string(24) "Gleison tadeu valadares "
  ["cpf"]=>
  string(14) "045.676.636-75"
  ["email"]=>
  string(28) "gleisonvaladares27@gmail.com"
  ["placa"]=>
  string(7) "Qnh8e46"
  ["unidade"]=>
  array(1) {
    [0]=>
    string(1) "7"
  }
}

[09/10/2023 10:19:03] Verificando a solicitação...
[09/10/2023 10:19:03] abgsoft-autopark-unimed.php
array(5) {
  ["nome"]=>
  string(24) "Gleison tadeu valadares "
  ["cpf"]=>
  string(14) "045.676.636-75"
  ["email"]=>
  string(28) "gleisonvaladares27@gmail.com"
  ["placa"]=>
  string(7) "Qnh8e46"
  ["unidade"]=>
  array(1) {
    [0]=>
    string(1) "7"
  }
}

[09/10/2023 11:11:35] Verificando a solicitação...
[09/10/2023 11:11:35] abgsoft-autopark-unimed.php
array(5) {
  ["nome"]=>
  string(36) "MARCIA HELENICE Ferreira de Oliveira"
  ["cpf"]=>
  string(14) "872.757.086-04"
  ["email"]=>
  string(34) "marciaheleniceferreira72@gmail.com"
  ["placa"]=>
  string(7) "HML9852"
  ["unidade"]=>
  array(1) {
    [0]=>
    string(1) "3"
  }
}

