[18/09/2023 01:09:27] Verificando a solicitação...
[18/09/2023 01:09:27] abgsoft-autopark-unimed.php
array(5) {
  ["nome"]=>
  string(14) "Carlos Júnior"
  ["cpf"]=>
  string(11) "03719500667"
  ["email"]=>
  string(25) "carlosamljunior@gmail.com"
  ["placa"]=>
  string(7) "OMG7284"
  ["unidade"]=>
  array(1) {
    [0]=>
    string(1) "5"
  }
}

[18/09/2023 09:29:07] Verificando a solicitação...
[18/09/2023 09:29:07] abgsoft-autopark-unimed.php
array(5) {
  ["nome"]=>
  string(32) "Maria Cecília Costa Gonçalves "
  ["cpf"]=>
  string(11) "15992303642"
  ["email"]=>
  string(25) "wagnersouza82@hotmail.com"
  ["placa"]=>
  string(7) "HGZ1754"
  ["unidade"]=>
  array(1) {
    [0]=>
    string(1) "7"
  }
}

[18/09/2023 09:44:52] Verificando a solicitação...
[18/09/2023 09:44:52] abgsoft-autopark-unimed.php
array(5) {
  ["nome"]=>
  string(26) "Clever de Oliveira Júnior"
  ["cpf"]=>
  string(14) "044.082.516-40"
  ["email"]=>
  string(18) "cleverdj@gmail.com"
  ["placa"]=>
  string(7) "hbh2336"
  ["unidade"]=>
  array(1) {
    [0]=>
    string(1) "5"
  }
}

[18/09/2023 10:40:29] Verificando a solicitação...
[18/09/2023 10:40:29] abgsoft-autopark-unimed.php
array(5) {
  ["nome"]=>
  string(26) "Valéria do Rosário Pires"
  ["cpf"]=>
  string(14) "957.711.156-49"
  ["email"]=>
  string(25) "valeriarpires@yahoo.co.br"
  ["placa"]=>
  string(7) "HMB4756"
  ["unidade"]=>
  array(1) {
    [0]=>
    string(1) "5"
  }
}

[18/09/2023 10:51:17] Verificando a solicitação...
[18/09/2023 10:51:17] abgsoft-autopark-unimed.php
array(5) {
  ["nome"]=>
  string(22) "Alzenira Pires Gouveia"
  ["cpf"]=>
  string(14) "763.829.746-68"
  ["email"]=>
  string(26) "alzenira.gouveia@gmail.com"
  ["placa"]=>
  string(7) "RCB1C70"
  ["unidade"]=>
  array(1) {
    [0]=>
    string(1) "5"
  }
}

[18/09/2023 11:39:02] Verificando a solicitação...
[18/09/2023 11:39:02] abgsoft-autopark-unimed.php
array(5) {
  ["nome"]=>
  string(43) "Paula Cristina dos Santos Corrêa Oliveira "
  ["cpf"]=>
  string(14) "035.107.916-57"
  ["email"]=>
  string(29) "Paulacristinacorrea@gmail.com"
  ["placa"]=>
  string(7) "PVQ8433"
  ["unidade"]=>
  array(1) {
    [0]=>
    string(1) "1"
  }
}

[18/09/2023 11:40:36] Verificando a solicitação...
[18/09/2023 11:40:36] abgsoft-autopark-unimed.php
array(5) {
  ["nome"]=>
  string(15) "Dayanne Soares "
  ["cpf"]=>
  string(15) "091.976.256-55 "
  ["email"]=>
  string(26) "dayanne200811@yahoo.com.br"
  ["placa"]=>
  string(7) "PWX9B54"
  ["unidade"]=>
  array(1) {
    [0]=>
    string(1) "7"
  }
}

[18/09/2023 12:04:52] Verificando a solicitação...
[18/09/2023 12:04:52] abgsoft-autopark-unimed.php
array(5) {
  ["nome"]=>
  string(31) "ADERMINSON APARECIDO DE ANDRADE"
  ["cpf"]=>
  string(14) "938.951.516-53"
  ["email"]=>
  string(20) "aderminson@gmail.com"
  ["placa"]=>
  string(7) "qwt4a26"
  ["unidade"]=>
  array(1) {
    [0]=>
    string(1) "7"
  }
}

[18/09/2023 12:13:20] Verificando a solicitação...
[18/09/2023 12:13:20] abgsoft-autopark-unimed.php
array(5) {
  ["nome"]=>
  string(20) "PAULO SÉRGIO AFONSO"
  ["cpf"]=>
  string(14) "632.116.376-72"
  ["email"]=>
  string(29) "paulo.sergio@concremat.com.br"
  ["placa"]=>
  string(7) "HKC8545"
  ["unidade"]=>
  array(1) {
    [0]=>
    string(1) "5"
  }
}

[18/09/2023 12:35:43] Verificando a solicitação...
[18/09/2023 12:35:43] abgsoft-autopark-unimed.php
array(5) {
  ["nome"]=>
  string(23) "ANA PAULA SILVA PIMENTA"
  ["cpf"]=>
  string(14) "968.252.606-00"
  ["email"]=>
  string(24) "anas.pimenta@hotmail.com"
  ["placa"]=>
  string(8) "HOD 4838"
  ["unidade"]=>
  array(1) {
    [0]=>
    string(1) "7"
  }
}

[18/09/2023 12:44:35] Verificando a solicitação...
[18/09/2023 12:44:35] abgsoft-autopark-unimed.php
array(5) {
  ["nome"]=>
  string(28) "Alexandre Pereira Rodrigues "
  ["cpf"]=>
  string(11) "11940825644"
  ["email"]=>
  string(16) "x_bh@hotmail.com"
  ["placa"]=>
  string(7) "Pzv6j27"
  ["unidade"]=>
  array(1) {
    [0]=>
    string(1) "5"
  }
}

[18/09/2023 12:45:17] Verificando a solicitação...
[18/09/2023 12:45:17] abgsoft-autopark-unimed.php
array(5) {
  ["nome"]=>
  string(6) "Daniel"
  ["cpf"]=>
  string(11) "01360174605"
  ["email"]=>
  string(22) "d.diassantos@yahoo.com"
  ["placa"]=>
  string(8) "Hak7099 "
  ["unidade"]=>
  array(1) {
    [0]=>
    string(1) "7"
  }
}

[18/09/2023 01:23:54] Verificando a solicitação...
[18/09/2023 01:23:54] abgsoft-autopark-unimed.php
array(5) {
  ["nome"]=>
  string(21) "Elias de Aquino Ramos"
  ["cpf"]=>
  string(14) "006.534.326-31"
  ["email"]=>
  string(25) "eliaquino1975@hotmail.com"
  ["placa"]=>
  string(7) "HNU6497"
  ["unidade"]=>
  array(1) {
    [0]=>
    string(1) "7"
  }
}

[18/09/2023 01:35:15] Verificando a solicitação...
[18/09/2023 01:35:15] abgsoft-autopark-unimed.php
array(5) {
  ["nome"]=>
  string(36) "LUCELIA RIBEIRO DOS SANTOS Rodrigues"
  ["cpf"]=>
  string(14) "040.855.756-78"
  ["email"]=>
  string(23) "lucelia.henri@gmail.com"
  ["placa"]=>
  string(7) "OPQ0E83"
  ["unidade"]=>
  array(1) {
    [0]=>
    string(1) "7"
  }
}

[18/09/2023 01:48:22] Verificando a solicitação...
[18/09/2023 01:48:22] abgsoft-autopark-unimed.php
array(5) {
  ["nome"]=>
  string(24) "Fabio Henrique Junqueira"
  ["cpf"]=>
  string(14) "092.049.396-30"
  ["email"]=>
  string(26) "fabioh.junqueira@gmail.com"
  ["placa"]=>
  string(7) "HIC3965"
  ["unidade"]=>
  array(1) {
    [0]=>
    string(1) "5"
  }
}

[18/09/2023 01:55:45] Verificando a solicitação...
[18/09/2023 01:55:45] abgsoft-autopark-unimed.php
array(5) {
  ["nome"]=>
  string(18) "Sandra Mara Gomes "
  ["cpf"]=>
  string(11) "84698250625"
  ["email"]=>
  string(25) "sandraela1109@outlook.com"
  ["placa"]=>
  string(8) "HGO 0511"
  ["unidade"]=>
  array(1) {
    [0]=>
    string(1) "2"
  }
}

[18/09/2023 02:51:15] Verificando a solicitação...
[18/09/2023 02:51:15] abgsoft-autopark-unimed.php
array(5) {
  ["nome"]=>
  string(20) "Daniel Batista Moura"
  ["cpf"]=>
  string(14) "045.641.306-50"
  ["email"]=>
  string(28) "danielbmoura198109@gmail.com"
  ["placa"]=>
  string(7) "EOY0C26"
  ["unidade"]=>
  array(1) {
    [0]=>
    string(1) "3"
  }
}

[18/09/2023 03:02:10] Verificando a solicitação...
[18/09/2023 03:02:10] abgsoft-autopark-unimed.php
array(5) {
  ["nome"]=>
  string(24) "Brenda Xavier Cerqueira "
  ["cpf"]=>
  string(11) "11674285604"
  ["email"]=>
  string(27) "brenda.xavier15@hotmail.com"
  ["placa"]=>
  string(7) "HFC7972"
  ["unidade"]=>
  array(1) {
    [0]=>
    string(1) "7"
  }
}

[18/09/2023 03:13:21] Verificando a solicitação...
[18/09/2023 03:13:21] abgsoft-autopark-unimed.php
array(5) {
  ["nome"]=>
  string(20) "Jose Maciel Ferreira"
  ["cpf"]=>
  string(14) "146.690.056-34"
  ["email"]=>
  string(28) "macielferreirajose@gmail.com"
  ["placa"]=>
  string(7) "PXN0377"
  ["unidade"]=>
  array(1) {
    [0]=>
    string(1) "5"
  }
}

[18/09/2023 03:23:06] Verificando a solicitação...
[18/09/2023 03:23:06] abgsoft-autopark-unimed.php
array(5) {
  ["nome"]=>
  string(31) "Daniel Heitor Matos nascimento "
  ["cpf"]=>
  string(11) "04725600695"
  ["email"]=>
  string(20) "dhmatos@yahoo.com.br"
  ["placa"]=>
  string(7) "Shy8g78"
  ["unidade"]=>
  array(1) {
    [0]=>
    string(1) "5"
  }
}

[18/09/2023 03:26:38] Verificando a solicitação...
[18/09/2023 03:26:38] abgsoft-autopark-unimed.php
array(5) {
  ["nome"]=>
  string(14) "Paulo Emillio "
  ["cpf"]=>
  string(14) "023.396.896-27"
  ["email"]=>
  string(24) "Pauloemilio340@gmail.com"
  ["placa"]=>
  string(7) "Hid2c80"
  ["unidade"]=>
  array(1) {
    [0]=>
    string(1) "7"
  }
}

[18/09/2023 03:46:52] Verificando a solicitação...
[18/09/2023 03:46:52] abgsoft-autopark-unimed.php
array(5) {
  ["nome"]=>
  string(30) "Vilma de fátima siervi melado"
  ["cpf"]=>
  string(11) "03889018610"
  ["email"]=>
  string(22) "victorranger@gmail.com"
  ["placa"]=>
  string(7) "PWP3332"
  ["unidade"]=>
  array(1) {
    [0]=>
    string(1) "5"
  }
}

[18/09/2023 03:53:11] Verificando a solicitação...
[18/09/2023 03:53:11] abgsoft-autopark-unimed.php
array(5) {
  ["nome"]=>
  string(39) "Carla Fernanda Batista de Souza Santos "
  ["cpf"]=>
  string(14) "028.052.506-05"
  ["email"]=>
  string(26) "fernandacarla319@gmail.com"
  ["placa"]=>
  string(7) "QMS4706"
  ["unidade"]=>
  array(1) {
    [0]=>
    string(1) "2"
  }
}

[18/09/2023 04:01:36] Verificando a solicitação...
[18/09/2023 04:01:36] abgsoft-autopark-unimed.php
array(5) {
  ["nome"]=>
  string(23) "Caroline Márcia Moraes"
  ["cpf"]=>
  string(14) "116.774.436-50"
  ["email"]=>
  string(28) "carol_moraes2007@hotmail.com"
  ["placa"]=>
  string(7) "QOF3D57"
  ["unidade"]=>
  array(1) {
    [0]=>
    string(1) "5"
  }
}

[18/09/2023 04:34:00] Verificando a solicitação...
[18/09/2023 04:34:00] abgsoft-autopark-unimed.php
array(5) {
  ["nome"]=>
  string(25) "Wellington Luiz Teixeira "
  ["cpf"]=>
  string(11) "04084041670"
  ["email"]=>
  string(26) "lutei.wellington@gmail.com"
  ["placa"]=>
  string(8) "HJP8A48 "
  ["unidade"]=>
  array(1) {
    [0]=>
    string(1) "5"
  }
}

[18/09/2023 05:40:30] Verificando a solicitação...
[18/09/2023 05:40:30] abgsoft-autopark-unimed.php
array(5) {
  ["nome"]=>
  string(15) "Paula Cristina "
  ["cpf"]=>
  string(15) "035.107.916-57 "
  ["email"]=>
  string(29) "paulacristinacorrea@gmail.com"
  ["placa"]=>
  string(7) "Pvq8433"
  ["unidade"]=>
  array(1) {
    [0]=>
    string(1) "1"
  }
}

[18/09/2023 05:41:50] Verificando a solicitação...
[18/09/2023 05:41:50] abgsoft-autopark-unimed.php
array(5) {
  ["nome"]=>
  string(37) "Rosângela Cássia Dias Correia Lima "
  ["cpf"]=>
  string(14) "525.794.416-20"
  ["email"]=>
  string(21) "rosan.enfer@gmail.com"
  ["placa"]=>
  string(8) "PTK 3366"
  ["unidade"]=>
  array(1) {
    [0]=>
    string(1) "5"
  }
}

[18/09/2023 05:44:53] Verificando a solicitação...
[18/09/2023 05:44:53] abgsoft-autopark-unimed.php
array(5) {
  ["nome"]=>
  string(30) "DURVAL VINÍCIUS BATISTA SILVA"
  ["cpf"]=>
  string(11) "07341127694"
  ["email"]=>
  string(23) "admciadopao@hotmail.com"
  ["placa"]=>
  string(7) "hmo7476"
  ["unidade"]=>
  array(1) {
    [0]=>
    string(1) "5"
  }
}

[18/09/2023 06:00:29] Verificando a solicitação...
[18/09/2023 06:00:29] abgsoft-autopark-unimed.php
array(5) {
  ["nome"]=>
  string(40) "Tatiana Resende Prado Rangel de Oliveira"
  ["cpf"]=>
  string(14) "379.388.271-34"
  ["email"]=>
  string(28) "tatianapradorangel@gmail.com"
  ["placa"]=>
  string(7) "RUB2H08"
  ["unidade"]=>
  array(1) {
    [0]=>
    string(1) "5"
  }
}

[18/09/2023 06:44:15] Verificando a solicitação...
[18/09/2023 06:44:15] abgsoft-autopark-unimed.php
array(5) {
  ["nome"]=>
  string(35) "Eliza Rodrigues Martins De Carvalho"
  ["cpf"]=>
  string(14) "670.770.566-00"
  ["email"]=>
  string(20) "elizarmc25@gmail.com"
  ["placa"]=>
  string(7) "Rfy9g97"
  ["unidade"]=>
  array(1) {
    [0]=>
    string(1) "4"
  }
}

[18/09/2023 07:15:23] Verificando a solicitação...
[18/09/2023 07:15:23] abgsoft-autopark-unimed.php
array(5) {
  ["nome"]=>
  string(16) "Lílian de Souza"
  ["cpf"]=>
  string(11) "12612273603"
  ["email"]=>
  string(25) "liliandesouza.p@gmail.com"
  ["placa"]=>
  string(7) "Hfw4d97"
  ["unidade"]=>
  array(1) {
    [0]=>
    string(1) "2"
  }
}

[18/09/2023 07:22:40] Verificando a solicitação...
[18/09/2023 07:22:40] abgsoft-autopark-unimed.php
array(5) {
  ["nome"]=>
  string(11) "Krysthofer "
  ["cpf"]=>
  string(11) "13121748629"
  ["email"]=>
  string(25) "krystofersilva1@gmail.com"
  ["placa"]=>
  string(8) "Hko5i00 "
  ["unidade"]=>
  array(1) {
    [0]=>
    string(1) "7"
  }
}

[18/09/2023 07:44:57] Verificando a solicitação...
[18/09/2023 07:44:57] abgsoft-autopark-unimed.php
array(5) {
  ["nome"]=>
  string(20) "Gleice Eliza de Lima"
  ["cpf"]=>
  string(14) "075.095.936-38"
  ["email"]=>
  string(21) "gleeliza@yahoo.com.br"
  ["placa"]=>
  string(7) "Etw9745"
  ["unidade"]=>
  array(1) {
    [0]=>
    string(1) "7"
  }
}

[18/09/2023 07:45:17] Verificando a solicitação...
[18/09/2023 07:45:17] abgsoft-autopark-unimed.php
array(5) {
  ["nome"]=>
  string(20) "Gleice Eliza de Lima"
  ["cpf"]=>
  string(14) "075.095.936-38"
  ["email"]=>
  string(21) "gleeliza@yahoo.com.br"
  ["placa"]=>
  string(7) "Etw9745"
  ["unidade"]=>
  array(1) {
    [0]=>
    string(1) "7"
  }
}

[18/09/2023 08:42:56] Verificando a solicitação...
[18/09/2023 08:42:56] abgsoft-autopark-unimed.php
array(5) {
  ["nome"]=>
  string(13) "Rosiane Pinto"
  ["cpf"]=>
  string(14) "040.449.946-50"
  ["email"]=>
  string(22) "rosi.biscuit@gmail.com"
  ["placa"]=>
  string(7) "Hnu9940"
  ["unidade"]=>
  array(1) {
    [0]=>
    string(1) "5"
  }
}

[18/09/2023 08:49:46] Verificando a solicitação...
[18/09/2023 08:49:46] abgsoft-autopark-unimed.php
array(5) {
  ["nome"]=>
  string(36) "Dayane Regina da Conceição Soares "
  ["cpf"]=>
  string(15) "079.954.106-03 "
  ["email"]=>
  string(22) "dayane.rc194@gmail.com"
  ["placa"]=>
  string(7) "Hbm9449"
  ["unidade"]=>
  array(1) {
    [0]=>
    string(1) "5"
  }
}

[18/09/2023 08:58:56] Verificando a solicitação...
[18/09/2023 08:58:56] abgsoft-autopark-unimed.php
array(5) {
  ["nome"]=>
  string(4) "Isac"
  ["cpf"]=>
  string(11) "31761488600"
  ["email"]=>
  string(19) "isacneiva@gmail.com"
  ["placa"]=>
  string(7) "Pyi8179"
  ["unidade"]=>
  array(1) {
    [0]=>
    string(1) "5"
  }
}

[18/09/2023 09:06:19] Verificando a solicitação...
[18/09/2023 09:06:19] abgsoft-autopark-unimed.php
array(5) {
  ["nome"]=>
  string(12) "Alex Santos "
  ["cpf"]=>
  string(11) "08490483620"
  ["email"]=>
  string(27) "alexsantoseventos@gmail.com"
  ["placa"]=>
  string(7) "Oqw8749"
  ["unidade"]=>
  array(1) {
    [0]=>
    string(1) "4"
  }
}

[18/09/2023 09:20:19] Verificando a solicitação...
[18/09/2023 09:20:19] abgsoft-autopark-unimed.php
array(5) {
  ["nome"]=>
  string(22) "Cristiana Cunha Amaral"
  ["cpf"]=>
  string(14) "082.530.336-21"
  ["email"]=>
  string(25) "cristianatjmg@hotmail.com"
  ["placa"]=>
  string(8) "Oqo 5331"
  ["unidade"]=>
  array(1) {
    [0]=>
    string(1) "1"
  }
}

[18/09/2023 09:31:01] Verificando a solicitação...
[18/09/2023 09:31:01] abgsoft-autopark-unimed.php
array(5) {
  ["nome"]=>
  string(37) "marilda aparecida gonçalves do carmo"
  ["cpf"]=>
  string(14) "522.157.766-68"
  ["email"]=>
  string(16) "rilgdc@gmail.com"
  ["placa"]=>
  string(7) "RMX3B22"
  ["unidade"]=>
  array(1) {
    [0]=>
    string(1) "5"
  }
}

[18/09/2023 10:54:13] Verificando a solicitação...
[18/09/2023 10:54:13] abgsoft-autopark-unimed.php
array(5) {
  ["nome"]=>
  string(11) "⁶Leandro "
  ["cpf"]=>
  string(11) "05012668600"
  ["email"]=>
  string(24) "leandro.gaby@hotmail.com"
  ["placa"]=>
  string(7) "PHG3B26"
  ["unidade"]=>
  array(1) {
    [0]=>
    string(1) "5"
  }
}

[18/09/2023 11:11:10] Verificando a solicitação...
[18/09/2023 11:11:10] abgsoft-autopark-unimed.php
array(5) {
  ["nome"]=>
  string(35) "Durcilene Aparecida Martins schuab "
  ["cpf"]=>
  string(11) "24166294687"
  ["email"]=>
  string(20) "dulceggf@hotmail.com"
  ["placa"]=>
  string(7) "Owp4635"
  ["unidade"]=>
  array(1) {
    [0]=>
    string(1) "7"
  }
}

[18/09/2023 11:18:47] Verificando a solicitação...
[18/09/2023 11:18:47] abgsoft-autopark-unimed.php
array(5) {
  ["nome"]=>
  string(27) "Arthur Corrêa De Azevêdo "
  ["cpf"]=>
  string(14) "277.572.776-04"
  ["email"]=>
  string(22) "arthurazv189@gmail.com"
  ["placa"]=>
  string(8) "QWW7314 "
  ["unidade"]=>
  array(1) {
    [0]=>
    string(1) "5"
  }
}

[18/09/2023 11:52:30] Verificando a solicitação...
[18/09/2023 11:52:30] abgsoft-autopark-unimed.php
array(5) {
  ["nome"]=>
  string(33) "Maria Emilia de Barros Guimarães"
  ["cpf"]=>
  string(14) "827 050 116-68"
  ["email"]=>
  string(23) "mariaemilia45@gmail.com"
  ["placa"]=>
  string(8) "PYX 5585"
  ["unidade"]=>
  array(1) {
    [0]=>
    string(1) "5"
  }
}

