[09/08/2023 01:13:46] Verificando a solicitação...
[09/08/2023 01:13:46] abgsoft-autopark-unimed.php
array(5) {
  ["nome"]=>
  string(26) "Joyce Quaresma Guimarães "
  ["cpf"]=>
  string(14) "111.150.436-92"
  ["email"]=>
  string(26) "joyce-quaresma@hotmail.com"
  ["placa"]=>
  string(8) "QNY-3A72"
  ["unidade"]=>
  array(1) {
    [0]=>
    string(1) "1"
  }
}

[09/08/2023 01:14:43] Verificando a solicitação...
[09/08/2023 01:14:43] abgsoft-autopark-unimed.php
array(5) {
  ["nome"]=>
  string(26) "Joyce Quaresma Guimarães "
  ["cpf"]=>
  string(14) "111.150.436-92"
  ["email"]=>
  string(26) "joyce-quaresma@hotmail.com"
  ["placa"]=>
  string(8) "OMA-7498"
  ["unidade"]=>
  array(1) {
    [0]=>
    string(1) "1"
  }
}

[09/08/2023 09:41:25] Verificando a solicitação...
[09/08/2023 09:41:25] abgsoft-autopark-unimed.php
array(5) {
  ["nome"]=>
  string(34) "CHAIANE RODRIGUES DA SILVA MIRANDA"
  ["cpf"]=>
  string(11) "09640466603"
  ["email"]=>
  string(28) "chai.rodrigues2012@gmail.com"
  ["placa"]=>
  string(8) "Hcl 9294"
  ["unidade"]=>
  array(1) {
    [0]=>
    string(1) "5"
  }
}

[09/08/2023 10:02:09] Verificando a solicitação...
[09/08/2023 10:02:09] abgsoft-autopark-unimed.php
array(5) {
  ["nome"]=>
  string(23) "Jessica Dias Damasceno "
  ["cpf"]=>
  string(14) "098.254.596-70"
  ["email"]=>
  string(29) "jessicadamasceno1@hotmail.com"
  ["placa"]=>
  string(7) "PXB9661"
  ["unidade"]=>
  array(1) {
    [0]=>
    string(1) "5"
  }
}

[09/08/2023 11:13:20] Verificando a solicitação...
[09/08/2023 11:13:20] abgsoft-autopark-unimed.php
array(5) {
  ["nome"]=>
  string(27) "Débora mazzoni de Oliveira"
  ["cpf"]=>
  string(14) "126.833.926-13"
  ["email"]=>
  string(26) "DEBORA_MAZZONI@Hotmail.com"
  ["placa"]=>
  string(7) "HMB8971"
  ["unidade"]=>
  array(1) {
    [0]=>
    string(1) "7"
  }
}

[09/08/2023 12:06:31] Verificando a solicitação...
[09/08/2023 12:06:31] abgsoft-autopark-unimed.php
array(5) {
  ["nome"]=>
  string(23) "Aline Teixeira de Menez"
  ["cpf"]=>
  string(11) "06432099641"
  ["email"]=>
  string(17) "c0667378@vale.com"
  ["placa"]=>
  string(7) "owj2926"
  ["unidade"]=>
  array(1) {
    [0]=>
    string(1) "7"
  }
}

[09/08/2023 12:08:05] Verificando a solicitação...
[09/08/2023 12:08:05] abgsoft-autopark-unimed.php
array(5) {
  ["nome"]=>
  string(23) "Aline Teixeira de Menez"
  ["cpf"]=>
  string(11) "06432099641"
  ["email"]=>
  string(17) "c0667378@vale.com"
  ["placa"]=>
  string(7) "owj2926"
  ["unidade"]=>
  array(1) {
    [0]=>
    string(1) "7"
  }
}

[09/08/2023 12:30:31] Verificando a solicitação...
[09/08/2023 12:30:31] abgsoft-autopark-unimed.php
array(5) {
  ["nome"]=>
  string(20) "Rene Ribeiro Soares "
  ["cpf"]=>
  string(11) "43743463687"
  ["email"]=>
  string(23) "ralado2008@yahoo.com.br"
  ["placa"]=>
  string(7) "HIX7518"
  ["unidade"]=>
  array(1) {
    [0]=>
    string(1) "7"
  }
}

[09/08/2023 12:48:06] Verificando a solicitação...
[09/08/2023 12:48:06] abgsoft-autopark-unimed.php
array(5) {
  ["nome"]=>
  string(25) "Norivaldo Alves Ferreira "
  ["cpf"]=>
  string(11) "32020562634"
  ["email"]=>
  string(25) "norivaldo.alves@gmail.com"
  ["placa"]=>
  string(7) "Pub7738"
  ["unidade"]=>
  array(1) {
    [0]=>
    string(1) "1"
  }
}

[09/08/2023 12:49:36] Verificando a solicitação...
[09/08/2023 12:49:36] abgsoft-autopark-unimed.php
array(5) {
  ["nome"]=>
  string(20) "Bruna Soares Pimenta"
  ["cpf"]=>
  string(11) "07573571640"
  ["email"]=>
  string(25) "brunaspimenta@hotmail.com"
  ["placa"]=>
  string(7) "QUY3A85"
  ["unidade"]=>
  array(1) {
    [0]=>
    string(1) "5"
  }
}

[09/08/2023 01:07:26] Verificando a solicitação...
[09/08/2023 01:07:26] abgsoft-autopark-unimed.php
array(5) {
  ["nome"]=>
  string(22) "BENICIO MORAIS BOTELHO"
  ["cpf"]=>
  string(14) "195.165.056-51"
  ["email"]=>
  string(30) "anapaulinha_morais@hotmail.com"
  ["placa"]=>
  string(7) "HjkOF97"
  ["unidade"]=>
  array(1) {
    [0]=>
    string(1) "7"
  }
}

[09/08/2023 01:34:09] Verificando a solicitação...
[09/08/2023 01:34:09] abgsoft-autopark-unimed.php
array(5) {
  ["nome"]=>
  string(27) "sergio verissimo de lacerda"
  ["cpf"]=>
  string(14) "481.597.196-04"
  ["email"]=>
  string(21) "contluciano@gmail.com"
  ["placa"]=>
  string(7) "PVI0J89"
  ["unidade"]=>
  array(1) {
    [0]=>
    string(1) "2"
  }
}

[09/08/2023 01:43:48] Verificando a solicitação...
[09/08/2023 01:43:48] abgsoft-autopark-unimed.php
array(5) {
  ["nome"]=>
  string(20) "Paulo César Santos "
  ["cpf"]=>
  string(14) "029.111.976-07"
  ["email"]=>
  string(25) "paulocsantos032@gmail.com"
  ["placa"]=>
  string(7) "Gtw0345"
  ["unidade"]=>
  array(1) {
    [0]=>
    string(1) "2"
  }
}

[09/08/2023 01:44:21] Verificando a solicitação...
[09/08/2023 01:44:21] abgsoft-autopark-unimed.php
array(5) {
  ["nome"]=>
  string(38) "jose geraldo pereira dos santos junior"
  ["cpf"]=>
  string(11) "13178624651"
  ["email"]=>
  string(19) "agente855@gmail.com"
  ["placa"]=>
  string(7) "Hao9203"
  ["unidade"]=>
  array(1) {
    [0]=>
    string(1) "2"
  }
}

[09/08/2023 01:52:33] Verificando a solicitação...
[09/08/2023 01:52:33] abgsoft-autopark-unimed.php
array(5) {
  ["nome"]=>
  string(24) "Wagner Machado da Silva "
  ["cpf"]=>
  string(11) "82400032653"
  ["email"]=>
  string(25) "Wagner.msilva93@gmail.com"
  ["placa"]=>
  string(7) "RFO5H63"
  ["unidade"]=>
  array(1) {
    [0]=>
    string(1) "5"
  }
}

[09/08/2023 01:58:07] Verificando a solicitação...
[09/08/2023 01:58:07] abgsoft-autopark-unimed.php
array(5) {
  ["nome"]=>
  string(11) "GENNY MAFRA"
  ["cpf"]=>
  string(14) "392.461.166-15"
  ["email"]=>
  string(22) "gennymafra@hotmail.com"
  ["placa"]=>
  string(7) "OOY7283"
  ["unidade"]=>
  array(1) {
    [0]=>
    string(1) "5"
  }
}

[09/08/2023 02:09:22] Verificando a solicitação...
[09/08/2023 02:09:22] abgsoft-autopark-unimed.php
array(5) {
  ["nome"]=>
  string(24) "Leila Oliveira da Silva "
  ["cpf"]=>
  string(11) "12918714623"
  ["email"]=>
  string(27) "leiila.oliiveiira@gmail.com"
  ["placa"]=>
  string(7) "RFT6E13"
  ["unidade"]=>
  array(1) {
    [0]=>
    string(1) "5"
  }
}

[09/08/2023 02:13:19] Verificando a solicitação...
[09/08/2023 02:13:19] abgsoft-autopark-unimed.php
array(5) {
  ["nome"]=>
  string(24) "Leila Oliveira da Silva "
  ["cpf"]=>
  string(11) "12918714623"
  ["email"]=>
  string(27) "leiila.oliiveiira@gmail.com"
  ["placa"]=>
  string(7) "RFT6E13"
  ["unidade"]=>
  array(1) {
    [0]=>
    string(1) "4"
  }
}

[09/08/2023 02:16:31] Verificando a solicitação...
[09/08/2023 02:16:31] abgsoft-autopark-unimed.php
array(5) {
  ["nome"]=>
  string(27) "Cláudia Andrade de Barros "
  ["cpf"]=>
  string(11) "59110465634"
  ["email"]=>
  string(20) "clauandbar@gmail.com"
  ["placa"]=>
  string(7) "GNP7727"
  ["unidade"]=>
  array(1) {
    [0]=>
    string(1) "7"
  }
}

[09/08/2023 02:27:14] Verificando a solicitação...
[09/08/2023 04:00:54] Verificando a solicitação...
[09/08/2023 04:00:54] abgsoft-autopark-unimed.php
array(5) {
  ["nome"]=>
  string(23) "vicente de paula amatto"
  ["cpf"]=>
  string(14) "961.634.536-20"
  ["email"]=>
  string(27) "vicente_amatto@yahoo.com.br"
  ["placa"]=>
  string(7) "OWL5404"
  ["unidade"]=>
  array(1) {
    [0]=>
    string(1) "4"
  }
}

[09/08/2023 04:27:40] Verificando a solicitação...
[09/08/2023 04:27:40] abgsoft-autopark-unimed.php
array(5) {
  ["nome"]=>
  string(29) "Anna Flávia Botelho Siqueira"
  ["cpf"]=>
  string(14) "014.519.146-01"
  ["email"]=>
  string(20) "annaflor@outlook.com"
  ["placa"]=>
  string(7) "HLN6097"
  ["unidade"]=>
  array(1) {
    [0]=>
    string(1) "4"
  }
}

[09/08/2023 05:25:11] Verificando a solicitação...
[09/08/2023 05:25:11] abgsoft-autopark-unimed.php
array(5) {
  ["nome"]=>
  string(19) "Ronaldo Simão Dias"
  ["cpf"]=>
  string(14) "330.876.366-49"
  ["email"]=>
  string(25) "RONALDO-SIMAO@HOTMAIL.COM"
  ["placa"]=>
  string(7) "QXK9069"
  ["unidade"]=>
  array(1) {
    [0]=>
    string(1) "4"
  }
}

[09/08/2023 05:38:53] Verificando a solicitação...
[09/08/2023 05:38:53] abgsoft-autopark-unimed.php
array(5) {
  ["nome"]=>
  string(32) "Glaucia Costa Chaves Gonçalves "
  ["cpf"]=>
  string(15) "036.610.746-10 "
  ["email"]=>
  string(38) "glaucia.chavesgoncalves@edu.pbh.gov.br"
  ["placa"]=>
  string(7) "NOC8I37"
  ["unidade"]=>
  array(1) {
    [0]=>
    string(1) "5"
  }
}

[09/08/2023 05:40:32] Verificando a solicitação...
[09/08/2023 05:40:32] abgsoft-autopark-unimed.php
array(5) {
  ["nome"]=>
  string(14) "Marisa Vieira "
  ["cpf"]=>
  string(14) "355.555.486-72"
  ["email"]=>
  string(23) "marisavieirab@gmail.com"
  ["placa"]=>
  string(7) "Hef8741"
  ["unidade"]=>
  array(1) {
    [0]=>
    string(1) "5"
  }
}

[09/08/2023 06:20:37] Verificando a solicitação...
[09/08/2023 06:20:37] abgsoft-autopark-unimed.php
array(5) {
  ["nome"]=>
  string(28) "Aparecida das Graças Lopes "
  ["cpf"]=>
  string(14) "865.368.856-00"
  ["email"]=>
  string(22) "cidlopess@yahoo.com.br"
  ["placa"]=>
  string(8) "HMO 7072"
  ["unidade"]=>
  array(1) {
    [0]=>
    string(1) "7"
  }
}

[09/08/2023 08:25:07] Verificando a solicitação...
[09/08/2023 08:25:07] abgsoft-autopark-unimed.php
array(5) {
  ["nome"]=>
  string(21) "João Batista Ribeiro"
  ["cpf"]=>
  string(11) "26439425668"
  ["email"]=>
  string(23) "jbr.machadobh@gmail.com"
  ["placa"]=>
  string(7) "QNX1841"
  ["unidade"]=>
  array(1) {
    [0]=>
    string(1) "5"
  }
}

[09/08/2023 09:25:18] Verificando a solicitação...
[09/08/2023 09:25:18] abgsoft-autopark-unimed.php
array(5) {
  ["nome"]=>
  string(17) "SUSAN DA SILVEIRA"
  ["cpf"]=>
  string(14) "873.894.106-63"
  ["email"]=>
  string(26) "silveirasusan733@gmail.com"
  ["placa"]=>
  string(7) "EWS6416"
  ["unidade"]=>
  array(1) {
    [0]=>
    string(1) "5"
  }
}

[09/08/2023 09:40:29] Verificando a solicitação...
[09/08/2023 09:40:29] abgsoft-autopark-unimed.php
array(5) {
  ["nome"]=>
  string(25) "ANTONIO FERREIRA DA SILVA"
  ["cpf"]=>
  string(14) "044.891.836-66"
  ["email"]=>
  string(27) "a.ferreira2008@yahoo.com.br"
  ["placa"]=>
  string(7) "gux4716"
  ["unidade"]=>
  array(1) {
    [0]=>
    string(1) "7"
  }
}

[09/08/2023 09:46:40] Verificando a solicitação...
[09/08/2023 09:46:40] abgsoft-autopark-unimed.php
array(5) {
  ["nome"]=>
  string(21) "BRUNO FERREIRA FONTES"
  ["cpf"]=>
  string(14) "016.510.006-03"
  ["email"]=>
  string(18) "brunofff@gmail.com"
  ["placa"]=>
  string(7) "HMF9440"
  ["unidade"]=>
  array(1) {
    [0]=>
    string(1) "5"
  }
}

[09/08/2023 11:07:18] Verificando a solicitação...
[09/08/2023 11:07:18] abgsoft-autopark-unimed.php
array(5) {
  ["nome"]=>
  string(33) "Marcos Antônio Aguiar dos Santos"
  ["cpf"]=>
  string(14) "069.092.776-27"
  ["email"]=>
  string(23) "m.aguiar86@yahoo.com.br"
  ["placa"]=>
  string(7) "Puv5730"
  ["unidade"]=>
  array(1) {
    [0]=>
    string(1) "7"
  }
}

[09/08/2023 11:34:37] Verificando a solicitação...
[09/08/2023 11:34:37] abgsoft-autopark-unimed.php
array(5) {
  ["nome"]=>
  string(25) "Sidnei de Jesus Brandão "
  ["cpf"]=>
  string(14) "067.252.986-64"
  ["email"]=>
  string(22) "sidnei.j.b@hotmail.com"
  ["placa"]=>
  string(8) "HHL 4927"
  ["unidade"]=>
  array(1) {
    [0]=>
    string(1) "5"
  }
}

