[05/02/2023 01:06:50] Verificando a solicitação...
[05/02/2023 01:06:50] abgsoft-autopark-unimed.php
array(5) {
  ["nome"]=>
  string(21) "Derzi Amaro De Araujo"
  ["cpf"]=>
  string(14) "685.255.246-20"
  ["email"]=>
  string(23) "derzi.amaro49@gmail.com"
  ["placa"]=>
  string(7) "QQL4100"
  ["unidade"]=>
  array(1) {
    [0]=>
    string(1) "7"
  }
}

[05/02/2023 11:23:18] Verificando a solicitação...
[05/02/2023 11:34:02] Verificando a solicitação...
[05/02/2023 11:34:02] abgsoft-autopark-unimed.php
array(5) {
  ["nome"]=>
  string(27) "CRISTIANE DAS GRAÇAS SILVA"
  ["cpf"]=>
  string(11) "99011786653"
  ["email"]=>
  string(29) "cristianefaberes@yahoo.com.br"
  ["placa"]=>
  string(7) "OQV3508"
  ["unidade"]=>
  array(1) {
    [0]=>
    string(1) "2"
  }
}

[05/02/2023 11:36:16] Verificando a solicitação...
[05/02/2023 11:36:16] abgsoft-autopark-unimed.php
array(5) {
  ["nome"]=>
  string(29) "Euler Roberto de Souza Pinto "
  ["cpf"]=>
  string(11) "45942978620"
  ["email"]=>
  string(24) "eulerpinto1962@gmail.com"
  ["placa"]=>
  string(20) "QNP 0119 ou PZL 7874"
  ["unidade"]=>
  array(1) {
    [0]=>
    string(1) "7"
  }
}

[05/02/2023 11:46:33] Verificando a solicitação...
[05/02/2023 11:46:33] abgsoft-autopark-unimed.php
array(5) {
  ["nome"]=>
  string(16) "Barbara Carvalho"
  ["cpf"]=>
  string(14) "085.248.816-58"
  ["email"]=>
  string(22) "barbarast221@gmail.com"
  ["placa"]=>
  string(7) "Hmv1B57"
  ["unidade"]=>
  array(1) {
    [0]=>
    string(1) "2"
  }
}

[05/02/2023 11:51:59] Verificando a solicitação...
[05/02/2023 11:51:59] abgsoft-autopark-unimed.php
array(5) {
  ["nome"]=>
  string(18) "Cassio Jose torres"
  ["cpf"]=>
  string(11) "04199821678"
  ["email"]=>
  string(26) "gectecnologia@yahoo.com.br"
  ["placa"]=>
  string(7) "PZX0j74"
  ["unidade"]=>
  array(1) {
    [0]=>
    string(1) "3"
  }
}

[05/02/2023 12:36:03] Verificando a solicitação...
[05/02/2023 12:36:03] abgsoft-autopark-unimed.php
array(5) {
  ["nome"]=>
  string(22) "Geraldo Edson dos Reis"
  ["cpf"]=>
  string(14) "293.740.066-34"
  ["email"]=>
  string(20) "gedsonreis@gmail.com"
  ["placa"]=>
  string(7) "qwu0102"
  ["unidade"]=>
  array(1) {
    [0]=>
    string(1) "5"
  }
}

[05/02/2023 03:35:38] Verificando a solicitação...
[05/02/2023 03:35:38] abgsoft-autopark-unimed.php
array(5) {
  ["nome"]=>
  string(28) "Susanne Bothe Alvernaz Alvim"
  ["cpf"]=>
  string(14) "456.518.416-87"
  ["email"]=>
  string(18) "gmalvim@uai.com.br"
  ["placa"]=>
  string(7) "GKS7302"
  ["unidade"]=>
  array(1) {
    [0]=>
    string(1) "7"
  }
}

[05/02/2023 03:58:47] Verificando a solicitação...
[05/02/2023 03:58:47] abgsoft-autopark-unimed.php
array(5) {
  ["nome"]=>
  string(12) "Elita Alves "
  ["cpf"]=>
  string(14) "027.874.986-04"
  ["email"]=>
  string(24) "elitaalves2121@gmail.com"
  ["placa"]=>
  string(7) "Hak3b68"
  ["unidade"]=>
  array(1) {
    [0]=>
    string(1) "7"
  }
}

[05/02/2023 04:15:07] Verificando a solicitação...
[05/02/2023 04:15:07] abgsoft-autopark-unimed.php
array(5) {
  ["nome"]=>
  string(23) "Mario Lúcio Malaquias "
  ["cpf"]=>
  string(11) "47974850604"
  ["email"]=>
  string(27) "mluciomalaquias@hotmail.com"
  ["placa"]=>
  string(7) "Pzz5397"
  ["unidade"]=>
  array(1) {
    [0]=>
    string(1) "5"
  }
}

[05/02/2023 04:42:26] Verificando a solicitação...
[05/02/2023 04:42:26] abgsoft-autopark-unimed.php
array(5) {
  ["nome"]=>
  string(23) "Sabrina da Silva Santos"
  ["cpf"]=>
  string(14) "020.641.396-30"
  ["email"]=>
  string(24) "1sabrinasantos@gmail.com"
  ["placa"]=>
  string(7) "HCL4069"
  ["unidade"]=>
  array(1) {
    [0]=>
    string(1) "5"
  }
}

[05/02/2023 05:05:00] Verificando a solicitação...
[05/02/2023 05:05:00] abgsoft-autopark-unimed.php
array(5) {
  ["nome"]=>
  string(21) "BRAULIO JOSÉ PEREIRA"
  ["cpf"]=>
  string(14) "978.911.696-91"
  ["email"]=>
  string(22) "braulio.jp@hotmail.com"
  ["placa"]=>
  string(7) "HOG7118"
  ["unidade"]=>
  array(1) {
    [0]=>
    string(1) "5"
  }
}

[05/02/2023 05:06:13] Verificando a solicitação...
[05/02/2023 05:06:13] abgsoft-autopark-unimed.php
array(5) {
  ["nome"]=>
  string(9) "Ana Paula"
  ["cpf"]=>
  string(11) "04025417669"
  ["email"]=>
  string(20) "ana.bh2005@gmail.com"
  ["placa"]=>
  string(8) "HLU 6052"
  ["unidade"]=>
  array(1) {
    [0]=>
    string(1) "3"
  }
}

[05/02/2023 05:07:10] Verificando a solicitação...
[05/02/2023 05:07:10] abgsoft-autopark-unimed.php
array(5) {
  ["nome"]=>
  string(9) "Ana Paula"
  ["cpf"]=>
  string(11) "04025417669"
  ["email"]=>
  string(20) "ana.bh2005@gmail.com"
  ["placa"]=>
  string(8) "HLU 6052"
  ["unidade"]=>
  array(1) {
    [0]=>
    string(1) "2"
  }
}

[05/02/2023 05:22:01] Verificando a solicitação...
[05/02/2023 05:22:01] abgsoft-autopark-unimed.php
array(5) {
  ["nome"]=>
  string(17) "Matildes Cordeiro"
  ["cpf"]=>
  string(14) "039.026.066-57"
  ["email"]=>
  string(31) "matildessantosmartins@gmail.com"
  ["placa"]=>
  string(7) "HIU7555"
  ["unidade"]=>
  array(1) {
    [0]=>
    string(1) "2"
  }
}

[05/02/2023 05:52:10] Verificando a solicitação...
[05/02/2023 05:52:10] abgsoft-autopark-unimed.php
array(5) {
  ["nome"]=>
  string(9) "Cecília "
  ["cpf"]=>
  string(11) "89295200659"
  ["email"]=>
  string(21) "ctrancoso@hotmail.com"
  ["placa"]=>
  string(7) "HUC8G61"
  ["unidade"]=>
  array(1) {
    [0]=>
    string(1) "4"
  }
}

[05/02/2023 06:41:06] Verificando a solicitação...
[05/02/2023 06:41:06] abgsoft-autopark-unimed.php
array(5) {
  ["nome"]=>
  string(20) "Celso Ortunho Serra "
  ["cpf"]=>
  string(11) "39515109868"
  ["email"]=>
  string(17) "coserra@gmail.com"
  ["placa"]=>
  string(7) "QXJ1952"
  ["unidade"]=>
  array(1) {
    [0]=>
    string(1) "7"
  }
}

[05/02/2023 06:53:28] Verificando a solicitação...
[05/02/2023 06:53:28] abgsoft-autopark-unimed.php
array(5) {
  ["nome"]=>
  string(23) "Simone Teodoro Sobrinho"
  ["cpf"]=>
  string(14) "057.064.736-33"
  ["email"]=>
  string(21) "sisiteodoro@gmail.com"
  ["placa"]=>
  string(7) "Qua4060"
  ["unidade"]=>
  array(1) {
    [0]=>
    string(1) "7"
  }
}

[05/02/2023 08:04:03] Verificando a solicitação...
[05/02/2023 08:04:03] abgsoft-autopark-unimed.php
array(5) {
  ["nome"]=>
  string(28) "Cleidilene waldethe martins "
  ["cpf"]=>
  string(14) "035.693.116-19"
  ["email"]=>
  string(19) "cwaldethe@gmail.com"
  ["placa"]=>
  string(7) "PWP4127"
  ["unidade"]=>
  array(1) {
    [0]=>
    string(1) "2"
  }
}

[05/02/2023 08:23:23] Verificando a solicitação...
[05/02/2023 08:23:23] abgsoft-autopark-unimed.php
array(5) {
  ["nome"]=>
  string(26) "Érick Timóteo dos Santos"
  ["cpf"]=>
  string(11) "09998364639"
  ["email"]=>
  string(22) "timoteoerick@gmail.com"
  ["placa"]=>
  string(7) "GVI2164"
  ["unidade"]=>
  array(1) {
    [0]=>
    string(1) "5"
  }
}

[05/02/2023 09:33:22] Verificando a solicitação...
[05/02/2023 09:33:22] abgsoft-autopark-unimed.php
array(5) {
  ["nome"]=>
  string(21) "DIRCE MACHADO GUERRA "
  ["cpf"]=>
  string(14) "608.874.276-34"
  ["email"]=>
  string(23) "dircinhamg@yahoo.com.br"
  ["placa"]=>
  string(8) "JGI 3645"
  ["unidade"]=>
  array(1) {
    [0]=>
    string(1) "5"
  }
}

[05/02/2023 09:39:00] Verificando a solicitação...
[05/02/2023 09:39:00] abgsoft-autopark-unimed.php
array(5) {
  ["nome"]=>
  string(26) "Nizio José Duarte Guerra "
  ["cpf"]=>
  string(11) "01651447691"
  ["email"]=>
  string(23) "dircinhamg@yahoo.com.br"
  ["placa"]=>
  string(8) "JGI 3645"
  ["unidade"]=>
  array(1) {
    [0]=>
    string(1) "5"
  }
}

[05/02/2023 10:43:45] Verificando a solicitação...
[05/02/2023 10:43:45] abgsoft-autopark-unimed.php
array(5) {
  ["nome"]=>
  string(30) "Cristiana Luciana Costa Lopes "
  ["cpf"]=>
  string(11) "03426621630"
  ["email"]=>
  string(25) "cristianaclopes@gmail.com"
  ["placa"]=>
  string(7) "QQQ1825"
  ["unidade"]=>
  array(1) {
    [0]=>
    string(1) "5"
  }
}

[05/02/2023 11:36:58] Verificando a solicitação...
[05/02/2023 11:36:58] abgsoft-autopark-unimed.php
array(5) {
  ["nome"]=>
  string(5) "Diego"
  ["cpf"]=>
  string(11) "07350909632"
  ["email"]=>
  string(21) "diegofdutra@gmail.com"
  ["placa"]=>
  string(7) "Hfu3964"
  ["unidade"]=>
  array(1) {
    [0]=>
    string(1) "7"
  }
}

