[21/06/2023 12:05:14] Verificando a solicitação...
[21/06/2023 12:05:14] abgsoft-autopark-unimed.php
array(5) {
  ["nome"]=>
  string(28) "Rita Francisca Viana Albino "
  ["cpf"]=>
  string(11) "75459850606"
  ["email"]=>
  string(24) "ritaviana96@yahoo.com.br"
  ["placa"]=>
  string(7) "HNA0268"
  ["unidade"]=>
  array(1) {
    [0]=>
    string(1) "7"
  }
}

[21/06/2023 12:37:34] Verificando a solicitação...
[21/06/2023 12:37:34] abgsoft-autopark-unimed.php
array(5) {
  ["nome"]=>
  string(32) "Valessa da Silva Ferraz Sant'Ana"
  ["cpf"]=>
  string(14) "099.334.866-16"
  ["email"]=>
  string(26) "valessaferrazadv@gmail.com"
  ["placa"]=>
  string(7) "ORA4179"
  ["unidade"]=>
  array(1) {
    [0]=>
    string(1) "3"
  }
}

[21/06/2023 02:07:02] Verificando a solicitação...
[21/06/2023 02:07:02] abgsoft-autopark-unimed.php
array(5) {
  ["nome"]=>
  string(23) "Juliana Alves de Matos "
  ["cpf"]=>
  string(11) "01491926651"
  ["email"]=>
  string(27) "julianaalves-mm@hotmail.com"
  ["placa"]=>
  string(7) "Oqx3151"
  ["unidade"]=>
  array(1) {
    [0]=>
    string(1) "7"
  }
}

[21/06/2023 02:14:32] Verificando a solicitação...
[21/06/2023 02:14:32] abgsoft-autopark-unimed.php
array(5) {
  ["nome"]=>
  string(24) "luciana aparecida santos"
  ["cpf"]=>
  string(11) "77166825634"
  ["email"]=>
  string(20) "luckasp@terra.com.br"
  ["placa"]=>
  string(7) "HEK2985"
  ["unidade"]=>
  array(1) {
    [0]=>
    string(1) "5"
  }
}

[21/06/2023 02:23:27] Verificando a solicitação...
[21/06/2023 02:23:27] abgsoft-autopark-unimed.php
array(5) {
  ["nome"]=>
  string(28) "Patrícia Aparecida Martins "
  ["cpf"]=>
  string(11) "00951486632"
  ["email"]=>
  string(24) "pat2006martins@gmail.com"
  ["placa"]=>
  string(7) "Rmy4h69"
  ["unidade"]=>
  array(1) {
    [0]=>
    string(1) "3"
  }
}

[21/06/2023 02:32:51] Verificando a solicitação...
[21/06/2023 02:32:51] abgsoft-autopark-unimed.php
array(5) {
  ["nome"]=>
  string(20) "Pabloalbino da silva"
  ["cpf"]=>
  string(14) "124.633.006-71"
  ["email"]=>
  string(25) "pabloalbino2018@gmail.com"
  ["placa"]=>
  string(7) "Gqr6c28"
  ["unidade"]=>
  array(1) {
    [0]=>
    string(1) "1"
  }
}

[21/06/2023 03:32:11] Verificando a solicitação...
[21/06/2023 04:20:02] Verificando a solicitação...
[21/06/2023 05:00:14] Verificando a solicitação...
[21/06/2023 05:00:14] abgsoft-autopark-unimed.php
array(5) {
  ["nome"]=>
  string(20) "PRISCILA SOUZA DINIZ"
  ["cpf"]=>
  string(14) "107.842.796-83"
  ["email"]=>
  string(27) "prisciladiniz2017@gmail.com"
  ["placa"]=>
  string(7) "LRS9888"
  ["unidade"]=>
  array(1) {
    [0]=>
    string(1) "5"
  }
}

[21/06/2023 09:15:21] Verificando a solicitação...
[21/06/2023 09:15:21] abgsoft-autopark-unimed.php
array(5) {
  ["nome"]=>
  string(30) "Franck Sinatra Júlio Mourão "
  ["cpf"]=>
  string(11) "91225094615"
  ["email"]=>
  string(24) "bertoldomourao@gmail.com"
  ["placa"]=>
  string(7) "NTF3H77"
  ["unidade"]=>
  array(1) {
    [0]=>
    string(1) "2"
  }
}

[21/06/2023 09:27:43] Verificando a solicitação...
[21/06/2023 09:27:43] abgsoft-autopark-unimed.php
array(5) {
  ["nome"]=>
  string(24) "Renato Baeta Sacramento "
  ["cpf"]=>
  string(11) "88128997653"
  ["email"]=>
  string(25) "renato.baeta@yahoo.com.br"
  ["placa"]=>
  string(7) "OQV0837"
  ["unidade"]=>
  array(1) {
    [0]=>
    string(1) "5"
  }
}

[21/06/2023 09:53:17] Verificando a solicitação...
[21/06/2023 09:53:17] abgsoft-autopark-unimed.php
array(5) {
  ["nome"]=>
  string(32) "Julio César da Silva Rodrigues "
  ["cpf"]=>
  string(11) "04412002659"
  ["email"]=>
  string(29) "Juliorodrigues.jc38@gmail.com"
  ["placa"]=>
  string(7) "QOD3323"
  ["unidade"]=>
  array(1) {
    [0]=>
    string(1) "7"
  }
}

[21/06/2023 11:08:15] Verificando a solicitação...
[21/06/2023 11:08:15] abgsoft-autopark-unimed.php
array(5) {
  ["nome"]=>
  string(22) "ADALBERTO DUTRA MAULAS"
  ["cpf"]=>
  string(11) "83518487604"
  ["email"]=>
  string(20) "admaulas@hotmail.com"
  ["placa"]=>
  string(7) "qqz2816"
  ["unidade"]=>
  array(1) {
    [0]=>
    string(1) "5"
  }
}

[21/06/2023 11:21:26] Verificando a solicitação...
[21/06/2023 12:25:54] Verificando a solicitação...
[21/06/2023 12:25:54] abgsoft-autopark-unimed.php
array(5) {
  ["nome"]=>
  string(22) "Nayara Rodrigues Horta"
  ["cpf"]=>
  string(14) "015.493.556-51"
  ["email"]=>
  string(20) "nayararh@hotmail.com"
  ["placa"]=>
  string(7) "QWU2268"
  ["unidade"]=>
  array(1) {
    [0]=>
    string(1) "5"
  }
}

[21/06/2023 12:25:58] Verificando a solicitação...
[21/06/2023 12:25:58] abgsoft-autopark-unimed.php
array(5) {
  ["nome"]=>
  string(22) "Nayara Rodrigues Horta"
  ["cpf"]=>
  string(14) "015.493.556-51"
  ["email"]=>
  string(20) "nayararh@hotmail.com"
  ["placa"]=>
  string(7) "QWU2268"
  ["unidade"]=>
  array(1) {
    [0]=>
    string(1) "5"
  }
}

[21/06/2023 12:55:45] Verificando a solicitação...
[21/06/2023 12:55:45] abgsoft-autopark-unimed.php
array(5) {
  ["nome"]=>
  string(19) "Gian Alves dos Reis"
  ["cpf"]=>
  string(14) "037.230.196-76"
  ["email"]=>
  string(23) "gian_alves@yahoo.com.br"
  ["placa"]=>
  string(7) "HIF2894"
  ["unidade"]=>
  array(1) {
    [0]=>
    string(1) "5"
  }
}

[21/06/2023 12:59:15] Verificando a solicitação...
[21/06/2023 12:59:15] abgsoft-autopark-unimed.php
array(5) {
  ["nome"]=>
  string(32) "maria Elizabeth Guimarães rocha"
  ["cpf"]=>
  string(11) "23253673634"
  ["email"]=>
  string(20) "megrbh1@yahoo.com.br"
  ["placa"]=>
  string(7) "pxb5897"
  ["unidade"]=>
  array(1) {
    [0]=>
    string(1) "5"
  }
}

[21/06/2023 01:30:13] Verificando a solicitação...
[21/06/2023 01:55:25] Verificando a solicitação...
[21/06/2023 01:55:25] abgsoft-autopark-unimed.php
array(5) {
  ["nome"]=>
  string(34) "Gislaine de Cássia Alves Almeida "
  ["cpf"]=>
  string(11) "93663218600"
  ["email"]=>
  string(24) "gislainecassia@gmail.com"
  ["placa"]=>
  string(7) "QZC5F73"
  ["unidade"]=>
  array(1) {
    [0]=>
    string(1) "3"
  }
}

[21/06/2023 02:11:39] Verificando a solicitação...
[21/06/2023 02:11:39] abgsoft-autopark-unimed.php
array(5) {
  ["nome"]=>
  string(26) "Vivian Socorro De Carvalho"
  ["cpf"]=>
  string(11) "03364489610"
  ["email"]=>
  string(22) "viviancarv38@gmail.com"
  ["placa"]=>
  string(7) "QNX3687"
  ["unidade"]=>
  array(1) {
    [0]=>
    string(1) "5"
  }
}

[21/06/2023 02:16:00] Verificando a solicitação...
[21/06/2023 02:16:00] abgsoft-autopark-unimed.php
array(5) {
  ["nome"]=>
  string(6) "MIRIAM"
  ["cpf"]=>
  string(11) "10984248676"
  ["email"]=>
  string(28) "miriamalves.kaka@hotmail.com"
  ["placa"]=>
  string(7) "HHM0D81"
  ["unidade"]=>
  array(1) {
    [0]=>
    string(1) "2"
  }
}

[21/06/2023 02:46:07] Verificando a solicitação...
[21/06/2023 02:46:07] abgsoft-autopark-unimed.php
array(5) {
  ["nome"]=>
  string(37) "ELVIS EUSTÁQUIO DE OLIVEIRA CARVALHO"
  ["cpf"]=>
  string(11) "11522878696"
  ["email"]=>
  string(20) "elviscarva@gmail.com"
  ["placa"]=>
  string(7) "OPB7J41"
  ["unidade"]=>
  array(1) {
    [0]=>
    string(1) "5"
  }
}

[21/06/2023 02:56:57] Verificando a solicitação...
[21/06/2023 02:56:57] abgsoft-autopark-unimed.php
array(5) {
  ["nome"]=>
  string(26) "Waldomiro Teodoro de Souza"
  ["cpf"]=>
  string(11) "09879358600"
  ["email"]=>
  string(21) "taniamaras@icloud.com"
  ["placa"]=>
  string(7) "SHQ3E81"
  ["unidade"]=>
  array(1) {
    [0]=>
    string(1) "7"
  }
}

[21/06/2023 03:08:24] Verificando a solicitação...
[21/06/2023 03:08:24] abgsoft-autopark-unimed.php
array(5) {
  ["nome"]=>
  string(20) "Jaqueline Malaquias "
  ["cpf"]=>
  string(11) "54870984687"
  ["email"]=>
  string(23) "jaq.malaquias@gmail.com"
  ["placa"]=>
  string(7) "Hka8356"
  ["unidade"]=>
  array(1) {
    [0]=>
    string(1) "5"
  }
}

[21/06/2023 03:09:11] Verificando a solicitação...
[21/06/2023 03:09:11] abgsoft-autopark-unimed.php
array(5) {
  ["nome"]=>
  string(23) "Geraldo da conceição "
  ["cpf"]=>
  string(14) "955.050.086-15"
  ["email"]=>
  string(30) "geraldofilhodorei002@gmail.com"
  ["placa"]=>
  string(8) "HMY3l94 "
  ["unidade"]=>
  array(1) {
    [0]=>
    string(1) "5"
  }
}

[21/06/2023 04:06:53] Verificando a solicitação...
[21/06/2023 04:06:53] abgsoft-autopark-unimed.php
array(5) {
  ["nome"]=>
  string(20) "CRISTIANE MELO SILVA"
  ["cpf"]=>
  string(11) "02443266656"
  ["email"]=>
  string(22) "cjmmelosilva@gmail.com"
  ["placa"]=>
  string(7) "SHD5I84"
  ["unidade"]=>
  array(1) {
    [0]=>
    string(1) "7"
  }
}

[21/06/2023 04:25:42] Verificando a solicitação...
[21/06/2023 04:25:42] abgsoft-autopark-unimed.php
array(5) {
  ["nome"]=>
  string(22) "FABIANA BORGES QUININO"
  ["cpf"]=>
  string(11) "01358083673"
  ["email"]=>
  string(27) "fabianaborgesamor@gmail.com"
  ["placa"]=>
  string(7) "hhj9356"
  ["unidade"]=>
  array(1) {
    [0]=>
    string(1) "7"
  }
}

[21/06/2023 04:45:24] Verificando a solicitação...
[21/06/2023 04:45:24] abgsoft-autopark-unimed.php
array(5) {
  ["nome"]=>
  string(24) "Elisandra Sônia e Silva"
  ["cpf"]=>
  string(14) "000.759.956-03"
  ["email"]=>
  string(22) "angelsan2007@gmail.com"
  ["placa"]=>
  string(7) "QOX1591"
  ["unidade"]=>
  array(1) {
    [0]=>
    string(1) "7"
  }
}

[21/06/2023 04:57:23] Verificando a solicitação...
[21/06/2023 04:57:23] abgsoft-autopark-unimed.php
array(5) {
  ["nome"]=>
  string(29) "José Otávio Castro Monteiro"
  ["cpf"]=>
  string(14) "506.377.386-91"
  ["email"]=>
  string(24) "jocmonteiro@yahoo.com.br"
  ["placa"]=>
  string(7) "GZK6419"
  ["unidade"]=>
  array(1) {
    [0]=>
    string(1) "7"
  }
}

[21/06/2023 05:01:01] Verificando a solicitação...
[21/06/2023 05:01:01] abgsoft-autopark-unimed.php
array(5) {
  ["nome"]=>
  string(40) "ARIANI CRISTINA RODRIGUES DUTRA E CAMPOS"
  ["cpf"]=>
  string(14) "933.150.316-49"
  ["email"]=>
  string(19) "camposacr@gmail.com"
  ["placa"]=>
  string(7) "qnn9926"
  ["unidade"]=>
  array(1) {
    [0]=>
    string(1) "4"
  }
}

[21/06/2023 05:52:02] Verificando a solicitação...
[21/06/2023 05:52:02] abgsoft-autopark-unimed.php
array(5) {
  ["nome"]=>
  string(21) "Talles Fiuza de Souza"
  ["cpf"]=>
  string(11) "11128260689"
  ["email"]=>
  string(23) "tallesfiuza@hotmail.com"
  ["placa"]=>
  string(8) "SHF1C23 "
  ["unidade"]=>
  array(1) {
    [0]=>
    string(1) "5"
  }
}

[21/06/2023 06:07:50] Verificando a solicitação...
[21/06/2023 06:07:50] abgsoft-autopark-unimed.php
array(5) {
  ["nome"]=>
  string(22) "Larissa Pereira Neves "
  ["cpf"]=>
  string(11) "02050022697"
  ["email"]=>
  string(31) "larissapereiraneves14@gmail.com"
  ["placa"]=>
  string(8) "Gtk9i69 "
  ["unidade"]=>
  array(1) {
    [0]=>
    string(1) "5"
  }
}

[21/06/2023 06:23:04] Verificando a solicitação...
[21/06/2023 06:23:04] abgsoft-autopark-unimed.php
array(5) {
  ["nome"]=>
  string(29) "Silvana Lúcia Chaves Velozo "
  ["cpf"]=>
  string(11) "48199893672"
  ["email"]=>
  string(19) "sil43sl@hotmail.com"
  ["placa"]=>
  string(8) "QUD4F51 "
  ["unidade"]=>
  array(1) {
    [0]=>
    string(1) "7"
  }
}

[21/06/2023 06:57:48] Verificando a solicitação...
[21/06/2023 06:57:48] abgsoft-autopark-unimed.php
array(5) {
  ["nome"]=>
  string(27) "Carlos Roberto Pinto Portes"
  ["cpf"]=>
  string(11) "47336803687"
  ["email"]=>
  string(31) "carlosportesvendas@yahoo.com.br"
  ["placa"]=>
  string(7) "FEX8099"
  ["unidade"]=>
  array(1) {
    [0]=>
    string(1) "7"
  }
}

[21/06/2023 08:36:25] Verificando a solicitação...
[21/06/2023 08:36:25] abgsoft-autopark-unimed.php
array(5) {
  ["nome"]=>
  string(20) "Ana Paula Souza lima"
  ["cpf"]=>
  string(14) "022.659.886-18"
  ["email"]=>
  string(24) "anapaula120997@gmail.com"
  ["placa"]=>
  string(7) "Qpp6f68"
  ["unidade"]=>
  array(1) {
    [0]=>
    string(1) "7"
  }
}

[21/06/2023 08:41:08] Verificando a solicitação...
[21/06/2023 08:41:08] abgsoft-autopark-unimed.php
array(5) {
  ["nome"]=>
  string(21) "Eliene Barbosa Vieira"
  ["cpf"]=>
  string(11) "01158345674"
  ["email"]=>
  string(27) "elienebarbosa0166@gmail.com"
  ["placa"]=>
  string(7) "HTK3490"
  ["unidade"]=>
  array(1) {
    [0]=>
    string(1) "5"
  }
}

[21/06/2023 09:01:26] Verificando a solicitação...
[21/06/2023 09:01:26] abgsoft-autopark-unimed.php
array(5) {
  ["nome"]=>
  string(15) "Marcelo Egoshi "
  ["cpf"]=>
  string(11) "13691749852"
  ["email"]=>
  string(18) "megoshi@icloud.com"
  ["placa"]=>
  string(7) "OQZ0963"
  ["unidade"]=>
  array(1) {
    [0]=>
    string(1) "5"
  }
}

[21/06/2023 10:04:36] Verificando a solicitação...
[21/06/2023 10:04:36] abgsoft-autopark-unimed.php
array(5) {
  ["nome"]=>
  string(23) "LAURITA VICENTE PEREIRA"
  ["cpf"]=>
  string(14) "507.349.706-68"
  ["email"]=>
  string(25) "laurita.vicente@gmail.com"
  ["placa"]=>
  string(7) "OWM0439"
  ["unidade"]=>
  array(1) {
    [0]=>
    string(1) "7"
  }
}

[21/06/2023 10:29:56] Verificando a solicitação...
[21/06/2023 10:29:56] abgsoft-autopark-unimed.php
array(5) {
  ["nome"]=>
  string(22) "Celso Fraga da Fonseca"
  ["cpf"]=>
  string(11) "32664320610"
  ["email"]=>
  string(24) "celso.fraga@terra.com.br"
  ["placa"]=>
  string(7) "RVP8C17"
  ["unidade"]=>
  array(1) {
    [0]=>
    string(1) "5"
  }
}

[21/06/2023 11:43:18] Verificando a solicitação...
[21/06/2023 11:43:18] abgsoft-autopark-unimed.php
array(5) {
  ["nome"]=>
  string(22) "wilma Sueli dos Santos"
  ["cpf"]=>
  string(14) "556.675.896-72"
  ["email"]=>
  string(19) "wilmasan9@gmail.com"
  ["placa"]=>
  string(7) "OWO4675"
  ["unidade"]=>
  array(1) {
    [0]=>
    string(1) "5"
  }
}

