[30/05/2023 12:26:05] Verificando a solicitação...
[30/05/2023 12:26:05] abgsoft-autopark-unimed.php
array(5) {
  ["nome"]=>
  string(19) "Michelle Fernandes "
  ["cpf"]=>
  string(14) "026.838.136-43"
  ["email"]=>
  string(26) "michelle.rene@yahoo.com.br"
  ["placa"]=>
  string(7) "Qqi1161"
  ["unidade"]=>
  array(1) {
    [0]=>
    string(1) "5"
  }
}

[30/05/2023 12:57:31] Verificando a solicitação...
[30/05/2023 12:57:31] abgsoft-autopark-unimed.php
array(5) {
  ["nome"]=>
  string(14) "Enoque Amaral "
  ["cpf"]=>
  string(11) "98867946668"
  ["email"]=>
  string(27) "amaralfreitas43@outlook.com"
  ["placa"]=>
  string(7) "Hae9056"
  ["unidade"]=>
  array(1) {
    [0]=>
    string(1) "3"
  }
}

[30/05/2023 01:31:47] Verificando a solicitação...
[30/05/2023 01:31:47] abgsoft-autopark-unimed.php
array(5) {
  ["nome"]=>
  string(29) "Wagner Roberto Alves Martins "
  ["cpf"]=>
  string(11) "01276907605"
  ["email"]=>
  string(29) "wagnerarthurroberto@gmail.com"
  ["placa"]=>
  string(7) "Guj4766"
  ["unidade"]=>
  array(1) {
    [0]=>
    string(1) "7"
  }
}

[30/05/2023 02:06:32] Verificando a solicitação...
[30/05/2023 02:06:32] abgsoft-autopark-unimed.php
array(5) {
  ["nome"]=>
  string(18) "Andreia Leao Sena "
  ["cpf"]=>
  string(14) "060.565.096-99"
  ["email"]=>
  string(21) "selecao.oms@gmail.com"
  ["placa"]=>
  string(7) "QOE9942"
  ["unidade"]=>
  array(1) {
    [0]=>
    string(1) "7"
  }
}

[30/05/2023 02:31:19] Verificando a solicitação...
[30/05/2023 02:31:19] abgsoft-autopark-unimed.php
array(5) {
  ["nome"]=>
  string(25) "Alessandra carla da silva"
  ["cpf"]=>
  string(11) "91356385672"
  ["email"]=>
  string(24) "Silvacarlak@yahoo.com.br"
  ["placa"]=>
  string(7) "olx0683"
  ["unidade"]=>
  array(1) {
    [0]=>
    string(1) "5"
  }
}

[30/05/2023 02:38:24] Verificando a solicitação...
[30/05/2023 02:38:24] abgsoft-autopark-unimed.php
array(5) {
  ["nome"]=>
  string(22) "Marco Aurélio Barbosa"
  ["cpf"]=>
  string(14) "099.484.516-27"
  ["email"]=>
  string(26) "aureliobarbosa46@gmail.com"
  ["placa"]=>
  string(7) "grv0j03"
  ["unidade"]=>
  array(1) {
    [0]=>
    string(1) "5"
  }
}

[30/05/2023 06:54:33] Verificando a solicitação...
[30/05/2023 06:54:33] abgsoft-autopark-unimed.php
array(5) {
  ["nome"]=>
  string(37) "ANGELA DE OLIVEIRA RODRIGUES PALOMINO"
  ["cpf"]=>
  string(14) "037.341.116-25"
  ["email"]=>
  string(23) "angelgeoamb@hotmail.com"
  ["placa"]=>
  string(7) "OQR1314"
  ["unidade"]=>
  array(1) {
    [0]=>
    string(1) "5"
  }
}

[30/05/2023 10:01:55] Verificando a solicitação...
[30/05/2023 10:01:55] abgsoft-autopark-unimed.php
array(5) {
  ["nome"]=>
  string(25) "Aline de oliveira braulio"
  ["cpf"]=>
  string(11) "06255837602"
  ["email"]=>
  string(20) "alynecar13@gmail.com"
  ["placa"]=>
  string(7) "Gte5686"
  ["unidade"]=>
  array(1) {
    [0]=>
    string(1) "5"
  }
}

[30/05/2023 10:04:52] Verificando a solicitação...
[30/05/2023 10:04:52] abgsoft-autopark-unimed.php
array(5) {
  ["nome"]=>
  string(25) "José Luiz Brito almeida "
  ["cpf"]=>
  string(11) "04338136600"
  ["email"]=>
  string(26) "luiz.almeida21jl@gmail.com"
  ["placa"]=>
  string(7) "puk3866"
  ["unidade"]=>
  array(1) {
    [0]=>
    string(1) "3"
  }
}

[30/05/2023 10:19:57] Verificando a solicitação...
[30/05/2023 10:19:57] abgsoft-autopark-unimed.php
array(5) {
  ["nome"]=>
  string(12) "marisa costa"
  ["cpf"]=>
  string(14) "048.079.698-03"
  ["email"]=>
  string(29) "marisa.gamesdacosta@gmail.com"
  ["placa"]=>
  string(7) "OPT7554"
  ["unidade"]=>
  array(1) {
    [0]=>
    string(1) "5"
  }
}

[30/05/2023 10:24:47] Verificando a solicitação...
[30/05/2023 10:24:47] abgsoft-autopark-unimed.php
array(5) {
  ["nome"]=>
  string(21) "Marilia Brant Rabello"
  ["cpf"]=>
  string(11) "43856829687"
  ["email"]=>
  string(28) "marilia.rabello@yahoo.com.br"
  ["placa"]=>
  string(8) "NED 0397"
  ["unidade"]=>
  array(1) {
    [0]=>
    string(1) "5"
  }
}

[30/05/2023 10:53:49] Verificando a solicitação...
[30/05/2023 10:53:49] abgsoft-autopark-unimed.php
array(5) {
  ["nome"]=>
  string(18) "Claudio Lemos reis"
  ["cpf"]=>
  string(11) "94197164653"
  ["email"]=>
  string(23) "jackreis214@hotmail.com"
  ["placa"]=>
  string(7) "Pvw2949"
  ["unidade"]=>
  array(1) {
    [0]=>
    string(1) "5"
  }
}

[30/05/2023 11:06:24] Verificando a solicitação...
[30/05/2023 11:06:24] abgsoft-autopark-unimed.php
array(5) {
  ["nome"]=>
  string(27) "Cláudia Andrade de Barros "
  ["cpf"]=>
  string(11) "59110465634"
  ["email"]=>
  string(20) "clauandbar@gmail.com"
  ["placa"]=>
  string(7) "GNP7727"
  ["unidade"]=>
  array(1) {
    [0]=>
    string(1) "7"
  }
}

[30/05/2023 11:16:20] Verificando a solicitação...
[30/05/2023 11:16:20] abgsoft-autopark-unimed.php
array(5) {
  ["nome"]=>
  string(23) "Thiago Victor Ferreira "
  ["cpf"]=>
  string(11) "07529099671"
  ["email"]=>
  string(23) "thiagowork609@gmail.com"
  ["placa"]=>
  string(7) "GZF3G90"
  ["unidade"]=>
  array(1) {
    [0]=>
    string(1) "5"
  }
}

[30/05/2023 11:19:19] Verificando a solicitação...
[30/05/2023 11:20:57] Verificando a solicitação...
[30/05/2023 11:20:57] abgsoft-autopark-unimed.php
array(5) {
  ["nome"]=>
  string(11) "Jairo Reis "
  ["cpf"]=>
  string(15) "012.537.287-63 "
  ["email"]=>
  string(24) "jairo.b.reis@hotmail.com"
  ["placa"]=>
  string(9) "Oxe 6C92 "
  ["unidade"]=>
  array(1) {
    [0]=>
    string(1) "5"
  }
}

[30/05/2023 11:22:43] Verificando a solicitação...
[30/05/2023 11:22:43] abgsoft-autopark-unimed.php
array(5) {
  ["nome"]=>
  string(23) "Áurea Ferreira Barbosa"
  ["cpf"]=>
  string(11) "05178895606"
  ["email"]=>
  string(17) "aureafb@gmail.com"
  ["placa"]=>
  string(7) "HNE4J04"
  ["unidade"]=>
  array(1) {
    [0]=>
    string(1) "5"
  }
}

[30/05/2023 11:35:44] Verificando a solicitação...
[30/05/2023 11:35:44] abgsoft-autopark-unimed.php
array(5) {
  ["nome"]=>
  string(38) "Stefanni santos Teixeira Campos silva "
  ["cpf"]=>
  string(11) "06425914661"
  ["email"]=>
  string(25) "stefannisantos4@gmail.com"
  ["placa"]=>
  string(7) "Dxc7353"
  ["unidade"]=>
  array(1) {
    [0]=>
    string(1) "7"
  }
}

[30/05/2023 12:14:07] Verificando a solicitação...
[30/05/2023 12:14:07] abgsoft-autopark-unimed.php
array(5) {
  ["nome"]=>
  string(25) "Alexandre da Cunha Coelho"
  ["cpf"]=>
  string(14) "053.303.846-48"
  ["email"]=>
  string(26) "alexxandre.cunha@gmail.com"
  ["placa"]=>
  string(7) "SHQ8D43"
  ["unidade"]=>
  array(1) {
    [0]=>
    string(1) "5"
  }
}

[30/05/2023 12:14:46] Verificando a solicitação...
[30/05/2023 12:14:46] abgsoft-autopark-unimed.php
array(5) {
  ["nome"]=>
  string(34) "Rosangela Aparecida Pinto Barbosa "
  ["cpf"]=>
  string(15) "050.902.846-28 "
  ["email"]=>
  string(23) "rapsouza01@yahoo.com.br"
  ["placa"]=>
  string(8) "QMQ 9737"
  ["unidade"]=>
  array(1) {
    [0]=>
    string(1) "3"
  }
}

[30/05/2023 12:33:45] Verificando a solicitação...
[30/05/2023 12:33:45] abgsoft-autopark-unimed.php
array(5) {
  ["nome"]=>
  string(22) "Felipe Mendes Santiago"
  ["cpf"]=>
  string(11) "04201296695"
  ["email"]=>
  string(22) "felitimendes@gmail.com"
  ["placa"]=>
  string(7) "HID7168"
  ["unidade"]=>
  array(1) {
    [0]=>
    string(1) "1"
  }
}

[30/05/2023 12:46:22] Verificando a solicitação...
[30/05/2023 12:50:21] Verificando a solicitação...
[30/05/2023 12:50:21] abgsoft-autopark-unimed.php
array(5) {
  ["nome"]=>
  string(23) "Heleno Vieira de Aquino"
  ["cpf"]=>
  string(11) "31728804604"
  ["email"]=>
  string(23) "heleno.aquino@gmail.com"
  ["placa"]=>
  string(7) "OQR9830"
  ["unidade"]=>
  array(1) {
    [0]=>
    string(1) "5"
  }
}

[30/05/2023 01:11:18] Verificando a solicitação...
[30/05/2023 01:11:18] abgsoft-autopark-unimed.php
array(5) {
  ["nome"]=>
  string(17) "joao batista dias"
  ["cpf"]=>
  string(11) "01491450711"
  ["email"]=>
  string(20) "joaodiasbh@gmail.com"
  ["placa"]=>
  string(7) "aqz1204"
  ["unidade"]=>
  array(1) {
    [0]=>
    string(1) "5"
  }
}

[30/05/2023 01:17:03] Verificando a solicitação...
[30/05/2023 01:17:03] abgsoft-autopark-unimed.php
array(5) {
  ["nome"]=>
  string(21) "Arthur Pereira Vieira"
  ["cpf"]=>
  string(11) "11788573609"
  ["email"]=>
  string(21) "arthpvieira@gmail.com"
  ["placa"]=>
  string(7) "FLY5H85"
  ["unidade"]=>
  array(1) {
    [0]=>
    string(1) "7"
  }
}

[30/05/2023 01:26:41] Verificando a solicitação...
[30/05/2023 01:26:41] abgsoft-autopark-unimed.php
array(5) {
  ["nome"]=>
  string(24) "Rubens Ferreira Cordeiro"
  ["cpf"]=>
  string(14) "125.113.156-53"
  ["email"]=>
  string(25) "rubensfcordeiro@gmail.com"
  ["placa"]=>
  string(7) "QQZ0021"
  ["unidade"]=>
  array(1) {
    [0]=>
    string(1) "5"
  }
}

[30/05/2023 02:01:50] Verificando a solicitação...
[30/05/2023 02:01:50] abgsoft-autopark-unimed.php
array(5) {
  ["nome"]=>
  string(23) "SANDRA MAGNA DOS SANTOS"
  ["cpf"]=>
  string(14) "809.620.846-20"
  ["email"]=>
  string(21) "sandrambh13@gmail.com"
  ["placa"]=>
  string(7) "HIK2890"
  ["unidade"]=>
  array(1) {
    [0]=>
    string(1) "7"
  }
}

[30/05/2023 02:05:34] Verificando a solicitação...
[30/05/2023 02:05:34] abgsoft-autopark-unimed.php
array(5) {
  ["nome"]=>
  string(23) "Israel da Silva Santos "
  ["cpf"]=>
  string(15) "089.067.026-98 "
  ["email"]=>
  string(24) "Israelsantis10@gmail.com"
  ["placa"]=>
  string(8) "Hjq 9147"
  ["unidade"]=>
  array(1) {
    [0]=>
    string(1) "7"
  }
}

[30/05/2023 02:16:32] Verificando a solicitação...
[30/05/2023 02:21:25] Verificando a solicitação...
[30/05/2023 02:21:25] abgsoft-autopark-unimed.php
array(5) {
  ["nome"]=>
  string(19) "Marcos Alves Leite "
  ["cpf"]=>
  string(15) "955.697.316-87 "
  ["email"]=>
  string(25) "marcoscontabeis@gmail.com"
  ["placa"]=>
  string(8) "OQO 5752"
  ["unidade"]=>
  array(1) {
    [0]=>
    string(1) "2"
  }
}

[30/05/2023 02:32:18] Verificando a solicitação...
[30/05/2023 02:32:18] abgsoft-autopark-unimed.php
array(5) {
  ["nome"]=>
  string(36) "Márcia Maria Pinto de Moura Barros "
  ["cpf"]=>
  string(11) "22774742668"
  ["email"]=>
  string(29) "marciamariabarros02@gmail.com"
  ["placa"]=>
  string(7) "SHB1A01"
  ["unidade"]=>
  array(1) {
    [0]=>
    string(1) "5"
  }
}

[30/05/2023 02:34:36] Verificando a solicitação...
[30/05/2023 02:36:23] Verificando a solicitação...
[30/05/2023 02:36:23] abgsoft-autopark-unimed.php
array(5) {
  ["nome"]=>
  string(24) "ALEXANDRE FARIA BAPTISTA"
  ["cpf"]=>
  string(14) "967.522.626-91"
  ["email"]=>
  string(27) "alexandrefaria718@gmail.com"
  ["placa"]=>
  string(7) "hko8088"
  ["unidade"]=>
  array(1) {
    [0]=>
    string(1) "7"
  }
}

[30/05/2023 02:40:13] Verificando a solicitação...
[30/05/2023 02:40:13] abgsoft-autopark-unimed.php
array(5) {
  ["nome"]=>
  string(22) "ANDREIA MARIA DE JESUS"
  ["cpf"]=>
  string(14) "077.109.986-07"
  ["email"]=>
  string(23) "andreiafini28@gmail.com"
  ["placa"]=>
  string(7) "HEJ8541"
  ["unidade"]=>
  array(1) {
    [0]=>
    string(1) "4"
  }
}

[30/05/2023 02:51:08] Verificando a solicitação...
[30/05/2023 02:51:08] abgsoft-autopark-unimed.php
array(5) {
  ["nome"]=>
  string(23) "Renato De Souza Barbosa"
  ["cpf"]=>
  string(11) "01272340635"
  ["email"]=>
  string(23) "renato9312@yahoo.com.br"
  ["placa"]=>
  string(7) "HFS8990"
  ["unidade"]=>
  array(1) {
    [0]=>
    string(1) "5"
  }
}

[30/05/2023 02:51:31] Verificando a solicitação...
[30/05/2023 02:51:31] abgsoft-autopark-unimed.php
array(5) {
  ["nome"]=>
  string(23) "Renato De Souza Barbosa"
  ["cpf"]=>
  string(11) "01272340635"
  ["email"]=>
  string(23) "renato9312@yahoo.com.br"
  ["placa"]=>
  string(7) "HFS8990"
  ["unidade"]=>
  array(1) {
    [0]=>
    string(1) "5"
  }
}

[30/05/2023 03:04:11] Verificando a solicitação...
[30/05/2023 03:04:11] abgsoft-autopark-unimed.php
array(5) {
  ["nome"]=>
  string(8) "Glaucia "
  ["cpf"]=>
  string(11) "78672147634"
  ["email"]=>
  string(23) "glauciamiriam@gmail.com"
  ["placa"]=>
  string(7) "Hkp9361"
  ["unidade"]=>
  array(1) {
    [0]=>
    string(1) "2"
  }
}

[30/05/2023 03:06:16] Verificando a solicitação...
[30/05/2023 03:06:16] abgsoft-autopark-unimed.php
array(5) {
  ["nome"]=>
  string(34) "JORGE LUIZ CRISPIM MENDES DE SOUZA"
  ["cpf"]=>
  string(14) "155.354.876-00"
  ["email"]=>
  string(27) "jorgel.crispim@yahoo.com.br"
  ["placa"]=>
  string(7) "RUI5E16"
  ["unidade"]=>
  array(1) {
    [0]=>
    string(1) "5"
  }
}

[30/05/2023 03:07:06] Verificando a solicitação...
[30/05/2023 03:07:06] abgsoft-autopark-unimed.php
array(5) {
  ["nome"]=>
  string(26) "Ivonete Patrícia Monteiro"
  ["cpf"]=>
  string(11) "97846716620"
  ["email"]=>
  string(28) "ipatriciamartins@hotmail.com"
  ["placa"]=>
  string(8) "RFC1B80 "
  ["unidade"]=>
  array(1) {
    [0]=>
    string(1) "5"
  }
}

[30/05/2023 03:07:30] Verificando a solicitação...
[30/05/2023 03:07:30] abgsoft-autopark-unimed.php
array(5) {
  ["nome"]=>
  string(26) "Ivonete Patrícia Monteiro"
  ["cpf"]=>
  string(11) "97846716620"
  ["email"]=>
  string(28) "ipatriciamartins@hotmail.com"
  ["placa"]=>
  string(8) "RFC1B80 "
  ["unidade"]=>
  array(1) {
    [0]=>
    string(1) "5"
  }
}

[30/05/2023 03:20:03] Verificando a solicitação...
[30/05/2023 03:20:03] abgsoft-autopark-unimed.php
array(5) {
  ["nome"]=>
  string(27) "REGINA CELIA AZEVEDO VILACA"
  ["cpf"]=>
  string(11) "26975220697"
  ["email"]=>
  string(25) "regina.vilaca@hotmail.com"
  ["placa"]=>
  string(7) "QUH6C59"
  ["unidade"]=>
  array(1) {
    [0]=>
    string(1) "7"
  }
}

[30/05/2023 04:02:31] Verificando a solicitação...
[30/05/2023 04:02:31] abgsoft-autopark-unimed.php
array(5) {
  ["nome"]=>
  string(30) "Renato Ferreira Nunes Júnior "
  ["cpf"]=>
  string(14) "075.491.506-99"
  ["email"]=>
  string(23) "fiuzafiuza.rf@gmail.com"
  ["placa"]=>
  string(7) "Hfp3645"
  ["unidade"]=>
  array(1) {
    [0]=>
    string(1) "5"
  }
}

[30/05/2023 04:13:46] Verificando a solicitação...
[30/05/2023 04:13:46] abgsoft-autopark-unimed.php
array(5) {
  ["nome"]=>
  string(19) "Paloma Amaral Pinto"
  ["cpf"]=>
  string(11) "11743594631"
  ["email"]=>
  string(25) "paloma_aps22@yahoo.com.br"
  ["placa"]=>
  string(7) "GSB6729"
  ["unidade"]=>
  array(1) {
    [0]=>
    string(1) "5"
  }
}

[30/05/2023 04:30:06] Verificando a solicitação...
[30/05/2023 04:30:06] abgsoft-autopark-unimed.php
array(5) {
  ["nome"]=>
  string(23) "Mariana de Castro Nunes"
  ["cpf"]=>
  string(11) "05260042662"
  ["email"]=>
  string(32) "bibliotecaclitabatista@gmail.com"
  ["placa"]=>
  string(8) "HNK-2615"
  ["unidade"]=>
  array(1) {
    [0]=>
    string(1) "5"
  }
}

[30/05/2023 04:30:06] Verificando a solicitação...
[30/05/2023 04:30:06] abgsoft-autopark-unimed.php
array(5) {
  ["nome"]=>
  string(23) "Mariana de Castro Nunes"
  ["cpf"]=>
  string(11) "05260042662"
  ["email"]=>
  string(32) "bibliotecaclitabatista@gmail.com"
  ["placa"]=>
  string(8) "HNK-2615"
  ["unidade"]=>
  array(1) {
    [0]=>
    string(1) "5"
  }
}

[30/05/2023 04:31:01] Verificando a solicitação...
[30/05/2023 04:31:01] abgsoft-autopark-unimed.php
array(5) {
  ["nome"]=>
  string(23) "Mariana de Castro Nunes"
  ["cpf"]=>
  string(11) "05260042662"
  ["email"]=>
  string(32) "bibliotecaclitabatista@gmail.com"
  ["placa"]=>
  string(8) "HNK-2615"
  ["unidade"]=>
  array(1) {
    [0]=>
    string(1) "5"
  }
}

[30/05/2023 04:38:20] Verificando a solicitação...
[30/05/2023 04:38:20] abgsoft-autopark-unimed.php
array(5) {
  ["nome"]=>
  string(27) "REGINA CELIA AZEVEDO VILACA"
  ["cpf"]=>
  string(11) "26975220697"
  ["email"]=>
  string(25) "regina.vilaca@hotmail.com"
  ["placa"]=>
  string(7) "QUH6C59"
  ["unidade"]=>
  array(1) {
    [0]=>
    string(1) "7"
  }
}

[30/05/2023 04:46:59] Verificando a solicitação...
[30/05/2023 04:46:59] abgsoft-autopark-unimed.php
array(5) {
  ["nome"]=>
  string(32) "Lúcia Angélica da Cruz Barreto"
  ["cpf"]=>
  string(14) "005.523.086-50"
  ["email"]=>
  string(25) "luciaac.barreto@gmail.com"
  ["placa"]=>
  string(8) "QPV 2144"
  ["unidade"]=>
  array(1) {
    [0]=>
    string(1) "5"
  }
}

[30/05/2023 05:08:42] Verificando a solicitação...
[30/05/2023 05:08:42] abgsoft-autopark-unimed.php
array(5) {
  ["nome"]=>
  string(27) "Marcia A Freitas Estanislau"
  ["cpf"]=>
  string(14) "421.267.116-68"
  ["email"]=>
  string(28) "marciaestanislau@hotmail.com"
  ["placa"]=>
  string(7) "QPK7577"
  ["unidade"]=>
  array(1) {
    [0]=>
    string(1) "5"
  }
}

[30/05/2023 05:16:14] Verificando a solicitação...
[30/05/2023 05:16:14] abgsoft-autopark-unimed.php
array(5) {
  ["nome"]=>
  string(27) "Felipe de Laurentys Drumond"
  ["cpf"]=>
  string(14) "064.425.586-22"
  ["email"]=>
  string(24) "delaurentys@yahoo.com.br"
  ["placa"]=>
  string(7) "okx4188"
  ["unidade"]=>
  array(1) {
    [0]=>
    string(1) "5"
  }
}

[30/05/2023 05:28:30] Verificando a solicitação...
[30/05/2023 05:28:30] abgsoft-autopark-unimed.php
array(5) {
  ["nome"]=>
  string(27) "Francine Tângari Pettersen"
  ["cpf"]=>
  string(11) "79117627672"
  ["email"]=>
  string(28) "francinetangari@yahoo.com.br"
  ["placa"]=>
  string(7) "PYG5792"
  ["unidade"]=>
  array(1) {
    [0]=>
    string(1) "5"
  }
}

[30/05/2023 06:07:49] Verificando a solicitação...
[30/05/2023 06:07:49] abgsoft-autopark-unimed.php
array(5) {
  ["nome"]=>
  string(6) "Nilton"
  ["cpf"]=>
  string(11) "06779685666"
  ["email"]=>
  string(20) "niltonpadi@gmail.com"
  ["placa"]=>
  string(8) "DVS-1j18"
  ["unidade"]=>
  array(1) {
    [0]=>
    string(1) "5"
  }
}

[30/05/2023 06:52:26] Verificando a solicitação...
[30/05/2023 06:52:26] abgsoft-autopark-unimed.php
array(5) {
  ["nome"]=>
  string(34) "Paula Helena Alves Siqueira Rogana"
  ["cpf"]=>
  string(14) "132.590.016-89"
  ["email"]=>
  string(25) "paulahelena95@hotmail.com"
  ["placa"]=>
  string(7) "QPY4074"
  ["unidade"]=>
  array(1) {
    [0]=>
    string(1) "7"
  }
}

[30/05/2023 06:54:07] Verificando a solicitação...
[30/05/2023 06:54:07] abgsoft-autopark-unimed.php
array(5) {
  ["nome"]=>
  string(34) "Paula Helena Alves Siqueira Rogana"
  ["cpf"]=>
  string(11) "13259001689"
  ["email"]=>
  string(25) "paulahelena95@hotmail.com"
  ["placa"]=>
  string(7) "QPY4074"
  ["unidade"]=>
  array(1) {
    [0]=>
    string(1) "7"
  }
}

[30/05/2023 06:54:44] Verificando a solicitação...
[30/05/2023 06:54:44] abgsoft-autopark-unimed.php
array(5) {
  ["nome"]=>
  string(34) "Paula Helena Alves Siqueira Rogana"
  ["cpf"]=>
  string(11) "13259001689"
  ["email"]=>
  string(25) "paulahelena95@hotmail.com"
  ["placa"]=>
  string(7) "QPY4074"
  ["unidade"]=>
  array(1) {
    [0]=>
    string(1) "7"
  }
}

[30/05/2023 06:55:27] Verificando a solicitação...
[30/05/2023 06:55:27] abgsoft-autopark-unimed.php
array(5) {
  ["nome"]=>
  string(26) "William de Freitas Moreira"
  ["cpf"]=>
  string(14) "791.793.476-49"
  ["email"]=>
  string(18) "morwil22@gmail.com"
  ["placa"]=>
  string(7) "RTL1H98"
  ["unidade"]=>
  array(1) {
    [0]=>
    string(1) "5"
  }
}

[30/05/2023 06:58:13] Verificando a solicitação...
[30/05/2023 06:58:13] abgsoft-autopark-unimed.php
array(5) {
  ["nome"]=>
  string(24) "Marcelo Nogueira Machado"
  ["cpf"]=>
  string(11) "04222988677"
  ["email"]=>
  string(25) "marcelonmachado@gmail.com"
  ["placa"]=>
  string(7) "qwr2A01"
  ["unidade"]=>
  array(1) {
    [0]=>
    string(1) "5"
  }
}

[30/05/2023 07:21:01] Verificando a solicitação...
[30/05/2023 07:21:01] abgsoft-autopark-unimed.php
array(5) {
  ["nome"]=>
  string(5) "Diego"
  ["cpf"]=>
  string(11) "07350909632"
  ["email"]=>
  string(21) "diegofdutra@gmail.com"
  ["placa"]=>
  string(7) "Hfu3964"
  ["unidade"]=>
  array(1) {
    [0]=>
    string(1) "5"
  }
}

[30/05/2023 07:21:20] Verificando a solicitação...
[30/05/2023 07:21:20] abgsoft-autopark-unimed.php
array(5) {
  ["nome"]=>
  string(5) "Diego"
  ["cpf"]=>
  string(11) "07350909632"
  ["email"]=>
  string(21) "diegofdutra@gmail.com"
  ["placa"]=>
  string(7) "Hfu3964"
  ["unidade"]=>
  array(1) {
    [0]=>
    string(1) "5"
  }
}

[30/05/2023 07:34:43] Verificando a solicitação...
[30/05/2023 07:34:43] abgsoft-autopark-unimed.php
array(5) {
  ["nome"]=>
  string(15) "Sofia Monteiro "
  ["cpf"]=>
  string(11) "15324627607"
  ["email"]=>
  string(25) "lidimonteiro@yahoo.com.br"
  ["placa"]=>
  string(7) "HMZ7315"
  ["unidade"]=>
  array(1) {
    [0]=>
    string(1) "7"
  }
}

[30/05/2023 07:36:52] Verificando a solicitação...
[30/05/2023 07:36:52] abgsoft-autopark-unimed.php
array(5) {
  ["nome"]=>
  string(21) "José Carlos Andradas"
  ["cpf"]=>
  string(14) "011.845.456-00"
  ["email"]=>
  string(25) "lidimonteiro@yahoo.com.br"
  ["placa"]=>
  string(7) "HMZ7315"
  ["unidade"]=>
  array(1) {
    [0]=>
    string(1) "5"
  }
}

[30/05/2023 08:02:28] Verificando a solicitação...
[30/05/2023 08:02:28] abgsoft-autopark-unimed.php
array(5) {
  ["nome"]=>
  string(21) "maria analia de sousa"
  ["cpf"]=>
  string(14) "278.496.006-49"
  ["email"]=>
  string(25) "analiasousa2014@gmail.com"
  ["placa"]=>
  string(8) "PWK-6131"
  ["unidade"]=>
  array(1) {
    [0]=>
    string(1) "4"
  }
}

[30/05/2023 08:25:06] Verificando a solicitação...
[30/05/2023 08:25:06] abgsoft-autopark-unimed.php
array(5) {
  ["nome"]=>
  string(23) "Wander Tibúrcio Braga "
  ["cpf"]=>
  string(11) "69092877620"
  ["email"]=>
  string(22) "w.tiburcio.b@gmail.com"
  ["placa"]=>
  string(8) "Gzn-8995"
  ["unidade"]=>
  array(1) {
    [0]=>
    string(1) "2"
  }
}

[30/05/2023 08:36:14] Verificando a solicitação...
[30/05/2023 08:36:14] abgsoft-autopark-unimed.php
array(5) {
  ["nome"]=>
  string(20) "Rejane Mara da Silva"
  ["cpf"]=>
  string(14) "048.788.936-30"
  ["email"]=>
  string(24) "Rejanemara2020@gmail.com"
  ["placa"]=>
  string(7) "HCF2I41"
  ["unidade"]=>
  array(1) {
    [0]=>
    string(1) "5"
  }
}

[30/05/2023 08:40:10] Verificando a solicitação...
[30/05/2023 08:40:10] abgsoft-autopark-unimed.php
array(5) {
  ["nome"]=>
  string(20) "Rejane Mara da Silva"
  ["cpf"]=>
  string(11) "04878893630"
  ["email"]=>
  string(24) "Rejanemara2020@gmail.com"
  ["placa"]=>
  string(7) "HCF2I41"
  ["unidade"]=>
  array(1) {
    [0]=>
    string(1) "7"
  }
}

[30/05/2023 08:40:40] Verificando a solicitação...
[30/05/2023 08:40:40] abgsoft-autopark-unimed.php
array(5) {
  ["nome"]=>
  string(20) "Rejane Mara da Silva"
  ["cpf"]=>
  string(11) "04878893630"
  ["email"]=>
  string(24) "Rejanemara2020@gmail.com"
  ["placa"]=>
  string(7) "HCF2I41"
  ["unidade"]=>
  array(1) {
    [0]=>
    string(1) "7"
  }
}

[30/05/2023 08:42:39] Verificando a solicitação...
[30/05/2023 08:42:39] abgsoft-autopark-unimed.php
array(5) {
  ["nome"]=>
  string(28) "Charles Rodrigues dos Santos"
  ["cpf"]=>
  string(11) "93329148691"
  ["email"]=>
  string(27) "charlesrsantos@yahoo.com.br"
  ["placa"]=>
  string(7) "GUN2133"
  ["unidade"]=>
  array(1) {
    [0]=>
    string(1) "7"
  }
}

[30/05/2023 08:42:58] Verificando a solicitação...
[30/05/2023 08:42:58] abgsoft-autopark-unimed.php
array(5) {
  ["nome"]=>
  string(28) "Charles Rodrigues dos Santos"
  ["cpf"]=>
  string(11) "93329148691"
  ["email"]=>
  string(27) "charlesrsantos@yahoo.com.br"
  ["placa"]=>
  string(7) "GUN2133"
  ["unidade"]=>
  array(1) {
    [0]=>
    string(1) "7"
  }
}

[30/05/2023 08:55:37] Verificando a solicitação...
[30/05/2023 08:55:37] abgsoft-autopark-unimed.php
array(5) {
  ["nome"]=>
  string(13) "Marciro Veiga"
  ["cpf"]=>
  string(14) "794.801.876-04"
  ["email"]=>
  string(21) "veiga2011@hotmail.com"
  ["placa"]=>
  string(7) "Ffv8b98"
  ["unidade"]=>
  array(1) {
    [0]=>
    string(1) "5"
  }
}

[30/05/2023 09:35:50] Verificando a solicitação...
[30/05/2023 09:35:50] abgsoft-autopark-unimed.php
array(5) {
  ["nome"]=>
  string(35) "Michelle Aparecida Ribeiro Barbosa "
  ["cpf"]=>
  string(11) "04215485681"
  ["email"]=>
  string(25) "michelleflor1@hotmail.com"
  ["placa"]=>
  string(7) "HDW7751"
  ["unidade"]=>
  array(1) {
    [0]=>
    string(1) "7"
  }
}

[30/05/2023 09:45:16] Verificando a solicitação...
[30/05/2023 09:45:16] abgsoft-autopark-unimed.php
array(5) {
  ["nome"]=>
  string(36) "Adelane Pimenta da Costa Vasconcelos"
  ["cpf"]=>
  string(11) "05429598607"
  ["email"]=>
  string(21) "adelanepc@hotmail.com"
  ["placa"]=>
  string(8) "PYW 0177"
  ["unidade"]=>
  array(1) {
    [0]=>
    string(1) "4"
  }
}

[30/05/2023 09:59:06] Verificando a solicitação...
[30/05/2023 09:59:06] abgsoft-autopark-unimed.php
array(5) {
  ["nome"]=>
  string(34) "Michelle Aparecida Ribeiro Barbosa"
  ["cpf"]=>
  string(11) "04215485681"
  ["email"]=>
  string(25) "michelleflor1@hotmail.com"
  ["placa"]=>
  string(7) "Hdw7751"
  ["unidade"]=>
  array(1) {
    [0]=>
    string(1) "7"
  }
}

[30/05/2023 10:24:35] Verificando a solicitação...
[30/05/2023 10:24:35] abgsoft-autopark-unimed.php
array(5) {
  ["nome"]=>
  string(33) "Marcos Antônio Aguiar dos Santos"
  ["cpf"]=>
  string(14) "069.092.776-27"
  ["email"]=>
  string(23) "m.aguiar86@yahoo.com.br"
  ["placa"]=>
  string(7) "Puv5730"
  ["unidade"]=>
  array(1) {
    [0]=>
    string(1) "2"
  }
}

[30/05/2023 10:43:08] Verificando a solicitação...
[30/05/2023 10:43:08] abgsoft-autopark-unimed.php
array(5) {
  ["nome"]=>
  string(28) "HERMENGARDO J. ANDRADE NETTO"
  ["cpf"]=>
  string(11) "16509056615"
  ["email"]=>
  string(26) "andrade_netto@yahoo.com.br"
  ["placa"]=>
  string(8) "hjg 3380"
  ["unidade"]=>
  array(1) {
    [0]=>
    string(1) "5"
  }
}

[30/05/2023 10:43:33] Verificando a solicitação...
[30/05/2023 10:43:33] abgsoft-autopark-unimed.php
array(5) {
  ["nome"]=>
  string(28) "HERMENGARDO J. ANDRADE NETTO"
  ["cpf"]=>
  string(11) "16509056615"
  ["email"]=>
  string(26) "andrade_netto@yahoo.com.br"
  ["placa"]=>
  string(8) "hjg 3380"
  ["unidade"]=>
  array(1) {
    [0]=>
    string(1) "5"
  }
}

[30/05/2023 10:49:16] Verificando a solicitação...
[30/05/2023 10:49:16] abgsoft-autopark-unimed.php
array(5) {
  ["nome"]=>
  string(41) "Lúcia de Fátima Machado Santos Moreira "
  ["cpf"]=>
  string(11) "60747650659"
  ["email"]=>
  string(18) "luftmac3@gmail.com"
  ["placa"]=>
  string(7) "QPT9592"
  ["unidade"]=>
  array(1) {
    [0]=>
    string(1) "5"
  }
}

[30/05/2023 11:25:27] Verificando a solicitação...
[30/05/2023 11:25:27] abgsoft-autopark-unimed.php
array(5) {
  ["nome"]=>
  string(33) "Maria Aparecida Martins de Moura "
  ["cpf"]=>
  string(11) "01170189610"
  ["email"]=>
  string(23) "cidinhahmoura@gmail.com"
  ["placa"]=>
  string(7) "hga0966"
  ["unidade"]=>
  array(1) {
    [0]=>
    string(1) "7"
  }
}

[30/05/2023 11:41:48] Verificando a solicitação...
[30/05/2023 11:41:48] abgsoft-autopark-unimed.php
array(5) {
  ["nome"]=>
  string(35) "Durcilene aparecida Martins schuab "
  ["cpf"]=>
  string(11) "24166294687"
  ["email"]=>
  string(20) "dulceggf@hotmail.com"
  ["placa"]=>
  string(7) "OWP4635"
  ["unidade"]=>
  array(1) {
    [0]=>
    string(1) "7"
  }
}

[30/05/2023 11:42:26] Verificando a solicitação...
[30/05/2023 11:42:26] abgsoft-autopark-unimed.php
array(5) {
  ["nome"]=>
  string(35) "Durcilene aparecida Martins schuab "
  ["cpf"]=>
  string(11) "24166294687"
  ["email"]=>
  string(20) "dulceggf@hotmail.com"
  ["placa"]=>
  string(7) "OWP4635"
  ["unidade"]=>
  array(1) {
    [0]=>
    string(1) "7"
  }
}

[30/05/2023 11:49:57] Verificando a solicitação...
[30/05/2023 11:49:57] abgsoft-autopark-unimed.php
array(5) {
  ["nome"]=>
  string(35) "Bruno Celso Evangelista de Carvalho"
  ["cpf"]=>
  string(14) "015.486.616-43"
  ["email"]=>
  string(25) "brunocep1986@yahoo.com.br"
  ["placa"]=>
  string(7) "QNM1934"
  ["unidade"]=>
  array(1) {
    [0]=>
    string(1) "1"
  }
}

