[09/04/2023 01:36:32] Verificando a solicitação...
[09/04/2023 01:36:32] abgsoft-autopark-unimed.php
array(5) {
  ["nome"]=>
  string(28) "Guilherme Faria de Oliveira "
  ["cpf"]=>
  string(11) "13002320641"
  ["email"]=>
  string(23) "gui.faroliadv@gmail.com"
  ["placa"]=>
  string(7) "QNP8286"
  ["unidade"]=>
  array(1) {
    [0]=>
    string(1) "5"
  }
}

[09/04/2023 02:06:52] Verificando a solicitação...
[09/04/2023 02:06:52] abgsoft-autopark-unimed.php
array(5) {
  ["nome"]=>
  string(36) "Maria de Fatima Ribeiro de Oliveira "
  ["cpf"]=>
  string(11) "48148733600"
  ["email"]=>
  string(33) "fatimaribeirodeoliveira@gmail.com"
  ["placa"]=>
  string(8) "HOG 5298"
  ["unidade"]=>
  array(1) {
    [0]=>
    string(1) "7"
  }
}

[09/04/2023 03:25:48] Verificando a solicitação...
[09/04/2023 03:25:48] abgsoft-autopark-unimed.php
array(5) {
  ["nome"]=>
  string(24) "Rafael Wilson de Andrade"
  ["cpf"]=>
  string(14) "104.355.047-03"
  ["email"]=>
  string(34) "wilsondeandrade.rafael32@gmail.com"
  ["placa"]=>
  string(7) "Gsp2i10"
  ["unidade"]=>
  array(1) {
    [0]=>
    string(1) "7"
  }
}

[09/04/2023 11:00:20] Verificando a solicitação...
[09/04/2023 11:00:20] abgsoft-autopark-unimed.php
array(5) {
  ["nome"]=>
  string(28) "Sidneia Vanusa Dias de Souza"
  ["cpf"]=>
  string(14) "048.152.726-54"
  ["email"]=>
  string(22) "dias.sidneia@gmail.com"
  ["placa"]=>
  string(7) "Hhs0662"
  ["unidade"]=>
  array(1) {
    [0]=>
    string(1) "5"
  }
}

[09/04/2023 11:03:43] Verificando a solicitação...
[09/04/2023 11:03:43] abgsoft-autopark-unimed.php
array(5) {
  ["nome"]=>
  string(20) "Bruno Alves da Silva"
  ["cpf"]=>
  string(14) "059.486.546-80"
  ["email"]=>
  string(21) "brunoalvesn@gmail.com"
  ["placa"]=>
  string(7) "PQN8A35"
  ["unidade"]=>
  array(1) {
    [0]=>
    string(1) "7"
  }
}

[09/04/2023 11:32:04] Verificando a solicitação...
[09/04/2023 11:32:04] abgsoft-autopark-unimed.php
array(5) {
  ["nome"]=>
  string(9) "Esmailia "
  ["cpf"]=>
  string(14) "056.960.796-52"
  ["email"]=>
  string(29) "cristinaesmailia@yahoo.com.br"
  ["placa"]=>
  string(7) "AIT5E82"
  ["unidade"]=>
  array(1) {
    [0]=>
    string(1) "7"
  }
}

[09/04/2023 11:32:36] Verificando a solicitação...
[09/04/2023 11:32:36] abgsoft-autopark-unimed.php
array(5) {
  ["nome"]=>
  string(9) "Esmailia "
  ["cpf"]=>
  string(14) "056.960.796-52"
  ["email"]=>
  string(29) "cristinaesmailia@yahoo.com.br"
  ["placa"]=>
  string(7) "AIT5E82"
  ["unidade"]=>
  array(1) {
    [0]=>
    string(1) "7"
  }
}

[09/04/2023 12:12:25] Verificando a solicitação...
[09/04/2023 12:12:25] abgsoft-autopark-unimed.php
array(5) {
  ["nome"]=>
  string(6) "Marcos"
  ["cpf"]=>
  string(11) "11830506668"
  ["email"]=>
  string(22) "npffranca@yahoo.com.br"
  ["placa"]=>
  string(7) "Olq7069"
  ["unidade"]=>
  array(1) {
    [0]=>
    string(1) "5"
  }
}

[09/04/2023 12:12:29] Verificando a solicitação...
[09/04/2023 12:12:29] abgsoft-autopark-unimed.php
array(5) {
  ["nome"]=>
  string(6) "Marcos"
  ["cpf"]=>
  string(11) "11830506668"
  ["email"]=>
  string(22) "npffranca@yahoo.com.br"
  ["placa"]=>
  string(7) "Olq7069"
  ["unidade"]=>
  array(1) {
    [0]=>
    string(1) "5"
  }
}

[09/04/2023 12:48:41] Verificando a solicitação...
[09/04/2023 12:48:41] abgsoft-autopark-unimed.php
array(5) {
  ["nome"]=>
  string(18) "Gustavo aburachid "
  ["cpf"]=>
  string(11) "61322822620"
  ["email"]=>
  string(28) "gustavoaburachid06@gmail.com"
  ["placa"]=>
  string(8) "Shc3j32 "
  ["unidade"]=>
  array(1) {
    [0]=>
    string(1) "5"
  }
}

[09/04/2023 01:26:51] Verificando a solicitação...
[09/04/2023 01:26:51] abgsoft-autopark-unimed.php
array(5) {
  ["nome"]=>
  string(27) "Alessandra Rodrigues Prado "
  ["cpf"]=>
  string(11) "12926596618"
  ["email"]=>
  string(24) "alessandrar236@gmail.com"
  ["placa"]=>
  string(7) "GWR1248"
  ["unidade"]=>
  array(1) {
    [0]=>
    string(1) "5"
  }
}

[09/04/2023 02:05:43] Verificando a solicitação...
[09/04/2023 02:05:43] abgsoft-autopark-unimed.php
array(5) {
  ["nome"]=>
  string(25) "Washington José ferreira"
  ["cpf"]=>
  string(14) "032.580.576-80"
  ["email"]=>
  string(21) "washingtonf@gmail.com"
  ["placa"]=>
  string(7) "EZA6148"
  ["unidade"]=>
  array(1) {
    [0]=>
    string(1) "5"
  }
}

[09/04/2023 02:23:49] Verificando a solicitação...
[09/04/2023 02:23:49] abgsoft-autopark-unimed.php
array(5) {
  ["nome"]=>
  string(21) "MARA TADEU DOS SANTOS"
  ["cpf"]=>
  string(14) "625.285.996-68"
  ["email"]=>
  string(17) "mt.sant@gmail.com"
  ["placa"]=>
  string(7) "GPY2C79"
  ["unidade"]=>
  array(1) {
    [0]=>
    string(1) "5"
  }
}

[09/04/2023 02:24:10] Verificando a solicitação...
[09/04/2023 02:24:10] abgsoft-autopark-unimed.php
array(5) {
  ["nome"]=>
  string(28) "Luciana Almeida de Oliveira "
  ["cpf"]=>
  string(11) "26063988823"
  ["email"]=>
  string(25) "lu_a.oliveira@hotmail.com"
  ["placa"]=>
  string(7) "Rmt2b92"
  ["unidade"]=>
  array(1) {
    [0]=>
    string(1) "5"
  }
}

[09/04/2023 02:28:36] Verificando a solicitação...
[09/04/2023 02:28:36] abgsoft-autopark-unimed.php
array(5) {
  ["nome"]=>
  string(21) "MARA TADEU DOS SANTOS"
  ["cpf"]=>
  string(14) "625.285.996-68"
  ["email"]=>
  string(17) "mt.sant@gmail.com"
  ["placa"]=>
  string(7) "GPY2C79"
  ["unidade"]=>
  array(1) {
    [0]=>
    string(1) "5"
  }
}

[09/04/2023 04:52:47] Verificando a solicitação...
[09/04/2023 04:52:47] abgsoft-autopark-unimed.php
array(5) {
  ["nome"]=>
  string(24) "Roberta Mara Gonçalves "
  ["cpf"]=>
  string(11) "91276551649"
  ["email"]=>
  string(30) "robertamaragoncalves@gmail.com"
  ["placa"]=>
  string(7) "PVP8381"
  ["unidade"]=>
  array(1) {
    [0]=>
    string(1) "2"
  }
}

[09/04/2023 05:23:55] Verificando a solicitação...
[09/04/2023 05:23:55] abgsoft-autopark-unimed.php
array(5) {
  ["nome"]=>
  string(18) "Amanda Cardoso da "
  ["cpf"]=>
  string(14) "103.830.416-43"
  ["email"]=>
  string(31) "amandacardososilva@yahoo.com.br"
  ["placa"]=>
  string(7) "Dvb0947"
  ["unidade"]=>
  array(1) {
    [0]=>
    string(1) "5"
  }
}

[09/04/2023 05:27:23] Verificando a solicitação...
[09/04/2023 05:27:23] abgsoft-autopark-unimed.php
array(5) {
  ["nome"]=>
  string(24) "Amanda Cardoso da Silva "
  ["cpf"]=>
  string(14) "727.473.827-53"
  ["email"]=>
  string(31) "amandacardososilva@yahoo.com.br"
  ["placa"]=>
  string(7) "Dvb0947"
  ["unidade"]=>
  array(1) {
    [0]=>
    string(1) "5"
  }
}

[09/04/2023 05:59:35] Verificando a solicitação...
[09/04/2023 05:59:35] abgsoft-autopark-unimed.php
array(5) {
  ["nome"]=>
  string(13) "Yago Dangelo "
  ["cpf"]=>
  string(11) "12892188628"
  ["email"]=>
  string(26) "Yago.toshibenx@hotmail.com"
  ["placa"]=>
  string(7) "JNK2B83"
  ["unidade"]=>
  array(1) {
    [0]=>
    string(1) "5"
  }
}

[09/04/2023 06:00:19] Verificando a solicitação...
[09/04/2023 06:00:19] abgsoft-autopark-unimed.php
array(5) {
  ["nome"]=>
  string(13) "Yago Dangelo "
  ["cpf"]=>
  string(11) "12892188628"
  ["email"]=>
  string(26) "Yago.toshibenx@hotmail.com"
  ["placa"]=>
  string(7) "JNK2B83"
  ["unidade"]=>
  array(1) {
    [0]=>
    string(1) "5"
  }
}

[09/04/2023 06:07:48] Verificando a solicitação...
[09/04/2023 06:07:48] abgsoft-autopark-unimed.php
array(5) {
  ["nome"]=>
  string(27) "Alethea Barbosa De Oliveira"
  ["cpf"]=>
  string(14) "042.819.296-30"
  ["email"]=>
  string(22) "teialex888@hotmail.com"
  ["placa"]=>
  string(7) "Owi9638"
  ["unidade"]=>
  array(1) {
    [0]=>
    string(1) "2"
  }
}

[09/04/2023 06:56:02] Verificando a solicitação...
[09/04/2023 06:56:02] abgsoft-autopark-unimed.php
array(5) {
  ["nome"]=>
  string(37) "maria da gloria lithz pereira pereira"
  ["cpf"]=>
  string(14) "456.573.516-49"
  ["email"]=>
  string(21) "dolilithz@hotmail.com"
  ["placa"]=>
  string(7) "PVM5164"
  ["unidade"]=>
  array(1) {
    [0]=>
    string(1) "5"
  }
}

[09/04/2023 07:37:14] Verificando a solicitação...
[09/04/2023 07:37:14] abgsoft-autopark-unimed.php
array(5) {
  ["nome"]=>
  string(24) "Eduardo Gabrich Siqueira"
  ["cpf"]=>
  string(11) "58934146672"
  ["email"]=>
  string(27) "eduardogabrich@yahoo.com.br"
  ["placa"]=>
  string(7) "rut1a76"
  ["unidade"]=>
  array(1) {
    [0]=>
    string(1) "4"
  }
}

[09/04/2023 07:42:20] Verificando a solicitação...
[09/04/2023 07:42:20] abgsoft-autopark-unimed.php
array(5) {
  ["nome"]=>
  string(22) "VAGNER APARECIDO SILVA"
  ["cpf"]=>
  string(14) "030.394.256-84"
  ["email"]=>
  string(24) "vagnnersilva@hotmail.com"
  ["placa"]=>
  string(7) "Gzx8g91"
  ["unidade"]=>
  array(1) {
    [0]=>
    string(1) "7"
  }
}

[09/04/2023 07:57:47] Verificando a solicitação...
[09/04/2023 07:57:47] abgsoft-autopark-unimed.php
array(5) {
  ["nome"]=>
  string(22) "Flavia Lage Estanislau"
  ["cpf"]=>
  string(14) "043.774.576-75"
  ["email"]=>
  string(22) "flavia.fle@hotmail.com"
  ["placa"]=>
  string(7) "HGL3757"
  ["unidade"]=>
  array(1) {
    [0]=>
    string(1) "5"
  }
}

[09/04/2023 08:17:37] Verificando a solicitação...
[09/04/2023 08:17:37] abgsoft-autopark-unimed.php
array(5) {
  ["nome"]=>
  string(23) "Marlon Harley de Morais"
  ["cpf"]=>
  string(15) "005.477.446-25 "
  ["email"]=>
  string(23) "marlonhmorais@gmail.com"
  ["placa"]=>
  string(7) "Pzj5g22"
  ["unidade"]=>
  array(1) {
    [0]=>
    string(1) "5"
  }
}

[09/04/2023 08:18:22] Verificando a solicitação...
[09/04/2023 08:18:22] abgsoft-autopark-unimed.php
array(5) {
  ["nome"]=>
  string(23) "Marlon Harley de Morais"
  ["cpf"]=>
  string(15) "005.477.446-25 "
  ["email"]=>
  string(23) "marlonhmorais@gmail.com"
  ["placa"]=>
  string(7) "Pzj6g23"
  ["unidade"]=>
  array(1) {
    [0]=>
    string(1) "5"
  }
}

[09/04/2023 08:18:58] Verificando a solicitação...
[09/04/2023 08:18:58] abgsoft-autopark-unimed.php
array(5) {
  ["nome"]=>
  string(23) "Marlon Harley de Morais"
  ["cpf"]=>
  string(15) "005.477.446-25 "
  ["email"]=>
  string(23) "marlonhmorais@gmail.com"
  ["placa"]=>
  string(7) "Pzj6g23"
  ["unidade"]=>
  array(1) {
    [0]=>
    string(1) "5"
  }
}

[09/04/2023 08:40:46] Verificando a solicitação...
[09/04/2023 08:40:46] abgsoft-autopark-unimed.php
array(5) {
  ["nome"]=>
  string(13) "Simone santos"
  ["cpf"]=>
  string(11) "03524054650"
  ["email"]=>
  string(22) "simone.708@hotmail.com"
  ["placa"]=>
  string(7) "Gtz7926"
  ["unidade"]=>
  array(1) {
    [0]=>
    string(1) "4"
  }
}

[09/04/2023 08:52:55] Verificando a solicitação...
[09/04/2023 08:52:55] abgsoft-autopark-unimed.php
array(5) {
  ["nome"]=>
  string(31) "Alcione Pereira oliveira santos"
  ["cpf"]=>
  string(14) "060.407.156-69"
  ["email"]=>
  string(21) "alcione.tst@gmail.com"
  ["placa"]=>
  string(7) "Shk8g22"
  ["unidade"]=>
  array(1) {
    [0]=>
    string(1) "2"
  }
}

[09/04/2023 09:02:19] Verificando a solicitação...
[09/04/2023 09:02:19] abgsoft-autopark-unimed.php
array(5) {
  ["nome"]=>
  string(29) "Norton Nunes Teixeira Martins"
  ["cpf"]=>
  string(11) "66577764620"
  ["email"]=>
  string(25) "norton.martins7@gmail.com"
  ["placa"]=>
  string(7) "OOX3937"
  ["unidade"]=>
  array(1) {
    [0]=>
    string(1) "4"
  }
}

[09/04/2023 09:44:33] Verificando a solicitação...
[09/04/2023 09:44:33] abgsoft-autopark-unimed.php
array(5) {
  ["nome"]=>
  string(24) "Washington Cardoso Dias "
  ["cpf"]=>
  string(11) "06685462639"
  ["email"]=>
  string(31) "washingtoncardias59@hotmail.com"
  ["placa"]=>
  string(7) "Puc5352"
  ["unidade"]=>
  array(1) {
    [0]=>
    string(1) "7"
  }
}

[09/04/2023 11:57:08] Verificando a solicitação...
[09/04/2023 11:57:08] abgsoft-autopark-unimed.php
array(5) {
  ["nome"]=>
  string(16) "Débora Cristina"
  ["cpf"]=>
  string(14) "063.787.636-90"
  ["email"]=>
  string(24) "deboracpssilva@gmail.com"
  ["placa"]=>
  string(7) "RNJ3D76"
  ["unidade"]=>
  array(1) {
    [0]=>
    string(1) "3"
  }
}

[09/04/2023 11:58:05] Verificando a solicitação...
[09/04/2023 11:58:05] abgsoft-autopark-unimed.php
array(5) {
  ["nome"]=>
  string(16) "Débora Cristina"
  ["cpf"]=>
  string(14) "063.787.636-90"
  ["email"]=>
  string(24) "deboracpssilva@gmail.com"
  ["placa"]=>
  string(7) "RNJ3D76"
  ["unidade"]=>
  array(1) {
    [0]=>
    string(1) "3"
  }
}

