[29/04/2023 12:25:01] Verificando a solicitação...
[29/04/2023 12:25:01] abgsoft-autopark-unimed.php
array(5) {
  ["nome"]=>
  string(23) "Josiane Suelen da Silva"
  ["cpf"]=>
  string(11) "07292904688"
  ["email"]=>
  string(25) "josysuelendavid@gmail.com"
  ["placa"]=>
  string(7) "HMU7466"
  ["unidade"]=>
  array(1) {
    [0]=>
    string(1) "3"
  }
}

[29/04/2023 10:20:00] Verificando a solicitação...
[29/04/2023 10:20:00] abgsoft-autopark-unimed.php
array(5) {
  ["nome"]=>
  string(24) "Heloisa Pereira de Souza"
  ["cpf"]=>
  string(11) "00077421698"
  ["email"]=>
  string(19) "hp.souza@uol.com.br"
  ["placa"]=>
  string(7) "Pwb1618"
  ["unidade"]=>
  array(1) {
    [0]=>
    string(1) "7"
  }
}

[29/04/2023 08:16:51] Verificando a solicitação...
