[04/07/2023 12:12:57] Verificando a solicitação...
[04/07/2023 12:12:57] abgsoft-autopark-unimed.php
array(5) {
  ["nome"]=>
  string(29) "Melissa Moreira da Cunha Mota"
  ["cpf"]=>
  string(11) "14500348611"
  ["email"]=>
  string(28) "marnyeemmanuelle27@gmail.com"
  ["placa"]=>
  string(8) "PVN 4843"
  ["unidade"]=>
  array(1) {
    [0]=>
    string(1) "5"
  }
}

[04/07/2023 12:13:00] Verificando a solicitação...
[04/07/2023 12:13:00] abgsoft-autopark-unimed.php
array(5) {
  ["nome"]=>
  string(29) "Melissa Moreira da Cunha Mota"
  ["cpf"]=>
  string(11) "14500348611"
  ["email"]=>
  string(28) "marnyeemmanuelle27@gmail.com"
  ["placa"]=>
  string(8) "PVN 4843"
  ["unidade"]=>
  array(1) {
    [0]=>
    string(1) "5"
  }
}

[04/07/2023 12:14:22] Verificando a solicitação...
[04/07/2023 12:14:22] abgsoft-autopark-unimed.php
array(5) {
  ["nome"]=>
  string(27) "DIANY SOUZA FERNANDES ASSIS"
  ["cpf"]=>
  string(14) "057.811.306-67"
  ["email"]=>
  string(26) "dianyfernandes_30@live.com"
  ["placa"]=>
  string(8) "Guh2992 "
  ["unidade"]=>
  array(1) {
    [0]=>
    string(1) "5"
  }
}

[04/07/2023 01:00:34] Verificando a solicitação...
[04/07/2023 01:00:34] abgsoft-autopark-unimed.php
array(5) {
  ["nome"]=>
  string(30) "Felipe wagner Cardoso de Faria"
  ["cpf"]=>
  string(14) "080.602.966-80"
  ["email"]=>
  string(27) "felipewagner25@yahoo.com.br"
  ["placa"]=>
  string(7) "Jrc9075"
  ["unidade"]=>
  array(1) {
    [0]=>
    string(1) "7"
  }
}

[04/07/2023 01:05:30] Verificando a solicitação...
[04/07/2023 01:05:30] abgsoft-autopark-unimed.php
array(5) {
  ["nome"]=>
  string(7) "Rayanne"
  ["cpf"]=>
  string(11) "16068804623"
  ["email"]=>
  string(20) "raytefa.02@gmail.com"
  ["placa"]=>
  string(7) "MYW7E01"
  ["unidade"]=>
  array(1) {
    [0]=>
    string(1) "7"
  }
}

[04/07/2023 01:12:37] Verificando a solicitação...
[04/07/2023 01:12:37] abgsoft-autopark-unimed.php
array(5) {
  ["nome"]=>
  string(20) "Vanessa Moreira Dias"
  ["cpf"]=>
  string(11) "03594247621"
  ["email"]=>
  string(24) "vanessamdias15@gmail.com"
  ["placa"]=>
  string(7) "HLX1071"
  ["unidade"]=>
  array(1) {
    [0]=>
    string(1) "5"
  }
}

[04/07/2023 01:58:36] Verificando a solicitação...
[04/07/2023 01:58:36] abgsoft-autopark-unimed.php
array(5) {
  ["nome"]=>
  string(34) "Jaciara Rodrigues Silveira Momede "
  ["cpf"]=>
  string(14) "040.914.156-95"
  ["email"]=>
  string(24) "jaciaramomede1@gmail.com"
  ["placa"]=>
  string(7) "OQT8E25"
  ["unidade"]=>
  array(1) {
    [0]=>
    string(1) "2"
  }
}

[04/07/2023 05:05:04] Verificando a solicitação...
[04/07/2023 08:59:30] Verificando a solicitação...
[04/07/2023 09:22:58] Verificando a solicitação...
[04/07/2023 09:22:58] abgsoft-autopark-unimed.php
array(5) {
  ["nome"]=>
  string(19) "Ione Raquel knebel "
  ["cpf"]=>
  string(14) "698.486.376-72"
  ["email"]=>
  string(25) "Knebelraquel@yahoo.com.br"
  ["placa"]=>
  string(7) "QNU9518"
  ["unidade"]=>
  array(1) {
    [0]=>
    string(1) "7"
  }
}

[04/07/2023 10:46:27] Verificando a solicitação...
[04/07/2023 10:46:27] abgsoft-autopark-unimed.php
array(5) {
  ["nome"]=>
  string(33) "Ana Paula Rodrigues da Cruz Silva"
  ["cpf"]=>
  string(14) "052.566.326-63"
  ["email"]=>
  string(21) "anaped01@yahoo.com.br"
  ["placa"]=>
  string(7) "SHD2I40"
  ["unidade"]=>
  array(1) {
    [0]=>
    string(1) "5"
  }
}

[04/07/2023 10:50:07] Verificando a solicitação...
[04/07/2023 10:50:07] abgsoft-autopark-unimed.php
array(5) {
  ["nome"]=>
  string(25) "Dilson Gonçalves Pereira"
  ["cpf"]=>
  string(11) "18717594634"
  ["email"]=>
  string(20) "dilsongp71@gmail.com"
  ["placa"]=>
  string(7) "HHR3556"
  ["unidade"]=>
  array(1) {
    [0]=>
    string(1) "2"
  }
}

[04/07/2023 10:54:25] Verificando a solicitação...
[04/07/2023 10:54:25] abgsoft-autopark-unimed.php
array(5) {
  ["nome"]=>
  string(26) "Alessandra  carla da silva"
  ["cpf"]=>
  string(11) "91356385672"
  ["email"]=>
  string(24) "Silvacarlak@yahoo.com.br"
  ["placa"]=>
  string(7) "Olx0683"
  ["unidade"]=>
  array(1) {
    [0]=>
    string(1) "5"
  }
}

[04/07/2023 11:25:32] Verificando a solicitação...
[04/07/2023 11:25:32] abgsoft-autopark-unimed.php
array(5) {
  ["nome"]=>
  string(7) "Yasmin "
  ["cpf"]=>
  string(11) "13768066657"
  ["email"]=>
  string(21) "yas.min.n@hotmail.com"
  ["placa"]=>
  string(7) "Pyq0830"
  ["unidade"]=>
  array(1) {
    [0]=>
    string(1) "7"
  }
}

[04/07/2023 11:26:25] Verificando a solicitação...
[04/07/2023 11:26:25] abgsoft-autopark-unimed.php
array(5) {
  ["nome"]=>
  string(7) "Yasmin "
  ["cpf"]=>
  string(11) "13768066657"
  ["email"]=>
  string(21) "yas.min.n@hotmail.com"
  ["placa"]=>
  string(7) "Pyq0830"
  ["unidade"]=>
  array(1) {
    [0]=>
    string(1) "7"
  }
}

[04/07/2023 11:35:35] Verificando a solicitação...
[04/07/2023 11:35:35] abgsoft-autopark-unimed.php
array(5) {
  ["nome"]=>
  string(34) "Juliana dos Santos Pinto Ferreira "
  ["cpf"]=>
  string(14) "088.985.546-30"
  ["email"]=>
  string(21) "julianadspf@gmail.com"
  ["placa"]=>
  string(7) "PXE4E36"
  ["unidade"]=>
  array(1) {
    [0]=>
    string(1) "5"
  }
}

[04/07/2023 11:58:18] Verificando a solicitação...
[04/07/2023 11:58:18] abgsoft-autopark-unimed.php
array(5) {
  ["nome"]=>
  string(27) "Sílvia Francisca dos Anjos"
  ["cpf"]=>
  string(14) "728.066.726 00"
  ["email"]=>
  string(25) "miranda.anjos@hotmail.com"
  ["placa"]=>
  string(7) "QOO1288"
  ["unidade"]=>
  array(1) {
    [0]=>
    string(1) "5"
  }
}

[04/07/2023 12:07:34] Verificando a solicitação...
[04/07/2023 12:07:34] abgsoft-autopark-unimed.php
array(5) {
  ["nome"]=>
  string(33) "Edilene Venâncio de Abreu Souza "
  ["cpf"]=>
  string(14) "066.675.106-43"
  ["email"]=>
  string(25) "edileneabreu015@gmail.com"
  ["placa"]=>
  string(7) "GXG6D62"
  ["unidade"]=>
  array(1) {
    [0]=>
    string(1) "2"
  }
}

[04/07/2023 12:36:15] Verificando a solicitação...
[04/07/2023 12:36:15] abgsoft-autopark-unimed.php
array(5) {
  ["nome"]=>
  string(12) "Darlei Aires"
  ["cpf"]=>
  string(11) "04200334674"
  ["email"]=>
  string(21) "darleiaires@gmail.com"
  ["placa"]=>
  string(7) "QOQ3J34"
  ["unidade"]=>
  array(1) {
    [0]=>
    string(1) "7"
  }
}

[04/07/2023 12:37:50] Verificando a solicitação...
[04/07/2023 12:37:50] abgsoft-autopark-unimed.php
array(5) {
  ["nome"]=>
  string(30) "Antônia Umbelina Corrêa Lima"
  ["cpf"]=>
  string(14) "678.935.626-68"
  ["email"]=>
  string(30) "antonia.umbelina1966@gmail.com"
  ["placa"]=>
  string(7) "PVJ7381"
  ["unidade"]=>
  array(1) {
    [0]=>
    string(1) "7"
  }
}

[04/07/2023 01:05:03] Verificando a solicitação...
[04/07/2023 01:05:03] abgsoft-autopark-unimed.php
array(5) {
  ["nome"]=>
  string(32) "Dariana Cristina Ribeiro Tavares"
  ["cpf"]=>
  string(11) "02529630674"
  ["email"]=>
  string(25) "luizctavares@yahoo.com.br"
  ["placa"]=>
  string(7) "SHV6B78"
  ["unidade"]=>
  array(1) {
    [0]=>
    string(1) "5"
  }
}

[04/07/2023 01:47:47] Verificando a solicitação...
[04/07/2023 01:47:47] abgsoft-autopark-unimed.php
array(5) {
  ["nome"]=>
  string(32) "ANA PAULA GONTIJO REZENDE LEONEL"
  ["cpf"]=>
  string(11) "92971768600"
  ["email"]=>
  string(24) "ANAPAULA_GRL@HOTMAIL.COM"
  ["placa"]=>
  string(7) "HIA6485"
  ["unidade"]=>
  array(1) {
    [0]=>
    string(1) "5"
  }
}

[04/07/2023 01:59:06] Verificando a solicitação...
[04/07/2023 01:59:06] abgsoft-autopark-unimed.php
array(5) {
  ["nome"]=>
  string(36) "Priscilla Batista Tôrres de Lacerda"
  ["cpf"]=>
  string(11) "08120283686"
  ["email"]=>
  string(24) "priscilla12300@gmail.com"
  ["placa"]=>
  string(7) "HLN7E06"
  ["unidade"]=>
  array(1) {
    [0]=>
    string(1) "1"
  }
}

[04/07/2023 02:11:49] Verificando a solicitação...
[04/07/2023 02:11:49] abgsoft-autopark-unimed.php
array(5) {
  ["nome"]=>
  string(16) "Mariza Schneider"
  ["cpf"]=>
  string(11) "08306819730"
  ["email"]=>
  string(27) "marizaschneider@hotmail.com"
  ["placa"]=>
  string(7) "PUW6597"
  ["unidade"]=>
  array(1) {
    [0]=>
    string(1) "5"
  }
}

[04/07/2023 02:14:17] Verificando a solicitação...
[04/07/2023 02:14:17] abgsoft-autopark-unimed.php
array(5) {
  ["nome"]=>
  string(17) "Giovana Pereira t"
  ["cpf"]=>
  string(11) "13441691636"
  ["email"]=>
  string(29) "giovanapereira.97@outlook.com"
  ["placa"]=>
  string(7) "Qqs9707"
  ["unidade"]=>
  array(1) {
    [0]=>
    string(1) "4"
  }
}

[04/07/2023 03:40:56] Verificando a solicitação...
[04/07/2023 03:40:56] abgsoft-autopark-unimed.php
array(5) {
  ["nome"]=>
  string(27) "SANDRA TADEU PIRES FERREIRA"
  ["cpf"]=>
  string(14) "420.819.396-49"
  ["email"]=>
  string(30) "sandra.ferreira41@yahoo.com.br"
  ["placa"]=>
  string(22) "HMF- 9880 ou GZ0- 5038"
  ["unidade"]=>
  array(1) {
    [0]=>
    string(1) "3"
  }
}

[04/07/2023 03:52:28] Verificando a solicitação...
[04/07/2023 03:52:28] abgsoft-autopark-unimed.php
array(5) {
  ["nome"]=>
  string(40) "Gabrielle de Oliveira Ferraz Gonçalves "
  ["cpf"]=>
  string(11) "08011847627"
  ["email"]=>
  string(30) "gabrielleferraz.99@hotmail.com"
  ["placa"]=>
  string(7) "QQD9G23"
  ["unidade"]=>
  array(1) {
    [0]=>
    string(1) "5"
  }
}

[04/07/2023 04:44:41] Verificando a solicitação...
[04/07/2023 04:44:41] abgsoft-autopark-unimed.php
array(5) {
  ["nome"]=>
  string(25) "Walter Gonaçlves Ferrira"
  ["cpf"]=>
  string(14) "685.120.826-15"
  ["email"]=>
  string(31) "filadelfianovotempo@hotmail.com"
  ["placa"]=>
  string(8) "pue 9893"
  ["unidade"]=>
  array(1) {
    [0]=>
    string(1) "5"
  }
}

[04/07/2023 04:49:52] Verificando a solicitação...
[04/07/2023 04:49:52] abgsoft-autopark-unimed.php
array(5) {
  ["nome"]=>
  string(12) "Cintia Abbas"
  ["cpf"]=>
  string(11) "06382353671"
  ["email"]=>
  string(26) "cintiasouzaabbas@gmail.com"
  ["placa"]=>
  string(8) "Pif 8a18"
  ["unidade"]=>
  array(1) {
    [0]=>
    string(1) "7"
  }
}

[04/07/2023 04:51:51] Verificando a solicitação...
[04/07/2023 04:51:51] abgsoft-autopark-unimed.php
array(5) {
  ["nome"]=>
  string(25) "Rafael Damião Dos Anjos "
  ["cpf"]=>
  string(15) "104.809.996-27 "
  ["email"]=>
  string(29) "rafael.rltecnologia@gmail.com"
  ["placa"]=>
  string(8) "HNH8958 "
  ["unidade"]=>
  array(1) {
    [0]=>
    string(1) "1"
  }
}

[04/07/2023 05:00:57] Verificando a solicitação...
[04/07/2023 05:00:57] abgsoft-autopark-unimed.php
array(5) {
  ["nome"]=>
  string(25) "MARCELO PIANETTI CORDEIRO"
  ["cpf"]=>
  string(14) "595.280.956-15"
  ["email"]=>
  string(18) "pianetti@gmail.com"
  ["placa"]=>
  string(7) "SHY9A45"
  ["unidade"]=>
  array(1) {
    [0]=>
    string(1) "4"
  }
}

[04/07/2023 05:34:55] Verificando a solicitação...
[04/07/2023 05:34:55] abgsoft-autopark-unimed.php
array(5) {
  ["nome"]=>
  string(19) "Vitor Ananias Lopes"
  ["cpf"]=>
  string(14) "118.491.346-34"
  ["email"]=>
  string(25) "contato@vitorlopes.net.br"
  ["placa"]=>
  string(7) "PAH9G16"
  ["unidade"]=>
  array(1) {
    [0]=>
    string(1) "5"
  }
}

[04/07/2023 06:27:45] Verificando a solicitação...
[04/07/2023 06:27:45] abgsoft-autopark-unimed.php
array(5) {
  ["nome"]=>
  string(7) "Gisele "
  ["cpf"]=>
  string(14) "114.059.806-64"
  ["email"]=>
  string(26) "gisele.silvagi22@gmail.com"
  ["placa"]=>
  string(8) "Oqp3361 "
  ["unidade"]=>
  array(1) {
    [0]=>
    string(1) "5"
  }
}

[04/07/2023 07:29:49] Verificando a solicitação...
[04/07/2023 07:29:49] abgsoft-autopark-unimed.php
array(5) {
  ["nome"]=>
  string(33) "CATIA APARECIDA DE OLIVEIRA GOMES"
  ["cpf"]=>
  string(11) "00149467699"
  ["email"]=>
  string(24) "catia.ogomes@hotmail.com"
  ["placa"]=>
  string(7) "QNW7298"
  ["unidade"]=>
  array(1) {
    [0]=>
    string(1) "5"
  }
}

[04/07/2023 08:40:06] Verificando a solicitação...
[04/07/2023 08:40:06] abgsoft-autopark-unimed.php
array(5) {
  ["nome"]=>
  string(21) "Estefânia Rodrigues "
  ["cpf"]=>
  string(14) "067.489.826-50"
  ["email"]=>
  string(22) "estefaniatst@gmail.com"
  ["placa"]=>
  string(7) "HMQ4651"
  ["unidade"]=>
  array(1) {
    [0]=>
    string(1) "2"
  }
}

[04/07/2023 09:10:13] Verificando a solicitação...
[04/07/2023 09:10:13] abgsoft-autopark-unimed.php
array(5) {
  ["nome"]=>
  string(22) "Bruno Ferreira Fontes "
  ["cpf"]=>
  string(15) "016.510.006-03 "
  ["email"]=>
  string(18) "brunofff@gmail.com"
  ["placa"]=>
  string(7) "HMF9440"
  ["unidade"]=>
  array(1) {
    [0]=>
    string(1) "5"
  }
}

[04/07/2023 09:47:00] Verificando a solicitação...
[04/07/2023 09:47:00] abgsoft-autopark-unimed.php
array(5) {
  ["nome"]=>
  string(19) "Roberto Bartolomeu "
  ["cpf"]=>
  string(11) "15677087653"
  ["email"]=>
  string(24) "rbconstruir@yahoo.com.br"
  ["placa"]=>
  string(8) "HNI 9811"
  ["unidade"]=>
  array(1) {
    [0]=>
    string(1) "5"
  }
}

[04/07/2023 09:53:50] Verificando a solicitação...
[04/07/2023 09:53:50] abgsoft-autopark-unimed.php
array(5) {
  ["nome"]=>
  string(25) "Débora Gomes Prates Lara"
  ["cpf"]=>
  string(20) "084 . 001 . 666 - 20"
  ["email"]=>
  string(26) "deboragprates@yahoo.com.br"
  ["placa"]=>
  string(7) "HIU6184"
  ["unidade"]=>
  array(1) {
    [0]=>
    string(1) "7"
  }
}

[04/07/2023 10:18:21] Verificando a solicitação...
[04/07/2023 10:18:21] abgsoft-autopark-unimed.php
array(5) {
  ["nome"]=>
  string(30) "Elaine Carla de Souza Ribeiro "
  ["cpf"]=>
  string(11) "76766357649"
  ["email"]=>
  string(24) "laninharibeiro18@gma.com"
  ["placa"]=>
  string(7) "QQL6296"
  ["unidade"]=>
  array(1) {
    [0]=>
    string(1) "7"
  }
}

[04/07/2023 10:20:29] Verificando a solicitação...
[04/07/2023 10:20:29] abgsoft-autopark-unimed.php
array(5) {
  ["nome"]=>
  string(25) "Angelo da Silva Ferreira "
  ["cpf"]=>
  string(11) "03898079660"
  ["email"]=>
  string(23) "ferreiragtr@hotmail.com"
  ["placa"]=>
  string(8) "Hib1d33 "
  ["unidade"]=>
  array(1) {
    [0]=>
    string(1) "7"
  }
}

