[04/03/2023 04:53:46] Verificando a solicitação...
[04/03/2023 04:53:46] abgsoft-autopark-unimed.php
array(5) {
  ["nome"]=>
  string(22) "Jessica Dias Damasceno"
  ["cpf"]=>
  string(14) "098.254.596-70"
  ["email"]=>
  string(29) "jessicadamasceno1@hotmail.com"
  ["placa"]=>
  string(7) "PXB9661"
  ["unidade"]=>
  array(1) {
    [0]=>
    string(1) "6"
  }
}

[04/03/2023 08:15:04] Verificando a solicitação...
[04/03/2023 08:15:04] abgsoft-autopark-unimed.php
array(5) {
  ["nome"]=>
  string(35) "CAMILA PATRICIA DOS SANTOS FERREIRA"
  ["cpf"]=>
  string(14) "086.599.456-03"
  ["email"]=>
  string(24) "kmila.patricia@gmail.com"
  ["placa"]=>
  string(7) "Qqt2734"
  ["unidade"]=>
  array(1) {
    [0]=>
    string(1) "5"
  }
}

[04/03/2023 10:22:02] Verificando a solicitação...
[04/03/2023 10:22:02] abgsoft-autopark-unimed.php
array(5) {
  ["nome"]=>
  string(12) "DENIZE NUNES"
  ["cpf"]=>
  string(14) "310.842.906-00"
  ["email"]=>
  string(29) "tornofrezanunes90@hotmail.com"
  ["placa"]=>
  string(7) "PZI3H91"
  ["unidade"]=>
  array(1) {
    [0]=>
    string(1) "2"
  }
}

[04/03/2023 11:11:22] Verificando a solicitação...
[04/03/2023 11:11:22] abgsoft-autopark-unimed.php
array(5) {
  ["nome"]=>
  string(37) "Joyce Renata de Castro Souza Oliveira"
  ["cpf"]=>
  string(11) "03960485603"
  ["email"]=>
  string(18) "joycernt@gmail.com"
  ["placa"]=>
  string(7) "Gyo3096"
  ["unidade"]=>
  array(1) {
    [0]=>
    string(1) "5"
  }
}

[04/03/2023 12:19:18] Verificando a solicitação...
[04/03/2023 12:19:18] abgsoft-autopark-unimed.php
array(5) {
  ["nome"]=>
  string(20) "Francisco Fernandes "
  ["cpf"]=>
  string(11) "21716307600"
  ["email"]=>
  string(26) "patifernandes@yahoo.com.br"
  ["placa"]=>
  string(7) "HNQ8115"
  ["unidade"]=>
  array(1) {
    [0]=>
    string(1) "5"
  }
}

[04/03/2023 12:25:41] Verificando a solicitação...
[04/03/2023 12:25:41] abgsoft-autopark-unimed.php
array(5) {
  ["nome"]=>
  string(20) "JOAMIR JOSE PEREIRA "
  ["cpf"]=>
  string(11) "83989110691"
  ["email"]=>
  string(27) "joamir.pereira@yahoo.com.br"
  ["placa"]=>
  string(7) "RNC0I38"
  ["unidade"]=>
  array(1) {
    [0]=>
    string(1) "5"
  }
}

[04/03/2023 01:56:10] Verificando a solicitação...
[04/03/2023 01:56:10] abgsoft-autopark-unimed.php
array(5) {
  ["nome"]=>
  string(37) "Caroline Fernanda da Silva Campolina "
  ["cpf"]=>
  string(11) "06528831688"
  ["email"]=>
  string(30) "caroline.campolina@hotmail.com"
  ["placa"]=>
  string(8) "Hlp1A86 "
  ["unidade"]=>
  array(1) {
    [0]=>
    string(1) "2"
  }
}

[04/03/2023 02:22:18] Verificando a solicitação...
[04/03/2023 02:22:18] abgsoft-autopark-unimed.php
array(5) {
  ["nome"]=>
  string(27) "FERNANDO MARQUEZ DE ANDRADE"
  ["cpf"]=>
  string(14) "219.894.866-49"
  ["email"]=>
  string(27) "fmarquezdeandrade@gmail.com"
  ["placa"]=>
  string(7) "PVV8820"
  ["unidade"]=>
  array(1) {
    [0]=>
    string(1) "5"
  }
}

[04/03/2023 02:26:29] Verificando a solicitação...
[04/03/2023 03:05:56] Verificando a solicitação...
[04/03/2023 03:05:56] abgsoft-autopark-unimed.php
array(5) {
  ["nome"]=>
  string(21) "Maria Diomar Amarante"
  ["cpf"]=>
  string(14) "496.476.366-87"
  ["email"]=>
  string(25) "mdiomaramarante@gmail.com"
  ["placa"]=>
  string(7) "QUj6076"
  ["unidade"]=>
  array(1) {
    [0]=>
    string(1) "5"
  }
}

[04/03/2023 03:08:47] Verificando a solicitação...
[04/03/2023 03:08:47] abgsoft-autopark-unimed.php
array(5) {
  ["nome"]=>
  string(30) "Carlos Alberto dias dos santos"
  ["cpf"]=>
  string(11) "58108505615"
  ["email"]=>
  string(24) "cadsantos15@yahoo.com.br"
  ["placa"]=>
  string(7) "QQV3E90"
  ["unidade"]=>
  array(1) {
    [0]=>
    string(1) "2"
  }
}

[04/03/2023 03:37:49] Verificando a solicitação...
[04/03/2023 03:37:49] abgsoft-autopark-unimed.php
array(5) {
  ["nome"]=>
  string(31) "Paulo Roberto Geraldo da Silva "
  ["cpf"]=>
  string(11) "38211700000"
  ["email"]=>
  string(26) "paulorgeraldo@yahoo.com.br"
  ["placa"]=>
  string(7) "QNR2361"
  ["unidade"]=>
  array(1) {
    [0]=>
    string(1) "7"
  }
}

[04/03/2023 03:56:16] Verificando a solicitação...
[04/03/2023 03:56:16] abgsoft-autopark-unimed.php
array(5) {
  ["nome"]=>
  string(8) "Vanilde "
  ["cpf"]=>
  string(14) "767.647.456-68"
  ["email"]=>
  string(20) "vlmuniz@yahoo.com.br"
  ["placa"]=>
  string(7) "PYB8072"
  ["unidade"]=>
  array(1) {
    [0]=>
    string(1) "5"
  }
}

[04/03/2023 05:33:00] Verificando a solicitação...
[04/03/2023 05:33:00] abgsoft-autopark-unimed.php
array(5) {
  ["nome"]=>
  string(28) "Elaine Patrícia Tibaes Mota"
  ["cpf"]=>
  string(11) "00055183697"
  ["email"]=>
  string(25) "elainetibaes@yahoo.com.br"
  ["placa"]=>
  string(7) "QNI5308"
  ["unidade"]=>
  array(1) {
    [0]=>
    string(1) "3"
  }
}

[04/03/2023 06:30:59] Verificando a solicitação...
[04/03/2023 06:30:59] abgsoft-autopark-unimed.php
array(5) {
  ["nome"]=>
  string(18) "Cleverson de Assis"
  ["cpf"]=>
  string(14) "164.906.906-59"
  ["email"]=>
  string(23) "cleverassis55@gmail.com"
  ["placa"]=>
  string(7) "HGJ5827"
  ["unidade"]=>
  array(1) {
    [0]=>
    string(1) "5"
  }
}

[04/03/2023 06:31:03] Verificando a solicitação...
[04/03/2023 06:31:03] abgsoft-autopark-unimed.php
array(5) {
  ["nome"]=>
  string(18) "Cleverson de Assis"
  ["cpf"]=>
  string(14) "164.906.906-59"
  ["email"]=>
  string(23) "cleverassis55@gmail.com"
  ["placa"]=>
  string(7) "HGJ5827"
  ["unidade"]=>
  array(1) {
    [0]=>
    string(1) "5"
  }
}

[04/03/2023 06:31:06] Verificando a solicitação...
[04/03/2023 06:31:06] abgsoft-autopark-unimed.php
array(5) {
  ["nome"]=>
  string(18) "Cleverson de Assis"
  ["cpf"]=>
  string(14) "164.906.906-59"
  ["email"]=>
  string(23) "cleverassis55@gmail.com"
  ["placa"]=>
  string(7) "HGJ5827"
  ["unidade"]=>
  array(1) {
    [0]=>
    string(1) "5"
  }
}

[04/03/2023 06:52:37] Verificando a solicitação...
[04/03/2023 06:52:37] abgsoft-autopark-unimed.php
array(5) {
  ["nome"]=>
  string(27) "Mauricio da Silveira Mendes"
  ["cpf"]=>
  string(11) "66176867649"
  ["email"]=>
  string(26) "mauricio.mendes1@gmail.com"
  ["placa"]=>
  string(7) "RTC0A92"
  ["unidade"]=>
  array(1) {
    [0]=>
    string(1) "4"
  }
}

[04/03/2023 08:22:04] Verificando a solicitação...
[04/03/2023 08:22:04] abgsoft-autopark-unimed.php
array(5) {
  ["nome"]=>
  string(21) "Denival Vieira Alves "
  ["cpf"]=>
  string(14) "033.011.216-32"
  ["email"]=>
  string(27) "engenheirodenival@gmail.com"
  ["placa"]=>
  string(7) "QPY5949"
  ["unidade"]=>
  array(1) {
    [0]=>
    string(1) "3"
  }
}

[04/03/2023 09:41:08] Verificando a solicitação...
[04/03/2023 09:41:08] abgsoft-autopark-unimed.php
array(5) {
  ["nome"]=>
  string(21) "Nirlene Marinho Gama "
  ["cpf"]=>
  string(11) "02881804616"
  ["email"]=>
  string(22) "nirlene45@yahoo.com.br"
  ["placa"]=>
  string(8) "OWM-0294"
  ["unidade"]=>
  array(1) {
    [0]=>
    string(1) "7"
  }
}

[04/03/2023 09:42:04] Verificando a solicitação...
[04/03/2023 09:42:04] abgsoft-autopark-unimed.php
array(5) {
  ["nome"]=>
  string(25) "Evandro Souza de Oliveira"
  ["cpf"]=>
  string(14) "155.811.876-49"
  ["email"]=>
  string(22) "evandroso@yahoo.com.br"
  ["placa"]=>
  string(7) "HMk1357"
  ["unidade"]=>
  array(1) {
    [0]=>
    string(1) "5"
  }
}

[04/03/2023 10:13:47] Verificando a solicitação...
[04/03/2023 10:13:47] abgsoft-autopark-unimed.php
array(5) {
  ["nome"]=>
  string(20) "darlan barboza cunha"
  ["cpf"]=>
  string(11) "04746349657"
  ["email"]=>
  string(23) "darlancunha00@gmail.com"
  ["placa"]=>
  string(7) "omh8457"
  ["unidade"]=>
  array(1) {
    [0]=>
    string(1) "7"
  }
}

[04/03/2023 10:24:01] Verificando a solicitação...
[04/03/2023 10:24:01] abgsoft-autopark-unimed.php
array(5) {
  ["nome"]=>
  string(7) "Andreia"
  ["cpf"]=>
  string(11) "68221967653"
  ["email"]=>
  string(25) "andreiacpcoelho@gmail.com"
  ["placa"]=>
  string(7) "RME9C77"
  ["unidade"]=>
  array(1) {
    [0]=>
    string(1) "2"
  }
}

[04/03/2023 11:17:06] Verificando a solicitação...
[04/03/2023 11:17:06] abgsoft-autopark-unimed.php
array(5) {
  ["nome"]=>
  string(19) "Carolina Francisco "
  ["cpf"]=>
  string(11) "05631619652"
  ["email"]=>
  string(28) "carolfrancisco.adm@gmail.com"
  ["placa"]=>
  string(7) "Hny8616"
  ["unidade"]=>
  array(1) {
    [0]=>
    string(1) "5"
  }
}

