[23/07/2023 03:13:59] Verificando a solicitação...
[23/07/2023 03:13:59] abgsoft-autopark-unimed.php
array(5) {
  ["nome"]=>
  string(47) "Marina Aparecida Mendes de Oliveira Gonçalves "
  ["cpf"]=>
  string(14) "015.597.496-36"
  ["email"]=>
  string(24) "mendesolive@yahoo.com.br"
  ["placa"]=>
  string(7) "Pyo0630"
  ["unidade"]=>
  array(1) {
    [0]=>
    string(1) "5"
  }
}

[23/07/2023 10:44:28] Verificando a solicitação...
[23/07/2023 10:44:28] abgsoft-autopark-unimed.php
array(5) {
  ["nome"]=>
  string(24) "Jéssica Gabriela Lemos "
  ["cpf"]=>
  string(11) "12633405630"
  ["email"]=>
  string(22) "jessicallemos@live.com"
  ["placa"]=>
  string(7) "EZR4J75"
  ["unidade"]=>
  array(1) {
    [0]=>
    string(1) "7"
  }
}

[23/07/2023 10:45:15] Verificando a solicitação...
[23/07/2023 10:45:15] abgsoft-autopark-unimed.php
array(5) {
  ["nome"]=>
  string(42) "Michele de Carvalho Figueiredo Gonçalves "
  ["cpf"]=>
  string(14) "096.143.676-01"
  ["email"]=>
  string(27) "michelevieira72@hotmail.com"
  ["placa"]=>
  string(8) "ORA-4994"
  ["unidade"]=>
  array(1) {
    [0]=>
    string(1) "5"
  }
}

[23/07/2023 12:45:12] Verificando a solicitação...
[23/07/2023 12:45:12] abgsoft-autopark-unimed.php
array(5) {
  ["nome"]=>
  string(22) "gilvana ramos da silva"
  ["cpf"]=>
  string(11) "09269781607"
  ["email"]=>
  string(21) "gilvanar839@gmail.com"
  ["placa"]=>
  string(7) "gml1717"
  ["unidade"]=>
  array(1) {
    [0]=>
    string(1) "5"
  }
}

[23/07/2023 01:23:34] Verificando a solicitação...
[23/07/2023 01:23:34] abgsoft-autopark-unimed.php
array(5) {
  ["nome"]=>
  string(25) "Suzana de Sousa Carvalho "
  ["cpf"]=>
  string(11) "07308572633"
  ["email"]=>
  string(17) "ssc38th@gmail.com"
  ["placa"]=>
  string(7) "Hhm1488"
  ["unidade"]=>
  array(1) {
    [0]=>
    string(1) "2"
  }
}

[23/07/2023 09:14:02] Verificando a solicitação...
[23/07/2023 09:14:02] abgsoft-autopark-unimed.php
array(5) {
  ["nome"]=>
  string(26) "Bernardo Corrêa Teixeira "
  ["cpf"]=>
  string(11) "16542057617"
  ["email"]=>
  string(21) "ltatianec@hotmail.com"
  ["placa"]=>
  string(7) "HKS1070"
  ["unidade"]=>
  array(1) {
    [0]=>
    string(1) "7"
  }
}

