[14/06/2023 12:04:43] Verificando a solicitação...
[14/06/2023 01:26:15] Verificando a solicitação...
[14/06/2023 01:26:15] abgsoft-autopark-unimed.php
array(5) {
  ["nome"]=>
  string(22) "Alessandra Viana Lopes"
  ["cpf"]=>
  string(15) "054.971.356-50 "
  ["email"]=>
  string(21) "alevlopes@hotmail.com"
  ["placa"]=>
  string(7) "OLY6C09"
  ["unidade"]=>
  array(1) {
    [0]=>
    string(1) "5"
  }
}

[14/06/2023 02:07:09] Verificando a solicitação...
[14/06/2023 02:07:09] abgsoft-autopark-unimed.php
array(5) {
  ["nome"]=>
  string(27) "Marcia A Freitas Estanislau"
  ["cpf"]=>
  string(14) "421.267.116-68"
  ["email"]=>
  string(28) "marciaestanislau@hotmail.com"
  ["placa"]=>
  string(7) "QPK7577"
  ["unidade"]=>
  array(1) {
    [0]=>
    string(1) "5"
  }
}

[14/06/2023 09:08:30] Verificando a solicitação...
[14/06/2023 09:08:30] abgsoft-autopark-unimed.php
array(5) {
  ["nome"]=>
  string(22) "Clebes Gomes Teixeira "
  ["cpf"]=>
  string(14) "028.057.386-32"
  ["email"]=>
  string(27) "clebesteixeira@yahoo.com.br"
  ["placa"]=>
  string(7) "Ops4c12"
  ["unidade"]=>
  array(1) {
    [0]=>
    string(1) "5"
  }
}

[14/06/2023 09:13:20] Verificando a solicitação...
[14/06/2023 09:13:20] abgsoft-autopark-unimed.php
array(5) {
  ["nome"]=>
  string(34) "Ozenir  Carlos  Bernardo  Moreira "
  ["cpf"]=>
  string(11) "11787598659"
  ["email"]=>
  string(24) "ozenircarlos26@gmail.com"
  ["placa"]=>
  string(7) "QUW1C92"
  ["unidade"]=>
  array(1) {
    [0]=>
    string(1) "7"
  }
}

[14/06/2023 10:23:42] Verificando a solicitação...
[14/06/2023 10:23:42] abgsoft-autopark-unimed.php
array(5) {
  ["nome"]=>
  string(27) "Alfred Gimpel Moreira Pinto"
  ["cpf"]=>
  string(11) "93329083620"
  ["email"]=>
  string(17) "agimpel@gmail.com"
  ["placa"]=>
  string(7) "Qnv4470"
  ["unidade"]=>
  array(1) {
    [0]=>
    string(1) "4"
  }
}

[14/06/2023 10:23:50] Verificando a solicitação...
[14/06/2023 10:23:50] abgsoft-autopark-unimed.php
array(5) {
  ["nome"]=>
  string(32) "LURDES NELIA DOS SANTOS OLIVEIRA"
  ["cpf"]=>
  string(14) "004.022.446-56"
  ["email"]=>
  string(34) "nelia.oliveira@somospromove.com.br"
  ["placa"]=>
  string(8) "OQS6820 "
  ["unidade"]=>
  array(1) {
    [0]=>
    string(1) "7"
  }
}

[14/06/2023 10:24:02] Verificando a solicitação...
[14/06/2023 10:24:02] abgsoft-autopark-unimed.php
array(5) {
  ["nome"]=>
  string(21) "ERIC  VIANA RODRIGUES"
  ["cpf"]=>
  string(14) "047.636.386-10"
  ["email"]=>
  string(19) "evrduty@hotmail.com"
  ["placa"]=>
  string(7) "hix2387"
  ["unidade"]=>
  array(1) {
    [0]=>
    string(1) "7"
  }
}

[14/06/2023 10:46:16] Verificando a solicitação...
[14/06/2023 10:46:16] abgsoft-autopark-unimed.php
array(5) {
  ["nome"]=>
  string(21) "warle martins marques"
  ["cpf"]=>
  string(14) "000.680.996-06"
  ["email"]=>
  string(22) "warlemartins@gmail.com"
  ["placa"]=>
  string(7) "flh9069"
  ["unidade"]=>
  array(1) {
    [0]=>
    string(1) "2"
  }
}

[14/06/2023 10:46:26] Verificando a solicitação...
[14/06/2023 10:46:26] abgsoft-autopark-unimed.php
array(5) {
  ["nome"]=>
  string(24) "wellington jose da silva"
  ["cpf"]=>
  string(11) "16167790809"
  ["email"]=>
  string(31) "wellington@solucaoradios.com.br"
  ["placa"]=>
  string(8) "QQJ 4878"
  ["unidade"]=>
  array(1) {
    [0]=>
    string(1) "7"
  }
}

[14/06/2023 10:49:58] Verificando a solicitação...
[14/06/2023 10:49:58] abgsoft-autopark-unimed.php
array(5) {
  ["nome"]=>
  string(29) "Iris de Oliveira Silva Abreu "
  ["cpf"]=>
  string(11) "90134087615"
  ["email"]=>
  string(21) "iris-butt@hotmail.com"
  ["placa"]=>
  string(7) "QNN2613"
  ["unidade"]=>
  array(1) {
    [0]=>
    string(1) "5"
  }
}

[14/06/2023 11:06:52] Verificando a solicitação...
[14/06/2023 11:06:52] abgsoft-autopark-unimed.php
array(5) {
  ["nome"]=>
  string(24) "Eduardo eloi Silva costa"
  ["cpf"]=>
  string(14) "070.511.706-51"
  ["email"]=>
  string(25) "eloi.ilustrador@gmail.com"
  ["placa"]=>
  string(7) "HCS5451"
  ["unidade"]=>
  array(1) {
    [0]=>
    string(1) "5"
  }
}

[14/06/2023 11:08:36] Verificando a solicitação...
[14/06/2023 11:08:36] abgsoft-autopark-unimed.php
array(5) {
  ["nome"]=>
  string(26) "ROSINEY DE  FREITAS SILVA "
  ["cpf"]=>
  string(15) "050.505.586-46 "
  ["email"]=>
  string(20) "neyy.com@hotmail.com"
  ["placa"]=>
  string(8) "HLJ5224 "
  ["unidade"]=>
  array(1) {
    [0]=>
    string(1) "7"
  }
}

[14/06/2023 11:11:25] Verificando a solicitação...
[14/06/2023 11:11:25] abgsoft-autopark-unimed.php
array(5) {
  ["nome"]=>
  string(20) "Daniel Batista Moura"
  ["cpf"]=>
  string(11) "04564130650"
  ["email"]=>
  string(28) "danielbmoura198109@gmail.com"
  ["placa"]=>
  string(8) "EKL 2680"
  ["unidade"]=>
  array(1) {
    [0]=>
    string(1) "5"
  }
}

[14/06/2023 11:42:51] Verificando a solicitação...
[14/06/2023 11:42:51] abgsoft-autopark-unimed.php
array(5) {
  ["nome"]=>
  string(31) "João Lucas de Oliveira Saraiva"
  ["cpf"]=>
  string(11) "12493625633"
  ["email"]=>
  string(28) "joaolucaso.saraiva@gmail.com"
  ["placa"]=>
  string(7) "Pwk7089"
  ["unidade"]=>
  array(1) {
    [0]=>
    string(1) "3"
  }
}

[14/06/2023 11:59:10] Verificando a solicitação...
[14/06/2023 11:59:10] abgsoft-autopark-unimed.php
array(5) {
  ["nome"]=>
  string(30) "Jereslândia lacerda raimundo "
  ["cpf"]=>
  string(11) "82369909668"
  ["email"]=>
  string(31) "Jereslandialacerda@yahoo.com.br"
  ["placa"]=>
  string(4) "6683"
  ["unidade"]=>
  array(1) {
    [0]=>
    string(1) "2"
  }
}

[14/06/2023 11:59:31] Verificando a solicitação...
[14/06/2023 11:59:31] abgsoft-autopark-unimed.php
array(5) {
  ["nome"]=>
  string(30) "Jereslândia lacerda raimundo "
  ["cpf"]=>
  string(11) "82369909668"
  ["email"]=>
  string(31) "Jereslandialacerda@yahoo.com.br"
  ["placa"]=>
  string(4) "6683"
  ["unidade"]=>
  array(1) {
    [0]=>
    string(1) "2"
  }
}

[14/06/2023 12:14:28] Verificando a solicitação...
[14/06/2023 12:14:28] abgsoft-autopark-unimed.php
array(5) {
  ["nome"]=>
  string(33) "Magda Alice Diniz de Vasconcelos "
  ["cpf"]=>
  string(14) "262.278.192-04"
  ["email"]=>
  string(23) "magdaalicedvf@gmail.com"
  ["placa"]=>
  string(7) "RF07E87"
  ["unidade"]=>
  array(1) {
    [0]=>
    string(1) "4"
  }
}

[14/06/2023 12:32:45] Verificando a solicitação...
[14/06/2023 12:32:45] abgsoft-autopark-unimed.php
array(5) {
  ["nome"]=>
  string(28) "Julia de Souza Reis Ribeiro "
  ["cpf"]=>
  string(14) "119.985.816-16"
  ["email"]=>
  string(22) "juliamoney09@gmail.com"
  ["placa"]=>
  string(7) "QUE6214"
  ["unidade"]=>
  array(1) {
    [0]=>
    string(1) "5"
  }
}

[14/06/2023 12:33:46] Verificando a solicitação...
[14/06/2023 12:33:46] abgsoft-autopark-unimed.php
array(5) {
  ["nome"]=>
  string(38) "Elvis Eustáquio de Oliveira Carvalho "
  ["cpf"]=>
  string(11) "11522878696"
  ["email"]=>
  string(20) "elviscarva@gmail.com"
  ["placa"]=>
  string(8) "Opb7j41 "
  ["unidade"]=>
  array(1) {
    [0]=>
    string(1) "6"
  }
}

[14/06/2023 12:37:14] Verificando a solicitação...
[14/06/2023 12:37:14] abgsoft-autopark-unimed.php
array(5) {
  ["nome"]=>
  string(27) "Alexandre Arlindo Dionizio "
  ["cpf"]=>
  string(14) "796.482.406-63"
  ["email"]=>
  string(30) "alexandredionizio@yahoo.com.br"
  ["placa"]=>
  string(7) "HIU2B07"
  ["unidade"]=>
  array(1) {
    [0]=>
    string(1) "5"
  }
}

[14/06/2023 12:44:00] Verificando a solicitação...
[14/06/2023 12:44:00] abgsoft-autopark-unimed.php
array(5) {
  ["nome"]=>
  string(19) "Ronaldo Emilio Simi"
  ["cpf"]=>
  string(14) "031.673.307-59"
  ["email"]=>
  string(18) "ronesimi@gmail.com"
  ["placa"]=>
  string(7) "RNE1F41"
  ["unidade"]=>
  array(1) {
    [0]=>
    string(1) "5"
  }
}

[14/06/2023 01:12:25] Verificando a solicitação...
[14/06/2023 01:12:25] abgsoft-autopark-unimed.php
array(5) {
  ["nome"]=>
  string(27) "Débora mazzoni de Oliveira"
  ["cpf"]=>
  string(14) "126.833.926-13"
  ["email"]=>
  string(26) "DEBORA_MAZZONI@Hotmail.com"
  ["placa"]=>
  string(7) "HMB8971"
  ["unidade"]=>
  array(1) {
    [0]=>
    string(1) "7"
  }
}

[14/06/2023 01:18:00] Verificando a solicitação...
[14/06/2023 01:18:00] abgsoft-autopark-unimed.php
array(5) {
  ["nome"]=>
  string(6) "Carla "
  ["cpf"]=>
  string(11) "04823016602"
  ["email"]=>
  string(28) "carlasaturninodias@gmail.com"
  ["placa"]=>
  string(8) "PYC-3b70"
  ["unidade"]=>
  array(1) {
    [0]=>
    string(1) "5"
  }
}

[14/06/2023 01:18:31] Verificando a solicitação...
[14/06/2023 01:18:31] abgsoft-autopark-unimed.php
array(5) {
  ["nome"]=>
  string(6) "Carla "
  ["cpf"]=>
  string(11) "04823016602"
  ["email"]=>
  string(28) "carlasaturninodias@gmail.com"
  ["placa"]=>
  string(8) "PYC-3b70"
  ["unidade"]=>
  array(1) {
    [0]=>
    string(1) "5"
  }
}

[14/06/2023 01:54:57] Verificando a solicitação...
[14/06/2023 01:54:57] abgsoft-autopark-unimed.php
array(5) {
  ["nome"]=>
  string(33) "Magda Alice Diniz de Vasconcelos "
  ["cpf"]=>
  string(14) "262.278.192-04"
  ["email"]=>
  string(23) "magdaalicedvf@gmail.com"
  ["placa"]=>
  string(7) "RF07E87"
  ["unidade"]=>
  array(1) {
    [0]=>
    string(1) "4"
  }
}

[14/06/2023 02:12:48] Verificando a solicitação...
[14/06/2023 02:12:48] abgsoft-autopark-unimed.php
array(5) {
  ["nome"]=>
  string(25) "MARLUCIA DA ROCHA E SILVA"
  ["cpf"]=>
  string(11) "64945251649"
  ["email"]=>
  string(22) "rochaesilvam@gmail.com"
  ["placa"]=>
  string(7) "HEF8939"
  ["unidade"]=>
  array(1) {
    [0]=>
    string(1) "7"
  }
}

[14/06/2023 02:30:22] Verificando a solicitação...
[14/06/2023 02:30:22] abgsoft-autopark-unimed.php
array(5) {
  ["nome"]=>
  string(35) "Lucíola Godinho Barreto Guimaraes "
  ["cpf"]=>
  string(11) "97104507604"
  ["email"]=>
  string(24) "luciolabarreto@gmail.com"
  ["placa"]=>
  string(7) "Hkq8669"
  ["unidade"]=>
  array(1) {
    [0]=>
    string(1) "5"
  }
}

[14/06/2023 02:44:46] Verificando a solicitação...
[14/06/2023 02:44:46] abgsoft-autopark-unimed.php
array(5) {
  ["nome"]=>
  string(25) "ANA PAULA DA SILVA SOARES"
  ["cpf"]=>
  string(14) "098.128.346-21"
  ["email"]=>
  string(25) "paulasoares2133@gmail.com"
  ["placa"]=>
  string(7) "OQI2040"
  ["unidade"]=>
  array(1) {
    [0]=>
    string(1) "5"
  }
}

[14/06/2023 02:45:36] Verificando a solicitação...
[14/06/2023 02:45:36] abgsoft-autopark-unimed.php
array(5) {
  ["nome"]=>
  string(22) "Newber Araújo Fonseca"
  ["cpf"]=>
  string(14) "016.577.776-18"
  ["email"]=>
  string(31) "newber.fonseca@pic-clube.com.br"
  ["placa"]=>
  string(7) "OPW0F30"
  ["unidade"]=>
  array(1) {
    [0]=>
    string(1) "7"
  }
}

[14/06/2023 03:04:32] Verificando a solicitação...
[14/06/2023 03:04:32] abgsoft-autopark-unimed.php
array(5) {
  ["nome"]=>
  string(31) "Ernania Aparecida Paiva Coelho "
  ["cpf"]=>
  string(11) "70093970668"
  ["email"]=>
  string(22) "ernaniapaiva@gmail.com"
  ["placa"]=>
  string(8) "QOA 9G80"
  ["unidade"]=>
  array(1) {
    [0]=>
    string(1) "5"
  }
}

[14/06/2023 03:06:56] Verificando a solicitação...
[14/06/2023 03:06:56] abgsoft-autopark-unimed.php
array(5) {
  ["nome"]=>
  string(27) "DANIELA MACEDO LISBOA BAHIA"
  ["cpf"]=>
  string(14) "001.221.626-76"
  ["email"]=>
  string(29) "danielamacedolisboa@gmail.com"
  ["placa"]=>
  string(7) "OMD9528"
  ["unidade"]=>
  array(1) {
    [0]=>
    string(1) "5"
  }
}

[14/06/2023 03:12:33] Verificando a solicitação...
[14/06/2023 03:12:33] abgsoft-autopark-unimed.php
array(5) {
  ["nome"]=>
  string(26) "Ana Mara Oliveira Marinho "
  ["cpf"]=>
  string(14) "012.427.196-01"
  ["email"]=>
  string(24) "anamarinhoprof@gmail.com"
  ["placa"]=>
  string(7) "Olx3722"
  ["unidade"]=>
  array(1) {
    [0]=>
    string(1) "7"
  }
}

[14/06/2023 03:13:03] Verificando a solicitação...
[14/06/2023 03:13:03] abgsoft-autopark-unimed.php
array(5) {
  ["nome"]=>
  string(23) "RED REDNEY ALVES BASTOS"
  ["cpf"]=>
  string(14) "760.963.606-10"
  ["email"]=>
  string(23) "redneyalves@hotmail.com"
  ["placa"]=>
  string(7) "HEF8939"
  ["unidade"]=>
  array(1) {
    [0]=>
    string(1) "7"
  }
}

[14/06/2023 03:39:15] Verificando a solicitação...
[14/06/2023 03:39:15] abgsoft-autopark-unimed.php
array(5) {
  ["nome"]=>
  string(30) "EUSTÁQUIO DE ALVARENGA MORAIS"
  ["cpf"]=>
  string(14) "051.473.606-20"
  ["email"]=>
  string(31) "eustaquioalvarenga@yahoo.com.br"
  ["placa"]=>
  string(7) "RTQ7G70"
  ["unidade"]=>
  array(1) {
    [0]=>
    string(1) "5"
  }
}

[14/06/2023 04:47:54] Verificando a solicitação...
[14/06/2023 04:47:54] abgsoft-autopark-unimed.php
array(5) {
  ["nome"]=>
  string(23) "VIVIANE LAGE ESTANISLAU"
  ["cpf"]=>
  string(14) "938.177.116-20"
  ["email"]=>
  string(24) "viviestanislau@gmail.com"
  ["placa"]=>
  string(7) "PUT3B94"
  ["unidade"]=>
  array(1) {
    [0]=>
    string(1) "5"
  }
}

[14/06/2023 04:59:55] Verificando a solicitação...
[14/06/2023 04:59:55] abgsoft-autopark-unimed.php
array(5) {
  ["nome"]=>
  string(16) "FERNANDO MANSUET"
  ["cpf"]=>
  string(11) "05861076650"
  ["email"]=>
  string(32) "fernandinhominasgerais@gmail.com"
  ["placa"]=>
  string(7) "knv1d09"
  ["unidade"]=>
  array(1) {
    [0]=>
    string(1) "5"
  }
}

[14/06/2023 05:04:58] Verificando a solicitação...
[14/06/2023 05:04:58] abgsoft-autopark-unimed.php
array(5) {
  ["nome"]=>
  string(33) "MARIANA FRANCA DA SILVA GUALBERTO"
  ["cpf"]=>
  string(14) "089.095.086-55"
  ["email"]=>
  string(22) "franca29mari@gmail.com"
  ["placa"]=>
  string(7) "Hjk2h09"
  ["unidade"]=>
  array(1) {
    [0]=>
    string(1) "7"
  }
}

[14/06/2023 05:04:59] Verificando a solicitação...
[14/06/2023 05:04:59] abgsoft-autopark-unimed.php
array(5) {
  ["nome"]=>
  string(33) "MARIANA FRANCA DA SILVA GUALBERTO"
  ["cpf"]=>
  string(14) "089.095.086-55"
  ["email"]=>
  string(22) "franca29mari@gmail.com"
  ["placa"]=>
  string(7) "Hjk2h09"
  ["unidade"]=>
  array(1) {
    [0]=>
    string(1) "7"
  }
}

[14/06/2023 05:10:10] Verificando a solicitação...
[14/06/2023 05:10:10] abgsoft-autopark-unimed.php
array(5) {
  ["nome"]=>
  string(13) "Diego Pereira"
  ["cpf"]=>
  string(11) "05882045606"
  ["email"]=>
  string(20) "diego@improel.com.br"
  ["placa"]=>
  string(7) "pxr8603"
  ["unidade"]=>
  array(1) {
    [0]=>
    string(1) "5"
  }
}

[14/06/2023 06:45:04] Verificando a solicitação...
[14/06/2023 06:45:04] abgsoft-autopark-unimed.php
array(5) {
  ["nome"]=>
  string(18) "José Geraldo Toso"
  ["cpf"]=>
  string(14) "269.953.956-20"
  ["email"]=>
  string(25) "josegeraldot@yahoo.com.br"
  ["placa"]=>
  string(7) "QNQ1718"
  ["unidade"]=>
  array(1) {
    [0]=>
    string(1) "7"
  }
}

[14/06/2023 06:47:30] Verificando a solicitação...
[14/06/2023 06:47:30] abgsoft-autopark-unimed.php
array(5) {
  ["nome"]=>
  string(7) "Gabriel"
  ["cpf"]=>
  string(14) "101.465.669-98"
  ["email"]=>
  string(29) "gabriel.silva@autopark.com.br"
  ["placa"]=>
  string(7) "akj1707"
  ["unidade"]=>
  array(1) {
    [0]=>
    string(1) "6"
  }
}

[14/06/2023 07:23:16] Verificando a solicitação...
[14/06/2023 07:23:16] abgsoft-autopark-unimed.php
array(5) {
  ["nome"]=>
  string(40) "MICHELLE THARSIS CARDOSO DE SOUZA MATTOS"
  ["cpf"]=>
  string(11) "09496456642"
  ["email"]=>
  string(27) "michelle.tsmattos@gmail.com"
  ["placa"]=>
  string(7) "CRR3D67"
  ["unidade"]=>
  array(1) {
    [0]=>
    string(1) "7"
  }
}

[14/06/2023 07:36:52] Verificando a solicitação...
[14/06/2023 07:36:52] abgsoft-autopark-unimed.php
array(5) {
  ["nome"]=>
  string(24) "Felipe Marques da Silva "
  ["cpf"]=>
  string(11) "20161972691"
  ["email"]=>
  string(30) "Marquesfeliledasilva@gmail.com"
  ["placa"]=>
  string(10) "HEE - 6344"
  ["unidade"]=>
  array(1) {
    [0]=>
    string(1) "7"
  }
}

[14/06/2023 07:58:22] Verificando a solicitação...
[14/06/2023 07:58:22] abgsoft-autopark-unimed.php
array(5) {
  ["nome"]=>
  string(30) "Thiago dos Santos Braz Martins"
  ["cpf"]=>
  string(14) "015.940.396-07"
  ["email"]=>
  string(23) "thiagodirnew1@gmail.com"
  ["placa"]=>
  string(7) "EAB6040"
  ["unidade"]=>
  array(1) {
    [0]=>
    string(1) "2"
  }
}

[14/06/2023 08:07:37] Verificando a solicitação...
[14/06/2023 08:07:37] abgsoft-autopark-unimed.php
array(5) {
  ["nome"]=>
  string(23) "DANIELA ANDAKU DA SILVA"
  ["cpf"]=>
  string(14) "044.085.046-02"
  ["email"]=>
  string(21) "daniela.asm@gmail.com"
  ["placa"]=>
  string(7) "HID1762"
  ["unidade"]=>
  array(1) {
    [0]=>
    string(1) "3"
  }
}

[14/06/2023 09:43:59] Verificando a solicitação...
[14/06/2023 09:43:59] abgsoft-autopark-unimed.php
array(5) {
  ["nome"]=>
  string(11) "Vívia Dias"
  ["cpf"]=>
  string(14) "013.673.426-00"
  ["email"]=>
  string(28) "viviaflavia2014@yahoo.com.br"
  ["placa"]=>
  string(8) "HFP9038 "
  ["unidade"]=>
  array(1) {
    [0]=>
    string(1) "2"
  }
}

[14/06/2023 10:13:43] Verificando a solicitação...
[14/06/2023 10:13:43] abgsoft-autopark-unimed.php
array(5) {
  ["nome"]=>
  string(6) "Sergio"
  ["cpf"]=>
  string(11) "72960027604"
  ["email"]=>
  string(20) "soms.sonia@gmail.com"
  ["placa"]=>
  string(8) "PXE 4071"
  ["unidade"]=>
  array(1) {
    [0]=>
    string(1) "7"
  }
}

