[01/07/2023 12:55:10] Verificando a solicitação...
[01/07/2023 01:23:40] Verificando a solicitação...
[01/07/2023 01:23:40] abgsoft-autopark-unimed.php
array(5) {
  ["nome"]=>
  string(31) "Luiz Henrique Carvalho Galvão "
  ["cpf"]=>
  string(14) "125.437.616-08"
  ["email"]=>
  string(24) "luiz_cgalvao@hotmail.com"
  ["placa"]=>
  string(8) "PFD-9268"
  ["unidade"]=>
  array(1) {
    [0]=>
    string(1) "7"
  }
}

[01/07/2023 12:34:09] Verificando a solicitação...
[01/07/2023 12:34:09] abgsoft-autopark-unimed.php
array(5) {
  ["nome"]=>
  string(26) "Felipe César Alves Silva "
  ["cpf"]=>
  string(11) "12918985651"
  ["email"]=>
  string(22) "felipezasp@hotmail.com"
  ["placa"]=>
  string(7) "Opl3728"
  ["unidade"]=>
  array(1) {
    [0]=>
    string(1) "3"
  }
}

[01/07/2023 01:36:57] Verificando a solicitação...
[01/07/2023 01:36:57] abgsoft-autopark-unimed.php
array(5) {
  ["nome"]=>
  string(24) "Paulo Alves de Oliveira "
  ["cpf"]=>
  string(14) "075.191.636-60"
  ["email"]=>
  string(20) "poliveira16@live.com"
  ["placa"]=>
  string(7) "HLJ8925"
  ["unidade"]=>
  array(1) {
    [0]=>
    string(1) "2"
  }
}

[01/07/2023 02:02:21] Verificando a solicitação...
[01/07/2023 02:02:21] abgsoft-autopark-unimed.php
array(5) {
  ["nome"]=>
  string(32) "Tainá Ferreira da Silva Santos "
  ["cpf"]=>
  string(14) "131.151.886-09"
  ["email"]=>
  string(28) "tainaferreira.apos@gmail.com"
  ["placa"]=>
  string(7) "HFG2630"
  ["unidade"]=>
  array(1) {
    [0]=>
    string(1) "5"
  }
}

[01/07/2023 04:38:35] Verificando a solicitação...
[01/07/2023 04:38:35] abgsoft-autopark-unimed.php
array(5) {
  ["nome"]=>
  string(28) "Marlon William Muniz Tavares"
  ["cpf"]=>
  string(14) "048.638.516-77"
  ["email"]=>
  string(26) "marlon.tavares@hotmail.com"
  ["placa"]=>
  string(7) "ash4552"
  ["unidade"]=>
  array(1) {
    [0]=>
    string(1) "2"
  }
}

[01/07/2023 04:38:59] Verificando a solicitação...
[01/07/2023 04:38:59] abgsoft-autopark-unimed.php
array(5) {
  ["nome"]=>
  string(28) "Marlon William Muniz Tavares"
  ["cpf"]=>
  string(14) "048.638.516-77"
  ["email"]=>
  string(26) "marlon.tavares@hotmail.com"
  ["placa"]=>
  string(7) "ash4552"
  ["unidade"]=>
  array(1) {
    [0]=>
    string(1) "2"
  }
}

[01/07/2023 05:19:54] Verificando a solicitação...
[01/07/2023 05:19:54] abgsoft-autopark-unimed.php
array(5) {
  ["nome"]=>
  string(26) "Milton  Flávio  da Silva "
  ["cpf"]=>
  string(14) "155.498.526-91"
  ["email"]=>
  string(24) "miltoncontrole@gmail.com"
  ["placa"]=>
  string(7) "RJJ2C83"
  ["unidade"]=>
  array(1) {
    [0]=>
    string(1) "7"
  }
}

[01/07/2023 07:59:17] Verificando a solicitação...
[01/07/2023 07:59:17] abgsoft-autopark-unimed.php
array(5) {
  ["nome"]=>
  string(31) "Glênia Cristiane Garcias ALves"
  ["cpf"]=>
  string(14) "096.101.046-06"
  ["email"]=>
  string(25) "gleniacristiane@gmail.com"
  ["placa"]=>
  string(7) "HOA4260"
  ["unidade"]=>
  array(1) {
    [0]=>
    string(1) "7"
  }
}

[01/07/2023 10:21:24] Verificando a solicitação...
[01/07/2023 10:21:24] abgsoft-autopark-unimed.php
array(5) {
  ["nome"]=>
  string(22) "Miriam da Silva Gomes "
  ["cpf"]=>
  string(14) "093.212.916-10"
  ["email"]=>
  string(16) "msgecq@gmail.com"
  ["placa"]=>
  string(8) "Hfp7a488"
  ["unidade"]=>
  array(1) {
    [0]=>
    string(1) "4"
  }
}

