[04/01/2023 12:00:47] Verificando a solicitação...
[04/01/2023 12:00:47] abgsoft-autopark-unimed.php
array(5) {
  ["nome"]=>
  string(14) "Carla Ferreira"
  ["cpf"]=>
  string(11) "09784024640"
  ["email"]=>
  string(19) "carlifr@hotmail.com"
  ["placa"]=>
  string(7) "Gzs2118"
  ["unidade"]=>
  array(1) {
    [0]=>
    string(1) "7"
  }
}

[04/01/2023 12:44:29] Verificando a solicitação...
[04/01/2023 12:44:29] abgsoft-autopark-unimed.php
array(5) {
  ["nome"]=>
  string(33) "Claudia Conceição de Souza Mota"
  ["cpf"]=>
  string(14) "055.104.296-66"
  ["email"]=>
  string(23) "claudiacsmota@gmail.com"
  ["placa"]=>
  string(7) "GXC0324"
  ["unidade"]=>
  array(1) {
    [0]=>
    string(1) "3"
  }
}

[04/01/2023 01:03:36] Verificando a solicitação...
[04/01/2023 01:03:36] abgsoft-autopark-unimed.php
array(5) {
  ["nome"]=>
  string(31) "Ermelinda Alves de Freitas Sá "
  ["cpf"]=>
  string(14) "696.175.036-20"
  ["email"]=>
  string(28) "ermelindafreitas12@gmail.com"
  ["placa"]=>
  string(8) "HJU 6451"
  ["unidade"]=>
  array(1) {
    [0]=>
    string(1) "7"
  }
}

[04/01/2023 01:04:30] Verificando a solicitação...
[04/01/2023 01:04:30] abgsoft-autopark-unimed.php
array(5) {
  ["nome"]=>
  string(29) "Wagner Douglas Gomes de Souza"
  ["cpf"]=>
  string(14) "015.379.396-10"
  ["email"]=>
  string(25) "wagnerdouglas@hotmail.com"
  ["placa"]=>
  string(7) "HJP2H29"
  ["unidade"]=>
  array(1) {
    [0]=>
    string(1) "2"
  }
}

[04/01/2023 01:08:06] Verificando a solicitação...
[04/01/2023 01:08:06] abgsoft-autopark-unimed.php
array(5) {
  ["nome"]=>
  string(22) "Andreia Rubia Teixeira"
  ["cpf"]=>
  string(14) "875.155.126-87"
  ["email"]=>
  string(26) "andreiarubiamt@hotmail.com"
  ["placa"]=>
  string(7) "EYR8J06"
  ["unidade"]=>
  array(1) {
    [0]=>
    string(1) "5"
  }
}

[04/01/2023 01:25:03] Verificando a solicitação...
[04/01/2023 01:41:03] Verificando a solicitação...
[04/01/2023 01:41:03] abgsoft-autopark-unimed.php
array(5) {
  ["nome"]=>
  string(24) "Marcello Navarro Miranda"
  ["cpf"]=>
  string(15) "747.205.706-15 "
  ["email"]=>
  string(26) "marcellonavarro@pbh.gov.br"
  ["placa"]=>
  string(7) "OWT0153"
  ["unidade"]=>
  array(1) {
    [0]=>
    string(1) "7"
  }
}

[04/01/2023 03:00:26] Verificando a solicitação...
[04/01/2023 03:00:26] abgsoft-autopark-unimed.php
array(5) {
  ["nome"]=>
  string(25) "Fernanda Mara Nunes Costa"
  ["cpf"]=>
  string(11) "09998720605"
  ["email"]=>
  string(23) "dadaddi.nunes@gmail.com"
  ["placa"]=>
  string(7) "ORB9984"
  ["unidade"]=>
  array(1) {
    [0]=>
    string(1) "5"
  }
}

[04/01/2023 03:17:30] Verificando a solicitação...
[04/01/2023 03:17:30] abgsoft-autopark-unimed.php
array(5) {
  ["nome"]=>
  string(34) "Paulo Henrique Barbosa dos Santos "
  ["cpf"]=>
  string(15) "110.514.276.06 "
  ["email"]=>
  string(22) "pauloh_103@outlook.com"
  ["placa"]=>
  string(7) "qqe7e84"
  ["unidade"]=>
  array(1) {
    [0]=>
    string(1) "5"
  }
}

[04/01/2023 03:27:52] Verificando a solicitação...
[04/01/2023 03:27:52] abgsoft-autopark-unimed.php
array(5) {
  ["nome"]=>
  string(30) "Diego Dias Fassarela Marquioli"
  ["cpf"]=>
  string(11) "01654857602"
  ["email"]=>
  string(26) "emaildomarquioli@gmail.com"
  ["placa"]=>
  string(7) "PUH8069"
  ["unidade"]=>
  array(1) {
    [0]=>
    string(1) "7"
  }
}

[04/01/2023 08:42:53] Verificando a solicitação...
[04/01/2023 08:42:53] abgsoft-autopark-unimed.php
array(5) {
  ["nome"]=>
  string(24) "THAISES DE ALMEIDA ROCHA"
  ["cpf"]=>
  string(14) "114.823.236-21"
  ["email"]=>
  string(27) "thaisesalmeida035@gmail.com"
  ["placa"]=>
  string(7) "HMQ6928"
  ["unidade"]=>
  array(1) {
    [0]=>
    string(1) "7"
  }
}

[04/01/2023 09:56:36] Verificando a solicitação...
[04/01/2023 09:56:36] abgsoft-autopark-unimed.php
array(5) {
  ["nome"]=>
  string(32) "Ivone Teles dos Santos carvalho "
  ["cpf"]=>
  string(11) "04887111690"
  ["email"]=>
  string(26) "ivonesantosvip@hotmail.com"
  ["placa"]=>
  string(8) "QOE 0870"
  ["unidade"]=>
  array(1) {
    [0]=>
    string(1) "3"
  }
}

[04/01/2023 10:02:15] Verificando a solicitação...
[04/01/2023 10:02:15] abgsoft-autopark-unimed.php
array(5) {
  ["nome"]=>
  string(26) "Petrônio Dos Santos Neves"
  ["cpf"]=>
  string(11) "00122136676"
  ["email"]=>
  string(24) "petroniosneces@gmail.com"
  ["placa"]=>
  string(7) "HLT4355"
  ["unidade"]=>
  array(1) {
    [0]=>
    string(1) "5"
  }
}

[04/01/2023 10:25:20] Verificando a solicitação...
[04/01/2023 10:25:20] abgsoft-autopark-unimed.php
array(5) {
  ["nome"]=>
  string(28) "Marco Aurélio Maia Teodoro "
  ["cpf"]=>
  string(15) "098.728.466-50 "
  ["email"]=>
  string(25) "marcomaia.geo@hotmail.com"
  ["placa"]=>
  string(8) "Pyd-2025"
  ["unidade"]=>
  array(1) {
    [0]=>
    string(1) "5"
  }
}

[04/01/2023 10:34:14] Verificando a solicitação...
[04/01/2023 10:34:14] abgsoft-autopark-unimed.php
array(5) {
  ["nome"]=>
  string(19) "Nivia Celia de Melo"
  ["cpf"]=>
  string(11) "90251342620"
  ["email"]=>
  string(22) "anita.cxmelo@gmail.com"
  ["placa"]=>
  string(7) "QMX4938"
  ["unidade"]=>
  array(1) {
    [0]=>
    string(1) "5"
  }
}

[04/01/2023 10:46:01] Verificando a solicitação...
[04/01/2023 10:46:01] abgsoft-autopark-unimed.php
array(5) {
  ["nome"]=>
  string(20) "EDSON CARLOS BARBOSA"
  ["cpf"]=>
  string(14) "719.871.266-53"
  ["email"]=>
  string(19) "edson@metta4.com.br"
  ["placa"]=>
  string(7) "BBU4G93"
  ["unidade"]=>
  array(1) {
    [0]=>
    string(1) "5"
  }
}

[04/01/2023 10:48:51] Verificando a solicitação...
[04/01/2023 10:50:00] Verificando a solicitação...
[04/01/2023 10:50:00] abgsoft-autopark-unimed.php
array(5) {
  ["nome"]=>
  string(28) "Evelyn Luiza Vieira De Paula"
  ["cpf"]=>
  string(14) "080.528.766-30"
  ["email"]=>
  string(22) "evelyn.luiza@gmail.com"
  ["placa"]=>
  string(7) "Hbj7050"
  ["unidade"]=>
  array(1) {
    [0]=>
    string(1) "7"
  }
}

[04/01/2023 11:09:37] Verificando a solicitação...
[04/01/2023 11:09:37] abgsoft-autopark-unimed.php
array(5) {
  ["nome"]=>
  string(23) "Tamara Regina Vimieiro "
  ["cpf"]=>
  string(11) "09431086670"
  ["email"]=>
  string(21) "tamararvimi@gmail.com"
  ["placa"]=>
  string(7) "QHW9501"
  ["unidade"]=>
  array(1) {
    [0]=>
    string(1) "5"
  }
}

[04/01/2023 11:13:08] Verificando a solicitação...
[04/01/2023 11:13:08] abgsoft-autopark-unimed.php
array(5) {
  ["nome"]=>
  string(16) "TAIS SANTOS SEBE"
  ["cpf"]=>
  string(14) "024.535.996-66"
  ["email"]=>
  string(20) "taissebe@hotmail.com"
  ["placa"]=>
  string(7) "PZJ6847"
  ["unidade"]=>
  array(1) {
    [0]=>
    string(1) "5"
  }
}

[04/01/2023 12:02:54] Verificando a solicitação...
[04/01/2023 12:02:54] abgsoft-autopark-unimed.php
array(5) {
  ["nome"]=>
  string(32) "Ivone Teles dos Santos carvalho "
  ["cpf"]=>
  string(11) "04887111690"
  ["email"]=>
  string(26) "ivonesantosvip@hotmail.com"
  ["placa"]=>
  string(8) "QOE 0870"
  ["unidade"]=>
  array(1) {
    [0]=>
    string(1) "3"
  }
}

[04/01/2023 12:26:13] Verificando a solicitação...
[04/01/2023 12:26:13] abgsoft-autopark-unimed.php
array(5) {
  ["nome"]=>
  string(24) "ROGERIO CELSO DE RESENDE"
  ["cpf"]=>
  string(14) "114.047.606-87"
  ["email"]=>
  string(28) "rogerio47resende@hotmail.com"
  ["placa"]=>
  string(7) "RUV8B80"
  ["unidade"]=>
  array(1) {
    [0]=>
    string(1) "4"
  }
}

[04/01/2023 12:57:41] Verificando a solicitação...
[04/01/2023 12:57:41] abgsoft-autopark-unimed.php
array(5) {
  ["nome"]=>
  string(13) "Moacir kinupp"
  ["cpf"]=>
  string(11) "15443280600"
  ["email"]=>
  string(19) "kinnupp@hotmail.com"
  ["placa"]=>
  string(10) "GWK 8 E 28"
  ["unidade"]=>
  array(1) {
    [0]=>
    string(1) "7"
  }
}

[04/01/2023 01:16:01] Verificando a solicitação...
[04/01/2023 01:16:01] abgsoft-autopark-unimed.php
array(5) {
  ["nome"]=>
  string(27) "João Paulo Xavier de Souza"
  ["cpf"]=>
  string(14) "065.754.946-09"
  ["email"]=>
  string(21) "jjpaulo1000@gmail.com"
  ["placa"]=>
  string(7) "JKF0C91"
  ["unidade"]=>
  array(1) {
    [0]=>
    string(1) "7"
  }
}

[04/01/2023 01:19:45] Verificando a solicitação...
[04/01/2023 01:19:45] abgsoft-autopark-unimed.php
array(5) {
  ["nome"]=>
  string(26) "Valdeci Heleno de Oliveira"
  ["cpf"]=>
  string(14) "006.491.316-30"
  ["email"]=>
  string(26) "valdeciheleno@yahoo.com.br"
  ["placa"]=>
  string(8) "HKM-4768"
  ["unidade"]=>
  array(1) {
    [0]=>
    string(1) "1"
  }
}

[04/01/2023 01:53:02] Verificando a solicitação...
[04/01/2023 01:53:02] abgsoft-autopark-unimed.php
array(5) {
  ["nome"]=>
  string(20) "Lucas Souza Corrêa "
  ["cpf"]=>
  string(11) "10064868605"
  ["email"]=>
  string(22) "correa.civil@gmail.com"
  ["placa"]=>
  string(7) "PVZ1871"
  ["unidade"]=>
  array(1) {
    [0]=>
    string(1) "5"
  }
}

[04/01/2023 01:55:33] Verificando a solicitação...
[04/01/2023 01:55:33] abgsoft-autopark-unimed.php
array(5) {
  ["nome"]=>
  string(20) "Edson Ferreira Abade"
  ["cpf"]=>
  string(11) "52906051691"
  ["email"]=>
  string(17) "efabade@gmail.com"
  ["placa"]=>
  string(7) "RNI1A80"
  ["unidade"]=>
  array(1) {
    [0]=>
    string(1) "3"
  }
}

[04/01/2023 02:16:45] Verificando a solicitação...
[04/01/2023 02:16:45] abgsoft-autopark-unimed.php
array(5) {
  ["nome"]=>
  string(34) "LETICIA MARA BARBOSA TEIXEIRA MOTA"
  ["cpf"]=>
  string(11) "07903762613"
  ["email"]=>
  string(34) "LETICIAMARA.TEIXEIRAMOTA@GMAIL.COM"
  ["placa"]=>
  string(7) "HEW8A27"
  ["unidade"]=>
  array(1) {
    [0]=>
    string(1) "3"
  }
}

[04/01/2023 02:17:12] Verificando a solicitação...
[04/01/2023 02:17:12] abgsoft-autopark-unimed.php
array(5) {
  ["nome"]=>
  string(14) "Sergio Alteman"
  ["cpf"]=>
  string(14) "005.610.657-21"
  ["email"]=>
  string(25) "sergioalteman@hotmail.com"
  ["placa"]=>
  string(7) "HML4H85"
  ["unidade"]=>
  array(1) {
    [0]=>
    string(1) "7"
  }
}

[04/01/2023 02:29:40] Verificando a solicitação...
[04/01/2023 02:29:40] abgsoft-autopark-unimed.php
array(5) {
  ["nome"]=>
  string(17) "Ivonete Patricia "
  ["cpf"]=>
  string(11) "97846716620"
  ["email"]=>
  string(28) "ipatriciamartins@hotmail.com"
  ["placa"]=>
  string(7) "RFC1B80"
  ["unidade"]=>
  array(1) {
    [0]=>
    string(1) "5"
  }
}

[04/01/2023 03:05:24] Verificando a solicitação...
[04/01/2023 03:05:24] abgsoft-autopark-unimed.php
array(5) {
  ["nome"]=>
  string(32) "Silvana Aparecida Marques Silva "
  ["cpf"]=>
  string(14) "486.460.326-04"
  ["email"]=>
  string(27) "silvanaamarques52@gmail.com"
  ["placa"]=>
  string(7) "HHJ2131"
  ["unidade"]=>
  array(1) {
    [0]=>
    string(1) "7"
  }
}

[04/01/2023 03:16:10] Verificando a solicitação...
[04/01/2023 03:16:10] abgsoft-autopark-unimed.php
array(5) {
  ["nome"]=>
  string(26) "Júnior César Nascimento "
  ["cpf"]=>
  string(14) "048.256.276-50"
  ["email"]=>
  string(27) "juninnascimento@hotmail.com"
  ["placa"]=>
  string(7) "PUP2I98"
  ["unidade"]=>
  array(1) {
    [0]=>
    string(1) "5"
  }
}

[04/01/2023 03:30:43] Verificando a solicitação...
[04/01/2023 03:30:43] abgsoft-autopark-unimed.php
array(5) {
  ["nome"]=>
  string(24) "Ricardo Marques Menezes "
  ["cpf"]=>
  string(11) "11202023614"
  ["email"]=>
  string(28) "ricardo_marquess@hotmail.com"
  ["placa"]=>
  string(8) "RFS0J80 "
  ["unidade"]=>
  array(1) {
    [0]=>
    string(1) "7"
  }
}

[04/01/2023 03:37:44] Verificando a solicitação...
[04/01/2023 03:37:44] abgsoft-autopark-unimed.php
array(5) {
  ["nome"]=>
  string(7) "Daniel "
  ["cpf"]=>
  string(11) "01360174605"
  ["email"]=>
  string(22) "d.diassantos@yahoo.com"
  ["placa"]=>
  string(7) "Hak7099"
  ["unidade"]=>
  array(1) {
    [0]=>
    string(1) "7"
  }
}

[04/01/2023 03:38:38] Verificando a solicitação...
[04/01/2023 03:38:38] abgsoft-autopark-unimed.php
array(5) {
  ["nome"]=>
  string(11) "daniel dias"
  ["cpf"]=>
  string(11) "01360174605"
  ["email"]=>
  string(22) "d.diassantos@yahoo.com"
  ["placa"]=>
  string(8) "HAK7099 "
  ["unidade"]=>
  array(1) {
    [0]=>
    string(1) "7"
  }
}

[04/01/2023 03:39:24] Verificando a solicitação...
[04/01/2023 03:39:24] abgsoft-autopark-unimed.php
array(5) {
  ["nome"]=>
  string(11) "daniel dias"
  ["cpf"]=>
  string(11) "01360174605"
  ["email"]=>
  string(22) "d.diassantos@yahoo.com"
  ["placa"]=>
  string(7) "opb0317"
  ["unidade"]=>
  array(1) {
    [0]=>
    string(1) "7"
  }
}

[04/01/2023 03:50:25] Verificando a solicitação...
[04/01/2023 03:50:25] abgsoft-autopark-unimed.php
array(5) {
  ["nome"]=>
  string(32) "Gabriela Thais de Oliveira Cruz "
  ["cpf"]=>
  string(11) "10533718619"
  ["email"]=>
  string(28) "gabbyoliveira21@yahoo.com.br"
  ["placa"]=>
  string(7) "HHP6904"
  ["unidade"]=>
  array(1) {
    [0]=>
    string(1) "2"
  }
}

[04/01/2023 04:05:13] Verificando a solicitação...
[04/01/2023 04:05:13] abgsoft-autopark-unimed.php
array(5) {
  ["nome"]=>
  string(20) "Gerfeson Souza Rego "
  ["cpf"]=>
  string(14) "404.962.286-68"
  ["email"]=>
  string(21) "GERFESON@YAHOO.COM.BR"
  ["placa"]=>
  string(7) "qnf1960"
  ["unidade"]=>
  array(1) {
    [0]=>
    string(1) "5"
  }
}

[04/01/2023 04:11:20] Verificando a solicitação...
[04/01/2023 04:11:20] abgsoft-autopark-unimed.php
array(5) {
  ["nome"]=>
  string(38) "WILKER WEDILANE BARBOSA DE MATOS SOUZA"
  ["cpf"]=>
  string(11) "01289293678"
  ["email"]=>
  string(29) "alessandros.souza@data.com.br"
  ["placa"]=>
  string(7) "HTM2723"
  ["unidade"]=>
  array(1) {
    [0]=>
    string(1) "3"
  }
}

[04/01/2023 04:12:43] Verificando a solicitação...
[04/01/2023 04:12:43] abgsoft-autopark-unimed.php
array(5) {
  ["nome"]=>
  string(12) "Mario m maia"
  ["cpf"]=>
  string(14) "131.067.676-34"
  ["email"]=>
  string(26) "mariomachadomaia@gmail.com"
  ["placa"]=>
  string(7) "HZQ9594"
  ["unidade"]=>
  array(1) {
    [0]=>
    string(1) "5"
  }
}

[04/01/2023 04:19:12] Verificando a solicitação...
[04/01/2023 04:19:12] abgsoft-autopark-unimed.php
array(5) {
  ["nome"]=>
  string(17) "Priscila Cristina"
  ["cpf"]=>
  string(14) "112.925.846-70"
  ["email"]=>
  string(24) "pri.silva.pc85@gmail.com"
  ["placa"]=>
  string(7) "HDT6H36"
  ["unidade"]=>
  array(1) {
    [0]=>
    string(1) "5"
  }
}

[04/01/2023 04:22:59] Verificando a solicitação...
[04/01/2023 04:22:59] abgsoft-autopark-unimed.php
array(5) {
  ["nome"]=>
  string(17) "Priscila Cristina"
  ["cpf"]=>
  string(14) "112.925.846-70"
  ["email"]=>
  string(24) "pri.silva.pc85@gmail.com"
  ["placa"]=>
  string(7) "HDT6H36"
  ["unidade"]=>
  array(1) {
    [0]=>
    string(1) "5"
  }
}

[04/01/2023 04:28:14] Verificando a solicitação...
[04/01/2023 04:28:14] abgsoft-autopark-unimed.php
array(5) {
  ["nome"]=>
  string(24) "JOELMA NUNES ALVES LEITE"
  ["cpf"]=>
  string(9) "582548034"
  ["email"]=>
  string(18) "Ohane@terra.com.br"
  ["placa"]=>
  string(7) "RMG8D77"
  ["unidade"]=>
  array(1) {
    [0]=>
    string(1) "5"
  }
}

[04/01/2023 04:43:26] Verificando a solicitação...
[04/01/2023 04:43:26] abgsoft-autopark-unimed.php
array(5) {
  ["nome"]=>
  string(25) "gilson teixeira fernandes"
  ["cpf"]=>
  string(11) "04458376675"
  ["email"]=>
  string(30) "fernandes.20112011@hotmail.com"
  ["placa"]=>
  string(7) "RFP9F12"
  ["unidade"]=>
  array(1) {
    [0]=>
    string(1) "1"
  }
}

[04/01/2023 04:44:02] Verificando a solicitação...
[04/01/2023 04:44:02] abgsoft-autopark-unimed.php
array(5) {
  ["nome"]=>
  string(17) "Tatiana Santos da"
  ["cpf"]=>
  string(11) "01810390605"
  ["email"]=>
  string(30) "tatiana.prata@coopmetro.com.br"
  ["placa"]=>
  string(8) "HMJ-2A08"
  ["unidade"]=>
  array(1) {
    [0]=>
    string(1) "7"
  }
}

[04/01/2023 04:53:57] Verificando a solicitação...
[04/01/2023 04:53:57] abgsoft-autopark-unimed.php
array(5) {
  ["nome"]=>
  string(20) "Claudio Costa Terra "
  ["cpf"]=>
  string(11) "27778525615"
  ["email"]=>
  string(30) "claudiocosta_terra@hotmail.com"
  ["placa"]=>
  string(7) "HFX3974"
  ["unidade"]=>
  array(1) {
    [0]=>
    string(1) "5"
  }
}

[04/01/2023 05:12:28] Verificando a solicitação...
[04/01/2023 05:12:28] abgsoft-autopark-unimed.php
array(5) {
  ["nome"]=>
  string(21) "Sandra Maria França "
  ["cpf"]=>
  string(11) "03358257614"
  ["email"]=>
  string(26) "SandraNilton28@hotmail.com"
  ["placa"]=>
  string(8) "HEO3892 "
  ["unidade"]=>
  array(1) {
    [0]=>
    string(1) "3"
  }
}

[04/01/2023 05:12:31] Verificando a solicitação...
[04/01/2023 05:12:31] abgsoft-autopark-unimed.php
array(5) {
  ["nome"]=>
  string(21) "Sandra Maria França "
  ["cpf"]=>
  string(11) "03358257614"
  ["email"]=>
  string(26) "SandraNilton28@hotmail.com"
  ["placa"]=>
  string(8) "HEO3892 "
  ["unidade"]=>
  array(1) {
    [0]=>
    string(1) "3"
  }
}

[04/01/2023 05:13:35] Verificando a solicitação...
[04/01/2023 05:13:35] abgsoft-autopark-unimed.php
array(5) {
  ["nome"]=>
  string(30) "PAULO CESAR DOS SANTOS AVELINO"
  ["cpf"]=>
  string(11) "94213321649"
  ["email"]=>
  string(31) "avelino.panamericano@bol.com.br"
  ["placa"]=>
  string(7) "HOI0606"
  ["unidade"]=>
  array(1) {
    [0]=>
    string(1) "2"
  }
}

[04/01/2023 05:32:52] Verificando a solicitação...
[04/01/2023 05:32:52] abgsoft-autopark-unimed.php
array(5) {
  ["nome"]=>
  string(23) "Paulo Victor Gonçalves"
  ["cpf"]=>
  string(11) "09777108664"
  ["email"]=>
  string(27) "tainafrodrigues87@gmail.com"
  ["placa"]=>
  string(7) "hzy6516"
  ["unidade"]=>
  array(1) {
    [0]=>
    string(1) "5"
  }
}

[04/01/2023 05:42:31] Verificando a solicitação...
[04/01/2023 05:42:31] abgsoft-autopark-unimed.php
array(5) {
  ["nome"]=>
  string(26) "LUIZ HENRIQUE DINIZ GOMIDE"
  ["cpf"]=>
  string(14) "030.860.936-09"
  ["email"]=>
  string(20) "luizgomide@gmail.com"
  ["placa"]=>
  string(7) "PYE7960"
  ["unidade"]=>
  array(1) {
    [0]=>
    string(1) "5"
  }
}

[04/01/2023 06:09:48] Verificando a solicitação...
[04/01/2023 06:09:48] abgsoft-autopark-unimed.php
array(5) {
  ["nome"]=>
  string(19) "Lucas Cabral Gouvea"
  ["cpf"]=>
  string(14) "086.179.816-36"
  ["email"]=>
  string(22) "lucascgouvea@gmail.com"
  ["placa"]=>
  string(7) "QXF7516"
  ["unidade"]=>
  array(1) {
    [0]=>
    string(1) "5"
  }
}

[04/01/2023 06:11:40] Verificando a solicitação...
[04/01/2023 06:11:40] abgsoft-autopark-unimed.php
array(5) {
  ["nome"]=>
  string(11) "Jean Pascal"
  ["cpf"]=>
  string(11) "01516314417"
  ["email"]=>
  string(25) "pascalmaillefer@gmail.com"
  ["placa"]=>
  string(7) "OQW5J56"
  ["unidade"]=>
  array(1) {
    [0]=>
    string(1) "7"
  }
}

[04/01/2023 06:12:48] Verificando a solicitação...
[04/01/2023 06:12:48] abgsoft-autopark-unimed.php
array(5) {
  ["nome"]=>
  string(23) "ANA PAULA SILVA PIMENTA"
  ["cpf"]=>
  string(14) "968.252.606-00"
  ["email"]=>
  string(24) "anas.pimenta@hotmail.com"
  ["placa"]=>
  string(8) "HOD 4838"
  ["unidade"]=>
  array(1) {
    [0]=>
    string(1) "7"
  }
}

[04/01/2023 06:13:25] Verificando a solicitação...
[04/01/2023 06:13:25] abgsoft-autopark-unimed.php
array(5) {
  ["nome"]=>
  string(38) "Monica Nunes Dorze de Alencar e Castro"
  ["cpf"]=>
  string(14) "491.757.936-87"
  ["email"]=>
  string(25) "monica.dorze@yahoo.com.br"
  ["placa"]=>
  string(7) "Owj5545"
  ["unidade"]=>
  array(1) {
    [0]=>
    string(1) "5"
  }
}

[04/01/2023 06:29:24] Verificando a solicitação...
[04/01/2023 06:29:24] abgsoft-autopark-unimed.php
array(5) {
  ["nome"]=>
  string(24) "DANIEL DE OLIVEIRA ALVES"
  ["cpf"]=>
  string(14) "114.521.626-97"
  ["email"]=>
  string(23) "Danielchris@hotmail.com"
  ["placa"]=>
  string(8) "Pxw-3667"
  ["unidade"]=>
  array(1) {
    [0]=>
    string(1) "5"
  }
}

[04/01/2023 07:11:00] Verificando a solicitação...
[04/01/2023 07:11:00] abgsoft-autopark-unimed.php
array(5) {
  ["nome"]=>
  string(23) "Fabiana Ferreira Gomes "
  ["cpf"]=>
  string(15) "040.697.606-60 "
  ["email"]=>
  string(23) "gomesbianna@hotmail.com"
  ["placa"]=>
  string(9) "OQH-5064 "
  ["unidade"]=>
  array(1) {
    [0]=>
    string(1) "5"
  }
}

[04/01/2023 07:36:38] Verificando a solicitação...
[04/01/2023 07:36:38] abgsoft-autopark-unimed.php
array(5) {
  ["nome"]=>
  string(17) "DEMOSTENES FRANCA"
  ["cpf"]=>
  string(14) "251.489.076-49"
  ["email"]=>
  string(26) "demostenesfranca@gmail.com"
  ["placa"]=>
  string(7) "QOC5518"
  ["unidade"]=>
  array(1) {
    [0]=>
    string(1) "5"
  }
}

[04/01/2023 07:41:15] Verificando a solicitação...
[04/01/2023 07:41:15] abgsoft-autopark-unimed.php
array(5) {
  ["nome"]=>
  string(21) "Sandra Maria França "
  ["cpf"]=>
  string(15) "033.582.576-14 "
  ["email"]=>
  string(26) "SandraNilton28@hotmail.com"
  ["placa"]=>
  string(8) "HEO3892 "
  ["unidade"]=>
  array(1) {
    [0]=>
    string(1) "3"
  }
}

[04/01/2023 08:37:53] Verificando a solicitação...
[04/01/2023 08:37:53] abgsoft-autopark-unimed.php
array(5) {
  ["nome"]=>
  string(33) "Andreia de Fátima Souza Rezende "
  ["cpf"]=>
  string(11) "00395933633"
  ["email"]=>
  string(21) "eandreia@yahoo.com.br"
  ["placa"]=>
  string(7) "RNN9F56"
  ["unidade"]=>
  array(1) {
    [0]=>
    string(1) "2"
  }
}

[04/01/2023 08:44:41] Verificando a solicitação...
[04/01/2023 08:44:41] abgsoft-autopark-unimed.php
array(5) {
  ["nome"]=>
  string(28) "Gleice Fernanda Silva Paula "
  ["cpf"]=>
  string(11) "05038564607"
  ["email"]=>
  string(25) "gleice.nanda@yahoo.com.br"
  ["placa"]=>
  string(7) "HFB3987"
  ["unidade"]=>
  array(1) {
    [0]=>
    string(1) "7"
  }
}

[04/01/2023 08:44:45] Verificando a solicitação...
[04/01/2023 08:44:45] abgsoft-autopark-unimed.php
array(5) {
  ["nome"]=>
  string(28) "Gleice Fernanda Silva Paula "
  ["cpf"]=>
  string(11) "05038564607"
  ["email"]=>
  string(25) "gleice.nanda@yahoo.com.br"
  ["placa"]=>
  string(7) "HFB3987"
  ["unidade"]=>
  array(1) {
    [0]=>
    string(1) "7"
  }
}

[04/01/2023 08:47:50] Verificando a solicitação...
[04/01/2023 08:47:50] abgsoft-autopark-unimed.php
array(5) {
  ["nome"]=>
  string(14) "Suelem Vieira "
  ["cpf"]=>
  string(11) "05705963667"
  ["email"]=>
  string(20) "suelemalda@gmail.com"
  ["placa"]=>
  string(7) "Pyq8634"
  ["unidade"]=>
  array(1) {
    [0]=>
    string(1) "5"
  }
}

[04/01/2023 08:50:42] Verificando a solicitação...
[04/01/2023 08:50:42] abgsoft-autopark-unimed.php
array(5) {
  ["nome"]=>
  string(30) "Cyntia mara de castro oliveira"
  ["cpf"]=>
  string(11) "09386524600"
  ["email"]=>
  string(24) "cyntiamara53@hotmail.com"
  ["placa"]=>
  string(7) "RNI7D02"
  ["unidade"]=>
  array(1) {
    [0]=>
    string(1) "5"
  }
}

[04/01/2023 09:10:35] Verificando a solicitação...
[04/01/2023 10:03:00] Verificando a solicitação...
[04/01/2023 10:03:00] abgsoft-autopark-unimed.php
array(5) {
  ["nome"]=>
  string(27) "William de Oliveira Freitas"
  ["cpf"]=>
  string(14) "015.774.866-92"
  ["email"]=>
  string(26) "alexareisfreitas@gmail.com"
  ["placa"]=>
  string(7) "OWM5363"
  ["unidade"]=>
  array(1) {
    [0]=>
    string(1) "5"
  }
}

[04/01/2023 10:09:31] Verificando a solicitação...
[04/01/2023 10:09:31] abgsoft-autopark-unimed.php
array(5) {
  ["nome"]=>
  string(30) "Paulo Augusto Carneiro Fonseca"
  ["cpf"]=>
  string(11) "11045346659"
  ["email"]=>
  string(25) "paulocfonseca20@gmail.com"
  ["placa"]=>
  string(7) "KRI7C85"
  ["unidade"]=>
  array(1) {
    [0]=>
    string(1) "2"
  }
}

[04/01/2023 10:25:42] Verificando a solicitação...
[04/01/2023 10:25:42] abgsoft-autopark-unimed.php
array(5) {
  ["nome"]=>
  string(27) "Antônio de Pádua Brandão"
  ["cpf"]=>
  string(11) "17637830659"
  ["email"]=>
  string(21) "apbbrandao2@gmail.com"
  ["placa"]=>
  string(7) "Opf6773"
  ["unidade"]=>
  array(1) {
    [0]=>
    string(1) "7"
  }
}

[04/01/2023 10:52:08] Verificando a solicitação...
[04/01/2023 10:52:08] abgsoft-autopark-unimed.php
array(5) {
  ["nome"]=>
  string(15) "Junio francisco"
  ["cpf"]=>
  string(11) "11609859600"
  ["email"]=>
  string(21) "junio-bad@hotmail.com"
  ["placa"]=>
  string(7) "Hhh1234"
  ["unidade"]=>
  array(1) {
    [0]=>
    string(1) "7"
  }
}

[04/01/2023 10:54:39] Verificando a solicitação...
[04/01/2023 10:54:39] abgsoft-autopark-unimed.php
array(5) {
  ["nome"]=>
  string(23) "LAURITA VICENTE PEREIRA"
  ["cpf"]=>
  string(14) "507.349.706-68"
  ["email"]=>
  string(25) "laurita.vicente@gmail.com"
  ["placa"]=>
  string(7) "owm0439"
  ["unidade"]=>
  array(1) {
    [0]=>
    string(1) "7"
  }
}

[04/01/2023 11:20:55] Verificando a solicitação...
[04/01/2023 11:20:55] abgsoft-autopark-unimed.php
array(5) {
  ["nome"]=>
  string(29) "Anna Flávia Botelho Siqueira"
  ["cpf"]=>
  string(14) "014.519.146-01"
  ["email"]=>
  string(20) "annaflor@outlook.com"
  ["placa"]=>
  string(7) "HLN6097"
  ["unidade"]=>
  array(1) {
    [0]=>
    string(1) "5"
  }
}

[04/01/2023 11:24:16] Verificando a solicitação...
[04/01/2023 11:24:16] abgsoft-autopark-unimed.php
array(5) {
  ["nome"]=>
  string(31) "Adriane Cristina do Nascimento "
  ["cpf"]=>
  string(11) "10381064603"
  ["email"]=>
  string(31) "adrianec.nascimento21@gmail.com"
  ["placa"]=>
  string(7) "Puo0d28"
  ["unidade"]=>
  array(1) {
    [0]=>
    string(1) "5"
  }
}

