[15/07/2023 03:47:32] Verificando a solicitação...
[15/07/2023 02:07:05] Verificando a solicitação...
[15/07/2023 02:07:05] abgsoft-autopark-unimed.php
array(5) {
  ["nome"]=>
  string(25) "Gisella Nogueira de Souza"
  ["cpf"]=>
  string(11) "05469366600"
  ["email"]=>
  string(22) "gisella.trab@gmail.com"
  ["placa"]=>
  string(7) "OQU0176"
  ["unidade"]=>
  array(1) {
    [0]=>
    string(1) "5"
  }
}

[15/07/2023 03:08:30] Verificando a solicitação...
[15/07/2023 03:08:30] abgsoft-autopark-unimed.php
array(5) {
  ["nome"]=>
  string(23) "Mônica Távora Soares "
  ["cpf"]=>
  string(11) "02614594733"
  ["email"]=>
  string(25) "mtvorasoares@yahoo.com.br"
  ["placa"]=>
  string(7) "OSN6877"
  ["unidade"]=>
  array(1) {
    [0]=>
    string(1) "7"
  }
}

[15/07/2023 03:09:14] Verificando a solicitação...
[15/07/2023 03:09:14] abgsoft-autopark-unimed.php
array(5) {
  ["nome"]=>
  string(23) "Mônica Távora Soares "
  ["cpf"]=>
  string(11) "02614594733"
  ["email"]=>
  string(25) "mtvorasoares@yahoo.com.br"
  ["placa"]=>
  string(7) "OSN6877"
  ["unidade"]=>
  array(1) {
    [0]=>
    string(1) "7"
  }
}

[15/07/2023 10:08:47] Verificando a solicitação...
[15/07/2023 10:08:47] abgsoft-autopark-unimed.php
array(5) {
  ["nome"]=>
  string(28) "Nathália Pinheiro Ferreira "
  ["cpf"]=>
  string(11) "12138946622"
  ["email"]=>
  string(30) "nathaliiapferreira@hotmail.com"
  ["placa"]=>
  string(7) "HNU0f38"
  ["unidade"]=>
  array(1) {
    [0]=>
    string(1) "7"
  }
}

