[25/07/2023 09:13:29] Verificando a solicitação...
[25/07/2023 09:13:29] abgsoft-autopark-unimed.php
array(5) {
  ["nome"]=>
  string(35) "Suellen Hermínia Diniz Figueiredo "
  ["cpf"]=>
  string(11) "09746950681"
  ["email"]=>
  string(32) "suellendinizfigueiredo@gmail.com"
  ["placa"]=>
  string(7) "PUW7C06"
  ["unidade"]=>
  array(1) {
    [0]=>
    string(1) "7"
  }
}

[25/07/2023 11:23:03] Verificando a solicitação...
[25/07/2023 11:23:03] abgsoft-autopark-unimed.php
array(5) {
  ["nome"]=>
  string(28) "Samila Karine de Lima Silva "
  ["cpf"]=>
  string(11) "10793687608"
  ["email"]=>
  string(23) "samilanicolly@gmail.com"
  ["placa"]=>
  string(8) "Hkh 1195"
  ["unidade"]=>
  array(1) {
    [0]=>
    string(1) "1"
  }
}

[25/07/2023 11:28:49] Verificando a solicitação...
[25/07/2023 11:28:49] abgsoft-autopark-unimed.php
array(5) {
  ["nome"]=>
  string(13) "MARCIO AREDES"
  ["cpf"]=>
  string(11) "73750573620"
  ["email"]=>
  string(25) "MARCIO.AREDES@PUCMINAS.BR"
  ["placa"]=>
  string(7) "GSP5469"
  ["unidade"]=>
  array(1) {
    [0]=>
    string(1) "4"
  }
}

[25/07/2023 11:28:53] Verificando a solicitação...
[25/07/2023 11:28:53] abgsoft-autopark-unimed.php
array(5) {
  ["nome"]=>
  string(13) "MARCIO AREDES"
  ["cpf"]=>
  string(11) "73750573620"
  ["email"]=>
  string(25) "MARCIO.AREDES@PUCMINAS.BR"
  ["placa"]=>
  string(7) "GSP5469"
  ["unidade"]=>
  array(1) {
    [0]=>
    string(1) "4"
  }
}

[25/07/2023 11:34:33] Verificando a solicitação...
[25/07/2023 11:34:33] abgsoft-autopark-unimed.php
array(5) {
  ["nome"]=>
  string(26) "Johnny dos Santos Campelo "
  ["cpf"]=>
  string(11) "10074085611"
  ["email"]=>
  string(25) "businesscampelo@gmail.com"
  ["placa"]=>
  string(8) "Hkh 1145"
  ["unidade"]=>
  array(1) {
    [0]=>
    string(1) "5"
  }
}

[25/07/2023 11:38:24] Verificando a solicitação...
[25/07/2023 11:38:24] abgsoft-autopark-unimed.php
array(5) {
  ["nome"]=>
  string(26) "Johnny dos Santos Campelo "
  ["cpf"]=>
  string(11) "10074085611"
  ["email"]=>
  string(23) "samilanicolly@gmail.com"
  ["placa"]=>
  string(8) "Hkh 1195"
  ["unidade"]=>
  array(1) {
    [0]=>
    string(1) "5"
  }
}

[25/07/2023 12:15:47] Verificando a solicitação...
[25/07/2023 12:15:47] abgsoft-autopark-unimed.php
array(5) {
  ["nome"]=>
  string(19) "ARTUR LUIZ DA SILVA"
  ["cpf"]=>
  string(11) "10820062626"
  ["email"]=>
  string(21) "anatriunfo@bol.com.br"
  ["placa"]=>
  string(8) "HGL-2183"
  ["unidade"]=>
  array(1) {
    [0]=>
    string(1) "3"
  }
}

[25/07/2023 12:15:55] Verificando a solicitação...
[25/07/2023 12:15:55] abgsoft-autopark-unimed.php
array(5) {
  ["nome"]=>
  string(15) "Marcos Antonio "
  ["cpf"]=>
  string(11) "26771210855"
  ["email"]=>
  string(29) "marcos.santos@autopark.com.br"
  ["placa"]=>
  string(8) "AKJ-1707"
  ["unidade"]=>
  array(1) {
    [0]=>
    string(1) "6"
  }
}

[25/07/2023 12:25:01] Verificando a solicitação...
[25/07/2023 12:25:01] abgsoft-autopark-unimed.php
array(5) {
  ["nome"]=>
  string(24) "Matheus Cordeiro Jardim "
  ["cpf"]=>
  string(14) "123.348.496-69"
  ["email"]=>
  string(26) "matheusjardins@hotmail.com"
  ["placa"]=>
  string(7) "PUX4C33"
  ["unidade"]=>
  array(1) {
    [0]=>
    string(1) "3"
  }
}

[25/07/2023 01:08:19] Verificando a solicitação...
[25/07/2023 01:16:32] Verificando a solicitação...
[25/07/2023 01:16:32] abgsoft-autopark-unimed.php
array(5) {
  ["nome"]=>
  string(20) "renata rocha barbosa"
  ["cpf"]=>
  string(11) "99688204668"
  ["email"]=>
  string(23) "rrochabarbosa@gmail.com"
  ["placa"]=>
  string(7) "quy2j02"
  ["unidade"]=>
  array(1) {
    [0]=>
    string(1) "4"
  }
}

[25/07/2023 01:23:10] Verificando a solicitação...
[25/07/2023 01:23:10] abgsoft-autopark-unimed.php
array(5) {
  ["nome"]=>
  string(22) "Hermano Faria de Sousa"
  ["cpf"]=>
  string(11) "06641568601"
  ["email"]=>
  string(25) "hermanofaria@yahoo.com.br"
  ["placa"]=>
  string(7) "QPB5663"
  ["unidade"]=>
  array(1) {
    [0]=>
    string(1) "4"
  }
}

[25/07/2023 02:01:25] Verificando a solicitação...
[25/07/2023 02:01:25] abgsoft-autopark-unimed.php
array(5) {
  ["nome"]=>
  string(37) "Isabel Barbosa de Oliveira Gonçalves"
  ["cpf"]=>
  string(14) "074.026.346-39"
  ["email"]=>
  string(29) "isabeldireitouni@yahoo.com.br"
  ["placa"]=>
  string(7) "PVV3D99"
  ["unidade"]=>
  array(1) {
    [0]=>
    string(1) "5"
  }
}

[25/07/2023 02:06:27] Verificando a solicitação...
[25/07/2023 02:06:27] abgsoft-autopark-unimed.php
array(5) {
  ["nome"]=>
  string(37) "isabel barbosa de Oliveira gonçalves"
  ["cpf"]=>
  string(11) "07402634639"
  ["email"]=>
  string(29) "isabeldireitouni@yahoo.com.br"
  ["placa"]=>
  string(7) "PVV3D99"
  ["unidade"]=>
  array(1) {
    [0]=>
    string(1) "5"
  }
}

[25/07/2023 02:14:21] Verificando a solicitação...
[25/07/2023 02:14:21] abgsoft-autopark-unimed.php
array(5) {
  ["nome"]=>
  string(26) "Thalyta da Silva Maia Rosa"
  ["cpf"]=>
  string(14) "018.978.066-55"
  ["email"]=>
  string(23) "thalytamaia10@gmail.com"
  ["placa"]=>
  string(7) "QXQ7A17"
  ["unidade"]=>
  array(1) {
    [0]=>
    string(1) "1"
  }
}

[25/07/2023 02:24:41] Verificando a solicitação...
[25/07/2023 02:24:41] abgsoft-autopark-unimed.php
array(5) {
  ["nome"]=>
  string(24) "Iara dos Santos Marques "
  ["cpf"]=>
  string(11) "05066770607"
  ["email"]=>
  string(18) "iarasm24@gmail.com"
  ["placa"]=>
  string(7) "OWN6I51"
  ["unidade"]=>
  array(1) {
    [0]=>
    string(1) "5"
  }
}

[25/07/2023 02:41:47] Verificando a solicitação...
[25/07/2023 02:41:47] abgsoft-autopark-unimed.php
array(5) {
  ["nome"]=>
  string(29) "Anna Flávia Botelho Siqueira"
  ["cpf"]=>
  string(14) "014.519.146-01"
  ["email"]=>
  string(20) "annaflor@outlook.com"
  ["placa"]=>
  string(7) "HLN6097"
  ["unidade"]=>
  array(1) {
    [0]=>
    string(1) "4"
  }
}

[25/07/2023 02:55:39] Verificando a solicitação...
[25/07/2023 02:55:39] abgsoft-autopark-unimed.php
array(5) {
  ["nome"]=>
  string(20) "Camila Gabriela Dias"
  ["cpf"]=>
  string(11) "08567750610"
  ["email"]=>
  string(22) "camilex.21@hotmail.com"
  ["placa"]=>
  string(7) "PZV3498"
  ["unidade"]=>
  array(1) {
    [0]=>
    string(1) "5"
  }
}

[25/07/2023 03:40:54] Verificando a solicitação...
[25/07/2023 03:40:54] abgsoft-autopark-unimed.php
array(5) {
  ["nome"]=>
  string(25) "Angelo da Silva Ferreira "
  ["cpf"]=>
  string(11) "03898079660"
  ["email"]=>
  string(23) "ferreiragtr@hotmail.com"
  ["placa"]=>
  string(8) "Hib1d33 "
  ["unidade"]=>
  array(1) {
    [0]=>
    string(1) "7"
  }
}

[25/07/2023 03:44:49] Verificando a solicitação...
[25/07/2023 03:44:49] abgsoft-autopark-unimed.php
array(5) {
  ["nome"]=>
  string(26) "MICHELLE FERREIRA DE SOUZA"
  ["cpf"]=>
  string(14) "073.503.376-55"
  ["email"]=>
  string(26) "michellefs777@yahoo.com.br"
  ["placa"]=>
  string(7) "PZY4933"
  ["unidade"]=>
  array(1) {
    [0]=>
    string(1) "7"
  }
}

[25/07/2023 03:52:43] Verificando a solicitação...
[25/07/2023 03:52:43] abgsoft-autopark-unimed.php
array(5) {
  ["nome"]=>
  string(10) "Remon azar"
  ["cpf"]=>
  string(11) "38475553672"
  ["email"]=>
  string(19) "remonazar@gmail.com"
  ["placa"]=>
  string(8) "SHJ5B67 "
  ["unidade"]=>
  array(1) {
    [0]=>
    string(1) "5"
  }
}

[25/07/2023 04:48:16] Verificando a solicitação...
[25/07/2023 04:48:16] abgsoft-autopark-unimed.php
array(5) {
  ["nome"]=>
  string(15) "Guilherme Alves"
  ["cpf"]=>
  string(11) "12743935669"
  ["email"]=>
  string(24) "guilhermehsa@hotmail.com"
  ["placa"]=>
  string(7) "QQL6H63"
  ["unidade"]=>
  array(1) {
    [0]=>
    string(1) "3"
  }
}

[25/07/2023 04:50:25] Verificando a solicitação...
[25/07/2023 04:50:25] abgsoft-autopark-unimed.php
array(5) {
  ["nome"]=>
  string(19) "Tania Mara de Souza"
  ["cpf"]=>
  string(11) "91005485615"
  ["email"]=>
  string(21) "taniamaras@icloud.com"
  ["placa"]=>
  string(7) "PYW2227"
  ["unidade"]=>
  array(1) {
    [0]=>
    string(1) "7"
  }
}

[25/07/2023 04:50:46] Verificando a solicitação...
[25/07/2023 04:50:46] abgsoft-autopark-unimed.php
array(5) {
  ["nome"]=>
  string(19) "Tania Mara de Souza"
  ["cpf"]=>
  string(11) "91005485615"
  ["email"]=>
  string(21) "taniamaras@icloud.com"
  ["placa"]=>
  string(7) "PYW2227"
  ["unidade"]=>
  array(1) {
    [0]=>
    string(1) "7"
  }
}

[25/07/2023 05:04:37] Verificando a solicitação...
[25/07/2023 05:04:37] abgsoft-autopark-unimed.php
array(5) {
  ["nome"]=>
  string(28) "Gleice Fernanda Silva Paula "
  ["cpf"]=>
  string(14) "050.385.646-07"
  ["email"]=>
  string(25) "gleice.nanda@yahoo.com.br"
  ["placa"]=>
  string(7) "HFB3J87"
  ["unidade"]=>
  array(1) {
    [0]=>
    string(1) "5"
  }
}

[25/07/2023 05:30:10] Verificando a solicitação...
[25/07/2023 05:30:10] abgsoft-autopark-unimed.php
array(5) {
  ["nome"]=>
  string(26) "Clever de Oliveira Júnior"
  ["cpf"]=>
  string(11) "04408251640"
  ["email"]=>
  string(18) "cleverdj@gmail.com"
  ["placa"]=>
  string(7) "hbh2336"
  ["unidade"]=>
  array(1) {
    [0]=>
    string(1) "7"
  }
}

[25/07/2023 05:32:35] Verificando a solicitação...
[25/07/2023 05:32:35] abgsoft-autopark-unimed.php
array(5) {
  ["nome"]=>
  string(33) "Marcos Antônio Aguiar dos Santos"
  ["cpf"]=>
  string(14) "069.092.776-27"
  ["email"]=>
  string(23) "m.aguiar86@yahoo.com.br"
  ["placa"]=>
  string(7) "Puv5730"
  ["unidade"]=>
  array(1) {
    [0]=>
    string(1) "7"
  }
}

[25/07/2023 06:24:51] Verificando a solicitação...
[25/07/2023 06:24:51] abgsoft-autopark-unimed.php
array(5) {
  ["nome"]=>
  string(32) "Fabio Mateus Rodrigues da Rocha "
  ["cpf"]=>
  string(11) "08068894624"
  ["email"]=>
  string(24) "ninahbarcelos@icloud.com"
  ["placa"]=>
  string(7) "HMO2F55"
  ["unidade"]=>
  array(1) {
    [0]=>
    string(1) "7"
  }
}

[25/07/2023 06:28:40] Verificando a solicitação...
[25/07/2023 06:28:40] abgsoft-autopark-unimed.php
array(5) {
  ["nome"]=>
  string(34) "Luciana Martins de Oliveira Neres "
  ["cpf"]=>
  string(11) "01590754670"
  ["email"]=>
  string(25) "lucianalauren@hotmail.com"
  ["placa"]=>
  string(7) "grr9807"
  ["unidade"]=>
  array(1) {
    [0]=>
    string(1) "3"
  }
}

[25/07/2023 06:29:02] Verificando a solicitação...
[25/07/2023 06:29:02] abgsoft-autopark-unimed.php
array(5) {
  ["nome"]=>
  string(34) "Luciana Martins de Oliveira Neres "
  ["cpf"]=>
  string(11) "01590754670"
  ["email"]=>
  string(25) "lucianalauren@hotmail.com"
  ["placa"]=>
  string(7) "grr9807"
  ["unidade"]=>
  array(1) {
    [0]=>
    string(1) "3"
  }
}

[25/07/2023 06:35:08] Verificando a solicitação...
[25/07/2023 06:35:08] abgsoft-autopark-unimed.php
array(5) {
  ["nome"]=>
  string(20) "Silvia Sales Novaes "
  ["cpf"]=>
  string(11) "98929585604"
  ["email"]=>
  string(24) "silsalesnova@outlook.com"
  ["placa"]=>
  string(8) "HKQ-4539"
  ["unidade"]=>
  array(1) {
    [0]=>
    string(1) "2"
  }
}

[25/07/2023 06:45:57] Verificando a solicitação...
[25/07/2023 06:45:57] abgsoft-autopark-unimed.php
array(5) {
  ["nome"]=>
  string(26) "Arlene dos Santos Barbosa "
  ["cpf"]=>
  string(11) "10670015652"
  ["email"]=>
  string(21) "arllenesb@hotmail.com"
  ["placa"]=>
  string(8) "Hnt1i02 "
  ["unidade"]=>
  array(1) {
    [0]=>
    string(1) "5"
  }
}

[25/07/2023 07:18:41] Verificando a solicitação...
[25/07/2023 07:18:41] abgsoft-autopark-unimed.php
array(5) {
  ["nome"]=>
  string(29) "Leonardo Simões De Carvalho "
  ["cpf"]=>
  string(11) "02809742642"
  ["email"]=>
  string(19) "leobanha2@gmail.com"
  ["placa"]=>
  string(7) "Pbz6a60"
  ["unidade"]=>
  array(1) {
    [0]=>
    string(1) "7"
  }
}

[25/07/2023 08:19:30] Verificando a solicitação...
[25/07/2023 08:19:30] abgsoft-autopark-unimed.php
array(5) {
  ["nome"]=>
  string(26) "LEONARDO HENRIQUE DE SOUZA"
  ["cpf"]=>
  string(14) "076.482.316-70"
  ["email"]=>
  string(27) "leonardohennrique@gmail.com"
  ["placa"]=>
  string(7) "PWF2304"
  ["unidade"]=>
  array(1) {
    [0]=>
    string(1) "2"
  }
}

[25/07/2023 08:21:51] Verificando a solicitação...
[25/07/2023 08:21:51] abgsoft-autopark-unimed.php
array(5) {
  ["nome"]=>
  string(21) "LUCIANA NADLER GRIBEL"
  ["cpf"]=>
  string(14) "519.626.676-34"
  ["email"]=>
  string(19) "gribeljbs@gmail.com"
  ["placa"]=>
  string(7) "QUE0943"
  ["unidade"]=>
  array(1) {
    [0]=>
    string(1) "5"
  }
}

[25/07/2023 08:51:42] Verificando a solicitação...
[25/07/2023 08:51:42] abgsoft-autopark-unimed.php
array(5) {
  ["nome"]=>
  string(27) "Arthur Corrêa De Azevêdo "
  ["cpf"]=>
  string(15) "277.572.776-04 "
  ["email"]=>
  string(22) "arthurazv189@gmail.com"
  ["placa"]=>
  string(7) "Qww7314"
  ["unidade"]=>
  array(1) {
    [0]=>
    string(1) "5"
  }
}

[25/07/2023 09:04:47] Verificando a solicitação...
[25/07/2023 09:04:47] abgsoft-autopark-unimed.php
array(5) {
  ["nome"]=>
  string(23) "Jéssica Gabriela lemos"
  ["cpf"]=>
  string(11) "12633405630"
  ["email"]=>
  string(22) "jessicallemos@live.com"
  ["placa"]=>
  string(7) "Ezr4j75"
  ["unidade"]=>
  array(1) {
    [0]=>
    string(1) "1"
  }
}

[25/07/2023 09:19:04] Verificando a solicitação...
[25/07/2023 09:19:04] abgsoft-autopark-unimed.php
array(5) {
  ["nome"]=>
  string(21) "LUIZ EUSTÁQUIO MOTTA"
  ["cpf"]=>
  string(14) "420.666.206-10"
  ["email"]=>
  string(23) "luizmotta2012@gmail.com"
  ["placa"]=>
  string(8) "PUZ 3159"
  ["unidade"]=>
  array(1) {
    [0]=>
    string(1) "5"
  }
}

[25/07/2023 09:27:48] Verificando a solicitação...
[25/07/2023 09:27:48] abgsoft-autopark-unimed.php
array(5) {
  ["nome"]=>
  string(36) "Wanderson aparecido santos silveira "
  ["cpf"]=>
  string(11) "09688084689"
  ["email"]=>
  string(31) "wandersonsilveira1990@gmail.com"
  ["placa"]=>
  string(7) "Qxc9h58"
  ["unidade"]=>
  array(1) {
    [0]=>
    string(1) "3"
  }
}

[25/07/2023 11:13:21] Verificando a solicitação...
[25/07/2023 11:13:21] abgsoft-autopark-unimed.php
array(5) {
  ["nome"]=>
  string(21) "Thaís ricci bitataes"
  ["cpf"]=>
  string(11) "08702026694"
  ["email"]=>
  string(27) "thaisricci0909@yahoo.com.br"
  ["placa"]=>
  string(7) "OMC7531"
  ["unidade"]=>
  array(1) {
    [0]=>
    string(1) "7"
  }
}

