[27/07/2023 01:18:14] Verificando a solicitação...
[27/07/2023 01:18:14] abgsoft-autopark-unimed.php
array(5) {
  ["nome"]=>
  string(26) "CLAUDIA PATRICIA MALAQUIAS"
  ["cpf"]=>
  string(14) "874.997.706-72"
  ["email"]=>
  string(30) "patricia.malaquias@hotmail.com"
  ["placa"]=>
  string(8) "HNE 5169"
  ["unidade"]=>
  array(1) {
    [0]=>
    string(1) "5"
  }
}

[27/07/2023 01:29:50] Verificando a solicitação...
[27/07/2023 01:29:50] abgsoft-autopark-unimed.php
array(5) {
  ["nome"]=>
  string(32) "Luiara Stefânia Nocci da Silva "
  ["cpf"]=>
  string(11) "07757234603"
  ["email"]=>
  string(22) "lustefania@hotmail.com"
  ["placa"]=>
  string(7) "HGG0403"
  ["unidade"]=>
  array(1) {
    [0]=>
    string(1) "5"
  }
}

[27/07/2023 10:04:23] Verificando a solicitação...
[27/07/2023 10:04:23] abgsoft-autopark-unimed.php
array(5) {
  ["nome"]=>
  string(33) "Claudia conceição de Souza MOTA"
  ["cpf"]=>
  string(14) "055.104.296-66"
  ["email"]=>
  string(23) "claudiacsmota@gmail.com"
  ["placa"]=>
  string(7) "GXC0324"
  ["unidade"]=>
  array(1) {
    [0]=>
    string(1) "5"
  }
}

[27/07/2023 10:08:56] Verificando a solicitação...
[27/07/2023 10:08:56] abgsoft-autopark-unimed.php
array(5) {
  ["nome"]=>
  string(26) "Clever de Oliveira Júnior"
  ["cpf"]=>
  string(14) "044.082.516-40"
  ["email"]=>
  string(18) "cleverdj@gmail.com"
  ["placa"]=>
  string(7) "hbh2336"
  ["unidade"]=>
  array(1) {
    [0]=>
    string(1) "7"
  }
}

[27/07/2023 10:41:17] Verificando a solicitação...
[27/07/2023 10:41:17] abgsoft-autopark-unimed.php
array(5) {
  ["nome"]=>
  string(25) "Thifany Stefany Carvalho "
  ["cpf"]=>
  string(14) "145.755.536-03"
  ["email"]=>
  string(27) "thifany.stefany15@gmail.com"
  ["placa"]=>
  string(7) "SHX7D55"
  ["unidade"]=>
  array(1) {
    [0]=>
    string(1) "7"
  }
}

[27/07/2023 11:57:05] Verificando a solicitação...
[27/07/2023 11:57:05] abgsoft-autopark-unimed.php
array(5) {
  ["nome"]=>
  string(26) "FLAVIANA DE FATIMA MARQUES"
  ["cpf"]=>
  string(14) "052.579.786-60"
  ["email"]=>
  string(26) "flavi.marques@yahoo.com.br"
  ["placa"]=>
  string(7) "QOS5303"
  ["unidade"]=>
  array(1) {
    [0]=>
    string(1) "5"
  }
}

[27/07/2023 12:43:05] Verificando a solicitação...
[27/07/2023 12:43:05] abgsoft-autopark-unimed.php
array(5) {
  ["nome"]=>
  string(28) "Mary Margareth vicente costa"
  ["cpf"]=>
  string(14) "437.252.956-20"
  ["email"]=>
  string(27) "magazinha-marga@outlook.com"
  ["placa"]=>
  string(7) "Hiq3j41"
  ["unidade"]=>
  array(1) {
    [0]=>
    string(1) "5"
  }
}

[27/07/2023 12:51:55] Verificando a solicitação...
[27/07/2023 12:51:55] abgsoft-autopark-unimed.php
array(5) {
  ["nome"]=>
  string(13) "Rodrigo Costa"
  ["cpf"]=>
  string(11) "06683076685"
  ["email"]=>
  string(23) "rodrigodc3030@gmail.com"
  ["placa"]=>
  string(7) "HFH5273"
  ["unidade"]=>
  array(1) {
    [0]=>
    string(1) "3"
  }
}

[27/07/2023 01:34:09] Verificando a solicitação...
[27/07/2023 01:34:09] abgsoft-autopark-unimed.php
array(5) {
  ["nome"]=>
  string(26) "ADRIANE CRISTINA DE BARROS"
  ["cpf"]=>
  string(14) "997.413.006-97"
  ["email"]=>
  string(30) "dricabarrosbarros617@gmail.com"
  ["placa"]=>
  string(7) "HEQ5956"
  ["unidade"]=>
  array(1) {
    [0]=>
    string(1) "7"
  }
}

[27/07/2023 01:45:14] Verificando a solicitação...
[27/07/2023 02:16:02] Verificando a solicitação...
[27/07/2023 02:16:02] abgsoft-autopark-unimed.php
array(5) {
  ["nome"]=>
  string(23) "Camila Pereira Machado "
  ["cpf"]=>
  string(11) "13274188603"
  ["email"]=>
  string(27) "camilamachado15@outlook.com"
  ["placa"]=>
  string(7) "GYX5701"
  ["unidade"]=>
  array(1) {
    [0]=>
    string(1) "7"
  }
}

[27/07/2023 02:40:40] Verificando a solicitação...
[27/07/2023 02:40:40] abgsoft-autopark-unimed.php
array(5) {
  ["nome"]=>
  string(17) "Rayanne Sthefany "
  ["cpf"]=>
  string(10) "1606804623"
  ["email"]=>
  string(20) "raytefa.02@gmail.com"
  ["placa"]=>
  string(7) "MYW7E01"
  ["unidade"]=>
  array(1) {
    [0]=>
    string(1) "7"
  }
}

[27/07/2023 04:36:00] Verificando a solicitação...
[27/07/2023 04:36:00] abgsoft-autopark-unimed.php
array(5) {
  ["nome"]=>
  string(29) "Roberto Eugênio de Mendonça"
  ["cpf"]=>
  string(11) "39111229691"
  ["email"]=>
  string(21) "robertomen@bol.com.br"
  ["placa"]=>
  string(7) "NWR8424"
  ["unidade"]=>
  array(1) {
    [0]=>
    string(1) "5"
  }
}

[27/07/2023 05:00:13] Verificando a solicitação...
[27/07/2023 05:53:12] Verificando a solicitação...
[27/07/2023 05:53:12] abgsoft-autopark-unimed.php
array(5) {
  ["nome"]=>
  string(26) "Ana Cristina França Abreu"
  ["cpf"]=>
  string(11) "03983497624"
  ["email"]=>
  string(23) "anacrisfabreu@gmail.com"
  ["placa"]=>
  string(7) "PXM4780"
  ["unidade"]=>
  array(1) {
    [0]=>
    string(1) "5"
  }
}

[27/07/2023 06:16:36] Verificando a solicitação...
[27/07/2023 06:16:36] abgsoft-autopark-unimed.php
array(5) {
  ["nome"]=>
  string(24) "CARLA SOARES LOPES SILVA"
  ["cpf"]=>
  string(14) "414.445.316-20"
  ["email"]=>
  string(22) "carlalops@yahoo.com.br"
  ["placa"]=>
  string(7) "HNZ4553"
  ["unidade"]=>
  array(1) {
    [0]=>
    string(1) "7"
  }
}

[27/07/2023 07:40:08] Verificando a solicitação...
[27/07/2023 07:40:08] abgsoft-autopark-unimed.php
array(5) {
  ["nome"]=>
  string(33) "ALEXANDRA MARIA PINTOS DOS SANTOS"
  ["cpf"]=>
  string(14) "011.197.246-94"
  ["email"]=>
  string(20) "pralexaibr@gmail.com"
  ["placa"]=>
  string(7) "QUM6984"
  ["unidade"]=>
  array(1) {
    [0]=>
    string(1) "5"
  }
}

[27/07/2023 07:43:03] Verificando a solicitação...
[27/07/2023 07:43:03] abgsoft-autopark-unimed.php
array(5) {
  ["nome"]=>
  string(33) "ALEXANDRA MARIA PINTOS DOS SANTOS"
  ["cpf"]=>
  string(14) "011.197.246-94"
  ["email"]=>
  string(34) "sec.alexandra@colegiogetsemani.com"
  ["placa"]=>
  string(8) "PVJ 0806"
  ["unidade"]=>
  array(1) {
    [0]=>
    string(1) "5"
  }
}

[27/07/2023 07:46:06] Verificando a solicitação...
[27/07/2023 07:46:06] abgsoft-autopark-unimed.php
array(5) {
  ["nome"]=>
  string(33) "ALEXANDRA MARIA PINTOS DOS SANTOS"
  ["cpf"]=>
  string(14) "011.197.246-94"
  ["email"]=>
  string(34) "sec.alexandra@colegiogetsemani.com"
  ["placa"]=>
  string(7) "QUM6984"
  ["unidade"]=>
  array(1) {
    [0]=>
    string(1) "5"
  }
}

[27/07/2023 08:07:47] Verificando a solicitação...
[27/07/2023 08:07:47] abgsoft-autopark-unimed.php
array(5) {
  ["nome"]=>
  string(25) "Fernanda Mara Nunes Costa"
  ["cpf"]=>
  string(14) "099.987.206-05"
  ["email"]=>
  string(23) "dadaddi.nunes@gmail.com"
  ["placa"]=>
  string(7) "ORB9984"
  ["unidade"]=>
  array(1) {
    [0]=>
    string(1) "7"
  }
}

[27/07/2023 09:40:20] Verificando a solicitação...
[27/07/2023 09:40:20] abgsoft-autopark-unimed.php
array(5) {
  ["nome"]=>
  string(6) "Carla "
  ["cpf"]=>
  string(11) "04823016602"
  ["email"]=>
  string(28) "carlasaturninodias@gmail.com"
  ["placa"]=>
  string(9) "PYC-3b70 "
  ["unidade"]=>
  array(1) {
    [0]=>
    string(1) "5"
  }
}

[27/07/2023 11:42:15] Verificando a solicitação...
[27/07/2023 11:42:15] abgsoft-autopark-unimed.php
array(5) {
  ["nome"]=>
  string(21) "Irene Alves da Costa "
  ["cpf"]=>
  string(11) "06023677609"
  ["email"]=>
  string(25) "denisebc2000@yahoo.com.br"
  ["placa"]=>
  string(8) "OLO 5345"
  ["unidade"]=>
  array(1) {
    [0]=>
    string(1) "7"
  }
}

