[30/03/2023 12:18:17] Verificando a solicitação...
[30/03/2023 09:15:15] Verificando a solicitação...
[30/03/2023 09:15:15] abgsoft-autopark-unimed.php
array(5) {
  ["nome"]=>
  string(27) "Sandro Marcio De Figueiredo"
  ["cpf"]=>
  string(14) "003.575.406-03"
  ["email"]=>
  string(23) "sandingalo@yahoo.com.br"
  ["placa"]=>
  string(8) "QQJ7E95 "
  ["unidade"]=>
  array(1) {
    [0]=>
    string(1) "2"
  }
}

[30/03/2023 09:31:50] Verificando a solicitação...
[30/03/2023 09:31:50] abgsoft-autopark-unimed.php
array(5) {
  ["nome"]=>
  string(30) "Maria Dorotea Ferreira Soares "
  ["cpf"]=>
  string(11) "2964796769 "
  ["email"]=>
  string(30) "ferreira.soares2010@bol.com.br"
  ["placa"]=>
  string(7) "HOC3242"
  ["unidade"]=>
  array(1) {
    [0]=>
    string(1) "5"
  }
}

[30/03/2023 09:40:07] Verificando a solicitação...
[30/03/2023 09:40:07] abgsoft-autopark-unimed.php
array(5) {
  ["nome"]=>
  string(24) "Gisele soares de moraes "
  ["cpf"]=>
  string(14) "120.235.106-94"
  ["email"]=>
  string(24) "gizasoares27@outlook.com"
  ["placa"]=>
  string(7) "PUE5719"
  ["unidade"]=>
  array(1) {
    [0]=>
    string(1) "7"
  }
}

[30/03/2023 09:40:09] Verificando a solicitação...
[30/03/2023 09:40:09] abgsoft-autopark-unimed.php
array(5) {
  ["nome"]=>
  string(6) "Carla "
  ["cpf"]=>
  string(11) "04823016602"
  ["email"]=>
  string(28) "carlasaturninodias@gmail.com"
  ["placa"]=>
  string(7) "Pyc3b70"
  ["unidade"]=>
  array(1) {
    [0]=>
    string(1) "5"
  }
}

[30/03/2023 09:44:59] Verificando a solicitação...
[30/03/2023 09:44:59] abgsoft-autopark-unimed.php
array(5) {
  ["nome"]=>
  string(17) "Carla Silva Carmo"
  ["cpf"]=>
  string(14) "039.954.386-44"
  ["email"]=>
  string(23) "carlacarmo.cs@gmail.com"
  ["placa"]=>
  string(8) "OWW 5705"
  ["unidade"]=>
  array(1) {
    [0]=>
    string(1) "7"
  }
}

[30/03/2023 10:44:53] Verificando a solicitação...
[30/03/2023 10:44:53] abgsoft-autopark-unimed.php
array(5) {
  ["nome"]=>
  string(34) "Roberta Michaelli  Barbosa Queiroz"
  ["cpf"]=>
  string(11) "03954663694"
  ["email"]=>
  string(22) "mikaelli13@hotmail.com"
  ["placa"]=>
  string(7) "QOS1935"
  ["unidade"]=>
  array(1) {
    [0]=>
    string(1) "3"
  }
}

[30/03/2023 10:45:36] Verificando a solicitação...
[30/03/2023 10:45:36] abgsoft-autopark-unimed.php
array(5) {
  ["nome"]=>
  string(34) "Roberta Michaelli  Barbosa Queiroz"
  ["cpf"]=>
  string(11) "03954663694"
  ["email"]=>
  string(22) "mikaelli13@hotmail.com"
  ["placa"]=>
  string(7) "QOS1935"
  ["unidade"]=>
  array(1) {
    [0]=>
    string(1) "3"
  }
}

[30/03/2023 11:02:09] Verificando a solicitação...
[30/03/2023 11:02:09] abgsoft-autopark-unimed.php
array(5) {
  ["nome"]=>
  string(23) "Simara Serafim Carvalho"
  ["cpf"]=>
  string(14) "080.522.778-41"
  ["email"]=>
  string(21) "samiar01@yahoo.com.br"
  ["placa"]=>
  string(7) "DQK4390"
  ["unidade"]=>
  array(1) {
    [0]=>
    string(1) "5"
  }
}

[30/03/2023 11:18:50] Verificando a solicitação...
[30/03/2023 11:18:50] abgsoft-autopark-unimed.php
array(5) {
  ["nome"]=>
  string(33) "Claudia Conceição de Souza Mota"
  ["cpf"]=>
  string(14) "055.104.296-66"
  ["email"]=>
  string(23) "claudiacsmota@gmail.com"
  ["placa"]=>
  string(7) "GXC0324"
  ["unidade"]=>
  array(1) {
    [0]=>
    string(1) "5"
  }
}

[30/03/2023 11:24:18] Verificando a solicitação...
[30/03/2023 11:24:18] abgsoft-autopark-unimed.php
array(5) {
  ["nome"]=>
  string(33) "Claudia Conceição de Souza Mota"
  ["cpf"]=>
  string(14) "055.104.296-66"
  ["email"]=>
  string(23) "claudiacsmota@gmail.com"
  ["placa"]=>
  string(7) "GXC0324"
  ["unidade"]=>
  array(1) {
    [0]=>
    string(1) "5"
  }
}

[30/03/2023 12:07:00] Verificando a solicitação...
[30/03/2023 12:07:00] abgsoft-autopark-unimed.php
array(5) {
  ["nome"]=>
  string(23) "Letícia Macedo Mariano"
  ["cpf"]=>
  string(14) "123.713.626-11"
  ["email"]=>
  string(22) "lekamacedo20@gmail.com"
  ["placa"]=>
  string(7) "GUM5813"
  ["unidade"]=>
  array(1) {
    [0]=>
    string(1) "5"
  }
}

[30/03/2023 12:21:05] Verificando a solicitação...
[30/03/2023 12:21:05] abgsoft-autopark-unimed.php
array(5) {
  ["nome"]=>
  string(20) "BRUNO JESUS DA SILVA"
  ["cpf"]=>
  string(11) "05330695643"
  ["email"]=>
  string(25) "brunojsilva2310@gmail.com"
  ["placa"]=>
  string(7) "HKQ8J60"
  ["unidade"]=>
  array(1) {
    [0]=>
    string(1) "2"
  }
}

[30/03/2023 12:21:24] Verificando a solicitação...
[30/03/2023 12:25:11] Verificando a solicitação...
[30/03/2023 12:25:11] abgsoft-autopark-unimed.php
array(5) {
  ["nome"]=>
  string(29) "Ana Lucia Fernandes de Souza "
  ["cpf"]=>
  string(11) "05644981657"
  ["email"]=>
  string(30) "fernandesanalucia310@gmail.com"
  ["placa"]=>
  string(7) "OQD0956"
  ["unidade"]=>
  array(1) {
    [0]=>
    string(1) "7"
  }
}

[30/03/2023 12:25:44] Verificando a solicitação...
[30/03/2023 12:25:44] abgsoft-autopark-unimed.php
array(5) {
  ["nome"]=>
  string(29) "Ana Lucia Fernandes de Souza "
  ["cpf"]=>
  string(11) "05644981657"
  ["email"]=>
  string(30) "fernandesanalucia310@gmail.com"
  ["placa"]=>
  string(7) "OQD0956"
  ["unidade"]=>
  array(1) {
    [0]=>
    string(1) "7"
  }
}

[30/03/2023 12:26:30] Verificando a solicitação...
[30/03/2023 12:26:30] abgsoft-autopark-unimed.php
array(5) {
  ["nome"]=>
  string(29) "Ana Lucia Fernandes de Souza "
  ["cpf"]=>
  string(11) "05644981657"
  ["email"]=>
  string(30) "fernandesanalucia310@gmail.com"
  ["placa"]=>
  string(7) "OQD0956"
  ["unidade"]=>
  array(1) {
    [0]=>
    string(1) "7"
  }
}

[30/03/2023 12:30:04] Verificando a solicitação...
[30/03/2023 12:30:04] abgsoft-autopark-unimed.php
array(5) {
  ["nome"]=>
  string(21) "Isabela Moreira Ramos"
  ["cpf"]=>
  string(11) "09613583602"
  ["email"]=>
  string(26) "isabelaramos1903@gmail.com"
  ["placa"]=>
  string(7) "HFW3485"
  ["unidade"]=>
  array(1) {
    [0]=>
    string(1) "5"
  }
}

[30/03/2023 12:50:28] Verificando a solicitação...
[30/03/2023 12:50:28] abgsoft-autopark-unimed.php
array(5) {
  ["nome"]=>
  string(29) "ANETTE LUZIA FISSICARO DUARTE"
  ["cpf"]=>
  string(11) "48884642604"
  ["email"]=>
  string(27) "anettefissicaro@hotmail.com"
  ["placa"]=>
  string(7) "HBM1954"
  ["unidade"]=>
  array(1) {
    [0]=>
    string(1) "5"
  }
}

[30/03/2023 12:50:54] Verificando a solicitação...
[30/03/2023 12:50:54] abgsoft-autopark-unimed.php
array(5) {
  ["nome"]=>
  string(29) "ANETTE LUZIA FISSICARO DUARTE"
  ["cpf"]=>
  string(11) "48884642604"
  ["email"]=>
  string(27) "anettefissicaro@hotmail.com"
  ["placa"]=>
  string(7) "HBM1954"
  ["unidade"]=>
  array(1) {
    [0]=>
    string(1) "5"
  }
}

[30/03/2023 12:59:37] Verificando a solicitação...
[30/03/2023 12:59:37] abgsoft-autopark-unimed.php
array(5) {
  ["nome"]=>
  string(22) "Thiago Vieira Umbelino"
  ["cpf"]=>
  string(11) "04019926679"
  ["email"]=>
  string(18) "thiagovu@gmail.com"
  ["placa"]=>
  string(8) "PWT0B86 "
  ["unidade"]=>
  array(1) {
    [0]=>
    string(1) "3"
  }
}

[30/03/2023 01:01:02] Verificando a solicitação...
[30/03/2023 01:01:02] abgsoft-autopark-unimed.php
array(5) {
  ["nome"]=>
  string(22) "Thiago Vieira Umbelino"
  ["cpf"]=>
  string(11) "04019926670"
  ["email"]=>
  string(18) "thiagovu@gmail.com"
  ["placa"]=>
  string(8) "PWT0B86 "
  ["unidade"]=>
  array(1) {
    [0]=>
    string(1) "3"
  }
}

[30/03/2023 01:21:28] Verificando a solicitação...
[30/03/2023 01:21:28] abgsoft-autopark-unimed.php
array(5) {
  ["nome"]=>
  string(25) "Flávio Pereira da Silva "
  ["cpf"]=>
  string(14) "080.251.316-61"
  ["email"]=>
  string(23) "pereira201086@gmail.com"
  ["placa"]=>
  string(8) "HJF1425 "
  ["unidade"]=>
  array(1) {
    [0]=>
    string(1) "5"
  }
}

[30/03/2023 01:21:37] Verificando a solicitação...
[30/03/2023 01:21:37] abgsoft-autopark-unimed.php
array(5) {
  ["nome"]=>
  string(25) "Flávio Pereira da Silva "
  ["cpf"]=>
  string(14) "080.251.316-61"
  ["email"]=>
  string(23) "pereira201086@gmail.com"
  ["placa"]=>
  string(8) "HJF1425 "
  ["unidade"]=>
  array(1) {
    [0]=>
    string(1) "5"
  }
}

[30/03/2023 02:01:03] Verificando a solicitação...
[30/03/2023 02:01:03] abgsoft-autopark-unimed.php
array(5) {
  ["nome"]=>
  string(17) "Megny Alves Nunes"
  ["cpf"]=>
  string(14) "079.924.556-90"
  ["email"]=>
  string(23) "megny.alves@hotmail.com"
  ["placa"]=>
  string(7) "Oxg8093"
  ["unidade"]=>
  array(1) {
    [0]=>
    string(1) "3"
  }
}

[30/03/2023 02:01:34] Verificando a solicitação...
[30/03/2023 02:01:34] abgsoft-autopark-unimed.php
array(5) {
  ["nome"]=>
  string(17) "Megny Alves Nunes"
  ["cpf"]=>
  string(14) "079.924.556-90"
  ["email"]=>
  string(23) "megny.alves@hotmail.com"
  ["placa"]=>
  string(7) "Oxg8093"
  ["unidade"]=>
  array(1) {
    [0]=>
    string(1) "3"
  }
}

[30/03/2023 02:06:33] Verificando a solicitação...
[30/03/2023 02:06:33] abgsoft-autopark-unimed.php
array(5) {
  ["nome"]=>
  string(23) "SUELEN ROSA DE OLIVEIRA"
  ["cpf"]=>
  string(14) "068.041.976-40"
  ["email"]=>
  string(18) "sufmg@yahoo.com.br"
  ["placa"]=>
  string(7) "rfw8i09"
  ["unidade"]=>
  array(1) {
    [0]=>
    string(1) "5"
  }
}

[30/03/2023 02:07:43] Verificando a solicitação...
[30/03/2023 02:07:43] abgsoft-autopark-unimed.php
array(5) {
  ["nome"]=>
  string(23) "SUELEN ROSA DE OLIVEIRA"
  ["cpf"]=>
  string(14) "068.041.976-40"
  ["email"]=>
  string(18) "sufmg@yahoo.com.br"
  ["placa"]=>
  string(7) "rfw8i09"
  ["unidade"]=>
  array(1) {
    [0]=>
    string(1) "7"
  }
}

[30/03/2023 02:08:04] Verificando a solicitação...
[30/03/2023 02:08:04] abgsoft-autopark-unimed.php
array(5) {
  ["nome"]=>
  string(23) "SUELEN ROSA DE OLIVEIRA"
  ["cpf"]=>
  string(14) "068.041.976-40"
  ["email"]=>
  string(18) "sufmg@yahoo.com.br"
  ["placa"]=>
  string(7) "rfw8i09"
  ["unidade"]=>
  array(1) {
    [0]=>
    string(1) "7"
  }
}

[30/03/2023 02:32:08] Verificando a solicitação...
[30/03/2023 02:32:08] abgsoft-autopark-unimed.php
array(5) {
  ["nome"]=>
  string(22) "Alessandra Viana Lopes"
  ["cpf"]=>
  string(15) "054.971.356-50 "
  ["email"]=>
  string(21) "alevlopes@hotmail.com"
  ["placa"]=>
  string(7) "HIM1C10"
  ["unidade"]=>
  array(1) {
    [0]=>
    string(1) "5"
  }
}

[30/03/2023 05:19:27] Verificando a solicitação...
[30/03/2023 05:19:27] abgsoft-autopark-unimed.php
array(5) {
  ["nome"]=>
  string(18) "Francisca Rafaela "
  ["cpf"]=>
  string(14) "054.897.243-58"
  ["email"]=>
  string(24) "rafah_arrais@hotmail.com"
  ["placa"]=>
  string(8) "OWK48I19"
  ["unidade"]=>
  array(1) {
    [0]=>
    string(1) "1"
  }
}

[30/03/2023 05:20:53] Verificando a solicitação...
[30/03/2023 05:20:53] abgsoft-autopark-unimed.php
array(5) {
  ["nome"]=>
  string(37) "Lurdislene Aparecida de Lima Ferreira"
  ["cpf"]=>
  string(11) "08700038601"
  ["email"]=>
  string(20) "lurdislene@gmail.com"
  ["placa"]=>
  string(7) "OXJ3763"
  ["unidade"]=>
  array(1) {
    [0]=>
    string(1) "2"
  }
}

[30/03/2023 05:23:13] Verificando a solicitação...
[30/03/2023 05:23:13] abgsoft-autopark-unimed.php
array(5) {
  ["nome"]=>
  string(23) "GERALDO MORAIS NOGUEIRA"
  ["cpf"]=>
  string(11) "42032504634"
  ["email"]=>
  string(20) "GERALDONOG@GMAIL.COM"
  ["placa"]=>
  string(7) "qws2f77"
  ["unidade"]=>
  array(1) {
    [0]=>
    string(1) "1"
  }
}

[30/03/2023 06:18:07] Verificando a solicitação...
[30/03/2023 06:18:07] abgsoft-autopark-unimed.php
array(5) {
  ["nome"]=>
  string(24) "Hermann Marques da Silva"
  ["cpf"]=>
  string(11) "00185116604"
  ["email"]=>
  string(25) "hermannmsilva@hotmail.com"
  ["placa"]=>
  string(8) "Hon 9407"
  ["unidade"]=>
  array(1) {
    [0]=>
    string(1) "7"
  }
}

[30/03/2023 06:20:17] Verificando a solicitação...
[30/03/2023 06:20:17] abgsoft-autopark-unimed.php
array(5) {
  ["nome"]=>
  string(24) "Hermann Marques da Silva"
  ["cpf"]=>
  string(11) "00185116604"
  ["email"]=>
  string(25) "hermannmsilva@hotmail.com"
  ["placa"]=>
  string(8) "Jim 9407"
  ["unidade"]=>
  array(1) {
    [0]=>
    string(1) "7"
  }
}

[30/03/2023 06:22:42] Verificando a solicitação...
[30/03/2023 06:22:42] abgsoft-autopark-unimed.php
array(5) {
  ["nome"]=>
  string(24) "Hermann Marques da dilva"
  ["cpf"]=>
  string(11) "00185216605"
  ["email"]=>
  string(25) "hermannmsilva@hotmail.com"
  ["placa"]=>
  string(7) "Hjn9407"
  ["unidade"]=>
  array(1) {
    [0]=>
    string(1) "7"
  }
}

[30/03/2023 07:32:49] Verificando a solicitação...
[30/03/2023 07:32:49] abgsoft-autopark-unimed.php
array(5) {
  ["nome"]=>
  string(24) "Ricardo Caporali Ribeiro"
  ["cpf"]=>
  string(11) "55846998615"
  ["email"]=>
  string(21) "rcaporalir2@gmail.com"
  ["placa"]=>
  string(7) "Rtf5a13"
  ["unidade"]=>
  array(1) {
    [0]=>
    string(1) "4"
  }
}

[30/03/2023 09:01:16] Verificando a solicitação...
[30/03/2023 09:01:16] abgsoft-autopark-unimed.php
array(5) {
  ["nome"]=>
  string(31) "clésio geraldo ribeiro da cruz"
  ["cpf"]=>
  string(14) "177.464.696-04"
  ["email"]=>
  string(20) "clesiorc@hotmail.com"
  ["placa"]=>
  string(7) "hlk9947"
  ["unidade"]=>
  array(1) {
    [0]=>
    string(1) "4"
  }
}

[30/03/2023 09:06:08] Verificando a solicitação...
[30/03/2023 09:06:08] abgsoft-autopark-unimed.php
array(5) {
  ["nome"]=>
  string(13) "Suellen Costa"
  ["cpf"]=>
  string(11) "11472282647"
  ["email"]=>
  string(24) "suellencostapm@gmail.com"
  ["placa"]=>
  string(7) "opm8819"
  ["unidade"]=>
  array(1) {
    [0]=>
    string(1) "7"
  }
}

[30/03/2023 09:33:32] Verificando a solicitação...
[30/03/2023 09:33:32] abgsoft-autopark-unimed.php
array(5) {
  ["nome"]=>
  string(15) "ROGERIO MIRANDA"
  ["cpf"]=>
  string(14) "426.188.946-34"
  ["email"]=>
  string(27) "carneirodemiranda@gmail.com"
  ["placa"]=>
  string(7) "HHM8000"
  ["unidade"]=>
  array(1) {
    [0]=>
    string(1) "7"
  }
}

[30/03/2023 10:57:05] Verificando a solicitação...
[30/03/2023 10:57:05] abgsoft-autopark-unimed.php
array(5) {
  ["nome"]=>
  string(21) "César Allori Quinino"
  ["cpf"]=>
  string(14) "111.620.436-36"
  ["email"]=>
  string(26) "karinatbarbosa@hotmail.com"
  ["placa"]=>
  string(8) "PXN 9681"
  ["unidade"]=>
  array(1) {
    [0]=>
    string(1) "7"
  }
}

