[09/07/2023 11:57:06] Verificando a solicitação...
[09/07/2023 11:57:06] abgsoft-autopark-unimed.php
array(5) {
  ["nome"]=>
  string(28) "Dyanne Kelly Alonso Pereira "
  ["cpf"]=>
  string(14) "102.143.376-42"
  ["email"]=>
  string(21) "dyannekap@hotmail.com"
  ["placa"]=>
  string(8) "OQJ2086 "
  ["unidade"]=>
  array(1) {
    [0]=>
    string(1) "7"
  }
}

[09/07/2023 12:12:01] Verificando a solicitação...
[09/07/2023 12:12:01] abgsoft-autopark-unimed.php
array(5) {
  ["nome"]=>
  string(30) "Álida Rosie Souza dos Santos "
  ["cpf"]=>
  string(14) "037.515.196-61"
  ["email"]=>
  string(24) "alida.rosie@yahoo.com.br"
  ["placa"]=>
  string(7) "HFR4I19"
  ["unidade"]=>
  array(1) {
    [0]=>
    string(1) "5"
  }
}

[09/07/2023 02:03:10] Verificando a solicitação...
[09/07/2023 02:03:10] abgsoft-autopark-unimed.php
array(5) {
  ["nome"]=>
  string(29) "Thais Lorrane Pereira Almeida"
  ["cpf"]=>
  string(14) "111.689.926-48"
  ["email"]=>
  string(21) "lolothais@hotmail.com"
  ["placa"]=>
  string(7) "Hfn9601"
  ["unidade"]=>
  array(1) {
    [0]=>
    string(1) "7"
  }
}

[09/07/2023 02:03:53] Verificando a solicitação...
[09/07/2023 02:03:53] abgsoft-autopark-unimed.php
array(5) {
  ["nome"]=>
  string(29) "Thais Lorrane Pereira Almeida"
  ["cpf"]=>
  string(14) "111.689.926-48"
  ["email"]=>
  string(21) "lolothais@hotmail.com"
  ["placa"]=>
  string(7) "HFN9601"
  ["unidade"]=>
  array(1) {
    [0]=>
    string(1) "7"
  }
}

[09/07/2023 03:10:06] Verificando a solicitação...
[09/07/2023 03:10:06] abgsoft-autopark-unimed.php
array(5) {
  ["nome"]=>
  string(30) "Nilson Ribeiro da Silva Junior"
  ["cpf"]=>
  string(11) "84420863668"
  ["email"]=>
  string(16) "nilfae@gmail.com"
  ["placa"]=>
  string(7) "Pys4919"
  ["unidade"]=>
  array(1) {
    [0]=>
    string(1) "5"
  }
}

[09/07/2023 03:10:32] Verificando a solicitação...
[09/07/2023 03:10:32] abgsoft-autopark-unimed.php
array(5) {
  ["nome"]=>
  string(30) "Nilson Ribeiro da Silva Junior"
  ["cpf"]=>
  string(11) "84420863668"
  ["email"]=>
  string(16) "nilfae@gmail.com"
  ["placa"]=>
  string(7) "Pys4919"
  ["unidade"]=>
  array(1) {
    [0]=>
    string(1) "5"
  }
}

[09/07/2023 03:42:13] Verificando a solicitação...
[09/07/2023 03:42:13] abgsoft-autopark-unimed.php
array(5) {
  ["nome"]=>
  string(23) "Emerson Ferreira Faria "
  ["cpf"]=>
  string(11) "93689845653"
  ["email"]=>
  string(20) "gleikam@yahoo.com.br"
  ["placa"]=>
  string(8) "HLH 0194"
  ["unidade"]=>
  array(1) {
    [0]=>
    string(1) "5"
  }
}

[09/07/2023 05:20:42] Verificando a solicitação...
[09/07/2023 05:20:42] abgsoft-autopark-unimed.php
array(5) {
  ["nome"]=>
  string(33) "Gláucia Aprecida Azi de Oliveira"
  ["cpf"]=>
  string(14) "075.779.086-06"
  ["email"]=>
  string(23) "glauciaazzi07@gmail.com"
  ["placa"]=>
  string(7) "HKW3F87"
  ["unidade"]=>
  array(1) {
    [0]=>
    string(1) "7"
  }
}

[09/07/2023 05:20:48] Verificando a solicitação...
[09/07/2023 05:20:48] abgsoft-autopark-unimed.php
array(5) {
  ["nome"]=>
  string(6) "NILTON"
  ["cpf"]=>
  string(14) "067.796.856-66"
  ["email"]=>
  string(20) "niltonpadi@gmail.com"
  ["placa"]=>
  string(8) "DVS-1j18"
  ["unidade"]=>
  array(1) {
    [0]=>
    string(1) "5"
  }
}

[09/07/2023 05:21:11] Verificando a solicitação...
[09/07/2023 05:21:11] abgsoft-autopark-unimed.php
array(5) {
  ["nome"]=>
  string(6) "NILTON"
  ["cpf"]=>
  string(14) "067.796.856-66"
  ["email"]=>
  string(20) "niltonpadi@gmail.com"
  ["placa"]=>
  string(8) "DVS-1j18"
  ["unidade"]=>
  array(1) {
    [0]=>
    string(1) "5"
  }
}

[09/07/2023 07:44:08] Verificando a solicitação...
[09/07/2023 07:44:08] abgsoft-autopark-unimed.php
array(5) {
  ["nome"]=>
  string(27) "Andreia Letícia Rodrigues "
  ["cpf"]=>
  string(11) "66625203653"
  ["email"]=>
  string(21) "leticia.ar4@gmail.com"
  ["placa"]=>
  string(7) "QPJ0276"
  ["unidade"]=>
  array(1) {
    [0]=>
    string(1) "5"
  }
}

[09/07/2023 09:08:59] Verificando a solicitação...
[09/07/2023 09:08:59] abgsoft-autopark-unimed.php
array(5) {
  ["nome"]=>
  string(19) "Cleison Dias Morais"
  ["cpf"]=>
  string(14) "012.605.826-12"
  ["email"]=>
  string(22) "cleison102@hotmail.com"
  ["placa"]=>
  string(7) "RNR0G20"
  ["unidade"]=>
  array(1) {
    [0]=>
    string(1) "3"
  }
}

