[10/02/2023 12:52:21] Verificando a solicitação...
[10/02/2023 12:52:21] abgsoft-autopark-unimed.php
array(5) {
  ["nome"]=>
  string(18) "Wallison Pimentel "
  ["cpf"]=>
  string(15) "012.380.096-03 "
  ["email"]=>
  string(22) "wal-billy@hotmail.comw"
  ["placa"]=>
  string(8) "Oqu7a79 "
  ["unidade"]=>
  array(1) {
    [0]=>
    string(1) "7"
  }
}

[10/02/2023 12:55:05] Verificando a solicitação...
[10/02/2023 12:55:05] abgsoft-autopark-unimed.php
array(5) {
  ["nome"]=>
  string(28) "Ronaldo Oliveira dos Santos "
  ["cpf"]=>
  string(14) "308.477.138-30"
  ["email"]=>
  string(27) "ronny_ronaldo30@hotmail.com"
  ["placa"]=>
  string(7) "HJW0345"
  ["unidade"]=>
  array(1) {
    [0]=>
    string(1) "7"
  }
}

[10/02/2023 01:02:44] Verificando a solicitação...
[10/02/2023 01:02:44] abgsoft-autopark-unimed.php
array(5) {
  ["nome"]=>
  string(20) "Vanda Cristina gomes"
  ["cpf"]=>
  string(11) "03684611654"
  ["email"]=>
  string(23) "Blequinhacris@gmail.com"
  ["placa"]=>
  string(7) "Gok2454"
  ["unidade"]=>
  array(1) {
    [0]=>
    string(1) "3"
  }
}

[10/02/2023 02:14:41] Verificando a solicitação...
[10/02/2023 02:14:41] abgsoft-autopark-unimed.php
array(5) {
  ["nome"]=>
  string(26) "Daniele Cristina Brey Gil "
  ["cpf"]=>
  string(11) "01377362663"
  ["email"]=>
  string(25) "danielebgfono@hotmail.com"
  ["placa"]=>
  string(7) "NYG8757"
  ["unidade"]=>
  array(1) {
    [0]=>
    string(1) "7"
  }
}

[10/02/2023 06:45:20] Verificando a solicitação...
[10/02/2023 10:44:50] Verificando a solicitação...
[10/02/2023 10:44:50] abgsoft-autopark-unimed.php
array(5) {
  ["nome"]=>
  string(25) "Cleberson Pinto da Silva "
  ["cpf"]=>
  string(14) "908.506.026-53"
  ["email"]=>
  string(30) "cleberson.silva10@yahoo.com.br"
  ["placa"]=>
  string(8) "Puy 7310"
  ["unidade"]=>
  array(1) {
    [0]=>
    string(1) "3"
  }
}

[10/02/2023 10:50:43] Verificando a solicitação...
[10/02/2023 10:50:43] abgsoft-autopark-unimed.php
array(5) {
  ["nome"]=>
  string(21) "DANIELA Andrade silva"
  ["cpf"]=>
  string(14) "074.863.606-40"
  ["email"]=>
  string(23) "dany.duda1984@gmail.com"
  ["placa"]=>
  string(7) "Ora1071"
  ["unidade"]=>
  array(1) {
    [0]=>
    string(1) "5"
  }
}

[10/02/2023 10:54:19] Verificando a solicitação...
[10/02/2023 10:54:19] abgsoft-autopark-unimed.php
array(5) {
  ["nome"]=>
  string(15) "Viviana Moreira"
  ["cpf"]=>
  string(11) "04578361640"
  ["email"]=>
  string(25) "vivymoreira19@hotmail.com"
  ["placa"]=>
  string(8) "Ipd9a75 "
  ["unidade"]=>
  array(1) {
    [0]=>
    string(1) "7"
  }
}

[10/02/2023 11:28:54] Verificando a solicitação...
[10/02/2023 11:28:54] abgsoft-autopark-unimed.php
array(5) {
  ["nome"]=>
  string(7) "Poliana"
  ["cpf"]=>
  string(11) "01588069648"
  ["email"]=>
  string(28) "polianasilvamara@outlook.com"
  ["placa"]=>
  string(7) "QNW4213"
  ["unidade"]=>
  array(1) {
    [0]=>
    string(1) "7"
  }
}

[10/02/2023 12:59:52] Verificando a solicitação...
[10/02/2023 12:59:52] abgsoft-autopark-unimed.php
array(5) {
  ["nome"]=>
  string(20) "Lincoln Pereira Sena"
  ["cpf"]=>
  string(11) "37922577653"
  ["email"]=>
  string(25) "lincoln.senna@hotmail.com"
  ["placa"]=>
  string(7) "OPF2907"
  ["unidade"]=>
  array(1) {
    [0]=>
    string(1) "5"
  }
}

[10/02/2023 01:16:08] Verificando a solicitação...
[10/02/2023 01:16:08] abgsoft-autopark-unimed.php
array(5) {
  ["nome"]=>
  string(24) "Shyrllen Adriane meneses"
  ["cpf"]=>
  string(11) "04991430607"
  ["email"]=>
  string(28) "shyrllenmeneses@yahoo.com.br"
  ["placa"]=>
  string(7) "RGA7B47"
  ["unidade"]=>
  array(1) {
    [0]=>
    string(1) "5"
  }
}

[10/02/2023 01:27:39] Verificando a solicitação...
[10/02/2023 01:27:39] abgsoft-autopark-unimed.php
array(5) {
  ["nome"]=>
  string(22) "LEONE FERNANDES MORAES"
  ["cpf"]=>
  string(11) "66664411687"
  ["email"]=>
  string(18) "leonefmg@gmail.com"
  ["placa"]=>
  string(7) "FMZ8J58"
  ["unidade"]=>
  array(1) {
    [0]=>
    string(1) "2"
  }
}

[10/02/2023 01:30:48] Verificando a solicitação...
[10/02/2023 01:30:48] abgsoft-autopark-unimed.php
array(5) {
  ["nome"]=>
  string(27) "Rigielle dos Santos chagas "
  ["cpf"]=>
  string(14) "088.069.356-82"
  ["email"]=>
  string(20) "rigielle@hotmail.com"
  ["placa"]=>
  string(7) "Qks4182"
  ["unidade"]=>
  array(1) {
    [0]=>
    string(1) "3"
  }
}

[10/02/2023 01:50:52] Verificando a solicitação...
[10/02/2023 01:50:52] abgsoft-autopark-unimed.php
array(5) {
  ["nome"]=>
  string(34) "Francelise Paula de Faria Ribeiro "
  ["cpf"]=>
  string(14) "859.347.126-91"
  ["email"]=>
  string(25) "francelise@gravele.com.br"
  ["placa"]=>
  string(7) "Hnb9298"
  ["unidade"]=>
  array(1) {
    [0]=>
    string(1) "7"
  }
}

[10/02/2023 02:04:50] Verificando a solicitação...
[10/02/2023 02:04:50] abgsoft-autopark-unimed.php
array(5) {
  ["nome"]=>
  string(14) "Marcella Lemos"
  ["cpf"]=>
  string(14) "096.873.706-45"
  ["email"]=>
  string(22) "marcellalemos@live.com"
  ["placa"]=>
  string(7) "RMW4I79"
  ["unidade"]=>
  array(1) {
    [0]=>
    string(1) "5"
  }
}

[10/02/2023 02:43:10] Verificando a solicitação...
[10/02/2023 02:43:10] abgsoft-autopark-unimed.php
array(5) {
  ["nome"]=>
  string(22) "Sara Cristina de sousa"
  ["cpf"]=>
  string(11) "12858199698"
  ["email"]=>
  string(21) "saractiis94@gmail.com"
  ["placa"]=>
  string(7) "HCJ5C04"
  ["unidade"]=>
  array(1) {
    [0]=>
    string(1) "3"
  }
}

[10/02/2023 02:58:47] Verificando a solicitação...
[10/02/2023 02:58:47] abgsoft-autopark-unimed.php
array(5) {
  ["nome"]=>
  string(33) "Brenda Estefânia Vieira Araújo "
  ["cpf"]=>
  string(11) "10657645613"
  ["email"]=>
  string(29) "brenda.estefania@yahoo.com.br"
  ["placa"]=>
  string(7) "Hlq0789"
  ["unidade"]=>
  array(1) {
    [0]=>
    string(1) "5"
  }
}

[10/02/2023 03:34:23] Verificando a solicitação...
[10/02/2023 03:34:23] abgsoft-autopark-unimed.php
array(5) {
  ["nome"]=>
  string(18) "Roosevelt Teixeira"
  ["cpf"]=>
  string(14) "761.423.296-87"
  ["email"]=>
  string(28) "roosevelteixeira@hotmail.com"
  ["placa"]=>
  string(7) "Pzi2608"
  ["unidade"]=>
  array(1) {
    [0]=>
    string(1) "5"
  }
}

[10/02/2023 05:34:09] Verificando a solicitação...
[10/02/2023 05:34:09] abgsoft-autopark-unimed.php
array(5) {
  ["nome"]=>
  string(28) "Julia hellen dias Bragança "
  ["cpf"]=>
  string(14) "101.590.946-90"
  ["email"]=>
  string(25) "julia.dibraga@hotmail.com"
  ["placa"]=>
  string(7) "Owx7166"
  ["unidade"]=>
  array(1) {
    [0]=>
    string(1) "4"
  }
}

[10/02/2023 05:56:29] Verificando a solicitação...
[10/02/2023 09:12:55] Verificando a solicitação...
[10/02/2023 09:12:55] abgsoft-autopark-unimed.php
array(5) {
  ["nome"]=>
  string(26) "Tiago Admilson Dos Santos "
  ["cpf"]=>
  string(11) "08723565667"
  ["email"]=>
  string(20) "tiadmilson@gmail.com"
  ["placa"]=>
  string(7) "Gzw7332"
  ["unidade"]=>
  array(1) {
    [0]=>
    string(1) "7"
  }
}

[10/02/2023 10:26:59] Verificando a solicitação...
[10/02/2023 10:26:59] abgsoft-autopark-unimed.php
array(5) {
  ["nome"]=>
  string(21) "Luiz Eduardo Pereira "
  ["cpf"]=>
  string(14) "087.259.206-50"
  ["email"]=>
  string(31) "pereira.luizeduardo34@gmail.com"
  ["placa"]=>
  string(7) "QPX0I43"
  ["unidade"]=>
  array(1) {
    [0]=>
    string(1) "5"
  }
}

[10/02/2023 10:27:25] Verificando a solicitação...
[10/02/2023 10:27:25] abgsoft-autopark-unimed.php
array(5) {
  ["nome"]=>
  string(21) "Luiz Eduardo Pereira "
  ["cpf"]=>
  string(14) "087.259.206-50"
  ["email"]=>
  string(31) "pereira.luizeduardo34@gmail.com"
  ["placa"]=>
  string(7) "QPX0I43"
  ["unidade"]=>
  array(1) {
    [0]=>
    string(1) "5"
  }
}

[10/02/2023 10:39:42] Verificando a solicitação...
[10/02/2023 10:39:42] abgsoft-autopark-unimed.php
array(5) {
  ["nome"]=>
  string(29) "Juraciane Ramos coelho Silva "
  ["cpf"]=>
  string(14) "977.796.526-53"
  ["email"]=>
  string(24) "cianercoelho@hotmail.com"
  ["placa"]=>
  string(7) "RVP1D83"
  ["unidade"]=>
  array(1) {
    [0]=>
    string(1) "4"
  }
}

