[10/12/2023 02:41:44] Verificando a solicitação...
[10/12/2023 02:41:44] abgsoft-autopark-unimed.php
array(5) {
  ["nome"]=>
  string(7) "Vitoria"
  ["cpf"]=>
  string(11) "10159090601"
  ["email"]=>
  string(25) "vickmonteiro799@gmail.com"
  ["placa"]=>
  string(7) "QPP8118"
  ["unidade"]=>
  array(1) {
    [0]=>
    string(1) "7"
  }
}

[10/12/2023 06:15:52] Verificando a solicitação...
[10/12/2023 11:07:53] Verificando a solicitação...
[10/12/2023 11:07:53] abgsoft-autopark-unimed.php
array(5) {
  ["nome"]=>
  string(6) "Evaldo"
  ["cpf"]=>
  string(11) "07384088674"
  ["email"]=>
  string(22) "evaldoavelar@gmail.com"
  ["placa"]=>
  string(7) "HLN2324"
  ["unidade"]=>
  array(1) {
    [0]=>
    string(1) "7"
  }
}

[10/12/2023 01:44:44] Verificando a solicitação...
[10/12/2023 01:44:44] abgsoft-autopark-unimed.php
array(5) {
  ["nome"]=>
  string(27) "Denilson de Souza Vitorino "
  ["cpf"]=>
  string(11) "01439452628"
  ["email"]=>
  string(28) "denilsonvendasgalo@gmail.com"
  ["placa"]=>
  string(7) "Mku6i98"
  ["unidade"]=>
  array(1) {
    [0]=>
    string(1) "5"
  }
}

[10/12/2023 04:11:00] Verificando a solicitação...
[10/12/2023 04:11:00] abgsoft-autopark-unimed.php
array(5) {
  ["nome"]=>
  string(16) "Fausto Cerqueira"
  ["cpf"]=>
  string(14) "134.320.286-87"
  ["email"]=>
  string(18) "faustoec@gmail.com"
  ["placa"]=>
  string(7) "OQK6017"
  ["unidade"]=>
  array(1) {
    [0]=>
    string(1) "5"
  }
}

[10/12/2023 05:58:43] Verificando a solicitação...
[10/12/2023 06:12:45] Verificando a solicitação...
[10/12/2023 06:14:48] Verificando a solicitação...
[10/12/2023 06:14:48] abgsoft-autopark-unimed.php
array(5) {
  ["nome"]=>
  string(24) "Keylla Martins da Rocha "
  ["cpf"]=>
  string(14) "016.601.886-44"
  ["email"]=>
  string(25) "Keyllarochabh@hotmail.com"
  ["placa"]=>
  string(7) "Hed6762"
  ["unidade"]=>
  array(1) {
    [0]=>
    string(1) "7"
  }
}

[10/12/2023 09:25:02] Verificando a solicitação...
[10/12/2023 09:45:14] Verificando a solicitação...
[10/12/2023 09:45:14] abgsoft-autopark-unimed.php
array(5) {
  ["nome"]=>
  string(20) "JOSE ROBERTO BARBOSA"
  ["cpf"]=>
  string(14) "377.763.636-34"
  ["email"]=>
  string(24) "barbosa.josero@gmail.com"
  ["placa"]=>
  string(7) "PXY0458"
  ["unidade"]=>
  array(1) {
    [0]=>
    string(1) "5"
  }
}

[10/12/2023 11:36:56] Verificando a solicitação...
[10/12/2023 11:36:56] abgsoft-autopark-unimed.php
array(5) {
  ["nome"]=>
  string(21) "Eliane Da Cruz Santos"
  ["cpf"]=>
  string(14) "031.316.626-97"
  ["email"]=>
  string(21) "emadeira866@gmail.com"
  ["placa"]=>
  string(3) "QOP"
  ["unidade"]=>
  array(1) {
    [0]=>
    string(1) "5"
  }
}

[10/12/2023 11:38:43] Verificando a solicitação...
[10/12/2023 11:38:43] abgsoft-autopark-unimed.php
array(5) {
  ["nome"]=>
  string(31) "Montalban Monteiro de Alcantara"
  ["cpf"]=>
  string(11) "61605611620"
  ["email"]=>
  string(23) "montalcantara@gmail.com"
  ["placa"]=>
  string(7) "PZD0013"
  ["unidade"]=>
  array(1) {
    [0]=>
    string(1) "7"
  }
}

