[23/06/2023 01:07:38] Verificando a solicitação...
[23/06/2023 01:07:38] abgsoft-autopark-unimed.php
array(5) {
  ["nome"]=>
  string(21) "Marina Eatevam Soares"
  ["cpf"]=>
  string(14) "015.035.666-84"
  ["email"]=>
  string(22) "marinatres03@gmail.com"
  ["placa"]=>
  string(7) "GWB0360"
  ["unidade"]=>
  array(1) {
    [0]=>
    string(1) "7"
  }
}

[23/06/2023 01:07:39] Verificando a solicitação...
[23/06/2023 01:07:39] abgsoft-autopark-unimed.php
array(5) {
  ["nome"]=>
  string(21) "Marina Eatevam Soares"
  ["cpf"]=>
  string(14) "015.035.666-84"
  ["email"]=>
  string(22) "marinatres03@gmail.com"
  ["placa"]=>
  string(7) "GWB0360"
  ["unidade"]=>
  array(1) {
    [0]=>
    string(1) "7"
  }
}

[23/06/2023 01:17:58] Verificando a solicitação...
[23/06/2023 01:17:58] abgsoft-autopark-unimed.php
array(5) {
  ["nome"]=>
  string(31) "Márcia Paula da Silva Ferreira"
  ["cpf"]=>
  string(14) "676.979.846-87"
  ["email"]=>
  string(29) "ferreira.marcia0107@gmail.com"
  ["placa"]=>
  string(7) "Qus5869"
  ["unidade"]=>
  array(1) {
    [0]=>
    string(1) "5"
  }
}

[23/06/2023 03:30:15] Verificando a solicitação...
[23/06/2023 03:30:15] abgsoft-autopark-unimed.php
array(5) {
  ["nome"]=>
  string(30) "Leandro Douglas Moreira Barros"
  ["cpf"]=>
  string(11) "07539087609"
  ["email"]=>
  string(22) "leandrodmb@hotmail.com"
  ["placa"]=>
  string(8) "QPV7938 "
  ["unidade"]=>
  array(1) {
    [0]=>
    string(1) "5"
  }
}

[23/06/2023 10:08:37] Verificando a solicitação...
[23/06/2023 10:08:37] abgsoft-autopark-unimed.php
array(5) {
  ["nome"]=>
  string(20) "RONNEY Marcos Gomes "
  ["cpf"]=>
  string(11) "70893071668"
  ["email"]=>
  string(30) "ronney@bhexpressseguros.com.br"
  ["placa"]=>
  string(7) "RNC5J14"
  ["unidade"]=>
  array(1) {
    [0]=>
    string(1) "7"
  }
}

[23/06/2023 10:18:54] Verificando a solicitação...
[23/06/2023 10:18:54] abgsoft-autopark-unimed.php
array(5) {
  ["nome"]=>
  string(22) "Aldenizio Nunes Castro"
  ["cpf"]=>
  string(11) "02551579678"
  ["email"]=>
  string(22) "ancastro76@hotmail.com"
  ["placa"]=>
  string(7) "GYG2568"
  ["unidade"]=>
  array(1) {
    [0]=>
    string(1) "7"
  }
}

[23/06/2023 10:43:24] Verificando a solicitação...
[23/06/2023 10:43:24] abgsoft-autopark-unimed.php
array(5) {
  ["nome"]=>
  string(15) "Antonio Fonseca"
  ["cpf"]=>
  string(11) "15559041653"
  ["email"]=>
  string(23) "fonseca1802@hotmail.com"
  ["placa"]=>
  string(7) "Owj5094"
  ["unidade"]=>
  array(1) {
    [0]=>
    string(1) "7"
  }
}

[23/06/2023 10:49:47] Verificando a solicitação...
[23/06/2023 10:49:47] abgsoft-autopark-unimed.php
array(5) {
  ["nome"]=>
  string(15) "Antonio Fonseca"
  ["cpf"]=>
  string(11) "15559041653"
  ["email"]=>
  string(23) "fonseca1802@hotmail.com"
  ["placa"]=>
  string(7) "Owj5094"
  ["unidade"]=>
  array(1) {
    [0]=>
    string(1) "7"
  }
}

[23/06/2023 10:55:37] Verificando a solicitação...
[23/06/2023 10:55:37] abgsoft-autopark-unimed.php
array(5) {
  ["nome"]=>
  string(18) "Flavio Curi Lobato"
  ["cpf"]=>
  string(14) "043.078.896-73"
  ["email"]=>
  string(23) "flavio_curi@hotmail.com"
  ["placa"]=>
  string(7) "Ffa5241"
  ["unidade"]=>
  array(1) {
    [0]=>
    string(1) "5"
  }
}

[23/06/2023 11:41:18] Verificando a solicitação...
[23/06/2023 11:41:18] abgsoft-autopark-unimed.php
array(5) {
  ["nome"]=>
  string(33) "Claudia Conceição de Souza Mota"
  ["cpf"]=>
  string(14) "055.104.296-66"
  ["email"]=>
  string(23) "claudiacsmota@gmail.com"
  ["placa"]=>
  string(7) "GXC0324"
  ["unidade"]=>
  array(1) {
    [0]=>
    string(1) "2"
  }
}

[23/06/2023 12:25:31] Verificando a solicitação...
[23/06/2023 12:25:31] abgsoft-autopark-unimed.php
array(5) {
  ["nome"]=>
  string(26) "ELAINE MARIA DA SILVA GOES"
  ["cpf"]=>
  string(14) "354.809.388-43"
  ["email"]=>
  string(32) "elainemariadasilvagoes@gmail.com"
  ["placa"]=>
  string(7) "DQP7905"
  ["unidade"]=>
  array(1) {
    [0]=>
    string(1) "1"
  }
}

[23/06/2023 01:49:28] Verificando a solicitação...
[23/06/2023 01:49:28] abgsoft-autopark-unimed.php
array(5) {
  ["nome"]=>
  string(30) "Ronaldo Campos Sobrinho moraes"
  ["cpf"]=>
  string(11) "08931140657"
  ["email"]=>
  string(27) "ronaldo.sobrinho@pbh.gov.br"
  ["placa"]=>
  string(7) "Rfd4c04"
  ["unidade"]=>
  array(1) {
    [0]=>
    string(1) "7"
  }
}

[23/06/2023 02:03:09] Verificando a solicitação...
[23/06/2023 02:03:09] abgsoft-autopark-unimed.php
array(5) {
  ["nome"]=>
  string(23) "PEDRO NUNES VIEIRA NETO"
  ["cpf"]=>
  string(14) "427.684.706-00"
  ["email"]=>
  string(26) "P.NUNESVIEIRA@YAHOO.COM.BR"
  ["placa"]=>
  string(7) "RUO7B98"
  ["unidade"]=>
  array(1) {
    [0]=>
    string(1) "7"
  }
}

[23/06/2023 04:00:15] Verificando a solicitação...
[23/06/2023 04:00:15] abgsoft-autopark-unimed.php
array(5) {
  ["nome"]=>
  string(24) "Eduardo Miranda Aramuni "
  ["cpf"]=>
  string(14) "988.872.546-72"
  ["email"]=>
  string(24) "doutorgourmand@gmail.com"
  ["placa"]=>
  string(7) "Ows1e23"
  ["unidade"]=>
  array(1) {
    [0]=>
    string(1) "7"
  }
}

[23/06/2023 04:29:01] Verificando a solicitação...
[23/06/2023 05:45:35] Verificando a solicitação...
[23/06/2023 05:45:35] abgsoft-autopark-unimed.php
array(5) {
  ["nome"]=>
  string(27) "Elane Cardoso Dias da Silva"
  ["cpf"]=>
  string(11) "03634093609"
  ["email"]=>
  string(26) "elanecardosodias@gmail.com"
  ["placa"]=>
  string(7) "HGS2587"
  ["unidade"]=>
  array(1) {
    [0]=>
    string(1) "5"
  }
}

[23/06/2023 07:18:27] Verificando a solicitação...
[23/06/2023 07:18:27] abgsoft-autopark-unimed.php
array(5) {
  ["nome"]=>
  string(28) "Gleudes lane Pinheiro sousa "
  ["cpf"]=>
  string(14) "032.523.596-18"
  ["email"]=>
  string(22) "lanepinheiro@gmail.com"
  ["placa"]=>
  string(7) "Opy2368"
  ["unidade"]=>
  array(1) {
    [0]=>
    string(1) "5"
  }
}

[23/06/2023 07:44:40] Verificando a solicitação...
[23/06/2023 09:56:49] Verificando a solicitação...
[23/06/2023 09:56:49] abgsoft-autopark-unimed.php
array(5) {
  ["nome"]=>
  string(27) "ANA CRISTINA DE MORAIS LARA"
  ["cpf"]=>
  string(14) "036.728.456-12"
  ["email"]=>
  string(23) "anacrislara@hotmail.com"
  ["placa"]=>
  string(7) "HEF6633"
  ["unidade"]=>
  array(1) {
    [0]=>
    string(1) "5"
  }
}

