[07/05/2023 12:13:57] Verificando a solicitação...
[07/05/2023 12:13:57] abgsoft-autopark-unimed.php
array(5) {
  ["nome"]=>
  string(7) "Wagner "
  ["cpf"]=>
  string(11) "98092707634"
  ["email"]=>
  string(24) "wgoncalves71@hotmail.com"
  ["placa"]=>
  string(7) "Hmr8788"
  ["unidade"]=>
  array(1) {
    [0]=>
    string(1) "5"
  }
}

[07/05/2023 12:27:52] Verificando a solicitação...
[07/05/2023 12:27:52] abgsoft-autopark-unimed.php
array(5) {
  ["nome"]=>
  string(35) "Miguel Felipe Rodrigues la Santrer "
  ["cpf"]=>
  string(14) "067.732.121-03"
  ["email"]=>
  string(25) "miguelll.felipe@gmail.com"
  ["placa"]=>
  string(7) "NOU5D10"
  ["unidade"]=>
  array(1) {
    [0]=>
    string(1) "7"
  }
}

[07/05/2023 01:39:20] Verificando a solicitação...
[07/05/2023 01:39:20] abgsoft-autopark-unimed.php
array(5) {
  ["nome"]=>
  string(25) "Cleudilene Gomes da Silva"
  ["cpf"]=>
  string(14) "990.408.086-00"
  ["email"]=>
  string(23) "cleogomes15@hotmail.com"
  ["placa"]=>
  string(7) "Gzt5949"
  ["unidade"]=>
  array(1) {
    [0]=>
    string(1) "2"
  }
}

[07/05/2023 01:41:11] Verificando a solicitação...
[07/05/2023 01:41:11] abgsoft-autopark-unimed.php
array(5) {
  ["nome"]=>
  string(25) "Cleudilene Gomes da Silva"
  ["cpf"]=>
  string(14) "990.408.086-00"
  ["email"]=>
  string(23) "cleogomes15@hotmail.com"
  ["placa"]=>
  string(7) "Gzr5949"
  ["unidade"]=>
  array(1) {
    [0]=>
    string(1) "2"
  }
}

[07/05/2023 08:01:34] Verificando a solicitação...
[07/05/2023 11:31:08] Verificando a solicitação...
[07/05/2023 11:31:08] abgsoft-autopark-unimed.php
array(5) {
  ["nome"]=>
  string(20) "Michel Nogueira Lara"
  ["cpf"]=>
  string(11) "01322481660"
  ["email"]=>
  string(27) "michel_mcampos@yahoo.com.br"
  ["placa"]=>
  string(7) "QOZ1916"
  ["unidade"]=>
  array(1) {
    [0]=>
    string(1) "7"
  }
}

[07/05/2023 12:51:41] Verificando a solicitação...
[07/05/2023 12:51:41] abgsoft-autopark-unimed.php
array(5) {
  ["nome"]=>
  string(26) "rodrigo de souza rodrigues"
  ["cpf"]=>
  string(11) "04961895652"
  ["email"]=>
  string(25) "rntrd.rodrigues@gmail.com"
  ["placa"]=>
  string(7) "GVS3758"
  ["unidade"]=>
  array(1) {
    [0]=>
    string(1) "7"
  }
}

[07/05/2023 01:35:05] Verificando a solicitação...
[07/05/2023 01:35:05] abgsoft-autopark-unimed.php
array(5) {
  ["nome"]=>
  string(22) "Fabiana Ferreira Gomes"
  ["cpf"]=>
  string(14) "040.697.606-60"
  ["email"]=>
  string(23) "gomesbianna@hotmail.com"
  ["placa"]=>
  string(7) "OQH5064"
  ["unidade"]=>
  array(1) {
    [0]=>
    string(1) "5"
  }
}

[07/05/2023 02:42:58] Verificando a solicitação...
[07/05/2023 03:48:10] Verificando a solicitação...
[07/05/2023 03:48:10] abgsoft-autopark-unimed.php
array(5) {
  ["nome"]=>
  string(31) "Neffer Luiza de Aguiar Pinheiro"
  ["cpf"]=>
  string(14) "012.698.176-04"
  ["email"]=>
  string(21) "nefferluiza@gmail.com"
  ["placa"]=>
  string(7) "PWU8064"
  ["unidade"]=>
  array(1) {
    [0]=>
    string(1) "5"
  }
}

[07/05/2023 04:05:46] Verificando a solicitação...
[07/05/2023 04:05:46] abgsoft-autopark-unimed.php
array(5) {
  ["nome"]=>
  string(18) "Elisangela Freitas"
  ["cpf"]=>
  string(14) "044.570.046-77"
  ["email"]=>
  string(29) "elisangelafreitas85@gmail.com"
  ["placa"]=>
  string(8) "Kma 5068"
  ["unidade"]=>
  array(1) {
    [0]=>
    string(1) "5"
  }
}

[07/05/2023 04:46:09] Verificando a solicitação...
[07/05/2023 04:46:09] abgsoft-autopark-unimed.php
array(5) {
  ["nome"]=>
  string(35) "Raquel de Jesus Gonçalves Modesto "
  ["cpf"]=>
  string(14) "001.171.136-11"
  ["email"]=>
  string(24) "profquel2011@hotmail.com"
  ["placa"]=>
  string(7) "RTC1J21"
  ["unidade"]=>
  array(1) {
    [0]=>
    string(1) "2"
  }
}

[07/05/2023 05:09:04] Verificando a solicitação...
[07/05/2023 05:09:04] abgsoft-autopark-unimed.php
array(5) {
  ["nome"]=>
  string(24) "Celio Gontijo Fernandes "
  ["cpf"]=>
  string(14) "391.846.686-87"
  ["email"]=>
  string(21) "celiogonfer@gmail.com"
  ["placa"]=>
  string(7) "QUO9520"
  ["unidade"]=>
  array(1) {
    [0]=>
    string(1) "5"
  }
}

[07/05/2023 05:52:52] Verificando a solicitação...
[07/05/2023 05:52:52] abgsoft-autopark-unimed.php
array(5) {
  ["nome"]=>
  string(21) "Luiz Augusto de Souza"
  ["cpf"]=>
  string(11) "10387269649"
  ["email"]=>
  string(23) "laugusto05@yahoo.com.br"
  ["placa"]=>
  string(7) "HCV2234"
  ["unidade"]=>
  array(1) {
    [0]=>
    string(1) "7"
  }
}

[07/05/2023 06:35:36] Verificando a solicitação...
[07/05/2023 06:35:36] abgsoft-autopark-unimed.php
array(5) {
  ["nome"]=>
  string(27) "Nathalia Pinheiro Ferreira "
  ["cpf"]=>
  string(11) "12138946622"
  ["email"]=>
  string(30) "nathaliiapferreira@hotmail.com"
  ["placa"]=>
  string(7) "NHU0f38"
  ["unidade"]=>
  array(1) {
    [0]=>
    string(1) "7"
  }
}

[07/05/2023 07:12:50] Verificando a solicitação...
[07/05/2023 07:12:50] abgsoft-autopark-unimed.php
array(5) {
  ["nome"]=>
  string(13) "Paulo Mendes "
  ["cpf"]=>
  string(14) "094.653.716-02"
  ["email"]=>
  string(23) "paulo11deka@hotmail.com"
  ["placa"]=>
  string(7) "HKI2604"
  ["unidade"]=>
  array(1) {
    [0]=>
    string(1) "2"
  }
}

[07/05/2023 08:09:33] Verificando a solicitação...
[07/05/2023 08:09:33] abgsoft-autopark-unimed.php
array(5) {
  ["nome"]=>
  string(25) "LUCIANA DE OLIVEIRA BRAGA"
  ["cpf"]=>
  string(11) "04752024659"
  ["email"]=>
  string(19) "luvic2431@gmail.com"
  ["placa"]=>
  string(7) "Gut1844"
  ["unidade"]=>
  array(1) {
    [0]=>
    string(1) "5"
  }
}

[07/05/2023 08:50:03] Verificando a solicitação...
[07/05/2023 08:50:03] abgsoft-autopark-unimed.php
array(5) {
  ["nome"]=>
  string(13) "Gilvana ramos"
  ["cpf"]=>
  string(11) "09269781607"
  ["email"]=>
  string(21) "Gilvanar839@gmail.com"
  ["placa"]=>
  string(7) "Gml1717"
  ["unidade"]=>
  array(1) {
    [0]=>
    string(1) "5"
  }
}

[07/05/2023 08:55:17] Verificando a solicitação...
[07/05/2023 08:55:17] abgsoft-autopark-unimed.php
array(5) {
  ["nome"]=>
  string(22) "Helio  Roberto Natale "
  ["cpf"]=>
  string(11) "45713880630"
  ["email"]=>
  string(19) "vpn1962@hotmail.com"
  ["placa"]=>
  string(7) "PFQ9873"
  ["unidade"]=>
  array(1) {
    [0]=>
    string(1) "2"
  }
}

[07/05/2023 10:07:21] Verificando a solicitação...
[07/05/2023 10:07:21] abgsoft-autopark-unimed.php
array(5) {
  ["nome"]=>
  string(30) "JOELMA APARECIDA MOREIRA CORA "
  ["cpf"]=>
  string(11) "70060835672"
  ["email"]=>
  string(37) "joelmaadvocaciaeconsultoria@gmail.com"
  ["placa"]=>
  string(7) "QOU5615"
  ["unidade"]=>
  array(1) {
    [0]=>
    string(1) "2"
  }
}

[07/05/2023 11:37:30] Verificando a solicitação...
[07/05/2023 11:37:30] abgsoft-autopark-unimed.php
array(5) {
  ["nome"]=>
  string(23) "alberesbass@hotmail.com"
  ["cpf"]=>
  string(11) "09244995670"
  ["email"]=>
  string(23) "alberesbass@hotmail.com"
  ["placa"]=>
  string(7) "HBY9852"
  ["unidade"]=>
  array(1) {
    [0]=>
    string(1) "5"
  }
}

[07/05/2023 11:47:32] Verificando a solicitação...
[07/05/2023 11:47:32] abgsoft-autopark-unimed.php
array(5) {
  ["nome"]=>
  string(19) "Nelci Arlete Baratz"
  ["cpf"]=>
  string(12) "006497288602"
  ["email"]=>
  string(21) "nelcibaratz@gmail.com"
  ["placa"]=>
  string(8) "HMY 9998"
  ["unidade"]=>
  array(1) {
    [0]=>
    string(1) "4"
  }
}

