[12/11/2023 11:17:44] Verificando a solicitação...
[12/11/2023 11:17:44] abgsoft-autopark-unimed.php
array(5) {
  ["nome"]=>
  string(30) "Luciana Cunha Rocha Parreiras "
  ["cpf"]=>
  string(15) "003 120 156 31 "
  ["email"]=>
  string(24) "lc_parreiras@hotmail.com"
  ["placa"]=>
  string(7) "OQP6684"
  ["unidade"]=>
  array(1) {
    [0]=>
    string(1) "2"
  }
}

[12/11/2023 04:07:45] Verificando a solicitação...
[12/11/2023 07:30:05] Verificando a solicitação...
[12/11/2023 07:30:05] abgsoft-autopark-unimed.php
array(5) {
  ["nome"]=>
  string(19) "José Dias da Cruz "
  ["cpf"]=>
  string(11) "56622694672"
  ["email"]=>
  string(21) "diasdebh@yahoo.com.br"
  ["placa"]=>
  string(16) "GPG-9300 HCO6564"
  ["unidade"]=>
  array(1) {
    [0]=>
    string(1) "5"
  }
}

[12/11/2023 08:34:28] Verificando a solicitação...
[12/11/2023 08:34:28] abgsoft-autopark-unimed.php
array(5) {
  ["nome"]=>
  string(25) "Elizabete coimbra Godinho"
  ["cpf"]=>
  string(14) "042.300.236-85"
  ["email"]=>
  string(24) "Bethecoimbra72@gmail.com"
  ["placa"]=>
  string(7) "Q004914"
  ["unidade"]=>
  array(1) {
    [0]=>
    string(1) "7"
  }
}

[12/11/2023 09:17:42] Verificando a solicitação...
[12/11/2023 09:17:42] abgsoft-autopark-unimed.php
array(5) {
  ["nome"]=>
  string(42) "Isabela Caroline Dias de Oliveira santiago"
  ["cpf"]=>
  string(14) "134.974.406-98"
  ["email"]=>
  string(23) "bebel.dias@yahoo.com.br"
  ["placa"]=>
  string(7) "Rmh9c58"
  ["unidade"]=>
  array(1) {
    [0]=>
    string(1) "3"
  }
}

[12/11/2023 10:32:12] Verificando a solicitação...
[12/11/2023 10:32:12] abgsoft-autopark-unimed.php
array(5) {
  ["nome"]=>
  string(33) "Ana Paula Rodrigues da Cruz Silva"
  ["cpf"]=>
  string(14) "052.566.326-63"
  ["email"]=>
  string(21) "anaped01@yahoo.com.br"
  ["placa"]=>
  string(7) "SHD2I40"
  ["unidade"]=>
  array(1) {
    [0]=>
    string(1) "7"
  }
}

[12/11/2023 11:10:11] Verificando a solicitação...
[12/11/2023 11:10:11] abgsoft-autopark-unimed.php
array(5) {
  ["nome"]=>
  string(23) "PEDRO NUNES VIEIRA NETO"
  ["cpf"]=>
  string(14) "427.684.706-00"
  ["email"]=>
  string(26) "P.NUNESVIEIRA@YAHOO.COM.BR"
  ["placa"]=>
  string(7) "RUO7B98"
  ["unidade"]=>
  array(1) {
    [0]=>
    string(1) "5"
  }
}

[12/11/2023 11:58:31] Verificando a solicitação...
[12/11/2023 11:58:31] abgsoft-autopark-unimed.php
array(5) {
  ["nome"]=>
  string(25) "Thiago Augusto de Almeida"
  ["cpf"]=>
  string(14) "061.154.196-38"
  ["email"]=>
  string(28) "thiagoaugusto_a@yahoo.com.br"
  ["placa"]=>
  string(7) "QMT1378"
  ["unidade"]=>
  array(1) {
    [0]=>
    string(1) "5"
  }
}

