[28/04/2023 08:54:15] Verificando a solicitação...
[28/04/2023 08:54:15] abgsoft-autopark-unimed.php
array(5) {
  ["nome"]=>
  string(21) "Daniel Oliveira Rocha"
  ["cpf"]=>
  string(14) "044.966.586-07"
  ["email"]=>
  string(25) "danieluber20018@gmail.com"
  ["placa"]=>
  string(7) "Hfx5d52"
  ["unidade"]=>
  array(1) {
    [0]=>
    string(1) "3"
  }
}

[28/04/2023 09:46:01] Verificando a solicitação...
[28/04/2023 09:46:01] abgsoft-autopark-unimed.php
array(5) {
  ["nome"]=>
  string(22) "Letícia Ferreirarocha"
  ["cpf"]=>
  string(14) "055.710.466-19"
  ["email"]=>
  string(31) "leticia.ferreirarocha@gmail.com"
  ["placa"]=>
  string(7) "HLX3234"
  ["unidade"]=>
  array(1) {
    [0]=>
    string(1) "5"
  }
}

[28/04/2023 11:17:53] Verificando a solicitação...
[28/04/2023 11:17:53] abgsoft-autopark-unimed.php
array(5) {
  ["nome"]=>
  string(33) "Claudia Conceição de Souza Mota"
  ["cpf"]=>
  string(14) "055.104.296-66"
  ["email"]=>
  string(23) "claudiacsmota@gmail.com"
  ["placa"]=>
  string(7) "GXC0324"
  ["unidade"]=>
  array(1) {
    [0]=>
    string(1) "2"
  }
}

[28/04/2023 11:18:14] Verificando a solicitação...
[28/04/2023 11:18:14] abgsoft-autopark-unimed.php
array(5) {
  ["nome"]=>
  string(33) "Claudia Conceição de Souza Mota"
  ["cpf"]=>
  string(14) "055.104.296-66"
  ["email"]=>
  string(23) "claudiacsmota@gmail.com"
  ["placa"]=>
  string(7) "GXC0324"
  ["unidade"]=>
  array(1) {
    [0]=>
    string(1) "2"
  }
}

[28/04/2023 11:18:35] Verificando a solicitação...
[28/04/2023 11:18:35] abgsoft-autopark-unimed.php
array(5) {
  ["nome"]=>
  string(33) "Claudia Conceição de Souza Mota"
  ["cpf"]=>
  string(14) "055.104.296-66"
  ["email"]=>
  string(23) "claudiacsmota@gmail.com"
  ["placa"]=>
  string(7) "GXC0324"
  ["unidade"]=>
  array(1) {
    [0]=>
    string(1) "2"
  }
}

[28/04/2023 12:12:17] Verificando a solicitação...
[28/04/2023 12:12:17] abgsoft-autopark-unimed.php
array(5) {
  ["nome"]=>
  string(22) "Ricardo Silva Ferreira"
  ["cpf"]=>
  string(14) "041.972.296-31"
  ["email"]=>
  string(22) "ricardopagod@gmail.com"
  ["placa"]=>
  string(7) "HLU6E84"
  ["unidade"]=>
  array(1) {
    [0]=>
    string(1) "5"
  }
}

[28/04/2023 12:22:20] Verificando a solicitação...
[28/04/2023 12:22:20] abgsoft-autopark-unimed.php
array(5) {
  ["nome"]=>
  string(29) "Silvani de Jesus Braz moreira"
  ["cpf"]=>
  string(11) "63865475604"
  ["email"]=>
  string(25) "silvanithales@hotmail.com"
  ["placa"]=>
  string(7) "GTV6281"
  ["unidade"]=>
  array(1) {
    [0]=>
    string(1) "5"
  }
}

[28/04/2023 12:29:23] Verificando a solicitação...
[28/04/2023 12:29:23] abgsoft-autopark-unimed.php
array(5) {
  ["nome"]=>
  string(24) "TAMARA STEFANIA NOGUEIRA"
  ["cpf"]=>
  string(11) "05072354601"
  ["email"]=>
  string(24) "tamarastefania@gmail.com"
  ["placa"]=>
  string(7) "hml6h18"
  ["unidade"]=>
  array(1) {
    [0]=>
    string(1) "5"
  }
}

[28/04/2023 12:30:38] Verificando a solicitação...
[28/04/2023 12:30:38] abgsoft-autopark-unimed.php
array(5) {
  ["nome"]=>
  string(23) "João Paulo dos Santos "
  ["cpf"]=>
  string(12) "11073417603 "
  ["email"]=>
  string(25) "joaopsantos05@hotmail.com"
  ["placa"]=>
  string(8) "KWX 5661"
  ["unidade"]=>
  array(1) {
    [0]=>
    string(1) "2"
  }
}

[28/04/2023 01:12:54] Verificando a solicitação...
[28/04/2023 01:12:54] abgsoft-autopark-unimed.php
array(5) {
  ["nome"]=>
  string(20) "Renato Duqie Ribeiro"
  ["cpf"]=>
  string(11) "04711724648"
  ["email"]=>
  string(16) "kfebhe@gmail.com"
  ["placa"]=>
  string(7) "Him2531"
  ["unidade"]=>
  array(1) {
    [0]=>
    string(1) "5"
  }
}

[28/04/2023 01:13:38] Verificando a solicitação...
[28/04/2023 01:13:38] abgsoft-autopark-unimed.php
array(5) {
  ["nome"]=>
  string(20) "Renato Duqie Ribeiro"
  ["cpf"]=>
  string(11) "04711724648"
  ["email"]=>
  string(16) "kfebhe@gmail.com"
  ["placa"]=>
  string(7) "Him2531"
  ["unidade"]=>
  array(1) {
    [0]=>
    string(1) "5"
  }
}

[28/04/2023 02:42:28] Verificando a solicitação...
[28/04/2023 02:42:28] abgsoft-autopark-unimed.php
array(5) {
  ["nome"]=>
  string(21) "Renato Hideho Yoshida"
  ["cpf"]=>
  string(14) "176.535.738-19"
  ["email"]=>
  string(23) "renatoyoshida@ig.com.br"
  ["placa"]=>
  string(7) "NJF0044"
  ["unidade"]=>
  array(1) {
    [0]=>
    string(1) "5"
  }
}

[28/04/2023 04:41:36] Verificando a solicitação...
[28/04/2023 04:41:36] abgsoft-autopark-unimed.php
array(5) {
  ["nome"]=>
  string(18) "Suelem Alda Vieira"
  ["cpf"]=>
  string(14) "057.059.736-67"
  ["email"]=>
  string(20) "suelemalda@gmail.com"
  ["placa"]=>
  string(7) "pyq8634"
  ["unidade"]=>
  array(1) {
    [0]=>
    string(1) "5"
  }
}

[28/04/2023 06:32:48] Verificando a solicitação...
[28/04/2023 06:32:48] abgsoft-autopark-unimed.php
array(5) {
  ["nome"]=>
  string(12) "Felipe teste"
  ["cpf"]=>
  string(11) "05082289993"
  ["email"]=>
  string(23) "feboscardin@hotmail.com"
  ["placa"]=>
  string(7) "ALZ9888"
  ["unidade"]=>
  array(1) {
    [0]=>
    string(1) "5"
  }
}

[28/04/2023 06:33:21] Verificando a solicitação...
[28/04/2023 06:33:21] abgsoft-autopark-unimed.php
array(5) {
  ["nome"]=>
  string(12) "Felipe teste"
  ["cpf"]=>
  string(11) "05082289993"
  ["email"]=>
  string(23) "feboscardin@hotmail.com"
  ["placa"]=>
  string(7) "ALZ9888"
  ["unidade"]=>
  array(1) {
    [0]=>
    string(1) "1"
  }
}

[28/04/2023 06:46:14] Verificando a solicitação...
[28/04/2023 06:46:14] abgsoft-autopark-unimed.php
array(5) {
  ["nome"]=>
  string(12) "Felipe teste"
  ["cpf"]=>
  string(11) "05082289993"
  ["email"]=>
  string(27) "felipe@abrigovirtual.com.br"
  ["placa"]=>
  string(7) "ALZ9888"
  ["unidade"]=>
  array(1) {
    [0]=>
    string(1) "7"
  }
}

[28/04/2023 07:36:35] Verificando a solicitação...
[28/04/2023 07:36:35] abgsoft-autopark-unimed.php
array(5) {
  ["nome"]=>
  string(21) "Leandro Alves Pereira"
  ["cpf"]=>
  string(11) "08069871628"
  ["email"]=>
  string(28) "thais.coelho.ramos@gmail.com"
  ["placa"]=>
  string(7) "OPK2J56"
  ["unidade"]=>
  array(1) {
    [0]=>
    string(1) "1"
  }
}

[28/04/2023 07:36:43] Verificando a solicitação...
[28/04/2023 07:36:43] abgsoft-autopark-unimed.php
array(5) {
  ["nome"]=>
  string(21) "Leandro Alves Pereira"
  ["cpf"]=>
  string(11) "08069871628"
  ["email"]=>
  string(28) "thais.coelho.ramos@gmail.com"
  ["placa"]=>
  string(7) "OPK2J56"
  ["unidade"]=>
  array(1) {
    [0]=>
    string(1) "1"
  }
}

[28/04/2023 10:55:26] Verificando a solicitação...
[28/04/2023 10:55:26] abgsoft-autopark-unimed.php
array(5) {
  ["nome"]=>
  string(20) "Roneison Tadeu Rocha"
  ["cpf"]=>
  string(11) "06807783655"
  ["email"]=>
  string(16) "bhsoad@gmail.com"
  ["placa"]=>
  string(7) "QOU8158"
  ["unidade"]=>
  array(1) {
    [0]=>
    string(1) "7"
  }
}

