[21/05/2023 12:46:16] Verificando a solicitação...
[21/05/2023 12:46:16] abgsoft-autopark-unimed.php
array(5) {
  ["nome"]=>
  string(25) "José Adriano de oliveira"
  ["cpf"]=>
  string(14) "905.208.156-53"
  ["email"]=>
  string(24) "j.adriano32@yahoo.com.br"
  ["placa"]=>
  string(7) "GYL9379"
  ["unidade"]=>
  array(1) {
    [0]=>
    string(1) "7"
  }
}

[21/05/2023 12:18:09] Verificando a solicitação...
[21/05/2023 12:18:09] abgsoft-autopark-unimed.php
array(5) {
  ["nome"]=>
  string(26) "Gilberto Pereira de Souza "
  ["cpf"]=>
  string(11) "02714988628"
  ["email"]=>
  string(17) "dikgilp@gmail.com"
  ["placa"]=>
  string(8) "HIB6927 "
  ["unidade"]=>
  array(1) {
    [0]=>
    string(1) "5"
  }
}

[21/05/2023 12:21:09] Verificando a solicitação...
[21/05/2023 12:21:09] abgsoft-autopark-unimed.php
array(5) {
  ["nome"]=>
  string(20) "Pâmela Neri Martins"
  ["cpf"]=>
  string(14) "076.589.256-16"
  ["email"]=>
  string(22) "pamneri07@yahoo.com.br"
  ["placa"]=>
  string(8) "FMX 6950"
  ["unidade"]=>
  array(1) {
    [0]=>
    string(1) "2"
  }
}

[21/05/2023 02:01:32] Verificando a solicitação...
[21/05/2023 02:01:32] abgsoft-autopark-unimed.php
array(5) {
  ["nome"]=>
  string(29) "Celeste Meire Martins Fontana"
  ["cpf"]=>
  string(14) "265.174.696-72"
  ["email"]=>
  string(26) "celestefontana22@gmail.com"
  ["placa"]=>
  string(7) "OXC4B57"
  ["unidade"]=>
  array(1) {
    [0]=>
    string(1) "7"
  }
}

[21/05/2023 03:46:48] Verificando a solicitação...
[21/05/2023 03:46:48] abgsoft-autopark-unimed.php
array(5) {
  ["nome"]=>
  string(25) "Josiane Bispo dos Santos "
  ["cpf"]=>
  string(14) "109.489.166-56"
  ["email"]=>
  string(24) "josianebispo12@gmail.com"
  ["placa"]=>
  string(7) "HCG4768"
  ["unidade"]=>
  array(1) {
    [0]=>
    string(1) "3"
  }
}

[21/05/2023 03:59:23] Verificando a solicitação...
[21/05/2023 03:59:23] abgsoft-autopark-unimed.php
array(5) {
  ["nome"]=>
  string(30) "Reginaldo Quintela de Andrade "
  ["cpf"]=>
  string(14) "251.414.816-20"
  ["email"]=>
  string(25) "regiquintela.tx@gmail.com"
  ["placa"]=>
  string(9) "QPD 1036 "
  ["unidade"]=>
  array(1) {
    [0]=>
    string(1) "7"
  }
}

[21/05/2023 04:03:43] Verificando a solicitação...
[21/05/2023 04:03:43] abgsoft-autopark-unimed.php
array(5) {
  ["nome"]=>
  string(25) "Marli PAULA LUZ MESQUIARI"
  ["cpf"]=>
  string(14) "079.357.798-56"
  ["email"]=>
  string(21) "marli.luz66@gmail.com"
  ["placa"]=>
  string(7) "HHP9E69"
  ["unidade"]=>
  array(1) {
    [0]=>
    string(1) "5"
  }
}

[21/05/2023 05:03:25] Verificando a solicitação...
[21/05/2023 05:03:25] abgsoft-autopark-unimed.php
array(5) {
  ["nome"]=>
  string(14) "Rogaciano neto"
  ["cpf"]=>
  string(14) "917.696.206-72"
  ["email"]=>
  string(22) "rogacianoyob@gmail.com"
  ["placa"]=>
  string(33) "Qut1c50  fnf5f79 gzg6a65 rth8h81 "
  ["unidade"]=>
  array(1) {
    [0]=>
    string(1) "4"
  }
}

[21/05/2023 06:41:11] Verificando a solicitação...
[21/05/2023 06:41:11] abgsoft-autopark-unimed.php
array(5) {
  ["nome"]=>
  string(28) "Marciliana da Silva Izaías "
  ["cpf"]=>
  string(11) "06130238460"
  ["email"]=>
  string(23) "marciadebien0@gmail.com"
  ["placa"]=>
  string(7) "OQF8238"
  ["unidade"]=>
  array(1) {
    [0]=>
    string(1) "7"
  }
}

[21/05/2023 09:07:57] Verificando a solicitação...
[21/05/2023 09:07:57] abgsoft-autopark-unimed.php
array(5) {
  ["nome"]=>
  string(18) "Silvia crivellari "
  ["cpf"]=>
  string(11) "77990382687"
  ["email"]=>
  string(29) "silviarcrivellari@hotmail.com"
  ["placa"]=>
  string(7) "OQS0H01"
  ["unidade"]=>
  array(1) {
    [0]=>
    string(1) "7"
  }
}

[21/05/2023 09:43:58] Verificando a solicitação...
[21/05/2023 09:43:58] abgsoft-autopark-unimed.php
array(5) {
  ["nome"]=>
  string(28) "Maria Emília Abreu Carneiro"
  ["cpf"]=>
  string(14) "056.295.686-71"
  ["email"]=>
  string(31) "maria.carneiro@coleguium.com.br"
  ["placa"]=>
  string(9) "HCS 55550"
  ["unidade"]=>
  array(1) {
    [0]=>
    string(1) "5"
  }
}

[21/05/2023 09:47:29] Verificando a solicitação...
[21/05/2023 09:47:29] abgsoft-autopark-unimed.php
array(5) {
  ["nome"]=>
  string(19) "Grazielle Oliveira "
  ["cpf"]=>
  string(14) "055.013.096-96"
  ["email"]=>
  string(29) "graziellecloliveira@gmail.com"
  ["placa"]=>
  string(7) "HKO0758"
  ["unidade"]=>
  array(1) {
    [0]=>
    string(1) "5"
  }
}

[21/05/2023 10:23:17] Verificando a solicitação...
[21/05/2023 10:23:17] abgsoft-autopark-unimed.php
array(5) {
  ["nome"]=>
  string(13) "Sonia macedo "
  ["cpf"]=>
  string(11) "44575211672"
  ["email"]=>
  string(21) "slmrotsen@hotmail.com"
  ["placa"]=>
  string(8) "Hkx 0999"
  ["unidade"]=>
  array(1) {
    [0]=>
    string(1) "5"
  }
}

[21/05/2023 11:11:49] Verificando a solicitação...
[21/05/2023 11:11:49] abgsoft-autopark-unimed.php
array(5) {
  ["nome"]=>
  string(23) "Roberto Wagner Pereira "
  ["cpf"]=>
  string(14) "747.148.996-00"
  ["email"]=>
  string(28) "robertowpereira@yahoo.com.br"
  ["placa"]=>
  string(8) "PVT 8320"
  ["unidade"]=>
  array(1) {
    [0]=>
    string(1) "2"
  }
}

[21/05/2023 11:12:19] Verificando a solicitação...
[21/05/2023 11:12:19] abgsoft-autopark-unimed.php
array(5) {
  ["nome"]=>
  string(40) "Matheus Alexander Damascena de Carvalho "
  ["cpf"]=>
  string(14) "125.505.696-79"
  ["email"]=>
  string(29) "matheusalexander1@hotmail.com"
  ["placa"]=>
  string(7) "GXR6519"
  ["unidade"]=>
  array(1) {
    [0]=>
    string(1) "7"
  }
}

[21/05/2023 11:12:21] Verificando a solicitação...
[21/05/2023 11:12:21] abgsoft-autopark-unimed.php
array(5) {
  ["nome"]=>
  string(25) "ALESSANDRA CARLA DA SILVA"
  ["cpf"]=>
  string(11) "91356385672"
  ["email"]=>
  string(24) "silvacarlak@yahoo.com.br"
  ["placa"]=>
  string(7) "OLX0683"
  ["unidade"]=>
  array(1) {
    [0]=>
    string(1) "5"
  }
}

