[27/10/2023 02:08:17] Verificando a solicitação...
[27/10/2023 02:08:17] abgsoft-autopark-unimed.php
array(5) {
  ["nome"]=>
  string(21) "THIAGO PINTO CALDEIRA"
  ["cpf"]=>
  string(14) "070.468.456-03"
  ["email"]=>
  string(27) "thiagopcaldeira@hotmail.com"
  ["placa"]=>
  string(7) "Rnl8f43"
  ["unidade"]=>
  array(1) {
    [0]=>
    string(1) "7"
  }
}

[27/10/2023 08:14:14] Verificando a solicitação...
[27/10/2023 08:14:14] abgsoft-autopark-unimed.php
array(5) {
  ["nome"]=>
  string(32) "Claudiane Gonçalves de Oliveira"
  ["cpf"]=>
  string(14) "053.077.986-28"
  ["email"]=>
  string(35) "claudiane.oliveira@mercantil.com.br"
  ["placa"]=>
  string(7) "FAI0G93"
  ["unidade"]=>
  array(1) {
    [0]=>
    string(1) "2"
  }
}

[27/10/2023 09:54:54] Verificando a solicitação...
[27/10/2023 09:54:54] abgsoft-autopark-unimed.php
array(5) {
  ["nome"]=>
  string(23) "Kelley Sandriane Felipe"
  ["cpf"]=>
  string(14) "395.406.198-82"
  ["email"]=>
  string(26) "kelleysandrianef@gmail.com"
  ["placa"]=>
  string(7) "Rfl1c14"
  ["unidade"]=>
  array(1) {
    [0]=>
    string(1) "2"
  }
}

[27/10/2023 10:28:26] Verificando a solicitação...
[27/10/2023 10:28:26] abgsoft-autopark-unimed.php
array(5) {
  ["nome"]=>
  string(27) "Francine Tângari Pettersen"
  ["cpf"]=>
  string(11) "79117627672"
  ["email"]=>
  string(28) "francinetangari@yahoo.com.br"
  ["placa"]=>
  string(7) "PYG5792"
  ["unidade"]=>
  array(1) {
    [0]=>
    string(1) "5"
  }
}

[27/10/2023 10:55:51] Verificando a solicitação...
[27/10/2023 10:55:51] abgsoft-autopark-unimed.php
array(5) {
  ["nome"]=>
  string(23) "PEDRO NUNES VIEIRA NETO"
  ["cpf"]=>
  string(14) "427.684.706-00"
  ["email"]=>
  string(26) "P.NUNESVIEIRA@YAHOO.COM.BR"
  ["placa"]=>
  string(7) "RUO7B98"
  ["unidade"]=>
  array(1) {
    [0]=>
    string(1) "7"
  }
}

[27/10/2023 11:06:12] Verificando a solicitação...
[27/10/2023 11:06:12] abgsoft-autopark-unimed.php
array(5) {
  ["nome"]=>
  string(29) "Silvani de Jesus Braz moreira"
  ["cpf"]=>
  string(11) "63865475604"
  ["email"]=>
  string(25) "silvanithales@hotmail.com"
  ["placa"]=>
  string(7) "OPI2073"
  ["unidade"]=>
  array(1) {
    [0]=>
    string(1) "5"
  }
}

[27/10/2023 12:29:04] Verificando a solicitação...
[27/10/2023 12:29:04] abgsoft-autopark-unimed.php
array(5) {
  ["nome"]=>
  string(26) "Victor Edson Siervi Melado"
  ["cpf"]=>
  string(11) "06303206670"
  ["email"]=>
  string(22) "victorranger@gmail.com"
  ["placa"]=>
  string(7) "PWP3332"
  ["unidade"]=>
  array(1) {
    [0]=>
    string(1) "7"
  }
}

[27/10/2023 12:48:37] Verificando a solicitação...
[27/10/2023 12:55:23] Verificando a solicitação...
[27/10/2023 01:04:41] Verificando a solicitação...
[27/10/2023 01:04:41] abgsoft-autopark-unimed.php
array(5) {
  ["nome"]=>
  string(25) "Carla Carolina de Araújo"
  ["cpf"]=>
  string(14) "108.242.266-58"
  ["email"]=>
  string(27) "isaiascarlasantos@gmail.com"
  ["placa"]=>
  string(7) "Hmb1f99"
  ["unidade"]=>
  array(1) {
    [0]=>
    string(1) "3"
  }
}

[27/10/2023 02:07:32] Verificando a solicitação...
[27/10/2023 02:19:50] Verificando a solicitação...
[27/10/2023 02:19:50] abgsoft-autopark-unimed.php
array(5) {
  ["nome"]=>
  string(7) "Evelyn "
  ["cpf"]=>
  string(11) "09555841675"
  ["email"]=>
  string(22) "evelynmatoos@gmail.com"
  ["placa"]=>
  string(7) "Hcy5125"
  ["unidade"]=>
  array(1) {
    [0]=>
    string(1) "5"
  }
}

[27/10/2023 02:21:02] Verificando a solicitação...
[27/10/2023 02:21:02] abgsoft-autopark-unimed.php
array(5) {
  ["nome"]=>
  string(26) "Vanderson de Souza Divino "
  ["cpf"]=>
  string(14) "038.250.736-37"
  ["email"]=>
  string(21) "souzadivino@gmail.com"
  ["placa"]=>
  string(7) "RVJ6F59"
  ["unidade"]=>
  array(1) {
    [0]=>
    string(1) "5"
  }
}

[27/10/2023 02:30:10] Verificando a solicitação...
[27/10/2023 02:30:10] abgsoft-autopark-unimed.php
array(5) {
  ["nome"]=>
  string(12) "Marcia Prata"
  ["cpf"]=>
  string(14) "619.432.156-34"
  ["email"]=>
  string(22) "marciaprata7@gmail.com"
  ["placa"]=>
  string(7) "RVG5H19"
  ["unidade"]=>
  array(1) {
    [0]=>
    string(1) "1"
  }
}

[27/10/2023 02:35:25] Verificando a solicitação...
[27/10/2023 02:35:25] abgsoft-autopark-unimed.php
array(5) {
  ["nome"]=>
  string(22) "Thiago Victor Peixoto "
  ["cpf"]=>
  string(15) "038.938.706-10 "
  ["email"]=>
  string(27) "thiagopeixoto2@yahoo.com.br"
  ["placa"]=>
  string(8) "Oww4860 "
  ["unidade"]=>
  array(1) {
    [0]=>
    string(1) "1"
  }
}

[27/10/2023 03:43:35] Verificando a solicitação...
[27/10/2023 03:43:35] abgsoft-autopark-unimed.php
array(5) {
  ["nome"]=>
  string(22) "Camila Fernanda Diniz "
  ["cpf"]=>
  string(11) "06557560603"
  ["email"]=>
  string(20) "cammilaf83@gmail.com"
  ["placa"]=>
  string(7) "RNV4A12"
  ["unidade"]=>
  array(1) {
    [0]=>
    string(1) "7"
  }
}

[27/10/2023 03:47:15] Verificando a solicitação...
[27/10/2023 03:47:15] abgsoft-autopark-unimed.php
array(5) {
  ["nome"]=>
  string(22) "Camila Fernanda Diniz "
  ["cpf"]=>
  string(11) "06557560603"
  ["email"]=>
  string(20) "cammilaf83@gmail.com"
  ["placa"]=>
  string(7) "RNV4A12"
  ["unidade"]=>
  array(1) {
    [0]=>
    string(1) "7"
  }
}

[27/10/2023 03:59:17] Verificando a solicitação...
[27/10/2023 09:35:21] Verificando a solicitação...
[27/10/2023 09:35:21] abgsoft-autopark-unimed.php
array(5) {
  ["nome"]=>
  string(30) "VANESSA CRISTINA SOUZA ALMEIDA"
  ["cpf"]=>
  string(14) "066.358.386-19"
  ["email"]=>
  string(27) "vanessaalmeidasta@gmail.com"
  ["placa"]=>
  string(7) "KKS0867"
  ["unidade"]=>
  array(1) {
    [0]=>
    string(1) "7"
  }
}

[27/10/2023 11:23:52] Verificando a solicitação...
