[02/04/2023 12:34:05] Verificando a solicitação...
[02/04/2023 12:34:05] abgsoft-autopark-unimed.php
array(5) {
  ["nome"]=>
  string(25) "Alessandra carla da silva"
  ["cpf"]=>
  string(11) "91356385672"
  ["email"]=>
  string(24) "silvacarlak@yahoo.com.br"
  ["placa"]=>
  string(7) "olx0683"
  ["unidade"]=>
  array(1) {
    [0]=>
    string(1) "5"
  }
}

[02/04/2023 12:34:30] Verificando a solicitação...
[02/04/2023 12:34:30] abgsoft-autopark-unimed.php
array(5) {
  ["nome"]=>
  string(25) "Alessandra carla da silva"
  ["cpf"]=>
  string(11) "91356385672"
  ["email"]=>
  string(24) "silvacarlak@yahoo.com.br"
  ["placa"]=>
  string(7) "olx0683"
  ["unidade"]=>
  array(1) {
    [0]=>
    string(1) "5"
  }
}

[02/04/2023 12:35:17] Verificando a solicitação...
[02/04/2023 12:35:17] abgsoft-autopark-unimed.php
array(5) {
  ["nome"]=>
  string(25) "Alessandra carla da silva"
  ["cpf"]=>
  string(11) "91356385672"
  ["email"]=>
  string(24) "silvacarlak@yahoo.com.br"
  ["placa"]=>
  string(7) "olx0683"
  ["unidade"]=>
  array(1) {
    [0]=>
    string(1) "5"
  }
}

[02/04/2023 12:35:34] Verificando a solicitação...
[02/04/2023 12:35:34] abgsoft-autopark-unimed.php
array(5) {
  ["nome"]=>
  string(25) "Alessandra carla da silva"
  ["cpf"]=>
  string(11) "91356385672"
  ["email"]=>
  string(24) "silvacarlak@yahoo.com.br"
  ["placa"]=>
  string(7) "olx0683"
  ["unidade"]=>
  array(1) {
    [0]=>
    string(1) "5"
  }
}

[02/04/2023 06:11:16] Verificando a solicitação...
[02/04/2023 06:11:16] abgsoft-autopark-unimed.php
array(5) {
  ["nome"]=>
  string(37) "Bárbara Jéssica de Melo Cezar Dias "
  ["cpf"]=>
  string(11) "10933599629"
  ["email"]=>
  string(25) "barbara_jmcd@yahoo.com.br"
  ["placa"]=>
  string(7) "Opo8230"
  ["unidade"]=>
  array(1) {
    [0]=>
    string(1) "7"
  }
}

[02/04/2023 07:55:47] Verificando a solicitação...
[02/04/2023 07:55:47] abgsoft-autopark-unimed.php
array(5) {
  ["nome"]=>
  string(24) "Willian Alisson Ribeiro "
  ["cpf"]=>
  string(11) "04926613670"
  ["email"]=>
  string(31) "janicesilverio2602@yahoo.com.br"
  ["placa"]=>
  string(8) "OPV 7843"
  ["unidade"]=>
  array(1) {
    [0]=>
    string(1) "2"
  }
}

[02/04/2023 11:52:35] Verificando a solicitação...
[02/04/2023 11:52:35] abgsoft-autopark-unimed.php
array(5) {
  ["nome"]=>
  string(27) "Moacir Levy Sena de Menezes"
  ["cpf"]=>
  string(14) "065.536.156-16"
  ["email"]=>
  string(22) "MOACIRLEVY@HOTMAIL.COM"
  ["placa"]=>
  string(7) "SEB9B80"
  ["unidade"]=>
  array(1) {
    [0]=>
    string(1) "7"
  }
}

[02/04/2023 11:52:52] Verificando a solicitação...
[02/04/2023 11:52:52] abgsoft-autopark-unimed.php
array(5) {
  ["nome"]=>
  string(27) "Moacir Levy Sena de Menezes"
  ["cpf"]=>
  string(14) "065.536.156-16"
  ["email"]=>
  string(22) "MOACIRLEVY@HOTMAIL.COM"
  ["placa"]=>
  string(7) "SEB9B80"
  ["unidade"]=>
  array(1) {
    [0]=>
    string(1) "7"
  }
}

[02/04/2023 01:23:30] Verificando a solicitação...
[02/04/2023 01:23:30] abgsoft-autopark-unimed.php
array(5) {
  ["nome"]=>
  string(18) "Viviane Valadares "
  ["cpf"]=>
  string(11) "04953267630"
  ["email"]=>
  string(27) "vianevaladares@yahoo.com.br"
  ["placa"]=>
  string(7) "OHD9614"
  ["unidade"]=>
  array(1) {
    [0]=>
    string(1) "7"
  }
}

[02/04/2023 01:25:05] Verificando a solicitação...
[02/04/2023 01:25:05] abgsoft-autopark-unimed.php
array(5) {
  ["nome"]=>
  string(18) "Viviane Valadares "
  ["cpf"]=>
  string(11) "04953267630"
  ["email"]=>
  string(27) "vianevaladares@yahoo.com.br"
  ["placa"]=>
  string(7) "OHD9614"
  ["unidade"]=>
  array(1) {
    [0]=>
    string(1) "7"
  }
}

[02/04/2023 01:39:36] Verificando a solicitação...
[02/04/2023 01:39:36] abgsoft-autopark-unimed.php
array(5) {
  ["nome"]=>
  string(27) "achiles caldeira quintella "
  ["cpf"]=>
  string(15) "093.040.881-00 "
  ["email"]=>
  string(26) "achilesquintella@gmail.com"
  ["placa"]=>
  string(8) "HKC3700 "
  ["unidade"]=>
  array(1) {
    [0]=>
    string(1) "7"
  }
}

[02/04/2023 01:40:02] Verificando a solicitação...
[02/04/2023 01:40:02] abgsoft-autopark-unimed.php
array(5) {
  ["nome"]=>
  string(27) "achiles caldeira quintella "
  ["cpf"]=>
  string(15) "093.040.881-00 "
  ["email"]=>
  string(26) "achilesquintella@gmail.com"
  ["placa"]=>
  string(8) "HKC3700 "
  ["unidade"]=>
  array(1) {
    [0]=>
    string(1) "7"
  }
}

[02/04/2023 01:56:48] Verificando a solicitação...
[02/04/2023 01:56:48] abgsoft-autopark-unimed.php
array(5) {
  ["nome"]=>
  string(22) "Gilberto Ramos Batista"
  ["cpf"]=>
  string(14) "036.945.516-97"
  ["email"]=>
  string(20) "giltopline@gmail.com"
  ["placa"]=>
  string(7) "QXB4281"
  ["unidade"]=>
  array(1) {
    [0]=>
    string(1) "5"
  }
}

[02/04/2023 01:57:06] Verificando a solicitação...
[02/04/2023 01:57:06] abgsoft-autopark-unimed.php
array(5) {
  ["nome"]=>
  string(22) "Gilberto Ramos Batista"
  ["cpf"]=>
  string(14) "036.945.516-97"
  ["email"]=>
  string(20) "giltopline@gmail.com"
  ["placa"]=>
  string(7) "QXB4281"
  ["unidade"]=>
  array(1) {
    [0]=>
    string(1) "5"
  }
}

[02/04/2023 01:58:13] Verificando a solicitação...
[02/04/2023 01:58:13] abgsoft-autopark-unimed.php
array(5) {
  ["nome"]=>
  string(34) "Monica Cristina da Silva Brandão "
  ["cpf"]=>
  string(14) "041.801.689-52"
  ["email"]=>
  string(26) "monicatiakinha@hotmail.com"
  ["placa"]=>
  string(7) "RTT8G90"
  ["unidade"]=>
  array(1) {
    [0]=>
    string(1) "7"
  }
}

[02/04/2023 02:04:44] Verificando a solicitação...
[02/04/2023 02:04:44] abgsoft-autopark-unimed.php
array(5) {
  ["nome"]=>
  string(23) "LETICIA MARA NEVES LIMA"
  ["cpf"]=>
  string(20) "591 . 277 . 166 - 00"
  ["email"]=>
  string(25) "leticiaufmg2013@gmail.com"
  ["placa"]=>
  string(8) "HJE4953 "
  ["unidade"]=>
  array(1) {
    [0]=>
    string(1) "5"
  }
}

[02/04/2023 02:05:12] Verificando a solicitação...
[02/04/2023 02:05:12] abgsoft-autopark-unimed.php
array(5) {
  ["nome"]=>
  string(23) "LETICIA MARA NEVES LIMA"
  ["cpf"]=>
  string(11) "59127716600"
  ["email"]=>
  string(25) "leticiaufmg2013@gmail.com"
  ["placa"]=>
  string(8) "HJE4953 "
  ["unidade"]=>
  array(1) {
    [0]=>
    string(1) "5"
  }
}

[02/04/2023 02:22:04] Verificando a solicitação...
[02/04/2023 02:22:04] abgsoft-autopark-unimed.php
array(5) {
  ["nome"]=>
  string(25) "CRISTIANO DA CRUZ SANTANA"
  ["cpf"]=>
  string(11) "05277461698"
  ["email"]=>
  string(30) "cristiano.gonetohell@gmail.com"
  ["placa"]=>
  string(7) "HBM9936"
  ["unidade"]=>
  array(1) {
    [0]=>
    string(1) "3"
  }
}

[02/04/2023 02:43:54] Verificando a solicitação...
[02/04/2023 02:43:54] abgsoft-autopark-unimed.php
array(5) {
  ["nome"]=>
  string(27) "Anderson Ferreira de Souza "
  ["cpf"]=>
  string(14) "747.451.406-06"
  ["email"]=>
  string(20) "dimbh30@yahoo.com.br"
  ["placa"]=>
  string(7) "HLH1878"
  ["unidade"]=>
  array(1) {
    [0]=>
    string(1) "7"
  }
}

[02/04/2023 02:46:41] Verificando a solicitação...
[02/04/2023 02:46:41] abgsoft-autopark-unimed.php
array(5) {
  ["nome"]=>
  string(36) "Priscilla Batista Tôrres de Lacerda"
  ["cpf"]=>
  string(11) "08120283686"
  ["email"]=>
  string(24) "priscilla12300@gmail.com"
  ["placa"]=>
  string(7) "HLN7E06"
  ["unidade"]=>
  array(1) {
    [0]=>
    string(1) "2"
  }
}

[02/04/2023 02:54:08] Verificando a solicitação...
[02/04/2023 02:54:08] abgsoft-autopark-unimed.php
array(5) {
  ["nome"]=>
  string(28) "Rodrigo Fernandes Rodrigues "
  ["cpf"]=>
  string(11) "99293587653"
  ["email"]=>
  string(27) "rodrigofernandes@pbh.gov.br"
  ["placa"]=>
  string(7) "ohd9614"
  ["unidade"]=>
  array(1) {
    [0]=>
    string(1) "7"
  }
}

[02/04/2023 03:06:22] Verificando a solicitação...
[02/04/2023 03:06:22] abgsoft-autopark-unimed.php
array(5) {
  ["nome"]=>
  string(9) "Fernando "
  ["cpf"]=>
  string(11) "74486756649"
  ["email"]=>
  string(23) "fernandocruzz@gmail.com"
  ["placa"]=>
  string(7) "Rft1i93"
  ["unidade"]=>
  array(1) {
    [0]=>
    string(1) "1"
  }
}

[02/04/2023 03:08:49] Verificando a solicitação...
[02/04/2023 03:08:49] abgsoft-autopark-unimed.php
array(5) {
  ["nome"]=>
  string(8) "Fernando"
  ["cpf"]=>
  string(11) "74486756649"
  ["email"]=>
  string(23) "fernandocruzz@gmail.com"
  ["placa"]=>
  string(7) "Rft1i93"
  ["unidade"]=>
  array(1) {
    [0]=>
    string(1) "1"
  }
}

[02/04/2023 03:09:36] Verificando a solicitação...
[02/04/2023 03:09:36] abgsoft-autopark-unimed.php
array(5) {
  ["nome"]=>
  string(8) "Fernando"
  ["cpf"]=>
  string(11) "74486756649"
  ["email"]=>
  string(23) "fernandocruzz@gmail.com"
  ["placa"]=>
  string(7) "Rft1i93"
  ["unidade"]=>
  array(1) {
    [0]=>
    string(1) "1"
  }
}

[02/04/2023 03:50:55] Verificando a solicitação...
[02/04/2023 03:50:55] abgsoft-autopark-unimed.php
array(5) {
  ["nome"]=>
  string(27) "Adriano Guimarães da Silva"
  ["cpf"]=>
  string(14) "026.182.516-01"
  ["email"]=>
  string(19) "ags.geo@hotmail.com"
  ["placa"]=>
  string(7) "Hkt3246"
  ["unidade"]=>
  array(1) {
    [0]=>
    string(1) "2"
  }
}

[02/04/2023 05:22:13] Verificando a solicitação...
[02/04/2023 05:22:13] abgsoft-autopark-unimed.php
array(5) {
  ["nome"]=>
  string(32) "Karla Bernadete Neves de Castro "
  ["cpf"]=>
  string(15) "028.746.766-08 "
  ["email"]=>
  string(23) "karlabneves28@gmail.com"
  ["placa"]=>
  string(7) "Opw2230"
  ["unidade"]=>
  array(1) {
    [0]=>
    string(1) "7"
  }
}

[02/04/2023 05:32:13] Verificando a solicitação...
[02/04/2023 05:32:13] abgsoft-autopark-unimed.php
array(5) {
  ["nome"]=>
  string(41) "GUARACIABA FERNANDA BONFIM CAETANO SANTOS"
  ["cpf"]=>
  string(11) "02653017695"
  ["email"]=>
  string(27) "fesantosbonfin971@gmail.com"
  ["placa"]=>
  string(8) "HFS 8113"
  ["unidade"]=>
  array(1) {
    [0]=>
    string(1) "5"
  }
}

[02/04/2023 05:32:33] Verificando a solicitação...
[02/04/2023 05:32:33] abgsoft-autopark-unimed.php
array(5) {
  ["nome"]=>
  string(41) "GUARACIABA FERNANDA BONFIM CAETANO SANTOS"
  ["cpf"]=>
  string(11) "02653017695"
  ["email"]=>
  string(27) "fesantosbonfin971@gmail.com"
  ["placa"]=>
  string(8) "HFS 8113"
  ["unidade"]=>
  array(1) {
    [0]=>
    string(1) "5"
  }
}

[02/04/2023 06:40:11] Verificando a solicitação...
[02/04/2023 06:40:11] abgsoft-autopark-unimed.php
array(5) {
  ["nome"]=>
  string(27) "Francine Tângari Pettersen"
  ["cpf"]=>
  string(14) "791.176.276-72"
  ["email"]=>
  string(28) "francinetangari@yahoo.com.br"
  ["placa"]=>
  string(7) "PYG5792"
  ["unidade"]=>
  array(1) {
    [0]=>
    string(1) "5"
  }
}

[02/04/2023 06:40:47] Verificando a solicitação...
[02/04/2023 06:40:47] abgsoft-autopark-unimed.php
array(5) {
  ["nome"]=>
  string(27) "Francine Tângari Pettersen"
  ["cpf"]=>
  string(14) "791.176.276-72"
  ["email"]=>
  string(28) "francinetangari@yahoo.com.br"
  ["placa"]=>
  string(7) "PYG5792"
  ["unidade"]=>
  array(1) {
    [0]=>
    string(1) "5"
  }
}

[02/04/2023 08:05:48] Verificando a solicitação...
[02/04/2023 08:05:48] abgsoft-autopark-unimed.php
array(5) {
  ["nome"]=>
  string(22) "JOUBERT ROCHA DE SOUSA"
  ["cpf"]=>
  string(14) "041.951.926-25"
  ["email"]=>
  string(25) "joubert.rocha@hotmail.com"
  ["placa"]=>
  string(7) "HMJ9D72"
  ["unidade"]=>
  array(1) {
    [0]=>
    string(1) "7"
  }
}

[02/04/2023 08:13:48] Verificando a solicitação...
[02/04/2023 08:13:48] abgsoft-autopark-unimed.php
array(5) {
  ["nome"]=>
  string(24) "Tatiana Sofia de Santana"
  ["cpf"]=>
  string(14) "005.062.566-77"
  ["email"]=>
  string(29) "tatianasantana777@hotmail.com"
  ["placa"]=>
  string(7) "HMB4514"
  ["unidade"]=>
  array(1) {
    [0]=>
    string(1) "5"
  }
}

[02/04/2023 08:14:11] Verificando a solicitação...
[02/04/2023 08:14:11] abgsoft-autopark-unimed.php
array(5) {
  ["nome"]=>
  string(24) "Tatiana Sofia de Santana"
  ["cpf"]=>
  string(14) "005.062.566-77"
  ["email"]=>
  string(29) "tatianasantana777@hotmail.com"
  ["placa"]=>
  string(7) "HMB4514"
  ["unidade"]=>
  array(1) {
    [0]=>
    string(1) "5"
  }
}

[02/04/2023 08:14:34] Verificando a solicitação...
[02/04/2023 08:14:34] abgsoft-autopark-unimed.php
array(5) {
  ["nome"]=>
  string(24) "Tatiana Sofia de Santana"
  ["cpf"]=>
  string(14) "005.062.566-77"
  ["email"]=>
  string(29) "tatianasantana777@hotmail.com"
  ["placa"]=>
  string(7) "HMB4514"
  ["unidade"]=>
  array(1) {
    [0]=>
    string(1) "5"
  }
}

[02/04/2023 08:32:33] Verificando a solicitação...
[02/04/2023 08:32:33] abgsoft-autopark-unimed.php
array(5) {
  ["nome"]=>
  string(15) "ANA LUISA ALVES"
  ["cpf"]=>
  string(14) "040.606.936-00"
  ["email"]=>
  string(23) "analuisaalves@gmail.com"
  ["placa"]=>
  string(7) "HKJ3973"
  ["unidade"]=>
  array(1) {
    [0]=>
    string(1) "7"
  }
}

[02/04/2023 10:10:30] Verificando a solicitação...
[02/04/2023 10:10:30] abgsoft-autopark-unimed.php
array(5) {
  ["nome"]=>
  string(12) "tadeu vieira"
  ["cpf"]=>
  string(11) "06050669651"
  ["email"]=>
  string(19) "tasvieira@gmail.com"
  ["placa"]=>
  string(7) "RVN0E74"
  ["unidade"]=>
  array(1) {
    [0]=>
    string(1) "5"
  }
}

[02/04/2023 10:22:09] Verificando a solicitação...
[02/04/2023 10:22:09] abgsoft-autopark-unimed.php
array(5) {
  ["nome"]=>
  string(14) "Diana Bonfantr"
  ["cpf"]=>
  string(11) "06704383670"
  ["email"]=>
  string(26) "diana_bonfante@hotmail.com"
  ["placa"]=>
  string(7) "OQJ0449"
  ["unidade"]=>
  array(1) {
    [0]=>
    string(1) "7"
  }
}

[02/04/2023 10:28:44] Verificando a solicitação...
[02/04/2023 10:28:44] abgsoft-autopark-unimed.php
array(5) {
  ["nome"]=>
  string(30) "Samara Helen de Matos Miranda "
  ["cpf"]=>
  string(15) "120.718.006-80 "
  ["email"]=>
  string(23) "samarahelen28@gmail.com"
  ["placa"]=>
  string(7) "Olu2881"
  ["unidade"]=>
  array(1) {
    [0]=>
    string(1) "5"
  }
}

[02/04/2023 10:29:02] Verificando a solicitação...
[02/04/2023 10:29:02] abgsoft-autopark-unimed.php
array(5) {
  ["nome"]=>
  string(30) "Samara Helen de Matos Miranda "
  ["cpf"]=>
  string(15) "120.718.006-80 "
  ["email"]=>
  string(23) "samarahelen28@gmail.com"
  ["placa"]=>
  string(7) "Olu2881"
  ["unidade"]=>
  array(1) {
    [0]=>
    string(1) "5"
  }
}

[02/04/2023 11:31:16] Verificando a solicitação...
[02/04/2023 11:31:16] abgsoft-autopark-unimed.php
array(5) {
  ["nome"]=>
  string(17) "Nyara Benevenuto "
  ["cpf"]=>
  string(14) "060.566.686-57"
  ["email"]=>
  string(20) "nyarabl@yahoo.com.br"
  ["placa"]=>
  string(7) "Rfd0b43"
  ["unidade"]=>
  array(1) {
    [0]=>
    string(1) "5"
  }
}

[02/04/2023 11:53:08] Verificando a solicitação...
[02/04/2023 11:53:08] abgsoft-autopark-unimed.php
array(5) {
  ["nome"]=>
  string(21) "Luciano Pereira lobo "
  ["cpf"]=>
  string(11) "06052440651"
  ["email"]=>
  string(29) "lucianolobo13galo@hotmail.com"
  ["placa"]=>
  string(8) "Hbq 2879"
  ["unidade"]=>
  array(1) {
    [0]=>
    string(1) "3"
  }
}

