[21/10/2023 12:42:52] Verificando a solicitação...
[21/10/2023 06:23:24] Verificando a solicitação...
[21/10/2023 10:41:21] Verificando a solicitação...
[21/10/2023 10:52:03] Verificando a solicitação...
[21/10/2023 10:52:03] abgsoft-autopark-unimed.php
array(5) {
  ["nome"]=>
  string(23) "DANIELA ANDAKU DA SILVA"
  ["cpf"]=>
  string(14) "044.085.046-02"
  ["email"]=>
  string(21) "daniela.asm@gmail.com"
  ["placa"]=>
  string(7) "Hid1762"
  ["unidade"]=>
  array(1) {
    [0]=>
    string(1) "2"
  }
}

[21/10/2023 01:52:03] Verificando a solicitação...
[21/10/2023 01:52:03] abgsoft-autopark-unimed.php
array(5) {
  ["nome"]=>
  string(24) "Renato Liberato Ferreira"
  ["cpf"]=>
  string(14) "685.298.306-44"
  ["email"]=>
  string(24) "renatorl224370@gmail.com"
  ["placa"]=>
  string(7) "OLV8102"
  ["unidade"]=>
  array(1) {
    [0]=>
    string(1) "5"
  }
}

[21/10/2023 04:24:38] Verificando a solicitação...
[21/10/2023 04:24:38] abgsoft-autopark-unimed.php
array(5) {
  ["nome"]=>
  string(19) "ISAAC LEMOSDA SILVA"
  ["cpf"]=>
  string(14) "245.127.676-34"
  ["email"]=>
  string(26) "isaaclemossilva1@gmail.com"
  ["placa"]=>
  string(7) "PZZ8592"
  ["unidade"]=>
  array(1) {
    [0]=>
    string(1) "7"
  }
}

[21/10/2023 06:19:36] Verificando a solicitação...
[21/10/2023 06:19:36] abgsoft-autopark-unimed.php
array(5) {
  ["nome"]=>
  string(8) "Cristina"
  ["cpf"]=>
  string(14) "061.200.046-02"
  ["email"]=>
  string(20) "criskmir@hotmail.com"
  ["placa"]=>
  string(7) "Hgl8c69"
  ["unidade"]=>
  array(1) {
    [0]=>
    string(1) "5"
  }
}

[21/10/2023 06:32:21] Verificando a solicitação...
[21/10/2023 06:32:21] abgsoft-autopark-unimed.php
array(5) {
  ["nome"]=>
  string(26) "ROSANGELA MACEDO FERNANDES"
  ["cpf"]=>
  string(14) "400.326.806-78"
  ["email"]=>
  string(21) "macedoalves@gmail.com"
  ["placa"]=>
  string(7) "PYP7E74"
  ["unidade"]=>
  array(1) {
    [0]=>
    string(1) "5"
  }
}

[21/10/2023 06:42:46] Verificando a solicitação...
[21/10/2023 07:28:44] Verificando a solicitação...
[21/10/2023 07:28:44] abgsoft-autopark-unimed.php
array(5) {
  ["nome"]=>
  string(47) "Marina Aparecida Mendes de Oliveira Gonçalves "
  ["cpf"]=>
  string(14) "015.597.496-36"
  ["email"]=>
  string(24) "mendesolive@yahoo.com.br"
  ["placa"]=>
  string(7) "Pyo0630"
  ["unidade"]=>
  array(1) {
    [0]=>
    string(1) "5"
  }
}

[21/10/2023 09:09:51] Verificando a solicitação...
[21/10/2023 09:09:51] abgsoft-autopark-unimed.php
array(5) {
  ["nome"]=>
  string(33) "Vera Mendes dos Santos Parreiras "
  ["cpf"]=>
  string(11) "75884755600"
  ["email"]=>
  string(24) "veramparreiras@gmail.com"
  ["placa"]=>
  string(7) "RMO5B62"
  ["unidade"]=>
  array(1) {
    [0]=>
    string(1) "3"
  }
}

