[18/03/2023 12:31:24] Verificando a solicitação...
[18/03/2023 07:46:51] Verificando a solicitação...
[18/03/2023 07:46:51] abgsoft-autopark-unimed.php
array(5) {
  ["nome"]=>
  string(32) "Claudiane Gonçalves de Oliveira"
  ["cpf"]=>
  string(14) "053.077.986-28"
  ["email"]=>
  string(35) "claudiane.oliveira@mercantil.com.br"
  ["placa"]=>
  string(7) "FAI0G93"
  ["unidade"]=>
  array(1) {
    [0]=>
    string(1) "2"
  }
}

[18/03/2023 10:34:24] Verificando a solicitação...
[18/03/2023 10:34:24] abgsoft-autopark-unimed.php
array(5) {
  ["nome"]=>
  string(23) "DANIELA ANDAKU DA SILVA"
  ["cpf"]=>
  string(14) "044.085.046-02"
  ["email"]=>
  string(21) "daniela.asm@gmail.com"
  ["placa"]=>
  string(7) "Hid1762"
  ["unidade"]=>
  array(1) {
    [0]=>
    string(1) "2"
  }
}

[18/03/2023 10:53:24] Verificando a solicitação...
[18/03/2023 10:53:24] abgsoft-autopark-unimed.php
array(5) {
  ["nome"]=>
  string(26) "Kelly Aquino Paixão Frota"
  ["cpf"]=>
  string(14) "074.942.266-13"
  ["email"]=>
  string(31) "kelly.aquinopaixao@yahoo.com.br"
  ["placa"]=>
  string(7) "HEW7424"
  ["unidade"]=>
  array(1) {
    [0]=>
    string(1) "7"
  }
}

[18/03/2023 11:00:51] Verificando a solicitação...
[18/03/2023 11:00:51] abgsoft-autopark-unimed.php
array(5) {
  ["nome"]=>
  string(8) "Luciana "
  ["cpf"]=>
  string(14) "077.289.926-60"
  ["email"]=>
  string(28) "lucianamaiarezende@gmail.com"
  ["placa"]=>
  string(7) "Nyc4e77"
  ["unidade"]=>
  array(1) {
    [0]=>
    string(1) "3"
  }
}

[18/03/2023 11:21:59] Verificando a solicitação...
[18/03/2023 11:21:59] abgsoft-autopark-unimed.php
array(5) {
  ["nome"]=>
  string(24) "Rejane Moreto Herculano "
  ["cpf"]=>
  string(11) "79970095749"
  ["email"]=>
  string(23) "rejane.moreto@gmail.com"
  ["placa"]=>
  string(7) "QPT0268"
  ["unidade"]=>
  array(1) {
    [0]=>
    string(1) "5"
  }
}

[18/03/2023 11:24:17] Verificando a solicitação...
[18/03/2023 11:24:17] abgsoft-autopark-unimed.php
array(5) {
  ["nome"]=>
  string(21) "Janete raposa fonseca"
  ["cpf"]=>
  string(11) "98108921600"
  ["email"]=>
  string(28) "janete.fonseca@vallourec.com"
  ["placa"]=>
  string(7) "omg8186"
  ["unidade"]=>
  array(1) {
    [0]=>
    string(1) "3"
  }
}

[18/03/2023 11:27:03] Verificando a solicitação...
[18/03/2023 11:27:03] abgsoft-autopark-unimed.php
array(5) {
  ["nome"]=>
  string(21) "Geovani Silva da cruz"
  ["cpf"]=>
  string(11) "04368600665"
  ["email"]=>
  string(19) "ggeosilva@gmail.com"
  ["placa"]=>
  string(7) "HKC2245"
  ["unidade"]=>
  array(1) {
    [0]=>
    string(1) "7"
  }
}

[18/03/2023 11:55:47] Verificando a solicitação...
[18/03/2023 11:55:47] abgsoft-autopark-unimed.php
array(5) {
  ["nome"]=>
  string(24) "Renata Cristina de Assiz"
  ["cpf"]=>
  string(14) "936.607.666-15"
  ["email"]=>
  string(19) "r_assiz@hotmail.com"
  ["placa"]=>
  string(7) "HKP9219"
  ["unidade"]=>
  array(1) {
    [0]=>
    string(1) "3"
  }
}

[18/03/2023 11:59:10] Verificando a solicitação...
[18/03/2023 11:59:10] abgsoft-autopark-unimed.php
array(5) {
  ["nome"]=>
  string(8) "Barbara "
  ["cpf"]=>
  string(11) "08524881658"
  ["email"]=>
  string(22) "barbarast221@gmail.com"
  ["placa"]=>
  string(7) "Hmv1b57"
  ["unidade"]=>
  array(1) {
    [0]=>
    string(1) "2"
  }
}

[18/03/2023 12:48:26] Verificando a solicitação...
[18/03/2023 12:48:26] abgsoft-autopark-unimed.php
array(5) {
  ["nome"]=>
  string(21) "Saulo Ferreira Coelho"
  ["cpf"]=>
  string(11) "01485382661"
  ["email"]=>
  string(27) "sauloferreira.mrv@gmail.com"
  ["placa"]=>
  string(7) "Qui8d05"
  ["unidade"]=>
  array(1) {
    [0]=>
    string(1) "7"
  }
}

[18/03/2023 01:20:19] Verificando a solicitação...
[18/03/2023 01:20:19] abgsoft-autopark-unimed.php
array(5) {
  ["nome"]=>
  string(27) "Francine Tângari Pettersen"
  ["cpf"]=>
  string(11) "79117627672"
  ["email"]=>
  string(28) "francinetangari@yahoo.com.br"
  ["placa"]=>
  string(7) "PYG5792"
  ["unidade"]=>
  array(1) {
    [0]=>
    string(1) "5"
  }
}

[18/03/2023 01:31:01] Verificando a solicitação...
[18/03/2023 02:07:21] Verificando a solicitação...
[18/03/2023 02:07:21] abgsoft-autopark-unimed.php
array(5) {
  ["nome"]=>
  string(14) "Gilson Keller "
  ["cpf"]=>
  string(11) "03774916675"
  ["email"]=>
  string(23) "gilson.keller@gmail.com"
  ["placa"]=>
  string(7) "NXZ1H94"
  ["unidade"]=>
  array(1) {
    [0]=>
    string(1) "3"
  }
}

[18/03/2023 02:09:04] Verificando a solicitação...
[18/03/2023 02:09:04] abgsoft-autopark-unimed.php
array(5) {
  ["nome"]=>
  string(23) "Jeolmir Dyonisio de Sá"
  ["cpf"]=>
  string(11) "00065023692"
  ["email"]=>
  string(17) "jeodysa@gmail.com"
  ["placa"]=>
  string(7) "GXP6181"
  ["unidade"]=>
  array(1) {
    [0]=>
    string(1) "7"
  }
}

[18/03/2023 03:29:45] Verificando a solicitação...
[18/03/2023 03:29:45] abgsoft-autopark-unimed.php
array(5) {
  ["nome"]=>
  string(15) "Felipe Oliveira"
  ["cpf"]=>
  string(11) "07646655619"
  ["email"]=>
  string(29) "felipej.oliveira@yahoo.com.br"
  ["placa"]=>
  string(7) "NXY3D00"
  ["unidade"]=>
  array(1) {
    [0]=>
    string(1) "5"
  }
}

[18/03/2023 03:40:39] Verificando a solicitação...
[18/03/2023 03:40:39] abgsoft-autopark-unimed.php
array(5) {
  ["nome"]=>
  string(24) "Bruna andreoni fernandes"
  ["cpf"]=>
  string(11) "13829781628"
  ["email"]=>
  string(22) "bruhandreoni@gmail.com"
  ["placa"]=>
  string(7) "PUA7B57"
  ["unidade"]=>
  array(1) {
    [0]=>
    string(1) "5"
  }
}

[18/03/2023 03:46:41] Verificando a solicitação...
[18/03/2023 03:46:41] abgsoft-autopark-unimed.php
array(5) {
  ["nome"]=>
  string(35) "Fernanda Aparecida de Castro camini"
  ["cpf"]=>
  string(14) "041.020.506-04"
  ["email"]=>
  string(25) "castro.fernanda@ymail.com"
  ["placa"]=>
  string(8) "QMR 5205"
  ["unidade"]=>
  array(1) {
    [0]=>
    string(1) "1"
  }
}

[18/03/2023 05:40:27] Verificando a solicitação...
[18/03/2023 05:40:27] abgsoft-autopark-unimed.php
array(5) {
  ["nome"]=>
  string(21) "Epaminondas Oliveira "
  ["cpf"]=>
  string(11) "31916279600"
  ["email"]=>
  string(28) "epaminondasmartins@gmail.com"
  ["placa"]=>
  string(7) "Pze5057"
  ["unidade"]=>
  array(1) {
    [0]=>
    string(1) "7"
  }
}

[18/03/2023 05:42:01] Verificando a solicitação...
[18/03/2023 05:42:01] abgsoft-autopark-unimed.php
array(5) {
  ["nome"]=>
  string(21) "Júlio César Cardoso"
  ["cpf"]=>
  string(14) "524.798.386-68"
  ["email"]=>
  string(34) "juliocesarcardosomiranda@gmail.com"
  ["placa"]=>
  string(7) "HLN1420"
  ["unidade"]=>
  array(1) {
    [0]=>
    string(1) "7"
  }
}

[18/03/2023 06:20:40] Verificando a solicitação...
[18/03/2023 06:20:40] abgsoft-autopark-unimed.php
array(5) {
  ["nome"]=>
  string(28) "João Moreira de Souza Neto "
  ["cpf"]=>
  string(14) "077.571.346-50"
  ["email"]=>
  string(25) "joaojsmoreira@hotmail.com"
  ["placa"]=>
  string(7) "PZL0B83"
  ["unidade"]=>
  array(1) {
    [0]=>
    string(1) "5"
  }
}

[18/03/2023 06:23:23] Verificando a solicitação...
[18/03/2023 06:23:23] abgsoft-autopark-unimed.php
array(5) {
  ["nome"]=>
  string(21) "Clarissa Maria Hoehne"
  ["cpf"]=>
  string(14) "036.102.666-86"
  ["email"]=>
  string(24) "latarohoehne@hotmail.com"
  ["placa"]=>
  string(7) "Pfx6g29"
  ["unidade"]=>
  array(1) {
    [0]=>
    string(1) "7"
  }
}

[18/03/2023 06:24:25] Verificando a solicitação...
[18/03/2023 06:24:25] abgsoft-autopark-unimed.php
array(5) {
  ["nome"]=>
  string(28) "Clarissa Maria Lataro Hoehne"
  ["cpf"]=>
  string(14) "036.102.666-86"
  ["email"]=>
  string(24) "latarohoehne@hotmail.com"
  ["placa"]=>
  string(7) "Pfx6g29"
  ["unidade"]=>
  array(1) {
    [0]=>
    string(1) "5"
  }
}

[18/03/2023 07:20:27] Verificando a solicitação...
[18/03/2023 07:20:27] abgsoft-autopark-unimed.php
array(5) {
  ["nome"]=>
  string(24) "Rodrigo Fortunato Novais"
  ["cpf"]=>
  string(14) "012.628.626-47"
  ["email"]=>
  string(26) "carolinanonato82@gmail.com"
  ["placa"]=>
  string(7) "QON4611"
  ["unidade"]=>
  array(1) {
    [0]=>
    string(1) "5"
  }
}

[18/03/2023 07:32:51] Verificando a solicitação...
[18/03/2023 07:32:51] abgsoft-autopark-unimed.php
array(5) {
  ["nome"]=>
  string(23) "JOSE IVANDI DE OLIVEIRA"
  ["cpf"]=>
  string(11) "34340939668"
  ["email"]=>
  string(28) "drogariafortaleza5@gmail.com"
  ["placa"]=>
  string(7) "QUG2693"
  ["unidade"]=>
  array(1) {
    [0]=>
    string(1) "3"
  }
}

[18/03/2023 08:48:27] Verificando a solicitação...
[18/03/2023 08:48:27] abgsoft-autopark-unimed.php
array(5) {
  ["nome"]=>
  string(32) "Claudiane Gonçalves de Oliveira"
  ["cpf"]=>
  string(14) "053.077.986-28"
  ["email"]=>
  string(35) "claudiane.oliveira@mercantil.com.br"
  ["placa"]=>
  string(7) "FAI0G93"
  ["unidade"]=>
  array(1) {
    [0]=>
    string(1) "2"
  }
}

[18/03/2023 10:06:17] Verificando a solicitação...
[18/03/2023 10:19:48] Verificando a solicitação...
[18/03/2023 10:19:48] abgsoft-autopark-unimed.php
array(5) {
  ["nome"]=>
  string(29) "THIAGO ALEXSANDER COSTA GREGO"
  ["cpf"]=>
  string(11) "04465704607"
  ["email"]=>
  string(22) "thiago.grego@gmail.com"
  ["placa"]=>
  string(7) "RFB2H12"
  ["unidade"]=>
  array(1) {
    [0]=>
    string(1) "4"
  }
}

