[14/08/2023 09:40:27] Verificando a solicitação...
[14/08/2023 09:40:27] abgsoft-autopark-unimed.php
array(5) {
  ["nome"]=>
  string(33) "Veruchka Conceição Moreira Dias"
  ["cpf"]=>
  string(14) "014.310.226-59"
  ["email"]=>
  string(22) "diastucka@yahoo.com.br"
  ["placa"]=>
  string(7) "hjr7752"
  ["unidade"]=>
  array(1) {
    [0]=>
    string(1) "7"
  }
}

[14/08/2023 10:11:25] Verificando a solicitação...
[14/08/2023 10:11:25] abgsoft-autopark-unimed.php
array(5) {
  ["nome"]=>
  string(30) "Janair Pereira da Cunha Simão"
  ["cpf"]=>
  string(14) "039.004.846-19"
  ["email"]=>
  string(25) "janairpereira@hotmail.com"
  ["placa"]=>
  string(7) "GUT8181"
  ["unidade"]=>
  array(1) {
    [0]=>
    string(1) "2"
  }
}

[14/08/2023 11:53:25] Verificando a solicitação...
[14/08/2023 11:53:25] abgsoft-autopark-unimed.php
array(5) {
  ["nome"]=>
  string(28) "Alexandre Pereira Rodrigues "
  ["cpf"]=>
  string(11) "11940825644"
  ["email"]=>
  string(16) "x_bh@hotmail.com"
  ["placa"]=>
  string(7) "Pzv6j27"
  ["unidade"]=>
  array(1) {
    [0]=>
    string(1) "5"
  }
}

[14/08/2023 12:21:55] Verificando a solicitação...
[14/08/2023 12:21:55] abgsoft-autopark-unimed.php
array(5) {
  ["nome"]=>
  string(35) "MARIZA MARTINS DE PAULA ALBUQUERQUE"
  ["cpf"]=>
  string(14) "856.036.356-49"
  ["email"]=>
  string(24) "mgapapelaria@hotmail.com"
  ["placa"]=>
  string(7) "PWQ6434"
  ["unidade"]=>
  array(1) {
    [0]=>
    string(1) "2"
  }
}

[14/08/2023 12:24:15] Verificando a solicitação...
[14/08/2023 12:24:15] abgsoft-autopark-unimed.php
array(5) {
  ["nome"]=>
  string(32) "renata cristina de almeida regis"
  ["cpf"]=>
  string(11) "02063813795"
  ["email"]=>
  string(23) "renataregis00@gmail.com"
  ["placa"]=>
  string(7) "prv5f62"
  ["unidade"]=>
  array(1) {
    [0]=>
    string(1) "5"
  }
}

[14/08/2023 12:55:59] Verificando a solicitação...
[14/08/2023 12:55:59] abgsoft-autopark-unimed.php
array(5) {
  ["nome"]=>
  string(17) "AMANDA MAIA ALVES"
  ["cpf"]=>
  string(14) "014.009.546-22"
  ["email"]=>
  string(27) "amanda.maia.alves@gmail.com"
  ["placa"]=>
  string(7) "PWO3406"
  ["unidade"]=>
  array(1) {
    [0]=>
    string(1) "3"
  }
}

[14/08/2023 12:59:17] Verificando a solicitação...
[14/08/2023 12:59:17] abgsoft-autopark-unimed.php
array(5) {
  ["nome"]=>
  string(24) "KENER ALEXANDRE DA SILVA"
  ["cpf"]=>
  string(11) "01642567680"
  ["email"]=>
  string(28) "keneralexandre1987@gmail.com"
  ["placa"]=>
  string(7) "QXV9I50"
  ["unidade"]=>
  array(1) {
    [0]=>
    string(1) "3"
  }
}

[14/08/2023 01:00:23] Verificando a solicitação...
[14/08/2023 01:00:23] abgsoft-autopark-unimed.php
array(5) {
  ["nome"]=>
  string(17) "AMANDA MAIA ALVES"
  ["cpf"]=>
  string(14) "014.009.546-22"
  ["email"]=>
  string(27) "amanda.maia.alves@gmail.com"
  ["placa"]=>
  string(7) "PWO3406"
  ["unidade"]=>
  array(1) {
    [0]=>
    string(1) "2"
  }
}

[14/08/2023 02:10:33] Verificando a solicitação...
[14/08/2023 02:10:33] abgsoft-autopark-unimed.php
array(5) {
  ["nome"]=>
  string(30) "Dalilaine Campos Salgado Silva"
  ["cpf"]=>
  string(14) "102.301.216-24"
  ["email"]=>
  string(21) "dalilaine@hotmail.com"
  ["placa"]=>
  string(7) "GOW0234"
  ["unidade"]=>
  array(1) {
    [0]=>
    string(1) "5"
  }
}

[14/08/2023 02:52:09] Verificando a solicitação...
[14/08/2023 02:52:09] abgsoft-autopark-unimed.php
array(5) {
  ["nome"]=>
  string(37) "Walquiria Parreiras Kascher da Silva "
  ["cpf"]=>
  string(11) "01192321626"
  ["email"]=>
  string(20) "walkascher@gmail.com"
  ["placa"]=>
  string(7) "GWC0868"
  ["unidade"]=>
  array(1) {
    [0]=>
    string(1) "7"
  }
}

[14/08/2023 03:02:32] Verificando a solicitação...
[14/08/2023 03:15:01] Verificando a solicitação...
[14/08/2023 03:15:01] abgsoft-autopark-unimed.php
array(5) {
  ["nome"]=>
  string(22) "Cristiana cunha Amaral"
  ["cpf"]=>
  string(14) "082.530.336-21"
  ["email"]=>
  string(25) "cristianatjmg@hotmail.com"
  ["placa"]=>
  string(8) "Oqo 5331"
  ["unidade"]=>
  array(1) {
    [0]=>
    string(1) "1"
  }
}

[14/08/2023 03:35:36] Verificando a solicitação...
[14/08/2023 03:35:36] abgsoft-autopark-unimed.php
array(5) {
  ["nome"]=>
  string(22) "Irene Beatriz Da Silva"
  ["cpf"]=>
  string(14) "057.859.966-00"
  ["email"]=>
  string(30) "irenebeatrizsilva@yahoo.com.br"
  ["placa"]=>
  string(7) "OXB8968"
  ["unidade"]=>
  array(1) {
    [0]=>
    string(1) "2"
  }
}

[14/08/2023 03:49:29] Verificando a solicitação...
[14/08/2023 03:49:29] abgsoft-autopark-unimed.php
array(5) {
  ["nome"]=>
  string(21) "Junio Francisco alves"
  ["cpf"]=>
  string(14) "116.098.596-00"
  ["email"]=>
  string(21) "junio-bad@hotmail.com"
  ["placa"]=>
  string(7) "Gfv1234"
  ["unidade"]=>
  array(1) {
    [0]=>
    string(1) "7"
  }
}

[14/08/2023 04:02:12] Verificando a solicitação...
[14/08/2023 04:02:12] abgsoft-autopark-unimed.php
array(5) {
  ["nome"]=>
  string(27) "Alequisonia de Brito Sales "
  ["cpf"]=>
  string(11) "09457686640"
  ["email"]=>
  string(22) "alequisoniab@ymail.com"
  ["placa"]=>
  string(7) "Qxz5c95"
  ["unidade"]=>
  array(1) {
    [0]=>
    string(1) "3"
  }
}

[14/08/2023 04:04:12] Verificando a solicitação...
[14/08/2023 04:04:12] abgsoft-autopark-unimed.php
array(5) {
  ["nome"]=>
  string(27) "Alequisonia de Brito Sales "
  ["cpf"]=>
  string(11) "09457686640"
  ["email"]=>
  string(22) "alequisoniab@ymail.com"
  ["placa"]=>
  string(7) "Qxz5c95"
  ["unidade"]=>
  array(1) {
    [0]=>
    string(1) "3"
  }
}

[14/08/2023 04:53:44] Verificando a solicitação...
[14/08/2023 04:53:44] abgsoft-autopark-unimed.php
array(5) {
  ["nome"]=>
  string(31) "Wallison Silva Teixeira de Melo"
  ["cpf"]=>
  string(14) "032.747.116-67"
  ["email"]=>
  string(22) "babolagalo@hotmail.com"
  ["placa"]=>
  string(7) "PXI1665"
  ["unidade"]=>
  array(1) {
    [0]=>
    string(1) "7"
  }
}

[14/08/2023 05:11:14] Verificando a solicitação...
[14/08/2023 05:11:14] abgsoft-autopark-unimed.php
array(5) {
  ["nome"]=>
  string(19) "jaqueline malaquias"
  ["cpf"]=>
  string(14) "548.709.846-87"
  ["email"]=>
  string(23) "jaq.malaquias@gmail.com"
  ["placa"]=>
  string(7) "HKA8356"
  ["unidade"]=>
  array(1) {
    [0]=>
    string(1) "7"
  }
}

[14/08/2023 05:14:09] Verificando a solicitação...
[14/08/2023 05:14:09] abgsoft-autopark-unimed.php
array(5) {
  ["nome"]=>
  string(34) "Rodrigo Gomes de Oliveira Cipriani"
  ["cpf"]=>
  string(14) "052.474.606-00"
  ["email"]=>
  string(21) "rodriocipri@gmail.com"
  ["placa"]=>
  string(7) "OQA5703"
  ["unidade"]=>
  array(1) {
    [0]=>
    string(1) "5"
  }
}

[14/08/2023 07:06:11] Verificando a solicitação...
[14/08/2023 07:40:39] Verificando a solicitação...
[14/08/2023 07:40:39] abgsoft-autopark-unimed.php
array(5) {
  ["nome"]=>
  string(14) "Rejane Andrade"
  ["cpf"]=>
  string(12) "555410698691"
  ["email"]=>
  string(21) "robertotnqi@gmail.com"
  ["placa"]=>
  string(7) "HLN7B55"
  ["unidade"]=>
  array(1) {
    [0]=>
    string(1) "3"
  }
}

[14/08/2023 09:02:01] Verificando a solicitação...
[14/08/2023 09:02:01] abgsoft-autopark-unimed.php
array(5) {
  ["nome"]=>
  string(14) "Davi Oliveira "
  ["cpf"]=>
  string(11) "02063307660"
  ["email"]=>
  string(20) "daayse_s@hotmail.com"
  ["placa"]=>
  string(7) "GYC9G07"
  ["unidade"]=>
  array(1) {
    [0]=>
    string(1) "7"
  }
}

