[09/01/2023 12:52:20] Verificando a solicitação...
[09/01/2023 12:52:20] abgsoft-autopark-unimed.php
array(5) {
  ["nome"]=>
  string(27) "Merielle Gomes Nobre Coelho"
  ["cpf"]=>
  string(14) "049.741.756-10"
  ["email"]=>
  string(28) "meriellegomesnobre@gmail.com"
  ["placa"]=>
  string(8) "PYU 6810"
  ["unidade"]=>
  array(1) {
    [0]=>
    string(1) "4"
  }
}

[09/01/2023 12:57:12] Verificando a solicitação...
[09/01/2023 12:57:12] abgsoft-autopark-unimed.php
array(5) {
  ["nome"]=>
  string(15) "Marilena Chaves"
  ["cpf"]=>
  string(14) "300.742.826-20"
  ["email"]=>
  string(26) "chavesmarilena@hotmail.com"
  ["placa"]=>
  string(8) "HKJ 9483"
  ["unidade"]=>
  array(1) {
    [0]=>
    string(1) "5"
  }
}

[09/01/2023 01:09:10] Verificando a solicitação...
[09/01/2023 01:09:10] abgsoft-autopark-unimed.php
array(5) {
  ["nome"]=>
  string(15) "Sandra Mesquita"
  ["cpf"]=>
  string(11) "60010541691"
  ["email"]=>
  string(26) "sandra.toledom@hotmail.com"
  ["placa"]=>
  string(8) "NYF 0047"
  ["unidade"]=>
  array(1) {
    [0]=>
    string(1) "5"
  }
}

[09/01/2023 01:13:32] Verificando a solicitação...
[09/01/2023 01:13:32] abgsoft-autopark-unimed.php
array(5) {
  ["nome"]=>
  string(33) "Maria Aparecida da Silva Ribeiro "
  ["cpf"]=>
  string(14) "839.780.706-34"
  ["email"]=>
  string(29) "mas-silvaeribeiro@hotmail.com"
  ["placa"]=>
  string(7) "HMO4b21"
  ["unidade"]=>
  array(1) {
    [0]=>
    string(1) "7"
  }
}

[09/01/2023 01:18:34] Verificando a solicitação...
[09/01/2023 01:18:34] abgsoft-autopark-unimed.php
array(5) {
  ["nome"]=>
  string(21) "Luci Lisboa Da Silva "
  ["cpf"]=>
  string(14) "276.685.766-49"
  ["email"]=>
  string(24) "ludmillasn.bya@gmail.com"
  ["placa"]=>
  string(7) "Hjk1982"
  ["unidade"]=>
  array(1) {
    [0]=>
    string(1) "3"
  }
}

[09/01/2023 01:41:22] Verificando a solicitação...
[09/01/2023 01:41:22] abgsoft-autopark-unimed.php
array(5) {
  ["nome"]=>
  string(26) "Ana Luísa De Souza Beleza"
  ["cpf"]=>
  string(11) "08939172655"
  ["email"]=>
  string(23) "luisabeleza@hotmail.com"
  ["placa"]=>
  string(7) "PZA7085"
  ["unidade"]=>
  array(1) {
    [0]=>
    string(1) "7"
  }
}

[09/01/2023 02:24:17] Verificando a solicitação...
[09/01/2023 02:24:17] abgsoft-autopark-unimed.php
array(5) {
  ["nome"]=>
  string(15) "Daiane Ponciano"
  ["cpf"]=>
  string(11) "08719124651"
  ["email"]=>
  string(23) "daievelyn26@hotmail.com"
  ["placa"]=>
  string(7) "OQD1337"
  ["unidade"]=>
  array(1) {
    [0]=>
    string(1) "5"
  }
}

[09/01/2023 03:27:25] Verificando a solicitação...
[09/01/2023 03:27:25] abgsoft-autopark-unimed.php
array(5) {
  ["nome"]=>
  string(23) "AMANA GONALVES DE SOUSA"
  ["cpf"]=>
  string(14) "126.474.726-88"
  ["email"]=>
  string(29) "amandinhagonsalves7@gmail.com"
  ["placa"]=>
  string(7) "Hcj9246"
  ["unidade"]=>
  array(1) {
    [0]=>
    string(1) "5"
  }
}

[09/01/2023 06:19:59] Verificando a solicitação...
[09/01/2023 08:07:01] Verificando a solicitação...
[09/01/2023 08:45:54] Verificando a solicitação...
[09/01/2023 09:23:57] Verificando a solicitação...
[09/01/2023 09:23:57] abgsoft-autopark-unimed.php
array(5) {
  ["nome"]=>
  string(23) "DANIELA ANDAKU DA SILVA"
  ["cpf"]=>
  string(11) "04408504602"
  ["email"]=>
  string(21) "daniela.asm@gmail.com"
  ["placa"]=>
  string(7) "Hid1762"
  ["unidade"]=>
  array(1) {
    [0]=>
    string(1) "2"
  }
}

[09/01/2023 09:27:29] Verificando a solicitação...
[09/01/2023 09:27:29] abgsoft-autopark-unimed.php
array(5) {
  ["nome"]=>
  string(29) "Patrique Fernandes Dos Santos"
  ["cpf"]=>
  string(14) "038.106.856-07"
  ["email"]=>
  string(27) "patrique.santos@hotmail.com"
  ["placa"]=>
  string(7) "PVF1471"
  ["unidade"]=>
  array(1) {
    [0]=>
    string(1) "7"
  }
}

[09/01/2023 10:20:38] Verificando a solicitação...
[09/01/2023 10:20:38] abgsoft-autopark-unimed.php
array(5) {
  ["nome"]=>
  string(24) "Eduardo Eloi Silva Costa"
  ["cpf"]=>
  string(14) "070.511.706-51"
  ["email"]=>
  string(25) "eloi.ilustrador@gmail.com"
  ["placa"]=>
  string(7) "hcs5451"
  ["unidade"]=>
  array(1) {
    [0]=>
    string(1) "1"
  }
}

[09/01/2023 10:29:30] Verificando a solicitação...
[09/01/2023 10:29:30] abgsoft-autopark-unimed.php
array(5) {
  ["nome"]=>
  string(26) "Pollyanna Martins Cardoso "
  ["cpf"]=>
  string(11) "05685552602"
  ["email"]=>
  string(27) "polly_polly04@hotmaolol.com"
  ["placa"]=>
  string(7) "Hoc5954"
  ["unidade"]=>
  array(1) {
    [0]=>
    string(1) "5"
  }
}

[09/01/2023 10:30:41] Verificando a solicitação...
[09/01/2023 10:30:41] abgsoft-autopark-unimed.php
array(5) {
  ["nome"]=>
  string(25) "Claudio Roberto Casaccia "
  ["cpf"]=>
  string(11) "00981745091"
  ["email"]=>
  string(28) "claudio.casaccia42@gmail.com"
  ["placa"]=>
  string(7) "PWL9595"
  ["unidade"]=>
  array(1) {
    [0]=>
    string(1) "5"
  }
}

[09/01/2023 11:10:39] Verificando a solicitação...
[09/01/2023 11:10:39] abgsoft-autopark-unimed.php
array(5) {
  ["nome"]=>
  string(24) "Jaqueline Mendes de Sena"
  ["cpf"]=>
  string(14) "016.279.436-33"
  ["email"]=>
  string(28) "jaqueline@insidegroup.com.br"
  ["placa"]=>
  string(7) "hii6585"
  ["unidade"]=>
  array(1) {
    [0]=>
    string(1) "7"
  }
}

[09/01/2023 11:12:03] Verificando a solicitação...
[09/01/2023 11:12:03] abgsoft-autopark-unimed.php
array(5) {
  ["nome"]=>
  string(24) "Jaqueline Mendes de Sena"
  ["cpf"]=>
  string(14) "016.279.436-33"
  ["email"]=>
  string(28) "jaqueline@insidegroup.com.br"
  ["placa"]=>
  string(7) "olt4605"
  ["unidade"]=>
  array(1) {
    [0]=>
    string(1) "7"
  }
}

[09/01/2023 11:37:00] Verificando a solicitação...
[09/01/2023 11:37:00] abgsoft-autopark-unimed.php
array(5) {
  ["nome"]=>
  string(23) "Rafael Marques de Souza"
  ["cpf"]=>
  string(11) "10185448607"
  ["email"]=>
  string(24) "raf.marques@yahoo.com.br"
  ["placa"]=>
  string(8) "PVF-8229"
  ["unidade"]=>
  array(1) {
    [0]=>
    string(1) "7"
  }
}

[09/01/2023 11:39:06] Verificando a solicitação...
[09/01/2023 11:39:06] abgsoft-autopark-unimed.php
array(5) {
  ["nome"]=>
  string(14) "Simone Duarte "
  ["cpf"]=>
  string(14) "745.128.386-00"
  ["email"]=>
  string(22) "simone@belmicro.com.br"
  ["placa"]=>
  string(7) "OQV0467"
  ["unidade"]=>
  array(1) {
    [0]=>
    string(1) "5"
  }
}

[09/01/2023 11:50:20] Verificando a solicitação...
[09/01/2023 11:50:20] abgsoft-autopark-unimed.php
array(5) {
  ["nome"]=>
  string(16) "Bruno Magalhães"
  ["cpf"]=>
  string(11) "00041784677"
  ["email"]=>
  string(20) "nobrumrv@hotmail.com"
  ["placa"]=>
  string(8) "Pyz 1538"
  ["unidade"]=>
  array(1) {
    [0]=>
    string(1) "7"
  }
}

[09/01/2023 12:00:36] Verificando a solicitação...
[09/01/2023 12:00:36] abgsoft-autopark-unimed.php
array(5) {
  ["nome"]=>
  string(19) "Ronaldo Emilio Simi"
  ["cpf"]=>
  string(14) "031.673.307-59"
  ["email"]=>
  string(18) "ronesimi@gmail.com"
  ["placa"]=>
  string(7) "RNE1F41"
  ["unidade"]=>
  array(1) {
    [0]=>
    string(1) "5"
  }
}

[09/01/2023 12:05:04] Verificando a solicitação...
[09/01/2023 12:05:04] abgsoft-autopark-unimed.php
array(5) {
  ["nome"]=>
  string(24) "Walter A Veloso Júnior "
  ["cpf"]=>
  string(14) "232.211.436-72"
  ["email"]=>
  string(33) "Walteralcantaraveloso@hotmail.com"
  ["placa"]=>
  string(7) "RND8F36"
  ["unidade"]=>
  array(1) {
    [0]=>
    string(1) "5"
  }
}

[09/01/2023 12:10:31] Verificando a solicitação...
[09/01/2023 12:10:31] abgsoft-autopark-unimed.php
array(5) {
  ["nome"]=>
  string(28) "Guilherme Bias Silva Junior "
  ["cpf"]=>
  string(12) " 70288178653"
  ["email"]=>
  string(19) "gbiasjr@hotmail.com"
  ["placa"]=>
  string(7) "Hkj1623"
  ["unidade"]=>
  array(1) {
    [0]=>
    string(1) "5"
  }
}

[09/01/2023 12:12:26] Verificando a solicitação...
[09/01/2023 12:12:26] abgsoft-autopark-unimed.php
array(5) {
  ["nome"]=>
  string(21) "Karine Colen Carvalho"
  ["cpf"]=>
  string(14) "083.342.166-29"
  ["email"]=>
  string(23) "karinecolen@hotmail.com"
  ["placa"]=>
  string(7) "OWU4F19"
  ["unidade"]=>
  array(1) {
    [0]=>
    string(1) "5"
  }
}

[09/01/2023 12:25:53] Verificando a solicitação...
[09/01/2023 12:25:53] abgsoft-autopark-unimed.php
array(5) {
  ["nome"]=>
  string(35) "Henrique dos Santos Corrêa Ribeiro"
  ["cpf"]=>
  string(11) "00138414670"
  ["email"]=>
  string(25) "henrique_1977@hotmail.com"
  ["placa"]=>
  string(7) "PUB6H98"
  ["unidade"]=>
  array(1) {
    [0]=>
    string(1) "5"
  }
}

[09/01/2023 01:05:07] Verificando a solicitação...
[09/01/2023 01:05:07] abgsoft-autopark-unimed.php
array(5) {
  ["nome"]=>
  string(5) "Breno"
  ["cpf"]=>
  string(11) "07896180600"
  ["email"]=>
  string(15) "brenoaos@me.com"
  ["placa"]=>
  string(7) "Qmu8844"
  ["unidade"]=>
  array(1) {
    [0]=>
    string(1) "5"
  }
}

[09/01/2023 01:05:46] Verificando a solicitação...
[09/01/2023 01:05:46] abgsoft-autopark-unimed.php
array(5) {
  ["nome"]=>
  string(7) "Rodrigo"
  ["cpf"]=>
  string(11) "01301562645"
  ["email"]=>
  string(17) "ipating@gmail.com"
  ["placa"]=>
  string(7) "PXH6616"
  ["unidade"]=>
  array(1) {
    [0]=>
    string(1) "3"
  }
}

[09/01/2023 01:07:27] Verificando a solicitação...
[09/01/2023 01:07:27] abgsoft-autopark-unimed.php
array(5) {
  ["nome"]=>
  string(21) "Antonio Carlos Maciel"
  ["cpf"]=>
  string(11) "61639095691"
  ["email"]=>
  string(20) "acm_225@yahoo.com.br"
  ["placa"]=>
  string(7) "hiu0b65"
  ["unidade"]=>
  array(1) {
    [0]=>
    string(1) "4"
  }
}

[09/01/2023 01:13:05] Verificando a solicitação...
[09/01/2023 01:13:05] abgsoft-autopark-unimed.php
array(5) {
  ["nome"]=>
  string(15) "Daiane Ponciano"
  ["cpf"]=>
  string(11) "08719124651"
  ["email"]=>
  string(23) "daievelyn26@hotmail.com"
  ["placa"]=>
  string(7) "OQD1337"
  ["unidade"]=>
  array(1) {
    [0]=>
    string(1) "5"
  }
}

[09/01/2023 01:16:17] Verificando a solicitação...
[09/01/2023 01:16:17] abgsoft-autopark-unimed.php
array(5) {
  ["nome"]=>
  string(17) "BRUNO Magalhães "
  ["cpf"]=>
  string(11) "00041784677"
  ["email"]=>
  string(20) "nobrumrv@hotmail.com"
  ["placa"]=>
  string(7) "Pyz1538"
  ["unidade"]=>
  array(1) {
    [0]=>
    string(1) "7"
  }
}

[09/01/2023 01:18:37] Verificando a solicitação...
[09/01/2023 01:18:37] abgsoft-autopark-unimed.php
array(5) {
  ["nome"]=>
  string(20) "Livia Carvalho Mende"
  ["cpf"]=>
  string(14) "071.642.216-69"
  ["email"]=>
  string(27) "liviamendes2006@hotmail.com"
  ["placa"]=>
  string(7) "PVF3700"
  ["unidade"]=>
  array(1) {
    [0]=>
    string(1) "5"
  }
}

[09/01/2023 01:19:55] Verificando a solicitação...
[09/01/2023 01:19:55] abgsoft-autopark-unimed.php
array(5) {
  ["nome"]=>
  string(27) "ALEXANDRE SOARES DE MENEZES"
  ["cpf"]=>
  string(14) "499.258.736-49"
  ["email"]=>
  string(34) "alexandresoaresdemenezes@gmail.com"
  ["placa"]=>
  string(7) "OOV1611"
  ["unidade"]=>
  array(1) {
    [0]=>
    string(1) "5"
  }
}

[09/01/2023 01:21:40] Verificando a solicitação...
[09/01/2023 01:21:40] abgsoft-autopark-unimed.php
array(5) {
  ["nome"]=>
  string(22) "Alessandra Viana Lopes"
  ["cpf"]=>
  string(15) "054.971.356-50 "
  ["email"]=>
  string(21) "alevlopes@hotmail.com"
  ["placa"]=>
  string(7) "OLY6C09"
  ["unidade"]=>
  array(1) {
    [0]=>
    string(1) "5"
  }
}

[09/01/2023 01:26:54] Verificando a solicitação...
[09/01/2023 01:26:54] abgsoft-autopark-unimed.php
array(5) {
  ["nome"]=>
  string(19) "DARLEY ANTONIO LEAL"
  ["cpf"]=>
  string(14) "043.669.676-26"
  ["email"]=>
  string(23) "darleyleal@yahoo.com.br"
  ["placa"]=>
  string(7) "OPC8233"
  ["unidade"]=>
  array(1) {
    [0]=>
    string(1) "5"
  }
}

[09/01/2023 01:27:15] Verificando a solicitação...
[09/01/2023 01:27:15] abgsoft-autopark-unimed.php
array(5) {
  ["nome"]=>
  string(16) "Fabrícia Tinti "
  ["cpf"]=>
  string(11) "01374846660"
  ["email"]=>
  string(26) "fabriciatinti@yahoo.com.br"
  ["placa"]=>
  string(7) "QPH7890"
  ["unidade"]=>
  array(1) {
    [0]=>
    string(1) "5"
  }
}

[09/01/2023 01:35:37] Verificando a solicitação...
[09/01/2023 01:35:37] abgsoft-autopark-unimed.php
array(5) {
  ["nome"]=>
  string(21) "Alcione Morais Pires "
  ["cpf"]=>
  string(11) "04268886699"
  ["email"]=>
  string(25) "alcione.bueno@hotmail.com"
  ["placa"]=>
  string(7) "HDW7848"
  ["unidade"]=>
  array(1) {
    [0]=>
    string(1) "7"
  }
}

[09/01/2023 01:37:07] Verificando a solicitação...
[09/01/2023 01:37:07] abgsoft-autopark-unimed.php
array(5) {
  ["nome"]=>
  string(10) "Mara Jacoe"
  ["cpf"]=>
  string(14) "519.397.976-91"
  ["email"]=>
  string(20) "mjacoep@yahoo.com.br"
  ["placa"]=>
  string(8) "HRV 0456"
  ["unidade"]=>
  array(1) {
    [0]=>
    string(1) "7"
  }
}

[09/01/2023 01:41:07] Verificando a solicitação...
[09/01/2023 01:41:07] abgsoft-autopark-unimed.php
array(5) {
  ["nome"]=>
  string(34) "LEONARDO ROCHA DE OLIVEIRA NORONHA"
  ["cpf"]=>
  string(14) "085.507.976-26"
  ["email"]=>
  string(28) "leorochanoronha@yahoo.com.br"
  ["placa"]=>
  string(7) "JIG5067"
  ["unidade"]=>
  array(1) {
    [0]=>
    string(1) "5"
  }
}

[09/01/2023 01:41:46] Verificando a solicitação...
[09/01/2023 01:41:46] abgsoft-autopark-unimed.php
array(5) {
  ["nome"]=>
  string(26) "Jessika de almeida ANDRADE"
  ["cpf"]=>
  string(14) "108.281.736-80"
  ["email"]=>
  string(29) "JESSIKADEALMEIDA1@Hotmail.com"
  ["placa"]=>
  string(7) "Hju4241"
  ["unidade"]=>
  array(1) {
    [0]=>
    string(1) "2"
  }
}

[09/01/2023 01:50:43] Verificando a solicitação...
[09/01/2023 01:50:43] abgsoft-autopark-unimed.php
array(5) {
  ["nome"]=>
  string(33) "Guilherme Araujo Santiago Pacheco"
  ["cpf"]=>
  string(14) "143.441.226-15"
  ["email"]=>
  string(22) "gaspacheco51@gmail.com"
  ["placa"]=>
  string(7) "OPO2242"
  ["unidade"]=>
  array(1) {
    [0]=>
    string(1) "5"
  }
}

[09/01/2023 02:18:00] Verificando a solicitação...
[09/01/2023 02:18:00] abgsoft-autopark-unimed.php
array(5) {
  ["nome"]=>
  string(21) "RODRIGO DIAS DA COSTA"
  ["cpf"]=>
  string(11) "06683076685"
  ["email"]=>
  string(23) "rodrigodc3030@gmail.com"
  ["placa"]=>
  string(7) "HFH5273"
  ["unidade"]=>
  array(1) {
    [0]=>
    string(1) "5"
  }
}

[09/01/2023 02:21:59] Verificando a solicitação...
[09/01/2023 02:21:59] abgsoft-autopark-unimed.php
array(5) {
  ["nome"]=>
  string(15) "Lilian Pascoal "
  ["cpf"]=>
  string(11) "09400686641"
  ["email"]=>
  string(26) "lilianapvimieiro@gmail.com"
  ["placa"]=>
  string(8) "Ofh8h78 "
  ["unidade"]=>
  array(1) {
    [0]=>
    string(1) "7"
  }
}

[09/01/2023 02:32:05] Verificando a solicitação...
[09/01/2023 02:32:05] abgsoft-autopark-unimed.php
array(5) {
  ["nome"]=>
  string(29) "MARCIA PAIVA MARÇAL ANDREONI"
  ["cpf"]=>
  string(11) "69029644672"
  ["email"]=>
  string(24) "MARCIAPAIVA.MA@GMAIL.COM"
  ["placa"]=>
  string(7) "RTU5F97"
  ["unidade"]=>
  array(1) {
    [0]=>
    string(1) "5"
  }
}

[09/01/2023 02:34:40] Verificando a solicitação...
[09/01/2023 02:36:44] Verificando a solicitação...
[09/01/2023 02:36:44] abgsoft-autopark-unimed.php
array(5) {
  ["nome"]=>
  string(31) "Dâmaris Eduarda de Sousa Prado"
  ["cpf"]=>
  string(14) "131.280.386-00"
  ["email"]=>
  string(22) "damissousa98@gmail.com"
  ["placa"]=>
  string(7) "KFP1621"
  ["unidade"]=>
  array(1) {
    [0]=>
    string(1) "7"
  }
}

[09/01/2023 02:39:26] Verificando a solicitação...
[09/01/2023 02:39:26] abgsoft-autopark-unimed.php
array(5) {
  ["nome"]=>
  string(25) "Ronan dos Santos Ribeiro "
  ["cpf"]=>
  string(14) "042.427.246-67"
  ["email"]=>
  string(26) "ronansantosrr@yahoo.com.br"
  ["placa"]=>
  string(8) "Hir 3489"
  ["unidade"]=>
  array(1) {
    [0]=>
    string(1) "5"
  }
}

[09/01/2023 02:42:06] Verificando a solicitação...
[09/01/2023 02:42:06] abgsoft-autopark-unimed.php
array(5) {
  ["nome"]=>
  string(28) "Alexandre Pereira Rodrigues "
  ["cpf"]=>
  string(11) "11940825644"
  ["email"]=>
  string(16) "x_bh@hotmail.com"
  ["placa"]=>
  string(7) "Pzv6j27"
  ["unidade"]=>
  array(1) {
    [0]=>
    string(1) "5"
  }
}

[09/01/2023 02:45:57] Verificando a solicitação...
[09/01/2023 02:45:57] abgsoft-autopark-unimed.php
array(5) {
  ["nome"]=>
  string(33) "Saymon wellyngton de Souza Silva "
  ["cpf"]=>
  string(15) "115.911.016-62 "
  ["email"]=>
  string(22) "saymonwsilva@gmail.com"
  ["placa"]=>
  string(7) "QQA8C02"
  ["unidade"]=>
  array(1) {
    [0]=>
    string(1) "7"
  }
}

[09/01/2023 02:50:41] Verificando a solicitação...
[09/01/2023 02:50:41] abgsoft-autopark-unimed.php
array(5) {
  ["nome"]=>
  string(23) "BRUNO RODRIGUES MENEZES"
  ["cpf"]=>
  string(14) "041.144.306-28"
  ["email"]=>
  string(26) "BRUNOMENEZES1@YAHOO.COM.BR"
  ["placa"]=>
  string(7) "PZZ7A37"
  ["unidade"]=>
  array(1) {
    [0]=>
    string(1) "5"
  }
}

[09/01/2023 02:51:34] Verificando a solicitação...
[09/01/2023 02:51:34] abgsoft-autopark-unimed.php
array(5) {
  ["nome"]=>
  string(29) "Juliana Jardim Teixeira Gomes"
  ["cpf"]=>
  string(11) "10006165680"
  ["email"]=>
  string(24) "julianajardimt@gmail.com"
  ["placa"]=>
  string(7) "RMG7J75"
  ["unidade"]=>
  array(1) {
    [0]=>
    string(1) "2"
  }
}

[09/01/2023 02:52:38] Verificando a solicitação...
[09/01/2023 02:52:38] abgsoft-autopark-unimed.php
array(5) {
  ["nome"]=>
  string(11) "Lucas Silva"
  ["cpf"]=>
  string(11) "10819328642"
  ["email"]=>
  string(22) "diagolucas@hotmail.com"
  ["placa"]=>
  string(7) "QQT9F95"
  ["unidade"]=>
  array(1) {
    [0]=>
    string(1) "3"
  }
}

[09/01/2023 03:07:33] Verificando a solicitação...
[09/01/2023 03:07:33] abgsoft-autopark-unimed.php
array(5) {
  ["nome"]=>
  string(25) "Wesley Castro Lima Simoes"
  ["cpf"]=>
  string(11) "06074492689"
  ["email"]=>
  string(30) "Naiarareginasimoes@hotmail.com"
  ["placa"]=>
  string(7) "NSW5726"
  ["unidade"]=>
  array(1) {
    [0]=>
    string(1) "5"
  }
}

[09/01/2023 03:18:08] Verificando a solicitação...
[09/01/2023 03:18:08] abgsoft-autopark-unimed.php
array(5) {
  ["nome"]=>
  string(13) "Julia Ferolla"
  ["cpf"]=>
  string(14) "327.396.646-72"
  ["email"]=>
  string(19) "juferolla@gmail.com"
  ["placa"]=>
  string(7) "HIU0612"
  ["unidade"]=>
  array(1) {
    [0]=>
    string(1) "4"
  }
}

[09/01/2023 03:43:03] Verificando a solicitação...
[09/01/2023 03:43:03] abgsoft-autopark-unimed.php
array(5) {
  ["nome"]=>
  string(21) "Emerson Martins silva"
  ["cpf"]=>
  string(11) "27134052893"
  ["email"]=>
  string(28) "tiagohrmartins2020@gmail.com"
  ["placa"]=>
  string(7) "Qoa0b15"
  ["unidade"]=>
  array(1) {
    [0]=>
    string(1) "3"
  }
}

[09/01/2023 03:48:04] Verificando a solicitação...
[09/01/2023 03:48:04] abgsoft-autopark-unimed.php
array(5) {
  ["nome"]=>
  string(24) "Jairo Antônio Graciano "
  ["cpf"]=>
  string(11) "46804056604"
  ["email"]=>
  string(32) "giovaniamaria.graciano@gmail.com"
  ["placa"]=>
  string(8) "QQT97H11"
  ["unidade"]=>
  array(1) {
    [0]=>
    string(1) "5"
  }
}

[09/01/2023 03:55:37] Verificando a solicitação...
[09/01/2023 03:55:37] abgsoft-autopark-unimed.php
array(5) {
  ["nome"]=>
  string(23) "PEDRO NUNES VIEIRA NETO"
  ["cpf"]=>
  string(14) "427.684.706-00"
  ["email"]=>
  string(26) "P.NUNESVIEIRA@YAHOO.COM.BR"
  ["placa"]=>
  string(7) "RUO7B98"
  ["unidade"]=>
  array(1) {
    [0]=>
    string(1) "5"
  }
}

[09/01/2023 04:00:40] Verificando a solicitação...
[09/01/2023 04:00:40] abgsoft-autopark-unimed.php
array(5) {
  ["nome"]=>
  string(23) "pedro nunes vieira neto"
  ["cpf"]=>
  string(14) "427.684.706-00"
  ["email"]=>
  string(26) "p.nunesvieira@yahoo.com.br"
  ["placa"]=>
  string(7) "RUO7B98"
  ["unidade"]=>
  array(1) {
    [0]=>
    string(1) "5"
  }
}

[09/01/2023 04:02:16] Verificando a solicitação...
[09/01/2023 04:02:16] abgsoft-autopark-unimed.php
array(5) {
  ["nome"]=>
  string(23) "BRUNA SANTANA MAGALHAES"
  ["cpf"]=>
  string(14) "108.959.696-02"
  ["email"]=>
  string(21) "bsantanamag@gmail.com"
  ["placa"]=>
  string(7) "HFW0711"
  ["unidade"]=>
  array(1) {
    [0]=>
    string(1) "5"
  }
}

[09/01/2023 04:13:48] Verificando a solicitação...
[09/01/2023 04:13:48] abgsoft-autopark-unimed.php
array(5) {
  ["nome"]=>
  string(15) "Andreia Fidelis"
  ["cpf"]=>
  string(14) "077.510.756-51"
  ["email"]=>
  string(21) "artefidelis@gmail.com"
  ["placa"]=>
  string(7) "HLO5808"
  ["unidade"]=>
  array(1) {
    [0]=>
    string(1) "5"
  }
}

[09/01/2023 04:44:31] Verificando a solicitação...
[09/01/2023 04:44:31] abgsoft-autopark-unimed.php
array(5) {
  ["nome"]=>
  string(27) "Anderson de Freitas e silva"
  ["cpf"]=>
  string(14) "560.274.946-20"
  ["email"]=>
  string(28) "defreitas.anderson@gmail.com"
  ["placa"]=>
  string(7) "OPG6164"
  ["unidade"]=>
  array(1) {
    [0]=>
    string(1) "5"
  }
}

[09/01/2023 04:47:20] Verificando a solicitação...
[09/01/2023 04:47:20] abgsoft-autopark-unimed.php
array(5) {
  ["nome"]=>
  string(27) "Ana Paula Alvarenga de Melo"
  ["cpf"]=>
  string(11) "06761257603"
  ["email"]=>
  string(26) "anamelo.engineer@gmail.com"
  ["placa"]=>
  string(7) "qxr5e59"
  ["unidade"]=>
  array(1) {
    [0]=>
    string(1) "4"
  }
}

[09/01/2023 04:52:44] Verificando a solicitação...
[09/01/2023 04:52:44] abgsoft-autopark-unimed.php
array(5) {
  ["nome"]=>
  string(5) "Aline"
  ["cpf"]=>
  string(11) "04561308610"
  ["email"]=>
  string(24) "aline_lineta@hotmail.com"
  ["placa"]=>
  string(7) "Pxz8h57"
  ["unidade"]=>
  array(1) {
    [0]=>
    string(1) "5"
  }
}

[09/01/2023 05:14:38] Verificando a solicitação...
[09/01/2023 05:14:38] abgsoft-autopark-unimed.php
array(5) {
  ["nome"]=>
  string(18) "Vanessa Dias Silva"
  ["cpf"]=>
  string(11) "01540818683"
  ["email"]=>
  string(23) "vanessa.d.s@hotmail.com"
  ["placa"]=>
  string(7) "GUY1J41"
  ["unidade"]=>
  array(1) {
    [0]=>
    string(1) "3"
  }
}

[09/01/2023 05:22:47] Verificando a solicitação...
[09/01/2023 05:22:47] abgsoft-autopark-unimed.php
array(5) {
  ["nome"]=>
  string(24) "Ronaldo de Lima Oliveira"
  ["cpf"]=>
  string(14) "088.218.486-55"
  ["email"]=>
  string(23) "ronaldodavi52@gmail.com"
  ["placa"]=>
  string(7) "Hcd3j41"
  ["unidade"]=>
  array(1) {
    [0]=>
    string(1) "7"
  }
}

[09/01/2023 05:26:26] Verificando a solicitação...
[09/01/2023 05:26:26] abgsoft-autopark-unimed.php
array(5) {
  ["nome"]=>
  string(8) "Vanilde "
  ["cpf"]=>
  string(14) "767.647.456-68"
  ["email"]=>
  string(20) "vlmuniz@yahoo.com.br"
  ["placa"]=>
  string(7) "PYB8072"
  ["unidade"]=>
  array(1) {
    [0]=>
    string(1) "7"
  }
}

[09/01/2023 05:41:35] Verificando a solicitação...
[09/01/2023 05:41:35] abgsoft-autopark-unimed.php
array(5) {
  ["nome"]=>
  string(27) "Cristiano Alysson Saldanha "
  ["cpf"]=>
  string(11) "91053358687"
  ["email"]=>
  string(28) "cristianoalysson@hotmail.com"
  ["placa"]=>
  string(7) "QPA6544"
  ["unidade"]=>
  array(1) {
    [0]=>
    string(1) "4"
  }
}

[09/01/2023 05:43:22] Verificando a solicitação...
[09/01/2023 05:43:22] abgsoft-autopark-unimed.php
array(5) {
  ["nome"]=>
  string(26) "UEMERSON MOREIRA RODRIGUES"
  ["cpf"]=>
  string(14) "051.960.836-42"
  ["email"]=>
  string(31) "uemerson_rodrigues@yahoo.com.br"
  ["placa"]=>
  string(8) "Gwm 9b86"
  ["unidade"]=>
  array(1) {
    [0]=>
    string(1) "1"
  }
}

[09/01/2023 05:43:40] Verificando a solicitação...
[09/01/2023 05:43:40] abgsoft-autopark-unimed.php
array(5) {
  ["nome"]=>
  string(26) "Cristiano Alysson Saldanha"
  ["cpf"]=>
  string(11) "91053358687"
  ["email"]=>
  string(28) "cristianoalysson@hotmail.com"
  ["placa"]=>
  string(7) "QPA6544"
  ["unidade"]=>
  array(1) {
    [0]=>
    string(1) "4"
  }
}

[09/01/2023 05:46:41] Verificando a solicitação...
[09/01/2023 05:46:41] abgsoft-autopark-unimed.php
array(5) {
  ["nome"]=>
  string(26) "JOSE DAMIAO ALVES DE MATOS"
  ["cpf"]=>
  string(14) "013.241.754-51"
  ["email"]=>
  string(26) "damiaoalvesmatos@gmail.com"
  ["placa"]=>
  string(7) "Oqm0f67"
  ["unidade"]=>
  array(1) {
    [0]=>
    string(1) "5"
  }
}

[09/01/2023 05:48:36] Verificando a solicitação...
[09/01/2023 05:48:36] abgsoft-autopark-unimed.php
array(5) {
  ["nome"]=>
  string(26) "JOSE DAMIAO ALVES DE MATOS"
  ["cpf"]=>
  string(14) "013.241.754-51"
  ["email"]=>
  string(26) "damiaoalvesmatos@gmail.com"
  ["placa"]=>
  string(7) "Oqm0f67"
  ["unidade"]=>
  array(1) {
    [0]=>
    string(1) "5"
  }
}

[09/01/2023 05:48:38] Verificando a solicitação...
[09/01/2023 05:48:38] abgsoft-autopark-unimed.php
array(5) {
  ["nome"]=>
  string(26) "JOSE DAMIAO ALVES DE MATOS"
  ["cpf"]=>
  string(14) "013.241.754-51"
  ["email"]=>
  string(26) "damiaoalvesmatos@gmail.com"
  ["placa"]=>
  string(7) "Oqm0f67"
  ["unidade"]=>
  array(1) {
    [0]=>
    string(1) "5"
  }
}

[09/01/2023 05:51:20] Verificando a solicitação...
[09/01/2023 05:51:20] abgsoft-autopark-unimed.php
array(5) {
  ["nome"]=>
  string(23) "Suellen Ferreira Xavier"
  ["cpf"]=>
  string(11) "09083336689"
  ["email"]=>
  string(25) "suferreirafab@hotmail.com"
  ["placa"]=>
  string(7) "PXF7B60"
  ["unidade"]=>
  array(1) {
    [0]=>
    string(1) "6"
  }
}

[09/01/2023 05:54:16] Verificando a solicitação...
[09/01/2023 05:56:20] Verificando a solicitação...
[09/01/2023 05:56:28] Verificando a solicitação...
[09/01/2023 05:56:28] abgsoft-autopark-unimed.php
array(5) {
  ["nome"]=>
  string(39) "MARISA APARECIDA CANDIDO GAMES DA COSTA"
  ["cpf"]=>
  string(14) "048.079.698-03"
  ["email"]=>
  string(29) "marisa.gamesdacosta@gmail.com"
  ["placa"]=>
  string(7) "OPT7554"
  ["unidade"]=>
  array(1) {
    [0]=>
    string(1) "5"
  }
}

[09/01/2023 05:58:12] Verificando a solicitação...
[09/01/2023 05:58:12] abgsoft-autopark-unimed.php
array(5) {
  ["nome"]=>
  string(26) "Marcos Antonio dos Santos "
  ["cpf"]=>
  string(11) "26771210855"
  ["email"]=>
  string(29) "marcos.santos@autopark.com.br"
  ["placa"]=>
  string(8) "AKJ-1707"
  ["unidade"]=>
  array(1) {
    [0]=>
    string(1) "4"
  }
}

[09/01/2023 05:59:42] Verificando a solicitação...
[09/01/2023 05:59:42] abgsoft-autopark-unimed.php
array(5) {
  ["nome"]=>
  string(27) "Antônio Corrêa dos Santos"
  ["cpf"]=>
  string(11) "31728634687"
  ["email"]=>
  string(19) "chateleco@gmail.com"
  ["placa"]=>
  string(7) "OPJ7056"
  ["unidade"]=>
  array(1) {
    [0]=>
    string(1) "3"
  }
}

[09/01/2023 06:01:11] Verificando a solicitação...
[09/01/2023 06:01:11] abgsoft-autopark-unimed.php
array(5) {
  ["nome"]=>
  string(9) "ANA PAULA"
  ["cpf"]=>
  string(11) "04546457677"
  ["email"]=>
  string(21) "mourapop@yahoo.com.br"
  ["placa"]=>
  string(7) "HJB8872"
  ["unidade"]=>
  array(1) {
    [0]=>
    string(1) "3"
  }
}

[09/01/2023 06:06:07] Verificando a solicitação...
[09/01/2023 06:06:07] abgsoft-autopark-unimed.php
array(5) {
  ["nome"]=>
  string(24) "Sebastião Paixão Filho"
  ["cpf"]=>
  string(14) "423.428.996-53"
  ["email"]=>
  string(31) "tiao.paixao.filho.tec@gmail.com"
  ["placa"]=>
  string(7) "HNB2352"
  ["unidade"]=>
  array(1) {
    [0]=>
    string(1) "7"
  }
}

[09/01/2023 06:10:34] Verificando a solicitação...
[09/01/2023 06:10:34] abgsoft-autopark-unimed.php
array(5) {
  ["nome"]=>
  string(29) "Lorraine Kathleen dos Santos "
  ["cpf"]=>
  string(14) "103.817.706-56"
  ["email"]=>
  string(21) "lorrainekds@gmail.com"
  ["placa"]=>
  string(8) "Ows-7144"
  ["unidade"]=>
  array(1) {
    [0]=>
    string(1) "5"
  }
}

[09/01/2023 06:20:01] Verificando a solicitação...
[09/01/2023 06:20:01] abgsoft-autopark-unimed.php
array(5) {
  ["nome"]=>
  string(22) "Sandro Romero Nogueira"
  ["cpf"]=>
  string(11) "79171478604"
  ["email"]=>
  string(30) "sandro.nogueira@outlook.com.br"
  ["placa"]=>
  string(7) "GWC5755"
  ["unidade"]=>
  array(1) {
    [0]=>
    string(1) "7"
  }
}

[09/01/2023 06:22:46] Verificando a solicitação...
[09/01/2023 06:22:46] abgsoft-autopark-unimed.php
array(5) {
  ["nome"]=>
  string(22) "ANDRE LUCIANO DE SOUZA"
  ["cpf"]=>
  string(14) "625.991.276-53"
  ["email"]=>
  string(26) "andre.luciano@terra.com.br"
  ["placa"]=>
  string(8) "OQT 6417"
  ["unidade"]=>
  array(1) {
    [0]=>
    string(1) "5"
  }
}

[09/01/2023 06:34:57] Verificando a solicitação...
[09/01/2023 06:34:57] abgsoft-autopark-unimed.php
array(5) {
  ["nome"]=>
  string(33) "Tatiana da Silva Vicente Menezes "
  ["cpf"]=>
  string(14) "029.531.836-80"
  ["email"]=>
  string(30) "tatianabrasil2003@yahoo.com.br"
  ["placa"]=>
  string(7) "HNQ7485"
  ["unidade"]=>
  array(1) {
    [0]=>
    string(1) "3"
  }
}

[09/01/2023 07:05:33] Verificando a solicitação...
[09/01/2023 07:27:03] Verificando a solicitação...
[09/01/2023 07:27:03] abgsoft-autopark-unimed.php
array(5) {
  ["nome"]=>
  string(15) "Tatiane Santos "
  ["cpf"]=>
  string(15) "084.162.876-94 "
  ["email"]=>
  string(27) "tatiane.santos@yahoo.com.br"
  ["placa"]=>
  string(8) "Oxi5521 "
  ["unidade"]=>
  array(1) {
    [0]=>
    string(1) "5"
  }
}

[09/01/2023 07:43:47] Verificando a solicitação...
[09/01/2023 07:43:47] abgsoft-autopark-unimed.php
array(5) {
  ["nome"]=>
  string(20) "Giovanna Costa Lima "
  ["cpf"]=>
  string(11) "05703151660"
  ["email"]=>
  string(29) "giovannacostalima@hotmail.com"
  ["placa"]=>
  string(7) "PZA3146"
  ["unidade"]=>
  array(1) {
    [0]=>
    string(1) "5"
  }
}

[09/01/2023 07:53:27] Verificando a solicitação...
[09/01/2023 07:53:27] abgsoft-autopark-unimed.php
array(5) {
  ["nome"]=>
  string(22) "Pierre Kennedy Vieira "
  ["cpf"]=>
  string(11) "76794296691"
  ["email"]=>
  string(24) "pierrekennedyv@gmail.com"
  ["placa"]=>
  string(7) "KWI2I68"
  ["unidade"]=>
  array(1) {
    [0]=>
    string(1) "5"
  }
}

[09/01/2023 07:55:24] Verificando a solicitação...
[09/01/2023 07:55:24] abgsoft-autopark-unimed.php
array(5) {
  ["nome"]=>
  string(25) "Luiz Carlos Fonseca Melo "
  ["cpf"]=>
  string(11) "53383060691"
  ["email"]=>
  string(18) "lcrotsen@gmail.com"
  ["placa"]=>
  string(7) "HKX0999"
  ["unidade"]=>
  array(1) {
    [0]=>
    string(1) "5"
  }
}

[09/01/2023 08:07:39] Verificando a solicitação...
[09/01/2023 08:07:39] abgsoft-autopark-unimed.php
array(5) {
  ["nome"]=>
  string(25) "Walter cordeiro Oliveira "
  ["cpf"]=>
  string(11) "01237818680"
  ["email"]=>
  string(23) "wcodireito@yahoo.com.br"
  ["placa"]=>
  string(8) "NHE 5739"
  ["unidade"]=>
  array(1) {
    [0]=>
    string(1) "5"
  }
}

[09/01/2023 08:11:10] Verificando a solicitação...
[09/01/2023 08:11:10] abgsoft-autopark-unimed.php
array(5) {
  ["nome"]=>
  string(26) "Lília Aparecida de Souza "
  ["cpf"]=>
  string(15) "033.540.786-26 "
  ["email"]=>
  string(26) "lilia.de.souza@hotmail.com"
  ["placa"]=>
  string(7) "PCG1937"
  ["unidade"]=>
  array(1) {
    [0]=>
    string(1) "3"
  }
}

[09/01/2023 08:15:56] Verificando a solicitação...
[09/01/2023 08:15:56] abgsoft-autopark-unimed.php
array(5) {
  ["nome"]=>
  string(27) "vagner medeiros de carvalho"
  ["cpf"]=>
  string(14) "012.697.106-48"
  ["email"]=>
  string(29) "vagnermedeiros99@yahoo.com.br"
  ["placa"]=>
  string(7) "opl7a66"
  ["unidade"]=>
  array(1) {
    [0]=>
    string(1) "1"
  }
}

[09/01/2023 08:18:47] Verificando a solicitação...
[09/01/2023 08:18:47] abgsoft-autopark-unimed.php
array(5) {
  ["nome"]=>
  string(26) "KELLY AQUINO PAIXÃO FROTA"
  ["cpf"]=>
  string(11) "07494226613"
  ["email"]=>
  string(31) "kelly.aquinopaixao@yahoo.com.br"
  ["placa"]=>
  string(7) "hew7424"
  ["unidade"]=>
  array(1) {
    [0]=>
    string(1) "5"
  }
}

[09/01/2023 08:30:48] Verificando a solicitação...
[09/01/2023 08:30:48] abgsoft-autopark-unimed.php
array(5) {
  ["nome"]=>
  string(28) "Juliana Rodrigues de Castro "
  ["cpf"]=>
  string(14) "849.246.756-87"
  ["email"]=>
  string(23) "jjrcastro2209@gmail.com"
  ["placa"]=>
  string(8) "PUZ5050 "
  ["unidade"]=>
  array(1) {
    [0]=>
    string(1) "5"
  }
}

[09/01/2023 08:33:34] Verificando a solicitação...
[09/01/2023 08:33:34] abgsoft-autopark-unimed.php
array(5) {
  ["nome"]=>
  string(17) "Charles Hovadick "
  ["cpf"]=>
  string(11) "00937999695"
  ["email"]=>
  string(26) "charles.hovadick@gmail.com"
  ["placa"]=>
  string(7) "PVJ4531"
  ["unidade"]=>
  array(1) {
    [0]=>
    string(1) "2"
  }
}

[09/01/2023 08:44:24] Verificando a solicitação...
[09/01/2023 08:44:24] abgsoft-autopark-unimed.php
array(5) {
  ["nome"]=>
  string(29) "Deborah Magalhães Fernandes "
  ["cpf"]=>
  string(15) "078.615.896-41 "
  ["email"]=>
  string(21) "debyddeus@hotmail.com"
  ["placa"]=>
  string(7) "PWQ4061"
  ["unidade"]=>
  array(1) {
    [0]=>
    string(1) "7"
  }
}

[09/01/2023 09:35:44] Verificando a solicitação...
[09/01/2023 09:35:44] abgsoft-autopark-unimed.php
array(5) {
  ["nome"]=>
  string(23) "Luis Mendes de Oliveira"
  ["cpf"]=>
  string(14) "046.723.866-94"
  ["email"]=>
  string(18) "mendes79@gmail.com"
  ["placa"]=>
  string(7) "hfe2b63"
  ["unidade"]=>
  array(1) {
    [0]=>
    string(1) "3"
  }
}

[09/01/2023 10:11:02] Verificando a solicitação...
[09/01/2023 10:11:02] abgsoft-autopark-unimed.php
array(5) {
  ["nome"]=>
  string(24) "SÉRGIO Luiz de Oliveira"
  ["cpf"]=>
  string(14) "705.924.386-00"
  ["email"]=>
  string(25) "o.sergioluiz@yahoo.com.br"
  ["placa"]=>
  string(7) "Qxe2d74"
  ["unidade"]=>
  array(1) {
    [0]=>
    string(1) "4"
  }
}

[09/01/2023 10:25:09] Verificando a solicitação...
[09/01/2023 10:25:09] abgsoft-autopark-unimed.php
array(5) {
  ["nome"]=>
  string(15) "Davidson Araujo"
  ["cpf"]=>
  string(11) "03143477636"
  ["email"]=>
  string(27) "davidson_araujo@hotmail.com"
  ["placa"]=>
  string(7) "OWN3C34"
  ["unidade"]=>
  array(1) {
    [0]=>
    string(1) "7"
  }
}

[09/01/2023 11:04:49] Verificando a solicitação...
[09/01/2023 11:13:04] Verificando a solicitação...
[09/01/2023 11:13:04] abgsoft-autopark-unimed.php
array(5) {
  ["nome"]=>
  string(27) "Eliane Nascimento Ferreira "
  ["cpf"]=>
  string(15) "004.894.996-51 "
  ["email"]=>
  string(19) "hane.nf@hotmail.com"
  ["placa"]=>
  string(7) "PXO3538"
  ["unidade"]=>
  array(1) {
    [0]=>
    string(1) "5"
  }
}

[09/01/2023 11:28:15] Verificando a solicitação...
[09/01/2023 11:28:15] abgsoft-autopark-unimed.php
array(5) {
  ["nome"]=>
  string(24) "Elton Israel Gonçalves "
  ["cpf"]=>
  string(11) "04457113611"
  ["email"]=>
  string(25) "Danielaisrael@outlook.com"
  ["placa"]=>
  string(8) "PWY6048 "
  ["unidade"]=>
  array(1) {
    [0]=>
    string(1) "5"
  }
}

[09/01/2023 11:41:11] Verificando a solicitação...
[09/01/2023 11:41:11] abgsoft-autopark-unimed.php
array(5) {
  ["nome"]=>
  string(28) "Rodrigo Fernandes Rodrigues "
  ["cpf"]=>
  string(11) "99293587653"
  ["email"]=>
  string(27) "rodrigofernandes@pbh.gov.br"
  ["placa"]=>
  string(8) "fqq4b93 "
  ["unidade"]=>
  array(1) {
    [0]=>
    string(1) "7"
  }
}

