[13/07/2023 12:02:30] Verificando a solicitação...
[13/07/2023 12:02:30] abgsoft-autopark-unimed.php
array(5) {
  ["nome"]=>
  string(23) "ANDERSON VIANA DA SILVA"
  ["cpf"]=>
  string(11) "00226221601"
  ["email"]=>
  string(26) "aviana.geografia@gmail.com"
  ["placa"]=>
  string(7) "OQH1451"
  ["unidade"]=>
  array(1) {
    [0]=>
    string(1) "5"
  }
}

[13/07/2023 12:03:06] Verificando a solicitação...
[13/07/2023 12:03:06] abgsoft-autopark-unimed.php
array(5) {
  ["nome"]=>
  string(23) "ANDERSON VIANA DA SILVA"
  ["cpf"]=>
  string(11) "00226221601"
  ["email"]=>
  string(26) "aviana.geografia@gmail.com"
  ["placa"]=>
  string(7) "OQH1451"
  ["unidade"]=>
  array(1) {
    [0]=>
    string(1) "4"
  }
}

[13/07/2023 01:16:20] Verificando a solicitação...
[13/07/2023 01:16:20] abgsoft-autopark-unimed.php
array(5) {
  ["nome"]=>
  string(27) "Almir Gontijo Silva Júnior"
  ["cpf"]=>
  string(14) "972.670.316-68"
  ["email"]=>
  string(28) "almirgontijojunior@gmail.com"
  ["placa"]=>
  string(7) "HHB1080"
  ["unidade"]=>
  array(1) {
    [0]=>
    string(1) "5"
  }
}

[13/07/2023 01:25:30] Verificando a solicitação...
[13/07/2023 01:25:30] abgsoft-autopark-unimed.php
array(5) {
  ["nome"]=>
  string(15) "Felipe Oliveira"
  ["cpf"]=>
  string(11) "07646655619"
  ["email"]=>
  string(27) "oliveira.felipejs@gmail.com"
  ["placa"]=>
  string(7) "NXY3D00"
  ["unidade"]=>
  array(1) {
    [0]=>
    string(1) "5"
  }
}

[13/07/2023 01:31:27] Verificando a solicitação...
[13/07/2023 01:31:27] abgsoft-autopark-unimed.php
array(5) {
  ["nome"]=>
  string(8) "Gabriel "
  ["cpf"]=>
  string(11) "02492222640"
  ["email"]=>
  string(24) "gabripacheco35@gmail.com"
  ["placa"]=>
  string(7) "QNR6B15"
  ["unidade"]=>
  array(1) {
    [0]=>
    string(1) "5"
  }
}

[13/07/2023 02:28:18] Verificando a solicitação...
[13/07/2023 02:28:18] abgsoft-autopark-unimed.php
array(5) {
  ["nome"]=>
  string(30) "Marilene Ribeiro Lino Miranda "
  ["cpf"]=>
  string(14) "041.475.546-44"
  ["email"]=>
  string(24) "leninhaexuxu@hotmail.com"
  ["placa"]=>
  string(7) "00Y5A91"
  ["unidade"]=>
  array(1) {
    [0]=>
    string(1) "2"
  }
}

[13/07/2023 02:50:35] Verificando a solicitação...
[13/07/2023 02:50:35] abgsoft-autopark-unimed.php
array(5) {
  ["nome"]=>
  string(29) "MARILENE RIBEIRO LINO MIRANDA"
  ["cpf"]=>
  string(11) "04147554644"
  ["email"]=>
  string(24) "leninhaexuxu@hotmail.com"
  ["placa"]=>
  string(7) "00Y5A91"
  ["unidade"]=>
  array(1) {
    [0]=>
    string(1) "5"
  }
}

[13/07/2023 08:17:09] Verificando a solicitação...
[13/07/2023 08:17:09] abgsoft-autopark-unimed.php
array(5) {
  ["nome"]=>
  string(15) "Camila Martins "
  ["cpf"]=>
  string(11) "10634498630"
  ["email"]=>
  string(28) "camila.dutra2008@hotmail.com"
  ["placa"]=>
  string(7) "Hlz2863"
  ["unidade"]=>
  array(1) {
    [0]=>
    string(1) "5"
  }
}

[13/07/2023 09:50:38] Verificando a solicitação...
[13/07/2023 09:50:38] abgsoft-autopark-unimed.php
array(5) {
  ["nome"]=>
  string(33) "Ana Paula Rodrigues da Cruz Silva"
  ["cpf"]=>
  string(14) "052.566.326-63"
  ["email"]=>
  string(21) "anaped01@yahoo.com.br"
  ["placa"]=>
  string(7) "SHD2I40"
  ["unidade"]=>
  array(1) {
    [0]=>
    string(1) "4"
  }
}

[13/07/2023 10:11:24] Verificando a solicitação...
[13/07/2023 10:11:24] abgsoft-autopark-unimed.php
array(5) {
  ["nome"]=>
  string(26) "Regiana Valadares da Silva"
  ["cpf"]=>
  string(11) "04575255688"
  ["email"]=>
  string(25) "regianasilva@yahoo.com.br"
  ["placa"]=>
  string(7) "PUD0878"
  ["unidade"]=>
  array(1) {
    [0]=>
    string(1) "5"
  }
}

[13/07/2023 10:35:59] Verificando a solicitação...
[13/07/2023 10:35:59] abgsoft-autopark-unimed.php
array(5) {
  ["nome"]=>
  string(26) "Meire Luci da Silva Souza "
  ["cpf"]=>
  string(11) "03078202613"
  ["email"]=>
  string(25) "meireluci.souza@gmail.com"
  ["placa"]=>
  string(7) "FCO2B97"
  ["unidade"]=>
  array(1) {
    [0]=>
    string(1) "5"
  }
}

[13/07/2023 10:49:04] Verificando a solicitação...
[13/07/2023 10:49:04] abgsoft-autopark-unimed.php
array(5) {
  ["nome"]=>
  string(9) "Edinaldo "
  ["cpf"]=>
  string(11) "74234854620"
  ["email"]=>
  string(22) "edinaldo7137@gmail.com"
  ["placa"]=>
  string(8) "RFM1I17 "
  ["unidade"]=>
  array(1) {
    [0]=>
    string(1) "5"
  }
}

[13/07/2023 10:53:40] Verificando a solicitação...
[13/07/2023 10:53:40] abgsoft-autopark-unimed.php
array(5) {
  ["nome"]=>
  string(32) "Ana Caroline Borges Xavier Maia "
  ["cpf"]=>
  string(12) "00567961290 "
  ["email"]=>
  string(25) "carolborgesmaia@gmail.com"
  ["placa"]=>
  string(8) "HDQ9157 "
  ["unidade"]=>
  array(1) {
    [0]=>
    string(1) "5"
  }
}

[13/07/2023 11:06:20] Verificando a solicitação...
[13/07/2023 11:06:20] abgsoft-autopark-unimed.php
array(5) {
  ["nome"]=>
  string(22) "Alessandra Viana Lopes"
  ["cpf"]=>
  string(15) "054.971.356-50 "
  ["email"]=>
  string(21) "alevlopes@hotmail.com"
  ["placa"]=>
  string(7) "HIM1C10"
  ["unidade"]=>
  array(1) {
    [0]=>
    string(1) "5"
  }
}

[13/07/2023 11:14:26] Verificando a solicitação...
[13/07/2023 11:14:26] abgsoft-autopark-unimed.php
array(5) {
  ["nome"]=>
  string(23) "Simone Teodoro Sobrinho"
  ["cpf"]=>
  string(14) "057.064.736-33"
  ["email"]=>
  string(21) "sisiteodoro@gmail.com"
  ["placa"]=>
  string(7) "Qua4060"
  ["unidade"]=>
  array(1) {
    [0]=>
    string(1) "7"
  }
}

[13/07/2023 11:16:56] Verificando a solicitação...
[13/07/2023 11:16:56] abgsoft-autopark-unimed.php
array(5) {
  ["nome"]=>
  string(23) "MELI ARCANJO APOLINARIO"
  ["cpf"]=>
  string(14) "053.526.466-61"
  ["email"]=>
  string(21) "meliarcanjo@gmail.com"
  ["placa"]=>
  string(7) "QUP2G82"
  ["unidade"]=>
  array(1) {
    [0]=>
    string(1) "5"
  }
}

[13/07/2023 12:12:29] Verificando a solicitação...
[13/07/2023 12:12:29] abgsoft-autopark-unimed.php
array(5) {
  ["nome"]=>
  string(29) "Claudiana Sousa sena da costa"
  ["cpf"]=>
  string(14) "110.309.286-30"
  ["email"]=>
  string(27) "claudianasousa794@gmail.com"
  ["placa"]=>
  string(9) "Pxa-4d32 "
  ["unidade"]=>
  array(1) {
    [0]=>
    string(1) "5"
  }
}

[13/07/2023 12:20:28] Verificando a solicitação...
[13/07/2023 12:20:28] abgsoft-autopark-unimed.php
array(5) {
  ["nome"]=>
  string(26) "THIAGO LUIS COUTO DA SILVA"
  ["cpf"]=>
  string(11) "01509246665"
  ["email"]=>
  string(19) "thiagoinf@gmail.com"
  ["placa"]=>
  string(7) "PUZ4g48"
  ["unidade"]=>
  array(1) {
    [0]=>
    string(1) "1"
  }
}

[13/07/2023 12:26:39] Verificando a solicitação...
[13/07/2023 12:26:39] abgsoft-autopark-unimed.php
array(5) {
  ["nome"]=>
  string(27) "Zélia Rosa Dias Rodrigues "
  ["cpf"]=>
  string(14) "114.923.586-14"
  ["email"]=>
  string(20) "ieideal@yahoo.com.br"
  ["placa"]=>
  string(7) "Rfp0i83"
  ["unidade"]=>
  array(1) {
    [0]=>
    string(1) "7"
  }
}

[13/07/2023 12:42:29] Verificando a solicitação...
[13/07/2023 12:42:29] abgsoft-autopark-unimed.php
array(5) {
  ["nome"]=>
  string(26) "RODRIGO MARQUES DE FREITAS"
  ["cpf"]=>
  string(14) "043.509.546-35"
  ["email"]=>
  string(23) "comercialrmf1@gmail.com"
  ["placa"]=>
  string(7) "OQX7803"
  ["unidade"]=>
  array(1) {
    [0]=>
    string(1) "5"
  }
}

[13/07/2023 01:40:54] Verificando a solicitação...
[13/07/2023 01:40:54] abgsoft-autopark-unimed.php
array(5) {
  ["nome"]=>
  string(21) "Gabriella Maia Pires "
  ["cpf"]=>
  string(11) "01949813630"
  ["email"]=>
  string(30) "gabriellamaiapires@outlook.com"
  ["placa"]=>
  string(7) "QPI6F12"
  ["unidade"]=>
  array(1) {
    [0]=>
    string(1) "5"
  }
}

[13/07/2023 01:46:10] Verificando a solicitação...
[13/07/2023 01:46:10] abgsoft-autopark-unimed.php
array(5) {
  ["nome"]=>
  string(31) "Jussara Meireles Motta nazareth"
  ["cpf"]=>
  string(11) "64896919653"
  ["email"]=>
  string(23) "ejnazareth@yahoo.com.br"
  ["placa"]=>
  string(8) "RFP5C03 "
  ["unidade"]=>
  array(1) {
    [0]=>
    string(1) "2"
  }
}

[13/07/2023 02:13:39] Verificando a solicitação...
[13/07/2023 02:13:39] abgsoft-autopark-unimed.php
array(5) {
  ["nome"]=>
  string(35) "Rodrigo Jonatas Rivas de Mendonça "
  ["cpf"]=>
  string(11) "04623251640"
  ["email"]=>
  string(28) "rjonatasengenheiro@gmail.com"
  ["placa"]=>
  string(8) "Ovt 7649"
  ["unidade"]=>
  array(1) {
    [0]=>
    string(1) "7"
  }
}

[13/07/2023 04:59:35] Verificando a solicitação...
[13/07/2023 04:59:35] abgsoft-autopark-unimed.php
array(5) {
  ["nome"]=>
  string(33) "Rangel Arthur Almeida de Miranda "
  ["cpf"]=>
  string(11) "07864389678"
  ["email"]=>
  string(23) "raamiranda@yahoo.com.br"
  ["placa"]=>
  string(7) "Pud4498"
  ["unidade"]=>
  array(1) {
    [0]=>
    string(1) "5"
  }
}

[13/07/2023 06:15:09] Verificando a solicitação...
[13/07/2023 06:15:09] abgsoft-autopark-unimed.php
array(5) {
  ["nome"]=>
  string(26) "Karolina Ribeiro de Souza "
  ["cpf"]=>
  string(11) "11975394682"
  ["email"]=>
  string(31) "karolina-portes2013@hotmail.com"
  ["placa"]=>
  string(8) "HDV0J34 "
  ["unidade"]=>
  array(1) {
    [0]=>
    string(1) "7"
  }
}

[13/07/2023 06:54:43] Verificando a solicitação...
[13/07/2023 06:54:43] abgsoft-autopark-unimed.php
array(5) {
  ["nome"]=>
  string(16) "Mauricio moreira"
  ["cpf"]=>
  string(14) "654.199.606-72"
  ["email"]=>
  string(29) "mauricio.moreira1@hotmail.com"
  ["placa"]=>
  string(7) "RML4I50"
  ["unidade"]=>
  array(1) {
    [0]=>
    string(1) "7"
  }
}

[13/07/2023 07:48:26] Verificando a solicitação...
[13/07/2023 07:48:26] abgsoft-autopark-unimed.php
array(5) {
  ["nome"]=>
  string(22) "Lucas Martins de Souza"
  ["cpf"]=>
  string(14) "357.012.328-67"
  ["email"]=>
  string(32) "lucasengenhariacivil@hotmail.com"
  ["placa"]=>
  string(7) "Oxf7j90"
  ["unidade"]=>
  array(1) {
    [0]=>
    string(1) "4"
  }
}

[13/07/2023 07:48:46] Verificando a solicitação...
[13/07/2023 07:48:46] abgsoft-autopark-unimed.php
array(5) {
  ["nome"]=>
  string(22) "Lucas Martins de Souza"
  ["cpf"]=>
  string(14) "357.012.328-67"
  ["email"]=>
  string(32) "lucasengenhariacivil@hotmail.com"
  ["placa"]=>
  string(7) "Oxf7j90"
  ["unidade"]=>
  array(1) {
    [0]=>
    string(1) "4"
  }
}

[13/07/2023 08:18:26] Verificando a solicitação...
[13/07/2023 08:18:26] abgsoft-autopark-unimed.php
array(5) {
  ["nome"]=>
  string(24) "Maria Vitória Tolentino"
  ["cpf"]=>
  string(11) "27509168600"
  ["email"]=>
  string(31) "tolentinomariavitoria@gmail.com"
  ["placa"]=>
  string(7) "QNL9371"
  ["unidade"]=>
  array(1) {
    [0]=>
    string(1) "5"
  }
}

[13/07/2023 08:28:43] Verificando a solicitação...
[13/07/2023 09:39:05] Verificando a solicitação...
[13/07/2023 09:39:05] abgsoft-autopark-unimed.php
array(5) {
  ["nome"]=>
  string(21) "Aerton Carelli Cesar "
  ["cpf"]=>
  string(14) "027.995.098-51"
  ["email"]=>
  string(23) "aertoncarelli@gmail.com"
  ["placa"]=>
  string(7) "RFW8C15"
  ["unidade"]=>
  array(1) {
    [0]=>
    string(1) "5"
  }
}

[13/07/2023 09:54:34] Verificando a solicitação...
[13/07/2023 09:54:34] abgsoft-autopark-unimed.php
array(5) {
  ["nome"]=>
  string(14) "Stella Pacheco"
  ["cpf"]=>
  string(11) "12014260656"
  ["email"]=>
  string(18) "llucelma@gmail.com"
  ["placa"]=>
  string(7) "RNJ4H55"
  ["unidade"]=>
  array(1) {
    [0]=>
    string(1) "7"
  }
}

[13/07/2023 10:08:45] Verificando a solicitação...
[13/07/2023 10:08:45] abgsoft-autopark-unimed.php
array(5) {
  ["nome"]=>
  string(12) "Gustavo Nadu"
  ["cpf"]=>
  string(14) "008.254.536-74"
  ["email"]=>
  string(28) "gustavodamottanadu@yahoo.com"
  ["placa"]=>
  string(7) "PUN7304"
  ["unidade"]=>
  array(1) {
    [0]=>
    string(1) "2"
  }
}

[13/07/2023 10:45:43] Verificando a solicitação...
[13/07/2023 10:45:43] abgsoft-autopark-unimed.php
array(5) {
  ["nome"]=>
  string(27) "Jenniffer Daiene Monsuêto "
  ["cpf"]=>
  string(11) "09053040633"
  ["email"]=>
  string(28) "jenniffer.santos89@gmail.com"
  ["placa"]=>
  string(7) "Owy1655"
  ["unidade"]=>
  array(1) {
    [0]=>
    string(1) "7"
  }
}

[13/07/2023 11:28:38] Verificando a solicitação...
[13/07/2023 11:28:38] abgsoft-autopark-unimed.php
array(5) {
  ["nome"]=>
  string(22) "Eluine Duarte Ribeiro "
  ["cpf"]=>
  string(11) "03075709670"
  ["email"]=>
  string(18) "eluinedr@gmail.com"
  ["placa"]=>
  string(7) "OQF1F26"
  ["unidade"]=>
  array(1) {
    [0]=>
    string(1) "7"
  }
}

[13/07/2023 11:33:29] Verificando a solicitação...
[13/07/2023 11:33:29] abgsoft-autopark-unimed.php
array(5) {
  ["nome"]=>
  string(28) "BRUNA de oliveira nascimento"
  ["cpf"]=>
  string(14) "106.894.836-19"
  ["email"]=>
  string(23) "bruna.1990@yahoo.com.br"
  ["placa"]=>
  string(7) "Qpr4995"
  ["unidade"]=>
  array(1) {
    [0]=>
    string(1) "2"
  }
}

