[24/05/2023 12:46:54] Verificando a solicitação...
[24/05/2023 12:46:54] abgsoft-autopark-unimed.php
array(5) {
  ["nome"]=>
  string(31) "Fernanda Martins França Faria "
  ["cpf"]=>
  string(14) "103.514.486-75"
  ["email"]=>
  string(31) "fernanda-fran-a2011@hotmail.com"
  ["placa"]=>
  string(7) "HLB5E30"
  ["unidade"]=>
  array(1) {
    [0]=>
    string(1) "5"
  }
}

[24/05/2023 01:06:45] Verificando a solicitação...
[24/05/2023 01:06:45] abgsoft-autopark-unimed.php
array(5) {
  ["nome"]=>
  string(27) "Mayara Kesellen Gonçalves "
  ["cpf"]=>
  string(11) "12924297630"
  ["email"]=>
  string(26) "joaobatista631@outlook.com"
  ["placa"]=>
  string(8) "PZF 8981"
  ["unidade"]=>
  array(1) {
    [0]=>
    string(1) "7"
  }
}

[24/05/2023 04:02:28] Verificando a solicitação...
[24/05/2023 04:02:28] abgsoft-autopark-unimed.php
array(5) {
  ["nome"]=>
  string(29) "Marileuza Costa Mendes Souza "
  ["cpf"]=>
  string(14) "039.784.096-90"
  ["email"]=>
  string(26) "marileuzacosta35@gmail.com"
  ["placa"]=>
  string(7) "HDV9I86"
  ["unidade"]=>
  array(1) {
    [0]=>
    string(1) "2"
  }
}

[24/05/2023 08:55:39] Verificando a solicitação...
[24/05/2023 09:01:13] Verificando a solicitação...
[24/05/2023 09:01:13] abgsoft-autopark-unimed.php
array(5) {
  ["nome"]=>
  string(28) "Bruna Marcela Silva Almeida "
  ["cpf"]=>
  string(14) "100.655.816-01"
  ["email"]=>
  string(29) "brunamarcela1103@yahoo.com.br"
  ["placa"]=>
  string(8) "Gnv4f38 "
  ["unidade"]=>
  array(1) {
    [0]=>
    string(1) "3"
  }
}

[24/05/2023 10:38:26] Verificando a solicitação...
[24/05/2023 10:38:26] abgsoft-autopark-unimed.php
array(5) {
  ["nome"]=>
  string(27) "Leonardo Andrade Coscarella"
  ["cpf"]=>
  string(11) "31132766672"
  ["email"]=>
  string(29) "leonardo.coscarella@gmail.com"
  ["placa"]=>
  string(7) "RMD9i83"
  ["unidade"]=>
  array(1) {
    [0]=>
    string(1) "5"
  }
}

[24/05/2023 11:03:27] Verificando a solicitação...
[24/05/2023 11:03:27] abgsoft-autopark-unimed.php
array(5) {
  ["nome"]=>
  string(36) "Gabrielle Stefani Alves de Oliveira "
  ["cpf"]=>
  string(11) "11050336607"
  ["email"]=>
  string(30) "gabrielle.saoliveira@gmail.com"
  ["placa"]=>
  string(7) "Hjl2390"
  ["unidade"]=>
  array(1) {
    [0]=>
    string(1) "5"
  }
}

[24/05/2023 11:30:10] Verificando a solicitação...
[24/05/2023 11:30:10] abgsoft-autopark-unimed.php
array(5) {
  ["nome"]=>
  string(25) "Maria Paula Pereira Sousa"
  ["cpf"]=>
  string(14) "161.036.956-43"
  ["email"]=>
  string(21) "mpaula25777@gmail.com"
  ["placa"]=>
  string(7) "OLR2853"
  ["unidade"]=>
  array(1) {
    [0]=>
    string(1) "5"
  }
}

[24/05/2023 11:42:20] Verificando a solicitação...
[24/05/2023 11:42:20] abgsoft-autopark-unimed.php
array(5) {
  ["nome"]=>
  string(19) "ANDRE DOS REIS MOTA"
  ["cpf"]=>
  string(11) "01487741642"
  ["email"]=>
  string(23) "renyellealine@gmail.com"
  ["placa"]=>
  string(8) "PXP-2997"
  ["unidade"]=>
  array(1) {
    [0]=>
    string(1) "7"
  }
}

[24/05/2023 11:52:44] Verificando a solicitação...
[24/05/2023 11:52:44] abgsoft-autopark-unimed.php
array(5) {
  ["nome"]=>
  string(12) "Luiza Lages "
  ["cpf"]=>
  string(11) "11135995613"
  ["email"]=>
  string(28) "luiza.advocacia@yahoo.com.br"
  ["placa"]=>
  string(7) "Oqw0922"
  ["unidade"]=>
  array(1) {
    [0]=>
    string(1) "4"
  }
}

[24/05/2023 12:01:39] Verificando a solicitação...
[24/05/2023 12:01:39] abgsoft-autopark-unimed.php
array(5) {
  ["nome"]=>
  string(27) "elizangela de carvalho lima"
  ["cpf"]=>
  string(11) "00964648601"
  ["email"]=>
  string(22) "elizangelacl@gmail.com"
  ["placa"]=>
  string(7) "pxs7245"
  ["unidade"]=>
  array(1) {
    [0]=>
    string(1) "5"
  }
}

[24/05/2023 12:03:03] Verificando a solicitação...
[24/05/2023 12:03:03] abgsoft-autopark-unimed.php
array(5) {
  ["nome"]=>
  string(25) "Ana Carolina Alves Mendes"
  ["cpf"]=>
  string(14) "128.778.626-07"
  ["email"]=>
  string(35) "anacarolinaalvesmendes@yahoo.com.br"
  ["placa"]=>
  string(7) "OXJ4983"
  ["unidade"]=>
  array(1) {
    [0]=>
    string(1) "7"
  }
}

[24/05/2023 12:15:15] Verificando a solicitação...
[24/05/2023 12:15:15] abgsoft-autopark-unimed.php
array(5) {
  ["nome"]=>
  string(37) "Aline de Oliveira Magalhães Mourão "
  ["cpf"]=>
  string(14) "035.286.866-00"
  ["email"]=>
  string(20) "aomourao@hotmail.com"
  ["placa"]=>
  string(7) "QXK9076"
  ["unidade"]=>
  array(1) {
    [0]=>
    string(1) "7"
  }
}

[24/05/2023 12:15:32] Verificando a solicitação...
[24/05/2023 12:15:32] abgsoft-autopark-unimed.php
array(5) {
  ["nome"]=>
  string(19) "DENISE GOMES ALTINO"
  ["cpf"]=>
  string(11) "55934145649"
  ["email"]=>
  string(26) "denise.altino@yahoo.com.br"
  ["placa"]=>
  string(7) "PYI9420"
  ["unidade"]=>
  array(1) {
    [0]=>
    string(1) "2"
  }
}

[24/05/2023 12:18:59] Verificando a solicitação...
[24/05/2023 12:18:59] abgsoft-autopark-unimed.php
array(5) {
  ["nome"]=>
  string(20) "ANTONIO ALTINO FILHO"
  ["cpf"]=>
  string(14) "071.780.696-00"
  ["email"]=>
  string(25) "silvania.altino@gmail.com"
  ["placa"]=>
  string(7) "QOB7861"
  ["unidade"]=>
  array(1) {
    [0]=>
    string(1) "2"
  }
}

[24/05/2023 12:21:43] Verificando a solicitação...
[24/05/2023 12:21:43] abgsoft-autopark-unimed.php
array(5) {
  ["nome"]=>
  string(12) "Sergio Kondo"
  ["cpf"]=>
  string(14) "298.102.428-08"
  ["email"]=>
  string(18) "stkkondo@gmail.com"
  ["placa"]=>
  string(7) "PWT3217"
  ["unidade"]=>
  array(1) {
    [0]=>
    string(1) "5"
  }
}

[24/05/2023 12:27:28] Verificando a solicitação...
[24/05/2023 12:27:28] abgsoft-autopark-unimed.php
array(5) {
  ["nome"]=>
  string(26) "Daniele Cristina Brey Gil "
  ["cpf"]=>
  string(11) "01377362663"
  ["email"]=>
  string(25) "danielebgfono@hotmail.com"
  ["placa"]=>
  string(7) "NYG8757"
  ["unidade"]=>
  array(1) {
    [0]=>
    string(1) "5"
  }
}

[24/05/2023 12:35:09] Verificando a solicitação...
[24/05/2023 12:35:09] abgsoft-autopark-unimed.php
array(5) {
  ["nome"]=>
  string(24) "Juliana Simões Aroeira "
  ["cpf"]=>
  string(14) "066.142.096-55"
  ["email"]=>
  string(20) "jusaroeira@gmail.com"
  ["placa"]=>
  string(7) "PZV5D31"
  ["unidade"]=>
  array(1) {
    [0]=>
    string(1) "5"
  }
}

[24/05/2023 12:35:32] Verificando a solicitação...
[24/05/2023 12:35:32] abgsoft-autopark-unimed.php
array(5) {
  ["nome"]=>
  string(31) "José Eduardo Araújo de Assis "
  ["cpf"]=>
  string(14) "195.398.276-04"
  ["email"]=>
  string(25) "jeduardoassis@hotmail.com"
  ["placa"]=>
  string(9) "PVL-3084 "
  ["unidade"]=>
  array(1) {
    [0]=>
    string(1) "5"
  }
}

[24/05/2023 12:39:42] Verificando a solicitação...
[24/05/2023 12:39:42] abgsoft-autopark-unimed.php
array(5) {
  ["nome"]=>
  string(23) "PEDRO NUNES VIEIRA NETO"
  ["cpf"]=>
  string(14) "427.684.706-00"
  ["email"]=>
  string(26) "P.NUNESVIEIRA@YAHOO.COM.BR"
  ["placa"]=>
  string(7) "RUO7B98"
  ["unidade"]=>
  array(1) {
    [0]=>
    string(1) "7"
  }
}

[24/05/2023 12:57:09] Verificando a solicitação...
[24/05/2023 12:57:09] abgsoft-autopark-unimed.php
array(5) {
  ["nome"]=>
  string(21) "CARLOS EDUARDO NEVES "
  ["cpf"]=>
  string(11) "00936940670"
  ["email"]=>
  string(29) "ccarloseduardoneves@yahoo.com"
  ["placa"]=>
  string(7) "HFC8883"
  ["unidade"]=>
  array(1) {
    [0]=>
    string(1) "5"
  }
}

[24/05/2023 12:58:08] Verificando a solicitação...
[24/05/2023 12:58:08] abgsoft-autopark-unimed.php
array(5) {
  ["nome"]=>
  string(8) "Leandra "
  ["cpf"]=>
  string(14) "081.501.056-70"
  ["email"]=>
  string(34) "leandracarvalhosoares@yahoo.com.br"
  ["placa"]=>
  string(7) "Oqc6204"
  ["unidade"]=>
  array(1) {
    [0]=>
    string(1) "3"
  }
}

[24/05/2023 01:04:33] Verificando a solicitação...
[24/05/2023 01:04:33] abgsoft-autopark-unimed.php
array(5) {
  ["nome"]=>
  string(21) "Fernando Marno Guedes"
  ["cpf"]=>
  string(14) "000.773.946-07"
  ["email"]=>
  string(22) "tupatattoo@hotmail.com"
  ["placa"]=>
  string(7) "Qug73d3"
  ["unidade"]=>
  array(1) {
    [0]=>
    string(1) "3"
  }
}

[24/05/2023 01:10:16] Verificando a solicitação...
[24/05/2023 01:10:16] abgsoft-autopark-unimed.php
array(5) {
  ["nome"]=>
  string(13) "Hellen Rangel"
  ["cpf"]=>
  string(11) "06505729631"
  ["email"]=>
  string(25) "hellen.rangel@hotmail.com"
  ["placa"]=>
  string(7) "Rmp0j45"
  ["unidade"]=>
  array(1) {
    [0]=>
    string(1) "5"
  }
}

[24/05/2023 01:12:48] Verificando a solicitação...
[24/05/2023 01:12:48] abgsoft-autopark-unimed.php
array(5) {
  ["nome"]=>
  string(23) "DEBORAH RODRIGUES SILVA"
  ["cpf"]=>
  string(11) "10632967650"
  ["email"]=>
  string(31) "deborah.publicidade@hotmail.com"
  ["placa"]=>
  string(7) "QNK9298"
  ["unidade"]=>
  array(1) {
    [0]=>
    string(1) "5"
  }
}

[24/05/2023 01:24:47] Verificando a solicitação...
[24/05/2023 01:24:47] abgsoft-autopark-unimed.php
array(5) {
  ["nome"]=>
  string(12) "CarlosPedras"
  ["cpf"]=>
  string(14) "445.571.916-49"
  ["email"]=>
  string(24) "carlospedras44@gmail.com"
  ["placa"]=>
  string(7) "HDK3618"
  ["unidade"]=>
  array(1) {
    [0]=>
    string(1) "5"
  }
}

[24/05/2023 01:28:46] Verificando a solicitação...
[24/05/2023 01:28:46] abgsoft-autopark-unimed.php
array(5) {
  ["nome"]=>
  string(16) "fernando mansuet"
  ["cpf"]=>
  string(11) "05861076650"
  ["email"]=>
  string(32) "fernandinhominasgerais@gmail.com"
  ["placa"]=>
  string(7) "knv1d09"
  ["unidade"]=>
  array(1) {
    [0]=>
    string(1) "5"
  }
}

[24/05/2023 01:32:12] Verificando a solicitação...
[24/05/2023 01:32:12] abgsoft-autopark-unimed.php
array(5) {
  ["nome"]=>
  string(27) "REGINA CELIA AZEVEDO VILACA"
  ["cpf"]=>
  string(11) "26975220697"
  ["email"]=>
  string(25) "regina.vilaca@hotmail.com"
  ["placa"]=>
  string(7) "QUH6C59"
  ["unidade"]=>
  array(1) {
    [0]=>
    string(1) "7"
  }
}

[24/05/2023 01:48:04] Verificando a solicitação...
[24/05/2023 01:48:04] abgsoft-autopark-unimed.php
array(5) {
  ["nome"]=>
  string(35) "Eduarda Lorena dos santos rodrigues"
  ["cpf"]=>
  string(14) "092.641.396-13"
  ["email"]=>
  string(20) "duda.lsr@hotmail.com"
  ["placa"]=>
  string(7) "HIB1D57"
  ["unidade"]=>
  array(1) {
    [0]=>
    string(1) "5"
  }
}

[24/05/2023 01:51:43] Verificando a solicitação...
[24/05/2023 01:51:43] abgsoft-autopark-unimed.php
array(5) {
  ["nome"]=>
  string(29) "Vera Lucia de Souza Oliveira "
  ["cpf"]=>
  string(11) "01119789630"
  ["email"]=>
  string(21) "verinha1243@gmail.com"
  ["placa"]=>
  string(7) "RFH7I17"
  ["unidade"]=>
  array(1) {
    [0]=>
    string(1) "7"
  }
}

[24/05/2023 02:05:24] Verificando a solicitação...
[24/05/2023 02:05:24] abgsoft-autopark-unimed.php
array(5) {
  ["nome"]=>
  string(21) "Agnes Antunes Felippe"
  ["cpf"]=>
  string(14) "121.531.456-60"
  ["email"]=>
  string(22) "agnesfelippe@gmail.com"
  ["placa"]=>
  string(7) "QWV3633"
  ["unidade"]=>
  array(1) {
    [0]=>
    string(1) "7"
  }
}

[24/05/2023 02:15:30] Verificando a solicitação...
[24/05/2023 02:15:30] abgsoft-autopark-unimed.php
array(5) {
  ["nome"]=>
  string(23) "Iris de Oliveira Silva "
  ["cpf"]=>
  string(11) "90134087615"
  ["email"]=>
  string(21) "iris-butt@hotmail.com"
  ["placa"]=>
  string(7) "Qnn1613"
  ["unidade"]=>
  array(1) {
    [0]=>
    string(1) "7"
  }
}

[24/05/2023 02:19:13] Verificando a solicitação...
[24/05/2023 02:19:13] abgsoft-autopark-unimed.php
array(5) {
  ["nome"]=>
  string(28) "Ketllyn Stefany Souza Santos"
  ["cpf"]=>
  string(11) "14688845650"
  ["email"]=>
  string(21) "ketlllynsss@gmail.com"
  ["placa"]=>
  string(7) "RUG1C45"
  ["unidade"]=>
  array(1) {
    [0]=>
    string(1) "5"
  }
}

[24/05/2023 02:34:07] Verificando a solicitação...
[24/05/2023 02:38:54] Verificando a solicitação...
[24/05/2023 02:38:54] abgsoft-autopark-unimed.php
array(5) {
  ["nome"]=>
  string(35) "KEZIA PATROCÍNIO DE SOUZA PEREIRA "
  ["cpf"]=>
  string(14) "049.391.636-95"
  ["email"]=>
  string(19) "keziasouz@gmail.com"
  ["placa"]=>
  string(7) "KVV6662"
  ["unidade"]=>
  array(1) {
    [0]=>
    string(1) "5"
  }
}

[24/05/2023 02:47:01] Verificando a solicitação...
[24/05/2023 02:47:01] abgsoft-autopark-unimed.php
array(5) {
  ["nome"]=>
  string(26) "Janaína Modesto de Faria "
  ["cpf"]=>
  string(11) "05705151659"
  ["email"]=>
  string(22) "janamagna@yahoo.com.br"
  ["placa"]=>
  string(7) "Hnt9771"
  ["unidade"]=>
  array(1) {
    [0]=>
    string(1) "7"
  }
}

[24/05/2023 02:52:26] Verificando a solicitação...
[24/05/2023 02:52:26] abgsoft-autopark-unimed.php
array(5) {
  ["nome"]=>
  string(12) "Victor Alves"
  ["cpf"]=>
  string(11) "11149707607"
  ["email"]=>
  string(28) "victoralvespsico@outlook.com"
  ["placa"]=>
  string(7) "EZQ7D34"
  ["unidade"]=>
  array(1) {
    [0]=>
    string(1) "5"
  }
}

[24/05/2023 03:00:52] Verificando a solicitação...
[24/05/2023 03:00:52] abgsoft-autopark-unimed.php
array(5) {
  ["nome"]=>
  string(22) "Lúcia Moura batitucci"
  ["cpf"]=>
  string(11) "81640196668"
  ["email"]=>
  string(24) "batituccilucia@gmail.com"
  ["placa"]=>
  string(7) "Qxk0158"
  ["unidade"]=>
  array(1) {
    [0]=>
    string(1) "5"
  }
}

[24/05/2023 03:17:55] Verificando a solicitação...
[24/05/2023 03:17:55] abgsoft-autopark-unimed.php
array(5) {
  ["nome"]=>
  string(18) "Margareth Andrade "
  ["cpf"]=>
  string(11) "98815822615"
  ["email"]=>
  string(22) "amagaandrade@gmail.com"
  ["placa"]=>
  string(7) "QMQ3507"
  ["unidade"]=>
  array(1) {
    [0]=>
    string(1) "7"
  }
}

[24/05/2023 03:23:15] Verificando a solicitação...
[24/05/2023 03:23:15] abgsoft-autopark-unimed.php
array(5) {
  ["nome"]=>
  string(26) "ROSANGELA MACEDO FERNANDES"
  ["cpf"]=>
  string(14) "400.326.806-78"
  ["email"]=>
  string(21) "macedoalves@gmail.com"
  ["placa"]=>
  string(7) "PYP7E74"
  ["unidade"]=>
  array(1) {
    [0]=>
    string(1) "5"
  }
}

[24/05/2023 03:24:18] Verificando a solicitação...
[24/05/2023 03:24:18] abgsoft-autopark-unimed.php
array(5) {
  ["nome"]=>
  string(27) "Ana Flavia Nunes dos Anjos "
  ["cpf"]=>
  string(11) "70135271657"
  ["email"]=>
  string(24) "anaflavia02016@gmail.com"
  ["placa"]=>
  string(7) "QPG7C70"
  ["unidade"]=>
  array(1) {
    [0]=>
    string(1) "7"
  }
}

[24/05/2023 04:08:43] Verificando a solicitação...
[24/05/2023 04:08:43] abgsoft-autopark-unimed.php
array(5) {
  ["nome"]=>
  string(18) "Luiz Carlos Pessoa"
  ["cpf"]=>
  string(11) "47552433604"
  ["email"]=>
  string(23) "luizpessoa1@hotmail.com"
  ["placa"]=>
  string(7) "QWZ0974"
  ["unidade"]=>
  array(1) {
    [0]=>
    string(1) "5"
  }
}

[24/05/2023 04:09:13] Verificando a solicitação...
[24/05/2023 04:09:13] abgsoft-autopark-unimed.php
array(5) {
  ["nome"]=>
  string(18) "Luiz Carlos Pessoa"
  ["cpf"]=>
  string(11) "47552433604"
  ["email"]=>
  string(23) "luizpessoa1@hotmail.com"
  ["placa"]=>
  string(7) "QWZ0974"
  ["unidade"]=>
  array(1) {
    [0]=>
    string(1) "5"
  }
}

[24/05/2023 04:18:25] Verificando a solicitação...
[24/05/2023 04:18:25] abgsoft-autopark-unimed.php
array(5) {
  ["nome"]=>
  string(24) "Cristiano Souza Carvalho"
  ["cpf"]=>
  string(11) "03424184675"
  ["email"]=>
  string(26) "criscarvalho.com@gmail.com"
  ["placa"]=>
  string(8) "HJU-4461"
  ["unidade"]=>
  array(1) {
    [0]=>
    string(1) "7"
  }
}

[24/05/2023 04:48:11] Verificando a solicitação...
[24/05/2023 04:48:11] abgsoft-autopark-unimed.php
array(5) {
  ["nome"]=>
  string(21) "Roberta Régis Rocha "
  ["cpf"]=>
  string(14) "035.234.376-10"
  ["email"]=>
  string(27) "robertaregisrocha@gmail.com"
  ["placa"]=>
  string(8) "HML 8024"
  ["unidade"]=>
  array(1) {
    [0]=>
    string(1) "5"
  }
}

[24/05/2023 05:28:16] Verificando a solicitação...
[24/05/2023 05:28:16] abgsoft-autopark-unimed.php
array(5) {
  ["nome"]=>
  string(28) "Ives de Oliveira Santos Melo"
  ["cpf"]=>
  string(14) "679.969.906-97"
  ["email"]=>
  string(20) "ivesmelo@hotmail.com"
  ["placa"]=>
  string(7) "HIA9H28"
  ["unidade"]=>
  array(1) {
    [0]=>
    string(1) "3"
  }
}

[24/05/2023 05:34:29] Verificando a solicitação...
[24/05/2023 05:34:29] abgsoft-autopark-unimed.php
array(5) {
  ["nome"]=>
  string(22) "Milena Glauce de Abreu"
  ["cpf"]=>
  string(11) "06398125622"
  ["email"]=>
  string(26) "millenag.abreu@hotmail.com"
  ["placa"]=>
  string(8) "HMW8A04 "
  ["unidade"]=>
  array(1) {
    [0]=>
    string(1) "4"
  }
}

[24/05/2023 06:24:58] Verificando a solicitação...
[24/05/2023 06:24:58] abgsoft-autopark-unimed.php
array(5) {
  ["nome"]=>
  string(20) "Erica Alves Pereira "
  ["cpf"]=>
  string(14) "088.274.036-98"
  ["email"]=>
  string(27) "ericapereira01@yahoo.com.br"
  ["placa"]=>
  string(7) "QUG8E26"
  ["unidade"]=>
  array(1) {
    [0]=>
    string(1) "4"
  }
}

[24/05/2023 06:25:00] Verificando a solicitação...
[24/05/2023 06:25:00] abgsoft-autopark-unimed.php
array(5) {
  ["nome"]=>
  string(30) "Jéssica Alves Costa da Silva "
  ["cpf"]=>
  string(14) "110.937.366-07"
  ["email"]=>
  string(23) "jessicaegui44@gmail.com"
  ["placa"]=>
  string(7) "HCO1137"
  ["unidade"]=>
  array(1) {
    [0]=>
    string(1) "3"
  }
}

[24/05/2023 06:25:05] Verificando a solicitação...
[24/05/2023 06:25:05] abgsoft-autopark-unimed.php
array(5) {
  ["nome"]=>
  string(35) "FABIANA MARIA SANTOS BRAGA SANTIAGO"
  ["cpf"]=>
  string(14) "093.371.016-02"
  ["email"]=>
  string(24) "msbfabiana2013@gmail.com"
  ["placa"]=>
  string(7) "HNI1H31"
  ["unidade"]=>
  array(1) {
    [0]=>
    string(1) "5"
  }
}

[24/05/2023 06:26:46] Verificando a solicitação...
[24/05/2023 06:26:46] abgsoft-autopark-unimed.php
array(5) {
  ["nome"]=>
  string(35) "FABIANA MARIA SANTOS BRAGA SANTIAGO"
  ["cpf"]=>
  string(14) "093.371.016-02"
  ["email"]=>
  string(24) "msbfabiana2013@gmail.com"
  ["placa"]=>
  string(7) "HNI1H31"
  ["unidade"]=>
  array(1) {
    [0]=>
    string(1) "5"
  }
}

[24/05/2023 06:35:10] Verificando a solicitação...
[24/05/2023 06:35:10] abgsoft-autopark-unimed.php
array(5) {
  ["nome"]=>
  string(22) "SUSANA ALVES SIRQUEIRA"
  ["cpf"]=>
  string(11) "06790223681"
  ["email"]=>
  string(23) "susana.alves@pbh.gov.br"
  ["placa"]=>
  string(7) "RFB8J28"
  ["unidade"]=>
  array(1) {
    [0]=>
    string(1) "4"
  }
}

[24/05/2023 06:36:49] Verificando a solicitação...
[24/05/2023 06:36:49] abgsoft-autopark-unimed.php
array(5) {
  ["nome"]=>
  string(24) "Renata Aparecida Botelho"
  ["cpf"]=>
  string(11) "05514052605"
  ["email"]=>
  string(25) "renataapbotelho@gmail.com"
  ["placa"]=>
  string(7) "OQY4229"
  ["unidade"]=>
  array(1) {
    [0]=>
    string(1) "7"
  }
}

[24/05/2023 06:54:15] Verificando a solicitação...
[24/05/2023 06:54:15] abgsoft-autopark-unimed.php
array(5) {
  ["nome"]=>
  string(22) "Franklin Martins Ramos"
  ["cpf"]=>
  string(14) "918.055.206-44"
  ["email"]=>
  string(27) "franklinmartins@hotmail.com"
  ["placa"]=>
  string(7) "emd5562"
  ["unidade"]=>
  array(1) {
    [0]=>
    string(1) "2"
  }
}

[24/05/2023 06:55:37] Verificando a solicitação...
[24/05/2023 06:55:37] abgsoft-autopark-unimed.php
array(5) {
  ["nome"]=>
  string(36) "Pedro  Henrique do Nascimento Fraga "
  ["cpf"]=>
  string(11) "07776183628"
  ["email"]=>
  string(24) "pedrofraga26@hotmail.com"
  ["placa"]=>
  string(7) "Gqn3843"
  ["unidade"]=>
  array(1) {
    [0]=>
    string(1) "3"
  }
}

[24/05/2023 07:10:48] Verificando a solicitação...
[24/05/2023 07:10:48] abgsoft-autopark-unimed.php
array(5) {
  ["nome"]=>
  string(24) "Henrique Cesar Fernandes"
  ["cpf"]=>
  string(14) "035.712.346-85"
  ["email"]=>
  string(28) "hcesarfernandes@yahoo.com.br"
  ["placa"]=>
  string(7) "hab3387"
  ["unidade"]=>
  array(1) {
    [0]=>
    string(1) "7"
  }
}

[24/05/2023 07:52:09] Verificando a solicitação...
[24/05/2023 07:52:09] abgsoft-autopark-unimed.php
array(5) {
  ["nome"]=>
  string(25) "Edevaldo Custódio Pedro "
  ["cpf"]=>
  string(14) "063.091.906-28"
  ["email"]=>
  string(26) "edevaldopedro@yahoo.com.br"
  ["placa"]=>
  string(7) "AID4I08"
  ["unidade"]=>
  array(1) {
    [0]=>
    string(1) "5"
  }
}

[24/05/2023 08:08:52] Verificando a solicitação...
[24/05/2023 08:08:52] abgsoft-autopark-unimed.php
array(5) {
  ["nome"]=>
  string(26) "ANDERSON FERREIRA DE SOUZA"
  ["cpf"]=>
  string(14) "747.451.406-06"
  ["email"]=>
  string(20) "dimbh30@yahoo.com.br"
  ["placa"]=>
  string(7) "hlh1878"
  ["unidade"]=>
  array(1) {
    [0]=>
    string(1) "7"
  }
}

[24/05/2023 08:22:14] Verificando a solicitação...
[24/05/2023 08:22:14] abgsoft-autopark-unimed.php
array(5) {
  ["nome"]=>
  string(16) "Bárbara Vieira "
  ["cpf"]=>
  string(11) "01441050639"
  ["email"]=>
  string(23) "barbara.mov03@gmail.com"
  ["placa"]=>
  string(7) "Hmo2892"
  ["unidade"]=>
  array(1) {
    [0]=>
    string(1) "7"
  }
}

[24/05/2023 08:28:59] Verificando a solicitação...
[24/05/2023 08:28:59] abgsoft-autopark-unimed.php
array(5) {
  ["nome"]=>
  string(22) "MILTON FLAVIO DA SILVA"
  ["cpf"]=>
  string(14) "155.498.526-91"
  ["email"]=>
  string(26) "miltonletro17@yahoo.com.br"
  ["placa"]=>
  string(7) "RJJ2C83"
  ["unidade"]=>
  array(1) {
    [0]=>
    string(1) "5"
  }
}

[24/05/2023 08:52:03] Verificando a solicitação...
[24/05/2023 08:52:03] abgsoft-autopark-unimed.php
array(5) {
  ["nome"]=>
  string(19) "rony rogerio santos"
  ["cpf"]=>
  string(14) "780.859.426-15"
  ["email"]=>
  string(27) "ronyrogeriosantos@gmail.com"
  ["placa"]=>
  string(7) "OXD2I57"
  ["unidade"]=>
  array(1) {
    [0]=>
    string(1) "5"
  }
}

[24/05/2023 08:52:04] Verificando a solicitação...
[24/05/2023 08:52:04] abgsoft-autopark-unimed.php
array(5) {
  ["nome"]=>
  string(22) "wilma Sueli dos Santos"
  ["cpf"]=>
  string(11) "55667589672"
  ["email"]=>
  string(19) "wilmasan9@gmail.com"
  ["placa"]=>
  string(7) "OWO4675"
  ["unidade"]=>
  array(1) {
    [0]=>
    string(1) "5"
  }
}

[24/05/2023 09:53:51] Verificando a solicitação...
[24/05/2023 09:53:51] abgsoft-autopark-unimed.php
array(5) {
  ["nome"]=>
  string(16) "Daniel Rodrigues"
  ["cpf"]=>
  string(14) "123.757.686-55"
  ["email"]=>
  string(29) "danielrodrigues0709@gmail.com"
  ["placa"]=>
  string(7) "HMO5845"
  ["unidade"]=>
  array(1) {
    [0]=>
    string(1) "3"
  }
}

[24/05/2023 10:09:54] Verificando a solicitação...
[24/05/2023 10:09:54] abgsoft-autopark-unimed.php
array(5) {
  ["nome"]=>
  string(35) "FERNANDA APARECIDA DE CASTRO CAMINI"
  ["cpf"]=>
  string(14) "041.020.506-04"
  ["email"]=>
  string(25) "castro.fernanda@ymail.com"
  ["placa"]=>
  string(7) "QMR5205"
  ["unidade"]=>
  array(1) {
    [0]=>
    string(1) "1"
  }
}

[24/05/2023 10:51:49] Verificando a solicitação...
[24/05/2023 10:51:49] abgsoft-autopark-unimed.php
array(5) {
  ["nome"]=>
  string(28) "Michelle Santos de Oliveira "
  ["cpf"]=>
  string(11) "11824437617"
  ["email"]=>
  string(28) "michelle.s.oliveira@live.com"
  ["placa"]=>
  string(7) "GVZ2210"
  ["unidade"]=>
  array(1) {
    [0]=>
    string(1) "2"
  }
}

[24/05/2023 11:21:44] Verificando a solicitação...
[24/05/2023 11:21:44] abgsoft-autopark-unimed.php
array(5) {
  ["nome"]=>
  string(33) "MARIANA FRANCA DA SILVA GUALBERTO"
  ["cpf"]=>
  string(14) "089.095.086-55"
  ["email"]=>
  string(22) "franca29mari@gmail.com"
  ["placa"]=>
  string(7) "Hjk2h09"
  ["unidade"]=>
  array(1) {
    [0]=>
    string(1) "7"
  }
}

[24/05/2023 11:24:02] Verificando a solicitação...
[24/05/2023 11:24:02] abgsoft-autopark-unimed.php
array(5) {
  ["nome"]=>
  string(33) "MARIANA FRANCA DA SILVA GUALBERTO"
  ["cpf"]=>
  string(14) "089.095.086-55"
  ["email"]=>
  string(22) "franca29mari@gmail.com"
  ["placa"]=>
  string(7) "Hob0b33"
  ["unidade"]=>
  array(1) {
    [0]=>
    string(1) "7"
  }
}

[24/05/2023 11:41:29] Verificando a solicitação...
[24/05/2023 11:41:29] abgsoft-autopark-unimed.php
array(5) {
  ["nome"]=>
  string(10) "kelma Gual"
  ["cpf"]=>
  string(11) "03442172640"
  ["email"]=>
  string(22) "kelmacarol@hotmail.com"
  ["placa"]=>
  string(8) "NYF 9294"
  ["unidade"]=>
  array(1) {
    [0]=>
    string(1) "5"
  }
}

