[10/06/2023 11:22:41] Verificando a solicitação...
[10/06/2023 11:22:41] abgsoft-autopark-unimed.php
array(5) {
  ["nome"]=>
  string(33) "Magda Alice Diniz de Vasconcelos "
  ["cpf"]=>
  string(14) "262.278.192-04"
  ["email"]=>
  string(23) "magdaalicedvf@gmail.com"
  ["placa"]=>
  string(7) "RF07E87"
  ["unidade"]=>
  array(1) {
    [0]=>
    string(1) "5"
  }
}

[10/06/2023 11:59:04] Verificando a solicitação...
[10/06/2023 11:59:04] abgsoft-autopark-unimed.php
array(5) {
  ["nome"]=>
  string(6) "Ramon "
  ["cpf"]=>
  string(11) "06373032612"
  ["email"]=>
  string(24) "ramonwesleys@hotmail.com"
  ["placa"]=>
  string(7) "Qor7g03"
  ["unidade"]=>
  array(1) {
    [0]=>
    string(1) "7"
  }
}

[10/06/2023 05:08:27] Verificando a solicitação...
[10/06/2023 05:08:27] abgsoft-autopark-unimed.php
array(5) {
  ["nome"]=>
  string(22) "Gustavo de Souza Assis"
  ["cpf"]=>
  string(14) "087.131.026-05"
  ["email"]=>
  string(30) "fernandadanielmaya@hotmail.com"
  ["placa"]=>
  string(7) "RFM4F55"
  ["unidade"]=>
  array(1) {
    [0]=>
    string(1) "5"
  }
}

[10/06/2023 11:47:47] Verificando a solicitação...
[10/06/2023 11:47:47] abgsoft-autopark-unimed.php
array(5) {
  ["nome"]=>
  string(33) "Sheila Aparecida Silveira Araujo "
  ["cpf"]=>
  string(11) "01629236608"
  ["email"]=>
  string(27) "sheilinha.jgmkv@hotmail.com"
  ["placa"]=>
  string(7) "QOR1104"
  ["unidade"]=>
  array(1) {
    [0]=>
    string(1) "7"
  }
}

