[23/02/2023 12:02:21] Verificando a solicitação...
[23/02/2023 12:02:21] abgsoft-autopark-unimed.php
array(5) {
  ["nome"]=>
  string(20) "Leandro Lima Resende"
  ["cpf"]=>
  string(14) "058.357.646-00"
  ["email"]=>
  string(28) "leandrolimaresende@gmail.com"
  ["placa"]=>
  string(7) "OLZ8823"
  ["unidade"]=>
  array(1) {
    [0]=>
    string(1) "7"
  }
}

[23/02/2023 02:38:13] Verificando a solicitação...
[23/02/2023 02:38:13] abgsoft-autopark-unimed.php
array(5) {
  ["nome"]=>
  string(16) "KELLI CRISTINA y"
  ["cpf"]=>
  string(11) "01345383665"
  ["email"]=>
  string(26) "kpereiracristina@gmail.com"
  ["placa"]=>
  string(7) "HBJ1877"
  ["unidade"]=>
  array(1) {
    [0]=>
    string(1) "5"
  }
}

[23/02/2023 02:57:35] Verificando a solicitação...
[23/02/2023 03:23:28] Verificando a solicitação...
[23/02/2023 03:23:28] abgsoft-autopark-unimed.php
array(5) {
  ["nome"]=>
  string(26) "Margareth Louzada de sousa"
  ["cpf"]=>
  string(15) "611.474.006-87 "
  ["email"]=>
  string(20) "guelouzada@gmail.com"
  ["placa"]=>
  string(7) "OAG4G41"
  ["unidade"]=>
  array(1) {
    [0]=>
    string(1) "7"
  }
}

[23/02/2023 05:54:33] Verificando a solicitação...
[23/02/2023 06:59:15] Verificando a solicitação...
[23/02/2023 07:59:39] Verificando a solicitação...
[23/02/2023 07:59:39] abgsoft-autopark-unimed.php
array(5) {
  ["nome"]=>
  string(21) "Wantuir Antonio Eloi "
  ["cpf"]=>
  string(14) "551.502.416.87"
  ["email"]=>
  string(25) "wantuireloi2971@gmail.com"
  ["placa"]=>
  string(7) "QUF6406"
  ["unidade"]=>
  array(1) {
    [0]=>
    string(1) "5"
  }
}

[23/02/2023 09:34:05] Verificando a solicitação...
[23/02/2023 09:34:05] abgsoft-autopark-unimed.php
array(5) {
  ["nome"]=>
  string(21) "Antônia maria costa "
  ["cpf"]=>
  string(15) "013.270.706-34 "
  ["email"]=>
  string(23) "antoniomcosta@gmail.com"
  ["placa"]=>
  string(7) "OXD7363"
  ["unidade"]=>
  array(1) {
    [0]=>
    string(1) "2"
  }
}

[23/02/2023 09:37:40] Verificando a solicitação...
[23/02/2023 09:37:40] abgsoft-autopark-unimed.php
array(5) {
  ["nome"]=>
  string(20) "Luciana B Gori Rocha"
  ["cpf"]=>
  string(11) "01306967651"
  ["email"]=>
  string(24) "lucianagorib@hotmail.com"
  ["placa"]=>
  string(8) "RFO8B18 "
  ["unidade"]=>
  array(1) {
    [0]=>
    string(1) "5"
  }
}

[23/02/2023 09:56:46] Verificando a solicitação...
[23/02/2023 09:56:46] abgsoft-autopark-unimed.php
array(5) {
  ["nome"]=>
  string(21) "ADEMIR PINTO DE SOUZA"
  ["cpf"]=>
  string(14) "604.100.356-53"
  ["email"]=>
  string(20) "timcopos@hotmail.com"
  ["placa"]=>
  string(7) "shc7d01"
  ["unidade"]=>
  array(1) {
    [0]=>
    string(1) "7"
  }
}

[23/02/2023 10:12:13] Verificando a solicitação...
[23/02/2023 10:12:13] abgsoft-autopark-unimed.php
array(5) {
  ["nome"]=>
  string(33) "rosimeire mariano dornelas guerra"
  ["cpf"]=>
  string(14) "824.222.066-20"
  ["email"]=>
  string(22) "rmeireguerra@gmail.com"
  ["placa"]=>
  string(7) "pxu8409"
  ["unidade"]=>
  array(1) {
    [0]=>
    string(1) "3"
  }
}

[23/02/2023 10:37:12] Verificando a solicitação...
[23/02/2023 10:37:12] abgsoft-autopark-unimed.php
array(5) {
  ["nome"]=>
  string(24) "Marco Antonio dos Santos"
  ["cpf"]=>
  string(14) "685.857.726-20"
  ["email"]=>
  string(30) "marco.visaquality@yahoo.com.br"
  ["placa"]=>
  string(7) "FMI3610"
  ["unidade"]=>
  array(1) {
    [0]=>
    string(1) "7"
  }
}

[23/02/2023 11:09:10] Verificando a solicitação...
[23/02/2023 11:09:10] abgsoft-autopark-unimed.php
array(5) {
  ["nome"]=>
  string(27) "Paula Helena Alves Siqueira"
  ["cpf"]=>
  string(14) "132.590.016-89"
  ["email"]=>
  string(25) "Paulahelena95@hotmail.com"
  ["placa"]=>
  string(7) "QPY4074"
  ["unidade"]=>
  array(1) {
    [0]=>
    string(1) "7"
  }
}

[23/02/2023 11:22:04] Verificando a solicitação...
[23/02/2023 11:22:04] abgsoft-autopark-unimed.php
array(5) {
  ["nome"]=>
  string(12) "Raoni Rabelo"
  ["cpf"]=>
  string(11) "06470482643"
  ["email"]=>
  string(21) "raonirabelo@gmail.com"
  ["placa"]=>
  string(7) "Owo3279"
  ["unidade"]=>
  array(1) {
    [0]=>
    string(1) "7"
  }
}

[23/02/2023 11:32:51] Verificando a solicitação...
[23/02/2023 11:32:51] abgsoft-autopark-unimed.php
array(5) {
  ["nome"]=>
  string(27) "Henrique Alves de Oliveira "
  ["cpf"]=>
  string(14) "013.434.056-61"
  ["email"]=>
  string(23) "henrique20008@gmail.com"
  ["placa"]=>
  string(7) "QQV0780"
  ["unidade"]=>
  array(1) {
    [0]=>
    string(1) "7"
  }
}

[23/02/2023 11:42:48] Verificando a solicitação...
[23/02/2023 11:42:48] abgsoft-autopark-unimed.php
array(5) {
  ["nome"]=>
  string(24) "Adriana Diniz Octaviano "
  ["cpf"]=>
  string(11) "04013537613"
  ["email"]=>
  string(20) "drydiniz@hotmail.com"
  ["placa"]=>
  string(7) "QQV6C01"
  ["unidade"]=>
  array(1) {
    [0]=>
    string(1) "7"
  }
}

[23/02/2023 11:51:28] Verificando a solicitação...
[23/02/2023 11:51:28] abgsoft-autopark-unimed.php
array(5) {
  ["nome"]=>
  string(26) "Orlando Leonel Rosa filho "
  ["cpf"]=>
  string(14) "040.187.436-29"
  ["email"]=>
  string(26) "orlandoleonel@yahoo.com.br"
  ["placa"]=>
  string(7) "Rfm9d51"
  ["unidade"]=>
  array(1) {
    [0]=>
    string(1) "4"
  }
}

[23/02/2023 11:59:57] Verificando a solicitação...
[23/02/2023 11:59:57] abgsoft-autopark-unimed.php
array(5) {
  ["nome"]=>
  string(19) "Magna Sousa Moreira"
  ["cpf"]=>
  string(11) "04235669702"
  ["email"]=>
  string(19) "mg.more@hotmail.com"
  ["placa"]=>
  string(7) "OLT8778"
  ["unidade"]=>
  array(1) {
    [0]=>
    string(1) "1"
  }
}

[23/02/2023 12:04:33] Verificando a solicitação...
[23/02/2023 12:04:33] abgsoft-autopark-unimed.php
array(5) {
  ["nome"]=>
  string(26) "GABRIELA CABRAL DOS SANTOS"
  ["cpf"]=>
  string(14) "112.843.556-08"
  ["email"]=>
  string(31) "gabriela.cabralsantos@gmail.com"
  ["placa"]=>
  string(8) "QUY-5534"
  ["unidade"]=>
  array(1) {
    [0]=>
    string(1) "3"
  }
}

[23/02/2023 12:08:19] Verificando a solicitação...
[23/02/2023 12:08:19] abgsoft-autopark-unimed.php
array(5) {
  ["nome"]=>
  string(24) "Luiz Rogério dos Santos"
  ["cpf"]=>
  string(11) "05529132600"
  ["email"]=>
  string(22) "lrogerio1981@gmail.com"
  ["placa"]=>
  string(7) "RMU4J85"
  ["unidade"]=>
  array(1) {
    [0]=>
    string(1) "5"
  }
}

[23/02/2023 12:43:12] Verificando a solicitação...
[23/02/2023 12:43:12] abgsoft-autopark-unimed.php
array(5) {
  ["nome"]=>
  string(26) "Michelle Sacramento Elias "
  ["cpf"]=>
  string(14) "110.535.146-70"
  ["email"]=>
  string(33) "michellesacramentoelias@gmail.com"
  ["placa"]=>
  string(7) "JHY1265"
  ["unidade"]=>
  array(1) {
    [0]=>
    string(1) "7"
  }
}

[23/02/2023 12:49:39] Verificando a solicitação...
[23/02/2023 12:49:39] abgsoft-autopark-unimed.php
array(5) {
  ["nome"]=>
  string(24) "DENILSON GUEDES PIMENTEL"
  ["cpf"]=>
  string(14) "038.601.116-80"
  ["email"]=>
  string(29) "silvinhaalcantara@hotmail.com"
  ["placa"]=>
  string(7) "OMA3B23"
  ["unidade"]=>
  array(1) {
    [0]=>
    string(1) "5"
  }
}

[23/02/2023 12:50:41] Verificando a solicitação...
[23/02/2023 12:50:41] abgsoft-autopark-unimed.php
array(5) {
  ["nome"]=>
  string(28) "Isabela Cristina Magalhães "
  ["cpf"]=>
  string(11) "12363193628"
  ["email"]=>
  string(24) "belacmagalhaes@gmail.com"
  ["placa"]=>
  string(7) "GZH9606"
  ["unidade"]=>
  array(1) {
    [0]=>
    string(1) "5"
  }
}

[23/02/2023 01:06:41] Verificando a solicitação...
[23/02/2023 01:06:41] abgsoft-autopark-unimed.php
array(5) {
  ["nome"]=>
  string(30) "Silvia Alves Magalhães Guido "
  ["cpf"]=>
  string(11) "03422481621"
  ["email"]=>
  string(26) "silviaamagalhaes@gmail.com"
  ["placa"]=>
  string(7) "QPJ0758"
  ["unidade"]=>
  array(1) {
    [0]=>
    string(1) "5"
  }
}

[23/02/2023 01:10:25] Verificando a solicitação...
[23/02/2023 01:10:25] abgsoft-autopark-unimed.php
array(5) {
  ["nome"]=>
  string(27) "Nájla Caroline Vieira Rosa"
  ["cpf"]=>
  string(11) "11522878696"
  ["email"]=>
  string(23) "najlacaroline@gmail.com"
  ["placa"]=>
  string(7) "OPB7j41"
  ["unidade"]=>
  array(1) {
    [0]=>
    string(1) "5"
  }
}

[23/02/2023 01:23:52] Verificando a solicitação...
[23/02/2023 01:23:52] abgsoft-autopark-unimed.php
array(5) {
  ["nome"]=>
  string(25) "VIVIANA MOREIRA FRANCISCO"
  ["cpf"]=>
  string(14) "045.783.616-40"
  ["email"]=>
  string(25) "vivymoreira19@hotmail.com"
  ["placa"]=>
  string(7) "IPD9a75"
  ["unidade"]=>
  array(1) {
    [0]=>
    string(1) "2"
  }
}

[23/02/2023 01:29:05] Verificando a solicitação...
[23/02/2023 01:29:05] abgsoft-autopark-unimed.php
array(5) {
  ["nome"]=>
  string(33) "Andreia de Fátima Souza Rezende "
  ["cpf"]=>
  string(11) "00395933633"
  ["email"]=>
  string(21) "eandreia@yahoo.com.br"
  ["placa"]=>
  string(7) "RNN9F56"
  ["unidade"]=>
  array(1) {
    [0]=>
    string(1) "2"
  }
}

[23/02/2023 01:37:55] Verificando a solicitação...
[23/02/2023 01:37:55] abgsoft-autopark-unimed.php
array(5) {
  ["nome"]=>
  string(27) "Luciana de Freitas Setragni"
  ["cpf"]=>
  string(11) "00013225677"
  ["email"]=>
  string(25) "lucianasetragni@gmail.com"
  ["placa"]=>
  string(7) "KPN7A97"
  ["unidade"]=>
  array(1) {
    [0]=>
    string(1) "3"
  }
}

[23/02/2023 02:04:19] Verificando a solicitação...
[23/02/2023 02:04:19] abgsoft-autopark-unimed.php
array(5) {
  ["nome"]=>
  string(28) "Cleidimar Gomes de Oliveira "
  ["cpf"]=>
  string(11) "09341415683"
  ["email"]=>
  string(23) "cleidinha4239@gmail.com"
  ["placa"]=>
  string(7) "Ftb0h40"
  ["unidade"]=>
  array(1) {
    [0]=>
    string(1) "5"
  }
}

[23/02/2023 02:09:24] Verificando a solicitação...
[23/02/2023 02:09:24] abgsoft-autopark-unimed.php
array(5) {
  ["nome"]=>
  string(25) "Raphael de Castro Azevedo"
  ["cpf"]=>
  string(14) "096.369.316-66"
  ["email"]=>
  string(23) "raphaelca10@hotmail.com"
  ["placa"]=>
  string(7) "HNM9D89"
  ["unidade"]=>
  array(1) {
    [0]=>
    string(1) "2"
  }
}

[23/02/2023 02:21:31] Verificando a solicitação...
[23/02/2023 02:21:31] abgsoft-autopark-unimed.php
array(5) {
  ["nome"]=>
  string(25) "Paulo Fernando dos Santos"
  ["cpf"]=>
  string(14) "107.138.466-07"
  ["email"]=>
  string(25) "nandosantos1993@gmail.com"
  ["placa"]=>
  string(7) "OXF3424"
  ["unidade"]=>
  array(1) {
    [0]=>
    string(1) "3"
  }
}

[23/02/2023 02:25:27] Verificando a solicitação...
[23/02/2023 02:25:27] abgsoft-autopark-unimed.php
array(5) {
  ["nome"]=>
  string(25) "Paulo Fernando dos Santos"
  ["cpf"]=>
  string(14) "107.138.466-07"
  ["email"]=>
  string(25) "nandosantos1993@gmail.com"
  ["placa"]=>
  string(7) "OXF3E24"
  ["unidade"]=>
  array(1) {
    [0]=>
    string(1) "3"
  }
}

[23/02/2023 02:39:50] Verificando a solicitação...
[23/02/2023 02:39:50] abgsoft-autopark-unimed.php
array(5) {
  ["nome"]=>
  string(33) "Sarah Silvestre dos Santtos Leite"
  ["cpf"]=>
  string(11) "06192499608"
  ["email"]=>
  string(24) "sarah.farmacia@gmail.com"
  ["placa"]=>
  string(7) "PUP7D21"
  ["unidade"]=>
  array(1) {
    [0]=>
    string(1) "5"
  }
}

[23/02/2023 03:22:58] Verificando a solicitação...
[23/02/2023 03:22:58] abgsoft-autopark-unimed.php
array(5) {
  ["nome"]=>
  string(27) "ROSILENE FERNANDES DA SILVA"
  ["cpf"]=>
  string(14) "315.121.606-44"
  ["email"]=>
  string(23) "rosilene.fv@hotmail.com"
  ["placa"]=>
  string(7) "RVA6C36"
  ["unidade"]=>
  array(1) {
    [0]=>
    string(1) "4"
  }
}

[23/02/2023 03:37:46] Verificando a solicitação...
[23/02/2023 03:37:46] abgsoft-autopark-unimed.php
array(5) {
  ["nome"]=>
  string(24) "Ana Karoline Abreu Viana"
  ["cpf"]=>
  string(11) "10839544669"
  ["email"]=>
  string(25) "akarolinevian@hotmail.com"
  ["placa"]=>
  string(7) "OQEJ275"
  ["unidade"]=>
  array(1) {
    [0]=>
    string(1) "7"
  }
}

[23/02/2023 03:44:12] Verificando a solicitação...
[23/02/2023 03:44:12] abgsoft-autopark-unimed.php
array(5) {
  ["nome"]=>
  string(31) "Edilda Maria Jussara de Morais "
  ["cpf"]=>
  string(14) "487.389.136-15"
  ["email"]=>
  string(22) "emjmoraes@yahoo.com.br"
  ["placa"]=>
  string(7) "QNK7J08"
  ["unidade"]=>
  array(1) {
    [0]=>
    string(1) "5"
  }
}

[23/02/2023 03:51:01] Verificando a solicitação...
[23/02/2023 03:51:01] abgsoft-autopark-unimed.php
array(5) {
  ["nome"]=>
  string(34) "Francelise Paula de Faria Ribeiro "
  ["cpf"]=>
  string(14) "859.347.126-91"
  ["email"]=>
  string(25) "francelise@gravele.com.br"
  ["placa"]=>
  string(7) "Pva1412"
  ["unidade"]=>
  array(1) {
    [0]=>
    string(1) "4"
  }
}

[23/02/2023 03:51:05] Verificando a solicitação...
[23/02/2023 03:51:05] abgsoft-autopark-unimed.php
array(5) {
  ["nome"]=>
  string(34) "Francelise Paula de Faria Ribeiro "
  ["cpf"]=>
  string(14) "859.347.126-91"
  ["email"]=>
  string(25) "francelise@gravele.com.br"
  ["placa"]=>
  string(7) "Pva1412"
  ["unidade"]=>
  array(1) {
    [0]=>
    string(1) "4"
  }
}

[23/02/2023 03:58:24] Verificando a solicitação...
[23/02/2023 03:58:24] abgsoft-autopark-unimed.php
array(5) {
  ["nome"]=>
  string(26) "JOSÉ MARIA MOURA TEIXEIRA"
  ["cpf"]=>
  string(14) "531.616.026-68"
  ["email"]=>
  string(29) "engenharia@energitecmg.com.br"
  ["placa"]=>
  string(7) "OXG5994"
  ["unidade"]=>
  array(1) {
    [0]=>
    string(1) "5"
  }
}

[23/02/2023 04:09:39] Verificando a solicitação...
[23/02/2023 04:47:49] Verificando a solicitação...
[23/02/2023 04:47:49] abgsoft-autopark-unimed.php
array(5) {
  ["nome"]=>
  string(22) "Patricia alves moreira"
  ["cpf"]=>
  string(15) "041.003.186-00 "
  ["email"]=>
  string(28) "patyalvesmoreira@hotmail.com"
  ["placa"]=>
  string(7) "QUG0I66"
  ["unidade"]=>
  array(1) {
    [0]=>
    string(1) "1"
  }
}

[23/02/2023 05:02:09] Verificando a solicitação...
[23/02/2023 05:02:09] abgsoft-autopark-unimed.php
array(5) {
  ["nome"]=>
  string(31) "Maristela Reckziegel Rodrigues "
  ["cpf"]=>
  string(11) "02156980969"
  ["email"]=>
  string(23) "maristelareck@gmail.com"
  ["placa"]=>
  string(7) "NXZ0822"
  ["unidade"]=>
  array(1) {
    [0]=>
    string(1) "5"
  }
}

[23/02/2023 05:12:15] Verificando a solicitação...
[23/02/2023 05:12:15] abgsoft-autopark-unimed.php
array(5) {
  ["nome"]=>
  string(24) "Elaine Angelina S Moraes"
  ["cpf"]=>
  string(14) "956.014.306-91"
  ["email"]=>
  string(28) "elaine.angelina@yahoo.com.br"
  ["placa"]=>
  string(7) "HNU0776"
  ["unidade"]=>
  array(1) {
    [0]=>
    string(1) "2"
  }
}

[23/02/2023 05:22:56] Verificando a solicitação...
[23/02/2023 05:22:56] abgsoft-autopark-unimed.php
array(5) {
  ["nome"]=>
  string(22) "FLAVIA CRISTINA SANTOS"
  ["cpf"]=>
  string(14) "039.981.326-86"
  ["email"]=>
  string(26) "flaviacristina57@gmail.com"
  ["placa"]=>
  string(7) "RNG4A90"
  ["unidade"]=>
  array(1) {
    [0]=>
    string(1) "5"
  }
}

[23/02/2023 05:24:51] Verificando a solicitação...
[23/02/2023 05:24:51] abgsoft-autopark-unimed.php
array(5) {
  ["nome"]=>
  string(29) "ALINE CRISTINA PIRES DE FARIA"
  ["cpf"]=>
  string(11) "03221602600"
  ["email"]=>
  string(20) "alinecpf@hotmail.com"
  ["placa"]=>
  string(7) "HIU0G61"
  ["unidade"]=>
  array(1) {
    [0]=>
    string(1) "5"
  }
}

[23/02/2023 05:29:38] Verificando a solicitação...
[23/02/2023 05:29:38] abgsoft-autopark-unimed.php
array(5) {
  ["nome"]=>
  string(23) "Edson Pereira da Silva "
  ["cpf"]=>
  string(11) "81328451615"
  ["email"]=>
  string(23) "edipsilva10@hotmail.com"
  ["placa"]=>
  string(7) "Hbu0067"
  ["unidade"]=>
  array(1) {
    [0]=>
    string(1) "3"
  }
}

[23/02/2023 06:59:12] Verificando a solicitação...
[23/02/2023 06:59:12] abgsoft-autopark-unimed.php
array(5) {
  ["nome"]=>
  string(30) "juliana silva oliveira calixto"
  ["cpf"]=>
  string(14) "051.954.636-97"
  ["email"]=>
  string(29) "julianasilvacalixto@gmail.com"
  ["placa"]=>
  string(7) "oxk8331"
  ["unidade"]=>
  array(1) {
    [0]=>
    string(1) "4"
  }
}

[23/02/2023 08:00:21] Verificando a solicitação...
[23/02/2023 08:00:21] abgsoft-autopark-unimed.php
array(5) {
  ["nome"]=>
  string(35) "Elisangela Aparecida da Silva Lima "
  ["cpf"]=>
  string(15) "041.057.226-89 "
  ["email"]=>
  string(19) "easlima80@gmail.com"
  ["placa"]=>
  string(8) "FUL1541 "
  ["unidade"]=>
  array(1) {
    [0]=>
    string(1) "2"
  }
}

[23/02/2023 08:05:08] Verificando a solicitação...
[23/02/2023 08:43:40] Verificando a solicitação...
[23/02/2023 08:43:40] abgsoft-autopark-unimed.php
array(5) {
  ["nome"]=>
  string(24) "Aloysio Magalhães Costa"
  ["cpf"]=>
  string(11) "84193751600"
  ["email"]=>
  string(26) "aloysiomagalhaes@gmail.com"
  ["placa"]=>
  string(7) "PUW2814"
  ["unidade"]=>
  array(1) {
    [0]=>
    string(1) "2"
  }
}

[23/02/2023 09:53:42] Verificando a solicitação...
[23/02/2023 09:53:42] abgsoft-autopark-unimed.php
array(5) {
  ["nome"]=>
  string(32) "Wanderley custódio de Oliveira "
  ["cpf"]=>
  string(20) "683 . 387 . 086 - 15"
  ["email"]=>
  string(31) "oliveirawanderley1968@gmail.com"
  ["placa"]=>
  string(7) "Pxw4j91"
  ["unidade"]=>
  array(1) {
    [0]=>
    string(1) "7"
  }
}

