[14/07/2023 12:28:53] Verificando a solicitação...
[14/07/2023 12:28:53] abgsoft-autopark-unimed.php
array(5) {
  ["nome"]=>
  string(25) "Paulo Marcelo de Oliveira"
  ["cpf"]=>
  string(11) "42455243672"
  ["email"]=>
  string(26) "paulomarcelo10@hotmail.com"
  ["placa"]=>
  string(7) "QXK9027"
  ["unidade"]=>
  array(1) {
    [0]=>
    string(1) "5"
  }
}

[14/07/2023 01:45:23] Verificando a solicitação...
[14/07/2023 01:45:23] abgsoft-autopark-unimed.php
array(5) {
  ["nome"]=>
  string(23) "Claudinei Marques pedro"
  ["cpf"]=>
  string(11) "95723420615"
  ["email"]=>
  string(30) "claudinei@neiengenharia.com.br"
  ["placa"]=>
  string(7) "OQY9237"
  ["unidade"]=>
  array(1) {
    [0]=>
    string(1) "3"
  }
}

[14/07/2023 09:54:58] Verificando a solicitação...
[14/07/2023 09:54:58] abgsoft-autopark-unimed.php
array(5) {
  ["nome"]=>
  string(29) "Rosana Beatriz Ribeiro Costa "
  ["cpf"]=>
  string(13) "792.745.36615"
  ["email"]=>
  string(23) "rosanadespa@hotmail.com"
  ["placa"]=>
  string(7) "GXC0I31"
  ["unidade"]=>
  array(1) {
    [0]=>
    string(1) "5"
  }
}

[14/07/2023 12:39:42] Verificando a solicitação...
[14/07/2023 12:39:42] abgsoft-autopark-unimed.php
array(5) {
  ["nome"]=>
  string(27) "Marcio Tenório de oliveira"
  ["cpf"]=>
  string(14) "072.465.626-05"
  ["email"]=>
  string(20) "marcioteno@gmail.com"
  ["placa"]=>
  string(7) "Qoe5913"
  ["unidade"]=>
  array(1) {
    [0]=>
    string(1) "1"
  }
}

[14/07/2023 01:08:39] Verificando a solicitação...
[14/07/2023 01:08:39] abgsoft-autopark-unimed.php
array(5) {
  ["nome"]=>
  string(18) "ANDRE ARAUJO COSTA"
  ["cpf"]=>
  string(14) "088.497.016-75"
  ["email"]=>
  string(28) "andre.araujo_adm@hotmail.com"
  ["placa"]=>
  string(7) "SHN2C45"
  ["unidade"]=>
  array(1) {
    [0]=>
    string(1) "5"
  }
}

[14/07/2023 01:27:10] Verificando a solicitação...
[14/07/2023 01:27:10] abgsoft-autopark-unimed.php
array(5) {
  ["nome"]=>
  string(31) "THamyris Cristina Silva Pereira"
  ["cpf"]=>
  string(14) "107.218.046-40"
  ["email"]=>
  string(21) "thamyriscsp@gmail.com"
  ["placa"]=>
  string(8) "PUO 2975"
  ["unidade"]=>
  array(1) {
    [0]=>
    string(1) "7"
  }
}

[14/07/2023 01:51:12] Verificando a solicitação...
[14/07/2023 01:51:12] abgsoft-autopark-unimed.php
array(5) {
  ["nome"]=>
  string(25) "Heleno de Freitas Alberto"
  ["cpf"]=>
  string(11) "04714140698"
  ["email"]=>
  string(25) "helenoalberto@hotmail.com"
  ["placa"]=>
  string(7) "HLO8538"
  ["unidade"]=>
  array(1) {
    [0]=>
    string(1) "5"
  }
}

[14/07/2023 01:51:48] Verificando a solicitação...
[14/07/2023 01:51:48] abgsoft-autopark-unimed.php
array(5) {
  ["nome"]=>
  string(30) "Heleno Oliveira Santos Mattos "
  ["cpf"]=>
  string(14) "010.844.036-25"
  ["email"]=>
  string(22) "helenomattos@gmail.com"
  ["placa"]=>
  string(7) "Opi9d16"
  ["unidade"]=>
  array(1) {
    [0]=>
    string(1) "5"
  }
}

[14/07/2023 01:55:36] Verificando a solicitação...
[14/07/2023 01:55:36] abgsoft-autopark-unimed.php
array(5) {
  ["nome"]=>
  string(26) "Thalita Karolina Clemente "
  ["cpf"]=>
  string(11) "08118808696"
  ["email"]=>
  string(27) "thatadrumond@hotmail.com.br"
  ["placa"]=>
  string(7) "HGR1E39"
  ["unidade"]=>
  array(1) {
    [0]=>
    string(1) "2"
  }
}

[14/07/2023 02:07:09] Verificando a solicitação...
[14/07/2023 02:07:09] abgsoft-autopark-unimed.php
array(5) {
  ["nome"]=>
  string(26) "Tania Maria Vieira Tavares"
  ["cpf"]=>
  string(11) "35553421691"
  ["email"]=>
  string(27) "taniamvtavares@terra.com.br"
  ["placa"]=>
  string(7) "HKU1770"
  ["unidade"]=>
  array(1) {
    [0]=>
    string(1) "4"
  }
}

[14/07/2023 02:11:02] Verificando a solicitação...
[14/07/2023 02:11:02] abgsoft-autopark-unimed.php
array(5) {
  ["nome"]=>
  string(29) "Rosana Beatriz Ribeiro Costa "
  ["cpf"]=>
  string(13) "792.745.36615"
  ["email"]=>
  string(23) "rosanadespa@hotmail.com"
  ["placa"]=>
  string(7) "GXC0I31"
  ["unidade"]=>
  array(1) {
    [0]=>
    string(1) "5"
  }
}

[14/07/2023 03:55:57] Verificando a solicitação...
[14/07/2023 03:55:57] abgsoft-autopark-unimed.php
array(5) {
  ["nome"]=>
  string(26) "Cláudio Campolina Santos "
  ["cpf"]=>
  string(14) "473.344.016-20"
  ["email"]=>
  string(30) "Claudio.campolina@yahoo.com.br"
  ["placa"]=>
  string(8) "QMX5G20 "
  ["unidade"]=>
  array(1) {
    [0]=>
    string(1) "4"
  }
}

[14/07/2023 04:58:52] Verificando a solicitação...
[14/07/2023 04:58:52] abgsoft-autopark-unimed.php
array(5) {
  ["nome"]=>
  string(7) "Rivanda"
  ["cpf"]=>
  string(11) "51392666287"
  ["email"]=>
  string(22) "rivandaneves@gmail.com"
  ["placa"]=>
  string(7) "Hny6b41"
  ["unidade"]=>
  array(1) {
    [0]=>
    string(1) "7"
  }
}

[14/07/2023 05:00:33] Verificando a solicitação...
[14/07/2023 05:00:33] abgsoft-autopark-unimed.php
array(5) {
  ["nome"]=>
  string(16) "Vinícius serra "
  ["cpf"]=>
  string(11) "12554028656"
  ["email"]=>
  string(26) "jhullysabrina.js@gmail.com"
  ["placa"]=>
  string(7) "Hkw8238"
  ["unidade"]=>
  array(1) {
    [0]=>
    string(1) "7"
  }
}

[14/07/2023 05:00:50] Verificando a solicitação...
[14/07/2023 05:00:50] abgsoft-autopark-unimed.php
array(5) {
  ["nome"]=>
  string(7) "Rivanda"
  ["cpf"]=>
  string(11) "51392666287"
  ["email"]=>
  string(22) "rivandaneves@gmail.com"
  ["placa"]=>
  string(7) "Hny6b41"
  ["unidade"]=>
  array(1) {
    [0]=>
    string(1) "7"
  }
}

[14/07/2023 06:04:40] Verificando a solicitação...
[14/07/2023 06:52:46] Verificando a solicitação...
[14/07/2023 06:52:46] abgsoft-autopark-unimed.php
array(5) {
  ["nome"]=>
  string(24) "José Carlos de Andrade "
  ["cpf"]=>
  string(11) "05837915656"
  ["email"]=>
  string(25) "jose12andrade02@gmail.com"
  ["placa"]=>
  string(10) "HES - 0461"
  ["unidade"]=>
  array(1) {
    [0]=>
    string(1) "3"
  }
}

