[01/09/2023 07:51:43] Verificando a solicitação...
[01/09/2023 11:10:24] Verificando a solicitação...
[01/09/2023 11:10:24] abgsoft-autopark-unimed.php
array(5) {
  ["nome"]=>
  string(24) "Geovane divino de Jesus "
  ["cpf"]=>
  string(14) "843.233.706-44"
  ["email"]=>
  string(24) "gdivinodejesus@gmail.com"
  ["placa"]=>
  string(8) "Pxk 3033"
  ["unidade"]=>
  array(1) {
    [0]=>
    string(1) "7"
  }
}

[01/09/2023 11:35:20] Verificando a solicitação...
[01/09/2023 11:35:20] abgsoft-autopark-unimed.php
array(5) {
  ["nome"]=>
  string(24) "Helen Silsa de alcantara"
  ["cpf"]=>
  string(14) "040.364.296-55"
  ["email"]=>
  string(23) "hsa.alcantara@gmail.com"
  ["placa"]=>
  string(8) "QPPP6220"
  ["unidade"]=>
  array(1) {
    [0]=>
    string(1) "5"
  }
}

[01/09/2023 12:17:14] Verificando a solicitação...
[01/09/2023 01:54:52] Verificando a solicitação...
[01/09/2023 01:54:52] abgsoft-autopark-unimed.php
array(5) {
  ["nome"]=>
  string(25) "Jucara de queiroz fonseca"
  ["cpf"]=>
  string(11) "41984846604"
  ["email"]=>
  string(28) "jujuqueirozfonseca@gmail.com"
  ["placa"]=>
  string(7) "Owj5094"
  ["unidade"]=>
  array(1) {
    [0]=>
    string(1) "7"
  }
}

[01/09/2023 03:28:00] Verificando a solicitação...
[01/09/2023 03:28:00] abgsoft-autopark-unimed.php
array(5) {
  ["nome"]=>
  string(33) "Claudia conceição de Souza MOTA"
  ["cpf"]=>
  string(14) "055.104.296-66"
  ["email"]=>
  string(23) "claudiacsmota@gmail.com"
  ["placa"]=>
  string(7) "HDS8120"
  ["unidade"]=>
  array(1) {
    [0]=>
    string(1) "2"
  }
}

[01/09/2023 03:37:17] Verificando a solicitação...
[01/09/2023 03:37:17] abgsoft-autopark-unimed.php
array(5) {
  ["nome"]=>
  string(26) "Michelle Sacramento Elias "
  ["cpf"]=>
  string(14) "110.535.146-70"
  ["email"]=>
  string(33) "michellesacramentoelias@gmail.com"
  ["placa"]=>
  string(7) "RMZ0B46"
  ["unidade"]=>
  array(1) {
    [0]=>
    string(1) "7"
  }
}

[01/09/2023 03:40:53] Verificando a solicitação...
[01/09/2023 03:40:53] abgsoft-autopark-unimed.php
array(5) {
  ["nome"]=>
  string(31) "THamyris Cristina Silva Pereira"
  ["cpf"]=>
  string(14) "107.218.046-40"
  ["email"]=>
  string(21) "thamyriscsp@gmail.com"
  ["placa"]=>
  string(8) "PUO 2975"
  ["unidade"]=>
  array(1) {
    [0]=>
    string(1) "7"
  }
}

[01/09/2023 04:47:51] Verificando a solicitação...
[01/09/2023 05:42:34] Verificando a solicitação...
[01/09/2023 05:42:34] abgsoft-autopark-unimed.php
array(5) {
  ["nome"]=>
  string(22) "Alessandra Viana Lopes"
  ["cpf"]=>
  string(15) "054.971.356-50 "
  ["email"]=>
  string(21) "alevlopes@hotmail.com"
  ["placa"]=>
  string(7) "HIM1C10"
  ["unidade"]=>
  array(1) {
    [0]=>
    string(1) "5"
  }
}

[01/09/2023 05:43:43] Verificando a solicitação...
[01/09/2023 05:43:43] abgsoft-autopark-unimed.php
array(5) {
  ["nome"]=>
  string(22) "Alessandra Viana Lopes"
  ["cpf"]=>
  string(15) "054.971.356-50 "
  ["email"]=>
  string(21) "alevlopes@hotmail.com"
  ["placa"]=>
  string(7) "HIM1C10"
  ["unidade"]=>
  array(1) {
    [0]=>
    string(1) "5"
  }
}

[01/09/2023 05:44:01] Verificando a solicitação...
[01/09/2023 05:44:01] abgsoft-autopark-unimed.php
array(5) {
  ["nome"]=>
  string(22) "Alessandra Viana Lopes"
  ["cpf"]=>
  string(15) "054.971.356-50 "
  ["email"]=>
  string(21) "alevlopes@hotmail.com"
  ["placa"]=>
  string(7) "HIM1C10"
  ["unidade"]=>
  array(1) {
    [0]=>
    string(1) "5"
  }
}

[01/09/2023 05:46:43] Verificando a solicitação...
[01/09/2023 05:46:43] abgsoft-autopark-unimed.php
array(5) {
  ["nome"]=>
  string(22) "Alessandra Viana Lopes"
  ["cpf"]=>
  string(15) "054.971.356-50 "
  ["email"]=>
  string(21) "alevlopes@hotmail.com"
  ["placa"]=>
  string(7) "HIM1C10"
  ["unidade"]=>
  array(1) {
    [0]=>
    string(1) "5"
  }
}

[01/09/2023 06:07:15] Verificando a solicitação...
[01/09/2023 06:07:15] abgsoft-autopark-unimed.php
array(5) {
  ["nome"]=>
  string(8) "Tatiane "
  ["cpf"]=>
  string(15) "084.162.876-94 "
  ["email"]=>
  string(27) "tatiane.santos@yahoo.com.br"
  ["placa"]=>
  string(8) "Oxi5521 "
  ["unidade"]=>
  array(1) {
    [0]=>
    string(1) "7"
  }
}

[01/09/2023 06:07:34] Verificando a solicitação...
[01/09/2023 06:07:34] abgsoft-autopark-unimed.php
array(5) {
  ["nome"]=>
  string(8) "Tatiane "
  ["cpf"]=>
  string(15) "084.162.876-94 "
  ["email"]=>
  string(27) "tatiane.santos@yahoo.com.br"
  ["placa"]=>
  string(8) "Oxi5521 "
  ["unidade"]=>
  array(1) {
    [0]=>
    string(1) "7"
  }
}

[01/09/2023 07:06:12] Verificando a solicitação...
[01/09/2023 07:06:12] abgsoft-autopark-unimed.php
array(5) {
  ["nome"]=>
  string(22) "Rodrigo Silva Miranda "
  ["cpf"]=>
  string(11) "08808812677"
  ["email"]=>
  string(24) "cristina.deize@gmail.com"
  ["placa"]=>
  string(8) "QUR 6681"
  ["unidade"]=>
  array(1) {
    [0]=>
    string(1) "7"
  }
}

[01/09/2023 08:03:11] Verificando a solicitação...
[01/09/2023 08:03:11] abgsoft-autopark-unimed.php
array(5) {
  ["nome"]=>
  string(16) "Adriano Catizane"
  ["cpf"]=>
  string(14) "787.992.606-20"
  ["email"]=>
  string(25) "adrianocatizane@gmail.com"
  ["placa"]=>
  string(7) "HFG9593"
  ["unidade"]=>
  array(1) {
    [0]=>
    string(1) "5"
  }
}

[01/09/2023 08:38:42] Verificando a solicitação...
[01/09/2023 08:38:42] abgsoft-autopark-unimed.php
array(5) {
  ["nome"]=>
  string(24) "Carla Magalhães Marques"
  ["cpf"]=>
  string(11) "01547707607"
  ["email"]=>
  string(25) "carlammarques@outlook.com"
  ["placa"]=>
  string(7) "HHE5J01"
  ["unidade"]=>
  array(1) {
    [0]=>
    string(1) "4"
  }
}

