[06/06/2023 12:08:57] Verificando a solicitação...
[06/06/2023 12:08:57] abgsoft-autopark-unimed.php
array(5) {
  ["nome"]=>
  string(27) "Júlia Sanna Borges de Lima"
  ["cpf"]=>
  string(14) "014.798.396-71"
  ["email"]=>
  string(23) "julinha.sanna@gmail.com"
  ["placa"]=>
  string(7) "Qxm1093"
  ["unidade"]=>
  array(1) {
    [0]=>
    string(1) "5"
  }
}

[06/06/2023 12:35:56] Verificando a solicitação...
[06/06/2023 12:35:56] abgsoft-autopark-unimed.php
array(5) {
  ["nome"]=>
  string(16) "Wanderson Santos"
  ["cpf"]=>
  string(14) "012.615.916-58"
  ["email"]=>
  string(24) "wandersonfas@hotmail.com"
  ["placa"]=>
  string(7) "Pvp8768"
  ["unidade"]=>
  array(1) {
    [0]=>
    string(1) "7"
  }
}

[06/06/2023 01:16:36] Verificando a solicitação...
[06/06/2023 01:16:36] abgsoft-autopark-unimed.php
array(5) {
  ["nome"]=>
  string(29) "Elton Luiz Borba de Oliveira "
  ["cpf"]=>
  string(11) "06567650621"
  ["email"]=>
  string(27) "eltonluizborba@yahoo.com.br"
  ["placa"]=>
  string(7) "QPL5I91"
  ["unidade"]=>
  array(1) {
    [0]=>
    string(1) "1"
  }
}

[06/06/2023 01:42:50] Verificando a solicitação...
[06/06/2023 01:42:50] abgsoft-autopark-unimed.php
array(5) {
  ["nome"]=>
  string(12) "Welton Julio"
  ["cpf"]=>
  string(11) "94288640644"
  ["email"]=>
  string(21) "weltonjulio@gmail.com"
  ["placa"]=>
  string(7) "Pvw3037"
  ["unidade"]=>
  array(1) {
    [0]=>
    string(1) "5"
  }
}

[06/06/2023 01:59:16] Verificando a solicitação...
[06/06/2023 01:59:16] abgsoft-autopark-unimed.php
array(5) {
  ["nome"]=>
  string(27) "Vanessa A Vasconcelos Lima "
  ["cpf"]=>
  string(11) "13574726686"
  ["email"]=>
  string(29) "vanessavasconlima@hotmail.com"
  ["placa"]=>
  string(7) "OWS1811"
  ["unidade"]=>
  array(1) {
    [0]=>
    string(1) "5"
  }
}

[06/06/2023 03:14:46] Verificando a solicitação...
[06/06/2023 03:14:46] abgsoft-autopark-unimed.php
array(5) {
  ["nome"]=>
  string(24) "Lorival Guimarães Fraga"
  ["cpf"]=>
  string(14) "200.148.646-49"
  ["email"]=>
  string(18) "nilfraga@gmail.com"
  ["placa"]=>
  string(7) "RUT3427"
  ["unidade"]=>
  array(1) {
    [0]=>
    string(1) "1"
  }
}

[06/06/2023 03:24:25] Verificando a solicitação...
[06/06/2023 03:24:25] abgsoft-autopark-unimed.php
array(5) {
  ["nome"]=>
  string(27) "ALINE CAMILA PEREIRA DIOMAR"
  ["cpf"]=>
  string(14) "040.673.676-60"
  ["email"]=>
  string(29) "alinecamilla2000@yahoo.com.br"
  ["placa"]=>
  string(7) "HLA0758"
  ["unidade"]=>
  array(1) {
    [0]=>
    string(1) "5"
  }
}

[06/06/2023 03:49:41] Verificando a solicitação...
[06/06/2023 03:49:41] abgsoft-autopark-unimed.php
array(5) {
  ["nome"]=>
  string(10) "Erotildes "
  ["cpf"]=>
  string(11) "02125398508"
  ["email"]=>
  string(26) "erosilva93270756@gmail.com"
  ["placa"]=>
  string(7) "GZD9599"
  ["unidade"]=>
  array(1) {
    [0]=>
    string(1) "5"
  }
}

[06/06/2023 10:30:05] Verificando a solicitação...
[06/06/2023 10:30:05] abgsoft-autopark-unimed.php
array(5) {
  ["nome"]=>
  string(19) "Ione Raquel knebel "
  ["cpf"]=>
  string(14) "698.486.376-72"
  ["email"]=>
  string(25) "Knebelraquel@yahoo.com.br"
  ["placa"]=>
  string(7) "QNU9518"
  ["unidade"]=>
  array(1) {
    [0]=>
    string(1) "5"
  }
}

[06/06/2023 10:40:43] Verificando a solicitação...
[06/06/2023 10:40:43] abgsoft-autopark-unimed.php
array(5) {
  ["nome"]=>
  string(20) "Gleice Eliza de Lima"
  ["cpf"]=>
  string(14) "075.095.936-38"
  ["email"]=>
  string(21) "gleeliza@yahoo.com.br"
  ["placa"]=>
  string(7) "Etw9745"
  ["unidade"]=>
  array(1) {
    [0]=>
    string(1) "5"
  }
}

[06/06/2023 10:52:15] Verificando a solicitação...
[06/06/2023 10:52:15] abgsoft-autopark-unimed.php
array(5) {
  ["nome"]=>
  string(30) "André Leandro Pinheiro Campos"
  ["cpf"]=>
  string(15) "058.026.546-35 "
  ["email"]=>
  string(30) "andreleandrocampos@hotmail.com"
  ["placa"]=>
  string(7) "HFM9W37"
  ["unidade"]=>
  array(1) {
    [0]=>
    string(1) "7"
  }
}

[06/06/2023 10:54:46] Verificando a solicitação...
[06/06/2023 10:54:46] abgsoft-autopark-unimed.php
array(5) {
  ["nome"]=>
  string(24) "Elaine Batista da Silva "
  ["cpf"]=>
  string(14) "631.610.366-20"
  ["email"]=>
  string(28) "leylainebatista@yahoo.com.br"
  ["placa"]=>
  string(7) "RMG3H01"
  ["unidade"]=>
  array(1) {
    [0]=>
    string(1) "7"
  }
}

[06/06/2023 10:57:02] Verificando a solicitação...
[06/06/2023 10:57:02] abgsoft-autopark-unimed.php
array(5) {
  ["nome"]=>
  string(23) "Ailton Barbosa Pereira "
  ["cpf"]=>
  string(11) "81923031600"
  ["email"]=>
  string(20) "ailtonyuri@gmail.com"
  ["placa"]=>
  string(7) "PZU2066"
  ["unidade"]=>
  array(1) {
    [0]=>
    string(1) "5"
  }
}

[06/06/2023 10:58:18] Verificando a solicitação...
[06/06/2023 10:58:18] abgsoft-autopark-unimed.php
array(5) {
  ["nome"]=>
  string(20) "Renata Mol Trindade "
  ["cpf"]=>
  string(15) "883.801.226-15 "
  ["email"]=>
  string(27) "renatamoltrindade@gmail.com"
  ["placa"]=>
  string(8) "HHR1935 "
  ["unidade"]=>
  array(1) {
    [0]=>
    string(1) "5"
  }
}

[06/06/2023 11:07:30] Verificando a solicitação...
[06/06/2023 11:07:30] abgsoft-autopark-unimed.php
array(5) {
  ["nome"]=>
  string(22) "Andreia Letícia Rodt "
  ["cpf"]=>
  string(11) "66625203653"
  ["email"]=>
  string(21) "leticia.ar4@gmail.com"
  ["placa"]=>
  string(7) "Qpj0276"
  ["unidade"]=>
  array(1) {
    [0]=>
    string(1) "5"
  }
}

[06/06/2023 11:23:26] Verificando a solicitação...
[06/06/2023 11:23:26] abgsoft-autopark-unimed.php
array(5) {
  ["nome"]=>
  string(37) "Caroline Fernanda da Silva Campolina "
  ["cpf"]=>
  string(11) "06528831688"
  ["email"]=>
  string(32) "caroline.campolina1985@gmail.com"
  ["placa"]=>
  string(7) "HLP1A86"
  ["unidade"]=>
  array(1) {
    [0]=>
    string(1) "3"
  }
}

[06/06/2023 11:25:38] Verificando a solicitação...
[06/06/2023 11:25:38] abgsoft-autopark-unimed.php
array(5) {
  ["nome"]=>
  string(20) "Kenya Bambirra Elias"
  ["cpf"]=>
  string(14) "591.918.136-20"
  ["email"]=>
  string(23) "kenyabambirra@gmail.com"
  ["placa"]=>
  string(7) "QNQ0F42"
  ["unidade"]=>
  array(1) {
    [0]=>
    string(1) "5"
  }
}

[06/06/2023 11:32:56] Verificando a solicitação...
[06/06/2023 11:32:56] abgsoft-autopark-unimed.php
array(5) {
  ["nome"]=>
  string(20) "Vania Pedrosa Costa "
  ["cpf"]=>
  string(11) "06445214657"
  ["email"]=>
  string(18) "vaniavpc@gmail.com"
  ["placa"]=>
  string(8) "PUZ 4H70"
  ["unidade"]=>
  array(1) {
    [0]=>
    string(1) "2"
  }
}

[06/06/2023 11:33:04] Verificando a solicitação...
[06/06/2023 11:33:04] abgsoft-autopark-unimed.php
array(5) {
  ["nome"]=>
  string(21) "Ilton Augusto Pereira"
  ["cpf"]=>
  string(11) "81176783653"
  ["email"]=>
  string(19) "gabiluton@gmail.com"
  ["placa"]=>
  string(7) "HJZ1626"
  ["unidade"]=>
  array(1) {
    [0]=>
    string(1) "3"
  }
}

[06/06/2023 02:18:03] Verificando a solicitação...
[06/06/2023 02:18:29] Verificando a solicitação...
[06/06/2023 02:18:29] abgsoft-autopark-unimed.php
array(5) {
  ["nome"]=>
  string(28) "AMAURI DE OLIVEIRA GERÔNIMO"
  ["cpf"]=>
  string(14) "783.353.296-72"
  ["email"]=>
  string(20) "aogeng1981@gmail.com"
  ["placa"]=>
  string(7) "QQC9E50"
  ["unidade"]=>
  array(1) {
    [0]=>
    string(1) "3"
  }
}

[06/06/2023 02:46:27] Verificando a solicitação...
[06/06/2023 02:46:27] abgsoft-autopark-unimed.php
array(5) {
  ["nome"]=>
  string(24) "Denise Cristina da Costa"
  ["cpf"]=>
  string(14) "052.698.006-08"
  ["email"]=>
  string(26) "denisebicalho@yahoo.com.br"
  ["placa"]=>
  string(7) "HHB1922"
  ["unidade"]=>
  array(1) {
    [0]=>
    string(1) "3"
  }
}

[06/06/2023 03:45:43] Verificando a solicitação...
[06/06/2023 03:45:43] abgsoft-autopark-unimed.php
array(5) {
  ["nome"]=>
  string(40) "Tatiane  Maria Braga Nascimento Teixeira"
  ["cpf"]=>
  string(11) "95497994687"
  ["email"]=>
  string(27) "tatiane17teixeira@gmail.com"
  ["placa"]=>
  string(7) "RVV8C70"
  ["unidade"]=>
  array(1) {
    [0]=>
    string(1) "5"
  }
}

[06/06/2023 03:47:37] Verificando a solicitação...
[06/06/2023 03:47:37] abgsoft-autopark-unimed.php
array(5) {
  ["nome"]=>
  string(27) "Adriano Guimarães da Silva"
  ["cpf"]=>
  string(14) "026.182.516-01"
  ["email"]=>
  string(19) "ags.geo@hotmail.com"
  ["placa"]=>
  string(7) "Hkt3246"
  ["unidade"]=>
  array(1) {
    [0]=>
    string(1) "2"
  }
}

[06/06/2023 04:31:44] Verificando a solicitação...
[06/06/2023 04:38:57] Verificando a solicitação...
[06/06/2023 04:38:57] abgsoft-autopark-unimed.php
array(5) {
  ["nome"]=>
  string(19) "ELAINE BARBOSA LAGE"
  ["cpf"]=>
  string(14) "026.149.746-41"
  ["email"]=>
  string(26) "elainelage2009@hotmail.com"
  ["placa"]=>
  string(7) "HLU5193"
  ["unidade"]=>
  array(1) {
    [0]=>
    string(1) "1"
  }
}

[06/06/2023 04:40:57] Verificando a solicitação...
[06/06/2023 04:40:57] abgsoft-autopark-unimed.php
array(5) {
  ["nome"]=>
  string(20) "Jader Gomes da Silva"
  ["cpf"]=>
  string(14) "055.125.006-27"
  ["email"]=>
  string(20) "jaderg.s@hotmail.com"
  ["placa"]=>
  string(7) "QNC4913"
  ["unidade"]=>
  array(1) {
    [0]=>
    string(1) "2"
  }
}

[06/06/2023 04:45:13] Verificando a solicitação...
[06/06/2023 04:45:13] abgsoft-autopark-unimed.php
array(5) {
  ["nome"]=>
  string(23) "Igor Augusto de Miranda"
  ["cpf"]=>
  string(14) "108.793.786-89"
  ["email"]=>
  string(26) "igor.augusto99@hotmail.com"
  ["placa"]=>
  string(7) "Hkh7006"
  ["unidade"]=>
  array(1) {
    [0]=>
    string(1) "2"
  }
}

[06/06/2023 06:10:10] Verificando a solicitação...
[06/06/2023 06:10:10] abgsoft-autopark-unimed.php
array(5) {
  ["nome"]=>
  string(24) "Wallisson Passos da Cruz"
  ["cpf"]=>
  string(14) "121.275.166-30"
  ["email"]=>
  string(25) "wallissonpassos@gmail.com"
  ["placa"]=>
  string(7) "MWQ8E44"
  ["unidade"]=>
  array(1) {
    [0]=>
    string(1) "1"
  }
}

[06/06/2023 06:10:43] Verificando a solicitação...
[06/06/2023 06:10:43] abgsoft-autopark-unimed.php
array(5) {
  ["nome"]=>
  string(24) "Wallisson Passos da Cruz"
  ["cpf"]=>
  string(14) "121.275.166-30"
  ["email"]=>
  string(25) "wallissonpassos@gmail.com"
  ["placa"]=>
  string(7) "MQW8E44"
  ["unidade"]=>
  array(1) {
    [0]=>
    string(1) "1"
  }
}

[06/06/2023 07:24:00] Verificando a solicitação...
[06/06/2023 07:24:00] abgsoft-autopark-unimed.php
array(5) {
  ["nome"]=>
  string(27) "Adriano Guimarães da Silva"
  ["cpf"]=>
  string(14) "026.182.516-01"
  ["email"]=>
  string(19) "ags.geo@hotmail.com"
  ["placa"]=>
  string(7) "Hkt3246"
  ["unidade"]=>
  array(1) {
    [0]=>
    string(1) "3"
  }
}

[06/06/2023 07:40:22] Verificando a solicitação...
[06/06/2023 07:40:22] abgsoft-autopark-unimed.php
array(5) {
  ["nome"]=>
  string(7) "Izadora"
  ["cpf"]=>
  string(11) "10663054630"
  ["email"]=>
  string(25) "ialvesdeazevedo@gmail.com"
  ["placa"]=>
  string(7) "Rtt1e88"
  ["unidade"]=>
  array(1) {
    [0]=>
    string(1) "7"
  }
}

[06/06/2023 09:36:06] Verificando a solicitação...
[06/06/2023 09:36:06] abgsoft-autopark-unimed.php
array(5) {
  ["nome"]=>
  string(19) "ELI COELHO DA SILVA"
  ["cpf"]=>
  string(14) "563.862.066-49"
  ["email"]=>
  string(23) "elicoelho.098@yahoo.com"
  ["placa"]=>
  string(7) "Hik6273"
  ["unidade"]=>
  array(1) {
    [0]=>
    string(1) "3"
  }
}

