[24/10/2023 12:13:11] Verificando a solicitação...
[24/10/2023 12:13:11] abgsoft-autopark-unimed.php
array(5) {
  ["nome"]=>
  string(24) "ELISABETE AUGUSTO MENDES"
  ["cpf"]=>
  string(14) "763.816.686-87"
  ["email"]=>
  string(21) "abetemendes@gmail.com"
  ["placa"]=>
  string(7) "Kau5963"
  ["unidade"]=>
  array(1) {
    [0]=>
    string(1) "5"
  }
}

[24/10/2023 12:52:08] Verificando a solicitação...
[24/10/2023 12:52:08] abgsoft-autopark-unimed.php
array(5) {
  ["nome"]=>
  string(33) "Maria Emilia de Barros Guimarães"
  ["cpf"]=>
  string(11) "82705011668"
  ["email"]=>
  string(23) "mariaemilia45@gmail.com"
  ["placa"]=>
  string(8) "PYX 5585"
  ["unidade"]=>
  array(1) {
    [0]=>
    string(1) "5"
  }
}

[24/10/2023 03:20:26] Verificando a solicitação...
[24/10/2023 03:20:26] abgsoft-autopark-unimed.php
array(5) {
  ["nome"]=>
  string(17) "Everton Rosa Braz"
  ["cpf"]=>
  string(11) "81260652653"
  ["email"]=>
  string(27) "evertonrosabraz@hotmail.com"
  ["placa"]=>
  string(7) "GQU4325"
  ["unidade"]=>
  array(1) {
    [0]=>
    string(1) "7"
  }
}

[24/10/2023 06:42:35] Verificando a solicitação...
[24/10/2023 06:42:35] abgsoft-autopark-unimed.php
array(5) {
  ["nome"]=>
  string(18) "Everton Rosa Braz "
  ["cpf"]=>
  string(14) "812.606.526-53"
  ["email"]=>
  string(27) "evertonrosabraz@hotmail.com"
  ["placa"]=>
  string(7) "GQU4325"
  ["unidade"]=>
  array(1) {
    [0]=>
    string(1) "7"
  }
}

[24/10/2023 07:07:58] Verificando a solicitação...
[24/10/2023 09:32:08] Verificando a solicitação...
[24/10/2023 09:32:08] abgsoft-autopark-unimed.php
array(5) {
  ["nome"]=>
  string(26) "ROBSON MARQUES DE OLIVEIRA"
  ["cpf"]=>
  string(14) "014.582.156-01"
  ["email"]=>
  string(25) "robsonmarquesbh@gmail.com"
  ["placa"]=>
  string(8) "Qto 8081"
  ["unidade"]=>
  array(1) {
    [0]=>
    string(1) "7"
  }
}

[24/10/2023 10:12:14] Verificando a solicitação...
[24/10/2023 11:07:42] Verificando a solicitação...
[24/10/2023 11:07:42] abgsoft-autopark-unimed.php
array(5) {
  ["nome"]=>
  string(22) "MILTON FLAVIO DA SILVA"
  ["cpf"]=>
  string(11) "15549852691"
  ["email"]=>
  string(26) "miltonletro17@yahoo.com.br"
  ["placa"]=>
  string(7) "RJJ2C83"
  ["unidade"]=>
  array(1) {
    [0]=>
    string(1) "7"
  }
}

[24/10/2023 11:32:37] Verificando a solicitação...
[24/10/2023 11:32:37] abgsoft-autopark-unimed.php
array(5) {
  ["nome"]=>
  string(25) "Wellington Luiz Teixeira "
  ["cpf"]=>
  string(11) "04084041670"
  ["email"]=>
  string(26) "lutei.wellington@gmail.com"
  ["placa"]=>
  string(8) "HJP8A48 "
  ["unidade"]=>
  array(1) {
    [0]=>
    string(1) "5"
  }
}

[24/10/2023 11:41:09] Verificando a solicitação...
[24/10/2023 12:08:29] Verificando a solicitação...
[24/10/2023 12:08:29] abgsoft-autopark-unimed.php
array(5) {
  ["nome"]=>
  string(29) "JONAS GUSTAVO REIS DOS SANTOS"
  ["cpf"]=>
  string(11) "13574193688"
  ["email"]=>
  string(26) "jonasgustavoreis@gmail.com"
  ["placa"]=>
  string(7) "RMI5H22"
  ["unidade"]=>
  array(1) {
    [0]=>
    string(1) "7"
  }
}

[24/10/2023 12:14:45] Verificando a solicitação...
[24/10/2023 12:14:45] abgsoft-autopark-unimed.php
array(5) {
  ["nome"]=>
  string(15) "Isabela almeida"
  ["cpf"]=>
  string(11) "13473527670"
  ["email"]=>
  string(26) "isabelaaraujo.a@icloud.com"
  ["placa"]=>
  string(7) "Rmj7e54"
  ["unidade"]=>
  array(1) {
    [0]=>
    string(1) "5"
  }
}

[24/10/2023 12:17:21] Verificando a solicitação...
[24/10/2023 12:17:21] abgsoft-autopark-unimed.php
array(5) {
  ["nome"]=>
  string(12) "Nivia Duarte"
  ["cpf"]=>
  string(14) "058.031.076-03"
  ["email"]=>
  string(21) "niviaedf@yahoo.com.br"
  ["placa"]=>
  string(8) "QQP1008 "
  ["unidade"]=>
  array(1) {
    [0]=>
    string(1) "7"
  }
}

[24/10/2023 12:21:30] Verificando a solicitação...
[24/10/2023 12:21:30] abgsoft-autopark-unimed.php
array(5) {
  ["nome"]=>
  string(13) "Karine Mendes"
  ["cpf"]=>
  string(14) "116.444.936-24"
  ["email"]=>
  string(24) "karinemoreno10@gmail.com"
  ["placa"]=>
  string(7) "HHT1778"
  ["unidade"]=>
  array(1) {
    [0]=>
    string(1) "7"
  }
}

[24/10/2023 12:23:14] Verificando a solicitação...
[24/10/2023 12:23:14] abgsoft-autopark-unimed.php
array(5) {
  ["nome"]=>
  string(22) "DANIELLE SANTOS ARAUJO"
  ["cpf"]=>
  string(14) "078.640.236-90"
  ["email"]=>
  string(25) "danisantos_16@hotmail.com"
  ["placa"]=>
  string(8) "Hhx6i03 "
  ["unidade"]=>
  array(1) {
    [0]=>
    string(1) "2"
  }
}

[24/10/2023 02:13:58] Verificando a solicitação...
[24/10/2023 02:13:58] abgsoft-autopark-unimed.php
array(5) {
  ["nome"]=>
  string(10) "Marileuza "
  ["cpf"]=>
  string(15) "039.784.096-90 "
  ["email"]=>
  string(26) "marileuzacosta35@gmail.com"
  ["placa"]=>
  string(7) "HDV9I86"
  ["unidade"]=>
  array(1) {
    [0]=>
    string(1) "2"
  }
}

[24/10/2023 02:24:30] Verificando a solicitação...
[24/10/2023 02:24:30] abgsoft-autopark-unimed.php
array(5) {
  ["nome"]=>
  string(33) "Sheila Aparecida Silveira Araujo "
  ["cpf"]=>
  string(11) "01629236608"
  ["email"]=>
  string(27) "sheilinha.jgmkv@hotmail.com"
  ["placa"]=>
  string(7) "QOR1104"
  ["unidade"]=>
  array(1) {
    [0]=>
    string(1) "5"
  }
}

[24/10/2023 02:51:34] Verificando a solicitação...
[24/10/2023 03:40:21] Verificando a solicitação...
[24/10/2023 03:40:21] abgsoft-autopark-unimed.php
array(5) {
  ["nome"]=>
  string(26) "LEONARDO HENRIQUE DE SOUZA"
  ["cpf"]=>
  string(14) "076.482.316-70"
  ["email"]=>
  string(27) "leonardohennrique@gmail.com"
  ["placa"]=>
  string(7) "PWF2304"
  ["unidade"]=>
  array(1) {
    [0]=>
    string(1) "2"
  }
}

[24/10/2023 03:59:00] Verificando a solicitação...
[24/10/2023 04:39:06] Verificando a solicitação...
[24/10/2023 04:39:06] abgsoft-autopark-unimed.php
array(5) {
  ["nome"]=>
  string(30) "Karina Lucia Ribeiro de Cristo"
  ["cpf"]=>
  string(14) "014.918.976-19"
  ["email"]=>
  string(28) "karinaluciaribeiro@gmail.com"
  ["placa"]=>
  string(7) "OLW9855"
  ["unidade"]=>
  array(1) {
    [0]=>
    string(1) "7"
  }
}

[24/10/2023 04:49:23] Verificando a solicitação...
[24/10/2023 04:49:23] abgsoft-autopark-unimed.php
array(5) {
  ["nome"]=>
  string(25) "Camila Bonfim De Oliveira"
  ["cpf"]=>
  string(11) "12123892637"
  ["email"]=>
  string(24) "camilabonfim94@gmail.com"
  ["placa"]=>
  string(7) "HIR1887"
  ["unidade"]=>
  array(1) {
    [0]=>
    string(1) "5"
  }
}

[24/10/2023 04:55:19] Verificando a solicitação...
[24/10/2023 04:55:19] abgsoft-autopark-unimed.php
array(5) {
  ["nome"]=>
  string(6) "Lorena"
  ["cpf"]=>
  string(11) "13346445607"
  ["email"]=>
  string(25) "lorena-alkmim@hotmail.com"
  ["placa"]=>
  string(7) "Rus1c45"
  ["unidade"]=>
  array(1) {
    [0]=>
    string(1) "7"
  }
}

[24/10/2023 04:58:01] Verificando a solicitação...
[24/10/2023 06:12:26] Verificando a solicitação...
[24/10/2023 06:13:32] Verificando a solicitação...
[24/10/2023 06:13:32] abgsoft-autopark-unimed.php
array(5) {
  ["nome"]=>
  string(9) "Guilherme"
  ["cpf"]=>
  string(11) "09155889603"
  ["email"]=>
  string(24) "guih.bonifacio@gmail.com"
  ["placa"]=>
  string(7) "Hla1e63"
  ["unidade"]=>
  array(1) {
    [0]=>
    string(1) "5"
  }
}

[24/10/2023 06:16:45] Verificando a solicitação...
[24/10/2023 06:16:45] abgsoft-autopark-unimed.php
array(5) {
  ["nome"]=>
  string(27) "Tiago Eustaquio Diniz Silva"
  ["cpf"]=>
  string(11) "03950392661"
  ["email"]=>
  string(23) "tiagoediniz@hotmail.com"
  ["placa"]=>
  string(8) "OPL-8352"
  ["unidade"]=>
  array(1) {
    [0]=>
    string(1) "5"
  }
}

[24/10/2023 06:55:31] Verificando a solicitação...
[24/10/2023 06:55:31] abgsoft-autopark-unimed.php
array(5) {
  ["nome"]=>
  string(29) "Laise Cristina Machado Santos"
  ["cpf"]=>
  string(14) "055.965.696-31"
  ["email"]=>
  string(20) "laisecms@hotmail.com"
  ["placa"]=>
  string(7) "RVQ4A57"
  ["unidade"]=>
  array(1) {
    [0]=>
    string(1) "3"
  }
}

[24/10/2023 06:58:26] Verificando a solicitação...
[24/10/2023 06:58:26] abgsoft-autopark-unimed.php
array(5) {
  ["nome"]=>
  string(28) "Cátia Maria Estanislau Neto"
  ["cpf"]=>
  string(11) "55934498649"
  ["email"]=>
  string(31) "catia.estanislau.neto@gmail.com"
  ["placa"]=>
  string(8) "HNS-8538"
  ["unidade"]=>
  array(1) {
    [0]=>
    string(1) "2"
  }
}

[24/10/2023 07:12:58] Verificando a solicitação...
[24/10/2023 07:12:58] abgsoft-autopark-unimed.php
array(5) {
  ["nome"]=>
  string(26) "Milton  Flávio  da Silva "
  ["cpf"]=>
  string(14) "155.498.526-91"
  ["email"]=>
  string(26) "miltonletro17@yahoo.com.br"
  ["placa"]=>
  string(7) "RJJ2C83"
  ["unidade"]=>
  array(1) {
    [0]=>
    string(1) "5"
  }
}

[24/10/2023 07:15:02] Verificando a solicitação...
[24/10/2023 07:15:02] abgsoft-autopark-unimed.php
array(5) {
  ["nome"]=>
  string(27) "Eric Camilo Moreira Santos "
  ["cpf"]=>
  string(11) "10057981680"
  ["email"]=>
  string(23) "janainascs2@hotmail.com"
  ["placa"]=>
  string(7) "Heq8680"
  ["unidade"]=>
  array(1) {
    [0]=>
    string(1) "7"
  }
}

[24/10/2023 07:42:05] Verificando a solicitação...
[24/10/2023 07:42:05] abgsoft-autopark-unimed.php
array(5) {
  ["nome"]=>
  string(25) "Phelipe rodrigues coimbra"
  ["cpf"]=>
  string(11) "09970124633"
  ["email"]=>
  string(22) "phelipe107@hotmail.com"
  ["placa"]=>
  string(7) "Gfu9f45"
  ["unidade"]=>
  array(1) {
    [0]=>
    string(1) "5"
  }
}

[24/10/2023 08:36:49] Verificando a solicitação...
[24/10/2023 08:36:49] abgsoft-autopark-unimed.php
array(5) {
  ["nome"]=>
  string(17) "Augusto guimaraes"
  ["cpf"]=>
  string(11) "99069938634"
  ["email"]=>
  string(21) "gutofusca@hotmail.com"
  ["placa"]=>
  string(7) "PYX5585"
  ["unidade"]=>
  array(1) {
    [0]=>
    string(1) "5"
  }
}

[24/10/2023 08:46:23] Verificando a solicitação...
[24/10/2023 08:46:23] abgsoft-autopark-unimed.php
array(5) {
  ["nome"]=>
  string(24) "Filipe de Lorenzo Framil"
  ["cpf"]=>
  string(11) "05703347645"
  ["email"]=>
  string(23) "filipe.framil@gmail.com"
  ["placa"]=>
  string(7) "KYW6G84"
  ["unidade"]=>
  array(1) {
    [0]=>
    string(1) "5"
  }
}

[24/10/2023 09:02:09] Verificando a solicitação...
[24/10/2023 09:02:09] abgsoft-autopark-unimed.php
array(5) {
  ["nome"]=>
  string(14) "Raquel Falcone"
  ["cpf"]=>
  string(15) "599 635 576 00 "
  ["email"]=>
  string(27) "raquelfalcone0309@gmail.com"
  ["placa"]=>
  string(7) "qww7314"
  ["unidade"]=>
  array(1) {
    [0]=>
    string(1) "5"
  }
}

[24/10/2023 09:02:52] Verificando a solicitação...
[24/10/2023 09:02:52] abgsoft-autopark-unimed.php
array(5) {
  ["nome"]=>
  string(24) "Raquel Falcone Azevêdo "
  ["cpf"]=>
  string(15) "599 635 576 00 "
  ["email"]=>
  string(28) "raquelfalcone0309@gmail.comr"
  ["placa"]=>
  string(7) "qww7314"
  ["unidade"]=>
  array(1) {
    [0]=>
    string(1) "5"
  }
}

[24/10/2023 09:09:28] Verificando a solicitação...
[24/10/2023 09:09:28] abgsoft-autopark-unimed.php
array(5) {
  ["nome"]=>
  string(24) "Marco Antonio dos Santos"
  ["cpf"]=>
  string(14) "685.857.726-20"
  ["email"]=>
  string(30) "marco.visaquality@yahoo.com.br"
  ["placa"]=>
  string(7) "FMI3610"
  ["unidade"]=>
  array(1) {
    [0]=>
    string(1) "7"
  }
}

[24/10/2023 09:43:10] Verificando a solicitação...
[24/10/2023 09:43:10] abgsoft-autopark-unimed.php
array(5) {
  ["nome"]=>
  string(22) "Amanda Lorena Silveira"
  ["cpf"]=>
  string(11) "12081244632"
  ["email"]=>
  string(21) "amandalorena@live.com"
  ["placa"]=>
  string(8) "ORD9J98 "
  ["unidade"]=>
  array(1) {
    [0]=>
    string(1) "5"
  }
}

[24/10/2023 10:07:04] Verificando a solicitação...
[24/10/2023 10:07:04] abgsoft-autopark-unimed.php
array(5) {
  ["nome"]=>
  string(24) "Alcimar de Fátima Rosa "
  ["cpf"]=>
  string(14) "864.144.376-20"
  ["email"]=>
  string(25) "alcimardefatima@gmail.com"
  ["placa"]=>
  string(7) "OOY7954"
  ["unidade"]=>
  array(1) {
    [0]=>
    string(1) "5"
  }
}

[24/10/2023 10:35:09] Verificando a solicitação...
[24/10/2023 10:41:33] Verificando a solicitação...
[24/10/2023 10:41:33] abgsoft-autopark-unimed.php
array(5) {
  ["nome"]=>
  string(18) "Suelem Alda Vieira"
  ["cpf"]=>
  string(14) "057.059.736-67"
  ["email"]=>
  string(20) "suelemalda@gmail.com"
  ["placa"]=>
  string(7) "PTN2I22"
  ["unidade"]=>
  array(1) {
    [0]=>
    string(1) "5"
  }
}

[24/10/2023 11:56:48] Verificando a solicitação...
[24/10/2023 11:56:48] abgsoft-autopark-unimed.php
array(5) {
  ["nome"]=>
  string(42) "Michele de Carvalho Figueiredo Gonçalves "
  ["cpf"]=>
  string(14) "096.143.676-01"
  ["email"]=>
  string(27) "michelevieira72@hotmail.com"
  ["placa"]=>
  string(8) "ORA-4994"
  ["unidade"]=>
  array(1) {
    [0]=>
    string(1) "5"
  }
}

[24/10/2023 11:58:01] Verificando a solicitação...
[24/10/2023 11:58:01] abgsoft-autopark-unimed.php
array(5) {
  ["nome"]=>
  string(42) "Michele de Carvalho Figueiredo Gonçalves "
  ["cpf"]=>
  string(14) "096.143.676-01"
  ["email"]=>
  string(27) "michelevieira72@hotmail.com"
  ["placa"]=>
  string(8) "ORA-4994"
  ["unidade"]=>
  array(1) {
    [0]=>
    string(1) "5"
  }
}

