[12/08/2023 01:33:18] Verificando a solicitação...
[12/08/2023 01:33:18] abgsoft-autopark-unimed.php
array(5) {
  ["nome"]=>
  string(24) "NELMA DE OLIVEIRA BASTOS"
  ["cpf"]=>
  string(14) "739.737.006-30"
  ["email"]=>
  string(20) "nelmaob@yahoo.com.br"
  ["placa"]=>
  string(7) "SID3E48"
  ["unidade"]=>
  array(1) {
    [0]=>
    string(1) "5"
  }
}

[12/08/2023 08:06:03] Verificando a solicitação...
[12/08/2023 08:06:03] abgsoft-autopark-unimed.php
array(5) {
  ["nome"]=>
  string(25) "ALEXANDRE CAMPOS DA COSTA"
  ["cpf"]=>
  string(14) "041.448.166-64"
  ["email"]=>
  string(27) "alexcamposcosta78@gmail.com"
  ["placa"]=>
  string(7) "OQI3C97"
  ["unidade"]=>
  array(1) {
    [0]=>
    string(1) "5"
  }
}

[12/08/2023 09:47:33] Verificando a solicitação...
[12/08/2023 09:47:33] abgsoft-autopark-unimed.php
array(5) {
  ["nome"]=>
  string(31) "MARCO AURELIO RIDOLFI DE MORAIS"
  ["cpf"]=>
  string(14) "061.568.666-47"
  ["email"]=>
  string(22) "marcoarmster@gmail.com"
  ["placa"]=>
  string(7) "Pwx1b01"
  ["unidade"]=>
  array(1) {
    [0]=>
    string(1) "4"
  }
}

