[18/10/2024 02:35:58] Verificando a solicitação...
[18/10/2024 02:35:58] abgsoft-autopark-unimed.php
array(5) {
  ["nome"]=>
  string(32) "ELIZIENE MARIA DE ALMEIDA GADONI"
  ["cpf"]=>
  string(14) "087.705.136-43"
  ["email"]=>
  string(26) "eliziene.almeida@gmail.com"
  ["placa"]=>
  string(7) "PWB2G67"
  ["unidade"]=>
  array(1) {
    [0]=>
    string(1) "5"
  }
}

[18/10/2024 05:31:30] Verificando a solicitação...
[18/10/2024 05:31:30] abgsoft-autopark-unimed.php
array(5) {
  ["nome"]=>
  string(24) "Marden Magalhães Macedo"
  ["cpf"]=>
  string(11) "01196167699"
  ["email"]=>
  string(22) "mardenmacedo@gmail.com"
  ["placa"]=>
  string(7) "RTC8E81"
  ["unidade"]=>
  array(1) {
    [0]=>
    string(1) "2"
  }
}

[18/10/2024 07:56:42] Verificando a solicitação...
[18/10/2024 08:00:15] Verificando a solicitação...
[18/10/2024 08:30:05] Verificando a solicitação...
[18/10/2024 08:30:05] abgsoft-autopark-unimed.php
array(5) {
  ["nome"]=>
  string(24) "Luciano Cenci Hila Busch"
  ["cpf"]=>
  string(11) "03442759650"
  ["email"]=>
  string(18) "lchbusch@gmail.com"
  ["placa"]=>
  string(7) "RMD3H14"
  ["unidade"]=>
  array(1) {
    [0]=>
    string(1) "1"
  }
}

[18/10/2024 11:51:01] Verificando a solicitação...
