[30/12/2024 04:51:23] Verificando a solicitação...
[30/12/2024 04:41:40] Verificando a solicitação...
[30/12/2024 05:35:13] Verificando a solicitação...
[30/12/2024 05:35:13] abgsoft-autopark-unimed.php
array(5) {
  ["nome"]=>
  string(30) "Alberto Lacerda Moreira Junior"
  ["cpf"]=>
  string(14) "085.503.115-88"
  ["email"]=>
  string(24) "albertolscerda@gmail.com"
  ["placa"]=>
  string(7) "Hdd5i03"
  ["unidade"]=>
  array(1) {
    [0]=>
    string(1) "3"
  }
}

[30/12/2024 06:49:04] Verificando a solicitação...
[30/12/2024 09:47:02] Verificando a solicitação...
[30/12/2024 09:54:09] Verificando a solicitação...
[30/12/2024 09:54:09] abgsoft-autopark-unimed.php
array(5) {
  ["nome"]=>
  string(30) "TATIANA CRISTINA DE SOUZA REIS"
  ["cpf"]=>
  string(14) "017.655.806-33"
  ["email"]=>
  string(28) "tatiana.cristina16@gmail.com"
  ["placa"]=>
  string(8) "HAK1C00 "
  ["unidade"]=>
  array(1) {
    [0]=>
    string(1) "7"
  }
}

[30/12/2024 11:06:32] Verificando a solicitação...
