[20/01/2024 10:07:06] Verificando a solicitação...
[20/01/2024 10:07:06] abgsoft-autopark-unimed.php
array(5) {
  ["nome"]=>
  string(24) "LUCIANO CENCI HILA BUSCH"
  ["cpf"]=>
  string(11) "03442759650"
  ["email"]=>
  string(18) "lchbusch@gmail.com"
  ["placa"]=>
  string(7) "RMD3H14"
  ["unidade"]=>
  array(1) {
    [0]=>
    string(1) "5"
  }
}

[20/01/2024 11:47:10] Verificando a solicitação...
[20/01/2024 01:52:23] Verificando a solicitação...
[20/01/2024 03:11:50] Verificando a solicitação...
[20/01/2024 03:11:50] abgsoft-autopark-unimed.php
array(5) {
  ["nome"]=>
  string(21) "Marcelo Luiz Da Silva"
  ["cpf"]=>
  string(14) "977.988.516-15"
  ["email"]=>
  string(29) "elisangelajanaina@hotmail.com"
  ["placa"]=>
  string(7) "FQI8A88"
  ["unidade"]=>
  array(1) {
    [0]=>
    string(1) "7"
  }
}

[20/01/2024 04:08:07] Verificando a solicitação...
[20/01/2024 04:08:07] abgsoft-autopark-unimed.php
array(5) {
  ["nome"]=>
  string(27) "CARLOS Roberto Pinto Portes"
  ["cpf"]=>
  string(11) "47336803687"
  ["email"]=>
  string(31) "carlosportesvendas@yahoo.com.br"
  ["placa"]=>
  string(7) "PUO5123"
  ["unidade"]=>
  array(1) {
    [0]=>
    string(1) "2"
  }
}

[20/01/2024 04:49:55] Verificando a solicitação...
[20/01/2024 04:49:55] Verificando a solicitação...
[20/01/2024 04:49:56] Verificando a solicitação...
[20/01/2024 04:49:57] Verificando a solicitação...
[20/01/2024 06:30:16] Verificando a solicitação...
[20/01/2024 11:40:36] Verificando a solicitação...
[20/01/2024 11:40:36] abgsoft-autopark-unimed.php
array(5) {
  ["nome"]=>
  string(24) "Keylla Martins da Rocha "
  ["cpf"]=>
  string(14) "016.601.886-44"
  ["email"]=>
  string(25) "Keyllarochabh@hotmail.com"
  ["placa"]=>
  string(7) "Hed6762"
  ["unidade"]=>
  array(1) {
    [0]=>
    string(1) "7"
  }
}

