[17/12/2024 12:13:11] Verificando a solicitação...
[17/12/2024 12:13:11] abgsoft-autopark-unimed.php
array(5) {
  ["nome"]=>
  string(12) "Pietro Artur"
  ["cpf"]=>
  string(11) "10495167614"
  ["email"]=>
  string(24) "pietroartur@yahoo.com.br"
  ["placa"]=>
  string(7) "gsw5i64"
  ["unidade"]=>
  array(1) {
    [0]=>
    string(1) "7"
  }
}

[17/12/2024 02:34:32] Verificando a solicitação...
[17/12/2024 02:34:32] abgsoft-autopark-unimed.php
array(5) {
  ["nome"]=>
  string(19) "André Sena Simão "
  ["cpf"]=>
  string(11) "04104659681"
  ["email"]=>
  string(24) "andre.sena69@hotmail.com"
  ["placa"]=>
  string(7) "pui9621"
  ["unidade"]=>
  array(1) {
    [0]=>
    string(1) "5"
  }
}

[17/12/2024 03:31:54] Verificando a solicitação...
[17/12/2024 03:31:54] abgsoft-autopark-unimed.php
array(5) {
  ["nome"]=>
  string(27) "SONIA MARIA DA SILVA VIEIRA"
  ["cpf"]=>
  string(11) "94113955700"
  ["email"]=>
  string(24) "vieira.braulio@gmail.com"
  ["placa"]=>
  string(8) "Krs4399 "
  ["unidade"]=>
  array(1) {
    [0]=>
    string(1) "7"
  }
}

[17/12/2024 09:53:12] Verificando a solicitação...
[17/12/2024 09:53:12] abgsoft-autopark-unimed.php
array(5) {
  ["nome"]=>
  string(30) "Marcos José de Oliveira Pinto"
  ["cpf"]=>
  string(11) "04638633641"
  ["email"]=>
  string(21) "marcusjop@hotmail.com"
  ["placa"]=>
  string(7) "OQG0966"
  ["unidade"]=>
  array(1) {
    [0]=>
    string(1) "5"
  }
}

[17/12/2024 10:06:02] Verificando a solicitação...
[17/12/2024 10:06:02] abgsoft-autopark-unimed.php
array(5) {
  ["nome"]=>
  string(21) "silvia roberta vieira"
  ["cpf"]=>
  string(14) "012.170.596-01"
  ["email"]=>
  string(22) "silvinha.r@hotmail.com"
  ["placa"]=>
  string(7) "pwy9f83"
  ["unidade"]=>
  array(1) {
    [0]=>
    string(1) "7"
  }
}

[17/12/2024 10:55:20] Verificando a solicitação...
[17/12/2024 10:55:20] abgsoft-autopark-unimed.php
array(5) {
  ["nome"]=>
  string(31) "Paulo Henrique Pereira de Moura"
  ["cpf"]=>
  string(14) "055.057.656-88"
  ["email"]=>
  string(20) "ph.pmoura@bol.com.br"
  ["placa"]=>
  string(8) "FLO 8339"
  ["unidade"]=>
  array(1) {
    [0]=>
    string(1) "5"
  }
}

[17/12/2024 11:15:09] Verificando a solicitação...
[17/12/2024 11:15:09] abgsoft-autopark-unimed.php
array(5) {
  ["nome"]=>
  string(31) "Nayara Mary da Silva Pena Bento"
  ["cpf"]=>
  string(14) "095.511.296-60"
  ["email"]=>
  string(23) "nayaramary@yahoo.com.br"
  ["placa"]=>
  string(7) "HFR7I23"
  ["unidade"]=>
  array(1) {
    [0]=>
    string(1) "7"
  }
}

[17/12/2024 11:29:44] Verificando a solicitação...
[17/12/2024 11:29:44] abgsoft-autopark-unimed.php
array(5) {
  ["nome"]=>
  string(22) "Thaís do valle loiola"
  ["cpf"]=>
  string(11) "12926951612"
  ["email"]=>
  string(24) "thais-loiola@hotmail.com"
  ["placa"]=>
  string(7) "HML4B55"
  ["unidade"]=>
  array(1) {
    [0]=>
    string(1) "7"
  }
}

[17/12/2024 11:57:44] Verificando a solicitação...
[17/12/2024 11:57:44] abgsoft-autopark-unimed.php
array(5) {
  ["nome"]=>
  string(20) "ANTONIO ALTINO FILHO"
  ["cpf"]=>
  string(11) "07178069600"
  ["email"]=>
  string(25) "silvania.altino@gmail.com"
  ["placa"]=>
  string(7) "QOB7861"
  ["unidade"]=>
  array(1) {
    [0]=>
    string(1) "2"
  }
}

[17/12/2024 12:26:02] Verificando a solicitação...
[17/12/2024 12:26:02] abgsoft-autopark-unimed.php
array(5) {
  ["nome"]=>
  string(21) "João Batista Ribeiro"
  ["cpf"]=>
  string(14) "264.394.256-68"
  ["email"]=>
  string(23) "jbr.machadobh@gmail.com"
  ["placa"]=>
  string(7) "QNX1841"
  ["unidade"]=>
  array(1) {
    [0]=>
    string(1) "5"
  }
}

[17/12/2024 12:28:38] Verificando a solicitação...
[17/12/2024 12:28:38] abgsoft-autopark-unimed.php
array(5) {
  ["nome"]=>
  string(32) "EMANUELLE ISABELA DINIZ DE JESUS"
  ["cpf"]=>
  string(12) "09502192664 "
  ["email"]=>
  string(21) "mdcontato@hotmail.com"
  ["placa"]=>
  string(7) "Rth1e16"
  ["unidade"]=>
  array(1) {
    [0]=>
    string(1) "7"
  }
}

[17/12/2024 12:53:52] Verificando a solicitação...
[17/12/2024 12:53:52] abgsoft-autopark-unimed.php
array(5) {
  ["nome"]=>
  string(34) "JESSICA NATALIA DE OLIVEIRA ISRAEL"
  ["cpf"]=>
  string(14) "095.912.376-85"
  ["email"]=>
  string(23) "jeh.natalia91@gmail.com"
  ["placa"]=>
  string(7) "QNV4J34"
  ["unidade"]=>
  array(1) {
    [0]=>
    string(1) "7"
  }
}

[17/12/2024 01:56:55] Verificando a solicitação...
[17/12/2024 01:56:55] abgsoft-autopark-unimed.php
array(5) {
  ["nome"]=>
  string(17) "Fausto Cerqueira "
  ["cpf"]=>
  string(11) "13432928687"
  ["email"]=>
  string(18) "faustoec@gmail.com"
  ["placa"]=>
  string(8) "OQK6017 "
  ["unidade"]=>
  array(1) {
    [0]=>
    string(1) "5"
  }
}

[17/12/2024 02:12:35] Verificando a solicitação...
[17/12/2024 02:12:35] abgsoft-autopark-unimed.php
array(5) {
  ["nome"]=>
  string(19) "ROGER ARRIGHI ROSSI"
  ["cpf"]=>
  string(14) "001.868.206-58"
  ["email"]=>
  string(25) "contato@rogerrossi.com.br"
  ["placa"]=>
  string(7) "rvc1c46"
  ["unidade"]=>
  array(1) {
    [0]=>
    string(1) "5"
  }
}

[17/12/2024 03:28:52] Verificando a solicitação...
[17/12/2024 03:50:52] Verificando a solicitação...
[17/12/2024 03:50:52] abgsoft-autopark-unimed.php
array(5) {
  ["nome"]=>
  string(30) "JAQUELINE FERNANDES DOS SANTOS"
  ["cpf"]=>
  string(14) "067.757.706-00"
  ["email"]=>
  string(21) "jackfds2010@gmail.com"
  ["placa"]=>
  string(7) "HOD1676"
  ["unidade"]=>
  array(1) {
    [0]=>
    string(1) "7"
  }
}

[17/12/2024 04:04:18] Verificando a solicitação...
[17/12/2024 04:04:18] abgsoft-autopark-unimed.php
array(5) {
  ["nome"]=>
  string(31) "Ludymila Ágata Santos de Assis"
  ["cpf"]=>
  string(11) "10810009617"
  ["email"]=>
  string(23) "myllahtynha19@gmail.com"
  ["placa"]=>
  string(7) "AUP0A51"
  ["unidade"]=>
  array(1) {
    [0]=>
    string(1) "1"
  }
}

[17/12/2024 04:19:19] Verificando a solicitação...
[17/12/2024 04:19:19] abgsoft-autopark-unimed.php
array(5) {
  ["nome"]=>
  string(33) "Stael Cristina Araujo dos Santos "
  ["cpf"]=>
  string(14) "768.653.046-91"
  ["email"]=>
  string(21) "staelcris@hotmail.com"
  ["placa"]=>
  string(7) "QNA1690"
  ["unidade"]=>
  array(1) {
    [0]=>
    string(1) "5"
  }
}

[17/12/2024 04:46:28] Verificando a solicitação...
[17/12/2024 04:46:28] abgsoft-autopark-unimed.php
array(5) {
  ["nome"]=>
  string(27) "Ana Beatriz Baracat Pereira"
  ["cpf"]=>
  string(11) "02843754623"
  ["email"]=>
  string(30) "ana.baracat@educacao.mg.gov.br"
  ["placa"]=>
  string(7) "PXH8522"
  ["unidade"]=>
  array(1) {
    [0]=>
    string(1) "2"
  }
}

[17/12/2024 04:46:43] Verificando a solicitação...
[17/12/2024 04:46:43] abgsoft-autopark-unimed.php
array(5) {
  ["nome"]=>
  string(27) "Giovanna Cristina Haussmann"
  ["cpf"]=>
  string(14) "758.377.146-34"
  ["email"]=>
  string(24) "giovannacah@yahoo.com.br"
  ["placa"]=>
  string(8) "QSF5A94 "
  ["unidade"]=>
  array(1) {
    [0]=>
    string(1) "7"
  }
}

[17/12/2024 05:04:19] Verificando a solicitação...
[17/12/2024 05:04:19] abgsoft-autopark-unimed.php
array(5) {
  ["nome"]=>
  string(26) "LUCELIA RIBEIRO DOS SANTOS"
  ["cpf"]=>
  string(14) "040.855.756-78"
  ["email"]=>
  string(23) "lucelia.henri@gmail.com"
  ["placa"]=>
  string(7) "OPQ0E83"
  ["unidade"]=>
  array(1) {
    [0]=>
    string(1) "5"
  }
}

[17/12/2024 05:30:30] Verificando a solicitação...
[17/12/2024 05:30:30] abgsoft-autopark-unimed.php
array(5) {
  ["nome"]=>
  string(25) "Angelo da Silva Ferreira "
  ["cpf"]=>
  string(11) "03898079660"
  ["email"]=>
  string(23) "ferreiragtr@hotmail.com"
  ["placa"]=>
  string(7) "Hjf3d12"
  ["unidade"]=>
  array(1) {
    [0]=>
    string(1) "3"
  }
}

[17/12/2024 06:23:58] Verificando a solicitação...
[17/12/2024 06:23:58] abgsoft-autopark-unimed.php
array(5) {
  ["nome"]=>
  string(21) "Edmar Camilo da Costa"
  ["cpf"]=>
  string(11) "66165679668"
  ["email"]=>
  string(22) "edmar.costa@omexom.com"
  ["placa"]=>
  string(8) "HKW-1235"
  ["unidade"]=>
  array(1) {
    [0]=>
    string(1) "7"
  }
}

[17/12/2024 07:32:56] Verificando a solicitação...
[17/12/2024 07:35:11] Verificando a solicitação...
[17/12/2024 07:35:11] abgsoft-autopark-unimed.php
array(5) {
  ["nome"]=>
  string(24) "Mauro Lúcio de Oliveira"
  ["cpf"]=>
  string(15) "913.943.926-72 "
  ["email"]=>
  string(28) "mauroempresa2011@hotmail.com"
  ["placa"]=>
  string(7) "FTH8D93"
  ["unidade"]=>
  array(1) {
    [0]=>
    string(1) "3"
  }
}

[17/12/2024 09:05:05] Verificando a solicitação...
[17/12/2024 09:05:05] abgsoft-autopark-unimed.php
array(5) {
  ["nome"]=>
  string(12) "Nivia Duarte"
  ["cpf"]=>
  string(14) "058.031.076-03"
  ["email"]=>
  string(21) "niviaedf@yahoo.com.br"
  ["placa"]=>
  string(8) "QQP1008 "
  ["unidade"]=>
  array(1) {
    [0]=>
    string(1) "7"
  }
}

[17/12/2024 11:21:55] Verificando a solicitação...
[17/12/2024 11:21:55] abgsoft-autopark-unimed.php
array(5) {
  ["nome"]=>
  string(29) "milena freire de castro souza"
  ["cpf"]=>
  string(11) "04117556681"
  ["email"]=>
  string(18) "milenacz@gmail.com"
  ["placa"]=>
  string(7) "FYC6D37"
  ["unidade"]=>
  array(1) {
    [0]=>
    string(1) "5"
  }
}

[17/12/2024 11:43:22] Verificando a solicitação...
[17/12/2024 11:43:22] abgsoft-autopark-unimed.php
array(5) {
  ["nome"]=>
  string(16) "Lucas Fernandes "
  ["cpf"]=>
  string(11) "11950655660"
  ["email"]=>
  string(25) "tatianasales01@icloud.com"
  ["placa"]=>
  string(7) "RNQ9A04"
  ["unidade"]=>
  array(1) {
    [0]=>
    string(1) "5"
  }
}

