[24/05/2024 12:42:15] Verificando a solicitação...
[24/05/2024 12:42:15] abgsoft-autopark-unimed.php
array(5) {
  ["nome"]=>
  string(29) "Wilklen Adriano Izabel silva "
  ["cpf"]=>
  string(14) "012.082.896-08"
  ["email"]=>
  string(26) "wilklenaizabel@hotmail.com"
  ["placa"]=>
  string(7) "HMB2371"
  ["unidade"]=>
  array(1) {
    [0]=>
    string(1) "7"
  }
}

[24/05/2024 01:12:05] Verificando a solicitação...
[24/05/2024 01:12:05] abgsoft-autopark-unimed.php
array(5) {
  ["nome"]=>
  string(33) "Ana Paula Rodrigues da Cruz Silva"
  ["cpf"]=>
  string(20) "052 . 566 . 326 - 63"
  ["email"]=>
  string(21) "anaped01@yahoo.com.br"
  ["placa"]=>
  string(7) "SHD2I40"
  ["unidade"]=>
  array(1) {
    [0]=>
    string(1) "7"
  }
}

[24/05/2024 02:47:48] Verificando a solicitação...
[24/05/2024 02:47:48] abgsoft-autopark-unimed.php
array(5) {
  ["nome"]=>
  string(24) "Adriana dos Reis Pereira"
  ["cpf"]=>
  string(14) "025.896.076-01"
  ["email"]=>
  string(26) "adri.reispereira@gmail.com"
  ["placa"]=>
  string(7) "FBZ5726"
  ["unidade"]=>
  array(1) {
    [0]=>
    string(1) "5"
  }
}

[24/05/2024 09:30:45] Verificando a solicitação...
[24/05/2024 09:30:45] abgsoft-autopark-unimed.php
array(5) {
  ["nome"]=>
  string(27) "Keiliani Stelle Gonçalves "
  ["cpf"]=>
  string(11) "12527330622"
  ["email"]=>
  string(24) "keilianistelle@gmail.com"
  ["placa"]=>
  string(7) "HGW2612"
  ["unidade"]=>
  array(1) {
    [0]=>
    string(1) "7"
  }
}

[24/05/2024 10:54:08] Verificando a solicitação...
[24/05/2024 11:19:22] Verificando a solicitação...
[24/05/2024 01:14:34] Verificando a solicitação...
[24/05/2024 01:14:34] abgsoft-autopark-unimed.php
array(5) {
  ["nome"]=>
  string(36) "Henrique Eustaquio da Silva Moreira "
  ["cpf"]=>
  string(14) "085.055.586-85"
  ["email"]=>
  string(20) "Hesmoreira@Gmail.com"
  ["placa"]=>
  string(8) "HLB-6h62"
  ["unidade"]=>
  array(1) {
    [0]=>
    string(1) "7"
  }
}

[24/05/2024 02:04:12] Verificando a solicitação...
[24/05/2024 02:04:12] abgsoft-autopark-unimed.php
array(5) {
  ["nome"]=>
  string(14) "Rafael Damião"
  ["cpf"]=>
  string(11) "10480999627"
  ["email"]=>
  string(29) "rafael.rltecnologia@gmail.com"
  ["placa"]=>
  string(7) "HNH8958"
  ["unidade"]=>
  array(1) {
    [0]=>
    string(1) "5"
  }
}

[24/05/2024 03:24:02] Verificando a solicitação...
[24/05/2024 03:57:19] Verificando a solicitação...
[24/05/2024 03:57:19] abgsoft-autopark-unimed.php
array(5) {
  ["nome"]=>
  string(23) "Wilde Svizzero Oliveira"
  ["cpf"]=>
  string(11) "01600282644"
  ["email"]=>
  string(25) "wildesvizzero@hotmail.com"
  ["placa"]=>
  string(7) "PHH0I23"
  ["unidade"]=>
  array(1) {
    [0]=>
    string(1) "5"
  }
}

[24/05/2024 04:52:40] Verificando a solicitação...
[24/05/2024 05:07:23] Verificando a solicitação...
[24/05/2024 06:45:00] Verificando a solicitação...
[24/05/2024 06:45:00] abgsoft-autopark-unimed.php
array(5) {
  ["nome"]=>
  string(34) "Antonio Feliciano Ferreira Júnior"
  ["cpf"]=>
  string(14) "249.548.966-49"
  ["email"]=>
  string(27) "aferreirajunior06@yahoo.com"
  ["placa"]=>
  string(7) "HEW7275"
  ["unidade"]=>
  array(1) {
    [0]=>
    string(1) "4"
  }
}

[24/05/2024 10:44:38] Verificando a solicitação...
[24/05/2024 10:44:38] abgsoft-autopark-unimed.php
array(5) {
  ["nome"]=>
  string(16) "Lucileia Farias "
  ["cpf"]=>
  string(11) "05222074641"
  ["email"]=>
  string(19) "euleia@yahoo.com.br"
  ["placa"]=>
  string(7) "Hbz9254"
  ["unidade"]=>
  array(1) {
    [0]=>
    string(1) "7"
  }
}

