[20/02/2024 12:24:37] Verificando a solicitação...
[20/02/2024 12:24:37] abgsoft-autopark-unimed.php
array(5) {
  ["nome"]=>
  string(24) "ROGERIO ANTONIO EXPEDITO"
  ["cpf"]=>
  string(14) "532.995.156-91"
  ["email"]=>
  string(25) "expeditorogerio@gmail.com"
  ["placa"]=>
  string(7) "OCV6720"
  ["unidade"]=>
  array(1) {
    [0]=>
    string(1) "3"
  }
}

[20/02/2024 12:46:03] Verificando a solicitação...
[20/02/2024 12:46:03] abgsoft-autopark-unimed.php
array(5) {
  ["nome"]=>
  string(34) "Flavio Henrique de Araújo Duarte "
  ["cpf"]=>
  string(11) "06070791851"
  ["email"]=>
  string(17) "fhadsp@uol.com.br"
  ["placa"]=>
  string(7) "EEW2203"
  ["unidade"]=>
  array(1) {
    [0]=>
    string(1) "5"
  }
}

[20/02/2024 12:54:54] Verificando a solicitação...
[20/02/2024 12:54:54] abgsoft-autopark-unimed.php
array(5) {
  ["nome"]=>
  string(22) "Denise Gomes Clavilho "
  ["cpf"]=>
  string(14) "698.183.986-53"
  ["email"]=>
  string(23) "dg.clavilho@hotmail.com"
  ["placa"]=>
  string(7) "RAI3E26"
  ["unidade"]=>
  array(1) {
    [0]=>
    string(1) "7"
  }
}

[20/02/2024 01:52:41] Verificando a solicitação...
[20/02/2024 01:52:41] abgsoft-autopark-unimed.php
array(5) {
  ["nome"]=>
  string(25) "Suzana de Sousa Carvalho "
  ["cpf"]=>
  string(11) "07308572633"
  ["email"]=>
  string(17) "ssc38th@gmail.com"
  ["placa"]=>
  string(7) "Hhm1488"
  ["unidade"]=>
  array(1) {
    [0]=>
    string(1) "1"
  }
}

[20/02/2024 04:53:44] Verificando a solicitação...
[20/02/2024 08:05:07] Verificando a solicitação...
[20/02/2024 10:12:57] Verificando a solicitação...
[20/02/2024 10:12:57] abgsoft-autopark-unimed.php
array(5) {
  ["nome"]=>
  string(30) "Geraldo Eustáquio Estanislau "
  ["cpf"]=>
  string(11) "32549555600"
  ["email"]=>
  string(23) "gestanislau@terra.combr"
  ["placa"]=>
  string(8) "JSF9F61 "
  ["unidade"]=>
  array(1) {
    [0]=>
    string(1) "5"
  }
}

[20/02/2024 10:16:10] Verificando a solicitação...
[20/02/2024 10:16:10] abgsoft-autopark-unimed.php
array(5) {
  ["nome"]=>
  string(12) "Alcina Souto"
  ["cpf"]=>
  string(14) "221.718.276-53"
  ["email"]=>
  string(25) "alcina.souto@terra.com.br"
  ["placa"]=>
  string(8) "QOM-0094"
  ["unidade"]=>
  array(1) {
    [0]=>
    string(1) "5"
  }
}

[20/02/2024 10:22:31] Verificando a solicitação...
[20/02/2024 10:22:31] abgsoft-autopark-unimed.php
array(5) {
  ["nome"]=>
  string(14) "Youssif Simoes"
  ["cpf"]=>
  string(11) "06196125680"
  ["email"]=>
  string(25) "youssifsimoes@hotmail.com"
  ["placa"]=>
  string(7) "RFX7i06"
  ["unidade"]=>
  array(1) {
    [0]=>
    string(1) "5"
  }
}

[20/02/2024 10:23:39] Verificando a solicitação...
[20/02/2024 10:23:39] abgsoft-autopark-unimed.php
array(5) {
  ["nome"]=>
  string(14) "Youssif Simoes"
  ["cpf"]=>
  string(11) "06196125680"
  ["email"]=>
  string(25) "youssifsimoes@hotmail.com"
  ["placa"]=>
  string(7) "RFX7i06"
  ["unidade"]=>
  array(1) {
    [0]=>
    string(1) "7"
  }
}

[20/02/2024 10:52:04] Verificando a solicitação...
[20/02/2024 10:52:04] abgsoft-autopark-unimed.php
array(5) {
  ["nome"]=>
  string(22) "Alexandra Sales Xavier"
  ["cpf"]=>
  string(11) "07256029616"
  ["email"]=>
  string(26) "alexandra_adm@yahoo.com.br"
  ["placa"]=>
  string(7) "OQF7570"
  ["unidade"]=>
  array(1) {
    [0]=>
    string(1) "5"
  }
}

[20/02/2024 11:09:40] Verificando a solicitação...
[20/02/2024 11:09:40] abgsoft-autopark-unimed.php
array(5) {
  ["nome"]=>
  string(25) "Jeanne de Jesus Rodrigues"
  ["cpf"]=>
  string(11) "07604091610"
  ["email"]=>
  string(27) "rodrigues.jeanne1@gmail.com"
  ["placa"]=>
  string(7) "PVT1779"
  ["unidade"]=>
  array(1) {
    [0]=>
    string(1) "5"
  }
}

[20/02/2024 11:55:40] Verificando a solicitação...
[20/02/2024 11:57:36] Verificando a solicitação...
[20/02/2024 11:57:36] abgsoft-autopark-unimed.php
array(5) {
  ["nome"]=>
  string(27) "Reginaldo da Rocha Carolino"
  ["cpf"]=>
  string(14) "761.180.616-53"
  ["email"]=>
  string(29) "rrc.contabilidade@hotmail.com"
  ["placa"]=>
  string(7) "RMI7A20"
  ["unidade"]=>
  array(1) {
    [0]=>
    string(1) "5"
  }
}

[20/02/2024 12:23:56] Verificando a solicitação...
[20/02/2024 12:23:56] abgsoft-autopark-unimed.php
array(5) {
  ["nome"]=>
  string(40) "Vitor Diniz Machado Magalhaes Nascimento"
  ["cpf"]=>
  string(14) "062.542.706-84"
  ["email"]=>
  string(24) "vitordinizm@yahoo.com.br"
  ["placa"]=>
  string(7) "QXE0H82"
  ["unidade"]=>
  array(1) {
    [0]=>
    string(1) "5"
  }
}

[20/02/2024 12:30:29] Verificando a solicitação...
[20/02/2024 12:30:29] abgsoft-autopark-unimed.php
array(5) {
  ["nome"]=>
  string(25) "Marcelo Abraão da Silva "
  ["cpf"]=>
  string(11) "61783730668"
  ["email"]=>
  string(22) "spimenta2306@gmail.com"
  ["placa"]=>
  string(4) "1789"
  ["unidade"]=>
  array(1) {
    [0]=>
    string(1) "7"
  }
}

[20/02/2024 12:32:48] Verificando a solicitação...
[20/02/2024 12:32:48] abgsoft-autopark-unimed.php
array(5) {
  ["nome"]=>
  string(22) "ELYDA APARECIDA GRANDI"
  ["cpf"]=>
  string(14) "031.638.116-04"
  ["email"]=>
  string(17) "elygles@gmail.com"
  ["placa"]=>
  string(7) "DPG8926"
  ["unidade"]=>
  array(1) {
    [0]=>
    string(1) "5"
  }
}

[20/02/2024 12:55:31] Verificando a solicitação...
[20/02/2024 12:55:31] abgsoft-autopark-unimed.php
array(5) {
  ["nome"]=>
  string(19) "Jairo Antônio Reis"
  ["cpf"]=>
  string(11) "22962166687"
  ["email"]=>
  string(30) "rjairoantonioreis478@gmail.com"
  ["placa"]=>
  string(7) "QWZ1478"
  ["unidade"]=>
  array(1) {
    [0]=>
    string(1) "5"
  }
}

[20/02/2024 01:03:40] Verificando a solicitação...
[20/02/2024 01:08:59] Verificando a solicitação...
[20/02/2024 01:08:59] abgsoft-autopark-unimed.php
array(5) {
  ["nome"]=>
  string(15) "JULIANA ATAIDES"
  ["cpf"]=>
  string(14) "035.968.386-06"
  ["email"]=>
  string(20) "ataidestur@gmail.com"
  ["placa"]=>
  string(7) "HDJ8I53"
  ["unidade"]=>
  array(1) {
    [0]=>
    string(1) "5"
  }
}

[20/02/2024 01:27:58] Verificando a solicitação...
[20/02/2024 01:27:58] abgsoft-autopark-unimed.php
array(5) {
  ["nome"]=>
  string(23) "LAURITA VICENTE PEREIRA"
  ["cpf"]=>
  string(14) "507.349.706-68"
  ["email"]=>
  string(25) "laurita.vicente@gmail.com"
  ["placa"]=>
  string(7) "OWM0439"
  ["unidade"]=>
  array(1) {
    [0]=>
    string(1) "7"
  }
}

[20/02/2024 01:32:32] Verificando a solicitação...
[20/02/2024 01:32:32] abgsoft-autopark-unimed.php
array(5) {
  ["nome"]=>
  string(18) "Warley Jose rocha "
  ["cpf"]=>
  string(14) "778.374.446-04"
  ["email"]=>
  string(22) "wjrocha36@yahoo.com.br"
  ["placa"]=>
  string(7) "Siq5j05"
  ["unidade"]=>
  array(1) {
    [0]=>
    string(1) "3"
  }
}

[20/02/2024 02:35:48] Verificando a solicitação...
[20/02/2024 02:35:48] abgsoft-autopark-unimed.php
array(5) {
  ["nome"]=>
  string(6) "Amanda"
  ["cpf"]=>
  string(11) "12081244632"
  ["email"]=>
  string(21) "amandalorena@live.com"
  ["placa"]=>
  string(7) "ORD9J98"
  ["unidade"]=>
  array(1) {
    [0]=>
    string(1) "4"
  }
}

[20/02/2024 03:04:32] Verificando a solicitação...
[20/02/2024 03:04:32] abgsoft-autopark-unimed.php
array(5) {
  ["nome"]=>
  string(22) "SUELEN MARINS DA SILVA"
  ["cpf"]=>
  string(14) "075.544.326-80"
  ["email"]=>
  string(23) "marins.suelen@gmail.com"
  ["placa"]=>
  string(7) "OPD9B05"
  ["unidade"]=>
  array(1) {
    [0]=>
    string(1) "3"
  }
}

[20/02/2024 03:05:57] Verificando a solicitação...
[20/02/2024 03:12:27] Verificando a solicitação...
[20/02/2024 03:12:27] abgsoft-autopark-unimed.php
array(5) {
  ["nome"]=>
  string(34) "Luciana Martins de Oliveira Neres "
  ["cpf"]=>
  string(11) "01590754670"
  ["email"]=>
  string(25) "lucianalauren@hotmail.com"
  ["placa"]=>
  string(7) "grr9807"
  ["unidade"]=>
  array(1) {
    [0]=>
    string(1) "3"
  }
}

[20/02/2024 03:20:27] Verificando a solicitação...
[20/02/2024 03:20:27] abgsoft-autopark-unimed.php
array(5) {
  ["nome"]=>
  string(38) "Gusthavo Henrique de Souza Nascimento "
  ["cpf"]=>
  string(11) "14603862644"
  ["email"]=>
  string(35) "gusthavo.souza@vendasquartzo.com.br"
  ["placa"]=>
  string(7) "RTH9I39"
  ["unidade"]=>
  array(1) {
    [0]=>
    string(1) "3"
  }
}

[20/02/2024 04:01:45] Verificando a solicitação...
[20/02/2024 04:39:21] Verificando a solicitação...
[20/02/2024 04:39:21] abgsoft-autopark-unimed.php
array(5) {
  ["nome"]=>
  string(31) "Rafaela Caroline Alves da silva"
  ["cpf"]=>
  string(10) "1151829690"
  ["email"]=>
  string(24) "rafaelacasilva@gmail.com"
  ["placa"]=>
  string(7) "HFB2B44"
  ["unidade"]=>
  array(1) {
    [0]=>
    string(1) "7"
  }
}

[20/02/2024 06:14:03] Verificando a solicitação...
[20/02/2024 06:14:03] abgsoft-autopark-unimed.php
array(5) {
  ["nome"]=>
  string(18) "Suelem Alda Vieira"
  ["cpf"]=>
  string(14) "057.059.736-67"
  ["email"]=>
  string(20) "suelemalda@gmail.com"
  ["placa"]=>
  string(7) "Ptn2i22"
  ["unidade"]=>
  array(1) {
    [0]=>
    string(1) "5"
  }
}

[20/02/2024 06:30:20] Verificando a solicitação...
[20/02/2024 06:30:20] abgsoft-autopark-unimed.php
array(5) {
  ["nome"]=>
  string(20) "Daniel Batista Moura"
  ["cpf"]=>
  string(14) "045.641.306-50"
  ["email"]=>
  string(28) "danielbmoura198109@gmail.com"
  ["placa"]=>
  string(7) "RTT0G41"
  ["unidade"]=>
  array(1) {
    [0]=>
    string(1) "5"
  }
}

[20/02/2024 06:30:34] Verificando a solicitação...
[20/02/2024 06:30:34] abgsoft-autopark-unimed.php
array(5) {
  ["nome"]=>
  string(26) "Glauber bruno Bolina malta"
  ["cpf"]=>
  string(14) "090.544.046-39"
  ["email"]=>
  string(21) "glauber.bbm@gmail.com"
  ["placa"]=>
  string(7) "pxo6G55"
  ["unidade"]=>
  array(1) {
    [0]=>
    string(1) "5"
  }
}

[20/02/2024 07:41:37] Verificando a solicitação...
[20/02/2024 07:41:37] abgsoft-autopark-unimed.php
array(5) {
  ["nome"]=>
  string(32) "Silvia de Oliveira Birchal Azar "
  ["cpf"]=>
  string(11) "29705010668"
  ["email"]=>
  string(23) "silviabirchal@gmail.com"
  ["placa"]=>
  string(8) "SHJ5B67 "
  ["unidade"]=>
  array(1) {
    [0]=>
    string(1) "5"
  }
}

[20/02/2024 07:48:07] Verificando a solicitação...
[20/02/2024 07:55:45] Verificando a solicitação...
[20/02/2024 07:55:45] abgsoft-autopark-unimed.php
array(5) {
  ["nome"]=>
  string(21) "Jose Gilson de Faria "
  ["cpf"]=>
  string(14) "248.169.066-49"
  ["email"]=>
  string(27) "gilson_artmanha@hotmail.com"
  ["placa"]=>
  string(7) "HMA2503"
  ["unidade"]=>
  array(1) {
    [0]=>
    string(1) "5"
  }
}

[20/02/2024 09:08:04] Verificando a solicitação...
[20/02/2024 09:27:17] Verificando a solicitação...
[20/02/2024 09:27:17] abgsoft-autopark-unimed.php
array(5) {
  ["nome"]=>
  string(33) "Suellen Herminia Diniz Figueiredo"
  ["cpf"]=>
  string(11) "09746950681"
  ["email"]=>
  string(32) "suellendinizfigueiredo@gmail.com"
  ["placa"]=>
  string(7) "PUW7C06"
  ["unidade"]=>
  array(1) {
    [0]=>
    string(1) "7"
  }
}

[20/02/2024 10:03:55] Verificando a solicitação...
[20/02/2024 10:12:33] Verificando a solicitação...
[20/02/2024 10:51:19] Verificando a solicitação...
[20/02/2024 10:55:38] Verificando a solicitação...
