[20/12/2024 12:46:17] Verificando a solicitação...
[20/12/2024 12:46:17] abgsoft-autopark-unimed.php
array(5) {
  ["nome"]=>
  string(16) "Sidnei Brandão "
  ["cpf"]=>
  string(11) "06725298664"
  ["email"]=>
  string(22) "sidnei.j.b@hotmail.com"
  ["placa"]=>
  string(7) "Hhl4927"
  ["unidade"]=>
  array(1) {
    [0]=>
    string(1) "5"
  }
}

[20/12/2024 02:55:48] Verificando a solicitação...
[20/12/2024 02:55:48] abgsoft-autopark-unimed.php
array(5) {
  ["nome"]=>
  string(31) "Juceli Rodrigues de Sousa leite"
  ["cpf"]=>
  string(14) "085.149.966-06"
  ["email"]=>
  string(24) "jurodrigues778@gmail.com"
  ["placa"]=>
  string(7) "RNS2C98"
  ["unidade"]=>
  array(1) {
    [0]=>
    string(1) "5"
  }
}

[20/12/2024 04:22:16] Verificando a solicitação...
[20/12/2024 07:31:57] Verificando a solicitação...
[20/12/2024 10:09:32] Verificando a solicitação...
[20/12/2024 10:09:32] abgsoft-autopark-unimed.php
array(5) {
  ["nome"]=>
  string(26) "Renato Junio Gomes Amaral "
  ["cpf"]=>
  string(14) "006.997.326-11"
  ["email"]=>
  string(27) "renatojunioamaral@gmail.com"
  ["placa"]=>
  string(8) "HNM-0243"
  ["unidade"]=>
  array(1) {
    [0]=>
    string(1) "2"
  }
}

[20/12/2024 10:39:52] Verificando a solicitação...
[20/12/2024 01:21:16] Verificando a solicitação...
[20/12/2024 01:21:16] abgsoft-autopark-unimed.php
array(5) {
  ["nome"]=>
  string(26) "Ricardo Oliveira De Brito "
  ["cpf"]=>
  string(11) "03054207633"
  ["email"]=>
  string(25) "ricardobritorob@gmail.com"
  ["placa"]=>
  string(7) "SYA9A41"
  ["unidade"]=>
  array(1) {
    [0]=>
    string(1) "5"
  }
}

[20/12/2024 01:21:28] Verificando a solicitação...
[20/12/2024 01:21:28] abgsoft-autopark-unimed.php
array(5) {
  ["nome"]=>
  string(26) "Ricardo Oliveira De Brito "
  ["cpf"]=>
  string(11) "03054207633"
  ["email"]=>
  string(25) "ricardobritorob@gmail.com"
  ["placa"]=>
  string(7) "SYA9A41"
  ["unidade"]=>
  array(1) {
    [0]=>
    string(1) "5"
  }
}

[20/12/2024 01:21:44] Verificando a solicitação...
[20/12/2024 01:21:44] abgsoft-autopark-unimed.php
array(5) {
  ["nome"]=>
  string(26) "Ricardo Oliveira De Brito "
  ["cpf"]=>
  string(11) "03054207633"
  ["email"]=>
  string(25) "ricardobritorob@gmail.com"
  ["placa"]=>
  string(7) "SYA9A41"
  ["unidade"]=>
  array(1) {
    [0]=>
    string(1) "5"
  }
}

[20/12/2024 01:28:16] Verificando a solicitação...
[20/12/2024 01:28:16] abgsoft-autopark-unimed.php
array(5) {
  ["nome"]=>
  string(26) "Ricardo Oliveira De Brito "
  ["cpf"]=>
  string(11) "03054207633"
  ["email"]=>
  string(25) "ricardobritorob@gmail.com"
  ["placa"]=>
  string(7) "SYA9A41"
  ["unidade"]=>
  array(1) {
    [0]=>
    string(1) "5"
  }
}

[20/12/2024 02:58:45] Verificando a solicitação...
[20/12/2024 03:35:08] Verificando a solicitação...
[20/12/2024 03:35:08] abgsoft-autopark-unimed.php
array(5) {
  ["nome"]=>
  string(21) "Fernanda Cunha Amaral"
  ["cpf"]=>
  string(11) "01557519641"
  ["email"]=>
  string(31) "fernanda_amaral2008@hotmail.com"
  ["placa"]=>
  string(7) "Pvc9625"
  ["unidade"]=>
  array(1) {
    [0]=>
    string(1) "2"
  }
}

[20/12/2024 04:18:11] Verificando a solicitação...
[20/12/2024 04:18:11] abgsoft-autopark-unimed.php
array(5) {
  ["nome"]=>
  string(22) "Adriano Nunes Teixeira"
  ["cpf"]=>
  string(14) "551.355.016-49"
  ["email"]=>
  string(23) "adriano1973at@gmail.com"
  ["placa"]=>
  string(7) "HML8D89"
  ["unidade"]=>
  array(1) {
    [0]=>
    string(1) "3"
  }
}

[20/12/2024 05:09:20] Verificando a solicitação...
[20/12/2024 06:35:14] Verificando a solicitação...
[20/12/2024 07:03:02] Verificando a solicitação...
[20/12/2024 08:55:01] Verificando a solicitação...
[20/12/2024 08:55:01] abgsoft-autopark-unimed.php
array(5) {
  ["nome"]=>
  string(19) "Valdirene  da Silva"
  ["cpf"]=>
  string(11) "08698596681"
  ["email"]=>
  string(27) "valdirennesilva@hotmail.com"
  ["placa"]=>
  string(7) "QXF2482"
  ["unidade"]=>
  array(1) {
    [0]=>
    string(1) "7"
  }
}

[20/12/2024 09:09:31] Verificando a solicitação...
[20/12/2024 09:31:51] Verificando a solicitação...
[20/12/2024 09:31:51] abgsoft-autopark-unimed.php
array(5) {
  ["nome"]=>
  string(30) "VANESSA CRISTINA SOUZA ALMEIDA"
  ["cpf"]=>
  string(14) "066.358.386-19"
  ["email"]=>
  string(27) "vanessaalmeidasta@gmail.com"
  ["placa"]=>
  string(7) "KKS0867"
  ["unidade"]=>
  array(1) {
    [0]=>
    string(1) "7"
  }
}

