[24/09/2024 02:47:51] Verificando a solicitação...
[24/09/2024 02:47:51] abgsoft-autopark-unimed.php
array(5) {
  ["nome"]=>
  string(30) "JAQUELINE FERNANDES DOS SANTOS"
  ["cpf"]=>
  string(14) "067.757.706-00"
  ["email"]=>
  string(21) "jackfds2010@gmail.com"
  ["placa"]=>
  string(7) "HOD1676"
  ["unidade"]=>
  array(1) {
    [0]=>
    string(1) "7"
  }
}

[24/09/2024 09:32:31] Verificando a solicitação...
[24/09/2024 09:32:31] abgsoft-autopark-unimed.php
array(5) {
  ["nome"]=>
  string(16) "Inácio Queiroz "
  ["cpf"]=>
  string(14) "049.696.666-95"
  ["email"]=>
  string(20) "isoqueiroz@gmail.com"
  ["placa"]=>
  string(7) "Siu6h10"
  ["unidade"]=>
  array(1) {
    [0]=>
    string(1) "5"
  }
}

[24/09/2024 10:07:18] Verificando a solicitação...
[24/09/2024 10:27:24] Verificando a solicitação...
[24/09/2024 10:27:24] abgsoft-autopark-unimed.php
array(5) {
  ["nome"]=>
  string(21) "Antônia maria costa "
  ["cpf"]=>
  string(15) "013.270.706-34 "
  ["email"]=>
  string(23) "antoniomcosta@gmail.com"
  ["placa"]=>
  string(7) "OXD7363"
  ["unidade"]=>
  array(1) {
    [0]=>
    string(1) "2"
  }
}

[24/09/2024 12:28:44] Verificando a solicitação...
[24/09/2024 12:28:44] abgsoft-autopark-unimed.php
array(5) {
  ["nome"]=>
  string(28) "Reinaldo Teixeira Valadares "
  ["cpf"]=>
  string(11) "48364576615"
  ["email"]=>
  string(22) "reivaladares@gmail.com"
  ["placa"]=>
  string(7) "Syv1A27"
  ["unidade"]=>
  array(1) {
    [0]=>
    string(1) "5"
  }
}

[24/09/2024 12:49:30] Verificando a solicitação...
[24/09/2024 12:49:30] abgsoft-autopark-unimed.php
array(5) {
  ["nome"]=>
  string(25) "Alexsander Roberto Mamede"
  ["cpf"]=>
  string(14) "074.593.636-93"
  ["email"]=>
  string(29) "alex.mamede@minaslaser.ind.br"
  ["placa"]=>
  string(8) "EDI-6H65"
  ["unidade"]=>
  array(1) {
    [0]=>
    string(1) "5"
  }
}

[24/09/2024 12:51:28] Verificando a solicitação...
[24/09/2024 12:51:28] abgsoft-autopark-unimed.php
array(5) {
  ["nome"]=>
  string(19) "Bruno Antunes Maia "
  ["cpf"]=>
  string(11) "75757214791"
  ["email"]=>
  string(23) "brunominas2@hotmail.com"
  ["placa"]=>
  string(8) "Pwv 6858"
  ["unidade"]=>
  array(1) {
    [0]=>
    string(1) "4"
  }
}

[24/09/2024 01:20:06] Verificando a solicitação...
[24/09/2024 02:07:34] Verificando a solicitação...
[24/09/2024 02:07:34] abgsoft-autopark-unimed.php
array(5) {
  ["nome"]=>
  string(13) "ALOISIO RIBAS"
  ["cpf"]=>
  string(14) "075.728.756-53"
  ["email"]=>
  string(22) "aloisioribas@gmail.com"
  ["placa"]=>
  string(7) "RME2E77"
  ["unidade"]=>
  array(1) {
    [0]=>
    string(1) "5"
  }
}

[24/09/2024 02:19:39] Verificando a solicitação...
[24/09/2024 02:19:39] abgsoft-autopark-unimed.php
array(5) {
  ["nome"]=>
  string(26) "JOAQUIM ROSA PINHEIRO NETO"
  ["cpf"]=>
  string(14) "117.789.426-28"
  ["email"]=>
  string(30) "joaquim.netocristais@gmail.com"
  ["placa"]=>
  string(8) "Pug 5j41"
  ["unidade"]=>
  array(1) {
    [0]=>
    string(1) "5"
  }
}

[24/09/2024 03:57:07] Verificando a solicitação...
[24/09/2024 04:38:02] Verificando a solicitação...
[24/09/2024 04:38:02] abgsoft-autopark-unimed.php
array(5) {
  ["nome"]=>
  string(26) "WAGNER MEDEIROS DE FREITAS"
  ["cpf"]=>
  string(14) "050.444.976-14"
  ["email"]=>
  string(27) "wagnermfreitas@yahoo.com.br"
  ["placa"]=>
  string(7) "Qxl3726"
  ["unidade"]=>
  array(1) {
    [0]=>
    string(1) "5"
  }
}

[24/09/2024 06:33:44] Verificando a solicitação...
[24/09/2024 07:11:09] Verificando a solicitação...
[24/09/2024 07:11:09] abgsoft-autopark-unimed.php
array(5) {
  ["nome"]=>
  string(23) "PAULO RBERTO E BAPTISTA"
  ["cpf"]=>
  string(15) "553.409.206-82 "
  ["email"]=>
  string(28) "pauloemerybaptista@gmail.com"
  ["placa"]=>
  string(7) "OQZ2422"
  ["unidade"]=>
  array(1) {
    [0]=>
    string(1) "5"
  }
}

[24/09/2024 07:13:53] Verificando a solicitação...
[24/09/2024 07:13:53] abgsoft-autopark-unimed.php
array(5) {
  ["nome"]=>
  string(23) "Desiree Juliana Damasio"
  ["cpf"]=>
  string(13) "052”2409605"
  ["email"]=>
  string(25) "desireejdamasio@gmail.com"
  ["placa"]=>
  string(7) "Nmg6D17"
  ["unidade"]=>
  array(1) {
    [0]=>
    string(1) "7"
  }
}

[24/09/2024 07:32:17] Verificando a solicitação...
[24/09/2024 07:32:17] abgsoft-autopark-unimed.php
array(5) {
  ["nome"]=>
  string(23) "Wladimyr Syrio Augusto "
  ["cpf"]=>
  string(11) "38555034604"
  ["email"]=>
  string(19) "wladvog@hotmail.com"
  ["placa"]=>
  string(7) "Quv6191"
  ["unidade"]=>
  array(1) {
    [0]=>
    string(1) "5"
  }
}

[24/09/2024 09:37:54] Verificando a solicitação...
[24/09/2024 09:37:54] abgsoft-autopark-unimed.php
array(5) {
  ["nome"]=>
  string(31) "Cristina Ribeiro Pains oliveira"
  ["cpf"]=>
  string(14) "610.993.336-87"
  ["email"]=>
  string(28) "cristinarpoliveira@gmail.com"
  ["placa"]=>
  string(8) "QPE 9819"
  ["unidade"]=>
  array(1) {
    [0]=>
    string(1) "7"
  }
}

[24/09/2024 10:24:40] Verificando a solicitação...
[24/09/2024 10:34:50] Verificando a solicitação...
