[13/06/2024 01:27:44] Verificando a solicitação...
[13/06/2024 01:27:44] abgsoft-autopark-unimed.php
array(5) {
  ["nome"]=>
  string(24) "Charles de Almeida Roque"
  ["cpf"]=>
  string(11) "04801412661"
  ["email"]=>
  string(33) "chrlesdealmeidaroque@yahoo.com.br"
  ["placa"]=>
  string(8) "Mot 5B51"
  ["unidade"]=>
  array(1) {
    [0]=>
    string(1) "7"
  }
}

[13/06/2024 03:24:38] Verificando a solicitação...
[13/06/2024 04:33:23] Verificando a solicitação...
[13/06/2024 10:14:38] Verificando a solicitação...
[13/06/2024 10:14:38] abgsoft-autopark-unimed.php
array(5) {
  ["nome"]=>
  string(24) "Adriana dos Reis Pereira"
  ["cpf"]=>
  string(14) "025.896.076-01"
  ["email"]=>
  string(26) "adri.reispereira@gmail.com"
  ["placa"]=>
  string(7) "FBZ5726"
  ["unidade"]=>
  array(1) {
    [0]=>
    string(1) "5"
  }
}

[13/06/2024 10:52:57] Verificando a solicitação...
[13/06/2024 10:52:57] abgsoft-autopark-unimed.php
array(5) {
  ["nome"]=>
  string(17) "AMANDA MAIA ALVES"
  ["cpf"]=>
  string(14) "014.009.546-22"
  ["email"]=>
  string(27) "amanda.maia.alves@gmail.com"
  ["placa"]=>
  string(7) "PWO3406"
  ["unidade"]=>
  array(1) {
    [0]=>
    string(1) "3"
  }
}

[13/06/2024 11:15:07] Verificando a solicitação...
[13/06/2024 11:15:07] abgsoft-autopark-unimed.php
array(5) {
  ["nome"]=>
  string(26) "VIVIANE CARVALHO DE AVELAR"
  ["cpf"]=>
  string(14) "032.726.666-05"
  ["email"]=>
  string(24) "carvalhovivi75@gmail.com"
  ["placa"]=>
  string(8) "HMR-5064"
  ["unidade"]=>
  array(1) {
    [0]=>
    string(1) "7"
  }
}

[13/06/2024 12:36:37] Verificando a solicitação...
[13/06/2024 12:36:37] abgsoft-autopark-unimed.php
array(5) {
  ["nome"]=>
  string(13) "Cátia Santos"
  ["cpf"]=>
  string(11) "02731222662"
  ["email"]=>
  string(18) "catia@ledls.com.br"
  ["placa"]=>
  string(7) "OPH0J89"
  ["unidade"]=>
  array(1) {
    [0]=>
    string(1) "3"
  }
}

[13/06/2024 12:40:11] Verificando a solicitação...
[13/06/2024 12:40:11] abgsoft-autopark-unimed.php
array(5) {
  ["nome"]=>
  string(25) "NATALIA DE ARAUJO GODINHO"
  ["cpf"]=>
  string(14) "075.187.166-40"
  ["email"]=>
  string(25) "natalia.araujo@bol.com.br"
  ["placa"]=>
  string(7) "PBN9I41"
  ["unidade"]=>
  array(1) {
    [0]=>
    string(1) "3"
  }
}

[13/06/2024 12:43:56] Verificando a solicitação...
[13/06/2024 12:43:56] abgsoft-autopark-unimed.php
array(5) {
  ["nome"]=>
  string(5) "Lucas"
  ["cpf"]=>
  string(15) "147.861.056-51 "
  ["email"]=>
  string(26) "stephane.lopes58@gmail.com"
  ["placa"]=>
  string(7) "GYE0A07"
  ["unidade"]=>
  array(1) {
    [0]=>
    string(1) "5"
  }
}

[13/06/2024 01:26:46] Verificando a solicitação...
[13/06/2024 02:09:41] Verificando a solicitação...
[13/06/2024 02:09:41] abgsoft-autopark-unimed.php
array(5) {
  ["nome"]=>
  string(35) "Veruschka Conceição Moreira Dias "
  ["cpf"]=>
  string(11) "01431022659"
  ["email"]=>
  string(22) "diastucka@yahoo.com.br"
  ["placa"]=>
  string(7) "Hjr5277"
  ["unidade"]=>
  array(1) {
    [0]=>
    string(1) "5"
  }
}

[13/06/2024 02:12:47] Verificando a solicitação...
[13/06/2024 02:12:47] abgsoft-autopark-unimed.php
array(5) {
  ["nome"]=>
  string(23) "Eliane Beatriz Cândido"
  ["cpf"]=>
  string(14) "046.001.056-56"
  ["email"]=>
  string(29) "eliane.candido@clamper.com.br"
  ["placa"]=>
  string(7) "RUG8F96"
  ["unidade"]=>
  array(1) {
    [0]=>
    string(1) "5"
  }
}

[13/06/2024 02:49:40] Verificando a solicitação...
[13/06/2024 02:51:55] Verificando a solicitação...
[13/06/2024 02:51:55] abgsoft-autopark-unimed.php
array(5) {
  ["nome"]=>
  string(24) "CARLOS AUGUSTO DOS ANJOS"
  ["cpf"]=>
  string(11) "05262619606"
  ["email"]=>
  string(22) "metal.meta@hotmail.com"
  ["placa"]=>
  string(7) "Hlj6i22"
  ["unidade"]=>
  array(1) {
    [0]=>
    string(1) "7"
  }
}

[13/06/2024 02:59:06] Verificando a solicitação...
[13/06/2024 02:59:06] abgsoft-autopark-unimed.php
array(5) {
  ["nome"]=>
  string(23) "Denise  Mendes Teixeira"
  ["cpf"]=>
  string(11) "69120285604"
  ["email"]=>
  string(27) "denisemendes_98@hotmail.com"
  ["placa"]=>
  string(8) "QPY 0043"
  ["unidade"]=>
  array(1) {
    [0]=>
    string(1) "5"
  }
}

[13/06/2024 03:06:23] Verificando a solicitação...
[13/06/2024 03:06:23] abgsoft-autopark-unimed.php
array(5) {
  ["nome"]=>
  string(18) "Ana Paula Machado "
  ["cpf"]=>
  string(11) "10996211608"
  ["email"]=>
  string(28) "anapaula.machado56@gmail.com"
  ["placa"]=>
  string(7) "Qnw6667"
  ["unidade"]=>
  array(1) {
    [0]=>
    string(1) "7"
  }
}

[13/06/2024 03:11:58] Verificando a solicitação...
[13/06/2024 03:11:58] abgsoft-autopark-unimed.php
array(5) {
  ["nome"]=>
  string(31) "Ariadina de Assis Silva Machado"
  ["cpf"]=>
  string(11) "47595760615"
  ["email"]=>
  string(31) "ariadina.machado23@yahoo.com.br"
  ["placa"]=>
  string(7) "PWY6J36"
  ["unidade"]=>
  array(1) {
    [0]=>
    string(1) "7"
  }
}

[13/06/2024 03:28:02] Verificando a solicitação...
[13/06/2024 03:28:02] abgsoft-autopark-unimed.php
array(5) {
  ["nome"]=>
  string(31) "SAMARA FERNANDES DA CRUZ AGUIAR"
  ["cpf"]=>
  string(15) "102.601.166-37 "
  ["email"]=>
  string(26) "samaracfernandes@gmail.com"
  ["placa"]=>
  string(7) "EJH2099"
  ["unidade"]=>
  array(1) {
    [0]=>
    string(1) "5"
  }
}

[13/06/2024 04:20:59] Verificando a solicitação...
[13/06/2024 04:20:59] abgsoft-autopark-unimed.php
array(5) {
  ["nome"]=>
  string(24) "DEBORA DE OLIVEIRA COSTA"
  ["cpf"]=>
  string(11) "05382235619"
  ["email"]=>
  string(23) "debsoliver516@gmail.com"
  ["placa"]=>
  string(7) "Mrm4143"
  ["unidade"]=>
  array(1) {
    [0]=>
    string(1) "2"
  }
}

[13/06/2024 04:30:33] Verificando a solicitação...
[13/06/2024 04:30:33] abgsoft-autopark-unimed.php
array(5) {
  ["nome"]=>
  string(26) "EDSON EVANDRO SOARES CEZAR"
  ["cpf"]=>
  string(14) "843.045.296-68"
  ["email"]=>
  string(22) "edsonesc2008@gmail.com"
  ["placa"]=>
  string(7) "OXH4I85"
  ["unidade"]=>
  array(1) {
    [0]=>
    string(1) "2"
  }
}

[13/06/2024 05:47:08] Verificando a solicitação...
[13/06/2024 05:47:08] abgsoft-autopark-unimed.php
array(5) {
  ["nome"]=>
  string(9) "Josilane "
  ["cpf"]=>
  string(15) "080.287.676-56 "
  ["email"]=>
  string(23) "josilane.acmm@gmail.com"
  ["placa"]=>
  string(7) "Jqs0900"
  ["unidade"]=>
  array(1) {
    [0]=>
    string(1) "2"
  }
}

[13/06/2024 05:56:12] Verificando a solicitação...
[13/06/2024 06:04:40] Verificando a solicitação...
[13/06/2024 06:04:40] abgsoft-autopark-unimed.php
array(5) {
  ["nome"]=>
  string(25) "Elaine Aparecida Da Silva"
  ["cpf"]=>
  string(14) "062.298.926-00"
  ["email"]=>
  string(23) "nannysilva540@gmail.com"
  ["placa"]=>
  string(7) "PWT2E07"
  ["unidade"]=>
  array(1) {
    [0]=>
    string(1) "2"
  }
}

[13/06/2024 06:19:55] Verificando a solicitação...
[13/06/2024 06:49:53] Verificando a solicitação...
[13/06/2024 06:49:53] abgsoft-autopark-unimed.php
array(5) {
  ["nome"]=>
  string(11) "Erika Gomes"
  ["cpf"]=>
  string(14) "829.136.416-87"
  ["email"]=>
  string(24) "erikagomes1103@gmail.com"
  ["placa"]=>
  string(8) "RTA5H90 "
  ["unidade"]=>
  array(1) {
    [0]=>
    string(1) "5"
  }
}

[13/06/2024 06:54:41] Verificando a solicitação...
[13/06/2024 06:54:41] abgsoft-autopark-unimed.php
array(5) {
  ["nome"]=>
  string(11) "Erika Gomes"
  ["cpf"]=>
  string(14) "829.136.416-87"
  ["email"]=>
  string(23) "erikagomes_@hotmail.com"
  ["placa"]=>
  string(8) "RTA5H90 "
  ["unidade"]=>
  array(1) {
    [0]=>
    string(1) "5"
  }
}

[13/06/2024 07:10:55] Verificando a solicitação...
[13/06/2024 07:17:22] Verificando a solicitação...
[13/06/2024 07:17:22] abgsoft-autopark-unimed.php
array(5) {
  ["nome"]=>
  string(21) "FRANCK DE PAULA NESIO"
  ["cpf"]=>
  string(14) "070.915.666-96"
  ["email"]=>
  string(18) "fcknesio@gmail.com"
  ["placa"]=>
  string(8) "EUB 8E09"
  ["unidade"]=>
  array(1) {
    [0]=>
    string(1) "5"
  }
}

[13/06/2024 07:20:49] Verificando a solicitação...
[13/06/2024 07:20:49] abgsoft-autopark-unimed.php
array(5) {
  ["nome"]=>
  string(21) "FRANCK DE PAULA NESIO"
  ["cpf"]=>
  string(14) "070.915.666-96"
  ["email"]=>
  string(18) "fcknesio@gmail.com"
  ["placa"]=>
  string(8) "EUB 8E09"
  ["unidade"]=>
  array(1) {
    [0]=>
    string(1) "5"
  }
}

[13/06/2024 07:21:49] Verificando a solicitação...
[13/06/2024 07:21:49] abgsoft-autopark-unimed.php
array(5) {
  ["nome"]=>
  string(35) "Georgiane Ribeiro da Silva Almeida "
  ["cpf"]=>
  string(14) "894.443.965-68"
  ["email"]=>
  string(28) "georgianesilva7@yahoo.com.br"
  ["placa"]=>
  string(7) "Pvg1746"
  ["unidade"]=>
  array(1) {
    [0]=>
    string(1) "7"
  }
}

[13/06/2024 07:41:32] Verificando a solicitação...
[13/06/2024 07:41:32] abgsoft-autopark-unimed.php
array(5) {
  ["nome"]=>
  string(17) "Eliane alves maia"
  ["cpf"]=>
  string(15) "933.062.886-91 "
  ["email"]=>
  string(27) "elianemaia2006@yahoo.com.br"
  ["placa"]=>
  string(7) "Puk7092"
  ["unidade"]=>
  array(1) {
    [0]=>
    string(1) "1"
  }
}

[13/06/2024 08:06:00] Verificando a solicitação...
[13/06/2024 08:06:00] abgsoft-autopark-unimed.php
array(5) {
  ["nome"]=>
  string(33) "Luciana Cristina Vieira Cecílio "
  ["cpf"]=>
  string(14) "016.655.326-37"
  ["email"]=>
  string(28) "lucianasocial88@yahoo.com.br"
  ["placa"]=>
  string(7) "HDS8067"
  ["unidade"]=>
  array(1) {
    [0]=>
    string(1) "3"
  }
}

[13/06/2024 08:13:40] Verificando a solicitação...
[13/06/2024 08:13:40] abgsoft-autopark-unimed.php
array(5) {
  ["nome"]=>
  string(33) "Luciana Cristina Vieira Cecílio "
  ["cpf"]=>
  string(14) "016.655.326-37"
  ["email"]=>
  string(28) "lucianasocial88@yahoo.com.br"
  ["placa"]=>
  string(7) "HDS8067"
  ["unidade"]=>
  array(1) {
    [0]=>
    string(1) "3"
  }
}

[13/06/2024 09:14:26] Verificando a solicitação...
[13/06/2024 09:14:26] abgsoft-autopark-unimed.php
array(5) {
  ["nome"]=>
  string(25) "Angelo da Silva Ferreira "
  ["cpf"]=>
  string(11) "03898079660"
  ["email"]=>
  string(23) "ferreiragtr@hotmail.vom"
  ["placa"]=>
  string(7) "Hjf3d12"
  ["unidade"]=>
  array(1) {
    [0]=>
    string(1) "5"
  }
}

[13/06/2024 09:26:30] Verificando a solicitação...
[13/06/2024 09:26:30] abgsoft-autopark-unimed.php
array(5) {
  ["nome"]=>
  string(26) "Erika da Conceição Gomes"
  ["cpf"]=>
  string(14) "829.136.416-87"
  ["email"]=>
  string(23) "erikagomes_@hotmail.com"
  ["placa"]=>
  string(8) "RTA5H90 "
  ["unidade"]=>
  array(1) {
    [0]=>
    string(1) "5"
  }
}

[13/06/2024 09:37:56] Verificando a solicitação...
[13/06/2024 09:37:56] abgsoft-autopark-unimed.php
array(5) {
  ["nome"]=>
  string(39) "Sebastião correa guerra espirito santo"
  ["cpf"]=>
  string(14) "027.264.546-07"
  ["email"]=>
  string(17) "tiao.g3@gmail.com"
  ["placa"]=>
  string(7) "QOD8J75"
  ["unidade"]=>
  array(1) {
    [0]=>
    string(1) "5"
  }
}

[13/06/2024 10:15:56] Verificando a solicitação...
[13/06/2024 10:15:56] abgsoft-autopark-unimed.php
array(5) {
  ["nome"]=>
  string(21) "FRANCK DE PAULA NESIO"
  ["cpf"]=>
  string(14) "070.915.666-96"
  ["email"]=>
  string(18) "fcknesio@gmail.com"
  ["placa"]=>
  string(8) "EUB 8E09"
  ["unidade"]=>
  array(1) {
    [0]=>
    string(1) "5"
  }
}

[13/06/2024 11:04:58] Verificando a solicitação...
[13/06/2024 11:04:58] abgsoft-autopark-unimed.php
array(5) {
  ["nome"]=>
  string(29) "Rosana Beatriz Ribeiro Costa "
  ["cpf"]=>
  string(15) "792.745.366-15 "
  ["email"]=>
  string(23) "rosanadespa@hotmail.com"
  ["placa"]=>
  string(7) "GXC0I31"
  ["unidade"]=>
  array(1) {
    [0]=>
    string(1) "5"
  }
}

[13/06/2024 11:07:02] Verificando a solicitação...
[13/06/2024 11:07:02] abgsoft-autopark-unimed.php
array(5) {
  ["nome"]=>
  string(29) "Rosana Beatriz Ribeiro Costa "
  ["cpf"]=>
  string(15) "792.745.366-15 "
  ["email"]=>
  string(23) "rosanadespa@hotmail.com"
  ["placa"]=>
  string(7) "GXC0I31"
  ["unidade"]=>
  array(1) {
    [0]=>
    string(1) "5"
  }
}

[13/06/2024 11:07:39] Verificando a solicitação...
[13/06/2024 11:07:39] abgsoft-autopark-unimed.php
array(5) {
  ["nome"]=>
  string(29) "Rosana Beatriz Ribeiro Costa "
  ["cpf"]=>
  string(15) "792.745.366-15 "
  ["email"]=>
  string(23) "rosanadespa@hotmail.com"
  ["placa"]=>
  string(7) "GXC0I31"
  ["unidade"]=>
  array(1) {
    [0]=>
    string(1) "5"
  }
}

[13/06/2024 11:16:17] Verificando a solicitação...
[13/06/2024 11:16:17] abgsoft-autopark-unimed.php
array(5) {
  ["nome"]=>
  string(29) "Rosana Beatriz Ribeiro Costa "
  ["cpf"]=>
  string(15) "792.745.366-15 "
  ["email"]=>
  string(23) "rosanadespa@hotmail.com"
  ["placa"]=>
  string(7) "GXC0I31"
  ["unidade"]=>
  array(1) {
    [0]=>
    string(1) "5"
  }
}

[13/06/2024 11:16:38] Verificando a solicitação...
[13/06/2024 11:16:38] abgsoft-autopark-unimed.php
array(5) {
  ["nome"]=>
  string(11) "Erika Gomes"
  ["cpf"]=>
  string(14) "829.136.416-87"
  ["email"]=>
  string(24) "erikagomes1103@gmail.com"
  ["placa"]=>
  string(8) "RTA5H90 "
  ["unidade"]=>
  array(1) {
    [0]=>
    string(1) "5"
  }
}

[13/06/2024 11:22:55] Verificando a solicitação...
[13/06/2024 11:22:55] abgsoft-autopark-unimed.php
array(5) {
  ["nome"]=>
  string(11) "Erika Gomes"
  ["cpf"]=>
  string(11) "82913641687"
  ["email"]=>
  string(23) "erikagomes_@hotmail.com"
  ["placa"]=>
  string(7) "RTA5H90"
  ["unidade"]=>
  array(1) {
    [0]=>
    string(1) "5"
  }
}

[13/06/2024 11:27:24] Verificando a solicitação...
[13/06/2024 11:27:24] abgsoft-autopark-unimed.php
array(5) {
  ["nome"]=>
  string(29) "Alyson Nogueira da Costa Mota"
  ["cpf"]=>
  string(14) "031.419.096-10"
  ["email"]=>
  string(27) "alyson.nogueira@hotmail.com"
  ["placa"]=>
  string(7) "QXQ6G55"
  ["unidade"]=>
  array(1) {
    [0]=>
    string(1) "5"
  }
}

[13/06/2024 11:31:25] Verificando a solicitação...
[13/06/2024 11:31:25] abgsoft-autopark-unimed.php
array(5) {
  ["nome"]=>
  string(29) "Alyson Nogueira da Costa Mota"
  ["cpf"]=>
  string(14) "031.419.096-10"
  ["email"]=>
  string(27) "alyson.nogueira@hotmail.com"
  ["placa"]=>
  string(7) "QXQ6G55"
  ["unidade"]=>
  array(1) {
    [0]=>
    string(1) "1"
  }
}

[13/06/2024 11:36:02] Verificando a solicitação...
[13/06/2024 11:36:02] abgsoft-autopark-unimed.php
array(5) {
  ["nome"]=>
  string(24) "ERIKA DA CONCEICAO GOMES"
  ["cpf"]=>
  string(14) "829.136.416-87"
  ["email"]=>
  string(23) "erikagomes_@hotmail.com"
  ["placa"]=>
  string(8) "RTA5H90 "
  ["unidade"]=>
  array(1) {
    [0]=>
    string(1) "5"
  }
}

[13/06/2024 11:37:35] Verificando a solicitação...
[13/06/2024 11:37:35] abgsoft-autopark-unimed.php
array(5) {
  ["nome"]=>
  string(24) "ERIKA DA CONCEICAO GOMES"
  ["cpf"]=>
  string(14) "829.136.416-87"
  ["email"]=>
  string(23) "erikagomes_@hotmail.com"
  ["placa"]=>
  string(8) "RTA5H90 "
  ["unidade"]=>
  array(1) {
    [0]=>
    string(1) "5"
  }
}

[13/06/2024 11:44:11] Verificando a solicitação...
