[12/04/2024 09:28:14] Verificando a solicitação...
[12/04/2024 09:28:14] abgsoft-autopark-unimed.php
array(5) {
  ["nome"]=>
  string(26) "Arlinda Francisca meneses "
  ["cpf"]=>
  string(11) "91282250663"
  ["email"]=>
  string(28) "shyrllenmeneses@yahoo.com.br"
  ["placa"]=>
  string(7) "RGA7B47"
  ["unidade"]=>
  array(1) {
    [0]=>
    string(1) "5"
  }
}

[12/04/2024 09:28:25] Verificando a solicitação...
[12/04/2024 09:28:25] abgsoft-autopark-unimed.php
array(5) {
  ["nome"]=>
  string(26) "Arlinda Francisca meneses "
  ["cpf"]=>
  string(11) "91282250663"
  ["email"]=>
  string(28) "shyrllenmeneses@yahoo.com.br"
  ["placa"]=>
  string(7) "RGA7B47"
  ["unidade"]=>
  array(1) {
    [0]=>
    string(1) "5"
  }
}

[12/04/2024 09:28:47] Verificando a solicitação...
[12/04/2024 09:28:47] abgsoft-autopark-unimed.php
array(5) {
  ["nome"]=>
  string(26) "Arlinda Francisca meneses "
  ["cpf"]=>
  string(11) "91282250663"
  ["email"]=>
  string(28) "shyrllenmeneses@yahoo.com.br"
  ["placa"]=>
  string(7) "RGA7B47"
  ["unidade"]=>
  array(1) {
    [0]=>
    string(1) "5"
  }
}

[12/04/2024 09:30:13] Verificando a solicitação...
[12/04/2024 09:30:13] abgsoft-autopark-unimed.php
array(5) {
  ["nome"]=>
  string(26) "Arlinda Francisca meneses "
  ["cpf"]=>
  string(11) "91282250663"
  ["email"]=>
  string(28) "shyrllenmeneses@yahoo.com.br"
  ["placa"]=>
  string(7) "RGA7B47"
  ["unidade"]=>
  array(1) {
    [0]=>
    string(1) "5"
  }
}

[12/04/2024 09:45:52] Verificando a solicitação...
[12/04/2024 09:45:52] abgsoft-autopark-unimed.php
array(5) {
  ["nome"]=>
  string(23) "Bruno Piere Assunção "
  ["cpf"]=>
  string(14) "078.585.556-42"
  ["email"]=>
  string(22) "brunopiere87@gmail.com"
  ["placa"]=>
  string(7) "GXZ2713"
  ["unidade"]=>
  array(1) {
    [0]=>
    string(1) "7"
  }
}

[12/04/2024 09:46:03] Verificando a solicitação...
[12/04/2024 09:46:03] abgsoft-autopark-unimed.php
array(5) {
  ["nome"]=>
  string(23) "Bruno Piere Assunção "
  ["cpf"]=>
  string(14) "078.585.556-42"
  ["email"]=>
  string(22) "brunopiere87@gmail.com"
  ["placa"]=>
  string(7) "GXZ2713"
  ["unidade"]=>
  array(1) {
    [0]=>
    string(1) "7"
  }
}

[12/04/2024 09:46:26] Verificando a solicitação...
[12/04/2024 09:46:26] abgsoft-autopark-unimed.php
array(5) {
  ["nome"]=>
  string(23) "Bruno Piere Assunção "
  ["cpf"]=>
  string(14) "078.585.556-42"
  ["email"]=>
  string(22) "brunopiere87@gmail.com"
  ["placa"]=>
  string(7) "GXZ2713"
  ["unidade"]=>
  array(1) {
    [0]=>
    string(1) "7"
  }
}

[12/04/2024 09:48:26] Verificando a solicitação...
[12/04/2024 09:48:26] abgsoft-autopark-unimed.php
array(5) {
  ["nome"]=>
  string(25) "Arlinda Francisca meneses"
  ["cpf"]=>
  string(11) "91282250663"
  ["email"]=>
  string(28) "shyrllenmeneses@yahoo.com.br"
  ["placa"]=>
  string(7) "RGA7B47"
  ["unidade"]=>
  array(1) {
    [0]=>
    string(1) "5"
  }
}

[12/04/2024 09:49:20] Verificando a solicitação...
[12/04/2024 09:49:20] abgsoft-autopark-unimed.php
array(5) {
  ["nome"]=>
  string(15) "Lucelma Pacheco"
  ["cpf"]=>
  string(11) "02851953605"
  ["email"]=>
  string(18) "llucelma@gmail.com"
  ["placa"]=>
  string(7) "SIO0A62"
  ["unidade"]=>
  array(1) {
    [0]=>
    string(1) "7"
  }
}

[12/04/2024 09:49:32] Verificando a solicitação...
[12/04/2024 09:49:32] abgsoft-autopark-unimed.php
array(5) {
  ["nome"]=>
  string(15) "Lucelma Pacheco"
  ["cpf"]=>
  string(11) "02851953605"
  ["email"]=>
  string(18) "llucelma@gmail.com"
  ["placa"]=>
  string(7) "SIO0A62"
  ["unidade"]=>
  array(1) {
    [0]=>
    string(1) "7"
  }
}

[12/04/2024 10:04:15] Verificando a solicitação...
[12/04/2024 10:04:15] abgsoft-autopark-unimed.php
array(5) {
  ["nome"]=>
  string(33) "Raquel de Souza Bruzzi de andrade"
  ["cpf"]=>
  string(11) "08931548656"
  ["email"]=>
  string(22) "raquelbruzzi@gmail.com"
  ["placa"]=>
  string(7) "Fir1c34"
  ["unidade"]=>
  array(1) {
    [0]=>
    string(1) "5"
  }
}

[12/04/2024 10:04:24] Verificando a solicitação...
[12/04/2024 10:04:24] abgsoft-autopark-unimed.php
array(5) {
  ["nome"]=>
  string(33) "Raquel de Souza Bruzzi de andrade"
  ["cpf"]=>
  string(11) "08931548656"
  ["email"]=>
  string(22) "raquelbruzzi@gmail.com"
  ["placa"]=>
  string(7) "Fir1c34"
  ["unidade"]=>
  array(1) {
    [0]=>
    string(1) "5"
  }
}

[12/04/2024 10:04:32] Verificando a solicitação...
[12/04/2024 10:04:32] abgsoft-autopark-unimed.php
array(5) {
  ["nome"]=>
  string(33) "Raquel de Souza Bruzzi de andrade"
  ["cpf"]=>
  string(11) "08931548656"
  ["email"]=>
  string(22) "raquelbruzzi@gmail.com"
  ["placa"]=>
  string(7) "Fir1c34"
  ["unidade"]=>
  array(1) {
    [0]=>
    string(1) "5"
  }
}

[12/04/2024 10:04:40] Verificando a solicitação...
[12/04/2024 10:04:40] abgsoft-autopark-unimed.php
array(5) {
  ["nome"]=>
  string(33) "Raquel de Souza Bruzzi de andrade"
  ["cpf"]=>
  string(11) "08931548656"
  ["email"]=>
  string(22) "raquelbruzzi@gmail.com"
  ["placa"]=>
  string(7) "Fir1c34"
  ["unidade"]=>
  array(1) {
    [0]=>
    string(1) "5"
  }
}

[12/04/2024 10:04:47] Verificando a solicitação...
[12/04/2024 10:04:47] abgsoft-autopark-unimed.php
array(5) {
  ["nome"]=>
  string(33) "Raquel de Souza Bruzzi de andrade"
  ["cpf"]=>
  string(11) "08931548656"
  ["email"]=>
  string(22) "raquelbruzzi@gmail.com"
  ["placa"]=>
  string(7) "Fir1c34"
  ["unidade"]=>
  array(1) {
    [0]=>
    string(1) "5"
  }
}

[12/04/2024 10:05:09] Verificando a solicitação...
[12/04/2024 10:05:09] abgsoft-autopark-unimed.php
array(5) {
  ["nome"]=>
  string(23) "Bruno Piere Assunção "
  ["cpf"]=>
  string(14) "078.585.556-42"
  ["email"]=>
  string(22) "brunopiere87@gmail.com"
  ["placa"]=>
  string(7) "GXZ2713"
  ["unidade"]=>
  array(1) {
    [0]=>
    string(1) "7"
  }
}

[12/04/2024 10:05:34] Verificando a solicitação...
[12/04/2024 10:05:34] abgsoft-autopark-unimed.php
array(5) {
  ["nome"]=>
  string(23) "Bruno Piere Assunção "
  ["cpf"]=>
  string(14) "078.585.556-42"
  ["email"]=>
  string(22) "brunopiere87@gmail.com"
  ["placa"]=>
  string(7) "GXZ2713"
  ["unidade"]=>
  array(1) {
    [0]=>
    string(1) "7"
  }
}

[12/04/2024 10:07:26] Verificando a solicitação...
[12/04/2024 10:07:26] abgsoft-autopark-unimed.php
array(5) {
  ["nome"]=>
  string(33) "Raquel de Souza Bruzzi de andrade"
  ["cpf"]=>
  string(11) "08931548656"
  ["email"]=>
  string(22) "raquelbruzzi@gmail.com"
  ["placa"]=>
  string(7) "Fir1c34"
  ["unidade"]=>
  array(1) {
    [0]=>
    string(1) "5"
  }
}

[12/04/2024 10:16:48] Verificando a solicitação...
[12/04/2024 10:16:48] abgsoft-autopark-unimed.php
array(5) {
  ["nome"]=>
  string(23) "Bruno Piere Assunção "
  ["cpf"]=>
  string(14) "078.585.556-42"
  ["email"]=>
  string(22) "brunopiere87@gmail.com"
  ["placa"]=>
  string(7) "GXZ2713"
  ["unidade"]=>
  array(1) {
    [0]=>
    string(1) "7"
  }
}

[12/04/2024 10:16:55] Verificando a solicitação...
[12/04/2024 10:16:55] abgsoft-autopark-unimed.php
array(5) {
  ["nome"]=>
  string(23) "Bruno Piere Assunção "
  ["cpf"]=>
  string(14) "078.585.556-42"
  ["email"]=>
  string(22) "brunopiere87@gmail.com"
  ["placa"]=>
  string(7) "GXZ2713"
  ["unidade"]=>
  array(1) {
    [0]=>
    string(1) "7"
  }
}

[12/04/2024 11:00:45] Verificando a solicitação...
[12/04/2024 11:00:45] abgsoft-autopark-unimed.php
array(5) {
  ["nome"]=>
  string(25) "Arlinda Francisca meneses"
  ["cpf"]=>
  string(11) "91282250663"
  ["email"]=>
  string(28) "shyrllenmeneses@yahoo.com.br"
  ["placa"]=>
  string(7) "RGA7B47"
  ["unidade"]=>
  array(1) {
    [0]=>
    string(1) "5"
  }
}

[12/04/2024 11:02:43] Verificando a solicitação...
[12/04/2024 11:02:43] abgsoft-autopark-unimed.php
array(5) {
  ["nome"]=>
  string(37) "Jefferson Anderson de miranda júnior"
  ["cpf"]=>
  string(14) "137.550.176-36"
  ["email"]=>
  string(26) "jefferson.1931@hotmail.com"
  ["placa"]=>
  string(7) "OWR6061"
  ["unidade"]=>
  array(1) {
    [0]=>
    string(1) "2"
  }
}

[12/04/2024 11:02:52] Verificando a solicitação...
[12/04/2024 11:02:52] abgsoft-autopark-unimed.php
array(5) {
  ["nome"]=>
  string(37) "Jefferson Anderson de miranda júnior"
  ["cpf"]=>
  string(14) "137.550.176-36"
  ["email"]=>
  string(26) "jefferson.1931@hotmail.com"
  ["placa"]=>
  string(7) "OWR6061"
  ["unidade"]=>
  array(1) {
    [0]=>
    string(1) "2"
  }
}

[12/04/2024 11:03:18] Verificando a solicitação...
[12/04/2024 11:03:18] abgsoft-autopark-unimed.php
array(5) {
  ["nome"]=>
  string(37) "Jefferson Anderson de miranda júnior"
  ["cpf"]=>
  string(14) "137.550.176-36"
  ["email"]=>
  string(26) "jefferson.1931@hotmail.com"
  ["placa"]=>
  string(7) "OWR6061"
  ["unidade"]=>
  array(1) {
    [0]=>
    string(1) "2"
  }
}

[12/04/2024 11:03:57] Verificando a solicitação...
[12/04/2024 11:03:57] abgsoft-autopark-unimed.php
array(5) {
  ["nome"]=>
  string(26) "Kelly Aquino Paixão Frota"
  ["cpf"]=>
  string(14) "074.942.266-13"
  ["email"]=>
  string(31) "kelly.aquinopaixao@yahoo.com.br"
  ["placa"]=>
  string(7) "OWV4I07"
  ["unidade"]=>
  array(1) {
    [0]=>
    string(1) "5"
  }
}

[12/04/2024 11:04:03] Verificando a solicitação...
[12/04/2024 11:04:03] abgsoft-autopark-unimed.php
array(5) {
  ["nome"]=>
  string(25) "Arlinda Francisca meneses"
  ["cpf"]=>
  string(11) "91282250663"
  ["email"]=>
  string(28) "shyrllenmeneses@yahoo.com.br"
  ["placa"]=>
  string(7) "RGA7B47"
  ["unidade"]=>
  array(1) {
    [0]=>
    string(1) "5"
  }
}

[12/04/2024 11:04:13] Verificando a solicitação...
[12/04/2024 11:04:13] abgsoft-autopark-unimed.php
array(5) {
  ["nome"]=>
  string(26) "Kelly Aquino Paixão Frota"
  ["cpf"]=>
  string(14) "074.942.266-13"
  ["email"]=>
  string(31) "kelly.aquinopaixao@yahoo.com.br"
  ["placa"]=>
  string(7) "OWV4I07"
  ["unidade"]=>
  array(1) {
    [0]=>
    string(1) "5"
  }
}

[12/04/2024 11:04:13] Verificando a solicitação...
[12/04/2024 11:04:13] abgsoft-autopark-unimed.php
array(5) {
  ["nome"]=>
  string(37) "Jefferson Anderson de Miranda Júnior"
  ["cpf"]=>
  string(14) "137.550.176-36"
  ["email"]=>
  string(26) "jefferson.1931@hotmail.com"
  ["placa"]=>
  string(7) "OWR6061"
  ["unidade"]=>
  array(1) {
    [0]=>
    string(1) "2"
  }
}

[12/04/2024 11:09:06] Verificando a solicitação...
[12/04/2024 11:09:06] abgsoft-autopark-unimed.php
array(5) {
  ["nome"]=>
  string(37) "Jefferson Anderson de Miranda Júnior"
  ["cpf"]=>
  string(14) "137.550.176-36"
  ["email"]=>
  string(26) "jefferson.1931@hotmail.com"
  ["placa"]=>
  string(7) "OWR6061"
  ["unidade"]=>
  array(1) {
    [0]=>
    string(1) "2"
  }
}

[12/04/2024 11:09:21] Verificando a solicitação...
[12/04/2024 11:09:21] abgsoft-autopark-unimed.php
array(5) {
  ["nome"]=>
  string(37) "Jefferson Anderson de Miranda Júnior"
  ["cpf"]=>
  string(14) "137.550.176-36"
  ["email"]=>
  string(26) "jefferson.1931@hotmail.com"
  ["placa"]=>
  string(7) "OWR6061"
  ["unidade"]=>
  array(1) {
    [0]=>
    string(1) "1"
  }
}

[12/04/2024 11:09:37] Verificando a solicitação...
[12/04/2024 11:09:37] abgsoft-autopark-unimed.php
array(5) {
  ["nome"]=>
  string(37) "Jefferson Anderson de Miranda Júnior"
  ["cpf"]=>
  string(14) "137.550.176-36"
  ["email"]=>
  string(26) "jefferson.1931@hotmail.com"
  ["placa"]=>
  string(8) "OWR 6061"
  ["unidade"]=>
  array(1) {
    [0]=>
    string(1) "1"
  }
}

[12/04/2024 11:12:30] Verificando a solicitação...
[12/04/2024 11:12:30] abgsoft-autopark-unimed.php
array(5) {
  ["nome"]=>
  string(23) "Bruno Piere Assunção "
  ["cpf"]=>
  string(14) "078.585.556-42"
  ["email"]=>
  string(22) "brunopiere87@gmail.com"
  ["placa"]=>
  string(7) "Gxz2713"
  ["unidade"]=>
  array(1) {
    [0]=>
    string(1) "7"
  }
}

[12/04/2024 11:14:42] Verificando a solicitação...
[12/04/2024 11:14:42] abgsoft-autopark-unimed.php
array(5) {
  ["nome"]=>
  string(31) "Beatriz Engler Barbosa Cândido"
  ["cpf"]=>
  string(11) "12764601638"
  ["email"]=>
  string(25) "beatriz.englerb@gmail.com"
  ["placa"]=>
  string(7) "QUA7725"
  ["unidade"]=>
  array(1) {
    [0]=>
    string(1) "7"
  }
}

[12/04/2024 11:15:13] Verificando a solicitação...
[12/04/2024 11:15:13] abgsoft-autopark-unimed.php
array(5) {
  ["nome"]=>
  string(31) "Beatriz Engler Barbosa Cândido"
  ["cpf"]=>
  string(11) "12764601638"
  ["email"]=>
  string(25) "beatriz.englerb@gmail.com"
  ["placa"]=>
  string(7) "QUA7725"
  ["unidade"]=>
  array(1) {
    [0]=>
    string(1) "7"
  }
}

[12/04/2024 11:15:32] Verificando a solicitação...
[12/04/2024 11:15:32] abgsoft-autopark-unimed.php
array(5) {
  ["nome"]=>
  string(31) "Beatriz Engler Barbosa Cândido"
  ["cpf"]=>
  string(11) "12764601638"
  ["email"]=>
  string(25) "beatriz.englerb@gmail.com"
  ["placa"]=>
  string(7) "QUA7725"
  ["unidade"]=>
  array(1) {
    [0]=>
    string(1) "7"
  }
}

[12/04/2024 11:17:12] Verificando a solicitação...
[12/04/2024 11:17:12] abgsoft-autopark-unimed.php
array(5) {
  ["nome"]=>
  string(35) "Jessica Alícia Medeiros de Freitas"
  ["cpf"]=>
  string(11) "15001566630"
  ["email"]=>
  string(23) "jess-alicia@hotmail.com"
  ["placa"]=>
  string(7) "HIC0508"
  ["unidade"]=>
  array(1) {
    [0]=>
    string(1) "5"
  }
}

[12/04/2024 11:17:18] Verificando a solicitação...
[12/04/2024 11:17:18] abgsoft-autopark-unimed.php
array(5) {
  ["nome"]=>
  string(31) "Beatriz Engler Barbosa Cândido"
  ["cpf"]=>
  string(11) "12764601638"
  ["email"]=>
  string(25) "beatriz.englerb@gmail.com"
  ["placa"]=>
  string(7) "QUA7725"
  ["unidade"]=>
  array(1) {
    [0]=>
    string(1) "7"
  }
}

[12/04/2024 11:17:20] Verificando a solicitação...
[12/04/2024 11:17:20] abgsoft-autopark-unimed.php
array(5) {
  ["nome"]=>
  string(35) "Jessica Alícia Medeiros de Freitas"
  ["cpf"]=>
  string(11) "15001566630"
  ["email"]=>
  string(23) "jess-alicia@hotmail.com"
  ["placa"]=>
  string(7) "HIC0508"
  ["unidade"]=>
  array(1) {
    [0]=>
    string(1) "5"
  }
}

[12/04/2024 11:17:28] Verificando a solicitação...
[12/04/2024 11:17:28] abgsoft-autopark-unimed.php
array(5) {
  ["nome"]=>
  string(35) "Jessica Alícia Medeiros de Freitas"
  ["cpf"]=>
  string(11) "15001566630"
  ["email"]=>
  string(23) "jess-alicia@hotmail.com"
  ["placa"]=>
  string(7) "HIC0508"
  ["unidade"]=>
  array(1) {
    [0]=>
    string(1) "5"
  }
}

[12/04/2024 11:17:49] Verificando a solicitação...
[12/04/2024 11:17:49] abgsoft-autopark-unimed.php
array(5) {
  ["nome"]=>
  string(35) "Jessica Alícia Medeiros de Freitas"
  ["cpf"]=>
  string(11) "15001566630"
  ["email"]=>
  string(23) "jess-alicia@hotmail.com"
  ["placa"]=>
  string(7) "HIC0508"
  ["unidade"]=>
  array(1) {
    [0]=>
    string(1) "5"
  }
}

[12/04/2024 11:26:17] Verificando a solicitação...
[12/04/2024 11:26:17] abgsoft-autopark-unimed.php
array(5) {
  ["nome"]=>
  string(31) "Beatriz Engler Barbosa Cândido"
  ["cpf"]=>
  string(11) "12764601638"
  ["email"]=>
  string(25) "beatriz.englerb@gmail.com"
  ["placa"]=>
  string(7) "QUA7725"
  ["unidade"]=>
  array(1) {
    [0]=>
    string(1) "7"
  }
}

[12/04/2024 11:26:32] Verificando a solicitação...
[12/04/2024 11:26:32] abgsoft-autopark-unimed.php
array(5) {
  ["nome"]=>
  string(31) "Beatriz Engler Barbosa Cândido"
  ["cpf"]=>
  string(11) "12764601638"
  ["email"]=>
  string(25) "beatriz.englerb@gmail.com"
  ["placa"]=>
  string(7) "QUA7725"
  ["unidade"]=>
  array(1) {
    [0]=>
    string(1) "7"
  }
}

[12/04/2024 11:28:38] Verificando a solicitação...
[12/04/2024 11:28:38] abgsoft-autopark-unimed.php
array(5) {
  ["nome"]=>
  string(31) "Beatriz Engler Barbosa Candido "
  ["cpf"]=>
  string(11) "12764601638"
  ["email"]=>
  string(25) "beatriz.englerb@gmail.com"
  ["placa"]=>
  string(7) "QUA2577"
  ["unidade"]=>
  array(1) {
    [0]=>
    string(1) "7"
  }
}

[12/04/2024 11:28:51] Verificando a solicitação...
[12/04/2024 11:28:51] abgsoft-autopark-unimed.php
array(5) {
  ["nome"]=>
  string(31) "Beatriz Engler Barbosa Candido "
  ["cpf"]=>
  string(11) "12764601638"
  ["email"]=>
  string(25) "beatriz.englerb@gmail.com"
  ["placa"]=>
  string(7) "QUA2577"
  ["unidade"]=>
  array(1) {
    [0]=>
    string(1) "7"
  }
}

[12/04/2024 11:54:45] Verificando a solicitação...
[12/04/2024 11:54:45] abgsoft-autopark-unimed.php
array(5) {
  ["nome"]=>
  string(30) "Karina Lucia Ribeiro de Cristo"
  ["cpf"]=>
  string(14) "014.918.976-19"
  ["email"]=>
  string(28) "karinaluciaribeiro@gmail.com"
  ["placa"]=>
  string(7) "OLW9855"
  ["unidade"]=>
  array(1) {
    [0]=>
    string(1) "5"
  }
}

[12/04/2024 11:54:48] Verificando a solicitação...
[12/04/2024 11:54:48] abgsoft-autopark-unimed.php
array(5) {
  ["nome"]=>
  string(36) "Jefferson anderson de miranda junior"
  ["cpf"]=>
  string(11) "13755017636"
  ["email"]=>
  string(26) "jefferson.1931@hotmail.com"
  ["placa"]=>
  string(7) "Owr6061"
  ["unidade"]=>
  array(1) {
    [0]=>
    string(1) "2"
  }
}

[12/04/2024 11:54:54] Verificando a solicitação...
[12/04/2024 11:54:54] abgsoft-autopark-unimed.php
array(5) {
  ["nome"]=>
  string(30) "Karina Lucia Ribeiro de Cristo"
  ["cpf"]=>
  string(14) "014.918.976-19"
  ["email"]=>
  string(28) "karinaluciaribeiro@gmail.com"
  ["placa"]=>
  string(7) "OLW9855"
  ["unidade"]=>
  array(1) {
    [0]=>
    string(1) "5"
  }
}

[12/04/2024 11:54:59] Verificando a solicitação...
[12/04/2024 11:54:59] abgsoft-autopark-unimed.php
array(5) {
  ["nome"]=>
  string(36) "Jefferson anderson de miranda junior"
  ["cpf"]=>
  string(11) "13755017636"
  ["email"]=>
  string(26) "jefferson.1931@hotmail.com"
  ["placa"]=>
  string(7) "Owr6061"
  ["unidade"]=>
  array(1) {
    [0]=>
    string(1) "2"
  }
}

[12/04/2024 11:55:20] Verificando a solicitação...
[12/04/2024 11:55:20] abgsoft-autopark-unimed.php
array(5) {
  ["nome"]=>
  string(30) "Karina Lucia Ribeiro de Cristo"
  ["cpf"]=>
  string(14) "014.918.976-19"
  ["email"]=>
  string(28) "karinaluciaribeiro@gmail.com"
  ["placa"]=>
  string(7) "OLW9855"
  ["unidade"]=>
  array(1) {
    [0]=>
    string(1) "5"
  }
}

[12/04/2024 11:55:53] Verificando a solicitação...
[12/04/2024 11:55:53] abgsoft-autopark-unimed.php
array(5) {
  ["nome"]=>
  string(30) "Karina Lucia Ribeiro de Cristo"
  ["cpf"]=>
  string(14) "014.918.976-19"
  ["email"]=>
  string(28) "karinaluciaribeiro@gmail.com"
  ["placa"]=>
  string(7) "OLW9855"
  ["unidade"]=>
  array(1) {
    [0]=>
    string(1) "5"
  }
}

[12/04/2024 11:56:18] Verificando a solicitação...
[12/04/2024 11:56:18] abgsoft-autopark-unimed.php
array(5) {
  ["nome"]=>
  string(30) "Karina Lucia Ribeiro de Cristo"
  ["cpf"]=>
  string(14) "014.918.976-19"
  ["email"]=>
  string(28) "karinaluciaribeiro@gmail.com"
  ["placa"]=>
  string(7) "OLW9855"
  ["unidade"]=>
  array(1) {
    [0]=>
    string(1) "5"
  }
}

[12/04/2024 12:16:20] Verificando a solicitação...
[12/04/2024 12:16:20] abgsoft-autopark-unimed.php
array(5) {
  ["nome"]=>
  string(30) "Karina Lucia Ribeiro de Cristo"
  ["cpf"]=>
  string(14) "014.918.976-19"
  ["email"]=>
  string(28) "karinaluciaribeiro@gmail.com"
  ["placa"]=>
  string(7) "OLW9855"
  ["unidade"]=>
  array(1) {
    [0]=>
    string(1) "5"
  }
}

[12/04/2024 12:16:55] Verificando a solicitação...
[12/04/2024 12:16:55] abgsoft-autopark-unimed.php
array(5) {
  ["nome"]=>
  string(30) "Karina Lucia Ribeiro de Cristo"
  ["cpf"]=>
  string(14) "014.918.976-19"
  ["email"]=>
  string(28) "karinaluciaribeiro@gmail.com"
  ["placa"]=>
  string(7) "OLW9855"
  ["unidade"]=>
  array(1) {
    [0]=>
    string(1) "5"
  }
}

[12/04/2024 12:17:04] Verificando a solicitação...
[12/04/2024 12:17:04] abgsoft-autopark-unimed.php
array(5) {
  ["nome"]=>
  string(30) "Karina Lucia Ribeiro de Cristo"
  ["cpf"]=>
  string(14) "014.918.976-19"
  ["email"]=>
  string(28) "karinaluciaribeiro@gmail.com"
  ["placa"]=>
  string(7) "OLW9855"
  ["unidade"]=>
  array(1) {
    [0]=>
    string(1) "5"
  }
}

[12/04/2024 12:27:30] Verificando a solicitação...
[12/04/2024 12:27:30] abgsoft-autopark-unimed.php
array(5) {
  ["nome"]=>
  string(29) "Neila Clarisse De Souza Silva"
  ["cpf"]=>
  string(11) "10068323603"
  ["email"]=>
  string(25) "neilaclarisse@hotmail.com"
  ["placa"]=>
  string(7) "QMR1229"
  ["unidade"]=>
  array(1) {
    [0]=>
    string(1) "5"
  }
}

[12/04/2024 12:27:45] Verificando a solicitação...
[12/04/2024 12:27:45] abgsoft-autopark-unimed.php
array(5) {
  ["nome"]=>
  string(29) "Neila Clarisse De Souza Silva"
  ["cpf"]=>
  string(11) "10068323603"
  ["email"]=>
  string(25) "neilaclarisse@hotmail.com"
  ["placa"]=>
  string(7) "QMR1229"
  ["unidade"]=>
  array(1) {
    [0]=>
    string(1) "5"
  }
}

[12/04/2024 12:49:23] Verificando a solicitação...
[12/04/2024 12:49:23] abgsoft-autopark-unimed.php
array(5) {
  ["nome"]=>
  string(8) "Lucelma "
  ["cpf"]=>
  string(11) "02851953605"
  ["email"]=>
  string(18) "llucelma@gmail.com"
  ["placa"]=>
  string(7) "SIO0A62"
  ["unidade"]=>
  array(1) {
    [0]=>
    string(1) "7"
  }
}

[12/04/2024 12:50:06] Verificando a solicitação...
[12/04/2024 12:50:06] abgsoft-autopark-unimed.php
array(5) {
  ["nome"]=>
  string(29) "Neila Clarisse De Souza Silva"
  ["cpf"]=>
  string(11) "10068323603"
  ["email"]=>
  string(25) "neilaclarisse@hotmail.com"
  ["placa"]=>
  string(7) "QMR1229"
  ["unidade"]=>
  array(1) {
    [0]=>
    string(1) "5"
  }
}

[12/04/2024 01:20:55] Verificando a solicitação...
[12/04/2024 01:50:01] Verificando a solicitação...
[12/04/2024 02:28:13] Verificando a solicitação...
[12/04/2024 02:47:04] Verificando a solicitação...
[12/04/2024 02:47:04] abgsoft-autopark-unimed.php
array(5) {
  ["nome"]=>
  string(17) "Fausto Cerqueira "
  ["cpf"]=>
  string(11) "13432028687"
  ["email"]=>
  string(18) "faustoec@gmaul.com"
  ["placa"]=>
  string(8) "OQK6017 "
  ["unidade"]=>
  array(1) {
    [0]=>
    string(1) "4"
  }
}

[12/04/2024 03:35:56] Verificando a solicitação...
[12/04/2024 03:35:56] abgsoft-autopark-unimed.php
array(5) {
  ["nome"]=>
  string(26) "Ricardo Oliveira de Brito "
  ["cpf"]=>
  string(11) "03054207633"
  ["email"]=>
  string(25) "ricardobritorob@gmail.com"
  ["placa"]=>
  string(7) "SYA9A41"
  ["unidade"]=>
  array(1) {
    [0]=>
    string(1) "5"
  }
}

[12/04/2024 03:57:33] Verificando a solicitação...
[12/04/2024 04:09:07] Verificando a solicitação...
[12/04/2024 04:09:07] abgsoft-autopark-unimed.php
array(5) {
  ["nome"]=>
  string(20) "André Vaz Figueira "
  ["cpf"]=>
  string(14) "582.735.576-34"
  ["email"]=>
  string(27) "vazandre.figueira@gmail.com"
  ["placa"]=>
  string(7) "Pwm7j51"
  ["unidade"]=>
  array(1) {
    [0]=>
    string(1) "2"
  }
}

[12/04/2024 05:09:44] Verificando a solicitação...
[12/04/2024 05:09:44] abgsoft-autopark-unimed.php
array(5) {
  ["nome"]=>
  string(34) "Manoel Alexandre Ribeiro Bellezia "
  ["cpf"]=>
  string(11) "54849365604"
  ["email"]=>
  string(29) "alexandrebellezia@hotmail.com"
  ["placa"]=>
  string(7) "Pvw4694"
  ["unidade"]=>
  array(1) {
    [0]=>
    string(1) "5"
  }
}

[12/04/2024 09:06:58] Verificando a solicitação...
[12/04/2024 09:06:58] abgsoft-autopark-unimed.php
array(5) {
  ["nome"]=>
  string(27) "Wilker Masculino Nascimento"
  ["cpf"]=>
  string(14) "114.246.856-99"
  ["email"]=>
  string(19) "wilkern91@gmail.com"
  ["placa"]=>
  string(7) "RVB5H05"
  ["unidade"]=>
  array(1) {
    [0]=>
    string(1) "5"
  }
}

[12/04/2024 09:35:08] Verificando a solicitação...
[12/04/2024 09:48:48] Verificando a solicitação...
[12/04/2024 09:48:48] abgsoft-autopark-unimed.php
array(5) {
  ["nome"]=>
  string(28) "Sonia Maria da Silva Vieira "
  ["cpf"]=>
  string(11) "94113955700"
  ["email"]=>
  string(24) "vieira.braulio@gmail.com"
  ["placa"]=>
  string(8) "Krs4399 "
  ["unidade"]=>
  array(1) {
    [0]=>
    string(1) "7"
  }
}

