[18/06/2024 01:54:12] Verificando a solicitação...
[18/06/2024 01:54:12] abgsoft-autopark-unimed.php
array(5) {
  ["nome"]=>
  string(28) "Paulo Roberto das Neves lima"
  ["cpf"]=>
  string(14) "136.461.766-87"
  ["email"]=>
  string(31) "paulorobertoneveslima@gmail.com"
  ["placa"]=>
  string(7) "RUE5B01"
  ["unidade"]=>
  array(1) {
    [0]=>
    string(1) "7"
  }
}

[18/06/2024 04:54:38] Verificando a solicitação...
[18/06/2024 04:54:38] abgsoft-autopark-unimed.php
array(5) {
  ["nome"]=>
  string(22) "BRAULIO LUIZ DE ARAUJO"
  ["cpf"]=>
  string(14) "112.880.696-77"
  ["email"]=>
  string(28) "braulio.araujo@vallourec.com"
  ["placa"]=>
  string(7) "SHX7F15"
  ["unidade"]=>
  array(1) {
    [0]=>
    string(1) "2"
  }
}

[18/06/2024 07:06:36] Verificando a solicitação...
[18/06/2024 07:06:36] abgsoft-autopark-unimed.php
array(5) {
  ["nome"]=>
  string(34) "Juliana de Souza Martins Monteiro "
  ["cpf"]=>
  string(11) "01342340655"
  ["email"]=>
  string(27) "supervisaojuliana@gmail.com"
  ["placa"]=>
  string(7) "Hnb4559"
  ["unidade"]=>
  array(1) {
    [0]=>
    string(1) "5"
  }
}

[18/06/2024 07:39:01] Verificando a solicitação...
[18/06/2024 07:42:37] Verificando a solicitação...
[18/06/2024 09:30:20] Verificando a solicitação...
[18/06/2024 09:30:20] abgsoft-autopark-unimed.php
array(5) {
  ["nome"]=>
  string(15) "Lucileia farias"
  ["cpf"]=>
  string(11) "05222074641"
  ["email"]=>
  string(19) "euleia@yahoo.com.br"
  ["placa"]=>
  string(7) "Bhz9254"
  ["unidade"]=>
  array(1) {
    [0]=>
    string(1) "7"
  }
}

[18/06/2024 11:27:35] Verificando a solicitação...
[18/06/2024 11:27:35] abgsoft-autopark-unimed.php
array(5) {
  ["nome"]=>
  string(27) "SONIA MARIA DA SILVA VIEIRA"
  ["cpf"]=>
  string(11) "94113955700"
  ["email"]=>
  string(24) "vieira.braulio@gmail.com"
  ["placa"]=>
  string(7) "Krs4399"
  ["unidade"]=>
  array(1) {
    [0]=>
    string(1) "7"
  }
}

[18/06/2024 11:31:19] Verificando a solicitação...
[18/06/2024 11:31:19] abgsoft-autopark-unimed.php
array(5) {
  ["nome"]=>
  string(36) "VITORIA APARECIDA RODRIGUES DE PAULA"
  ["cpf"]=>
  string(14) "113.792.186-24"
  ["email"]=>
  string(33) "vitoriarodriguesdepaula@gmail.com"
  ["placa"]=>
  string(7) "pzh5356"
  ["unidade"]=>
  array(1) {
    [0]=>
    string(1) "7"
  }
}

[18/06/2024 12:16:46] Verificando a solicitação...
[18/06/2024 12:20:10] Verificando a solicitação...
[18/06/2024 12:20:10] abgsoft-autopark-unimed.php
array(5) {
  ["nome"]=>
  string(25) "Marcos Antonio dos Santos"
  ["cpf"]=>
  string(11) "26771210855"
  ["email"]=>
  string(29) "marcos.santos@autopark.com.br"
  ["placa"]=>
  string(7) "SEC9J75"
  ["unidade"]=>
  array(1) {
    [0]=>
    string(1) "4"
  }
}

[18/06/2024 12:37:42] Verificando a solicitação...
[18/06/2024 12:37:42] abgsoft-autopark-unimed.php
array(5) {
  ["nome"]=>
  string(15) "Lucileia Farias"
  ["cpf"]=>
  string(11) "05222074641"
  ["email"]=>
  string(19) "euleia@yahoo.com.br"
  ["placa"]=>
  string(7) "Blz9254"
  ["unidade"]=>
  array(1) {
    [0]=>
    string(1) "7"
  }
}

[18/06/2024 01:18:12] Verificando a solicitação...
[18/06/2024 01:18:12] abgsoft-autopark-unimed.php
array(5) {
  ["nome"]=>
  string(25) "ANDERSON ANTONIO DA SILVA"
  ["cpf"]=>
  string(14) "849.255.666-87"
  ["email"]=>
  string(26) "aantonio.silva75@gmail.com"
  ["placa"]=>
  string(7) "Qqc0790"
  ["unidade"]=>
  array(1) {
    [0]=>
    string(1) "5"
  }
}

[18/06/2024 01:18:22] Verificando a solicitação...
[18/06/2024 01:18:22] abgsoft-autopark-unimed.php
array(5) {
  ["nome"]=>
  string(27) "Mayara Kesellen Gonçalves "
  ["cpf"]=>
  string(14) "129.242.976-30"
  ["email"]=>
  string(26) "joaobatista631@outlook.com"
  ["placa"]=>
  string(7) "SIW2H51"
  ["unidade"]=>
  array(1) {
    [0]=>
    string(1) "6"
  }
}

[18/06/2024 01:46:18] Verificando a solicitação...
[18/06/2024 01:46:18] abgsoft-autopark-unimed.php
array(5) {
  ["nome"]=>
  string(8) "Janaina "
  ["cpf"]=>
  string(11) "03252788659"
  ["email"]=>
  string(25) "janainanina04@hotmail.com"
  ["placa"]=>
  string(7) "OCY6H80"
  ["unidade"]=>
  array(1) {
    [0]=>
    string(1) "2"
  }
}

[18/06/2024 02:54:14] Verificando a solicitação...
[18/06/2024 02:54:14] abgsoft-autopark-unimed.php
array(5) {
  ["nome"]=>
  string(20) "Higor Santana Silva "
  ["cpf"]=>
  string(11) "14391331667"
  ["email"]=>
  string(23) "higorhalomura@gmail.com"
  ["placa"]=>
  string(7) "HJJ7D22"
  ["unidade"]=>
  array(1) {
    [0]=>
    string(1) "7"
  }
}

[18/06/2024 02:54:21] Verificando a solicitação...
[18/06/2024 02:54:21] abgsoft-autopark-unimed.php
array(5) {
  ["nome"]=>
  string(20) "Higor Santana Silva "
  ["cpf"]=>
  string(11) "14391331667"
  ["email"]=>
  string(23) "higorhalomura@gmail.com"
  ["placa"]=>
  string(7) "HJJ7D22"
  ["unidade"]=>
  array(1) {
    [0]=>
    string(1) "7"
  }
}

[18/06/2024 02:54:27] Verificando a solicitação...
[18/06/2024 02:54:27] abgsoft-autopark-unimed.php
array(5) {
  ["nome"]=>
  string(20) "Higor Santana Silva "
  ["cpf"]=>
  string(11) "14391331667"
  ["email"]=>
  string(23) "higorhalomura@gmail.com"
  ["placa"]=>
  string(7) "HJJ7D22"
  ["unidade"]=>
  array(1) {
    [0]=>
    string(1) "7"
  }
}

[18/06/2024 02:54:48] Verificando a solicitação...
[18/06/2024 02:54:48] abgsoft-autopark-unimed.php
array(5) {
  ["nome"]=>
  string(20) "Higor Santana Silva "
  ["cpf"]=>
  string(11) "14391331667"
  ["email"]=>
  string(23) "higorhalomura@gmail.com"
  ["placa"]=>
  string(7) "HJJ7D22"
  ["unidade"]=>
  array(1) {
    [0]=>
    string(1) "7"
  }
}

[18/06/2024 02:55:32] Verificando a solicitação...
[18/06/2024 02:55:32] abgsoft-autopark-unimed.php
array(5) {
  ["nome"]=>
  string(20) "Higor Santana Silva "
  ["cpf"]=>
  string(11) "14391331667"
  ["email"]=>
  string(23) "higorgalokura@gmail.com"
  ["placa"]=>
  string(7) "HJJ7D22"
  ["unidade"]=>
  array(1) {
    [0]=>
    string(1) "7"
  }
}

[18/06/2024 02:55:44] Verificando a solicitação...
[18/06/2024 02:55:44] abgsoft-autopark-unimed.php
array(5) {
  ["nome"]=>
  string(20) "Higor Santana Silva "
  ["cpf"]=>
  string(11) "14391331667"
  ["email"]=>
  string(23) "higorgalokura@gmail.com"
  ["placa"]=>
  string(7) "HJJ7D22"
  ["unidade"]=>
  array(1) {
    [0]=>
    string(1) "7"
  }
}

[18/06/2024 02:56:11] Verificando a solicitação...
[18/06/2024 02:56:11] abgsoft-autopark-unimed.php
array(5) {
  ["nome"]=>
  string(20) "Higor Santana Silva "
  ["cpf"]=>
  string(11) "14391331667"
  ["email"]=>
  string(23) "higorgalokura@gmail.com"
  ["placa"]=>
  string(7) "HJJ7D22"
  ["unidade"]=>
  array(1) {
    [0]=>
    string(1) "7"
  }
}

[18/06/2024 02:56:41] Verificando a solicitação...
[18/06/2024 02:56:41] abgsoft-autopark-unimed.php
array(5) {
  ["nome"]=>
  string(20) "Higor Santana Silva "
  ["cpf"]=>
  string(11) "14391331667"
  ["email"]=>
  string(23) "higorgalokura@gmail.com"
  ["placa"]=>
  string(7) "HJJ7D22"
  ["unidade"]=>
  array(1) {
    [0]=>
    string(1) "7"
  }
}

[18/06/2024 02:56:51] Verificando a solicitação...
[18/06/2024 02:56:51] abgsoft-autopark-unimed.php
array(5) {
  ["nome"]=>
  string(20) "Higor Santana Silva "
  ["cpf"]=>
  string(11) "14391331667"
  ["email"]=>
  string(23) "higorgalokura@gmail.com"
  ["placa"]=>
  string(7) "HJJ7D22"
  ["unidade"]=>
  array(1) {
    [0]=>
    string(1) "7"
  }
}

[18/06/2024 03:05:08] Verificando a solicitação...
[18/06/2024 03:05:08] abgsoft-autopark-unimed.php
array(5) {
  ["nome"]=>
  string(20) "Higor Santana Silva "
  ["cpf"]=>
  string(14) "143.913.316-67"
  ["email"]=>
  string(23) "higorgalokura@gmail.com"
  ["placa"]=>
  string(7) "HJJ7D22"
  ["unidade"]=>
  array(1) {
    [0]=>
    string(1) "7"
  }
}

[18/06/2024 03:06:16] Verificando a solicitação...
[18/06/2024 03:06:16] abgsoft-autopark-unimed.php
array(5) {
  ["nome"]=>
  string(27) "SONIA MARIA DA SILVA VIEIRA"
  ["cpf"]=>
  string(11) "94113955700"
  ["email"]=>
  string(24) "vieira.braulio@gmail.com"
  ["placa"]=>
  string(8) "Krs4399 "
  ["unidade"]=>
  array(1) {
    [0]=>
    string(1) "7"
  }
}

[18/06/2024 03:06:28] Verificando a solicitação...
[18/06/2024 03:06:28] abgsoft-autopark-unimed.php
array(5) {
  ["nome"]=>
  string(27) "SONIA MARIA DA SILVA VIEIRA"
  ["cpf"]=>
  string(11) "94113955700"
  ["email"]=>
  string(24) "vieira.braulio@gmail.com"
  ["placa"]=>
  string(8) "Krs4399 "
  ["unidade"]=>
  array(1) {
    [0]=>
    string(1) "7"
  }
}

[18/06/2024 03:06:58] Verificando a solicitação...
[18/06/2024 03:06:58] abgsoft-autopark-unimed.php
array(5) {
  ["nome"]=>
  string(27) "SONIA MARIA DA SILVA VIEIRA"
  ["cpf"]=>
  string(11) "94113955700"
  ["email"]=>
  string(24) "vieira.braulio@gmail.com"
  ["placa"]=>
  string(8) "Krs4399 "
  ["unidade"]=>
  array(1) {
    [0]=>
    string(1) "7"
  }
}

[18/06/2024 03:15:23] Verificando a solicitação...
[18/06/2024 03:15:23] abgsoft-autopark-unimed.php
array(5) {
  ["nome"]=>
  string(20) "Higor Santana Silva "
  ["cpf"]=>
  string(14) "143.913.316-67"
  ["email"]=>
  string(23) "higorgalokura@gmail.com"
  ["placa"]=>
  string(7) "HJJ7D22"
  ["unidade"]=>
  array(1) {
    [0]=>
    string(1) "7"
  }
}

[18/06/2024 03:24:10] Verificando a solicitação...
[18/06/2024 03:24:10] abgsoft-autopark-unimed.php
array(5) {
  ["nome"]=>
  string(29) "Kaiza Vitória Assis Santana "
  ["cpf"]=>
  string(11) "14175713654"
  ["email"]=>
  string(28) "kaizavitoria.assis@gmail.com"
  ["placa"]=>
  string(7) "HJJ7D22"
  ["unidade"]=>
  array(1) {
    [0]=>
    string(1) "7"
  }
}

[18/06/2024 03:32:58] Verificando a solicitação...
[18/06/2024 03:32:58] abgsoft-autopark-unimed.php
array(5) {
  ["nome"]=>
  string(20) "Higor Santana Silva "
  ["cpf"]=>
  string(11) "14391331667"
  ["email"]=>
  string(23) "higorgalokura@gmail.com"
  ["placa"]=>
  string(7) "HJJ7D22"
  ["unidade"]=>
  array(1) {
    [0]=>
    string(1) "7"
  }
}

[18/06/2024 03:33:15] Verificando a solicitação...
[18/06/2024 03:33:15] abgsoft-autopark-unimed.php
array(5) {
  ["nome"]=>
  string(24) "Telma Antunes Gonçalves"
  ["cpf"]=>
  string(11) "54668484687"
  ["email"]=>
  string(23) "telmaantunes@pbh.gov.br"
  ["placa"]=>
  string(7) "HNZ7083"
  ["unidade"]=>
  array(1) {
    [0]=>
    string(1) "5"
  }
}

[18/06/2024 03:33:52] Verificando a solicitação...
[18/06/2024 03:33:52] abgsoft-autopark-unimed.php
array(5) {
  ["nome"]=>
  string(24) "Telma Antunes Gonçalves"
  ["cpf"]=>
  string(11) "54668484687"
  ["email"]=>
  string(23) "telmaantunes@pbh.gov.br"
  ["placa"]=>
  string(7) "HNZ7083"
  ["unidade"]=>
  array(1) {
    [0]=>
    string(1) "5"
  }
}

[18/06/2024 03:40:50] Verificando a solicitação...
[18/06/2024 03:40:50] abgsoft-autopark-unimed.php
array(5) {
  ["nome"]=>
  string(27) "Marlon Arlen de Souza Lima "
  ["cpf"]=>
  string(14) "032.121.476-52"
  ["email"]=>
  string(24) "marlonarlen@yahoo.com.br"
  ["placa"]=>
  string(7) "OQM3I46"
  ["unidade"]=>
  array(1) {
    [0]=>
    string(1) "4"
  }
}

[18/06/2024 03:44:34] Verificando a solicitação...
[18/06/2024 03:44:34] abgsoft-autopark-unimed.php
array(5) {
  ["nome"]=>
  string(9) "Gracilene"
  ["cpf"]=>
  string(11) "06466971619"
  ["email"]=>
  string(34) "gracilenechaves.oliveira@gmail.com"
  ["placa"]=>
  string(7) "RFZ1D95"
  ["unidade"]=>
  array(1) {
    [0]=>
    string(1) "2"
  }
}

[18/06/2024 03:44:46] Verificando a solicitação...
[18/06/2024 03:44:46] abgsoft-autopark-unimed.php
array(5) {
  ["nome"]=>
  string(9) "Gracilene"
  ["cpf"]=>
  string(11) "06466971619"
  ["email"]=>
  string(34) "gracilenechaves.oliveira@gmail.com"
  ["placa"]=>
  string(7) "RFZ1D95"
  ["unidade"]=>
  array(1) {
    [0]=>
    string(1) "2"
  }
}

[18/06/2024 03:45:04] Verificando a solicitação...
[18/06/2024 03:45:04] abgsoft-autopark-unimed.php
array(5) {
  ["nome"]=>
  string(10) "Gracilene "
  ["cpf"]=>
  string(11) "06466971619"
  ["email"]=>
  string(34) "gracilenechaves.oliveira@gmail.com"
  ["placa"]=>
  string(7) "RFZ1D95"
  ["unidade"]=>
  array(1) {
    [0]=>
    string(1) "2"
  }
}

[18/06/2024 04:03:54] Verificando a solicitação...
[18/06/2024 04:03:54] abgsoft-autopark-unimed.php
array(5) {
  ["nome"]=>
  string(19) "Aguinaldo Mesquiari"
  ["cpf"]=>
  string(11) "07923734801"
  ["email"]=>
  string(21) "ajmesquiari@gmail.com"
  ["placa"]=>
  string(7) "OMG3880"
  ["unidade"]=>
  array(1) {
    [0]=>
    string(1) "5"
  }
}

[18/06/2024 04:04:11] Verificando a solicitação...
[18/06/2024 04:04:11] abgsoft-autopark-unimed.php
array(5) {
  ["nome"]=>
  string(19) "Aguinaldo Mesquiari"
  ["cpf"]=>
  string(11) "07923734801"
  ["email"]=>
  string(21) "ajmesquiari@gmail.com"
  ["placa"]=>
  string(7) "OMG3880"
  ["unidade"]=>
  array(1) {
    [0]=>
    string(1) "5"
  }
}

[18/06/2024 04:06:46] Verificando a solicitação...
[18/06/2024 04:06:46] abgsoft-autopark-unimed.php
array(5) {
  ["nome"]=>
  string(26) "MICHELLE FERREIRA DE SOUZA"
  ["cpf"]=>
  string(14) "073.503.376-55"
  ["email"]=>
  string(26) "michellefs777@yahoo.com.br"
  ["placa"]=>
  string(7) "PZY4933"
  ["unidade"]=>
  array(1) {
    [0]=>
    string(1) "5"
  }
}

[18/06/2024 04:07:01] Verificando a solicitação...
[18/06/2024 04:07:01] abgsoft-autopark-unimed.php
array(5) {
  ["nome"]=>
  string(26) "MICHELLE FERREIRA DE SOUZA"
  ["cpf"]=>
  string(14) "073.503.376-55"
  ["email"]=>
  string(26) "michellefs777@yahoo.com.br"
  ["placa"]=>
  string(7) "PZY4933"
  ["unidade"]=>
  array(1) {
    [0]=>
    string(1) "5"
  }
}

[18/06/2024 04:39:44] Verificando a solicitação...
[18/06/2024 04:39:44] abgsoft-autopark-unimed.php
array(5) {
  ["nome"]=>
  string(35) "Carlos Alberto Martins Silva Junior"
  ["cpf"]=>
  string(14) "747.374.656-15"
  ["email"]=>
  string(20) "carlosasj@bol.com.br"
  ["placa"]=>
  string(7) "RMH4F52"
  ["unidade"]=>
  array(1) {
    [0]=>
    string(1) "3"
  }
}

[18/06/2024 04:39:56] Verificando a solicitação...
[18/06/2024 04:39:56] abgsoft-autopark-unimed.php
array(5) {
  ["nome"]=>
  string(35) "Carlos Alberto Martins Silva Junior"
  ["cpf"]=>
  string(14) "747.374.656-15"
  ["email"]=>
  string(20) "carlosasj@bol.com.br"
  ["placa"]=>
  string(7) "RMH4F52"
  ["unidade"]=>
  array(1) {
    [0]=>
    string(1) "3"
  }
}

[18/06/2024 04:40:08] Verificando a solicitação...
[18/06/2024 04:40:08] abgsoft-autopark-unimed.php
array(5) {
  ["nome"]=>
  string(35) "Carlos Alberto Martins Silva Junior"
  ["cpf"]=>
  string(14) "747.374.656-15"
  ["email"]=>
  string(20) "carlosasj@bol.com.br"
  ["placa"]=>
  string(7) "RMH4F52"
  ["unidade"]=>
  array(1) {
    [0]=>
    string(1) "3"
  }
}

[18/06/2024 04:48:06] Verificando a solicitação...
[18/06/2024 04:48:06] abgsoft-autopark-unimed.php
array(5) {
  ["nome"]=>
  string(35) "Carlos Alberto Martins Silva Junior"
  ["cpf"]=>
  string(14) "747.374.656-15"
  ["email"]=>
  string(20) "carlosasj@bol.com.br"
  ["placa"]=>
  string(7) "RMH4F52"
  ["unidade"]=>
  array(1) {
    [0]=>
    string(1) "3"
  }
}

[18/06/2024 05:00:32] Verificando a solicitação...
[18/06/2024 05:00:32] abgsoft-autopark-unimed.php
array(5) {
  ["nome"]=>
  string(22) "Pedro Henrique Luciano"
  ["cpf"]=>
  string(14) "702.711.286-82"
  ["email"]=>
  string(25) "pedrohluciano@hotmail.com"
  ["placa"]=>
  string(7) "OXF7I41"
  ["unidade"]=>
  array(1) {
    [0]=>
    string(1) "5"
  }
}

[18/06/2024 05:02:16] Verificando a solicitação...
[18/06/2024 05:02:16] abgsoft-autopark-unimed.php
array(5) {
  ["nome"]=>
  string(26) "Jackson Batista dos Santos"
  ["cpf"]=>
  string(14) "098.475.016-96"
  ["email"]=>
  string(23) "jacksongstm@outlook.com"
  ["placa"]=>
  string(7) "PWB3F38"
  ["unidade"]=>
  array(1) {
    [0]=>
    string(1) "1"
  }
}

[18/06/2024 05:06:38] Verificando a solicitação...
[18/06/2024 05:06:38] abgsoft-autopark-unimed.php
array(5) {
  ["nome"]=>
  string(25) "Bráulio Luiz De Araújo "
  ["cpf"]=>
  string(14) "112.880.696-77"
  ["email"]=>
  string(28) "brauliodearaujo@yahoo.com.br"
  ["placa"]=>
  string(7) "SHX7F15"
  ["unidade"]=>
  array(1) {
    [0]=>
    string(1) "2"
  }
}

[18/06/2024 05:08:34] Verificando a solicitação...
[18/06/2024 05:08:34] abgsoft-autopark-unimed.php
array(5) {
  ["nome"]=>
  string(35) "Carlos Alberto Martins Silva Junior"
  ["cpf"]=>
  string(14) "747.374.656-15"
  ["email"]=>
  string(20) "carlosasj@bol.com.br"
  ["placa"]=>
  string(7) "RMH4F52"
  ["unidade"]=>
  array(1) {
    [0]=>
    string(1) "3"
  }
}

[18/06/2024 05:23:00] Verificando a solicitação...
[18/06/2024 05:23:00] abgsoft-autopark-unimed.php
array(5) {
  ["nome"]=>
  string(25) "MARCIA GONCALVES DA SILVA"
  ["cpf"]=>
  string(14) "328.482.186-49"
  ["email"]=>
  string(33) "marciagoncalves.silva@hotmail.com"
  ["placa"]=>
  string(7) "SIP3D43"
  ["unidade"]=>
  array(1) {
    [0]=>
    string(1) "7"
  }
}

[18/06/2024 05:50:14] Verificando a solicitação...
[18/06/2024 05:50:14] abgsoft-autopark-unimed.php
array(5) {
  ["nome"]=>
  string(39) "Danielle Cristina Marques Oliveira Dias"
  ["cpf"]=>
  string(14) "015.626.626-19"
  ["email"]=>
  string(26) "account.clientes@gmail.com"
  ["placa"]=>
  string(7) "RTG9E53"
  ["unidade"]=>
  array(1) {
    [0]=>
    string(1) "7"
  }
}

[18/06/2024 06:02:42] Verificando a solicitação...
[18/06/2024 06:02:42] abgsoft-autopark-unimed.php
array(5) {
  ["nome"]=>
  string(23) "daymison junio cordeiro"
  ["cpf"]=>
  string(14) "056.321.356-67"
  ["email"]=>
  string(18) "daymison@gmail.com"
  ["placa"]=>
  string(7) "RFI3E75"
  ["unidade"]=>
  array(1) {
    [0]=>
    string(1) "2"
  }
}

[18/06/2024 06:03:10] Verificando a solicitação...
[18/06/2024 06:03:10] abgsoft-autopark-unimed.php
array(5) {
  ["nome"]=>
  string(26) "LEONARDO HENRIQUE DE SOUZA"
  ["cpf"]=>
  string(14) "076.482.316-70"
  ["email"]=>
  string(24) "leleohenrique3@gmail.com"
  ["placa"]=>
  string(7) "QNX0H39"
  ["unidade"]=>
  array(1) {
    [0]=>
    string(1) "3"
  }
}

[18/06/2024 06:03:42] Verificando a solicitação...
[18/06/2024 06:03:42] abgsoft-autopark-unimed.php
array(5) {
  ["nome"]=>
  string(12) "Andre Borges"
  ["cpf"]=>
  string(11) "02643512669"
  ["email"]=>
  string(26) "andreborgess1995@gmail.com"
  ["placa"]=>
  string(7) "QUN0830"
  ["unidade"]=>
  array(1) {
    [0]=>
    string(1) "2"
  }
}

[18/06/2024 06:33:08] Verificando a solicitação...
[18/06/2024 06:33:08] abgsoft-autopark-unimed.php
array(5) {
  ["nome"]=>
  string(16) "Patricia Martins"
  ["cpf"]=>
  string(11) "00951486632"
  ["email"]=>
  string(24) "pat2006martins@gmail.com"
  ["placa"]=>
  string(7) "rmy4h69"
  ["unidade"]=>
  array(1) {
    [0]=>
    string(1) "5"
  }
}

[18/06/2024 07:34:21] Verificando a solicitação...
[18/06/2024 07:34:21] abgsoft-autopark-unimed.php
array(5) {
  ["nome"]=>
  string(29) "MATHEUS DO NASCIMENTO PEIXOTO"
  ["cpf"]=>
  string(14) "065.770.776-73"
  ["email"]=>
  string(25) "peixoto.matheus@gmail.com"
  ["placa"]=>
  string(7) "Pvp8716"
  ["unidade"]=>
  array(1) {
    [0]=>
    string(1) "2"
  }
}

[18/06/2024 07:36:46] Verificando a solicitação...
[18/06/2024 07:36:46] abgsoft-autopark-unimed.php
array(5) {
  ["nome"]=>
  string(26) "Arthur Corrêa de Azevêdo"
  ["cpf"]=>
  string(15) "277.572.776-04 "
  ["email"]=>
  string(22) "arthurazv189@gmail.com"
  ["placa"]=>
  string(8) "QWW7314 "
  ["unidade"]=>
  array(1) {
    [0]=>
    string(1) "5"
  }
}

[18/06/2024 07:48:32] Verificando a solicitação...
[18/06/2024 07:48:32] abgsoft-autopark-unimed.php
array(5) {
  ["nome"]=>
  string(26) "Miralda Barbosa Rodrigues "
  ["cpf"]=>
  string(14) "696.618.046-72"
  ["email"]=>
  string(27) "miraldarodrigues9@gmail.com"
  ["placa"]=>
  string(8) "HNK-0265"
  ["unidade"]=>
  array(1) {
    [0]=>
    string(1) "7"
  }
}

[18/06/2024 08:56:26] Verificando a solicitação...
[18/06/2024 08:56:26] abgsoft-autopark-unimed.php
array(5) {
  ["nome"]=>
  string(28) "Lorrany Estefaney Alves Dias"
  ["cpf"]=>
  string(11) "11891371606"
  ["email"]=>
  string(23) "lorranylucca2@gmail.com"
  ["placa"]=>
  string(7) "PUT2782"
  ["unidade"]=>
  array(1) {
    [0]=>
    string(1) "5"
  }
}

[18/06/2024 10:12:25] Verificando a solicitação...
[18/06/2024 10:27:12] Verificando a solicitação...
[18/06/2024 10:27:12] abgsoft-autopark-unimed.php
array(5) {
  ["nome"]=>
  string(28) "Izabel Cristina de Oliveira "
  ["cpf"]=>
  string(14) "044.225.956-52"
  ["email"]=>
  string(18) "i_co12@hotmail.com"
  ["placa"]=>
  string(7) "Hjr8393"
  ["unidade"]=>
  array(1) {
    [0]=>
    string(1) "7"
  }
}

[18/06/2024 10:27:24] Verificando a solicitação...
[18/06/2024 10:27:24] abgsoft-autopark-unimed.php
array(5) {
  ["nome"]=>
  string(28) "Izabel Cristina de Oliveira "
  ["cpf"]=>
  string(14) "044.225.956-52"
  ["email"]=>
  string(18) "i_co12@hotmail.com"
  ["placa"]=>
  string(7) "Hjr8393"
  ["unidade"]=>
  array(1) {
    [0]=>
    string(1) "7"
  }
}

[18/06/2024 10:27:43] Verificando a solicitação...
[18/06/2024 10:27:43] abgsoft-autopark-unimed.php
array(5) {
  ["nome"]=>
  string(28) "Izabel Cristina de Oliveira "
  ["cpf"]=>
  string(14) "044.225.956-52"
  ["email"]=>
  string(18) "i_co12@hotmail.com"
  ["placa"]=>
  string(7) "Hjr8393"
  ["unidade"]=>
  array(1) {
    [0]=>
    string(1) "7"
  }
}

[18/06/2024 11:17:19] Verificando a solicitação...
[18/06/2024 11:17:19] abgsoft-autopark-unimed.php
array(5) {
  ["nome"]=>
  string(28) "Paulo Roberto das Neves lima"
  ["cpf"]=>
  string(14) "136.461.766-87"
  ["email"]=>
  string(31) "paulorobertoneveslima@gmail.com"
  ["placa"]=>
  string(8) "QOW 0816"
  ["unidade"]=>
  array(1) {
    [0]=>
    string(1) "5"
  }
}

[18/06/2024 11:23:33] Verificando a solicitação...
[18/06/2024 11:23:33] abgsoft-autopark-unimed.php
array(5) {
  ["nome"]=>
  string(6) "ELIETE"
  ["cpf"]=>
  string(11) "76398811615"
  ["email"]=>
  string(22) "avonelie18@yahoo.om.br"
  ["placa"]=>
  string(3) "HJR"
  ["unidade"]=>
  array(1) {
    [0]=>
    string(1) "7"
  }
}

[18/06/2024 11:39:32] Verificando a solicitação...
[18/06/2024 11:39:32] abgsoft-autopark-unimed.php
array(5) {
  ["nome"]=>
  string(27) "SONIA MARIA DA SILVA VIEIRA"
  ["cpf"]=>
  string(11) "94113955700"
  ["email"]=>
  string(24) "vieira.braulio@gmail.com"
  ["placa"]=>
  string(8) "Krs4399 "
  ["unidade"]=>
  array(1) {
    [0]=>
    string(1) "7"
  }
}

