[03/06/2024 01:40:08] Verificando a solicitação...
[03/06/2024 01:40:08] abgsoft-autopark-unimed.php
array(5) {
  ["nome"]=>
  string(35) "Janaína Angely Trigueiro Malagoli "
  ["cpf"]=>
  string(14) "015.446.306-03"
  ["email"]=>
  string(25) "janainaangely@hotmail.com"
  ["placa"]=>
  string(7) "QPF7331"
  ["unidade"]=>
  array(1) {
    [0]=>
    string(1) "7"
  }
}

[03/06/2024 01:40:08] abgsoft-autopark-unimed.php
string(63) "cURL error 60: SSL certificate problem: certificate has expired"

[03/06/2024 02:30:25] Verificando a solicitação...
[03/06/2024 02:30:25] abgsoft-autopark-unimed.php
array(5) {
  ["nome"]=>
  string(29) "Thiago Figueiredo Gonçalves "
  ["cpf"]=>
  string(14) "104.283.446-66"
  ["email"]=>
  string(20) "thiagofg90@gmail.com"
  ["placa"]=>
  string(8) "ORA-4994"
  ["unidade"]=>
  array(1) {
    [0]=>
    string(1) "5"
  }
}

[03/06/2024 02:30:25] abgsoft-autopark-unimed.php
string(63) "cURL error 60: SSL certificate problem: certificate has expired"

[03/06/2024 09:00:00] Verificando a solicitação...
[03/06/2024 09:00:00] abgsoft-autopark-unimed.php
array(5) {
  ["nome"]=>
  string(29) "Thiago Figueiredo Gonçalves "
  ["cpf"]=>
  string(14) "104.283.446-66"
  ["email"]=>
  string(20) "thiagofg90@gmail.com"
  ["placa"]=>
  string(8) "ORA-4994"
  ["unidade"]=>
  array(1) {
    [0]=>
    string(1) "5"
  }
}

[03/06/2024 09:00:00] abgsoft-autopark-unimed.php
string(63) "cURL error 60: SSL certificate problem: certificate has expired"

[03/06/2024 10:07:17] Verificando a solicitação...
[03/06/2024 10:07:17] abgsoft-autopark-unimed.php
array(5) {
  ["nome"]=>
  string(15) "Ellen Valentim "
  ["cpf"]=>
  string(14) "095.971.226-77"
  ["email"]=>
  string(26) "ellenbh.valentim@gmail.com"
  ["placa"]=>
  string(8) "Owo 4946"
  ["unidade"]=>
  array(1) {
    [0]=>
    string(1) "7"
  }
}

[03/06/2024 10:07:17] abgsoft-autopark-unimed.php
string(63) "cURL error 60: SSL certificate problem: certificate has expired"

[03/06/2024 10:08:04] Verificando a solicitação...
[03/06/2024 10:08:04] abgsoft-autopark-unimed.php
array(5) {
  ["nome"]=>
  string(15) "Ellen Valentim "
  ["cpf"]=>
  string(14) "095.971.226-77"
  ["email"]=>
  string(26) "ellenbh.valentim@gmail.com"
  ["placa"]=>
  string(8) "Owo 4946"
  ["unidade"]=>
  array(1) {
    [0]=>
    string(1) "7"
  }
}

[03/06/2024 10:08:04] abgsoft-autopark-unimed.php
string(63) "cURL error 60: SSL certificate problem: certificate has expired"

[03/06/2024 10:22:57] Verificando a solicitação...
[03/06/2024 10:22:57] abgsoft-autopark-unimed.php
array(5) {
  ["nome"]=>
  string(42) "Michele de Carvalho Figueiredo Gonçalves "
  ["cpf"]=>
  string(14) "096.143.676-01"
  ["email"]=>
  string(27) "michelevieira72@hotmail.com"
  ["placa"]=>
  string(7) "ORA4994"
  ["unidade"]=>
  array(1) {
    [0]=>
    string(1) "5"
  }
}

[03/06/2024 10:22:57] abgsoft-autopark-unimed.php
string(63) "cURL error 60: SSL certificate problem: certificate has expired"

[03/06/2024 10:24:37] Verificando a solicitação...
[03/06/2024 10:24:37] abgsoft-autopark-unimed.php
array(5) {
  ["nome"]=>
  string(7) "Michele"
  ["cpf"]=>
  string(14) "096.143.676-01"
  ["email"]=>
  string(27) "michelevieira72@hotmail.com"
  ["placa"]=>
  string(7) "ORA4994"
  ["unidade"]=>
  array(1) {
    [0]=>
    string(1) "5"
  }
}

[03/06/2024 10:24:37] abgsoft-autopark-unimed.php
string(63) "cURL error 60: SSL certificate problem: certificate has expired"

[03/06/2024 10:40:51] Verificando a solicitação...
[03/06/2024 10:40:51] abgsoft-autopark-unimed.php
array(5) {
  ["nome"]=>
  string(5) "Diego"
  ["cpf"]=>
  string(11) "07350909632"
  ["email"]=>
  string(21) "diegofdutra@gmail.com"
  ["placa"]=>
  string(7) "Pxb8c03"
  ["unidade"]=>
  array(1) {
    [0]=>
    string(1) "7"
  }
}

[03/06/2024 10:40:52] abgsoft-autopark-unimed.php
string(63) "cURL error 60: SSL certificate problem: certificate has expired"

[03/06/2024 10:55:12] Verificando a solicitação...
[03/06/2024 10:55:12] abgsoft-autopark-unimed.php
array(5) {
  ["nome"]=>
  string(15) "Ellen Valentim "
  ["cpf"]=>
  string(14) "095.971.226-77"
  ["email"]=>
  string(26) "ellenbh.valentim@gmail.com"
  ["placa"]=>
  string(8) "Owo 4946"
  ["unidade"]=>
  array(1) {
    [0]=>
    string(1) "7"
  }
}

[03/06/2024 10:55:13] abgsoft-autopark-unimed.php
string(63) "cURL error 60: SSL certificate problem: certificate has expired"

[03/06/2024 11:11:01] Verificando a solicitação...
[03/06/2024 11:11:01] abgsoft-autopark-unimed.php
array(5) {
  ["nome"]=>
  string(33) "Rosilene Pereira Araújo Camargos"
  ["cpf"]=>
  string(11) "45786682668"
  ["email"]=>
  string(23) "roseacamargos@gmail.com"
  ["placa"]=>
  string(8) "PXK 2080"
  ["unidade"]=>
  array(1) {
    [0]=>
    string(1) "5"
  }
}

[03/06/2024 11:11:01] abgsoft-autopark-unimed.php
string(63) "cURL error 60: SSL certificate problem: certificate has expired"

[03/06/2024 11:20:47] Verificando a solicitação...
[03/06/2024 11:20:47] abgsoft-autopark-unimed.php
array(5) {
  ["nome"]=>
  string(31) "Roosevelt Henrique Junio Costa "
  ["cpf"]=>
  string(14) "048.793.906-90"
  ["email"]=>
  string(25) "rooseveltcosta7@gmail.com"
  ["placa"]=>
  string(7) "HCI7F58"
  ["unidade"]=>
  array(1) {
    [0]=>
    string(1) "5"
  }
}

[03/06/2024 11:20:47] abgsoft-autopark-unimed.php
string(63) "cURL error 60: SSL certificate problem: certificate has expired"

[03/06/2024 11:25:42] Verificando a solicitação...
[03/06/2024 11:25:42] abgsoft-autopark-unimed.php
array(5) {
  ["nome"]=>
  string(31) "Roosevelt Henrique Junio Costa "
  ["cpf"]=>
  string(14) "048.793.906-90"
  ["email"]=>
  string(25) "rooseveltcosta7@gmail.com"
  ["placa"]=>
  string(7) "HCI7F58"
  ["unidade"]=>
  array(1) {
    [0]=>
    string(1) "5"
  }
}

[03/06/2024 11:25:42] abgsoft-autopark-unimed.php
string(63) "cURL error 60: SSL certificate problem: certificate has expired"

[03/06/2024 11:27:26] Verificando a solicitação...
[03/06/2024 11:27:26] abgsoft-autopark-unimed.php
array(5) {
  ["nome"]=>
  string(33) "Lorenzo Bernardo Santiago Moreira"
  ["cpf"]=>
  string(11) "19422664640"
  ["email"]=>
  string(32) "stefanysantiago1993@yahoo.com.br"
  ["placa"]=>
  string(7) "QUW1C92"
  ["unidade"]=>
  array(1) {
    [0]=>
    string(1) "5"
  }
}

[03/06/2024 11:27:26] abgsoft-autopark-unimed.php
string(63) "cURL error 60: SSL certificate problem: certificate has expired"

[03/06/2024 11:29:48] Verificando a solicitação...
[03/06/2024 11:29:48] abgsoft-autopark-unimed.php
array(5) {
  ["nome"]=>
  string(33) "Lorenzo Bernardo Santiago Moreira"
  ["cpf"]=>
  string(11) "19422664640"
  ["email"]=>
  string(32) "stefanysantiago1993@yahoo.com.br"
  ["placa"]=>
  string(7) "QUW1C92"
  ["unidade"]=>
  array(1) {
    [0]=>
    string(1) "5"
  }
}

[03/06/2024 11:29:48] abgsoft-autopark-unimed.php
string(63) "cURL error 60: SSL certificate problem: certificate has expired"

[03/06/2024 11:36:51] Verificando a solicitação...
[03/06/2024 11:36:51] abgsoft-autopark-unimed.php
array(5) {
  ["nome"]=>
  string(18) "JOSE CLAUDIO COSTA"
  ["cpf"]=>
  string(14) "666.188.356-15"
  ["email"]=>
  string(22) "jclaudius@terra.com.br"
  ["placa"]=>
  string(7) "hjb2888"
  ["unidade"]=>
  array(1) {
    [0]=>
    string(1) "7"
  }
}

[03/06/2024 11:36:51] abgsoft-autopark-unimed.php
string(63) "cURL error 60: SSL certificate problem: certificate has expired"

[03/06/2024 11:38:05] Verificando a solicitação...
[03/06/2024 11:38:05] abgsoft-autopark-unimed.php
array(5) {
  ["nome"]=>
  string(24) "Heltrio carreiro Morais "
  ["cpf"]=>
  string(15) "511.947.676-72 "
  ["email"]=>
  string(26) "heltrio.morais@hotmail.com"
  ["placa"]=>
  string(8) "RMR0C01 "
  ["unidade"]=>
  array(1) {
    [0]=>
    string(1) "7"
  }
}

[03/06/2024 11:38:05] abgsoft-autopark-unimed.php
string(63) "cURL error 60: SSL certificate problem: certificate has expired"

[03/06/2024 12:01:46] Verificando a solicitação...
[03/06/2024 12:01:46] abgsoft-autopark-unimed.php
array(5) {
  ["nome"]=>
  string(32) "Patricia Kelly de Souza Monteiro"
  ["cpf"]=>
  string(14) "091.945.906-48"
  ["email"]=>
  string(32) "patkellysmonteiro@hotmail.com.br"
  ["placa"]=>
  string(7) "EYW6G56"
  ["unidade"]=>
  array(1) {
    [0]=>
    string(1) "7"
  }
}

[03/06/2024 12:01:46] abgsoft-autopark-unimed.php
string(63) "cURL error 60: SSL certificate problem: certificate has expired"

[03/06/2024 12:24:51] Verificando a solicitação...
[03/06/2024 12:24:51] abgsoft-autopark-unimed.php
array(5) {
  ["nome"]=>
  string(21) "Junio Francisco alves"
  ["cpf"]=>
  string(14) "116.098.596-00"
  ["email"]=>
  string(21) "junio-bad@hotmail.com"
  ["placa"]=>
  string(7) "Hcu0629"
  ["unidade"]=>
  array(1) {
    [0]=>
    string(1) "7"
  }
}

[03/06/2024 12:24:51] abgsoft-autopark-unimed.php
string(63) "cURL error 60: SSL certificate problem: certificate has expired"

[03/06/2024 12:42:46] Verificando a solicitação...
[03/06/2024 12:42:46] abgsoft-autopark-unimed.php
array(5) {
  ["nome"]=>
  string(16) "Gisele Rodrigues"
  ["cpf"]=>
  string(14) "095.212.816-00"
  ["email"]=>
  string(30) "gisele.g.p.rodrigues@gmail.com"
  ["placa"]=>
  string(7) "Owv2J82"
  ["unidade"]=>
  array(1) {
    [0]=>
    string(1) "2"
  }
}

[03/06/2024 12:42:46] abgsoft-autopark-unimed.php
string(63) "cURL error 60: SSL certificate problem: certificate has expired"

[03/06/2024 12:45:18] Verificando a solicitação...
[03/06/2024 12:45:18] abgsoft-autopark-unimed.php
array(5) {
  ["nome"]=>
  string(31) "LILIAN BRETAS SANTIAGO FERREIRA"
  ["cpf"]=>
  string(14) "115.022.466-51"
  ["email"]=>
  string(25) "lilian-bretas@hotmail.com"
  ["placa"]=>
  string(7) "PUG3D95"
  ["unidade"]=>
  array(1) {
    [0]=>
    string(1) "5"
  }
}

[03/06/2024 12:45:18] abgsoft-autopark-unimed.php
string(63) "cURL error 60: SSL certificate problem: certificate has expired"

[03/06/2024 01:04:17] Verificando a solicitação...
[03/06/2024 01:04:17] abgsoft-autopark-unimed.php
array(5) {
  ["nome"]=>
  string(28) "Carlos Roberto Pinto Portes "
  ["cpf"]=>
  string(11) "47336803687"
  ["email"]=>
  string(24) "carlosportesbh@gmail.com"
  ["placa"]=>
  string(7) "PUO5123"
  ["unidade"]=>
  array(1) {
    [0]=>
    string(1) "7"
  }
}

[03/06/2024 01:04:17] abgsoft-autopark-unimed.php
string(63) "cURL error 60: SSL certificate problem: certificate has expired"

[03/06/2024 01:09:11] Verificando a solicitação...
[03/06/2024 01:09:11] abgsoft-autopark-unimed.php
array(5) {
  ["nome"]=>
  string(31) "LILIAN BRETAS SANTIAGO FERREIRA"
  ["cpf"]=>
  string(14) "115.022.466-51"
  ["email"]=>
  string(25) "lilian-bretas@hotmail.com"
  ["placa"]=>
  string(7) "PUG3D95"
  ["unidade"]=>
  array(1) {
    [0]=>
    string(1) "5"
  }
}

[03/06/2024 01:09:11] abgsoft-autopark-unimed.php
string(63) "cURL error 60: SSL certificate problem: certificate has expired"

[03/06/2024 01:43:13] Verificando a solicitação...
[03/06/2024 01:43:13] abgsoft-autopark-unimed.php
array(5) {
  ["nome"]=>
  string(21) "Junio Francisco alves"
  ["cpf"]=>
  string(14) "116.098.596-00"
  ["email"]=>
  string(21) "junio-bad@hotmail.com"
  ["placa"]=>
  string(7) "Hcu0629"
  ["unidade"]=>
  array(1) {
    [0]=>
    string(1) "7"
  }
}

[03/06/2024 01:43:14] abgsoft-autopark-unimed.php
string(63) "cURL error 60: SSL certificate problem: certificate has expired"

[03/06/2024 02:18:56] Verificando a solicitação...
[03/06/2024 02:18:56] abgsoft-autopark-unimed.php
array(5) {
  ["nome"]=>
  string(28) "PAULO ROBERTO DAS NEVES LIMA"
  ["cpf"]=>
  string(14) "136.461.766-87"
  ["email"]=>
  string(29) "comercial@eletrovoltjc.com.br"
  ["placa"]=>
  string(7) "RUE5B01"
  ["unidade"]=>
  array(1) {
    [0]=>
    string(1) "7"
  }
}

[03/06/2024 02:18:56] abgsoft-autopark-unimed.php
string(63) "cURL error 60: SSL certificate problem: certificate has expired"

[03/06/2024 02:41:06] Verificando a solicitação...
[03/06/2024 02:41:06] abgsoft-autopark-unimed.php
array(5) {
  ["nome"]=>
  string(22) "Aída Linhares Barboza"
  ["cpf"]=>
  string(14) "327.875.026-87"
  ["email"]=>
  string(26) "linharesbarboza@uol.com.br"
  ["placa"]=>
  string(7) "HHR5766"
  ["unidade"]=>
  array(1) {
    [0]=>
    string(1) "5"
  }
}

[03/06/2024 02:41:06] abgsoft-autopark-unimed.php
string(63) "cURL error 60: SSL certificate problem: certificate has expired"

[03/06/2024 02:45:55] Verificando a solicitação...
[03/06/2024 02:45:55] abgsoft-autopark-unimed.php
array(5) {
  ["nome"]=>
  string(8) "Leonardo"
  ["cpf"]=>
  string(11) "10004065638"
  ["email"]=>
  string(28) "leonardomirandatec@gmail.com"
  ["placa"]=>
  string(8) "PVQ-0445"
  ["unidade"]=>
  array(1) {
    [0]=>
    string(1) "1"
  }
}

[03/06/2024 02:45:55] abgsoft-autopark-unimed.php
string(63) "cURL error 60: SSL certificate problem: certificate has expired"

[03/06/2024 03:09:21] Verificando a solicitação...
[03/06/2024 03:09:21] abgsoft-autopark-unimed.php
array(5) {
  ["nome"]=>
  string(18) "Fabiano Lourenço "
  ["cpf"]=>
  string(14) "013.506.636-03"
  ["email"]=>
  string(23) "fabiano@simpsons.com.br"
  ["placa"]=>
  string(8) "QQZ-7492"
  ["unidade"]=>
  array(1) {
    [0]=>
    string(1) "5"
  }
}

[03/06/2024 03:09:21] abgsoft-autopark-unimed.php
string(63) "cURL error 60: SSL certificate problem: certificate has expired"

[03/06/2024 03:19:57] Verificando a solicitação...
[03/06/2024 03:19:57] abgsoft-autopark-unimed.php
array(5) {
  ["nome"]=>
  string(28) "JANE DA CONSOLAÇÃO PEREIRA"
  ["cpf"]=>
  string(11) "01449827659"
  ["email"]=>
  string(28) "jane.pereira2006@hotmail.com"
  ["placa"]=>
  string(7) "HKM7000"
  ["unidade"]=>
  array(1) {
    [0]=>
    string(1) "7"
  }
}

[03/06/2024 03:19:57] abgsoft-autopark-unimed.php
string(63) "cURL error 60: SSL certificate problem: certificate has expired"

[03/06/2024 03:22:13] Verificando a solicitação...
[03/06/2024 03:22:13] abgsoft-autopark-unimed.php
array(5) {
  ["nome"]=>
  string(31) "Roosevelt Henrique Junio Costa "
  ["cpf"]=>
  string(14) "048.793.906-90"
  ["email"]=>
  string(25) "rooseveltcosta7@gmail.com"
  ["placa"]=>
  string(7) "HCI7F58"
  ["unidade"]=>
  array(1) {
    [0]=>
    string(1) "5"
  }
}

[03/06/2024 03:22:13] abgsoft-autopark-unimed.php
string(63) "cURL error 60: SSL certificate problem: certificate has expired"

[03/06/2024 03:26:44] Verificando a solicitação...
[03/06/2024 03:26:44] abgsoft-autopark-unimed.php
array(5) {
  ["nome"]=>
  string(26) "JANE DA CONSOLACAO PEREIRA"
  ["cpf"]=>
  string(11) "01449827659"
  ["email"]=>
  string(28) "jane.pereira2006@hotmail.com"
  ["placa"]=>
  string(7) "HKM7000"
  ["unidade"]=>
  array(1) {
    [0]=>
    string(1) "7"
  }
}

[03/06/2024 03:26:44] abgsoft-autopark-unimed.php
string(63) "cURL error 60: SSL certificate problem: certificate has expired"

[03/06/2024 03:34:34] Verificando a solicitação...
[03/06/2024 03:34:34] abgsoft-autopark-unimed.php
array(5) {
  ["nome"]=>
  string(14) "Carla Ferreira"
  ["cpf"]=>
  string(11) "09784024640"
  ["email"]=>
  string(19) "carlifr@hotmail.com"
  ["placa"]=>
  string(7) "Gzs2118"
  ["unidade"]=>
  array(1) {
    [0]=>
    string(1) "7"
  }
}

[03/06/2024 03:34:34] abgsoft-autopark-unimed.php
string(63) "cURL error 60: SSL certificate problem: certificate has expired"

[03/06/2024 03:37:33] Verificando a solicitação...
[03/06/2024 03:37:33] abgsoft-autopark-unimed.php
array(5) {
  ["nome"]=>
  string(26) "CRISTIANO DOS SANTOS COSTA"
  ["cpf"]=>
  string(14) "049.955.986-00"
  ["email"]=>
  string(23) "cristiano.onl@gmail.com"
  ["placa"]=>
  string(7) "HBR7E50"
  ["unidade"]=>
  array(1) {
    [0]=>
    string(1) "1"
  }
}

[03/06/2024 03:37:33] abgsoft-autopark-unimed.php
string(63) "cURL error 60: SSL certificate problem: certificate has expired"

[03/06/2024 03:39:52] Verificando a solicitação...
[03/06/2024 03:39:52] abgsoft-autopark-unimed.php
array(5) {
  ["nome"]=>
  string(26) "JANE DA CONSOLACAO PEREIRA"
  ["cpf"]=>
  string(11) "01449827659"
  ["email"]=>
  string(28) "jane.pereira2006@hotmail.com"
  ["placa"]=>
  string(7) "HKM7000"
  ["unidade"]=>
  array(1) {
    [0]=>
    string(1) "7"
  }
}

[03/06/2024 03:39:52] abgsoft-autopark-unimed.php
string(63) "cURL error 60: SSL certificate problem: certificate has expired"

[03/06/2024 04:09:25] Verificando a solicitação...
[03/06/2024 04:09:25] abgsoft-autopark-unimed.php
array(5) {
  ["nome"]=>
  string(21) "Rodrigo Silva Miranda"
  ["cpf"]=>
  string(11) "08808812677"
  ["email"]=>
  string(24) "cristina.deize@gmail.com"
  ["placa"]=>
  string(8) "QUR 6681"
  ["unidade"]=>
  array(1) {
    [0]=>
    string(1) "7"
  }
}

[03/06/2024 04:09:25] abgsoft-autopark-unimed.php
string(63) "cURL error 60: SSL certificate problem: certificate has expired"

[03/06/2024 04:13:58] Verificando a solicitação...
[03/06/2024 04:13:58] abgsoft-autopark-unimed.php
array(5) {
  ["nome"]=>
  string(21) "Rodrigo Silva Miranda"
  ["cpf"]=>
  string(11) "08808812677"
  ["email"]=>
  string(24) "cristina.deize@gmail.com"
  ["placa"]=>
  string(8) "QUR 6681"
  ["unidade"]=>
  array(1) {
    [0]=>
    string(1) "7"
  }
}

[03/06/2024 04:13:58] abgsoft-autopark-unimed.php
string(63) "cURL error 60: SSL certificate problem: certificate has expired"

[03/06/2024 04:23:26] Verificando a solicitação...
[03/06/2024 04:27:33] Verificando a solicitação...
[03/06/2024 04:27:33] abgsoft-autopark-unimed.php
array(5) {
  ["nome"]=>
  string(27) "SONIA MARIA DA SILVA VIEIRA"
  ["cpf"]=>
  string(11) "94113955700"
  ["email"]=>
  string(24) "vieira.braulio@gmail.com"
  ["placa"]=>
  string(8) "Krs4399 "
  ["unidade"]=>
  array(1) {
    [0]=>
    string(1) "7"
  }
}

[03/06/2024 04:27:33] abgsoft-autopark-unimed.php
string(63) "cURL error 60: SSL certificate problem: certificate has expired"

[03/06/2024 04:28:28] Verificando a solicitação...
[03/06/2024 04:31:07] Verificando a solicitação...
[03/06/2024 04:31:07] abgsoft-autopark-unimed.php
array(5) {
  ["nome"]=>
  string(22) "Rodrigo Silva Miranda "
  ["cpf"]=>
  string(11) "08808812677"
  ["email"]=>
  string(24) "cristina.deize@gmail.com"
  ["placa"]=>
  string(8) "QUR 6681"
  ["unidade"]=>
  array(1) {
    [0]=>
    string(1) "7"
  }
}

[03/06/2024 04:31:07] abgsoft-autopark-unimed.php
string(63) "cURL error 60: SSL certificate problem: certificate has expired"

[03/06/2024 04:33:51] Verificando a solicitação...
[03/06/2024 04:33:51] abgsoft-autopark-unimed.php
array(5) {
  ["nome"]=>
  string(43) "Pedro erquias de Oliveira Freitas de Paula "
  ["cpf"]=>
  string(15) "190.887.306-01 "
  ["email"]=>
  string(21) "renatamso83@gmail.com"
  ["placa"]=>
  string(7) "Gso4509"
  ["unidade"]=>
  array(1) {
    [0]=>
    string(1) "5"
  }
}

[03/06/2024 04:33:51] abgsoft-autopark-unimed.php
string(63) "cURL error 60: SSL certificate problem: certificate has expired"

[03/06/2024 04:41:43] Verificando a solicitação...
[03/06/2024 04:41:43] abgsoft-autopark-unimed.php
array(5) {
  ["nome"]=>
  string(23) "Paola de souza Ferreira"
  ["cpf"]=>
  string(14) "088.544.036-60"
  ["email"]=>
  string(22) "paolas2souza@gmail.com"
  ["placa"]=>
  string(8) "PZL9A47 "
  ["unidade"]=>
  array(1) {
    [0]=>
    string(1) "7"
  }
}

[03/06/2024 04:41:43] abgsoft-autopark-unimed.php
string(63) "cURL error 60: SSL certificate problem: certificate has expired"

[03/06/2024 04:50:54] Verificando a solicitação...
[03/06/2024 04:50:54] abgsoft-autopark-unimed.php
array(5) {
  ["nome"]=>
  string(8) "Rubiana "
  ["cpf"]=>
  string(11) "66411602620"
  ["email"]=>
  string(26) "rubianaverona@yahoo.com.br"
  ["placa"]=>
  string(8) "SJC4J37 "
  ["unidade"]=>
  array(1) {
    [0]=>
    string(1) "4"
  }
}

[03/06/2024 04:50:54] abgsoft-autopark-unimed.php
string(63) "cURL error 60: SSL certificate problem: certificate has expired"

[03/06/2024 05:01:57] Verificando a solicitação...
[03/06/2024 05:01:57] abgsoft-autopark-unimed.php
array(5) {
  ["nome"]=>
  string(29) "JOSE ROGERIO FRANÇA MONTEIRO"
  ["cpf"]=>
  string(14) "643.024.747-34"
  ["email"]=>
  string(27) "jrogeriomonteiro7@gmail.com"
  ["placa"]=>
  string(7) "RUO0A11"
  ["unidade"]=>
  array(1) {
    [0]=>
    string(1) "2"
  }
}

[03/06/2024 05:01:57] abgsoft-autopark-unimed.php
string(63) "cURL error 60: SSL certificate problem: certificate has expired"

[03/06/2024 05:03:43] Verificando a solicitação...
[03/06/2024 05:45:43] Verificando a solicitação...
[03/06/2024 05:45:43] abgsoft-autopark-unimed.php
array(5) {
  ["nome"]=>
  string(23) "Flavia Petruceli Coelho"
  ["cpf"]=>
  string(11) "03164054696"
  ["email"]=>
  string(19) "flaviapet@yahoo.com"
  ["placa"]=>
  string(7) "PAG2E30"
  ["unidade"]=>
  array(1) {
    [0]=>
    string(1) "3"
  }
}

[03/06/2024 05:45:43] abgsoft-autopark-unimed.php
string(63) "cURL error 60: SSL certificate problem: certificate has expired"

[03/06/2024 05:59:13] Verificando a solicitação...
[03/06/2024 05:59:13] abgsoft-autopark-unimed.php
array(5) {
  ["nome"]=>
  string(23) "TATIANE DE LIMA MARIANO"
  ["cpf"]=>
  string(14) "014.493.676-31"
  ["email"]=>
  string(27) "tatianeflor2011@hotmail.com"
  ["placa"]=>
  string(7) "OPP1C69"
  ["unidade"]=>
  array(1) {
    [0]=>
    string(1) "5"
  }
}

[03/06/2024 05:59:13] abgsoft-autopark-unimed.php
string(63) "cURL error 60: SSL certificate problem: certificate has expired"

[03/06/2024 06:00:10] Verificando a solicitação...
[03/06/2024 06:00:10] abgsoft-autopark-unimed.php
array(5) {
  ["nome"]=>
  string(20) "Glaucia Alves Sandes"
  ["cpf"]=>
  string(11) "07439011694"
  ["email"]=>
  string(26) "glaucia-sandes@hotmail.com"
  ["placa"]=>
  string(7) "Pva1E09"
  ["unidade"]=>
  array(1) {
    [0]=>
    string(1) "7"
  }
}

[03/06/2024 06:00:10] abgsoft-autopark-unimed.php
string(63) "cURL error 60: SSL certificate problem: certificate has expired"

[03/06/2024 06:16:13] Verificando a solicitação...
[03/06/2024 08:05:34] Verificando a solicitação...
[03/06/2024 08:05:34] abgsoft-autopark-unimed.php
array(5) {
  ["nome"]=>
  string(29) "Maristela Vieira dos Santos  "
  ["cpf"]=>
  string(14) "767.407.816-72"
  ["email"]=>
  string(29) "maristellavieira@yahoo.com.br"
  ["placa"]=>
  string(7) "PZR8165"
  ["unidade"]=>
  array(1) {
    [0]=>
    string(1) "5"
  }
}

[03/06/2024 08:05:34] abgsoft-autopark-unimed.php
string(63) "cURL error 60: SSL certificate problem: certificate has expired"

[03/06/2024 08:09:51] Verificando a solicitação...
[03/06/2024 08:09:51] abgsoft-autopark-unimed.php
array(5) {
  ["nome"]=>
  string(29) "Gael Victor da Silva Ferreira"
  ["cpf"]=>
  string(14) "184.161.626-54"
  ["email"]=>
  string(29) "jorgeferreira199122@gmail.com"
  ["placa"]=>
  string(7) "Def7256"
  ["unidade"]=>
  array(1) {
    [0]=>
    string(1) "7"
  }
}

[03/06/2024 08:09:51] abgsoft-autopark-unimed.php
string(63) "cURL error 60: SSL certificate problem: certificate has expired"

[03/06/2024 08:12:05] Verificando a solicitação...
[03/06/2024 08:12:05] abgsoft-autopark-unimed.php
array(5) {
  ["nome"]=>
  string(29) "Gael Victor da Silva Ferreira"
  ["cpf"]=>
  string(14) "184.161.626-54"
  ["email"]=>
  string(29) "jorgeferreira199122@gmail.com"
  ["placa"]=>
  string(7) "Def7256"
  ["unidade"]=>
  array(1) {
    [0]=>
    string(1) "7"
  }
}

[03/06/2024 08:12:05] abgsoft-autopark-unimed.php
string(63) "cURL error 60: SSL certificate problem: certificate has expired"

[03/06/2024 08:33:36] Verificando a solicitação...
[03/06/2024 08:33:36] abgsoft-autopark-unimed.php
array(5) {
  ["nome"]=>
  string(29) "Regina Célia Azevedo Vilaça"
  ["cpf"]=>
  string(11) "26975220697"
  ["email"]=>
  string(25) "regina.vilaca@hotmail.com"
  ["placa"]=>
  string(7) "QUH6C59"
  ["unidade"]=>
  array(1) {
    [0]=>
    string(1) "7"
  }
}

[03/06/2024 08:33:37] abgsoft-autopark-unimed.php
string(63) "cURL error 60: SSL certificate problem: certificate has expired"

[03/06/2024 08:40:07] Verificando a solicitação...
[03/06/2024 08:40:07] abgsoft-autopark-unimed.php
array(5) {
  ["nome"]=>
  string(29) "Regina Célia Azevedo Vilaça"
  ["cpf"]=>
  string(14) "269.752.206-97"
  ["email"]=>
  string(25) "regina.vilaca@hotmail.com"
  ["placa"]=>
  string(7) "QUH6C59"
  ["unidade"]=>
  array(1) {
    [0]=>
    string(1) "7"
  }
}

[03/06/2024 08:40:07] abgsoft-autopark-unimed.php
string(63) "cURL error 60: SSL certificate problem: certificate has expired"

[03/06/2024 08:43:20] Verificando a solicitação...
[03/06/2024 08:43:20] abgsoft-autopark-unimed.php
array(5) {
  ["nome"]=>
  string(31) "Marcos Johnny Inácio dá Silva"
  ["cpf"]=>
  string(14) "082.665.366-94"
  ["email"]=>
  string(22) "m.johnny.i.s@gmail.com"
  ["placa"]=>
  string(7) "PAD4B18"
  ["unidade"]=>
  array(1) {
    [0]=>
    string(1) "4"
  }
}

[03/06/2024 08:43:20] abgsoft-autopark-unimed.php
string(63) "cURL error 60: SSL certificate problem: certificate has expired"

[03/06/2024 09:08:02] Verificando a solicitação...
[03/06/2024 09:08:02] abgsoft-autopark-unimed.php
array(5) {
  ["nome"]=>
  string(21) "Jessica dias delfino "
  ["cpf"]=>
  string(11) "12214505652"
  ["email"]=>
  string(24) "jessicadiazdel@gmail.com"
  ["placa"]=>
  string(7) "Sia9a62"
  ["unidade"]=>
  array(1) {
    [0]=>
    string(1) "5"
  }
}

[03/06/2024 09:08:02] abgsoft-autopark-unimed.php
string(63) "cURL error 60: SSL certificate problem: certificate has expired"

[03/06/2024 09:38:00] Verificando a solicitação...
[03/06/2024 09:40:57] Verificando a solicitação...
[03/06/2024 09:40:57] abgsoft-autopark-unimed.php
array(5) {
  ["nome"]=>
  string(26) "Cláudio Odarha Nascimento"
  ["cpf"]=>
  string(14) "090.611.706-21"
  ["email"]=>
  string(25) "claudioodarha@hotmail.com"
  ["placa"]=>
  string(7) "Jgy2j23"
  ["unidade"]=>
  array(1) {
    [0]=>
    string(1) "7"
  }
}

[03/06/2024 09:40:57] abgsoft-autopark-unimed.php
string(63) "cURL error 60: SSL certificate problem: certificate has expired"

[03/06/2024 10:03:51] Verificando a solicitação...
[03/06/2024 10:03:51] abgsoft-autopark-unimed.php
array(5) {
  ["nome"]=>
  string(21) "Jessica dias delfino "
  ["cpf"]=>
  string(11) "12214505652"
  ["email"]=>
  string(24) "jessicadiazdel@gmail.com"
  ["placa"]=>
  string(7) "Sia9a62"
  ["unidade"]=>
  array(1) {
    [0]=>
    string(1) "5"
  }
}

[03/06/2024 10:03:51] abgsoft-autopark-unimed.php
string(63) "cURL error 60: SSL certificate problem: certificate has expired"

[03/06/2024 10:08:29] Verificando a solicitação...
[03/06/2024 10:08:29] abgsoft-autopark-unimed.php
array(5) {
  ["nome"]=>
  string(31) "Roosevelt Henrique Junio Costa "
  ["cpf"]=>
  string(14) "048.793.906-90"
  ["email"]=>
  string(25) "rooseveltcosta7@gmail.com"
  ["placa"]=>
  string(7) "HCI7F58"
  ["unidade"]=>
  array(1) {
    [0]=>
    string(1) "5"
  }
}

[03/06/2024 10:08:29] abgsoft-autopark-unimed.php
string(63) "cURL error 60: SSL certificate problem: certificate has expired"

[03/06/2024 11:33:32] Verificando a solicitação...
