[25/01/2024 12:22:41] Verificando a solicitação...
[25/01/2024 12:52:48] Verificando a solicitação...
[25/01/2024 12:52:48] abgsoft-autopark-unimed.php
array(5) {
  ["nome"]=>
  string(32) "Roberta Carolina de Barros Lopes"
  ["cpf"]=>
  string(14) "734.460.501-59"
  ["email"]=>
  string(25) "robertacdbarros@gmail.com"
  ["placa"]=>
  string(7) "HMR9F20"
  ["unidade"]=>
  array(1) {
    [0]=>
    string(1) "7"
  }
}

[25/01/2024 03:42:46] Verificando a solicitação...
[25/01/2024 04:01:47] Verificando a solicitação...
[25/01/2024 04:34:38] Verificando a solicitação...
[25/01/2024 09:37:19] Verificando a solicitação...
[25/01/2024 09:37:19] abgsoft-autopark-unimed.php
array(5) {
  ["nome"]=>
  string(25) "Marli PAULA LUZ MESQUIARI"
  ["cpf"]=>
  string(14) "079.357.798-56"
  ["email"]=>
  string(21) "marli.luz66@gmail.com"
  ["placa"]=>
  string(7) "HHP9E69"
  ["unidade"]=>
  array(1) {
    [0]=>
    string(1) "5"
  }
}

[25/01/2024 10:23:47] Verificando a solicitação...
[25/01/2024 10:52:13] Verificando a solicitação...
[25/01/2024 10:52:13] abgsoft-autopark-unimed.php
array(5) {
  ["nome"]=>
  string(29) "Leudmarlen Rubia G Figueiredo"
  ["cpf"]=>
  string(14) "081.158.176-43"
  ["email"]=>
  string(26) "leudleud.una@gmail.com.com"
  ["placa"]=>
  string(7) "HAY0262"
  ["unidade"]=>
  array(1) {
    [0]=>
    string(1) "2"
  }
}

[25/01/2024 11:20:20] Verificando a solicitação...
[25/01/2024 11:20:20] abgsoft-autopark-unimed.php
array(5) {
  ["nome"]=>
  string(14) "Simone Duarte "
  ["cpf"]=>
  string(14) "745.128.386-00"
  ["email"]=>
  string(22) "simone@belmicro.com.br"
  ["placa"]=>
  string(7) "OQV0467"
  ["unidade"]=>
  array(1) {
    [0]=>
    string(1) "5"
  }
}

[25/01/2024 12:11:53] Verificando a solicitação...
[25/01/2024 12:11:53] abgsoft-autopark-unimed.php
array(5) {
  ["nome"]=>
  string(35) "Maria  da Penha Pereira dos Santos "
  ["cpf"]=>
  string(14) "618.078.006-44"
  ["email"]=>
  string(29) "mpenhapereirasantos@gmail.com"
  ["placa"]=>
  string(7) "Puk3719"
  ["unidade"]=>
  array(1) {
    [0]=>
    string(1) "5"
  }
}

[25/01/2024 01:14:04] Verificando a solicitação...
[25/01/2024 01:14:04] abgsoft-autopark-unimed.php
array(5) {
  ["nome"]=>
  string(27) "Felipe de Laurentys Drumond"
  ["cpf"]=>
  string(11) "06442556822"
  ["email"]=>
  string(24) "delaurentys@yahoo.com.br"
  ["placa"]=>
  string(7) "okx4188"
  ["unidade"]=>
  array(1) {
    [0]=>
    string(1) "5"
  }
}

[25/01/2024 02:09:51] Verificando a solicitação...
[25/01/2024 02:09:51] abgsoft-autopark-unimed.php
array(5) {
  ["nome"]=>
  string(28) "Fernando Antonio de Carvalho"
  ["cpf"]=>
  string(14) "408.450.366-53"
  ["email"]=>
  string(37) "promec2012projetosmecanicos@gmail.com"
  ["placa"]=>
  string(7) "QQN3C30"
  ["unidade"]=>
  array(1) {
    [0]=>
    string(1) "2"
  }
}

[25/01/2024 02:14:13] Verificando a solicitação...
[25/01/2024 02:23:40] Verificando a solicitação...
[25/01/2024 04:08:35] Verificando a solicitação...
[25/01/2024 04:22:40] Verificando a solicitação...
[25/01/2024 04:23:28] Verificando a solicitação...
[25/01/2024 04:23:28] abgsoft-autopark-unimed.php
array(5) {
  ["nome"]=>
  string(15) "Edmar Izidorio "
  ["cpf"]=>
  string(14) "859.537.176-87"
  ["email"]=>
  string(19) "edmarfoox@gmail.com"
  ["placa"]=>
  string(8) "Kln 7530"
  ["unidade"]=>
  array(1) {
    [0]=>
    string(1) "2"
  }
}

[25/01/2024 04:29:58] Verificando a solicitação...
[25/01/2024 05:03:00] Verificando a solicitação...
[25/01/2024 05:11:39] Verificando a solicitação...
[25/01/2024 05:11:39] abgsoft-autopark-unimed.php
array(5) {
  ["nome"]=>
  string(26) "Ana Elisabete Pitta Maciel"
  ["cpf"]=>
  string(12) "033383666-98"
  ["email"]=>
  string(25) "anapitta1978@yahoo.com.br"
  ["placa"]=>
  string(8) "HOD 5533"
  ["unidade"]=>
  array(1) {
    [0]=>
    string(1) "5"
  }
}

[25/01/2024 05:31:51] Verificando a solicitação...
[25/01/2024 07:45:35] Verificando a solicitação...
[25/01/2024 07:45:35] abgsoft-autopark-unimed.php
array(5) {
  ["nome"]=>
  string(22) "DIEGO FERREIRA FONSECA"
  ["cpf"]=>
  string(14) "086.734.776-70"
  ["email"]=>
  string(21) "diego.ff1@hotmail.com"
  ["placa"]=>
  string(7) "OMF2494"
  ["unidade"]=>
  array(1) {
    [0]=>
    string(1) "5"
  }
}

[25/01/2024 08:21:19] Verificando a solicitação...
[25/01/2024 09:54:24] Verificando a solicitação...
[25/01/2024 10:10:11] Verificando a solicitação...
[25/01/2024 11:16:29] Verificando a solicitação...
[25/01/2024 11:18:01] Verificando a solicitação...
