[18/12/2024 12:32:24] Verificando a solicitação...
[18/12/2024 02:24:07] Verificando a solicitação...
[18/12/2024 02:24:07] abgsoft-autopark-unimed.php
array(5) {
  ["nome"]=>
  string(19) "Bruno Antunes Maia "
  ["cpf"]=>
  string(11) "75757214791"
  ["email"]=>
  string(21) "bruminas2@hotmail.com"
  ["placa"]=>
  string(8) "Pwv 6858"
  ["unidade"]=>
  array(1) {
    [0]=>
    string(1) "5"
  }
}

[18/12/2024 06:16:19] Verificando a solicitação...
[18/12/2024 07:33:20] Verificando a solicitação...
[18/12/2024 08:46:37] Verificando a solicitação...
[18/12/2024 08:46:37] abgsoft-autopark-unimed.php
array(5) {
  ["nome"]=>
  string(28) "KRYSTHOFER RAIMUNDO DA SILVA"
  ["cpf"]=>
  string(11) "13121748629"
  ["email"]=>
  string(25) "krystofersilva1@gmail.com"
  ["placa"]=>
  string(7) "PZW3B68"
  ["unidade"]=>
  array(1) {
    [0]=>
    string(1) "7"
  }
}

[18/12/2024 09:28:48] Verificando a solicitação...
[18/12/2024 10:27:13] Verificando a solicitação...
[18/12/2024 10:27:13] abgsoft-autopark-unimed.php
array(5) {
  ["nome"]=>
  string(26) "VIVIANE CARVALHO DE AVELAR"
  ["cpf"]=>
  string(14) "032.726.666-05"
  ["email"]=>
  string(24) "carvalhovivi75@gmail.com"
  ["placa"]=>
  string(8) "HMR-5064"
  ["unidade"]=>
  array(1) {
    [0]=>
    string(1) "7"
  }
}

[18/12/2024 11:04:10] Verificando a solicitação...
[18/12/2024 11:04:10] abgsoft-autopark-unimed.php
array(5) {
  ["nome"]=>
  string(27) "Francine Tângari Pettersen"
  ["cpf"]=>
  string(11) "79117627672"
  ["email"]=>
  string(28) "francinetangari@yahoo.com.br"
  ["placa"]=>
  string(7) "PYG5792"
  ["unidade"]=>
  array(1) {
    [0]=>
    string(1) "5"
  }
}

[18/12/2024 12:03:27] Verificando a solicitação...
[18/12/2024 12:03:27] abgsoft-autopark-unimed.php
array(5) {
  ["nome"]=>
  string(15) "Wendell Spadano"
  ["cpf"]=>
  string(11) "06023710662"
  ["email"]=>
  string(27) "wendell.spadano@outlook.com"
  ["placa"]=>
  string(7) "HGV2836"
  ["unidade"]=>
  array(1) {
    [0]=>
    string(1) "5"
  }
}

[18/12/2024 12:45:59] Verificando a solicitação...
[18/12/2024 12:45:59] abgsoft-autopark-unimed.php
array(5) {
  ["nome"]=>
  string(13) "Rodrigo Braga"
  ["cpf"]=>
  string(11) "01301562645"
  ["email"]=>
  string(17) "ipating@gmail.com"
  ["placa"]=>
  string(7) "PXH6616"
  ["unidade"]=>
  array(1) {
    [0]=>
    string(1) "7"
  }
}

[18/12/2024 01:30:17] Verificando a solicitação...
[18/12/2024 01:30:17] abgsoft-autopark-unimed.php
array(5) {
  ["nome"]=>
  string(22) "Luiz Carlos de Araújo"
  ["cpf"]=>
  string(14) "763.638.306-30"
  ["email"]=>
  string(22) "luizcaraujo2@gmail.com"
  ["placa"]=>
  string(8) "HLJ 2350"
  ["unidade"]=>
  array(1) {
    [0]=>
    string(1) "5"
  }
}

[18/12/2024 02:37:29] Verificando a solicitação...
[18/12/2024 02:37:29] abgsoft-autopark-unimed.php
array(5) {
  ["nome"]=>
  string(13) "Sandra Barros"
  ["cpf"]=>
  string(14) "712.380.006-06"
  ["email"]=>
  string(26) "sandra.barrosl@hotmail.com"
  ["placa"]=>
  string(7) "PVT7115"
  ["unidade"]=>
  array(1) {
    [0]=>
    string(1) "5"
  }
}

[18/12/2024 02:51:50] Verificando a solicitação...
[18/12/2024 02:51:50] abgsoft-autopark-unimed.php
array(5) {
  ["nome"]=>
  string(24) "Juliana Mattoso Campanha"
  ["cpf"]=>
  string(14) "731.975.996-91"
  ["email"]=>
  string(25) "julianamattoso@bol.com.br"
  ["placa"]=>
  string(7) "PXO3710"
  ["unidade"]=>
  array(1) {
    [0]=>
    string(1) "4"
  }
}

[18/12/2024 02:52:59] Verificando a solicitação...
[18/12/2024 02:52:59] abgsoft-autopark-unimed.php
array(5) {
  ["nome"]=>
  string(23) "sandra magna dos santos"
  ["cpf"]=>
  string(11) "80962084620"
  ["email"]=>
  string(21) "sandrambh13@gmail.com"
  ["placa"]=>
  string(7) "GBA7I62"
  ["unidade"]=>
  array(1) {
    [0]=>
    string(1) "5"
  }
}

[18/12/2024 03:20:44] Verificando a solicitação...
[18/12/2024 05:36:34] Verificando a solicitação...
[18/12/2024 05:38:18] Verificando a solicitação...
[18/12/2024 05:38:18] abgsoft-autopark-unimed.php
array(5) {
  ["nome"]=>
  string(25) "Cristina Gastaldi Bodevan"
  ["cpf"]=>
  string(11) "12416017632"
  ["email"]=>
  string(18) "cbodevan@gmail.com"
  ["placa"]=>
  string(8) "PVT 9064"
  ["unidade"]=>
  array(1) {
    [0]=>
    string(1) "3"
  }
}

[18/12/2024 06:00:11] Verificando a solicitação...
[18/12/2024 06:00:11] abgsoft-autopark-unimed.php
array(5) {
  ["nome"]=>
  string(24) "Rejane Moreto Herculano "
  ["cpf"]=>
  string(15) "799.700.957-49 "
  ["email"]=>
  string(23) "rejane.moreto@gmail.com"
  ["placa"]=>
  string(7) "SGJ8C95"
  ["unidade"]=>
  array(1) {
    [0]=>
    string(1) "5"
  }
}

[18/12/2024 06:15:56] Verificando a solicitação...
[18/12/2024 06:15:56] abgsoft-autopark-unimed.php
array(5) {
  ["nome"]=>
  string(22) "Cassia Geralda Veloso "
  ["cpf"]=>
  string(15) "745.470.546-49 "
  ["email"]=>
  string(17) "casvelo@gmail.com"
  ["placa"]=>
  string(7) "RUJ1B86"
  ["unidade"]=>
  array(1) {
    [0]=>
    string(1) "5"
  }
}

[18/12/2024 07:41:32] Verificando a solicitação...
[18/12/2024 07:41:32] abgsoft-autopark-unimed.php
array(5) {
  ["nome"]=>
  string(5) "Carla"
  ["cpf"]=>
  string(11) "97224979600"
  ["email"]=>
  string(23) "carlad_2005@hotmail.com"
  ["placa"]=>
  string(7) "QQB4707"
  ["unidade"]=>
  array(1) {
    [0]=>
    string(1) "7"
  }
}

[18/12/2024 08:01:46] Verificando a solicitação...
[18/12/2024 08:01:46] abgsoft-autopark-unimed.php
array(5) {
  ["nome"]=>
  string(25) "Rodrigo Ribeiro Ferreira "
  ["cpf"]=>
  string(11) "06441481600"
  ["email"]=>
  string(23) "enfer.rodrigo@gmail.com"
  ["placa"]=>
  string(7) "Lln3g40"
  ["unidade"]=>
  array(1) {
    [0]=>
    string(1) "2"
  }
}

[18/12/2024 08:03:15] Verificando a solicitação...
[18/12/2024 09:06:52] Verificando a solicitação...
[18/12/2024 09:06:52] abgsoft-autopark-unimed.php
array(5) {
  ["nome"]=>
  string(41) "BARBARA STTEFANE GUIMARAES SILVA CARVALHO"
  ["cpf"]=>
  string(14) "085.248.816-58"
  ["email"]=>
  string(22) "barbarast221@gmail.com"
  ["placa"]=>
  string(7) "Hmv1b57"
  ["unidade"]=>
  array(1) {
    [0]=>
    string(1) "3"
  }
}

[18/12/2024 09:10:12] Verificando a solicitação...
[18/12/2024 09:10:12] abgsoft-autopark-unimed.php
array(5) {
  ["nome"]=>
  string(20) "João Bosco Ribeiro "
  ["cpf"]=>
  string(11) "17511780644"
  ["email"]=>
  string(23) "joaocristia@hotmail.com"
  ["placa"]=>
  string(8) "GYB-7698"
  ["unidade"]=>
  array(1) {
    [0]=>
    string(1) "2"
  }
}

