[27/05/2024 12:46:14] Verificando a solicitação...
[27/05/2024 01:46:54] Verificando a solicitação...
[27/05/2024 01:46:54] abgsoft-autopark-unimed.php
array(5) {
  ["nome"]=>
  string(15) "Lucileia Farias"
  ["cpf"]=>
  string(11) "05222074641"
  ["email"]=>
  string(19) "euleia@yahoo.com.br"
  ["placa"]=>
  string(7) "Qne4881"
  ["unidade"]=>
  array(1) {
    [0]=>
    string(1) "7"
  }
}

[27/05/2024 02:17:15] Verificando a solicitação...
[27/05/2024 10:16:43] Verificando a solicitação...
[27/05/2024 10:16:43] abgsoft-autopark-unimed.php
array(5) {
  ["nome"]=>
  string(17) "Barbara Carvalho "
  ["cpf"]=>
  string(11) "08524881658"
  ["email"]=>
  string(22) "barbarast221@gmail.com"
  ["placa"]=>
  string(7) "Hmv1b57"
  ["unidade"]=>
  array(1) {
    [0]=>
    string(1) "2"
  }
}

[27/05/2024 10:22:09] Verificando a solicitação...
[27/05/2024 10:22:09] abgsoft-autopark-unimed.php
array(5) {
  ["nome"]=>
  string(18) "ELISANGELA JANAINA"
  ["cpf"]=>
  string(14) "032.400.676-41"
  ["email"]=>
  string(29) "elisangelajanaina@hotmail.com"
  ["placa"]=>
  string(7) "FQI8A88"
  ["unidade"]=>
  array(1) {
    [0]=>
    string(1) "5"
  }
}

[27/05/2024 10:36:27] Verificando a solicitação...
[27/05/2024 10:36:27] abgsoft-autopark-unimed.php
array(5) {
  ["nome"]=>
  string(32) "Michely Viana de Souza Oliveira "
  ["cpf"]=>
  string(11) "01901183696"
  ["email"]=>
  string(26) "michely.viana3@hotmail.com"
  ["placa"]=>
  string(7) "Him6a36"
  ["unidade"]=>
  array(1) {
    [0]=>
    string(1) "7"
  }
}

[27/05/2024 11:10:25] Verificando a solicitação...
[27/05/2024 11:36:54] Verificando a solicitação...
[27/05/2024 11:36:54] abgsoft-autopark-unimed.php
array(5) {
  ["nome"]=>
  string(44) "CÉLIO REZENDE DE MELO(CRM REPRESENTAÇÕES)"
  ["cpf"]=>
  string(14) "292.512.306-68"
  ["email"]=>
  string(23) "MELO.CELIO@TERRA.COM.BR"
  ["placa"]=>
  string(7) "RMN1H83"
  ["unidade"]=>
  array(1) {
    [0]=>
    string(1) "7"
  }
}

[27/05/2024 12:20:05] Verificando a solicitação...
[27/05/2024 12:25:40] Verificando a solicitação...
[27/05/2024 12:25:40] abgsoft-autopark-unimed.php
array(5) {
  ["nome"]=>
  string(12) "Frank THomaz"
  ["cpf"]=>
  string(11) "06165019609"
  ["email"]=>
  string(23) "FRANKTHOMAZ@HOTMAIL.COM"
  ["placa"]=>
  string(7) "pwv2c48"
  ["unidade"]=>
  array(1) {
    [0]=>
    string(1) "5"
  }
}

[27/05/2024 12:30:25] Verificando a solicitação...
[27/05/2024 12:30:27] Verificando a solicitação...
[27/05/2024 12:30:27] Verificando a solicitação...
[27/05/2024 12:30:29] Verificando a solicitação...
[27/05/2024 12:32:39] Verificando a solicitação...
[27/05/2024 01:36:16] Verificando a solicitação...
[27/05/2024 01:36:16] abgsoft-autopark-unimed.php
array(5) {
  ["nome"]=>
  string(20) "Carlos Alberto Assis"
  ["cpf"]=>
  string(14) "669.844.088-49"
  ["email"]=>
  string(25) "carlos.geoassis@gmail.com"
  ["placa"]=>
  string(7) "HEJ8461"
  ["unidade"]=>
  array(1) {
    [0]=>
    string(1) "5"
  }
}

[27/05/2024 01:44:51] Verificando a solicitação...
[27/05/2024 01:44:51] abgsoft-autopark-unimed.php
array(5) {
  ["nome"]=>
  string(23) "SANDRA MAGNA DOS SANTOS"
  ["cpf"]=>
  string(11) "80962084620"
  ["email"]=>
  string(21) "sandrambh13@gmail.com"
  ["placa"]=>
  string(7) "SIC9H22"
  ["unidade"]=>
  array(1) {
    [0]=>
    string(1) "7"
  }
}

[27/05/2024 02:06:26] Verificando a solicitação...
[27/05/2024 02:06:26] abgsoft-autopark-unimed.php
array(5) {
  ["nome"]=>
  string(23) "Flavia Cândido  Borges"
  ["cpf"]=>
  string(15) "043.604.396-36 "
  ["email"]=>
  string(22) "flaviabor@yahoo.com.br"
  ["placa"]=>
  string(7) "Shx1g30"
  ["unidade"]=>
  array(1) {
    [0]=>
    string(1) "2"
  }
}

[27/05/2024 02:13:45] Verificando a solicitação...
[27/05/2024 02:13:45] abgsoft-autopark-unimed.php
array(5) {
  ["nome"]=>
  string(13) "KATIA DEL RIO"
  ["cpf"]=>
  string(11) "50810529653"
  ["email"]=>
  string(19) "KATIA@DELRIO.IND.BR"
  ["placa"]=>
  string(7) "RMO2F67"
  ["unidade"]=>
  array(1) {
    [0]=>
    string(1) "5"
  }
}

[27/05/2024 02:17:52] Verificando a solicitação...
[27/05/2024 02:27:17] Verificando a solicitação...
[27/05/2024 02:27:17] abgsoft-autopark-unimed.php
array(5) {
  ["nome"]=>
  string(32) "Maria José de Assis Gonçalves "
  ["cpf"]=>
  string(14) "250.996.476-34"
  ["email"]=>
  string(18) "mjag0403@gmail.com"
  ["placa"]=>
  string(8) "PWX 9588"
  ["unidade"]=>
  array(1) {
    [0]=>
    string(1) "7"
  }
}

[27/05/2024 03:08:40] Verificando a solicitação...
[27/05/2024 03:08:40] abgsoft-autopark-unimed.php
array(5) {
  ["nome"]=>
  string(17) "Magno Figueiredo "
  ["cpf"]=>
  string(15) "095.204.256-83 "
  ["email"]=>
  string(21) "magno.fig10@gmail.com"
  ["placa"]=>
  string(8) "Puk7b62 "
  ["unidade"]=>
  array(1) {
    [0]=>
    string(1) "7"
  }
}

[27/05/2024 03:28:35] Verificando a solicitação...
[27/05/2024 03:28:35] abgsoft-autopark-unimed.php
array(5) {
  ["nome"]=>
  string(26) "Ivonete Patrícia Monteiro"
  ["cpf"]=>
  string(11) "97846716620"
  ["email"]=>
  string(28) "ipatriciamartins@hotmail.com"
  ["placa"]=>
  string(8) "RFC1B80 "
  ["unidade"]=>
  array(1) {
    [0]=>
    string(1) "5"
  }
}

[27/05/2024 03:55:10] Verificando a solicitação...
[27/05/2024 03:55:10] abgsoft-autopark-unimed.php
array(5) {
  ["nome"]=>
  string(18) "Fabiano Lourenço "
  ["cpf"]=>
  string(14) "013.506.636-03"
  ["email"]=>
  string(23) "fabiano@simpsons.com.br"
  ["placa"]=>
  string(8) "QQZ-7492"
  ["unidade"]=>
  array(1) {
    [0]=>
    string(1) "5"
  }
}

[27/05/2024 04:12:52] Verificando a solicitação...
[27/05/2024 04:12:52] abgsoft-autopark-unimed.php
array(5) {
  ["nome"]=>
  string(21) "EDUARDO ABJAUD HADDAD"
  ["cpf"]=>
  string(14) "527.522.596-20"
  ["email"]=>
  string(22) "haddadedu@yahoo.com.br"
  ["placa"]=>
  string(8) "SIF-0I07"
  ["unidade"]=>
  array(1) {
    [0]=>
    string(1) "5"
  }
}

[27/05/2024 04:41:05] Verificando a solicitação...
[27/05/2024 04:41:05] abgsoft-autopark-unimed.php
array(5) {
  ["nome"]=>
  string(27) "sergio verissimo de lacerda"
  ["cpf"]=>
  string(14) "481.597.196-04"
  ["email"]=>
  string(21) "CONTLUCIANO@GMAIL.COM"
  ["placa"]=>
  string(7) "QOK7C01"
  ["unidade"]=>
  array(1) {
    [0]=>
    string(1) "2"
  }
}

[27/05/2024 04:42:09] Verificando a solicitação...
[27/05/2024 04:42:09] abgsoft-autopark-unimed.php
array(5) {
  ["nome"]=>
  string(25) "VANESSA DE MESQUITA PENHA"
  ["cpf"]=>
  string(14) "056.244.066-65"
  ["email"]=>
  string(26) "vanemesquita01@hotmail.com"
  ["placa"]=>
  string(7) "NXX5503"
  ["unidade"]=>
  array(1) {
    [0]=>
    string(1) "5"
  }
}

[27/05/2024 05:03:44] Verificando a solicitação...
[27/05/2024 05:03:44] abgsoft-autopark-unimed.php
array(5) {
  ["nome"]=>
  string(33) "KARIME ALVARENGA GAMBOGI PARREIRA"
  ["cpf"]=>
  string(14) "761.916.996-20"
  ["email"]=>
  string(25) "karimegambogi@hotmail.com"
  ["placa"]=>
  string(7) "PWO4418"
  ["unidade"]=>
  array(1) {
    [0]=>
    string(1) "4"
  }
}

[27/05/2024 05:14:50] Verificando a solicitação...
[27/05/2024 05:14:50] abgsoft-autopark-unimed.php
array(5) {
  ["nome"]=>
  string(17) "AMANDA MAIA ALVES"
  ["cpf"]=>
  string(14) "014.009.546-22"
  ["email"]=>
  string(27) "amanda.maia.alves@gmail.com"
  ["placa"]=>
  string(7) "PWO3406"
  ["unidade"]=>
  array(1) {
    [0]=>
    string(1) "2"
  }
}

[27/05/2024 06:48:51] Verificando a solicitação...
[27/05/2024 06:48:51] abgsoft-autopark-unimed.php
array(5) {
  ["nome"]=>
  string(33) "Ricardo Luiz Gonçalves da Costa "
  ["cpf"]=>
  string(11) "44814011687"
  ["email"]=>
  string(28) "financeiro@adeartebrasil.com"
  ["placa"]=>
  string(7) "Hnn6180"
  ["unidade"]=>
  array(1) {
    [0]=>
    string(1) "5"
  }
}

[27/05/2024 06:59:03] Verificando a solicitação...
[27/05/2024 06:59:03] abgsoft-autopark-unimed.php
array(5) {
  ["nome"]=>
  string(45) "GLISIA REJANE GONCALVES CRUZ GUADALUPE DOS SA"
  ["cpf"]=>
  string(14) "061.284.786-11"
  ["email"]=>
  string(22) "glisiarejane@gmail.com"
  ["placa"]=>
  string(7) "HCI6732"
  ["unidade"]=>
  array(1) {
    [0]=>
    string(1) "5"
  }
}

[27/05/2024 07:02:42] Verificando a solicitação...
[27/05/2024 07:02:42] abgsoft-autopark-unimed.php
array(5) {
  ["nome"]=>
  string(45) "GLISIA REJANE GONCALVES CRUZ GUADALUPE DOS SA"
  ["cpf"]=>
  string(14) "061.284.786-11"
  ["email"]=>
  string(22) "glisiarejane@gmail.com"
  ["placa"]=>
  string(7) "HHM9C00"
  ["unidade"]=>
  array(1) {
    [0]=>
    string(1) "5"
  }
}

[27/05/2024 07:47:15] Verificando a solicitação...
[27/05/2024 07:47:15] abgsoft-autopark-unimed.php
array(5) {
  ["nome"]=>
  string(20) "Gilvane Alves Araujo"
  ["cpf"]=>
  string(14) "113.621.406-27"
  ["email"]=>
  string(23) "gilvaneaa1964@gmail.com"
  ["placa"]=>
  string(7) "PXQ7F89"
  ["unidade"]=>
  array(1) {
    [0]=>
    string(1) "7"
  }
}

[27/05/2024 07:53:13] Verificando a solicitação...
[27/05/2024 07:53:13] abgsoft-autopark-unimed.php
array(5) {
  ["nome"]=>
  string(25) "Amilton Inácio Dos Reis "
  ["cpf"]=>
  string(14) "392.516.246-15"
  ["email"]=>
  string(24) "amiltonothon@hotmail.com"
  ["placa"]=>
  string(7) "QNZ3983"
  ["unidade"]=>
  array(1) {
    [0]=>
    string(1) "5"
  }
}

[27/05/2024 08:37:34] Verificando a solicitação...
[27/05/2024 08:37:34] abgsoft-autopark-unimed.php
array(5) {
  ["nome"]=>
  string(23) "LAURITA VICENTE PEREIRA"
  ["cpf"]=>
  string(14) "507.349.706-68"
  ["email"]=>
  string(25) "laurita.vicente@gmail.com"
  ["placa"]=>
  string(7) "OWM0439"
  ["unidade"]=>
  array(1) {
    [0]=>
    string(1) "7"
  }
}

[27/05/2024 08:51:18] Verificando a solicitação...
[27/05/2024 08:51:18] abgsoft-autopark-unimed.php
array(5) {
  ["nome"]=>
  string(27) "Fernanda Cristina Romualdo "
  ["cpf"]=>
  string(11) "07986972610"
  ["email"]=>
  string(30) "fernandacrisromualdo@gmail.com"
  ["placa"]=>
  string(8) "PUB6A55 "
  ["unidade"]=>
  array(1) {
    [0]=>
    string(1) "7"
  }
}

[27/05/2024 09:05:32] Verificando a solicitação...
[27/05/2024 09:05:32] abgsoft-autopark-unimed.php
array(5) {
  ["nome"]=>
  string(29) "Geraldo Rodrigues de Almeida "
  ["cpf"]=>
  string(11) "07027939657"
  ["email"]=>
  string(26) "almeidageraldo27@yahoo.com"
  ["placa"]=>
  string(7) "Nyb0454"
  ["unidade"]=>
  array(1) {
    [0]=>
    string(1) "5"
  }
}

[27/05/2024 09:14:26] Verificando a solicitação...
[27/05/2024 09:14:26] abgsoft-autopark-unimed.php
array(5) {
  ["nome"]=>
  string(24) "Carolina Miranda Tecchio"
  ["cpf"]=>
  string(14) "079.283.856-43"
  ["email"]=>
  string(28) "carolina.miranda11@gmail.com"
  ["placa"]=>
  string(7) "RMM5D18"
  ["unidade"]=>
  array(1) {
    [0]=>
    string(1) "5"
  }
}

[27/05/2024 09:16:29] Verificando a solicitação...
[27/05/2024 09:16:29] abgsoft-autopark-unimed.php
array(5) {
  ["nome"]=>
  string(25) "Andressa Vieira de Moura "
  ["cpf"]=>
  string(15) "122.335.536-59 "
  ["email"]=>
  string(23) "Andressa98933@gmail.com"
  ["placa"]=>
  string(8) "Rvg5g05 "
  ["unidade"]=>
  array(1) {
    [0]=>
    string(1) "2"
  }
}

[27/05/2024 09:19:25] Verificando a solicitação...
[27/05/2024 09:19:29] Verificando a solicitação...
[27/05/2024 09:19:31] Verificando a solicitação...
[27/05/2024 09:54:34] Verificando a solicitação...
