[24/07/2024 08:01:17] Verificando a solicitação...
[24/07/2024 10:45:00] Verificando a solicitação...
[24/07/2024 10:54:32] Verificando a solicitação...
[24/07/2024 10:54:32] abgsoft-autopark-unimed.php
array(5) {
  ["nome"]=>
  string(43) "Pedro erquias de Oliveira Freitas de Paula "
  ["cpf"]=>
  string(15) "190.887.306-01 "
  ["email"]=>
  string(21) "mso83renata@gmail.com"
  ["placa"]=>
  string(7) "Hhd0704"
  ["unidade"]=>
  array(1) {
    [0]=>
    string(1) "1"
  }
}

[24/07/2024 12:46:40] Verificando a solicitação...
[24/07/2024 12:46:40] abgsoft-autopark-unimed.php
array(5) {
  ["nome"]=>
  string(43) "Viviana Moreira Francisco Moreira Francisco"
  ["cpf"]=>
  string(14) "045.783.616-40"
  ["email"]=>
  string(25) "vivymoreira19@hotmail.com"
  ["placa"]=>
  string(7) "Ipd9075"
  ["unidade"]=>
  array(1) {
    [0]=>
    string(1) "7"
  }
}

[24/07/2024 02:05:49] Verificando a solicitação...
[24/07/2024 02:05:49] abgsoft-autopark-unimed.php
array(5) {
  ["nome"]=>
  string(30) "Íris de Oliveira Silva Abreu "
  ["cpf"]=>
  string(11) "90134087615"
  ["email"]=>
  string(21) "iris-butt@hotmail.com"
  ["placa"]=>
  string(7) "QNN2613"
  ["unidade"]=>
  array(1) {
    [0]=>
    string(1) "7"
  }
}

[24/07/2024 02:15:06] Verificando a solicitação...
[24/07/2024 02:15:06] abgsoft-autopark-unimed.php
array(5) {
  ["nome"]=>
  string(26) "Clever de Oliveira Júnior"
  ["cpf"]=>
  string(11) "04408251640"
  ["email"]=>
  string(18) "cleverdj@gmail.com"
  ["placa"]=>
  string(7) "hbh2336"
  ["unidade"]=>
  array(1) {
    [0]=>
    string(1) "5"
  }
}

[24/07/2024 02:17:27] Verificando a solicitação...
[24/07/2024 02:17:27] abgsoft-autopark-unimed.php
array(5) {
  ["nome"]=>
  string(24) "Ana Paula Marques Lopes "
  ["cpf"]=>
  string(14) "665.149.166-00"
  ["email"]=>
  string(21) "annaplopess@gmail.com"
  ["placa"]=>
  string(7) "HKC6332"
  ["unidade"]=>
  array(1) {
    [0]=>
    string(1) "4"
  }
}

[24/07/2024 02:27:24] Verificando a solicitação...
[24/07/2024 02:27:24] abgsoft-autopark-unimed.php
array(5) {
  ["nome"]=>
  string(33) "Thiago Henrique Teixeira Coragem "
  ["cpf"]=>
  string(14) "013.626.956-70"
  ["email"]=>
  string(21) "t_coragem@hotmail.com"
  ["placa"]=>
  string(7) "QNV1232"
  ["unidade"]=>
  array(1) {
    [0]=>
    string(1) "3"
  }
}

[24/07/2024 02:42:38] Verificando a solicitação...
[24/07/2024 02:42:38] abgsoft-autopark-unimed.php
array(5) {
  ["nome"]=>
  string(15) "Rafael Damião "
  ["cpf"]=>
  string(15) "104.809.996-27 "
  ["email"]=>
  string(29) "rafael.rltecnologia@gmail.com"
  ["placa"]=>
  string(7) "Enw9698"
  ["unidade"]=>
  array(1) {
    [0]=>
    string(1) "1"
  }
}

[24/07/2024 04:05:33] Verificando a solicitação...
[24/07/2024 04:05:33] abgsoft-autopark-unimed.php
array(5) {
  ["nome"]=>
  string(31) "Luiz Henrique Carvalho Galvão "
  ["cpf"]=>
  string(11) "12543761508"
  ["email"]=>
  string(24) "luiz_cgalvao@hotmail.com"
  ["placa"]=>
  string(7) "PFD9268"
  ["unidade"]=>
  array(1) {
    [0]=>
    string(1) "5"
  }
}

[24/07/2024 04:26:35] Verificando a solicitação...
[24/07/2024 04:26:35] abgsoft-autopark-unimed.php
array(5) {
  ["nome"]=>
  string(34) "Marleide Freitas Silva dos Santos "
  ["cpf"]=>
  string(14) "032.312.616-27"
  ["email"]=>
  string(28) "freitasmarleide@yahoo.com.br"
  ["placa"]=>
  string(7) "RTI2B96"
  ["unidade"]=>
  array(1) {
    [0]=>
    string(1) "5"
  }
}

[24/07/2024 05:18:04] Verificando a solicitação...
[24/07/2024 05:35:58] Verificando a solicitação...
[24/07/2024 05:35:58] abgsoft-autopark-unimed.php
array(5) {
  ["nome"]=>
  string(14) "Dora DiasVital"
  ["cpf"]=>
  string(14) "001.505.976-65"
  ["email"]=>
  string(25) "doradiasvital50@gmail.com"
  ["placa"]=>
  string(7) "Pyz6206"
  ["unidade"]=>
  array(1) {
    [0]=>
    string(1) "7"
  }
}

[24/07/2024 05:59:08] Verificando a solicitação...
[24/07/2024 06:56:03] Verificando a solicitação...
[24/07/2024 06:56:03] abgsoft-autopark-unimed.php
array(5) {
  ["nome"]=>
  string(26) "Ivonete Patrícia Monteiro"
  ["cpf"]=>
  string(14) "978.467.166-20"
  ["email"]=>
  string(28) "ipatriciamartins@hotmail.com"
  ["placa"]=>
  string(8) "RFC1B80 "
  ["unidade"]=>
  array(1) {
    [0]=>
    string(1) "5"
  }
}

[24/07/2024 09:38:38] Verificando a solicitação...
[24/07/2024 09:38:38] abgsoft-autopark-unimed.php
array(5) {
  ["nome"]=>
  string(27) "Gilson de Almeida Oliveira "
  ["cpf"]=>
  string(11) "12210835623"
  ["email"]=>
  string(20) "gilsonao12@gmail.com"
  ["placa"]=>
  string(7) "Puc1593"
  ["unidade"]=>
  array(1) {
    [0]=>
    string(1) "7"
  }
}

[24/07/2024 09:46:32] Verificando a solicitação...
[24/07/2024 09:46:32] abgsoft-autopark-unimed.php
array(5) {
  ["nome"]=>
  string(33) "Luzilene Eloi do Nascimento Ramos"
  ["cpf"]=>
  string(11) "01549396684"
  ["email"]=>
  string(26) "luzinascimento@hotmail.com"
  ["placa"]=>
  string(8) "Kek-5529"
  ["unidade"]=>
  array(1) {
    [0]=>
    string(1) "7"
  }
}

[24/07/2024 10:25:32] Verificando a solicitação...
