[24/03/2024 12:43:56] Verificando a solicitação...
[24/03/2024 10:28:18] Verificando a solicitação...
[24/03/2024 10:28:18] abgsoft-autopark-unimed.php
array(5) {
  ["nome"]=>
  string(27) "Priscila Cristina da Silva "
  ["cpf"]=>
  string(11) "11292584670"
  ["email"]=>
  string(24) "pri.silva.pc85@gmail.com"
  ["placa"]=>
  string(7) "Hdt6h36"
  ["unidade"]=>
  array(1) {
    [0]=>
    string(1) "5"
  }
}

[24/03/2024 12:14:49] Verificando a solicitação...
[24/03/2024 01:53:20] Verificando a solicitação...
[24/03/2024 02:09:45] Verificando a solicitação...
[24/03/2024 02:09:45] abgsoft-autopark-unimed.php
array(5) {
  ["nome"]=>
  string(20) "achiles c quintella "
  ["cpf"]=>
  string(15) "093.040.881-00 "
  ["email"]=>
  string(26) "achilesquintella@gmail.com"
  ["placa"]=>
  string(8) "QXI1023 "
  ["unidade"]=>
  array(1) {
    [0]=>
    string(1) "7"
  }
}

[24/03/2024 02:29:45] Verificando a solicitação...
[24/03/2024 02:29:45] abgsoft-autopark-unimed.php
array(5) {
  ["nome"]=>
  string(15) "ZULEIKA BARBOSA"
  ["cpf"]=>
  string(11) "10191852104"
  ["email"]=>
  string(27) "su.bh.rodrigues@hotmail.com"
  ["placa"]=>
  string(7) "QXS2F73"
  ["unidade"]=>
  array(1) {
    [0]=>
    string(1) "5"
  }
}

[24/03/2024 02:35:24] Verificando a solicitação...
[24/03/2024 02:35:24] abgsoft-autopark-unimed.php
array(5) {
  ["nome"]=>
  string(31) "Paulo Henrique Pereira de Moura"
  ["cpf"]=>
  string(14) "055.057.656-88"
  ["email"]=>
  string(20) "ph.pmoura@bol.com.br"
  ["placa"]=>
  string(8) "FLO 8339"
  ["unidade"]=>
  array(1) {
    [0]=>
    string(1) "4"
  }
}

[24/03/2024 03:44:23] Verificando a solicitação...
[24/03/2024 03:44:23] abgsoft-autopark-unimed.php
array(5) {
  ["nome"]=>
  string(31) "Paulo Henrique Pereira de Moura"
  ["cpf"]=>
  string(14) "055.057.656-88"
  ["email"]=>
  string(20) "ph.pmoura@bol.com.br"
  ["placa"]=>
  string(8) "FLO 8339"
  ["unidade"]=>
  array(1) {
    [0]=>
    string(1) "5"
  }
}

[24/03/2024 04:44:36] Verificando a solicitação...
[24/03/2024 04:44:36] abgsoft-autopark-unimed.php
array(5) {
  ["nome"]=>
  string(19) "Valter Lopez junior"
  ["cpf"]=>
  string(11) "16041607649"
  ["email"]=>
  string(24) "valterconniver@gmail.com"
  ["placa"]=>
  string(8) "Pxo 8407"
  ["unidade"]=>
  array(1) {
    [0]=>
    string(1) "5"
  }
}

[24/03/2024 06:42:44] Verificando a solicitação...
[24/03/2024 06:42:44] abgsoft-autopark-unimed.php
array(5) {
  ["nome"]=>
  string(6) "Amanda"
  ["cpf"]=>
  string(11) "12081244632"
  ["email"]=>
  string(21) "amandalorena@live.com"
  ["placa"]=>
  string(7) "ORD9J98"
  ["unidade"]=>
  array(1) {
    [0]=>
    string(1) "7"
  }
}

[24/03/2024 07:16:52] Verificando a solicitação...
[24/03/2024 08:30:41] Verificando a solicitação...
[24/03/2024 08:30:41] abgsoft-autopark-unimed.php
array(5) {
  ["nome"]=>
  string(28) "Aline Beatriz Silva Santana "
  ["cpf"]=>
  string(11) "11250174651"
  ["email"]=>
  string(25) "beatrizaline567@gmail.com"
  ["placa"]=>
  string(7) "OPL0D23"
  ["unidade"]=>
  array(1) {
    [0]=>
    string(1) "5"
  }
}

[24/03/2024 09:20:37] Verificando a solicitação...
[24/03/2024 09:20:37] abgsoft-autopark-unimed.php
array(5) {
  ["nome"]=>
  string(5) "Bruna"
  ["cpf"]=>
  string(11) "13577081651"
  ["email"]=>
  string(25) "bruna.vitelle@hotmail.com"
  ["placa"]=>
  string(7) "Oxb7a26"
  ["unidade"]=>
  array(1) {
    [0]=>
    string(1) "7"
  }
}

[24/03/2024 10:05:28] Verificando a solicitação...
[24/03/2024 10:05:28] abgsoft-autopark-unimed.php
array(5) {
  ["nome"]=>
  string(33) "Paula Fernanda Pacheco Veronezzi "
  ["cpf"]=>
  string(14) "045.748.216-80"
  ["email"]=>
  string(25) "paulaveronezzi@hotmai.com"
  ["placa"]=>
  string(7) "HIR7J30"
  ["unidade"]=>
  array(1) {
    [0]=>
    string(1) "5"
  }
}

[24/03/2024 11:01:41] Verificando a solicitação...
[24/03/2024 11:01:41] abgsoft-autopark-unimed.php
array(5) {
  ["nome"]=>
  string(21) "Carlos Henrique Bitar"
  ["cpf"]=>
  string(14) "710.020.736-34"
  ["email"]=>
  string(23) "carlosbitar@hotmail.com"
  ["placa"]=>
  string(7) "QXL9513"
  ["unidade"]=>
  array(1) {
    [0]=>
    string(1) "5"
  }
}

[24/03/2024 11:37:23] Verificando a solicitação...
[24/03/2024 11:37:23] abgsoft-autopark-unimed.php
array(5) {
  ["nome"]=>
  string(20) "Genny Baptista Mafra"
  ["cpf"]=>
  string(14) "392.461.166-15"
  ["email"]=>
  string(22) "gennymafra@hotmail.com"
  ["placa"]=>
  string(7) "OOY7283"
  ["unidade"]=>
  array(1) {
    [0]=>
    string(1) "5"
  }
}

