[24/12/2024 12:41:09] Verificando a solicitação...
[24/12/2024 06:26:42] Verificando a solicitação...
[24/12/2024 10:04:58] Verificando a solicitação...
[24/12/2024 10:04:58] abgsoft-autopark-unimed.php
array(5) {
  ["nome"]=>
  string(18) "Evandro Julio Rosa"
  ["cpf"]=>
  string(11) "05070068601"
  ["email"]=>
  string(22) "evandrojulio@gmail.com"
  ["placa"]=>
  string(7) "PUF4462"
  ["unidade"]=>
  array(1) {
    [0]=>
    string(1) "3"
  }
}

[24/12/2024 12:00:19] Verificando a solicitação...
[24/12/2024 12:00:19] abgsoft-autopark-unimed.php
array(5) {
  ["nome"]=>
  string(16) "Hélvio A souza "
  ["cpf"]=>
  string(14) "942.191.686-72"
  ["email"]=>
  string(24) "helvio38949818@gmail.com"
  ["placa"]=>
  string(7) "Ops3194"
  ["unidade"]=>
  array(1) {
    [0]=>
    string(1) "7"
  }
}

[24/12/2024 12:21:06] Verificando a solicitação...
[24/12/2024 12:21:06] abgsoft-autopark-unimed.php
array(5) {
  ["nome"]=>
  string(20) "Leandro faria amorim"
  ["cpf"]=>
  string(14) "052.460.606-40"
  ["email"]=>
  string(31) "leandroserelepeamorim@gmail.com"
  ["placa"]=>
  string(7) "EZS4H04"
  ["unidade"]=>
  array(1) {
    [0]=>
    string(1) "5"
  }
}

[24/12/2024 06:30:16] Verificando a solicitação...
[24/12/2024 06:30:16] abgsoft-autopark-unimed.php
array(5) {
  ["nome"]=>
  string(24) "Marcelo Devanir de Abreu"
  ["cpf"]=>
  string(14) "083.557.116-53"
  ["email"]=>
  string(21) "m.devanir@hotmail.com"
  ["placa"]=>
  string(8) "PZV 9733"
  ["unidade"]=>
  array(1) {
    [0]=>
    string(1) "5"
  }
}

[24/12/2024 07:14:50] Verificando a solicitação...
