[15/09/2024 03:19:51] Verificando a solicitação...
[15/09/2024 03:19:51] abgsoft-autopark-unimed.php
array(5) {
  ["nome"]=>
  string(23) "Alzenira Pires Gouveia "
  ["cpf"]=>
  string(11) "76382974668"
  ["email"]=>
  string(26) "alzenira.gouveia@gmail.com"
  ["placa"]=>
  string(7) "FXV3119"
  ["unidade"]=>
  array(1) {
    [0]=>
    string(1) "5"
  }
}

[15/09/2024 06:40:50] Verificando a solicitação...
[15/09/2024 06:40:50] abgsoft-autopark-unimed.php
array(5) {
  ["nome"]=>
  string(25) "João Paulo Mendes Santos"
  ["cpf"]=>
  string(11) "07719130600"
  ["email"]=>
  string(18) "joaao22a@gmail.com"
  ["placa"]=>
  string(7) "OPS8557"
  ["unidade"]=>
  array(1) {
    [0]=>
    string(1) "7"
  }
}

[15/09/2024 07:38:27] Verificando a solicitação...
[15/09/2024 07:38:27] abgsoft-autopark-unimed.php
array(5) {
  ["nome"]=>
  string(15) "Samuel Damião "
  ["cpf"]=>
  string(15) "407.654.316-53 "
  ["email"]=>
  string(29) "rafael.rltecnologia@gmail.com"
  ["placa"]=>
  string(8) "Hnh8958 "
  ["unidade"]=>
  array(1) {
    [0]=>
    string(1) "2"
  }
}

[15/09/2024 08:14:57] Verificando a solicitação...
[15/09/2024 08:14:57] abgsoft-autopark-unimed.php
array(5) {
  ["nome"]=>
  string(22) "Patrícia Souza Alves "
  ["cpf"]=>
  string(11) "05328850661"
  ["email"]=>
  string(29) "patriciasouza601@yahoo.com.br"
  ["placa"]=>
  string(7) "Gyw6175"
  ["unidade"]=>
  array(1) {
    [0]=>
    string(1) "7"
  }
}

[15/09/2024 08:17:49] Verificando a solicitação...
[15/09/2024 08:17:49] abgsoft-autopark-unimed.php
array(5) {
  ["nome"]=>
  string(28) "Agatha Aline de Freitas Leal"
  ["cpf"]=>
  string(14) "061.265.056-11"
  ["email"]=>
  string(22) "agatha_afl@hotmail.com"
  ["placa"]=>
  string(7) "Opk0987"
  ["unidade"]=>
  array(1) {
    [0]=>
    string(1) "2"
  }
}

[15/09/2024 08:33:04] Verificando a solicitação...
[15/09/2024 08:53:24] Verificando a solicitação...
[15/09/2024 10:01:48] Verificando a solicitação...
[15/09/2024 10:01:48] abgsoft-autopark-unimed.php
array(5) {
  ["nome"]=>
  string(39) "Bianca Emanuelle Souza de Jesus Fonseca"
  ["cpf"]=>
  string(11) "06759930673"
  ["email"]=>
  string(24) "biancadaflauta@gmail.com"
  ["placa"]=>
  string(7) "HEJ3I37"
  ["unidade"]=>
  array(1) {
    [0]=>
    string(1) "1"
  }
}

[15/09/2024 10:37:41] Verificando a solicitação...
[15/09/2024 10:37:41] abgsoft-autopark-unimed.php
array(5) {
  ["nome"]=>
  string(23) "Jose Viana de Carvalho "
  ["cpf"]=>
  string(11) "01593366604"
  ["email"]=>
  string(31) "mariaisabelviana61@yahoo.com.br"
  ["placa"]=>
  string(8) "PZV 3148"
  ["unidade"]=>
  array(1) {
    [0]=>
    string(1) "5"
  }
}

[15/09/2024 11:31:11] Verificando a solicitação...
[15/09/2024 11:31:11] abgsoft-autopark-unimed.php
array(5) {
  ["nome"]=>
  string(23) "Carlos Roberto da Costa"
  ["cpf"]=>
  string(14) "535.490.406-44"
  ["email"]=>
  string(28) "carlosferraz196469@gmail.com"
  ["placa"]=>
  string(7) "OLR5214"
  ["unidade"]=>
  array(1) {
    [0]=>
    string(1) "1"
  }
}

[15/09/2024 11:51:47] Verificando a solicitação...
[15/09/2024 11:51:47] abgsoft-autopark-unimed.php
array(5) {
  ["nome"]=>
  string(16) "Franklin M Ramos"
  ["cpf"]=>
  string(11) "91805520644"
  ["email"]=>
  string(27) "franklinmartins@hotmail.com"
  ["placa"]=>
  string(7) "EMD5562"
  ["unidade"]=>
  array(1) {
    [0]=>
    string(1) "5"
  }
}

