[23/02/2024 12:01:03] Verificando a solicitação...
[23/02/2024 12:01:03] abgsoft-autopark-unimed.php
array(5) {
  ["nome"]=>
  string(27) "Alfred Gimpel Moreira Pinto"
  ["cpf"]=>
  string(14) "933.290.836-20"
  ["email"]=>
  string(17) "agimpel@gmail.com"
  ["placa"]=>
  string(7) "Qnv4470"
  ["unidade"]=>
  array(1) {
    [0]=>
    string(1) "4"
  }
}

[23/02/2024 04:34:06] Verificando a solicitação...
[23/02/2024 04:34:06] abgsoft-autopark-unimed.php
array(5) {
  ["nome"]=>
  string(21) "Guilherme Bonifácio "
  ["cpf"]=>
  string(11) "09155889603"
  ["email"]=>
  string(24) "guih.bonifacio@gmail.com"
  ["placa"]=>
  string(7) "Hla1e63"
  ["unidade"]=>
  array(1) {
    [0]=>
    string(1) "5"
  }
}

[23/02/2024 04:37:15] Verificando a solicitação...
[23/02/2024 11:02:20] Verificando a solicitação...
[23/02/2024 11:02:20] abgsoft-autopark-unimed.php
array(5) {
  ["nome"]=>
  string(20) "Reuel Laborne Vieira"
  ["cpf"]=>
  string(11) "07193018663"
  ["email"]=>
  string(17) "reuellv@gmail.com"
  ["placa"]=>
  string(7) "QNE4E45"
  ["unidade"]=>
  array(1) {
    [0]=>
    string(1) "5"
  }
}

[23/02/2024 11:03:43] Verificando a solicitação...
[23/02/2024 11:11:26] Verificando a solicitação...
[23/02/2024 11:11:26] abgsoft-autopark-unimed.php
array(5) {
  ["nome"]=>
  string(24) "Reginaldo Moreira Felipe"
  ["cpf"]=>
  string(11) "03924555605"
  ["email"]=>
  string(18) "regimofe@gmail.com"
  ["placa"]=>
  string(8) "GZK-4524"
  ["unidade"]=>
  array(1) {
    [0]=>
    string(1) "7"
  }
}

[23/02/2024 12:54:34] Verificando a solicitação...
[23/02/2024 12:54:34] abgsoft-autopark-unimed.php
array(5) {
  ["nome"]=>
  string(24) "Cristiane Dutra Ribeiro "
  ["cpf"]=>
  string(11) "87162580610"
  ["email"]=>
  string(23) "crisribeiro10@gmail.com"
  ["placa"]=>
  string(7) "ETV6381"
  ["unidade"]=>
  array(1) {
    [0]=>
    string(1) "4"
  }
}

[23/02/2024 01:19:22] Verificando a solicitação...
[23/02/2024 02:14:40] Verificando a solicitação...
[23/02/2024 02:14:40] abgsoft-autopark-unimed.php
array(5) {
  ["nome"]=>
  string(6) "Denise"
  ["cpf"]=>
  string(11) "85522201649"
  ["email"]=>
  string(25) "denise.paraguai@yahoo.com"
  ["placa"]=>
  string(8) "HNQ6D62 "
  ["unidade"]=>
  array(1) {
    [0]=>
    string(1) "2"
  }
}

[23/02/2024 02:19:56] Verificando a solicitação...
[23/02/2024 02:19:56] abgsoft-autopark-unimed.php
array(5) {
  ["nome"]=>
  string(19) "Elaine Braga Silva "
  ["cpf"]=>
  string(11) "01305457676"
  ["email"]=>
  string(29) "elainebragasilsilva@gmail.com"
  ["placa"]=>
  string(7) "Gll4632"
  ["unidade"]=>
  array(1) {
    [0]=>
    string(1) "2"
  }
}

[23/02/2024 02:24:54] Verificando a solicitação...
[23/02/2024 02:27:16] Verificando a solicitação...
[23/02/2024 02:27:16] abgsoft-autopark-unimed.php
array(5) {
  ["nome"]=>
  string(18) "Erlon avelino dias"
  ["cpf"]=>
  string(11) "06004778605"
  ["email"]=>
  string(24) "erlonavelino@hotmail.com"
  ["placa"]=>
  string(9) "PPK-2h07 "
  ["unidade"]=>
  array(1) {
    [0]=>
    string(1) "7"
  }
}

[23/02/2024 03:27:18] Verificando a solicitação...
[23/02/2024 03:51:23] Verificando a solicitação...
[23/02/2024 05:23:59] Verificando a solicitação...
[23/02/2024 05:57:19] Verificando a solicitação...
[23/02/2024 06:03:57] Verificando a solicitação...
[23/02/2024 06:03:57] abgsoft-autopark-unimed.php
array(5) {
  ["nome"]=>
  string(27) "Alfred Gimpel Moreira Pinto"
  ["cpf"]=>
  string(14) "933.290.836-20"
  ["email"]=>
  string(17) "agimpel@gmail.com"
  ["placa"]=>
  string(7) "Qnv4470"
  ["unidade"]=>
  array(1) {
    [0]=>
    string(1) "7"
  }
}

[23/02/2024 06:04:00] Verificando a solicitação...
[23/02/2024 06:04:00] abgsoft-autopark-unimed.php
array(5) {
  ["nome"]=>
  string(27) "Alfred Gimpel Moreira Pinto"
  ["cpf"]=>
  string(14) "933.290.836-20"
  ["email"]=>
  string(17) "agimpel@gmail.com"
  ["placa"]=>
  string(7) "Qnv4470"
  ["unidade"]=>
  array(1) {
    [0]=>
    string(1) "7"
  }
}

[23/02/2024 06:34:23] Verificando a solicitação...
[23/02/2024 06:34:23] abgsoft-autopark-unimed.php
array(5) {
  ["nome"]=>
  string(24) "LUCIANO CENCI HILA BUSCH"
  ["cpf"]=>
  string(14) "034.427.596-50"
  ["email"]=>
  string(18) "lchbusch@gmail.com"
  ["placa"]=>
  string(7) "RMD3H14"
  ["unidade"]=>
  array(1) {
    [0]=>
    string(1) "1"
  }
}

[23/02/2024 08:11:35] Verificando a solicitação...
[23/02/2024 08:11:35] abgsoft-autopark-unimed.php
array(5) {
  ["nome"]=>
  string(21) "Marcelo Luiz Da Silva"
  ["cpf"]=>
  string(14) "977.988.516-15"
  ["email"]=>
  string(29) "elisangelajanaina@hotmail.com"
  ["placa"]=>
  string(7) "FQI8A88"
  ["unidade"]=>
  array(1) {
    [0]=>
    string(1) "7"
  }
}

[23/02/2024 09:54:07] Verificando a solicitação...
[23/02/2024 09:54:07] abgsoft-autopark-unimed.php
array(5) {
  ["nome"]=>
  string(29) "Charles Rodrigues dos Santos "
  ["cpf"]=>
  string(11) "93329148691"
  ["email"]=>
  string(22) "charlesrs@yahoo.com.br"
  ["placa"]=>
  string(7) "Gun2133"
  ["unidade"]=>
  array(1) {
    [0]=>
    string(1) "7"
  }
}

[23/02/2024 10:01:45] Verificando a solicitação...
[23/02/2024 10:01:45] abgsoft-autopark-unimed.php
array(5) {
  ["nome"]=>
  string(21) "Julia Facci Colangelo"
  ["cpf"]=>
  string(11) "12360401637"
  ["email"]=>
  string(23) "juliafacci@yahoo.com.br"
  ["placa"]=>
  string(7) "RFJ1G97"
  ["unidade"]=>
  array(1) {
    [0]=>
    string(1) "4"
  }
}

