[02/04/2024 12:12:46] Verificando a solicitação...
[02/04/2024 12:12:46] abgsoft-autopark-unimed.php
array(5) {
  ["nome"]=>
  string(25) "Dilson Gonçalves Pereira"
  ["cpf"]=>
  string(11) "18717594634"
  ["email"]=>
  string(20) "dilsongp71@gmail.com"
  ["placa"]=>
  string(7) "HHR3556"
  ["unidade"]=>
  array(1) {
    [0]=>
    string(1) "2"
  }
}

[02/04/2024 12:26:25] Verificando a solicitação...
[02/04/2024 12:41:38] Verificando a solicitação...
[02/04/2024 12:41:38] abgsoft-autopark-unimed.php
array(5) {
  ["nome"]=>
  string(47) "Marina Aparecida Mendes de Oliveira Gonçalves "
  ["cpf"]=>
  string(14) "015.597.496-36"
  ["email"]=>
  string(24) "mendesolive@yahoo.com.br"
  ["placa"]=>
  string(7) "Pyo0630"
  ["unidade"]=>
  array(1) {
    [0]=>
    string(1) "5"
  }
}

[02/04/2024 01:24:30] Verificando a solicitação...
[02/04/2024 01:25:34] Verificando a solicitação...
[02/04/2024 01:34:39] Verificando a solicitação...
[02/04/2024 08:50:15] Verificando a solicitação...
[02/04/2024 08:50:15] abgsoft-autopark-unimed.php
array(5) {
  ["nome"]=>
  string(33) "João Vicente Petinelli Carvalho "
  ["cpf"]=>
  string(14) "571.949.396-49"
  ["email"]=>
  string(24) "joaovpetinelli@gmail.com"
  ["placa"]=>
  string(7) "HMY5647"
  ["unidade"]=>
  array(1) {
    [0]=>
    string(1) "7"
  }
}

[02/04/2024 09:27:58] Verificando a solicitação...
[02/04/2024 10:12:06] Verificando a solicitação...
[02/04/2024 10:12:06] abgsoft-autopark-unimed.php
array(5) {
  ["nome"]=>
  string(40) "CLAUDIA SILVA JERONIMO FERREIRA DA CUNHA"
  ["cpf"]=>
  string(11) "88269167649"
  ["email"]=>
  string(25) "CLAUDIAFCUNHA04@GMAIL.COM"
  ["placa"]=>
  string(7) "NWE7124"
  ["unidade"]=>
  array(1) {
    [0]=>
    string(1) "4"
  }
}

[02/04/2024 10:46:54] Verificando a solicitação...
[02/04/2024 10:46:54] abgsoft-autopark-unimed.php
array(5) {
  ["nome"]=>
  string(34) "Elisângela Alves de Resende Souza"
  ["cpf"]=>
  string(14) "036.598.776-03"
  ["email"]=>
  string(26) "elisa.arsouza@yahoo.com.br"
  ["placa"]=>
  string(7) "QQC5C32"
  ["unidade"]=>
  array(1) {
    [0]=>
    string(1) "2"
  }
}

[02/04/2024 10:47:21] Verificando a solicitação...
[02/04/2024 10:47:21] abgsoft-autopark-unimed.php
array(5) {
  ["nome"]=>
  string(34) "Elisângela Alves de Resende Souza"
  ["cpf"]=>
  string(14) "036.598.776-03"
  ["email"]=>
  string(26) "elisa.arsouza@yahoo.com.br"
  ["placa"]=>
  string(7) "QQC5C32"
  ["unidade"]=>
  array(1) {
    [0]=>
    string(1) "2"
  }
}

[02/04/2024 11:17:43] Verificando a solicitação...
[02/04/2024 11:35:00] Verificando a solicitação...
[02/04/2024 11:44:24] Verificando a solicitação...
[02/04/2024 11:44:24] abgsoft-autopark-unimed.php
array(5) {
  ["nome"]=>
  string(18) "Andreia Gonçalves"
  ["cpf"]=>
  string(11) "06172850636"
  ["email"]=>
  string(21) "andreiaeipi@gmail.com"
  ["placa"]=>
  string(7) "ESP4H10"
  ["unidade"]=>
  array(1) {
    [0]=>
    string(1) "7"
  }
}

[02/04/2024 11:44:31] Verificando a solicitação...
[02/04/2024 11:44:31] abgsoft-autopark-unimed.php
array(5) {
  ["nome"]=>
  string(18) "Andreia Gonçalves"
  ["cpf"]=>
  string(11) "06172850636"
  ["email"]=>
  string(21) "andreiaeipi@gmail.com"
  ["placa"]=>
  string(7) "ESP4H10"
  ["unidade"]=>
  array(1) {
    [0]=>
    string(1) "7"
  }
}

[02/04/2024 11:45:07] Verificando a solicitação...
[02/04/2024 11:45:07] abgsoft-autopark-unimed.php
array(5) {
  ["nome"]=>
  string(18) "Andreia Gonçalves"
  ["cpf"]=>
  string(11) "06172850636"
  ["email"]=>
  string(21) "andreiaeipi@gmail.com"
  ["placa"]=>
  string(7) "ESP4H10"
  ["unidade"]=>
  array(1) {
    [0]=>
    string(1) "7"
  }
}

[02/04/2024 12:16:59] Verificando a solicitação...
[02/04/2024 12:16:59] abgsoft-autopark-unimed.php
array(5) {
  ["nome"]=>
  string(25) "Bráulio Luiz De Araújo "
  ["cpf"]=>
  string(14) "112.880.696-77"
  ["email"]=>
  string(28) "brauliodearaujo@yahoo.com.br"
  ["placa"]=>
  string(7) "SHX7F15"
  ["unidade"]=>
  array(1) {
    [0]=>
    string(1) "2"
  }
}

[02/04/2024 12:34:02] Verificando a solicitação...
[02/04/2024 12:34:02] abgsoft-autopark-unimed.php
array(5) {
  ["nome"]=>
  string(25) "EVANDRO DE OLIVEIRA SILVA"
  ["cpf"]=>
  string(11) "00649527623"
  ["email"]=>
  string(23) "evandro.bhz@hotmail.com"
  ["placa"]=>
  string(7) "Ped952h"
  ["unidade"]=>
  array(1) {
    [0]=>
    string(1) "7"
  }
}

[02/04/2024 12:34:10] Verificando a solicitação...
[02/04/2024 12:34:10] abgsoft-autopark-unimed.php
array(5) {
  ["nome"]=>
  string(25) "EVANDRO DE OLIVEIRA SILVA"
  ["cpf"]=>
  string(11) "00649527623"
  ["email"]=>
  string(23) "evandro.bhz@hotmail.com"
  ["placa"]=>
  string(7) "Ped952h"
  ["unidade"]=>
  array(1) {
    [0]=>
    string(1) "7"
  }
}

[02/04/2024 12:42:19] Verificando a solicitação...
[02/04/2024 12:42:19] abgsoft-autopark-unimed.php
array(5) {
  ["nome"]=>
  string(23) "Tatiana Nascimento Mota"
  ["cpf"]=>
  string(11) "05842162628"
  ["email"]=>
  string(21) "tattymota23@gmail.com"
  ["placa"]=>
  string(7) "had8756"
  ["unidade"]=>
  array(1) {
    [0]=>
    string(1) "7"
  }
}

[02/04/2024 01:01:31] Verificando a solicitação...
[02/04/2024 01:01:31] abgsoft-autopark-unimed.php
array(5) {
  ["nome"]=>
  string(34) "Jaciara Rodrigues Silveira Momede "
  ["cpf"]=>
  string(14) "040.914.156-95"
  ["email"]=>
  string(24) "jaciaramomede1@gmail.com"
  ["placa"]=>
  string(7) "OQT8E25"
  ["unidade"]=>
  array(1) {
    [0]=>
    string(1) "2"
  }
}

[02/04/2024 01:02:09] Verificando a solicitação...
[02/04/2024 01:02:09] abgsoft-autopark-unimed.php
array(5) {
  ["nome"]=>
  string(27) "Giovanna Cristina Haussmann"
  ["cpf"]=>
  string(11) "75837714634"
  ["email"]=>
  string(24) "giovannacah@yahoo.com.br"
  ["placa"]=>
  string(8) "QSF5A94 "
  ["unidade"]=>
  array(1) {
    [0]=>
    string(1) "7"
  }
}

[02/04/2024 02:59:28] Verificando a solicitação...
[02/04/2024 02:59:28] abgsoft-autopark-unimed.php
array(5) {
  ["nome"]=>
  string(23) "Marcio Alencar da Silva"
  ["cpf"]=>
  string(11) "06715825696"
  ["email"]=>
  string(22) "roselifonobh@gmail.com"
  ["placa"]=>
  string(8) "IAJ 9648"
  ["unidade"]=>
  array(1) {
    [0]=>
    string(1) "7"
  }
}

[02/04/2024 03:10:42] Verificando a solicitação...
[02/04/2024 03:55:12] Verificando a solicitação...
[02/04/2024 03:55:12] abgsoft-autopark-unimed.php
array(5) {
  ["nome"]=>
  string(15) "Felipe Oliveira"
  ["cpf"]=>
  string(11) "07646655619"
  ["email"]=>
  string(27) "oliveira.felipejs@gmail.com"
  ["placa"]=>
  string(7) "PYC4568"
  ["unidade"]=>
  array(1) {
    [0]=>
    string(1) "5"
  }
}

[02/04/2024 04:06:58] Verificando a solicitação...
[02/04/2024 04:29:42] Verificando a solicitação...
[02/04/2024 04:29:42] abgsoft-autopark-unimed.php
array(5) {
  ["nome"]=>
  string(30) "Karina Lucia Ribeiro de Cristo"
  ["cpf"]=>
  string(14) "014.918.976-19"
  ["email"]=>
  string(28) "karinaluciaribeiro@gmail.com"
  ["placa"]=>
  string(7) "OLW9855"
  ["unidade"]=>
  array(1) {
    [0]=>
    string(1) "5"
  }
}

[02/04/2024 05:06:07] Verificando a solicitação...
[02/04/2024 05:06:07] abgsoft-autopark-unimed.php
array(5) {
  ["nome"]=>
  string(8) "Fernanda"
  ["cpf"]=>
  string(14) "042.727.686-11"
  ["email"]=>
  string(28) "fernanda.adrian@yahoo.com.br"
  ["placa"]=>
  string(7) "QXZ7D55"
  ["unidade"]=>
  array(1) {
    [0]=>
    string(1) "2"
  }
}

[02/04/2024 05:16:34] Verificando a solicitação...
[02/04/2024 05:16:34] abgsoft-autopark-unimed.php
array(5) {
  ["nome"]=>
  string(33) "Natália koury Ferreira de mattos"
  ["cpf"]=>
  string(14) "057.752.946-37"
  ["email"]=>
  string(20) "nkmattos@hotmail.com"
  ["placa"]=>
  string(7) "Pym2556"
  ["unidade"]=>
  array(1) {
    [0]=>
    string(1) "7"
  }
}

[02/04/2024 06:38:51] Verificando a solicitação...
[02/04/2024 06:38:51] abgsoft-autopark-unimed.php
array(5) {
  ["nome"]=>
  string(21) "diego fernandes dutra"
  ["cpf"]=>
  string(14) "073.509.096-32"
  ["email"]=>
  string(21) "diegofdutra@gmail.com"
  ["placa"]=>
  string(7) "pxb8c03"
  ["unidade"]=>
  array(1) {
    [0]=>
    string(1) "5"
  }
}

[02/04/2024 07:39:03] Verificando a solicitação...
[02/04/2024 07:39:49] Verificando a solicitação...
[02/04/2024 07:39:49] abgsoft-autopark-unimed.php
array(5) {
  ["nome"]=>
  string(35) "Matia tereza de araujo pinto coelho"
  ["cpf"]=>
  string(11) "29246989600"
  ["email"]=>
  string(18) "tt.apc08@gmail.com"
  ["placa"]=>
  string(7) "HNX5117"
  ["unidade"]=>
  array(1) {
    [0]=>
    string(1) "5"
  }
}

[02/04/2024 08:06:01] Verificando a solicitação...
[02/04/2024 08:06:01] abgsoft-autopark-unimed.php
array(5) {
  ["nome"]=>
  string(18) "Geraldo Rodrigues "
  ["cpf"]=>
  string(11) "15174525626"
  ["email"]=>
  string(23) "lailacampos70@gmail.com"
  ["placa"]=>
  string(7) "OPK8391"
  ["unidade"]=>
  array(1) {
    [0]=>
    string(1) "1"
  }
}

[02/04/2024 09:04:12] Verificando a solicitação...
[02/04/2024 09:04:12] abgsoft-autopark-unimed.php
array(5) {
  ["nome"]=>
  string(26) "Bruno Batista de Carvalho "
  ["cpf"]=>
  string(14) "012.622.446-33"
  ["email"]=>
  string(19) "bbcbruno1@gmail.com"
  ["placa"]=>
  string(7) "Opb4739"
  ["unidade"]=>
  array(1) {
    [0]=>
    string(1) "5"
  }
}

[02/04/2024 09:04:55] Verificando a solicitação...
[02/04/2024 09:04:55] abgsoft-autopark-unimed.php
array(5) {
  ["nome"]=>
  string(35) "CAMILA PATRICIA DOS SANTOS FERREIRA"
  ["cpf"]=>
  string(14) "085.683.636-28"
  ["email"]=>
  string(24) "kmila.patricia@gmail.com"
  ["placa"]=>
  string(7) "QQT2734"
  ["unidade"]=>
  array(1) {
    [0]=>
    string(1) "5"
  }
}

[02/04/2024 10:00:17] Verificando a solicitação...
[02/04/2024 10:00:17] abgsoft-autopark-unimed.php
array(5) {
  ["nome"]=>
  string(32) "Thainara Rodrigues Sousa Corrêa"
  ["cpf"]=>
  string(11) "06961211585"
  ["email"]=>
  string(24) "thainararsousa@gmail.com"
  ["placa"]=>
  string(7) "GYA1C28"
  ["unidade"]=>
  array(1) {
    [0]=>
    string(1) "5"
  }
}

[02/04/2024 10:03:09] Verificando a solicitação...
[02/04/2024 10:03:09] abgsoft-autopark-unimed.php
array(5) {
  ["nome"]=>
  string(32) "Thainara Rodrigues Sousa Corrêa"
  ["cpf"]=>
  string(11) "06961211585"
  ["email"]=>
  string(24) "thainararsousa@gmail.com"
  ["placa"]=>
  string(7) "GYA1C28"
  ["unidade"]=>
  array(1) {
    [0]=>
    string(1) "7"
  }
}

[02/04/2024 10:19:09] Verificando a solicitação...
[02/04/2024 11:25:17] Verificando a solicitação...
[02/04/2024 11:25:17] abgsoft-autopark-unimed.php
array(5) {
  ["nome"]=>
  string(32) "Gislaine Andresa Arruda Peixoto "
  ["cpf"]=>
  string(12) "03661041606 "
  ["email"]=>
  string(23) "ninaandresa@hotmail.com"
  ["placa"]=>
  string(7) "Qnf5118"
  ["unidade"]=>
  array(1) {
    [0]=>
    string(1) "2"
  }
}

