[26/05/2024 10:04:58] Verificando a solicitação...
[26/05/2024 10:24:54] Verificando a solicitação...
[26/05/2024 10:24:54] abgsoft-autopark-unimed.php
array(5) {
  ["nome"]=>
  string(12) "Daniel Silva"
  ["cpf"]=>
  string(14) "785.636.586-20"
  ["email"]=>
  string(22) "d.silva@kuttner.com.br"
  ["placa"]=>
  string(7) "RMI8I90"
  ["unidade"]=>
  array(1) {
    [0]=>
    string(1) "2"
  }
}

[26/05/2024 12:25:10] Verificando a solicitação...
[26/05/2024 12:25:10] abgsoft-autopark-unimed.php
array(5) {
  ["nome"]=>
  string(34) "Luiz Antônio dos Santos Rodrigues"
  ["cpf"]=>
  string(14) "957.112.106-10"
  ["email"]=>
  string(26) "luizantoniogrh@hotmail.com"
  ["placa"]=>
  string(8) "Jvv 8008"
  ["unidade"]=>
  array(1) {
    [0]=>
    string(1) "7"
  }
}

[26/05/2024 01:21:49] Verificando a solicitação...
[26/05/2024 01:21:49] abgsoft-autopark-unimed.php
array(5) {
  ["nome"]=>
  string(15) "KARINE OLIVEIRA"
  ["cpf"]=>
  string(14) "036.758.546-47"
  ["email"]=>
  string(21) "kafisio01@hotmail.com"
  ["placa"]=>
  string(7) "HMB8592"
  ["unidade"]=>
  array(1) {
    [0]=>
    string(1) "7"
  }
}

[26/05/2024 03:19:17] Verificando a solicitação...
[26/05/2024 03:19:17] abgsoft-autopark-unimed.php
array(5) {
  ["nome"]=>
  string(26) "Clever de Oliveira Júnior"
  ["cpf"]=>
  string(11) "04408251640"
  ["email"]=>
  string(18) "cleverdj@gmail.com"
  ["placa"]=>
  string(7) "hbh2336"
  ["unidade"]=>
  array(1) {
    [0]=>
    string(1) "7"
  }
}

[26/05/2024 03:53:09] Verificando a solicitação...
[26/05/2024 03:53:09] abgsoft-autopark-unimed.php
array(5) {
  ["nome"]=>
  string(31) "Maycon Deivid Gonçalves Silva "
  ["cpf"]=>
  string(11) "09131049656"
  ["email"]=>
  string(22) "maycon_dlear@yahoo.com"
  ["placa"]=>
  string(7) "Hmw3c96"
  ["unidade"]=>
  array(1) {
    [0]=>
    string(1) "1"
  }
}

[26/05/2024 05:29:05] Verificando a solicitação...
[26/05/2024 05:29:05] abgsoft-autopark-unimed.php
array(5) {
  ["nome"]=>
  string(23) "Samuel Martins da silva"
  ["cpf"]=>
  string(11) "02137112655"
  ["email"]=>
  string(20) "samuelms96@gmail.com"
  ["placa"]=>
  string(7) "HJA4D91"
  ["unidade"]=>
  array(1) {
    [0]=>
    string(1) "5"
  }
}

[26/05/2024 06:33:00] Verificando a solicitação...
[26/05/2024 06:33:00] abgsoft-autopark-unimed.php
array(5) {
  ["nome"]=>
  string(23) "kliford vieira de paula"
  ["cpf"]=>
  string(11) "58882898687"
  ["email"]=>
  string(21) "klufordvp31@gmail.com"
  ["placa"]=>
  string(7) "guw3c90"
  ["unidade"]=>
  array(1) {
    [0]=>
    string(1) "7"
  }
}

[26/05/2024 08:15:35] Verificando a solicitação...
[26/05/2024 08:15:35] abgsoft-autopark-unimed.php
array(5) {
  ["nome"]=>
  string(20) "Kenya Bambirra Elias"
  ["cpf"]=>
  string(14) "591.918.136-20"
  ["email"]=>
  string(23) "kenyabambirra@gmail.com"
  ["placa"]=>
  string(7) "QNQ0F42"
  ["unidade"]=>
  array(1) {
    [0]=>
    string(1) "5"
  }
}

[26/05/2024 09:14:04] Verificando a solicitação...
[26/05/2024 09:14:04] abgsoft-autopark-unimed.php
array(5) {
  ["nome"]=>
  string(21) "Ivanilda Lopes Costa "
  ["cpf"]=>
  string(14) "421.274.166-00"
  ["email"]=>
  string(29) "ivanildalopes270763@gmail.com"
  ["placa"]=>
  string(8) "OLT 8528"
  ["unidade"]=>
  array(1) {
    [0]=>
    string(1) "7"
  }
}

