[09/01/2024 12:28:28] Verificando a solicitação...
[09/01/2024 12:28:28] abgsoft-autopark-unimed.php
array(5) {
  ["nome"]=>
  string(22) "Silvana Valéria costa"
  ["cpf"]=>
  string(11) "05729927690"
  ["email"]=>
  string(23) "Costavsilvana@gmail.com"
  ["placa"]=>
  string(7) "HNK8837"
  ["unidade"]=>
  array(1) {
    [0]=>
    string(1) "7"
  }
}

[09/01/2024 12:40:16] Verificando a solicitação...
[09/01/2024 12:44:30] Verificando a solicitação...
[09/01/2024 12:44:30] abgsoft-autopark-unimed.php
array(5) {
  ["nome"]=>
  string(42) "Michele de Carvalho Figueiredo Gonçalves "
  ["cpf"]=>
  string(11) "09614367601"
  ["email"]=>
  string(27) "michelevieira72@hotmail.com"
  ["placa"]=>
  string(7) "ORA4994"
  ["unidade"]=>
  array(1) {
    [0]=>
    string(1) "5"
  }
}

[09/01/2024 02:02:01] Verificando a solicitação...
[09/01/2024 02:02:01] abgsoft-autopark-unimed.php
array(5) {
  ["nome"]=>
  string(28) "Rita de Cássia Silva Costa "
  ["cpf"]=>
  string(11) "01652519645"
  ["email"]=>
  string(19) "ritascost@gmail.com"
  ["placa"]=>
  string(7) "QNF7499"
  ["unidade"]=>
  array(1) {
    [0]=>
    string(1) "4"
  }
}

[09/01/2024 02:05:06] Verificando a solicitação...
[09/01/2024 02:05:06] abgsoft-autopark-unimed.php
array(5) {
  ["nome"]=>
  string(28) "Rita de Cássia Silva Costa "
  ["cpf"]=>
  string(11) "01652519645"
  ["email"]=>
  string(19) "ritascost@gmail.com"
  ["placa"]=>
  string(7) "QNF7499"
  ["unidade"]=>
  array(1) {
    [0]=>
    string(1) "4"
  }
}

[09/01/2024 03:17:59] Verificando a solicitação...
[09/01/2024 03:17:59] abgsoft-autopark-unimed.php
array(5) {
  ["nome"]=>
  string(41) "RENATA DE CASSIA SOUZA PARREIRAS ENGRACIO"
  ["cpf"]=>
  string(14) "035.813.676-88"
  ["email"]=>
  string(22) "reparreiras1@gmail.com"
  ["placa"]=>
  string(8) "HNT7H82 "
  ["unidade"]=>
  array(1) {
    [0]=>
    string(1) "5"
  }
}

[09/01/2024 09:28:42] Verificando a solicitação...
[09/01/2024 09:28:42] abgsoft-autopark-unimed.php
array(5) {
  ["nome"]=>
  string(26) "Maria Lúcia Araújo Silva"
  ["cpf"]=>
  string(11) "53356438620"
  ["email"]=>
  string(24) "araujomarialuc@gmail.com"
  ["placa"]=>
  string(7) "PZR6144"
  ["unidade"]=>
  array(1) {
    [0]=>
    string(1) "2"
  }
}

[09/01/2024 09:30:04] Verificando a solicitação...
[09/01/2024 09:30:04] abgsoft-autopark-unimed.php
array(5) {
  ["nome"]=>
  string(26) "Maria Lúcia Araújo Silva"
  ["cpf"]=>
  string(11) "53356438620"
  ["email"]=>
  string(24) "araujomarialuc@gmail.com"
  ["placa"]=>
  string(7) "PZR6144"
  ["unidade"]=>
  array(1) {
    [0]=>
    string(1) "5"
  }
}

[09/01/2024 11:05:24] Verificando a solicitação...
[09/01/2024 11:05:24] abgsoft-autopark-unimed.php
array(5) {
  ["nome"]=>
  string(24) "Fabio Henrique junqueira"
  ["cpf"]=>
  string(11) "09204939630"
  ["email"]=>
  string(26) "fabioh.junqueira@gmail.com"
  ["placa"]=>
  string(7) "HIC3965"
  ["unidade"]=>
  array(1) {
    [0]=>
    string(1) "5"
  }
}

[09/01/2024 11:09:24] Verificando a solicitação...
[09/01/2024 11:09:24] abgsoft-autopark-unimed.php
array(5) {
  ["nome"]=>
  string(27) "Jaqueline Antônia Pacheco "
  ["cpf"]=>
  string(14) "085.925.206-06"
  ["email"]=>
  string(21) "jjakpacheco@gmail.com"
  ["placa"]=>
  string(7) "RFM4D23"
  ["unidade"]=>
  array(1) {
    [0]=>
    string(1) "5"
  }
}

[09/01/2024 12:01:01] Verificando a solicitação...
[09/01/2024 12:01:01] abgsoft-autopark-unimed.php
array(5) {
  ["nome"]=>
  string(23) "Thiago Victor Ferreira "
  ["cpf"]=>
  string(11) "07529099671"
  ["email"]=>
  string(23) "thiagowork609@gmail.com"
  ["placa"]=>
  string(7) "GZF3G90"
  ["unidade"]=>
  array(1) {
    [0]=>
    string(1) "5"
  }
}

[09/01/2024 12:15:35] Verificando a solicitação...
[09/01/2024 12:15:35] abgsoft-autopark-unimed.php
array(5) {
  ["nome"]=>
  string(19) "CASSIANO COSTA LEAL"
  ["cpf"]=>
  string(14) "076.422.526-09"
  ["email"]=>
  string(21) "ksimbrau@yahoo.com.br"
  ["placa"]=>
  string(7) "Oxc7e27"
  ["unidade"]=>
  array(1) {
    [0]=>
    string(1) "7"
  }
}

[09/01/2024 12:22:27] Verificando a solicitação...
[09/01/2024 12:22:27] abgsoft-autopark-unimed.php
array(5) {
  ["nome"]=>
  string(18) "ney brandi pereira"
  ["cpf"]=>
  string(11) "63636158600"
  ["email"]=>
  string(19) "neybrandi@gmail.com"
  ["placa"]=>
  string(7) "shl8f98"
  ["unidade"]=>
  array(1) {
    [0]=>
    string(1) "5"
  }
}

[09/01/2024 01:18:10] Verificando a solicitação...
[09/01/2024 01:18:10] abgsoft-autopark-unimed.php
array(5) {
  ["nome"]=>
  string(41) "RENATA DE CASSIA SOUZA PARREIRAS ENGRACIO"
  ["cpf"]=>
  string(14) "035.813.676-88"
  ["email"]=>
  string(22) "reparreiras1@gmail.com"
  ["placa"]=>
  string(8) "HNT7H82 "
  ["unidade"]=>
  array(1) {
    [0]=>
    string(1) "5"
  }
}

[09/01/2024 01:29:21] Verificando a solicitação...
[09/01/2024 01:52:53] Verificando a solicitação...
[09/01/2024 01:52:53] abgsoft-autopark-unimed.php
array(5) {
  ["nome"]=>
  string(24) "Kaio Jhonatta Felix Reis"
  ["cpf"]=>
  string(14) "070.182.446-84"
  ["email"]=>
  string(22) "kaioreis2020@gmail.com"
  ["placa"]=>
  string(7) "NYD3D04"
  ["unidade"]=>
  array(1) {
    [0]=>
    string(1) "7"
  }
}

[09/01/2024 01:56:38] Verificando a solicitação...
[09/01/2024 01:56:38] abgsoft-autopark-unimed.php
array(5) {
  ["nome"]=>
  string(25) "Ozias Teixeira de Freitas"
  ["cpf"]=>
  string(14) "040.740.146-61"
  ["email"]=>
  string(25) "oziastfreitas@hotmail.com"
  ["placa"]=>
  string(7) "Hjr7167"
  ["unidade"]=>
  array(1) {
    [0]=>
    string(1) "7"
  }
}

[09/01/2024 02:00:26] Verificando a solicitação...
[09/01/2024 02:00:26] abgsoft-autopark-unimed.php
array(5) {
  ["nome"]=>
  string(20) "ADRIANA KELEN DINIZ "
  ["cpf"]=>
  string(11) "03858976695"
  ["email"]=>
  string(22) "kelendiniz07@gmail.com"
  ["placa"]=>
  string(7) "QQJ7H06"
  ["unidade"]=>
  array(1) {
    [0]=>
    string(1) "5"
  }
}

[09/01/2024 02:15:50] Verificando a solicitação...
[09/01/2024 02:15:50] abgsoft-autopark-unimed.php
array(5) {
  ["nome"]=>
  string(14) "164 610 706 30"
  ["cpf"]=>
  string(11) "16461070630"
  ["email"]=>
  string(22) "automacao288@gmail.com"
  ["placa"]=>
  string(7) "QQZ6A54"
  ["unidade"]=>
  array(1) {
    [0]=>
    string(1) "3"
  }
}

[09/01/2024 02:19:23] Verificando a solicitação...
[09/01/2024 02:19:23] abgsoft-autopark-unimed.php
array(5) {
  ["nome"]=>
  string(26) "Marco Túlio Pontes Rocha "
  ["cpf"]=>
  string(11) "58095543691"
  ["email"]=>
  string(26) "markopontesrocha@gmail.com"
  ["placa"]=>
  string(7) "GSZ5689"
  ["unidade"]=>
  array(1) {
    [0]=>
    string(1) "5"
  }
}

[09/01/2024 02:32:55] Verificando a solicitação...
[09/01/2024 02:33:47] Verificando a solicitação...
[09/01/2024 03:37:14] Verificando a solicitação...
[09/01/2024 03:37:14] abgsoft-autopark-unimed.php
array(5) {
  ["nome"]=>
  string(20) "Aguinaldo Mesquiari "
  ["cpf"]=>
  string(14) "079.237.348-01"
  ["email"]=>
  string(21) "ajmesquiari@gmail.com"
  ["placa"]=>
  string(8) "OMG3880 "
  ["unidade"]=>
  array(1) {
    [0]=>
    string(1) "5"
  }
}

[09/01/2024 03:46:23] Verificando a solicitação...
[09/01/2024 03:46:23] abgsoft-autopark-unimed.php
array(5) {
  ["nome"]=>
  string(16) "Bruna Rodrigues "
  ["cpf"]=>
  string(15) "095.733.186-01 "
  ["email"]=>
  string(23) "evelyn.brunaf@gmail.com"
  ["placa"]=>
  string(7) "HOJ5661"
  ["unidade"]=>
  array(1) {
    [0]=>
    string(1) "2"
  }
}

[09/01/2024 03:50:05] Verificando a solicitação...
[09/01/2024 03:50:05] abgsoft-autopark-unimed.php
array(5) {
  ["nome"]=>
  string(32) "Viviane da Costa Ribeiro Almeida"
  ["cpf"]=>
  string(11) "04963281660"
  ["email"]=>
  string(31) "vivianeribeiroalmeida@gmail.com"
  ["placa"]=>
  string(7) "HLN2945"
  ["unidade"]=>
  array(1) {
    [0]=>
    string(1) "2"
  }
}

[09/01/2024 04:40:13] Verificando a solicitação...
[09/01/2024 04:40:13] abgsoft-autopark-unimed.php
array(5) {
  ["nome"]=>
  string(30) "Karina Lucia Ribeiro de Cristo"
  ["cpf"]=>
  string(14) "014.918.976-19"
  ["email"]=>
  string(28) "karinaluciaribeiro@gmail.com"
  ["placa"]=>
  string(7) "OLW9855"
  ["unidade"]=>
  array(1) {
    [0]=>
    string(1) "5"
  }
}

[09/01/2024 05:30:39] Verificando a solicitação...
[09/01/2024 05:30:39] abgsoft-autopark-unimed.php
array(5) {
  ["nome"]=>
  string(19) "Anna Pérola Gandra"
  ["cpf"]=>
  string(14) "002.475.416-13"
  ["email"]=>
  string(23) "annagandra@yahoo.com.br"
  ["placa"]=>
  string(7) "RNI1J75"
  ["unidade"]=>
  array(1) {
    [0]=>
    string(1) "5"
  }
}

[09/01/2024 06:11:43] Verificando a solicitação...
[09/01/2024 06:12:15] Verificando a solicitação...
[09/01/2024 06:12:15] abgsoft-autopark-unimed.php
array(5) {
  ["nome"]=>
  string(21) "Fabio Freitas Miranda"
  ["cpf"]=>
  string(14) "014.035.866-83"
  ["email"]=>
  string(26) "fabiofreitasm@yahoo.com.br"
  ["placa"]=>
  string(7) "PWK4297"
  ["unidade"]=>
  array(1) {
    [0]=>
    string(1) "2"
  }
}

[09/01/2024 06:29:06] Verificando a solicitação...
[09/01/2024 06:29:06] abgsoft-autopark-unimed.php
array(5) {
  ["nome"]=>
  string(18) "Clauber Haussmann "
  ["cpf"]=>
  string(11) "75877805649"
  ["email"]=>
  string(26) "clauberhaussmann@gmail.com"
  ["placa"]=>
  string(8) "QSF5A94 "
  ["unidade"]=>
  array(1) {
    [0]=>
    string(1) "7"
  }
}

[09/01/2024 06:29:38] Verificando a solicitação...
[09/01/2024 06:29:38] abgsoft-autopark-unimed.php
array(5) {
  ["nome"]=>
  string(18) "Clauber Haussmann "
  ["cpf"]=>
  string(11) "75877805649"
  ["email"]=>
  string(26) "clauberhaussmann@gmail.com"
  ["placa"]=>
  string(8) "QSF5A94 "
  ["unidade"]=>
  array(1) {
    [0]=>
    string(1) "7"
  }
}

[09/01/2024 07:18:29] Verificando a solicitação...
[09/01/2024 07:18:29] abgsoft-autopark-unimed.php
array(5) {
  ["nome"]=>
  string(22) "CRISTIANE VIEIRA ALVES"
  ["cpf"]=>
  string(14) "049.955.816-26"
  ["email"]=>
  string(34) "cristiane.vieira.alves30@gmail.com"
  ["placa"]=>
  string(7) "QOB8348"
  ["unidade"]=>
  array(1) {
    [0]=>
    string(1) "4"
  }
}

[09/01/2024 07:37:52] Verificando a solicitação...
[09/01/2024 07:37:52] abgsoft-autopark-unimed.php
array(5) {
  ["nome"]=>
  string(33) "Cristiano Antônio Campos Leandro"
  ["cpf"]=>
  string(11) "09147155698"
  ["email"]=>
  string(25) "cristiano.links@gmail.com"
  ["placa"]=>
  string(8) "Owo 4946"
  ["unidade"]=>
  array(1) {
    [0]=>
    string(1) "7"
  }
}

[09/01/2024 07:42:02] Verificando a solicitação...
[09/01/2024 07:42:02] abgsoft-autopark-unimed.php
array(5) {
  ["nome"]=>
  string(18) "LYSE FRANCO ZAMBON"
  ["cpf"]=>
  string(11) "41895592615"
  ["email"]=>
  string(21) "lyse.zambon@gmail.com"
  ["placa"]=>
  string(7) "PWZ9800"
  ["unidade"]=>
  array(1) {
    [0]=>
    string(1) "5"
  }
}

[09/01/2024 07:52:59] Verificando a solicitação...
[09/01/2024 07:52:59] abgsoft-autopark-unimed.php
array(5) {
  ["nome"]=>
  string(27) "Marco Rodrigo machado Lara "
  ["cpf"]=>
  string(11) "87448424653"
  ["email"]=>
  string(21) "marcolara@hotmail.com"
  ["placa"]=>
  string(7) "SHW7i81"
  ["unidade"]=>
  array(1) {
    [0]=>
    string(1) "7"
  }
}

[09/01/2024 07:59:36] Verificando a solicitação...
[09/01/2024 07:59:36] abgsoft-autopark-unimed.php
array(5) {
  ["nome"]=>
  string(29) "Jane da Consolação Pereira "
  ["cpf"]=>
  string(14) "014.498.276-59"
  ["email"]=>
  string(28) "jane.pereira2006@hotmail.com"
  ["placa"]=>
  string(7) "HMR7595"
  ["unidade"]=>
  array(1) {
    [0]=>
    string(1) "7"
  }
}

[09/01/2024 08:42:56] Verificando a solicitação...
[09/01/2024 08:42:56] abgsoft-autopark-unimed.php
array(5) {
  ["nome"]=>
  string(26) "ANA MERCIA DIAS NASCIMENTO"
  ["cpf"]=>
  string(14) "020.868.945-11"
  ["email"]=>
  string(19) "ana.dia@hotmail.com"
  ["placa"]=>
  string(7) "QNX8058"
  ["unidade"]=>
  array(1) {
    [0]=>
    string(1) "7"
  }
}

[09/01/2024 09:29:45] Verificando a solicitação...
[09/01/2024 09:55:07] Verificando a solicitação...
[09/01/2024 09:55:07] abgsoft-autopark-unimed.php
array(5) {
  ["nome"]=>
  string(23) "Renata Fernanda Rabelo "
  ["cpf"]=>
  string(14) "037.386.926-65"
  ["email"]=>
  string(27) "renatarabelo17@yahoo.com.br"
  ["placa"]=>
  string(7) "RNG2F23"
  ["unidade"]=>
  array(1) {
    [0]=>
    string(1) "2"
  }
}

[09/01/2024 10:53:29] Verificando a solicitação...
[09/01/2024 10:53:29] abgsoft-autopark-unimed.php
array(5) {
  ["nome"]=>
  string(21) "Elias de Aquino Ramos"
  ["cpf"]=>
  string(14) "006.534.326-31"
  ["email"]=>
  string(25) "eliaquino1975@hotmail.com"
  ["placa"]=>
  string(7) "SYI0H95"
  ["unidade"]=>
  array(1) {
    [0]=>
    string(1) "7"
  }
}

[09/01/2024 10:54:17] Verificando a solicitação...
[09/01/2024 10:54:17] abgsoft-autopark-unimed.php
array(5) {
  ["nome"]=>
  string(21) "Elias de Aquino ramos"
  ["cpf"]=>
  string(14) "006.534.326-31"
  ["email"]=>
  string(25) "eliaquino1975@hotmail.com"
  ["placa"]=>
  string(7) "SYI0H95"
  ["unidade"]=>
  array(1) {
    [0]=>
    string(1) "7"
  }
}

[09/01/2024 11:54:52] Verificando a solicitação...
[09/01/2024 11:54:52] abgsoft-autopark-unimed.php
array(5) {
  ["nome"]=>
  string(29) "Ana Paula de Oliveira Santos "
  ["cpf"]=>
  string(11) "06015162651"
  ["email"]=>
  string(31) "ana_paulaoliveiras@yahoo.com.br"
  ["placa"]=>
  string(7) "PZH9C97"
  ["unidade"]=>
  array(1) {
    [0]=>
    string(1) "5"
  }
}

[09/01/2024 11:58:24] Verificando a solicitação...
[09/01/2024 11:58:24] abgsoft-autopark-unimed.php
array(5) {
  ["nome"]=>
  string(18) "MARIA AMELIA SALES"
  ["cpf"]=>
  string(14) "314.573.206-49"
  ["email"]=>
  string(27) "mariaameliasales@uol.com.br"
  ["placa"]=>
  string(7) "HIC4651"
  ["unidade"]=>
  array(1) {
    [0]=>
    string(1) "5"
  }
}

