[29/09/2024 04:34:03] Verificando a solicitação...
[29/09/2024 05:02:49] Verificando a solicitação...
[29/09/2024 05:02:49] abgsoft-autopark-unimed.php
array(5) {
  ["nome"]=>
  string(20) "Bruna Xavier De Moro"
  ["cpf"]=>
  string(11) "10306171635"
  ["email"]=>
  string(23) "b.xavier.moro@gmail.com"
  ["placa"]=>
  string(7) "ETW2A78"
  ["unidade"]=>
  array(1) {
    [0]=>
    string(1) "5"
  }
}

[29/09/2024 05:03:16] Verificando a solicitação...
[29/09/2024 05:03:16] abgsoft-autopark-unimed.php
array(5) {
  ["nome"]=>
  string(20) "Bruna Xavier De Moro"
  ["cpf"]=>
  string(11) "10306171635"
  ["email"]=>
  string(23) "b.xavier.moro@gmail.com"
  ["placa"]=>
  string(7) "HAG1376"
  ["unidade"]=>
  array(1) {
    [0]=>
    string(1) "5"
  }
}

[29/09/2024 06:59:33] Verificando a solicitação...
[29/09/2024 11:25:18] Verificando a solicitação...
[29/09/2024 02:02:37] Verificando a solicitação...
[29/09/2024 02:02:37] abgsoft-autopark-unimed.php
array(5) {
  ["nome"]=>
  string(23) "Luiz Carlos de Oliveira"
  ["cpf"]=>
  string(14) "879.420.206-06"
  ["email"]=>
  string(28) "luizcarlosoliver46@gmail.com"
  ["placa"]=>
  string(7) "Prn3i83"
  ["unidade"]=>
  array(1) {
    [0]=>
    string(1) "2"
  }
}

[29/09/2024 03:05:37] Verificando a solicitação...
[29/09/2024 03:05:37] abgsoft-autopark-unimed.php
array(5) {
  ["nome"]=>
  string(27) "SONIA MARIA DA SILVA VIEIRA"
  ["cpf"]=>
  string(11) "94113955700"
  ["email"]=>
  string(24) "vieira.braulio@gmail.com"
  ["placa"]=>
  string(7) "Krs4399"
  ["unidade"]=>
  array(1) {
    [0]=>
    string(1) "7"
  }
}

[29/09/2024 05:31:37] Verificando a solicitação...
[29/09/2024 05:31:37] abgsoft-autopark-unimed.php
array(5) {
  ["nome"]=>
  string(6) "Amanda"
  ["cpf"]=>
  string(11) "09026573642"
  ["email"]=>
  string(29) "amandafernandes1412@gmail.com"
  ["placa"]=>
  string(7) "HLR8I78"
  ["unidade"]=>
  array(1) {
    [0]=>
    string(1) "7"
  }
}

[29/09/2024 05:54:18] Verificando a solicitação...
[29/09/2024 05:54:18] abgsoft-autopark-unimed.php
array(5) {
  ["nome"]=>
  string(24) "ERIKA DA CONCEICAO GOMES"
  ["cpf"]=>
  string(14) "829.136.416-87"
  ["email"]=>
  string(24) "erikagomes1103@gmail.com"
  ["placa"]=>
  string(8) "RTA5H90 "
  ["unidade"]=>
  array(1) {
    [0]=>
    string(1) "5"
  }
}

[29/09/2024 06:09:15] Verificando a solicitação...
[29/09/2024 06:09:15] abgsoft-autopark-unimed.php
array(5) {
  ["nome"]=>
  string(14) "Scott Brandon "
  ["cpf"]=>
  string(11) "12392680680"
  ["email"]=>
  string(22) "scottlopes@hotmail.com"
  ["placa"]=>
  string(7) "HNE8454"
  ["unidade"]=>
  array(1) {
    [0]=>
    string(1) "7"
  }
}

[29/09/2024 07:33:51] Verificando a solicitação...
[29/09/2024 07:33:51] abgsoft-autopark-unimed.php
array(5) {
  ["nome"]=>
  string(27) "Giovanna Cristina Haussmann"
  ["cpf"]=>
  string(11) "75837714634"
  ["email"]=>
  string(24) "giovannacah@yahoo.com.br"
  ["placa"]=>
  string(8) "QSF5A94 "
  ["unidade"]=>
  array(1) {
    [0]=>
    string(1) "7"
  }
}

[29/09/2024 08:23:17] Verificando a solicitação...
[29/09/2024 08:43:17] Verificando a solicitação...
[29/09/2024 08:43:17] abgsoft-autopark-unimed.php
array(5) {
  ["nome"]=>
  string(10) "Ana Paula "
  ["cpf"]=>
  string(11) "96825260600"
  ["email"]=>
  string(24) "anas.pimenta@hormail.com"
  ["placa"]=>
  string(8) "HOD 4838"
  ["unidade"]=>
  array(1) {
    [0]=>
    string(1) "7"
  }
}

[29/09/2024 09:55:00] Verificando a solicitação...
[29/09/2024 09:55:00] abgsoft-autopark-unimed.php
array(5) {
  ["nome"]=>
  string(30) "Felipe Thadeu De Souza Maciel "
  ["cpf"]=>
  string(11) "12021073629"
  ["email"]=>
  string(26) "souzafelipe06.ft@gmail.com"
  ["placa"]=>
  string(7) "RTU5G26"
  ["unidade"]=>
  array(1) {
    [0]=>
    string(1) "7"
  }
}

[29/09/2024 10:15:42] Verificando a solicitação...
[29/09/2024 10:15:42] abgsoft-autopark-unimed.php
array(5) {
  ["nome"]=>
  string(28) "Paulo Roberto das Neves lima"
  ["cpf"]=>
  string(14) "136.461.766-87"
  ["email"]=>
  string(31) "paulorobertoneveslima@gmail.com"
  ["placa"]=>
  string(7) "RUE5B01"
  ["unidade"]=>
  array(1) {
    [0]=>
    string(1) "7"
  }
}

