[15/07/2024 12:05:32] Verificando a solicitação...
[15/07/2024 12:08:55] Verificando a solicitação...
[15/07/2024 12:08:55] abgsoft-autopark-unimed.php
array(5) {
  ["nome"]=>
  string(16) "Fausto Cerqueira"
  ["cpf"]=>
  string(11) "13432028687"
  ["email"]=>
  string(18) "faustoec@gmail.com"
  ["placa"]=>
  string(8) "OQK 6017"
  ["unidade"]=>
  array(1) {
    [0]=>
    string(1) "5"
  }
}

[15/07/2024 12:10:28] Verificando a solicitação...
[15/07/2024 12:10:28] abgsoft-autopark-unimed.php
array(5) {
  ["nome"]=>
  string(16) "Fausto Cerqueira"
  ["cpf"]=>
  string(11) "13432028687"
  ["email"]=>
  string(18) "faustoec@gmail.com"
  ["placa"]=>
  string(8) "OQK 6017"
  ["unidade"]=>
  array(1) {
    [0]=>
    string(1) "5"
  }
}

[15/07/2024 12:17:14] Verificando a solicitação...
[15/07/2024 12:17:14] abgsoft-autopark-unimed.php
array(5) {
  ["nome"]=>
  string(16) "Fausto Cerqueira"
  ["cpf"]=>
  string(11) "13432028687"
  ["email"]=>
  string(18) "faustoec@gmail.com"
  ["placa"]=>
  string(8) "OQK6017 "
  ["unidade"]=>
  array(1) {
    [0]=>
    string(1) "5"
  }
}

[15/07/2024 12:19:39] Verificando a solicitação...
[15/07/2024 12:19:39] abgsoft-autopark-unimed.php
array(5) {
  ["nome"]=>
  string(16) "Fausto Cerqueira"
  ["cpf"]=>
  string(11) "13432028687"
  ["email"]=>
  string(18) "faustoec@gmail.com"
  ["placa"]=>
  string(8) "OQK6017 "
  ["unidade"]=>
  array(1) {
    [0]=>
    string(1) "5"
  }
}

[15/07/2024 01:35:36] Verificando a solicitação...
[15/07/2024 01:35:36] abgsoft-autopark-unimed.php
array(5) {
  ["nome"]=>
  string(16) "Fausto Cerqueira"
  ["cpf"]=>
  string(11) "13432028687"
  ["email"]=>
  string(18) "faustoec@gmail.com"
  ["placa"]=>
  string(8) "OQK6017 "
  ["unidade"]=>
  array(1) {
    [0]=>
    string(1) "5"
  }
}

[15/07/2024 01:35:54] Verificando a solicitação...
[15/07/2024 01:35:54] abgsoft-autopark-unimed.php
array(5) {
  ["nome"]=>
  string(33) "Leila Fernanda Rezende de Castro "
  ["cpf"]=>
  string(11) "09327522680"
  ["email"]=>
  string(25) "leilafernandarc@gmail.com"
  ["placa"]=>
  string(7) "EYD0I03"
  ["unidade"]=>
  array(1) {
    [0]=>
    string(1) "7"
  }
}

[15/07/2024 01:39:50] Verificando a solicitação...
[15/07/2024 01:39:50] abgsoft-autopark-unimed.php
array(5) {
  ["nome"]=>
  string(16) "Fausto Cerqueira"
  ["cpf"]=>
  string(11) "13432028687"
  ["email"]=>
  string(18) "faustoec@gmail.com"
  ["placa"]=>
  string(8) "OQK6017 "
  ["unidade"]=>
  array(1) {
    [0]=>
    string(1) "5"
  }
}

[15/07/2024 01:44:23] Verificando a solicitação...
[15/07/2024 01:44:23] abgsoft-autopark-unimed.php
array(5) {
  ["nome"]=>
  string(16) "Fausto Cerqueira"
  ["cpf"]=>
  string(11) "13432028687"
  ["email"]=>
  string(18) "faustoec@gmail.com"
  ["placa"]=>
  string(8) "OQK6017 "
  ["unidade"]=>
  array(1) {
    [0]=>
    string(1) "5"
  }
}

[15/07/2024 01:46:51] Verificando a solicitação...
[15/07/2024 01:46:51] abgsoft-autopark-unimed.php
array(5) {
  ["nome"]=>
  string(16) "Fausto Cerqueira"
  ["cpf"]=>
  string(11) "13332028687"
  ["email"]=>
  string(18) "faustoec@gmail.com"
  ["placa"]=>
  string(8) "OQK6017 "
  ["unidade"]=>
  array(1) {
    [0]=>
    string(1) "5"
  }
}

[15/07/2024 01:50:56] Verificando a solicitação...
[15/07/2024 01:50:56] abgsoft-autopark-unimed.php
array(5) {
  ["nome"]=>
  string(16) "Fausto Cerqueira"
  ["cpf"]=>
  string(11) "13432028687"
  ["email"]=>
  string(25) "faustovaleriaec@gmail.com"
  ["placa"]=>
  string(8) "OQK6017 "
  ["unidade"]=>
  array(1) {
    [0]=>
    string(1) "5"
  }
}

[15/07/2024 02:26:01] Verificando a solicitação...
[15/07/2024 02:26:01] abgsoft-autopark-unimed.php
array(5) {
  ["nome"]=>
  string(26) "Ângelo da Silva Ferreira "
  ["cpf"]=>
  string(11) "03898079660"
  ["email"]=>
  string(23) "ferreiragtr@hotmail.com"
  ["placa"]=>
  string(7) "HML4B55"
  ["unidade"]=>
  array(1) {
    [0]=>
    string(1) "7"
  }
}

[15/07/2024 10:39:26] Verificando a solicitação...
[15/07/2024 10:39:26] abgsoft-autopark-unimed.php
array(5) {
  ["nome"]=>
  string(22) "Thaís do valle loiola"
  ["cpf"]=>
  string(11) "12926951612"
  ["email"]=>
  string(23) "ferreiragtr@hotmail.com"
  ["placa"]=>
  string(7) "Hml4b55"
  ["unidade"]=>
  array(1) {
    [0]=>
    string(1) "7"
  }
}

[15/07/2024 11:19:02] Verificando a solicitação...
[15/07/2024 11:19:02] abgsoft-autopark-unimed.php
array(5) {
  ["nome"]=>
  string(28) "Guilherme Rodrigues Evaristo"
  ["cpf"]=>
  string(11) "01668272660"
  ["email"]=>
  string(24) "guilherme2.1@hotmail.com"
  ["placa"]=>
  string(7) "PUN8J17"
  ["unidade"]=>
  array(1) {
    [0]=>
    string(1) "7"
  }
}

[15/07/2024 11:39:28] Verificando a solicitação...
[15/07/2024 11:41:30] Verificando a solicitação...
[15/07/2024 11:41:30] abgsoft-autopark-unimed.php
array(5) {
  ["nome"]=>
  string(10) "Ana Paula "
  ["cpf"]=>
  string(11) "83912002649"
  ["email"]=>
  string(25) "juannajulia2709@gmail.com"
  ["placa"]=>
  string(7) "OQC9600"
  ["unidade"]=>
  array(1) {
    [0]=>
    string(1) "5"
  }
}

[15/07/2024 11:47:55] Verificando a solicitação...
[15/07/2024 11:47:55] abgsoft-autopark-unimed.php
array(5) {
  ["nome"]=>
  string(28) "Guilherme Rodrigues Evaristo"
  ["cpf"]=>
  string(11) "01668272660"
  ["email"]=>
  string(24) "guilherme2.1@hotmail.com"
  ["placa"]=>
  string(7) "PUN8J17"
  ["unidade"]=>
  array(1) {
    [0]=>
    string(1) "7"
  }
}

[15/07/2024 11:49:50] Verificando a solicitação...
[15/07/2024 11:49:50] abgsoft-autopark-unimed.php
array(5) {
  ["nome"]=>
  string(10) "Ana paula "
  ["cpf"]=>
  string(11) "83912002649"
  ["email"]=>
  string(25) "juannajulia2709@gmail.com"
  ["placa"]=>
  string(7) "OQC9600"
  ["unidade"]=>
  array(1) {
    [0]=>
    string(1) "5"
  }
}

[15/07/2024 11:51:43] Verificando a solicitação...
[15/07/2024 11:51:43] abgsoft-autopark-unimed.php
array(5) {
  ["nome"]=>
  string(10) "Ana Paula "
  ["cpf"]=>
  string(11) "83912002649"
  ["email"]=>
  string(24) "appaessilva@yahoo.com.br"
  ["placa"]=>
  string(7) "OQC9600"
  ["unidade"]=>
  array(1) {
    [0]=>
    string(1) "5"
  }
}

[15/07/2024 11:59:36] Verificando a solicitação...
[15/07/2024 11:59:36] abgsoft-autopark-unimed.php
array(5) {
  ["nome"]=>
  string(23) "Ana Paula Paes e Silva "
  ["cpf"]=>
  string(14) "839.120.026-49"
  ["email"]=>
  string(24) "appaessilva@yahoo.com.br"
  ["placa"]=>
  string(7) "OQC9600"
  ["unidade"]=>
  array(1) {
    [0]=>
    string(1) "5"
  }
}

[15/07/2024 12:29:59] Verificando a solicitação...
[15/07/2024 12:29:59] abgsoft-autopark-unimed.php
array(5) {
  ["nome"]=>
  string(22) "Aluisio Brandao Junior"
  ["cpf"]=>
  string(14) "517.980.506-68"
  ["email"]=>
  string(21) "brandao.emv@gmail.com"
  ["placa"]=>
  string(7) "SIC1G76"
  ["unidade"]=>
  array(1) {
    [0]=>
    string(1) "7"
  }
}

[15/07/2024 12:51:35] Verificando a solicitação...
[15/07/2024 12:51:35] abgsoft-autopark-unimed.php
array(5) {
  ["nome"]=>
  string(29) "Marcela Andrade Franco Pires "
  ["cpf"]=>
  string(11) "01525366637"
  ["email"]=>
  string(27) "marcelaandrade3@hotmail.com"
  ["placa"]=>
  string(7) "FKR2F66"
  ["unidade"]=>
  array(1) {
    [0]=>
    string(1) "5"
  }
}

[15/07/2024 12:53:06] Verificando a solicitação...
[15/07/2024 12:53:06] abgsoft-autopark-unimed.php
array(5) {
  ["nome"]=>
  string(25) "Gilberto Santos Ferreira "
  ["cpf"]=>
  string(11) "05627891629"
  ["email"]=>
  string(28) "gilbertosanferr@yahoo.com.br"
  ["placa"]=>
  string(7) "ORC2697"
  ["unidade"]=>
  array(1) {
    [0]=>
    string(1) "7"
  }
}

[15/07/2024 12:55:33] Verificando a solicitação...
[15/07/2024 12:55:33] abgsoft-autopark-unimed.php
array(5) {
  ["nome"]=>
  string(29) "Marcela Andrade Franco Pires "
  ["cpf"]=>
  string(11) "01525366637"
  ["email"]=>
  string(27) "marcelaandrade3@hotmail.com"
  ["placa"]=>
  string(7) "FKR2F66"
  ["unidade"]=>
  array(1) {
    [0]=>
    string(1) "5"
  }
}

[15/07/2024 12:56:54] Verificando a solicitação...
[15/07/2024 12:56:54] abgsoft-autopark-unimed.php
array(5) {
  ["nome"]=>
  string(25) "Gilberto Santos Ferreira "
  ["cpf"]=>
  string(11) "05627891629"
  ["email"]=>
  string(28) "gilbertosanferr@yahoo.com.br"
  ["placa"]=>
  string(7) "ORC2697"
  ["unidade"]=>
  array(1) {
    [0]=>
    string(1) "7"
  }
}

[15/07/2024 12:57:56] Verificando a solicitação...
[15/07/2024 01:15:30] Verificando a solicitação...
[15/07/2024 01:15:30] abgsoft-autopark-unimed.php
array(5) {
  ["nome"]=>
  string(23) "Bernardo de Lima Gondim"
  ["cpf"]=>
  string(11) "06072999670"
  ["email"]=>
  string(28) "bernardogondimselo@gmail.com"
  ["placa"]=>
  string(7) "QQO2183"
  ["unidade"]=>
  array(1) {
    [0]=>
    string(1) "5"
  }
}

[15/07/2024 01:55:16] Verificando a solicitação...
[15/07/2024 01:55:16] abgsoft-autopark-unimed.php
array(5) {
  ["nome"]=>
  string(24) "Adilson Procopio Soares "
  ["cpf"]=>
  string(11) "97171484653"
  ["email"]=>
  string(26) "soaresadilson121@gmail.com"
  ["placa"]=>
  string(7) "Drc4222"
  ["unidade"]=>
  array(1) {
    [0]=>
    string(1) "5"
  }
}

[15/07/2024 03:04:01] Verificando a solicitação...
[15/07/2024 03:26:09] Verificando a solicitação...
[15/07/2024 03:26:09] abgsoft-autopark-unimed.php
array(5) {
  ["nome"]=>
  string(16) "Fausto Cerqueira"
  ["cpf"]=>
  string(11) "13432028687"
  ["email"]=>
  string(18) "faustoec@gmail.com"
  ["placa"]=>
  string(8) "OQK6017 "
  ["unidade"]=>
  array(1) {
    [0]=>
    string(1) "5"
  }
}

[15/07/2024 03:32:43] Verificando a solicitação...
[15/07/2024 03:32:43] abgsoft-autopark-unimed.php
array(5) {
  ["nome"]=>
  string(22) "MILTON FLAVIO DA SILVA"
  ["cpf"]=>
  string(14) "155.498.526-91"
  ["email"]=>
  string(26) "miltonletro17@yahoo.com.br"
  ["placa"]=>
  string(7) "RJJ2C83"
  ["unidade"]=>
  array(1) {
    [0]=>
    string(1) "7"
  }
}

[15/07/2024 03:35:15] Verificando a solicitação...
[15/07/2024 03:35:15] abgsoft-autopark-unimed.php
array(5) {
  ["nome"]=>
  string(22) "MILTON FLAVIO DA SILVA"
  ["cpf"]=>
  string(11) "15549852691"
  ["email"]=>
  string(24) "miltoncontrole@gmail.com"
  ["placa"]=>
  string(7) "RJJ2C83"
  ["unidade"]=>
  array(1) {
    [0]=>
    string(1) "7"
  }
}

[15/07/2024 03:36:54] Verificando a solicitação...
[15/07/2024 03:36:54] abgsoft-autopark-unimed.php
array(5) {
  ["nome"]=>
  string(22) "MILTON FLAVIO DA SILVA"
  ["cpf"]=>
  string(11) "15549852691"
  ["email"]=>
  string(24) "miltoncontrole@gmail.com"
  ["placa"]=>
  string(7) "RJJ2C83"
  ["unidade"]=>
  array(1) {
    [0]=>
    string(1) "7"
  }
}

[15/07/2024 03:41:35] Verificando a solicitação...
[15/07/2024 03:41:35] abgsoft-autopark-unimed.php
array(5) {
  ["nome"]=>
  string(22) "MILTON FLAVIO DA SILVA"
  ["cpf"]=>
  string(11) "15549852691"
  ["email"]=>
  string(26) "miltonletro17@yahoo.com.br"
  ["placa"]=>
  string(7) "RJJ2C83"
  ["unidade"]=>
  array(1) {
    [0]=>
    string(1) "7"
  }
}

[15/07/2024 03:41:47] Verificando a solicitação...
[15/07/2024 04:13:13] Verificando a solicitação...
[15/07/2024 04:13:13] abgsoft-autopark-unimed.php
array(5) {
  ["nome"]=>
  string(28) "Marcelo Ramos Pinheiro Silva"
  ["cpf"]=>
  string(11) "05446160657"
  ["email"]=>
  string(18) "marcelorps@msn.com"
  ["placa"]=>
  string(7) "SIR1I99"
  ["unidade"]=>
  array(1) {
    [0]=>
    string(1) "5"
  }
}

[15/07/2024 04:17:22] Verificando a solicitação...
[15/07/2024 04:17:22] abgsoft-autopark-unimed.php
array(5) {
  ["nome"]=>
  string(22) "MILTON FLAVIO DA SILVA"
  ["cpf"]=>
  string(15) "155.498.526-91 "
  ["email"]=>
  string(24) "miltoncontrole@gmail.com"
  ["placa"]=>
  string(8) "Rjj2c83 "
  ["unidade"]=>
  array(1) {
    [0]=>
    string(1) "7"
  }
}

[15/07/2024 04:18:21] Verificando a solicitação...
[15/07/2024 04:18:21] abgsoft-autopark-unimed.php
array(5) {
  ["nome"]=>
  string(28) "Marcelo Ramos Pinheiro Silva"
  ["cpf"]=>
  string(11) "05446160657"
  ["email"]=>
  string(18) "marcelorps@msn.com"
  ["placa"]=>
  string(7) "SIR1I99"
  ["unidade"]=>
  array(1) {
    [0]=>
    string(1) "5"
  }
}

[15/07/2024 04:27:21] Verificando a solicitação...
[15/07/2024 04:27:21] abgsoft-autopark-unimed.php
array(5) {
  ["nome"]=>
  string(22) "MILTON FLAVIO DA SILVA"
  ["cpf"]=>
  string(15) "155.498.526-91 "
  ["email"]=>
  string(24) "miltoncontrole@gmail.com"
  ["placa"]=>
  string(8) "Rjj2c83 "
  ["unidade"]=>
  array(1) {
    [0]=>
    string(1) "7"
  }
}

[15/07/2024 04:27:50] Verificando a solicitação...
[15/07/2024 04:27:50] abgsoft-autopark-unimed.php
array(5) {
  ["nome"]=>
  string(25) "Gilberto Santos Ferreira "
  ["cpf"]=>
  string(11) "05627891629"
  ["email"]=>
  string(28) "gilbertosanferr@yahoo.com.br"
  ["placa"]=>
  string(7) "Orc2697"
  ["unidade"]=>
  array(1) {
    [0]=>
    string(1) "3"
  }
}

[15/07/2024 04:32:15] Verificando a solicitação...
[15/07/2024 04:32:15] abgsoft-autopark-unimed.php
array(5) {
  ["nome"]=>
  string(22) "MILTON FLAVIO DA SILVA"
  ["cpf"]=>
  string(15) "155.498.526-91 "
  ["email"]=>
  string(24) "miltoncontrole@gmail.com"
  ["placa"]=>
  string(8) "Rjj2c83 "
  ["unidade"]=>
  array(1) {
    [0]=>
    string(1) "7"
  }
}

[15/07/2024 04:34:08] Verificando a solicitação...
[15/07/2024 04:34:08] abgsoft-autopark-unimed.php
array(5) {
  ["nome"]=>
  string(25) "Gilberto Santos Ferreira "
  ["cpf"]=>
  string(11) "05627891629"
  ["email"]=>
  string(28) "gilbertosanferr@yahoo.com.br"
  ["placa"]=>
  string(7) "Orc2697"
  ["unidade"]=>
  array(1) {
    [0]=>
    string(1) "3"
  }
}

[15/07/2024 05:06:05] Verificando a solicitação...
[15/07/2024 05:14:49] Verificando a solicitação...
[15/07/2024 05:14:49] abgsoft-autopark-unimed.php
array(5) {
  ["nome"]=>
  string(16) "Rodrigo calazans"
  ["cpf"]=>
  string(14) "011.956.526-90"
  ["email"]=>
  string(25) "rodrigocalazans@ymail.com"
  ["placa"]=>
  string(8) "Pze8764 "
  ["unidade"]=>
  array(1) {
    [0]=>
    string(1) "5"
  }
}

[15/07/2024 05:16:42] Verificando a solicitação...
[15/07/2024 05:16:42] abgsoft-autopark-unimed.php
array(5) {
  ["nome"]=>
  string(16) "Rodrigo calazans"
  ["cpf"]=>
  string(14) "011.956.526-90"
  ["email"]=>
  string(25) "rodrigocalazans@ymail.com"
  ["placa"]=>
  string(8) "Pze8764 "
  ["unidade"]=>
  array(1) {
    [0]=>
    string(1) "5"
  }
}

[15/07/2024 05:50:42] Verificando a solicitação...
[15/07/2024 05:50:42] abgsoft-autopark-unimed.php
array(5) {
  ["nome"]=>
  string(19) "Jaqueline Malaquias"
  ["cpf"]=>
  string(11) "54870984687"
  ["email"]=>
  string(23) "jaq.malaquias@gmail.com"
  ["placa"]=>
  string(7) "Hka8356"
  ["unidade"]=>
  array(1) {
    [0]=>
    string(1) "7"
  }
}

[15/07/2024 05:51:41] Verificando a solicitação...
[15/07/2024 06:20:24] Verificando a solicitação...
[15/07/2024 06:26:48] Verificando a solicitação...
[15/07/2024 06:26:48] abgsoft-autopark-unimed.php
array(5) {
  ["nome"]=>
  string(28) "Marcelo Ramos Pinheiro Silva"
  ["cpf"]=>
  string(11) "05446160657"
  ["email"]=>
  string(18) "marcelorps@msn.com"
  ["placa"]=>
  string(7) "SIR1I99"
  ["unidade"]=>
  array(1) {
    [0]=>
    string(1) "5"
  }
}

[15/07/2024 07:11:50] Verificando a solicitação...
[15/07/2024 07:11:50] abgsoft-autopark-unimed.php
array(5) {
  ["nome"]=>
  string(21) "EVERTON SOUZA E SILVA"
  ["cpf"]=>
  string(14) "087.309.246-50"
  ["email"]=>
  string(25) "evertonsouza432@gmail.com"
  ["placa"]=>
  string(7) "GYO5898"
  ["unidade"]=>
  array(1) {
    [0]=>
    string(1) "7"
  }
}

[15/07/2024 07:47:56] Verificando a solicitação...
[15/07/2024 09:16:07] Verificando a solicitação...
[15/07/2024 11:33:56] Verificando a solicitação...
[15/07/2024 11:33:56] abgsoft-autopark-unimed.php
array(5) {
  ["nome"]=>
  string(6) "Kaiza "
  ["cpf"]=>
  string(11) "14185713654"
  ["email"]=>
  string(28) "kaizavitoria.assis@gmail.ckn"
  ["placa"]=>
  string(7) "Hjj7d22"
  ["unidade"]=>
  array(1) {
    [0]=>
    string(1) "7"
  }
}

[15/07/2024 11:37:44] Verificando a solicitação...
[15/07/2024 11:37:44] abgsoft-autopark-unimed.php
array(5) {
  ["nome"]=>
  string(6) "Kaiza "
  ["cpf"]=>
  string(11) "14175713654"
  ["email"]=>
  string(28) "kaizavitoria.assis@gmail.com"
  ["placa"]=>
  string(7) "Hjj7d22"
  ["unidade"]=>
  array(1) {
    [0]=>
    string(1) "7"
  }
}

[15/07/2024 11:45:55] Verificando a solicitação...
