[27/11/2024 12:38:35] Verificando a solicitação...
[27/11/2024 12:38:35] abgsoft-autopark-unimed.php
array(5) {
  ["nome"]=>
  string(28) "Adriana Cristina Eloi Peres "
  ["cpf"]=>
  string(15) "045.339.296-21 "
  ["email"]=>
  string(22) "drikaeloi@yahoo.com.br"
  ["placa"]=>
  string(8) "Qmv5j99 "
  ["unidade"]=>
  array(1) {
    [0]=>
    string(1) "7"
  }
}

[27/11/2024 12:51:50] Verificando a solicitação...
[27/11/2024 12:51:50] abgsoft-autopark-unimed.php
array(5) {
  ["nome"]=>
  string(22) "TATIANE MARQUES BORGES"
  ["cpf"]=>
  string(14) "044.268.936-58"
  ["email"]=>
  string(30) "tatianemarquesborges@yahoo.com"
  ["placa"]=>
  string(8) "QPD-1389"
  ["unidade"]=>
  array(1) {
    [0]=>
    string(1) "2"
  }
}

[27/11/2024 01:16:52] Verificando a solicitação...
[27/11/2024 01:16:52] abgsoft-autopark-unimed.php
array(5) {
  ["nome"]=>
  string(15) "Danilo Zanella "
  ["cpf"]=>
  string(11) "54125847991"
  ["email"]=>
  string(23) "adrianamz01@hotmail.com"
  ["placa"]=>
  string(7) "Rto2b35"
  ["unidade"]=>
  array(1) {
    [0]=>
    string(1) "5"
  }
}

[27/11/2024 02:37:32] Verificando a solicitação...
[27/11/2024 02:37:32] abgsoft-autopark-unimed.php
array(5) {
  ["nome"]=>
  string(11) "Eyre carla "
  ["cpf"]=>
  string(11) "09831510674"
  ["email"]=>
  string(22) "eyre_carla@hotmail.com"
  ["placa"]=>
  string(7) "FRJ0549"
  ["unidade"]=>
  array(1) {
    [0]=>
    string(1) "7"
  }
}

[27/11/2024 04:36:38] Verificando a solicitação...
[27/11/2024 08:59:03] Verificando a solicitação...
[27/11/2024 09:12:44] Verificando a solicitação...
[27/11/2024 09:12:44] abgsoft-autopark-unimed.php
array(5) {
  ["nome"]=>
  string(33) "Lorenzo Bernardo Santiago Moreira"
  ["cpf"]=>
  string(11) "19422664640"
  ["email"]=>
  string(32) "Stefanysantiago1993@yahoo.com.br"
  ["placa"]=>
  string(7) "QUW1C92"
  ["unidade"]=>
  array(1) {
    [0]=>
    string(1) "5"
  }
}

[27/11/2024 10:21:27] Verificando a solicitação...
[27/11/2024 10:21:27] abgsoft-autopark-unimed.php
array(5) {
  ["nome"]=>
  string(27) "Carlos Roberto Pinto Portes"
  ["cpf"]=>
  string(11) "47336803687"
  ["email"]=>
  string(24) "carlosportesbh@gmail.com"
  ["placa"]=>
  string(7) "PUO5123"
  ["unidade"]=>
  array(1) {
    [0]=>
    string(1) "7"
  }
}

[27/11/2024 11:08:25] Verificando a solicitação...
[27/11/2024 11:08:25] abgsoft-autopark-unimed.php
array(5) {
  ["nome"]=>
  string(25) "Silvia Reggiani de Abreu "
  ["cpf"]=>
  string(14) "842.208.486-49"
  ["email"]=>
  string(30) "compras.silviarabreu@gmail.com"
  ["placa"]=>
  string(7) "QXO6F72"
  ["unidade"]=>
  array(1) {
    [0]=>
    string(1) "5"
  }
}

[27/11/2024 11:20:04] Verificando a solicitação...
[27/11/2024 11:20:04] abgsoft-autopark-unimed.php
array(5) {
  ["nome"]=>
  string(20) "ANTONIO ALTINO FILHO"
  ["cpf"]=>
  string(11) "07178069600"
  ["email"]=>
  string(25) "silvania.altino@gmail.com"
  ["placa"]=>
  string(7) "QOB7861"
  ["unidade"]=>
  array(1) {
    [0]=>
    string(1) "2"
  }
}

[27/11/2024 11:47:08] Verificando a solicitação...
[27/11/2024 11:47:08] abgsoft-autopark-unimed.php
array(5) {
  ["nome"]=>
  string(37) "LAUDINEY PIMENTEL ASSUNÇÃO ALMEIDA "
  ["cpf"]=>
  string(11) "91561965634"
  ["email"]=>
  string(19) "etrbhz1@abcz.org.br"
  ["placa"]=>
  string(8) "PXY0060 "
  ["unidade"]=>
  array(1) {
    [0]=>
    string(1) "3"
  }
}

[27/11/2024 01:14:09] Verificando a solicitação...
[27/11/2024 01:14:09] abgsoft-autopark-unimed.php
array(5) {
  ["nome"]=>
  string(23) "Flavia Cândido  Borges"
  ["cpf"]=>
  string(15) "043.604.396-36 "
  ["email"]=>
  string(22) "flaviabor@yahoo.com.br"
  ["placa"]=>
  string(8) "HFC 6945"
  ["unidade"]=>
  array(1) {
    [0]=>
    string(1) "2"
  }
}

[27/11/2024 02:16:32] Verificando a solicitação...
[27/11/2024 02:16:32] abgsoft-autopark-unimed.php
array(5) {
  ["nome"]=>
  string(28) "IRACY FERREIRA CARNEIRO NETO"
  ["cpf"]=>
  string(11) "54411300672"
  ["email"]=>
  string(25) "iracycarneiro@hotmail.com"
  ["placa"]=>
  string(7) "HIK9484"
  ["unidade"]=>
  array(1) {
    [0]=>
    string(1) "7"
  }
}

[27/11/2024 03:27:28] Verificando a solicitação...
[27/11/2024 03:27:28] abgsoft-autopark-unimed.php
array(5) {
  ["nome"]=>
  string(23) "Luiz Carlos de Oliveira"
  ["cpf"]=>
  string(14) "879.420.206-06"
  ["email"]=>
  string(28) "luizcarlosoliver46@gmail.com"
  ["placa"]=>
  string(7) "Prn3i83"
  ["unidade"]=>
  array(1) {
    [0]=>
    string(1) "2"
  }
}

[27/11/2024 03:40:38] Verificando a solicitação...
[27/11/2024 03:40:38] abgsoft-autopark-unimed.php
array(5) {
  ["nome"]=>
  string(19) "VALDIRENE DA SILVA "
  ["cpf"]=>
  string(11) "08698596681"
  ["email"]=>
  string(27) "valdirennesilva@hotmail.com"
  ["placa"]=>
  string(7) "QXF2482"
  ["unidade"]=>
  array(1) {
    [0]=>
    string(1) "7"
  }
}

[27/11/2024 03:52:53] Verificando a solicitação...
[27/11/2024 03:52:53] abgsoft-autopark-unimed.php
array(5) {
  ["nome"]=>
  string(16) "Fernanda Miranda"
  ["cpf"]=>
  string(11) "04898938647"
  ["email"]=>
  string(29) "fernandamirandaaq04@gmail.com"
  ["placa"]=>
  string(7) "RF04H21"
  ["unidade"]=>
  array(1) {
    [0]=>
    string(1) "1"
  }
}

[27/11/2024 04:24:57] Verificando a solicitação...
[27/11/2024 04:24:57] abgsoft-autopark-unimed.php
array(5) {
  ["nome"]=>
  string(23) "PEDRO NUNES VIEIRA NETO"
  ["cpf"]=>
  string(14) "427.684.706-00"
  ["email"]=>
  string(26) "P.NUNESVIEIRA@YAHOO.COM.BR"
  ["placa"]=>
  string(7) "RUO7B98"
  ["unidade"]=>
  array(1) {
    [0]=>
    string(1) "7"
  }
}

[27/11/2024 04:53:23] Verificando a solicitação...
[27/11/2024 04:53:23] abgsoft-autopark-unimed.php
array(5) {
  ["nome"]=>
  string(29) "JOSE ROGERIO FRANÇA MONTEIRO"
  ["cpf"]=>
  string(11) "64302474734"
  ["email"]=>
  string(27) "jrogeriomonteiro7@gmail.com"
  ["placa"]=>
  string(7) "UAI8E66"
  ["unidade"]=>
  array(1) {
    [0]=>
    string(1) "5"
  }
}

[27/11/2024 06:21:54] Verificando a solicitação...
[27/11/2024 08:13:14] Verificando a solicitação...
[27/11/2024 08:13:14] abgsoft-autopark-unimed.php
array(5) {
  ["nome"]=>
  string(22) "Leonardo Cotta Dinardi"
  ["cpf"]=>
  string(14) "026.160.706-50"
  ["email"]=>
  string(18) "ldinardi@gmail.com"
  ["placa"]=>
  string(7) "HAY4254"
  ["unidade"]=>
  array(1) {
    [0]=>
    string(1) "5"
  }
}

[27/11/2024 09:03:26] Verificando a solicitação...
[27/11/2024 09:03:26] abgsoft-autopark-unimed.php
array(5) {
  ["nome"]=>
  string(23) "TATIANE DE LIMA MARIANO"
  ["cpf"]=>
  string(14) "014.493.676-31"
  ["email"]=>
  string(27) "tatianeflor2011@hotmail.com"
  ["placa"]=>
  string(7) "OPP1C69"
  ["unidade"]=>
  array(1) {
    [0]=>
    string(1) "7"
  }
}

[27/11/2024 09:23:28] Verificando a solicitação...
[27/11/2024 09:23:28] abgsoft-autopark-unimed.php
array(5) {
  ["nome"]=>
  string(30) "VALQUIRIA RODRIGUES DOS SANTOS"
  ["cpf"]=>
  string(14) "046.877.816-08"
  ["email"]=>
  string(32) "valquiria_rodrigues1@hotmail.com"
  ["placa"]=>
  string(7) "Hio4329"
  ["unidade"]=>
  array(1) {
    [0]=>
    string(1) "7"
  }
}

[27/11/2024 09:33:44] Verificando a solicitação...
[27/11/2024 10:31:29] Verificando a solicitação...
[27/11/2024 10:31:29] abgsoft-autopark-unimed.php
array(5) {
  ["nome"]=>
  string(28) "CIRO CESAR PESSO DA SILVEIRA"
  ["cpf"]=>
  string(14) "520.316.326-04"
  ["email"]=>
  string(16) "ciropesso@me.com"
  ["placa"]=>
  string(7) "QWT2J79"
  ["unidade"]=>
  array(1) {
    [0]=>
    string(1) "7"
  }
}

[27/11/2024 11:52:34] Verificando a solicitação...
[27/11/2024 11:52:34] abgsoft-autopark-unimed.php
array(5) {
  ["nome"]=>
  string(38) "Simone Aparecida de Oliveira Barcelos "
  ["cpf"]=>
  string(13) "989851756 53 "
  ["email"]=>
  string(23) "sibarcelos@yahoo.com.br"
  ["placa"]=>
  string(7) "RTE9I87"
  ["unidade"]=>
  array(1) {
    [0]=>
    string(1) "7"
  }
}

