[27/07/2024 12:25:09] Verificando a solicitação...
[27/07/2024 12:25:09] abgsoft-autopark-unimed.php
array(5) {
  ["nome"]=>
  string(20) "Lucas Souza Oliveira"
  ["cpf"]=>
  string(11) "11025144627"
  ["email"]=>
  string(25) "s-lucas.souza@outlook.com"
  ["placa"]=>
  string(7) "RLA0F94"
  ["unidade"]=>
  array(1) {
    [0]=>
    string(1) "2"
  }
}

[27/07/2024 02:18:37] Verificando a solicitação...
[27/07/2024 02:39:06] Verificando a solicitação...
[27/07/2024 07:43:01] Verificando a solicitação...
[27/07/2024 01:26:44] Verificando a solicitação...
[27/07/2024 01:26:44] abgsoft-autopark-unimed.php
array(5) {
  ["nome"]=>
  string(27) "Pollyana Said Barroso Mota "
  ["cpf"]=>
  string(14) "083.795.796-66"
  ["email"]=>
  string(23) "pollyana621@hotmail.com"
  ["placa"]=>
  string(7) "QMS4193"
  ["unidade"]=>
  array(1) {
    [0]=>
    string(1) "5"
  }
}

[27/07/2024 03:22:44] Verificando a solicitação...
[27/07/2024 03:22:44] abgsoft-autopark-unimed.php
array(5) {
  ["nome"]=>
  string(24) "Tarcisio dos Reis Vieira"
  ["cpf"]=>
  string(14) "228.042.426-68"
  ["email"]=>
  string(28) "tarcisioreisvieira@gmail.com"
  ["placa"]=>
  string(7) "GWM2534"
  ["unidade"]=>
  array(1) {
    [0]=>
    string(1) "5"
  }
}

[27/07/2024 09:08:05] Verificando a solicitação...
[27/07/2024 09:08:05] abgsoft-autopark-unimed.php
array(5) {
  ["nome"]=>
  string(16) "Fausto Cerqueira"
  ["cpf"]=>
  string(11) "13432028687"
  ["email"]=>
  string(18) "faustoec@gmail.com"
  ["placa"]=>
  string(8) "OQK6017 "
  ["unidade"]=>
  array(1) {
    [0]=>
    string(1) "5"
  }
}

[27/07/2024 09:51:07] Verificando a solicitação...
[27/07/2024 09:51:07] abgsoft-autopark-unimed.php
array(5) {
  ["nome"]=>
  string(23) "Silvia Beatriz Carajá "
  ["cpf"]=>
  string(15) "065.677.016-33 "
  ["email"]=>
  string(24) "silviacaraja@hotmail.com"
  ["placa"]=>
  string(8) "RNX8I92 "
  ["unidade"]=>
  array(1) {
    [0]=>
    string(1) "1"
  }
}

