[11/06/2024 12:43:48] Verificando a solicitação...
[11/06/2024 12:43:48] abgsoft-autopark-unimed.php
array(5) {
  ["nome"]=>
  string(28) "Alessandra Ribeiro Flaviano "
  ["cpf"]=>
  string(15) "059.586.006-05 "
  ["email"]=>
  string(22) "ale.ribeirof@gmail.com"
  ["placa"]=>
  string(8) "HLH9517 "
  ["unidade"]=>
  array(1) {
    [0]=>
    string(1) "2"
  }
}

[11/06/2024 01:00:36] Verificando a solicitação...
[11/06/2024 02:53:13] Verificando a solicitação...
[11/06/2024 02:53:13] abgsoft-autopark-unimed.php
array(5) {
  ["nome"]=>
  string(35) "MARCIA MARIA PINTO DE MOURA BARROS "
  ["cpf"]=>
  string(11) "22774742668"
  ["email"]=>
  string(29) "marciamariabarros02@gmail.com"
  ["placa"]=>
  string(7) "HSB1AO1"
  ["unidade"]=>
  array(1) {
    [0]=>
    string(1) "7"
  }
}

[11/06/2024 03:32:58] Verificando a solicitação...
[11/06/2024 03:55:39] Verificando a solicitação...
[11/06/2024 03:55:39] abgsoft-autopark-unimed.php
array(5) {
  ["nome"]=>
  string(30) "Wellington Cláudio Da Fonseca"
  ["cpf"]=>
  string(14) "042.184.466-36"
  ["email"]=>
  string(22) "wellcfonseca@gmail.com"
  ["placa"]=>
  string(7) "PSY1B69"
  ["unidade"]=>
  array(1) {
    [0]=>
    string(1) "5"
  }
}

[11/06/2024 09:43:08] Verificando a solicitação...
[11/06/2024 09:43:08] abgsoft-autopark-unimed.php
array(5) {
  ["nome"]=>
  string(6) "Bruna "
  ["cpf"]=>
  string(14) "098.409.446-65"
  ["email"]=>
  string(29) "contatobrunalacerda@gmail.com"
  ["placa"]=>
  string(7) "Hfc4c76"
  ["unidade"]=>
  array(1) {
    [0]=>
    string(1) "5"
  }
}

[11/06/2024 10:01:52] Verificando a solicitação...
[11/06/2024 10:01:52] abgsoft-autopark-unimed.php
array(5) {
  ["nome"]=>
  string(36) "Priscila de Paula Barbosa dos Santos"
  ["cpf"]=>
  string(14) "108.342.856-06"
  ["email"]=>
  string(34) "Priscila.paula.barbosa12@gmail.com"
  ["placa"]=>
  string(7) "Hfp5262"
  ["unidade"]=>
  array(1) {
    [0]=>
    string(1) "5"
  }
}

[11/06/2024 10:03:12] Verificando a solicitação...
[11/06/2024 10:03:12] abgsoft-autopark-unimed.php
array(5) {
  ["nome"]=>
  string(28) "Paulo Joubert Alves de Souza"
  ["cpf"]=>
  string(11) "75287935668"
  ["email"]=>
  string(18) "pjcinehq@gmail.com"
  ["placa"]=>
  string(7) "HNX1738"
  ["unidade"]=>
  array(1) {
    [0]=>
    string(1) "7"
  }
}

[11/06/2024 10:22:22] Verificando a solicitação...
[11/06/2024 10:22:22] abgsoft-autopark-unimed.php
array(5) {
  ["nome"]=>
  string(23) "ALEXANDRE DO NASCIMENTO"
  ["cpf"]=>
  string(14) "627.424.186-87"
  ["email"]=>
  string(35) "alexandrenascimento@correios.com.br"
  ["placa"]=>
  string(7) "sjg0e22"
  ["unidade"]=>
  array(1) {
    [0]=>
    string(1) "5"
  }
}

[11/06/2024 10:36:29] Verificando a solicitação...
[11/06/2024 10:36:48] Verificando a solicitação...
[11/06/2024 11:01:15] Verificando a solicitação...
[11/06/2024 11:01:15] abgsoft-autopark-unimed.php
array(5) {
  ["nome"]=>
  string(9) "Ana Clara"
  ["cpf"]=>
  string(11) "02323829645"
  ["email"]=>
  string(25) "anapereiraguima@gmail.com"
  ["placa"]=>
  string(8) "GCB-6137"
  ["unidade"]=>
  array(1) {
    [0]=>
    string(1) "5"
  }
}

[11/06/2024 11:01:26] Verificando a solicitação...
[11/06/2024 11:01:26] abgsoft-autopark-unimed.php
array(5) {
  ["nome"]=>
  string(9) "Ana Clara"
  ["cpf"]=>
  string(11) "02323829645"
  ["email"]=>
  string(25) "anapereiraguima@gmail.com"
  ["placa"]=>
  string(8) "GCB-6137"
  ["unidade"]=>
  array(1) {
    [0]=>
    string(1) "5"
  }
}

[11/06/2024 11:05:00] Verificando a solicitação...
[11/06/2024 11:12:52] Verificando a solicitação...
[11/06/2024 11:12:52] abgsoft-autopark-unimed.php
array(5) {
  ["nome"]=>
  string(23) "Camila Cássia Fontoura"
  ["cpf"]=>
  string(11) "11375192663"
  ["email"]=>
  string(23) "scapecamila@hotmail.com"
  ["placa"]=>
  string(7) "PZI3I95"
  ["unidade"]=>
  array(1) {
    [0]=>
    string(1) "7"
  }
}

[11/06/2024 11:59:42] Verificando a solicitação...
[11/06/2024 12:02:47] Verificando a solicitação...
[11/06/2024 12:02:47] abgsoft-autopark-unimed.php
array(5) {
  ["nome"]=>
  string(21) "Bruno Arrais Barretos"
  ["cpf"]=>
  string(11) "97849880200"
  ["email"]=>
  string(24) "barretos.bruno@gmail.com"
  ["placa"]=>
  string(7) "QPW1374"
  ["unidade"]=>
  array(1) {
    [0]=>
    string(1) "5"
  }
}

[11/06/2024 12:26:50] Verificando a solicitação...
[11/06/2024 12:26:54] Verificando a solicitação...
[11/06/2024 12:59:13] Verificando a solicitação...
[11/06/2024 12:59:13] abgsoft-autopark-unimed.php
array(5) {
  ["nome"]=>
  string(28) "Paulo Roberto das Neves lima"
  ["cpf"]=>
  string(14) "136.461.766-87"
  ["email"]=>
  string(31) "paulorobertoneveslima@gmail.com"
  ["placa"]=>
  string(7) "RUE5B01"
  ["unidade"]=>
  array(1) {
    [0]=>
    string(1) "7"
  }
}

[11/06/2024 01:18:47] Verificando a solicitação...
[11/06/2024 01:18:47] abgsoft-autopark-unimed.php
array(5) {
  ["nome"]=>
  string(33) "Ana Paula Rodrigues da Cruz Silva"
  ["cpf"]=>
  string(20) "052 . 566 . 326 - 63"
  ["email"]=>
  string(21) "anaped01@yahoo.com.br"
  ["placa"]=>
  string(7) "SHD2I40"
  ["unidade"]=>
  array(1) {
    [0]=>
    string(1) "7"
  }
}

[11/06/2024 01:48:47] Verificando a solicitação...
[11/06/2024 01:48:47] abgsoft-autopark-unimed.php
array(5) {
  ["nome"]=>
  string(21) "Karla Garcia Tavares "
  ["cpf"]=>
  string(11) "63115751672"
  ["email"]=>
  string(20) "Karlat.103@gmail.com"
  ["placa"]=>
  string(8) "HLJ 4982"
  ["unidade"]=>
  array(1) {
    [0]=>
    string(1) "5"
  }
}

[11/06/2024 01:54:19] Verificando a solicitação...
[11/06/2024 01:54:19] abgsoft-autopark-unimed.php
array(5) {
  ["nome"]=>
  string(26) "Alessandra carla da silva "
  ["cpf"]=>
  string(15) "913.563.856-72 "
  ["email"]=>
  string(24) "silvacarlak@yahoo.com.br"
  ["placa"]=>
  string(8) "OLX0683 "
  ["unidade"]=>
  array(1) {
    [0]=>
    string(1) "5"
  }
}

[11/06/2024 01:56:30] Verificando a solicitação...
[11/06/2024 01:56:30] abgsoft-autopark-unimed.php
array(5) {
  ["nome"]=>
  string(20) "Maria do Carmo Reis "
  ["cpf"]=>
  string(11) "19933061615"
  ["email"]=>
  string(29) "maria.reis2011@hotmail.com.br"
  ["placa"]=>
  string(7) "GPC9895"
  ["unidade"]=>
  array(1) {
    [0]=>
    string(1) "2"
  }
}

[11/06/2024 03:27:34] Verificando a solicitação...
[11/06/2024 04:04:06] Verificando a solicitação...
[11/06/2024 04:04:06] abgsoft-autopark-unimed.php
array(5) {
  ["nome"]=>
  string(25) "Cintia Souza Santos Abbas"
  ["cpf"]=>
  string(11) "06382353671"
  ["email"]=>
  string(26) "cintiasouzaabbas@gmail.com"
  ["placa"]=>
  string(7) "RMN5C32"
  ["unidade"]=>
  array(1) {
    [0]=>
    string(1) "7"
  }
}

[11/06/2024 04:42:43] Verificando a solicitação...
[11/06/2024 04:43:05] Verificando a solicitação...
[11/06/2024 04:43:27] Verificando a solicitação...
[11/06/2024 04:48:43] Verificando a solicitação...
[11/06/2024 04:48:43] abgsoft-autopark-unimed.php
array(5) {
  ["nome"]=>
  string(37) "Leandro Breno Gonçalves da Silveira "
  ["cpf"]=>
  string(14) "063.332.216-43"
  ["email"]=>
  string(21) "lele.mais@hotmail.com"
  ["placa"]=>
  string(8) "opx 3696"
  ["unidade"]=>
  array(1) {
    [0]=>
    string(1) "7"
  }
}

[11/06/2024 05:02:06] Verificando a solicitação...
[11/06/2024 05:08:55] Verificando a solicitação...
[11/06/2024 05:08:55] abgsoft-autopark-unimed.php
array(5) {
  ["nome"]=>
  string(29) "LUCAS coelho Miranda Barbosa "
  ["cpf"]=>
  string(11) "13750425647"
  ["email"]=>
  string(24) "lucascoelho4@hotmail.com"
  ["placa"]=>
  string(8) "Gld6b46 "
  ["unidade"]=>
  array(1) {
    [0]=>
    string(1) "5"
  }
}

[11/06/2024 05:19:29] Verificando a solicitação...
[11/06/2024 05:22:55] Verificando a solicitação...
[11/06/2024 05:22:55] abgsoft-autopark-unimed.php
array(5) {
  ["nome"]=>
  string(28) "PAULO ROBERTO DAS NEVES LIMA"
  ["cpf"]=>
  string(14) "136.461.766-87"
  ["email"]=>
  string(31) "paulorobertoneveslima@gmail.com"
  ["placa"]=>
  string(7) "RUE5B01"
  ["unidade"]=>
  array(1) {
    [0]=>
    string(1) "5"
  }
}

[11/06/2024 05:33:56] Verificando a solicitação...
[11/06/2024 05:37:09] Verificando a solicitação...
[11/06/2024 06:18:54] Verificando a solicitação...
[11/06/2024 06:18:54] abgsoft-autopark-unimed.php
array(5) {
  ["nome"]=>
  string(31) "Andrea Leite Borges Bitencourt "
  ["cpf"]=>
  string(11) "02888642638"
  ["email"]=>
  string(25) "andrea_vianei@hotmail.com"
  ["placa"]=>
  string(7) "HKN1792"
  ["unidade"]=>
  array(1) {
    [0]=>
    string(1) "2"
  }
}

[11/06/2024 06:33:34] Verificando a solicitação...
[11/06/2024 06:44:38] Verificando a solicitação...
[11/06/2024 06:44:38] abgsoft-autopark-unimed.php
array(5) {
  ["nome"]=>
  string(36) "Patricia Aninger de Barros Rodrigues"
  ["cpf"]=>
  string(11) "55130860691"
  ["email"]=>
  string(28) "patricia.aninger@hotmail.com"
  ["placa"]=>
  string(8) "QOK 9501"
  ["unidade"]=>
  array(1) {
    [0]=>
    string(1) "5"
  }
}

[11/06/2024 06:59:45] Verificando a solicitação...
[11/06/2024 08:04:17] Verificando a solicitação...
[11/06/2024 08:04:17] abgsoft-autopark-unimed.php
array(5) {
  ["nome"]=>
  string(9) "Ana Abreu"
  ["cpf"]=>
  string(11) "10217074650"
  ["email"]=>
  string(28) "ana.claudia.com.br@gmail.com"
  ["placa"]=>
  string(7) "PXB8C03"
  ["unidade"]=>
  array(1) {
    [0]=>
    string(1) "7"
  }
}

[11/06/2024 08:24:34] Verificando a solicitação...
[11/06/2024 08:24:34] abgsoft-autopark-unimed.php
array(5) {
  ["nome"]=>
  string(26) "Waldomiro Teodoro de Souza"
  ["cpf"]=>
  string(11) "09879358600"
  ["email"]=>
  string(21) "taniamaras@icloud.com"
  ["placa"]=>
  string(7) "SHQ3E81"
  ["unidade"]=>
  array(1) {
    [0]=>
    string(1) "7"
  }
}

[11/06/2024 09:25:37] Verificando a solicitação...
[11/06/2024 09:25:37] abgsoft-autopark-unimed.php
array(5) {
  ["nome"]=>
  string(15) "Rafael Damião "
  ["cpf"]=>
  string(15) "104.809.996-27 "
  ["email"]=>
  string(29) "rafael.rltecnologia@gmail.com"
  ["placa"]=>
  string(8) "Hnh8958 "
  ["unidade"]=>
  array(1) {
    [0]=>
    string(1) "1"
  }
}

[11/06/2024 10:23:09] Verificando a solicitação...
[11/06/2024 10:23:09] abgsoft-autopark-unimed.php
array(5) {
  ["nome"]=>
  string(27) "Erika da Conceição Gomes "
  ["cpf"]=>
  string(14) "829.136.416-87"
  ["email"]=>
  string(23) "erikagomes_@hotmail.com"
  ["placa"]=>
  string(8) "RTA5H90 "
  ["unidade"]=>
  array(1) {
    [0]=>
    string(1) "5"
  }
}

