[27/03/2024 01:59:46] Verificando a solicitação...
[27/03/2024 01:59:46] abgsoft-autopark-unimed.php
array(5) {
  ["nome"]=>
  string(19) "Caroline Campolina "
  ["cpf"]=>
  string(11) "06528831688"
  ["email"]=>
  string(32) "caroline.campolina1985@gmail.com"
  ["placa"]=>
  string(8) "HJK2G96 "
  ["unidade"]=>
  array(1) {
    [0]=>
    string(1) "2"
  }
}

[27/03/2024 02:53:35] Verificando a solicitação...
[27/03/2024 02:53:35] abgsoft-autopark-unimed.php
array(5) {
  ["nome"]=>
  string(35) "Priscila Isabella Andrade de Souza "
  ["cpf"]=>
  string(11) "01551216698"
  ["email"]=>
  string(24) "vitordinizm@yahoo.com.br"
  ["placa"]=>
  string(7) "QXE0H82"
  ["unidade"]=>
  array(1) {
    [0]=>
    string(1) "5"
  }
}

[27/03/2024 02:53:43] Verificando a solicitação...
[27/03/2024 02:53:43] abgsoft-autopark-unimed.php
array(5) {
  ["nome"]=>
  string(35) "Priscila Isabella Andrade de Souza "
  ["cpf"]=>
  string(11) "01551216698"
  ["email"]=>
  string(24) "vitordinizm@yahoo.com.br"
  ["placa"]=>
  string(7) "QXE0H82"
  ["unidade"]=>
  array(1) {
    [0]=>
    string(1) "5"
  }
}

[27/03/2024 02:53:56] Verificando a solicitação...
[27/03/2024 02:53:56] abgsoft-autopark-unimed.php
array(5) {
  ["nome"]=>
  string(35) "Priscila Isabella Andrade de Souza "
  ["cpf"]=>
  string(11) "01551216698"
  ["email"]=>
  string(24) "vitordinizm@yahoo.com.br"
  ["placa"]=>
  string(7) "QXE0H82"
  ["unidade"]=>
  array(1) {
    [0]=>
    string(1) "5"
  }
}

[27/03/2024 02:54:51] Verificando a solicitação...
[27/03/2024 02:54:51] abgsoft-autopark-unimed.php
array(5) {
  ["nome"]=>
  string(35) "Priscila Isabella Andrade de Souza "
  ["cpf"]=>
  string(14) "015.512.166-98"
  ["email"]=>
  string(24) "vitordinizm@yahoo.com.br"
  ["placa"]=>
  string(7) "QXE0H82"
  ["unidade"]=>
  array(1) {
    [0]=>
    string(1) "5"
  }
}

[27/03/2024 02:56:04] Verificando a solicitação...
[27/03/2024 02:56:04] abgsoft-autopark-unimed.php
array(5) {
  ["nome"]=>
  string(35) "Priscila Isabella Andrade de Souza "
  ["cpf"]=>
  string(14) "015.512.166-98"
  ["email"]=>
  string(24) "vitordinizm@yahoo.com.br"
  ["placa"]=>
  string(7) "QXE0H82"
  ["unidade"]=>
  array(1) {
    [0]=>
    string(1) "5"
  }
}

[27/03/2024 02:56:31] Verificando a solicitação...
[27/03/2024 02:56:31] abgsoft-autopark-unimed.php
array(5) {
  ["nome"]=>
  string(25) "Marinalva de Araújo Melo"
  ["cpf"]=>
  string(11) "48959367672"
  ["email"]=>
  string(23) "marinalva4@yahoo.com.br"
  ["placa"]=>
  string(7) "Qns4019"
  ["unidade"]=>
  array(1) {
    [0]=>
    string(1) "7"
  }
}

[27/03/2024 03:58:18] Verificando a solicitação...
[27/03/2024 06:36:13] Verificando a solicitação...
[27/03/2024 09:19:09] Verificando a solicitação...
[27/03/2024 09:19:09] abgsoft-autopark-unimed.php
array(5) {
  ["nome"]=>
  string(21) "Renato Arruda Arrais "
  ["cpf"]=>
  string(15) "174.966.518-26 "
  ["email"]=>
  string(24) "arraisrenato77@gmail.com"
  ["placa"]=>
  string(8) "AKV7765 "
  ["unidade"]=>
  array(1) {
    [0]=>
    string(1) "5"
  }
}

[27/03/2024 09:40:34] Verificando a solicitação...
[27/03/2024 09:40:34] abgsoft-autopark-unimed.php
array(5) {
  ["nome"]=>
  string(24) "Eduardo eloi Silva costa"
  ["cpf"]=>
  string(14) "070.511.706-51"
  ["email"]=>
  string(25) "eloi.ilustrador@gmail.com"
  ["placa"]=>
  string(8) "NQP-8j38"
  ["unidade"]=>
  array(1) {
    [0]=>
    string(1) "5"
  }
}

[27/03/2024 11:14:08] Verificando a solicitação...
[27/03/2024 11:14:08] abgsoft-autopark-unimed.php
array(5) {
  ["nome"]=>
  string(28) "Graciele Lourdes dos Santos "
  ["cpf"]=>
  string(11) "06802258625"
  ["email"]=>
  string(29) "gracielelourdes.354@gmail.com"
  ["placa"]=>
  string(8) "GNM-8406"
  ["unidade"]=>
  array(1) {
    [0]=>
    string(1) "1"
  }
}

[27/03/2024 11:40:42] Verificando a solicitação...
[27/03/2024 11:42:59] Verificando a solicitação...
[27/03/2024 11:42:59] abgsoft-autopark-unimed.php
array(5) {
  ["nome"]=>
  string(27) "Clemencia Cecília de Souza"
  ["cpf"]=>
  string(14) "029.751.106-85"
  ["email"]=>
  string(22) "ccecilia7@yahoo.com.br"
  ["placa"]=>
  string(7) "PVC8453"
  ["unidade"]=>
  array(1) {
    [0]=>
    string(1) "3"
  }
}

[27/03/2024 12:16:29] Verificando a solicitação...
[27/03/2024 12:16:29] abgsoft-autopark-unimed.php
array(5) {
  ["nome"]=>
  string(22) "Warley De Silva Neves "
  ["cpf"]=>
  string(15) "066.563.386-66 "
  ["email"]=>
  string(20) "warleysn@hotmail.com"
  ["placa"]=>
  string(8) "HMI 6332"
  ["unidade"]=>
  array(1) {
    [0]=>
    string(1) "7"
  }
}

[27/03/2024 12:21:35] Verificando a solicitação...
[27/03/2024 12:21:35] abgsoft-autopark-unimed.php
array(5) {
  ["nome"]=>
  string(30) "Cristiana Luciana Costa Lopes "
  ["cpf"]=>
  string(11) "03426621630"
  ["email"]=>
  string(25) "cristianaclopes@gmail.com"
  ["placa"]=>
  string(7) "QQQ1825"
  ["unidade"]=>
  array(1) {
    [0]=>
    string(1) "5"
  }
}

[27/03/2024 01:22:57] Verificando a solicitação...
[27/03/2024 01:22:57] abgsoft-autopark-unimed.php
array(5) {
  ["nome"]=>
  string(23) "PEDRO NUNES VIEIRA NETO"
  ["cpf"]=>
  string(14) "427.684.706-00"
  ["email"]=>
  string(26) "P.NUNESVIEIRA@YAHOO.COM.BR"
  ["placa"]=>
  string(7) "RUO7B98"
  ["unidade"]=>
  array(1) {
    [0]=>
    string(1) "7"
  }
}

[27/03/2024 01:23:10] Verificando a solicitação...
[27/03/2024 01:23:10] abgsoft-autopark-unimed.php
array(5) {
  ["nome"]=>
  string(23) "PEDRO NUNES VIEIRA NETO"
  ["cpf"]=>
  string(14) "427.684.706-00"
  ["email"]=>
  string(26) "P.NUNESVIEIRA@YAHOO.COM.BR"
  ["placa"]=>
  string(7) "RUO7B98"
  ["unidade"]=>
  array(1) {
    [0]=>
    string(1) "7"
  }
}

[27/03/2024 03:45:50] Verificando a solicitação...
[27/03/2024 03:45:50] abgsoft-autopark-unimed.php
array(5) {
  ["nome"]=>
  string(19) "Paula Alves Formiga"
  ["cpf"]=>
  string(14) "071.107.395-38"
  ["email"]=>
  string(23) "paulaaformiga@gmail.com"
  ["placa"]=>
  string(7) "PUN7457"
  ["unidade"]=>
  array(1) {
    [0]=>
    string(1) "7"
  }
}

[27/03/2024 03:46:12] Verificando a solicitação...
[27/03/2024 03:46:12] abgsoft-autopark-unimed.php
array(5) {
  ["nome"]=>
  string(19) "Paula Alves Formiga"
  ["cpf"]=>
  string(11) "07110739538"
  ["email"]=>
  string(23) "paulaaformiga@gmail.com"
  ["placa"]=>
  string(7) "PUN7457"
  ["unidade"]=>
  array(1) {
    [0]=>
    string(1) "7"
  }
}

[27/03/2024 03:46:58] Verificando a solicitação...
[27/03/2024 03:46:58] abgsoft-autopark-unimed.php
array(5) {
  ["nome"]=>
  string(19) "Paula Alves Formiga"
  ["cpf"]=>
  string(11) "07110739538"
  ["email"]=>
  string(23) "paulaaformiga@gmail.com"
  ["placa"]=>
  string(7) "PUN7457"
  ["unidade"]=>
  array(1) {
    [0]=>
    string(1) "7"
  }
}

[27/03/2024 03:47:26] Verificando a solicitação...
[27/03/2024 03:47:26] abgsoft-autopark-unimed.php
array(5) {
  ["nome"]=>
  string(24) "SABRINA DE CASTRO SOARES"
  ["cpf"]=>
  string(14) "022.911.256-05"
  ["email"]=>
  string(20) "bihsoares1@gmail.com"
  ["placa"]=>
  string(7) "Gzm0082"
  ["unidade"]=>
  array(1) {
    [0]=>
    string(1) "2"
  }
}

[27/03/2024 03:48:39] Verificando a solicitação...
[27/03/2024 03:48:39] abgsoft-autopark-unimed.php
array(5) {
  ["nome"]=>
  string(32) "José Geraldo de Oliveira Junior"
  ["cpf"]=>
  string(11) "03579324632"
  ["email"]=>
  string(22) "jvirtual.net@gmail.com"
  ["placa"]=>
  string(7) "Qop7513"
  ["unidade"]=>
  array(1) {
    [0]=>
    string(1) "2"
  }
}

[27/03/2024 03:49:20] Verificando a solicitação...
[27/03/2024 03:49:20] abgsoft-autopark-unimed.php
array(5) {
  ["nome"]=>
  string(32) "José Geraldo de Oliveira Junior"
  ["cpf"]=>
  string(11) "03579324632"
  ["email"]=>
  string(22) "jvirtual.net@gmail.com"
  ["placa"]=>
  string(7) "Qop7513"
  ["unidade"]=>
  array(1) {
    [0]=>
    string(1) "2"
  }
}

[27/03/2024 03:59:33] Verificando a solicitação...
[27/03/2024 03:59:33] abgsoft-autopark-unimed.php
array(5) {
  ["nome"]=>
  string(16) "Carla Saturnino "
  ["cpf"]=>
  string(11) "04823016602"
  ["email"]=>
  string(28) "carlasaturninodias@gmail.com"
  ["placa"]=>
  string(7) "Pyc3b70"
  ["unidade"]=>
  array(1) {
    [0]=>
    string(1) "5"
  }
}

[27/03/2024 04:01:03] Verificando a solicitação...
[27/03/2024 04:01:03] abgsoft-autopark-unimed.php
array(5) {
  ["nome"]=>
  string(9) "Alex Dias"
  ["cpf"]=>
  string(11) "04419173645"
  ["email"]=>
  string(19) "ealexdias@gmail.com"
  ["placa"]=>
  string(7) "QON6879"
  ["unidade"]=>
  array(1) {
    [0]=>
    string(1) "5"
  }
}

[27/03/2024 04:01:27] Verificando a solicitação...
[27/03/2024 04:01:27] abgsoft-autopark-unimed.php
array(5) {
  ["nome"]=>
  string(9) "Alex Dias"
  ["cpf"]=>
  string(11) "04823016602"
  ["email"]=>
  string(28) "carlasaturninodias@gmail.com"
  ["placa"]=>
  string(7) "QON6879"
  ["unidade"]=>
  array(1) {
    [0]=>
    string(1) "5"
  }
}

[27/03/2024 04:17:10] Verificando a solicitação...
[27/03/2024 04:17:10] abgsoft-autopark-unimed.php
array(5) {
  ["nome"]=>
  string(6) "Lorena"
  ["cpf"]=>
  string(11) "13346445607"
  ["email"]=>
  string(25) "lorena-alkmim@hotmail.com"
  ["placa"]=>
  string(7) "Rus1c45"
  ["unidade"]=>
  array(1) {
    [0]=>
    string(1) "7"
  }
}

[27/03/2024 04:45:56] Verificando a solicitação...
[27/03/2024 04:45:56] abgsoft-autopark-unimed.php
array(5) {
  ["nome"]=>
  string(27) "Sílvia Francisca dos Anjos"
  ["cpf"]=>
  string(14) "728.066.726 00"
  ["email"]=>
  string(25) "miranda.anjos@hotmail.com"
  ["placa"]=>
  string(7) "QOO1288"
  ["unidade"]=>
  array(1) {
    [0]=>
    string(1) "5"
  }
}

[27/03/2024 04:47:14] Verificando a solicitação...
[27/03/2024 04:47:14] abgsoft-autopark-unimed.php
array(5) {
  ["nome"]=>
  string(27) "Sílvia Francisca dos Anjos"
  ["cpf"]=>
  string(14) "728.066.726 00"
  ["email"]=>
  string(25) "miranda.anjos@hotmail.com"
  ["placa"]=>
  string(7) "QOO1288"
  ["unidade"]=>
  array(1) {
    [0]=>
    string(1) "5"
  }
}

[27/03/2024 04:47:20] Verificando a solicitação...
[27/03/2024 04:47:20] abgsoft-autopark-unimed.php
array(5) {
  ["nome"]=>
  string(27) "Sílvia Francisca dos Anjos"
  ["cpf"]=>
  string(14) "728.066.726 00"
  ["email"]=>
  string(25) "miranda.anjos@hotmail.com"
  ["placa"]=>
  string(7) "QOO1288"
  ["unidade"]=>
  array(1) {
    [0]=>
    string(1) "5"
  }
}

[27/03/2024 04:47:35] Verificando a solicitação...
[27/03/2024 04:47:35] abgsoft-autopark-unimed.php
array(5) {
  ["nome"]=>
  string(27) "Sílvia Francisca dos Anjos"
  ["cpf"]=>
  string(14) "728.066.726 00"
  ["email"]=>
  string(25) "miranda.anjos@hotmail.com"
  ["placa"]=>
  string(7) "QOO1288"
  ["unidade"]=>
  array(1) {
    [0]=>
    string(1) "5"
  }
}

[27/03/2024 04:47:44] Verificando a solicitação...
[27/03/2024 04:47:44] abgsoft-autopark-unimed.php
array(5) {
  ["nome"]=>
  string(27) "Sílvia Francisca dos Anjos"
  ["cpf"]=>
  string(14) "728.066.726 00"
  ["email"]=>
  string(25) "miranda.anjos@hotmail.com"
  ["placa"]=>
  string(7) "QOO1288"
  ["unidade"]=>
  array(1) {
    [0]=>
    string(1) "5"
  }
}

[27/03/2024 04:48:37] Verificando a solicitação...
[27/03/2024 04:48:37] abgsoft-autopark-unimed.php
array(5) {
  ["nome"]=>
  string(27) "Sílvia Francisca dos Anjos"
  ["cpf"]=>
  string(14) "728.066.726 00"
  ["email"]=>
  string(25) "miranda.anjos@hotmail.com"
  ["placa"]=>
  string(7) "QOO1288"
  ["unidade"]=>
  array(1) {
    [0]=>
    string(1) "5"
  }
}

[27/03/2024 06:48:37] Verificando a solicitação...
[27/03/2024 06:48:37] abgsoft-autopark-unimed.php
array(5) {
  ["nome"]=>
  string(26) "Valéria do Rosário Pires"
  ["cpf"]=>
  string(14) "957.711.156-49"
  ["email"]=>
  string(26) "valeriarpires@yahoo.com.br"
  ["placa"]=>
  string(7) "HMB4756"
  ["unidade"]=>
  array(1) {
    [0]=>
    string(1) "5"
  }
}

[27/03/2024 06:48:47] Verificando a solicitação...
[27/03/2024 06:48:47] abgsoft-autopark-unimed.php
array(5) {
  ["nome"]=>
  string(26) "Valéria do Rosário Pires"
  ["cpf"]=>
  string(14) "957.711.156-49"
  ["email"]=>
  string(26) "valeriarpires@yahoo.com.br"
  ["placa"]=>
  string(7) "HMB4756"
  ["unidade"]=>
  array(1) {
    [0]=>
    string(1) "5"
  }
}

[27/03/2024 06:49:07] Verificando a solicitação...
[27/03/2024 06:49:07] abgsoft-autopark-unimed.php
array(5) {
  ["nome"]=>
  string(24) "Lavick Ferreira da Silva"
  ["cpf"]=>
  string(11) "12917070692"
  ["email"]=>
  string(19) "lavick890@gmail.com"
  ["placa"]=>
  string(7) "RFM5F03"
  ["unidade"]=>
  array(1) {
    [0]=>
    string(1) "7"
  }
}

[27/03/2024 06:49:21] Verificando a solicitação...
[27/03/2024 06:49:21] abgsoft-autopark-unimed.php
array(5) {
  ["nome"]=>
  string(24) "Lavick Ferreira da Silva"
  ["cpf"]=>
  string(11) "12917070692"
  ["email"]=>
  string(19) "lavick890@gmail.com"
  ["placa"]=>
  string(7) "RFM5F03"
  ["unidade"]=>
  array(1) {
    [0]=>
    string(1) "7"
  }
}

[27/03/2024 08:26:37] Verificando a solicitação...
[27/03/2024 08:26:37] abgsoft-autopark-unimed.php
array(5) {
  ["nome"]=>
  string(28) "Maria Clara Oliveira Barbosa"
  ["cpf"]=>
  string(14) "117.594.786-52"
  ["email"]=>
  string(23) "mclaraoliveir@gmail.com"
  ["placa"]=>
  string(7) "NXY0B59"
  ["unidade"]=>
  array(1) {
    [0]=>
    string(1) "7"
  }
}

[27/03/2024 08:34:17] Verificando a solicitação...
[27/03/2024 08:34:17] abgsoft-autopark-unimed.php
array(5) {
  ["nome"]=>
  string(22) "Cristina marcia viana "
  ["cpf"]=>
  string(11) "56374038649"
  ["email"]=>
  string(28) "marciavianacris@yahoo.com.br"
  ["placa"]=>
  string(7) "0pj3643"
  ["unidade"]=>
  array(1) {
    [0]=>
    string(1) "7"
  }
}

[27/03/2024 09:19:56] Verificando a solicitação...
[27/03/2024 10:49:02] Verificando a solicitação...
[27/03/2024 10:49:02] abgsoft-autopark-unimed.php
array(5) {
  ["nome"]=>
  string(17) "Frederico Drumond"
  ["cpf"]=>
  string(11) "79066461691"
  ["email"]=>
  string(25) "elizabethaleite@gmail.com"
  ["placa"]=>
  string(7) "PEM4J71"
  ["unidade"]=>
  array(1) {
    [0]=>
    string(1) "5"
  }
}

[27/03/2024 10:49:16] Verificando a solicitação...
[27/03/2024 10:49:16] abgsoft-autopark-unimed.php
array(5) {
  ["nome"]=>
  string(17) "Frederico Drumond"
  ["cpf"]=>
  string(11) "79066461691"
  ["email"]=>
  string(25) "elizabethaleite@gmail.com"
  ["placa"]=>
  string(7) "PEM4J71"
  ["unidade"]=>
  array(1) {
    [0]=>
    string(1) "5"
  }
}

[27/03/2024 10:58:15] Verificando a solicitação...
[27/03/2024 10:58:15] abgsoft-autopark-unimed.php
array(5) {
  ["nome"]=>
  string(20) "Ione Santos Ribeiro "
  ["cpf"]=>
  string(14) "456.573.006-53"
  ["email"]=>
  string(25) "ioneribeiro6302@gmail.com"
  ["placa"]=>
  string(8) "OWK 6197"
  ["unidade"]=>
  array(1) {
    [0]=>
    string(1) "5"
  }
}

