[19/12/2024 12:19:42] Verificando a solicitação...
[19/12/2024 12:38:51] Verificando a solicitação...
[19/12/2024 12:45:55] Verificando a solicitação...
[19/12/2024 12:45:55] abgsoft-autopark-unimed.php
array(5) {
  ["nome"]=>
  string(33) "Giane Alves de Melo e Assis Cunha"
  ["cpf"]=>
  string(11) "85163759604"
  ["email"]=>
  string(30) "giane.cunha@educacao.mg.gov.br"
  ["placa"]=>
  string(7) "HLZ0138"
  ["unidade"]=>
  array(1) {
    [0]=>
    string(1) "7"
  }
}

[19/12/2024 12:49:48] Verificando a solicitação...
[19/12/2024 12:49:48] abgsoft-autopark-unimed.php
array(5) {
  ["nome"]=>
  string(18) "Elisangela Janaina"
  ["cpf"]=>
  string(11) "03240067641"
  ["email"]=>
  string(31) "janaina@redesolenergiasolar.com"
  ["placa"]=>
  string(7) "FQI8A88"
  ["unidade"]=>
  array(1) {
    [0]=>
    string(1) "5"
  }
}

[19/12/2024 03:50:25] Verificando a solicitação...
[19/12/2024 09:34:56] Verificando a solicitação...
[19/12/2024 09:34:56] abgsoft-autopark-unimed.php
array(5) {
  ["nome"]=>
  string(20) "ALEXANDRE ALVES ROSA"
  ["cpf"]=>
  string(14) "036.180.386-90"
  ["email"]=>
  string(26) "alexandrerosa436@gmail.com"
  ["placa"]=>
  string(7) "HKT1193"
  ["unidade"]=>
  array(1) {
    [0]=>
    string(1) "5"
  }
}

[19/12/2024 11:00:57] Verificando a solicitação...
[19/12/2024 11:00:57] abgsoft-autopark-unimed.php
array(5) {
  ["nome"]=>
  string(25) "Dilson de Miranda Albino "
  ["cpf"]=>
  string(11) "63467585604"
  ["email"]=>
  string(30) "karla_miranda74@hotmail.com.br"
  ["placa"]=>
  string(7) "PUH0G66"
  ["unidade"]=>
  array(1) {
    [0]=>
    string(1) "7"
  }
}

[19/12/2024 11:19:57] Verificando a solicitação...
[19/12/2024 11:19:57] abgsoft-autopark-unimed.php
array(5) {
  ["nome"]=>
  string(23) "MARCELO CARNEIRO VILELA"
  ["cpf"]=>
  string(11) "01328595641"
  ["email"]=>
  string(31) "mariana.n.souza@unimedbh.com.br"
  ["placa"]=>
  string(7) "RNK1D97"
  ["unidade"]=>
  array(1) {
    [0]=>
    string(1) "7"
  }
}

[19/12/2024 11:53:35] Verificando a solicitação...
[19/12/2024 11:53:35] abgsoft-autopark-unimed.php
array(5) {
  ["nome"]=>
  string(16) "Luciana Setragni"
  ["cpf"]=>
  string(11) "00013225677"
  ["email"]=>
  string(25) "lucianasetragni@gmail.com"
  ["placa"]=>
  string(7) "KPN7A97"
  ["unidade"]=>
  array(1) {
    [0]=>
    string(1) "7"
  }
}

[19/12/2024 11:53:35] Verificando a solicitação...
[19/12/2024 11:53:35] abgsoft-autopark-unimed.php
array(5) {
  ["nome"]=>
  string(16) "Luciana Setragni"
  ["cpf"]=>
  string(11) "00013225677"
  ["email"]=>
  string(25) "lucianasetragni@gmail.com"
  ["placa"]=>
  string(7) "KPN7A97"
  ["unidade"]=>
  array(1) {
    [0]=>
    string(1) "7"
  }
}

[19/12/2024 11:53:35] Verificando a solicitação...
[19/12/2024 11:53:35] abgsoft-autopark-unimed.php
array(5) {
  ["nome"]=>
  string(16) "Luciana Setragni"
  ["cpf"]=>
  string(11) "00013225677"
  ["email"]=>
  string(25) "lucianasetragni@gmail.com"
  ["placa"]=>
  string(7) "KPN7A97"
  ["unidade"]=>
  array(1) {
    [0]=>
    string(1) "7"
  }
}

[19/12/2024 12:03:04] Verificando a solicitação...
[19/12/2024 12:03:04] abgsoft-autopark-unimed.php
array(5) {
  ["nome"]=>
  string(21) "Ramon Santos da Silva"
  ["cpf"]=>
  string(11) "09596625616"
  ["email"]=>
  string(23) "ramon05041989@gmail.com"
  ["placa"]=>
  string(7) "ddi6h48"
  ["unidade"]=>
  array(1) {
    [0]=>
    string(1) "4"
  }
}

[19/12/2024 05:37:40] Verificando a solicitação...
[19/12/2024 05:37:40] abgsoft-autopark-unimed.php
array(5) {
  ["nome"]=>
  string(28) "Emerson Ferreira dos Santos "
  ["cpf"]=>
  string(11) "05602447628"
  ["email"]=>
  string(25) "emersonfs2011@hotmail.com"
  ["placa"]=>
  string(7) "QNF4J96"
  ["unidade"]=>
  array(1) {
    [0]=>
    string(1) "5"
  }
}

[19/12/2024 06:29:36] Verificando a solicitação...
[19/12/2024 07:39:53] Verificando a solicitação...
[19/12/2024 07:39:53] abgsoft-autopark-unimed.php
array(5) {
  ["nome"]=>
  string(23) "ALEXANDRE DO NASCIMENTO"
  ["cpf"]=>
  string(14) "627.424.186-87"
  ["email"]=>
  string(35) "alexandrenascimento@correios.com.br"
  ["placa"]=>
  string(7) "SJG0E22"
  ["unidade"]=>
  array(1) {
    [0]=>
    string(1) "3"
  }
}

[19/12/2024 07:57:58] Verificando a solicitação...
[19/12/2024 07:57:58] abgsoft-autopark-unimed.php
array(5) {
  ["nome"]=>
  string(23) "Dalson Luiz dos Santos "
  ["cpf"]=>
  string(15) "619.193.816-00 "
  ["email"]=>
  string(24) "luizdalson2016@gmail.com"
  ["placa"]=>
  string(7) "Rpb4e83"
  ["unidade"]=>
  array(1) {
    [0]=>
    string(1) "1"
  }
}

[19/12/2024 07:58:02] Verificando a solicitação...
[19/12/2024 07:58:02] abgsoft-autopark-unimed.php
array(5) {
  ["nome"]=>
  string(23) "Dalson Luiz dos Santos "
  ["cpf"]=>
  string(15) "619.193.816-00 "
  ["email"]=>
  string(24) "luizdalson2016@gmail.com"
  ["placa"]=>
  string(7) "Rpb4e83"
  ["unidade"]=>
  array(1) {
    [0]=>
    string(1) "1"
  }
}

[19/12/2024 08:09:02] Verificando a solicitação...
[19/12/2024 11:06:36] Verificando a solicitação...
[19/12/2024 11:06:36] abgsoft-autopark-unimed.php
array(5) {
  ["nome"]=>
  string(23) "Lorraine Rossini Araujo"
  ["cpf"]=>
  string(11) "07965926679"
  ["email"]=>
  string(19) "lohh_07@hotmail.com"
  ["placa"]=>
  string(6) "Firmso"
  ["unidade"]=>
  array(1) {
    [0]=>
    string(1) "3"
  }
}

[19/12/2024 11:37:48] Verificando a solicitação...
