[07/05/2024 09:36:13] Verificando a solicitação...
[07/05/2024 09:36:13] abgsoft-autopark-unimed.php
array(5) {
  ["nome"]=>
  string(22) "Allan Rodrigo de Sousa"
  ["cpf"]=>
  string(11) "03487811642"
  ["email"]=>
  string(19) "allanr924@gmail.com"
  ["placa"]=>
  string(7) "HHO0274"
  ["unidade"]=>
  array(1) {
    [0]=>
    string(1) "7"
  }
}

[07/05/2024 10:04:25] Verificando a solicitação...
[07/05/2024 10:04:25] abgsoft-autopark-unimed.php
array(5) {
  ["nome"]=>
  string(29) "Helena Beatriz Costa Pereira "
  ["cpf"]=>
  string(11) "19142299675"
  ["email"]=>
  string(25) "wagnersouza82@hotmail.com"
  ["placa"]=>
  string(7) "HGZ1754"
  ["unidade"]=>
  array(1) {
    [0]=>
    string(1) "5"
  }
}

[07/05/2024 10:23:08] Verificando a solicitação...
[07/05/2024 10:23:08] abgsoft-autopark-unimed.php
array(5) {
  ["nome"]=>
  string(13) "Simone Torres"
  ["cpf"]=>
  string(15) "914.165.156-15 "
  ["email"]=>
  string(20) "torresvaz1@gmail.com"
  ["placa"]=>
  string(8) "RTCoH20 "
  ["unidade"]=>
  array(1) {
    [0]=>
    string(1) "4"
  }
}

[07/05/2024 11:48:07] Verificando a solicitação...
[07/05/2024 11:55:45] Verificando a solicitação...
[07/05/2024 11:55:45] abgsoft-autopark-unimed.php
array(5) {
  ["nome"]=>
  string(25) "Marcelo Antônio de goes "
  ["cpf"]=>
  string(11) "06941529601"
  ["email"]=>
  string(23) "marcelogoesst@gmail.com"
  ["placa"]=>
  string(8) "Pzr5f56 "
  ["unidade"]=>
  array(1) {
    [0]=>
    string(1) "7"
  }
}

[07/05/2024 12:41:49] Verificando a solicitação...
[07/05/2024 12:41:49] abgsoft-autopark-unimed.php
array(5) {
  ["nome"]=>
  string(26) "Viviane Santos de Almeida "
  ["cpf"]=>
  string(11) "01344530699"
  ["email"]=>
  string(25) "vivibhalmeida@hotmail.com"
  ["placa"]=>
  string(8) "PVD4G52 "
  ["unidade"]=>
  array(1) {
    [0]=>
    string(1) "5"
  }
}

[07/05/2024 12:45:31] Verificando a solicitação...
[07/05/2024 12:45:31] abgsoft-autopark-unimed.php
array(5) {
  ["nome"]=>
  string(9) "Ana Abreu"
  ["cpf"]=>
  string(10) "1027074650"
  ["email"]=>
  string(22) "accabreu.adv@gmail.com"
  ["placa"]=>
  string(7) "PXB8C03"
  ["unidade"]=>
  array(1) {
    [0]=>
    string(1) "7"
  }
}

[07/05/2024 01:13:45] Verificando a solicitação...
[07/05/2024 02:09:13] Verificando a solicitação...
[07/05/2024 02:18:11] Verificando a solicitação...
[07/05/2024 02:18:11] abgsoft-autopark-unimed.php
array(5) {
  ["nome"]=>
  string(25) "VIVIANA MOREIRA FRANCISCO"
  ["cpf"]=>
  string(14) "045.783.616-40"
  ["email"]=>
  string(25) "vivymoreira19@hotmail.com"
  ["placa"]=>
  string(7) "IPD9a75"
  ["unidade"]=>
  array(1) {
    [0]=>
    string(1) "7"
  }
}

[07/05/2024 03:01:32] Verificando a solicitação...
[07/05/2024 03:01:32] abgsoft-autopark-unimed.php
array(5) {
  ["nome"]=>
  string(26) "Wilker Rezende Nascimento "
  ["cpf"]=>
  string(14) "114.246.856-99"
  ["email"]=>
  string(19) "wilkern91@gmail.com"
  ["placa"]=>
  string(7) "RVB5H05"
  ["unidade"]=>
  array(1) {
    [0]=>
    string(1) "5"
  }
}

[07/05/2024 03:17:47] Verificando a solicitação...
[07/05/2024 03:17:47] abgsoft-autopark-unimed.php
array(5) {
  ["nome"]=>
  string(29) "Gael Victor da Silva Ferreira"
  ["cpf"]=>
  string(14) "184.161.626-54"
  ["email"]=>
  string(29) "jorgeferreira199122@gmail.com"
  ["placa"]=>
  string(7) "Hat4a30"
  ["unidade"]=>
  array(1) {
    [0]=>
    string(1) "1"
  }
}

[07/05/2024 03:22:36] Verificando a solicitação...
[07/05/2024 03:22:36] abgsoft-autopark-unimed.php
array(5) {
  ["nome"]=>
  string(46) "Ana Carolina Machado de Almeida e Sousa Rabelo"
  ["cpf"]=>
  string(14) "101.926.636-82"
  ["email"]=>
  string(22) "carol.machado@live.com"
  ["placa"]=>
  string(7) "OWO3279"
  ["unidade"]=>
  array(1) {
    [0]=>
    string(1) "3"
  }
}

[07/05/2024 03:41:30] Verificando a solicitação...
[07/05/2024 03:41:30] abgsoft-autopark-unimed.php
array(5) {
  ["nome"]=>
  string(25) "Bráulio Luiz De Araújo "
  ["cpf"]=>
  string(14) "112.880.696-77"
  ["email"]=>
  string(28) "brauliodearaujo@yahoo.com.br"
  ["placa"]=>
  string(7) "SHX7F15"
  ["unidade"]=>
  array(1) {
    [0]=>
    string(1) "2"
  }
}

[07/05/2024 03:44:30] Verificando a solicitação...
[07/05/2024 03:44:30] abgsoft-autopark-unimed.php
array(5) {
  ["nome"]=>
  string(38) "LUIANA MARCIA MESQUITA MAIA DOS SANTOS"
  ["cpf"]=>
  string(14) "048.620.046-95"
  ["email"]=>
  string(21) "LUIANA.MAIA@GMAIL.COM"
  ["placa"]=>
  string(7) "OPV1D17"
  ["unidade"]=>
  array(1) {
    [0]=>
    string(1) "5"
  }
}

[07/05/2024 03:46:09] Verificando a solicitação...
[07/05/2024 03:46:09] abgsoft-autopark-unimed.php
array(5) {
  ["nome"]=>
  string(17) "DILMARA RODRIGUES"
  ["cpf"]=>
  string(14) "069.523.736-59"
  ["email"]=>
  string(27) "dilmararodrigues6@gmail.com"
  ["placa"]=>
  string(7) "EZI1I23"
  ["unidade"]=>
  array(1) {
    [0]=>
    string(1) "3"
  }
}

[07/05/2024 03:57:09] Verificando a solicitação...
[07/05/2024 04:05:42] Verificando a solicitação...
[07/05/2024 04:05:42] abgsoft-autopark-unimed.php
array(5) {
  ["nome"]=>
  string(20) "CLOVIS JOSE FERREIRA"
  ["cpf"]=>
  string(14) "113.177.366-72"
  ["email"]=>
  string(29) "clovisjferreiragalo@gmail.com"
  ["placa"]=>
  string(7) "HNI1054"
  ["unidade"]=>
  array(1) {
    [0]=>
    string(1) "5"
  }
}

[07/05/2024 04:18:50] Verificando a solicitação...
[07/05/2024 04:18:50] abgsoft-autopark-unimed.php
array(5) {
  ["nome"]=>
  string(26) "Aluisio Celso De Oliveira "
  ["cpf"]=>
  string(15) "245.429.976-34 "
  ["email"]=>
  string(28) "aluisio.deoliveira@yahoo.com"
  ["placa"]=>
  string(8) "PYC-6315"
  ["unidade"]=>
  array(1) {
    [0]=>
    string(1) "2"
  }
}

[07/05/2024 04:25:14] Verificando a solicitação...
[07/05/2024 04:25:14] abgsoft-autopark-unimed.php
array(5) {
  ["nome"]=>
  string(6) "Wagner"
  ["cpf"]=>
  string(11) "05044497614"
  ["email"]=>
  string(27) "wagnermfreitas@yahoo.com.br"
  ["placa"]=>
  string(7) "Qxl3726"
  ["unidade"]=>
  array(1) {
    [0]=>
    string(1) "5"
  }
}

[07/05/2024 04:32:05] Verificando a solicitação...
[07/05/2024 04:32:05] abgsoft-autopark-unimed.php
array(5) {
  ["nome"]=>
  string(19) "Lilian D’ornellas"
  ["cpf"]=>
  string(11) "01269355643"
  ["email"]=>
  string(25) "liliandornellas@gmail.com"
  ["placa"]=>
  string(7) "QWX5H29"
  ["unidade"]=>
  array(1) {
    [0]=>
    string(1) "7"
  }
}

[07/05/2024 04:58:38] Verificando a solicitação...
[07/05/2024 04:58:38] abgsoft-autopark-unimed.php
array(5) {
  ["nome"]=>
  string(25) "Márcio Alencar da Silva "
  ["cpf"]=>
  string(11) "06715825696"
  ["email"]=>
  string(22) "roselifonobh@gmail.com"
  ["placa"]=>
  string(7) "IAJ9648"
  ["unidade"]=>
  array(1) {
    [0]=>
    string(1) "7"
  }
}

[07/05/2024 05:10:24] Verificando a solicitação...
[07/05/2024 05:10:24] abgsoft-autopark-unimed.php
array(5) {
  ["nome"]=>
  string(18) "TITO MAURO CAMPOS "
  ["cpf"]=>
  string(11) "00227108680"
  ["email"]=>
  string(23) "titocamposadv@gmail.com"
  ["placa"]=>
  string(7) "QUH5775"
  ["unidade"]=>
  array(1) {
    [0]=>
    string(1) "4"
  }
}

[07/05/2024 05:21:52] Verificando a solicitação...
[07/05/2024 05:21:52] abgsoft-autopark-unimed.php
array(5) {
  ["nome"]=>
  string(25) "Noemia Farias dos Santos "
  ["cpf"]=>
  string(15) "224.283.645-53 "
  ["email"]=>
  string(25) "noemiafarias@yahoo.com.br"
  ["placa"]=>
  string(8) "OQI3485 "
  ["unidade"]=>
  array(1) {
    [0]=>
    string(1) "2"
  }
}

[07/05/2024 05:34:39] Verificando a solicitação...
[07/05/2024 05:34:39] abgsoft-autopark-unimed.php
array(5) {
  ["nome"]=>
  string(18) "VALDIRENE DA SILVA"
  ["cpf"]=>
  string(14) "086.985.966-81"
  ["email"]=>
  string(27) "valdirennesilva@hotmail.com"
  ["placa"]=>
  string(7) "QXF2482"
  ["unidade"]=>
  array(1) {
    [0]=>
    string(1) "7"
  }
}

[07/05/2024 06:28:40] Verificando a solicitação...
[07/05/2024 09:05:14] Verificando a solicitação...
[07/05/2024 10:28:06] Verificando a solicitação...
[07/05/2024 10:28:06] abgsoft-autopark-unimed.php
array(5) {
  ["nome"]=>
  string(29) "Altair Alves da Silva Junior "
  ["cpf"]=>
  string(14) "933.146.556-49"
  ["email"]=>
  string(23) "altairalves32@gmail.com"
  ["placa"]=>
  string(8) "OWN1076 "
  ["unidade"]=>
  array(1) {
    [0]=>
    string(1) "1"
  }
}

[07/05/2024 10:34:44] Verificando a solicitação...
[07/05/2024 10:34:44] abgsoft-autopark-unimed.php
array(5) {
  ["nome"]=>
  string(19) "Cassia Regina Lima "
  ["cpf"]=>
  string(14) "707.215.486-87"
  ["email"]=>
  string(21) "cassiarlp@hotmail.com"
  ["placa"]=>
  string(7) "RMV1E44"
  ["unidade"]=>
  array(1) {
    [0]=>
    string(1) "5"
  }
}

[07/05/2024 11:03:08] Verificando a solicitação...
[07/05/2024 11:03:08] abgsoft-autopark-unimed.php
array(5) {
  ["nome"]=>
  string(30) "Luciana de Souza Mattos Bessa "
  ["cpf"]=>
  string(14) "988.253.566-68"
  ["email"]=>
  string(22) "lmattosbessa@yahoo.com"
  ["placa"]=>
  string(7) "RNQ6C26"
  ["unidade"]=>
  array(1) {
    [0]=>
    string(1) "7"
  }
}

