[21/07/2024 12:49:22] Verificando a solicitação...
[21/07/2024 12:49:22] abgsoft-autopark-unimed.php
array(5) {
  ["nome"]=>
  string(28) "Silvania Miranda Campos Lage"
  ["cpf"]=>
  string(11) "47552506687"
  ["email"]=>
  string(21) "silvaniam00@gmail.com"
  ["placa"]=>
  string(7) "EYQ4798"
  ["unidade"]=>
  array(1) {
    [0]=>
    string(1) "5"
  }
}

[21/07/2024 05:23:04] Verificando a solicitação...
[21/07/2024 05:23:04] abgsoft-autopark-unimed.php
array(5) {
  ["nome"]=>
  string(24) "Priscilla Tôrres Vieira"
  ["cpf"]=>
  string(11) "08120283686"
  ["email"]=>
  string(24) "priscilla12300@gmail.com"
  ["placa"]=>
  string(7) "hln7e06"
  ["unidade"]=>
  array(1) {
    [0]=>
    string(1) "2"
  }
}

[21/07/2024 05:25:54] Verificando a solicitação...
[21/07/2024 05:25:54] abgsoft-autopark-unimed.php
array(5) {
  ["nome"]=>
  string(24) "Priscilla Tôrres Vieira"
  ["cpf"]=>
  string(14) "081.202.836-86"
  ["email"]=>
  string(24) "priscilla12300@gmail.com"
  ["placa"]=>
  string(7) "HLN7E06"
  ["unidade"]=>
  array(1) {
    [0]=>
    string(1) "2"
  }
}

[21/07/2024 05:39:55] Verificando a solicitação...
[21/07/2024 05:55:55] Verificando a solicitação...
[21/07/2024 05:55:55] abgsoft-autopark-unimed.php
array(5) {
  ["nome"]=>
  string(33) "ANTONIO CARLOS DE MIRANDA RIBEIRO"
  ["cpf"]=>
  string(14) "509.327.646-49"
  ["email"]=>
  string(18) "toninet@uol.com.br"
  ["placa"]=>
  string(7) "QNI9160"
  ["unidade"]=>
  array(1) {
    [0]=>
    string(1) "5"
  }
}

[21/07/2024 07:38:28] Verificando a solicitação...
[21/07/2024 07:38:28] abgsoft-autopark-unimed.php
array(5) {
  ["nome"]=>
  string(31) "Ariadina de Assis Silva Machado"
  ["cpf"]=>
  string(11) "47595760615"
  ["email"]=>
  string(31) "ariadina.machado23@yahoo.com.br"
  ["placa"]=>
  string(7) "PWY6J36"
  ["unidade"]=>
  array(1) {
    [0]=>
    string(1) "7"
  }
}

[21/07/2024 07:39:05] Verificando a solicitação...
[21/07/2024 07:39:05] abgsoft-autopark-unimed.php
array(5) {
  ["nome"]=>
  string(31) "Ariadina de Assis Silva Machado"
  ["cpf"]=>
  string(11) "47595760615"
  ["email"]=>
  string(31) "ariadina.machado23@yahoo.com.br"
  ["placa"]=>
  string(7) "PWY6J36"
  ["unidade"]=>
  array(1) {
    [0]=>
    string(1) "7"
  }
}

[21/07/2024 07:39:48] Verificando a solicitação...
[21/07/2024 07:39:48] abgsoft-autopark-unimed.php
array(5) {
  ["nome"]=>
  string(31) "Ariadina de Assis Silva Machado"
  ["cpf"]=>
  string(11) "47595760615"
  ["email"]=>
  string(31) "ariadina.machado23@yahoo.com.br"
  ["placa"]=>
  string(7) "PWY6J36"
  ["unidade"]=>
  array(1) {
    [0]=>
    string(1) "7"
  }
}

[21/07/2024 07:40:58] Verificando a solicitação...
[21/07/2024 07:40:58] abgsoft-autopark-unimed.php
array(5) {
  ["nome"]=>
  string(31) "Ariadina de Assis Silva Machado"
  ["cpf"]=>
  string(11) "47595760615"
  ["email"]=>
  string(31) "ariadina.machado23@yahoo.com.br"
  ["placa"]=>
  string(7) "PWY6J36"
  ["unidade"]=>
  array(1) {
    [0]=>
    string(1) "7"
  }
}

[21/07/2024 07:42:08] Verificando a solicitação...
[21/07/2024 07:42:08] abgsoft-autopark-unimed.php
array(5) {
  ["nome"]=>
  string(31) "Ariadina de Assis Silva Machado"
  ["cpf"]=>
  string(11) "47595760615"
  ["email"]=>
  string(31) "ariadina.machado23@yahoo.com.br"
  ["placa"]=>
  string(7) "PWY6J36"
  ["unidade"]=>
  array(1) {
    [0]=>
    string(1) "7"
  }
}

[21/07/2024 08:27:53] Verificando a solicitação...
[21/07/2024 08:27:53] abgsoft-autopark-unimed.php
array(5) {
  ["nome"]=>
  string(31) "Ariadina de Assis Silva Machado"
  ["cpf"]=>
  string(11) "47595760615"
  ["email"]=>
  string(31) "ariadina.machado23@yahoo.com.br"
  ["placa"]=>
  string(7) "PWY6J36"
  ["unidade"]=>
  array(1) {
    [0]=>
    string(1) "7"
  }
}

[21/07/2024 08:30:02] Verificando a solicitação...
[21/07/2024 08:30:02] abgsoft-autopark-unimed.php
array(5) {
  ["nome"]=>
  string(31) "Ariadina de Assis Silva Machado"
  ["cpf"]=>
  string(11) "47595760615"
  ["email"]=>
  string(31) "ariadina.machado23@yahoo.com.br"
  ["placa"]=>
  string(7) "PWY6J36"
  ["unidade"]=>
  array(1) {
    [0]=>
    string(1) "7"
  }
}

[21/07/2024 09:03:42] Verificando a solicitação...
[21/07/2024 09:03:42] abgsoft-autopark-unimed.php
array(5) {
  ["nome"]=>
  string(31) "Ariadina de Assis Silva Machado"
  ["cpf"]=>
  string(11) "47595760615"
  ["email"]=>
  string(31) "ariadina.machado23@yahoo.com.br"
  ["placa"]=>
  string(7) "PWY6J36"
  ["unidade"]=>
  array(1) {
    [0]=>
    string(1) "7"
  }
}

[21/07/2024 09:16:37] Verificando a solicitação...
[21/07/2024 09:16:37] abgsoft-autopark-unimed.php
array(5) {
  ["nome"]=>
  string(31) "Ariadina de Assis Silva Machado"
  ["cpf"]=>
  string(11) "47595760615"
  ["email"]=>
  string(31) "ariadina.machado23@yahoo.com.br"
  ["placa"]=>
  string(7) "PWY6J36"
  ["unidade"]=>
  array(1) {
    [0]=>
    string(1) "7"
  }
}

[21/07/2024 10:46:55] Verificando a solicitação...
[21/07/2024 10:46:55] abgsoft-autopark-unimed.php
array(5) {
  ["nome"]=>
  string(31) "Ariadina de Assis Silva Machado"
  ["cpf"]=>
  string(11) "47595760615"
  ["email"]=>
  string(31) "ariadina.machado23@yahoo.com.br"
  ["placa"]=>
  string(7) "PWY6J36"
  ["unidade"]=>
  array(1) {
    [0]=>
    string(1) "7"
  }
}

