[06/12/2024 02:28:48] Verificando a solicitação...
[06/12/2024 02:28:48] abgsoft-autopark-unimed.php
array(5) {
  ["nome"]=>
  string(25) "Letícia Borges Carolino "
  ["cpf"]=>
  string(12) "067118315699"
  ["email"]=>
  string(26) "leticiaborges613@gmail.com"
  ["placa"]=>
  string(7) "OLO5154"
  ["unidade"]=>
  array(1) {
    [0]=>
    string(1) "7"
  }
}

[06/12/2024 02:55:59] Verificando a solicitação...
[06/12/2024 02:55:59] abgsoft-autopark-unimed.php
array(5) {
  ["nome"]=>
  string(30) "Anna Jéssica do Vale Bonamigo"
  ["cpf"]=>
  string(14) "039.153.041-07"
  ["email"]=>
  string(24) "annabonamigo@hotmail.com"
  ["placa"]=>
  string(7) "HEB6471"
  ["unidade"]=>
  array(1) {
    [0]=>
    string(1) "5"
  }
}

[06/12/2024 09:47:22] Verificando a solicitação...
[06/12/2024 09:47:22] abgsoft-autopark-unimed.php
array(5) {
  ["nome"]=>
  string(22) "JUNIO DOMINGOS RAMALHO"
  ["cpf"]=>
  string(11) "06645517696"
  ["email"]=>
  string(21) "ramalho_j@hotmail.com"
  ["placa"]=>
  string(7) "GXP4485"
  ["unidade"]=>
  array(1) {
    [0]=>
    string(1) "5"
  }
}

[06/12/2024 10:56:45] Verificando a solicitação...
[06/12/2024 11:30:50] Verificando a solicitação...
[06/12/2024 11:30:50] abgsoft-autopark-unimed.php
array(5) {
  ["nome"]=>
  string(19) "Marlene Silva Reis "
  ["cpf"]=>
  string(15) "300.436.116-72 "
  ["email"]=>
  string(17) "masires@gmail.com"
  ["placa"]=>
  string(7) "HAG6878"
  ["unidade"]=>
  array(1) {
    [0]=>
    string(1) "7"
  }
}

[06/12/2024 11:49:32] Verificando a solicitação...
[06/12/2024 11:49:32] abgsoft-autopark-unimed.php
array(5) {
  ["nome"]=>
  string(30) "JAQUELINE FERNANDES DOS SANTOS"
  ["cpf"]=>
  string(14) "067.757.706-00"
  ["email"]=>
  string(21) "jackfds2010@gmail.com"
  ["placa"]=>
  string(7) "HOD1676"
  ["unidade"]=>
  array(1) {
    [0]=>
    string(1) "7"
  }
}

[06/12/2024 12:07:37] Verificando a solicitação...
[06/12/2024 12:07:37] abgsoft-autopark-unimed.php
array(5) {
  ["nome"]=>
  string(15) "Rafael Damião "
  ["cpf"]=>
  string(15) "104.809.996-27 "
  ["email"]=>
  string(29) "rafael.rltecnologia@gmail.com"
  ["placa"]=>
  string(8) "Hnh8958 "
  ["unidade"]=>
  array(1) {
    [0]=>
    string(1) "1"
  }
}

[06/12/2024 01:30:19] Verificando a solicitação...
[06/12/2024 01:30:19] abgsoft-autopark-unimed.php
array(5) {
  ["nome"]=>
  string(30) "Pedro Henrique Junio Ferreira "
  ["cpf"]=>
  string(11) "10189974664"
  ["email"]=>
  string(22) "p_h_junio@yahoo.com.br"
  ["placa"]=>
  string(7) "Pur1278"
  ["unidade"]=>
  array(1) {
    [0]=>
    string(1) "2"
  }
}

[06/12/2024 01:48:13] Verificando a solicitação...
[06/12/2024 02:52:23] Verificando a solicitação...
[06/12/2024 04:30:59] Verificando a solicitação...
[06/12/2024 06:38:40] Verificando a solicitação...
[06/12/2024 06:38:40] abgsoft-autopark-unimed.php
array(5) {
  ["nome"]=>
  string(22) "Elton Marcos Goncalves"
  ["cpf"]=>
  string(11) "04457113611"
  ["email"]=>
  string(23) "eltonisrael@hotmail.com"
  ["placa"]=>
  string(7) "PWY6048"
  ["unidade"]=>
  array(1) {
    [0]=>
    string(1) "5"
  }
}

[06/12/2024 09:37:46] Verificando a solicitação...
[06/12/2024 09:58:06] Verificando a solicitação...
[06/12/2024 09:58:06] abgsoft-autopark-unimed.php
array(5) {
  ["nome"]=>
  string(23) "Wilde Svizzero Oliveira"
  ["cpf"]=>
  string(11) "01600282644"
  ["email"]=>
  string(25) "wildesvizzero@hotmail.com"
  ["placa"]=>
  string(7) "PHH0I23"
  ["unidade"]=>
  array(1) {
    [0]=>
    string(1) "7"
  }
}

