[20/07/2024 12:45:27] Verificando a solicitação...
[20/07/2024 12:45:27] abgsoft-autopark-unimed.php
array(5) {
  ["nome"]=>
  string(26) "Ivonete Patrícia Monteiro"
  ["cpf"]=>
  string(14) "978.467.166-20"
  ["email"]=>
  string(28) "ipatriciamartins@hotmail.com"
  ["placa"]=>
  string(8) "RFC1B80 "
  ["unidade"]=>
  array(1) {
    [0]=>
    string(1) "5"
  }
}

[20/07/2024 02:02:56] Verificando a solicitação...
[20/07/2024 02:02:56] abgsoft-autopark-unimed.php
array(5) {
  ["nome"]=>
  string(22) "Caroline Santos Viana "
  ["cpf"]=>
  string(11) "10654769656"
  ["email"]=>
  string(26) "carol.s.vianna80@gmail.com"
  ["placa"]=>
  string(7) "HIC5980"
  ["unidade"]=>
  array(1) {
    [0]=>
    string(1) "7"
  }
}

[20/07/2024 02:07:38] Verificando a solicitação...
[20/07/2024 02:07:38] abgsoft-autopark-unimed.php
array(5) {
  ["nome"]=>
  string(22) "Caroline Santos Viana "
  ["cpf"]=>
  string(11) "10654769656"
  ["email"]=>
  string(26) "carol.s.vianna80@gmail.com"
  ["placa"]=>
  string(7) "HIC5980"
  ["unidade"]=>
  array(1) {
    [0]=>
    string(1) "7"
  }
}

[20/07/2024 02:55:15] Verificando a solicitação...
[20/07/2024 07:08:22] Verificando a solicitação...
[20/07/2024 09:32:09] Verificando a solicitação...
