[27/12/2024 12:00:19] Verificando a solicitação...
[27/12/2024 12:00:19] abgsoft-autopark-unimed.php
array(5) {
  ["nome"]=>
  string(24) "Graziella Fátima Silva "
  ["cpf"]=>
  string(11) "04458572695"
  ["email"]=>
  string(25) "graziellafatima@gmail.com"
  ["placa"]=>
  string(7) "EAV3D94"
  ["unidade"]=>
  array(1) {
    [0]=>
    string(1) "5"
  }
}

[27/12/2024 12:18:17] Verificando a solicitação...
[27/12/2024 12:18:17] abgsoft-autopark-unimed.php
array(5) {
  ["nome"]=>
  string(32) "Edson Ricardo Pereira Gonçalves"
  ["cpf"]=>
  string(15) "044.566.506-80 "
  ["email"]=>
  string(27) "taynar.almeida@yahoo.com.br"
  ["placa"]=>
  string(7) "SJA6E17"
  ["unidade"]=>
  array(1) {
    [0]=>
    string(1) "7"
  }
}

[27/12/2024 02:06:23] Verificando a solicitação...
[27/12/2024 02:06:23] abgsoft-autopark-unimed.php
array(5) {
  ["nome"]=>
  string(22) "JUNIO DOMINGOS RAMALHO"
  ["cpf"]=>
  string(11) "06645517696"
  ["email"]=>
  string(21) "ramalho_j@hotmail.com"
  ["placa"]=>
  string(7) "PUG3D95"
  ["unidade"]=>
  array(1) {
    [0]=>
    string(1) "5"
  }
}

[27/12/2024 05:05:15] Verificando a solicitação...
[27/12/2024 10:36:54] Verificando a solicitação...
[27/12/2024 10:36:54] abgsoft-autopark-unimed.php
array(5) {
  ["nome"]=>
  string(29) "Rosana Chaves Barbosa Resende"
  ["cpf"]=>
  string(11) "76536017668"
  ["email"]=>
  string(27) "rosanacbresende@hotmail.com"
  ["placa"]=>
  string(7) "Hge8J00"
  ["unidade"]=>
  array(1) {
    [0]=>
    string(1) "5"
  }
}

[27/12/2024 10:47:09] Verificando a solicitação...
[27/12/2024 10:47:09] abgsoft-autopark-unimed.php
array(5) {
  ["nome"]=>
  string(19) "Angela Maria Angeli"
  ["cpf"]=>
  string(14) "980.036.316-53"
  ["email"]=>
  string(26) "angela.angeli132@gmail.com"
  ["placa"]=>
  string(7) "RFX0A08"
  ["unidade"]=>
  array(1) {
    [0]=>
    string(1) "5"
  }
}

[27/12/2024 10:53:03] Verificando a solicitação...
[27/12/2024 10:53:03] abgsoft-autopark-unimed.php
array(5) {
  ["nome"]=>
  string(26) "Patrícia Giselle Carvalho"
  ["cpf"]=>
  string(15) "079.803.826-84 "
  ["email"]=>
  string(33) "biologiapatriciagiselle@gmail.com"
  ["placa"]=>
  string(7) "SYL5G96"
  ["unidade"]=>
  array(1) {
    [0]=>
    string(1) "1"
  }
}

[27/12/2024 12:41:31] Verificando a solicitação...
[27/12/2024 12:41:31] abgsoft-autopark-unimed.php
array(5) {
  ["nome"]=>
  string(32) "LUIZ ANTONIO DE AVELAR BERGAMINI"
  ["cpf"]=>
  string(15) "137.745.226-34 "
  ["email"]=>
  string(24) "labergamini@yahoo.com.br"
  ["placa"]=>
  string(8) "PYR3904 "
  ["unidade"]=>
  array(1) {
    [0]=>
    string(1) "7"
  }
}

[27/12/2024 03:36:23] Verificando a solicitação...
[27/12/2024 03:36:23] abgsoft-autopark-unimed.php
array(5) {
  ["nome"]=>
  string(25) "Angelo da Silva Ferreira "
  ["cpf"]=>
  string(11) "03898079660"
  ["email"]=>
  string(23) "ferreiragtr@hotmail.com"
  ["placa"]=>
  string(7) "Hjf3d12"
  ["unidade"]=>
  array(1) {
    [0]=>
    string(1) "7"
  }
}

[27/12/2024 07:28:52] Verificando a solicitação...
[27/12/2024 08:24:11] Verificando a solicitação...
[27/12/2024 08:24:11] abgsoft-autopark-unimed.php
array(5) {
  ["nome"]=>
  string(26) "Kelly Aquino Paixão Frota"
  ["cpf"]=>
  string(14) "074.942.266-13"
  ["email"]=>
  string(31) "kelly.aquinopaixao@yahoo.com.br"
  ["placa"]=>
  string(7) "LQy9e26"
  ["unidade"]=>
  array(1) {
    [0]=>
    string(1) "7"
  }
}

