[13/03/2024 01:03:13] Verificando a solicitação...
[13/03/2024 01:03:13] abgsoft-autopark-unimed.php
array(5) {
  ["nome"]=>
  string(20) "PAULO OLIVEIRA BESSA"
  ["cpf"]=>
  string(11) "40134938615"
  ["email"]=>
  string(21) "pauloobessa@gmail.com"
  ["placa"]=>
  string(7) "pxn8585"
  ["unidade"]=>
  array(1) {
    [0]=>
    string(1) "5"
  }
}

[13/03/2024 04:39:29] Verificando a solicitação...
[13/03/2024 04:39:29] abgsoft-autopark-unimed.php
array(5) {
  ["nome"]=>
  string(26) "KELLY GRECO PUGAS EUGÊNIO"
  ["cpf"]=>
  string(14) "039.885.656-79"
  ["email"]=>
  string(21) "kellyzote80@gmail.com"
  ["placa"]=>
  string(7) "Pwl8197"
  ["unidade"]=>
  array(1) {
    [0]=>
    string(1) "1"
  }
}

[13/03/2024 05:01:13] Verificando a solicitação...
[13/03/2024 05:01:13] abgsoft-autopark-unimed.php
array(5) {
  ["nome"]=>
  string(23) "Tamires da Silva Guedes"
  ["cpf"]=>
  string(14) "107.287.336-25"
  ["email"]=>
  string(26) "guedes.tamires@hotmail.com"
  ["placa"]=>
  string(7) "Gvw9797"
  ["unidade"]=>
  array(1) {
    [0]=>
    string(1) "7"
  }
}

[13/03/2024 08:47:46] Verificando a solicitação...
[13/03/2024 08:47:46] abgsoft-autopark-unimed.php
array(5) {
  ["nome"]=>
  string(33) "Carlos Henrique Verneque Guerson "
  ["cpf"]=>
  string(15) "891.393.726-34 "
  ["email"]=>
  string(19) "jguerson@uol.com.br"
  ["placa"]=>
  string(8) "RFI6J96 "
  ["unidade"]=>
  array(1) {
    [0]=>
    string(1) "5"
  }
}

[13/03/2024 09:51:19] Verificando a solicitação...
[13/03/2024 09:51:19] abgsoft-autopark-unimed.php
array(5) {
  ["nome"]=>
  string(15) "Rafael Damião "
  ["cpf"]=>
  string(15) "104.809.996-27 "
  ["email"]=>
  string(29) "rafael.rltecnologia@gmail.com"
  ["placa"]=>
  string(8) "Hnh8958 "
  ["unidade"]=>
  array(1) {
    [0]=>
    string(1) "2"
  }
}

[13/03/2024 10:20:45] Verificando a solicitação...
[13/03/2024 10:20:45] abgsoft-autopark-unimed.php
array(5) {
  ["nome"]=>
  string(6) "Samuel"
  ["cpf"]=>
  string(11) "06748862671"
  ["email"]=>
  string(20) "samuelcddo@gmail.com"
  ["placa"]=>
  string(7) "Qob9437"
  ["unidade"]=>
  array(1) {
    [0]=>
    string(1) "5"
  }
}

[13/03/2024 10:26:15] Verificando a solicitação...
[13/03/2024 10:26:15] abgsoft-autopark-unimed.php
array(5) {
  ["nome"]=>
  string(26) "Daniela Israel Gonçalves "
  ["cpf"]=>
  string(11) "05052593627"
  ["email"]=>
  string(25) "danielaisrael@outlook.com"
  ["placa"]=>
  string(7) "RVF3C63"
  ["unidade"]=>
  array(1) {
    [0]=>
    string(1) "5"
  }
}

[13/03/2024 12:45:25] Verificando a solicitação...
[13/03/2024 12:45:25] abgsoft-autopark-unimed.php
array(5) {
  ["nome"]=>
  string(24) "Jairo Antônio Graciano "
  ["cpf"]=>
  string(11) "46804056604"
  ["email"]=>
  string(32) "giovaniamaria.graciano@gmail.com"
  ["placa"]=>
  string(8) "QQT97H11"
  ["unidade"]=>
  array(1) {
    [0]=>
    string(1) "5"
  }
}

[13/03/2024 12:48:48] Verificando a solicitação...
[13/03/2024 12:48:48] abgsoft-autopark-unimed.php
array(5) {
  ["nome"]=>
  string(23) "DANIELA ANDAKU DA SILVA"
  ["cpf"]=>
  string(14) "044.085.046-02"
  ["email"]=>
  string(21) "daniela.asm@gmail.com"
  ["placa"]=>
  string(7) "HID1762"
  ["unidade"]=>
  array(1) {
    [0]=>
    string(1) "2"
  }
}

[13/03/2024 12:48:54] Verificando a solicitação...
[13/03/2024 12:48:54] abgsoft-autopark-unimed.php
array(5) {
  ["nome"]=>
  string(23) "DANIELA ANDAKU DA SILVA"
  ["cpf"]=>
  string(14) "044.085.046-02"
  ["email"]=>
  string(21) "daniela.asm@gmail.com"
  ["placa"]=>
  string(7) "HID1762"
  ["unidade"]=>
  array(1) {
    [0]=>
    string(1) "2"
  }
}

[13/03/2024 01:23:19] Verificando a solicitação...
[13/03/2024 01:23:19] abgsoft-autopark-unimed.php
array(5) {
  ["nome"]=>
  string(17) "Jenniffer Santos "
  ["cpf"]=>
  string(11) "09053040633"
  ["email"]=>
  string(28) "jenniffer.santos89@gmail.com"
  ["placa"]=>
  string(8) "OWY 1655"
  ["unidade"]=>
  array(1) {
    [0]=>
    string(1) "2"
  }
}

[13/03/2024 01:25:53] Verificando a solicitação...
[13/03/2024 01:55:35] Verificando a solicitação...
[13/03/2024 01:55:35] abgsoft-autopark-unimed.php
array(5) {
  ["nome"]=>
  string(16) "Weberth pereira "
  ["cpf"]=>
  string(14) "004.983.336-71"
  ["email"]=>
  string(26) "weberthpereira28@gmail.com"
  ["placa"]=>
  string(7) "Pvg0493"
  ["unidade"]=>
  array(1) {
    [0]=>
    string(1) "7"
  }
}

[13/03/2024 02:46:41] Verificando a solicitação...
[13/03/2024 02:46:41] abgsoft-autopark-unimed.php
array(5) {
  ["nome"]=>
  string(31) "Virgínia Assíria de Oliveira "
  ["cpf"]=>
  string(11) "06169997630"
  ["email"]=>
  string(28) "virginiaassiria@yahoo.com.br"
  ["placa"]=>
  string(7) "OWS0D51"
  ["unidade"]=>
  array(1) {
    [0]=>
    string(1) "2"
  }
}

[13/03/2024 03:14:19] Verificando a solicitação...
[13/03/2024 03:14:19] abgsoft-autopark-unimed.php
array(5) {
  ["nome"]=>
  string(31) "WEUBER CRISTIANO DA SILVA VIANA"
  ["cpf"]=>
  string(14) "550.420.826-20"
  ["email"]=>
  string(31) "comercial2@mastertapetes.com.br"
  ["placa"]=>
  string(7) "SIG9F11"
  ["unidade"]=>
  array(1) {
    [0]=>
    string(1) "5"
  }
}

[13/03/2024 04:14:00] Verificando a solicitação...
[13/03/2024 04:14:00] abgsoft-autopark-unimed.php
array(5) {
  ["nome"]=>
  string(24) "Janaina de Morais Seabra"
  ["cpf"]=>
  string(14) "039.071.576-05"
  ["email"]=>
  string(23) "morse.janaina@gmail.com"
  ["placa"]=>
  string(7) "RUU4C54"
  ["unidade"]=>
  array(1) {
    [0]=>
    string(1) "5"
  }
}

[13/03/2024 04:23:00] Verificando a solicitação...
[13/03/2024 04:23:00] abgsoft-autopark-unimed.php
array(5) {
  ["nome"]=>
  string(12) "Léia Farias"
  ["cpf"]=>
  string(11) "05222074641"
  ["email"]=>
  string(19) "euleia@yahoo.com.br"
  ["placa"]=>
  string(7) "Qne4881"
  ["unidade"]=>
  array(1) {
    [0]=>
    string(1) "7"
  }
}

[13/03/2024 04:23:49] Verificando a solicitação...
[13/03/2024 04:23:49] abgsoft-autopark-unimed.php
array(5) {
  ["nome"]=>
  string(29) "Beatriz das Dores Lima Lanna "
  ["cpf"]=>
  string(15) "795.154.956-87 "
  ["email"]=>
  string(23) "beatriz.lima@pbh.gov.br"
  ["placa"]=>
  string(8) "QOB 9918"
  ["unidade"]=>
  array(1) {
    [0]=>
    string(1) "2"
  }
}

[13/03/2024 04:35:26] Verificando a solicitação...
[13/03/2024 04:35:26] abgsoft-autopark-unimed.php
array(5) {
  ["nome"]=>
  string(33) "Letícia Rocha Martins dos Santos"
  ["cpf"]=>
  string(14) "665.188.306-20"
  ["email"]=>
  string(26) "leticiarocham@yahoo.com.br"
  ["placa"]=>
  string(8) "HHN 4009"
  ["unidade"]=>
  array(1) {
    [0]=>
    string(1) "2"
  }
}

[13/03/2024 05:01:03] Verificando a solicitação...
[13/03/2024 05:01:03] abgsoft-autopark-unimed.php
array(5) {
  ["nome"]=>
  string(25) "Junio Gonçalves Vitorino"
  ["cpf"]=>
  string(11) "06731277614"
  ["email"]=>
  string(28) "juniovitorino@protonmail.com"
  ["placa"]=>
  string(7) "RVH6B74"
  ["unidade"]=>
  array(1) {
    [0]=>
    string(1) "5"
  }
}

[13/03/2024 05:01:26] Verificando a solicitação...
[13/03/2024 05:01:26] abgsoft-autopark-unimed.php
array(5) {
  ["nome"]=>
  string(25) "Junio Gonçalves Vitorino"
  ["cpf"]=>
  string(11) "06731277614"
  ["email"]=>
  string(28) "juniovitorino@protonmail.com"
  ["placa"]=>
  string(7) "RVH6B74"
  ["unidade"]=>
  array(1) {
    [0]=>
    string(1) "5"
  }
}

[13/03/2024 05:12:23] Verificando a solicitação...
[13/03/2024 05:12:23] abgsoft-autopark-unimed.php
array(5) {
  ["nome"]=>
  string(28) "Adriana Aparecida dos Santos"
  ["cpf"]=>
  string(11) "00361622643"
  ["email"]=>
  string(28) "adrianasantos29@yahoo.com.br"
  ["placa"]=>
  string(7) "QOC4663"
  ["unidade"]=>
  array(1) {
    [0]=>
    string(1) "7"
  }
}

[13/03/2024 05:26:58] Verificando a solicitação...
[13/03/2024 05:26:58] abgsoft-autopark-unimed.php
array(5) {
  ["nome"]=>
  string(19) "Rafael Dias Nonato "
  ["cpf"]=>
  string(14) "102.192.226-90"
  ["email"]=>
  string(22) "raafinha05@hotmail.com"
  ["placa"]=>
  string(7) "PXB2D01"
  ["unidade"]=>
  array(1) {
    [0]=>
    string(1) "7"
  }
}

[13/03/2024 06:02:40] Verificando a solicitação...
[13/03/2024 06:41:46] Verificando a solicitação...
[13/03/2024 06:41:46] abgsoft-autopark-unimed.php
array(5) {
  ["nome"]=>
  string(20) "CARLOS ANTONIO GOMES"
  ["cpf"]=>
  string(14) "098.133.656-68"
  ["email"]=>
  string(21) "cgomesbhz@hotmail.com"
  ["placa"]=>
  string(7) "HFL2212"
  ["unidade"]=>
  array(1) {
    [0]=>
    string(1) "7"
  }
}

[13/03/2024 07:05:34] Verificando a solicitação...
[13/03/2024 07:05:34] abgsoft-autopark-unimed.php
array(5) {
  ["nome"]=>
  string(31) "Alexandre Vieira de Paula Lima "
  ["cpf"]=>
  string(11) "06071255600"
  ["email"]=>
  string(24) "alexandreartur@gmail.com"
  ["placa"]=>
  string(7) "Hln9415"
  ["unidade"]=>
  array(1) {
    [0]=>
    string(1) "7"
  }
}

[13/03/2024 07:32:13] Verificando a solicitação...
[13/03/2024 07:32:13] abgsoft-autopark-unimed.php
array(5) {
  ["nome"]=>
  string(26) "Andreia Leticia Rodrigues "
  ["cpf"]=>
  string(11) "66625203653"
  ["email"]=>
  string(21) "leticia.ar4@gmail.com"
  ["placa"]=>
  string(7) "QPJ0276"
  ["unidade"]=>
  array(1) {
    [0]=>
    string(1) "7"
  }
}

[13/03/2024 07:38:27] Verificando a solicitação...
[13/03/2024 08:25:35] Verificando a solicitação...
[13/03/2024 08:25:35] abgsoft-autopark-unimed.php
array(5) {
  ["nome"]=>
  string(32) "LUIZ ANTONIO DE AVELAR BERGAMINI"
  ["cpf"]=>
  string(11) "13774522634"
  ["email"]=>
  string(24) "labergamini@yahoo.com.br"
  ["placa"]=>
  string(8) "PYR-3904"
  ["unidade"]=>
  array(1) {
    [0]=>
    string(1) "7"
  }
}

[13/03/2024 08:42:13] Verificando a solicitação...
[13/03/2024 10:38:05] Verificando a solicitação...
[13/03/2024 11:04:25] Verificando a solicitação...
[13/03/2024 11:04:25] abgsoft-autopark-unimed.php
array(5) {
  ["nome"]=>
  string(20) "Magnum Luiz Clemente"
  ["cpf"]=>
  string(14) "015.637.386-60"
  ["email"]=>
  string(22) "magnum@infolinx.com.br"
  ["placa"]=>
  string(7) "RMD8E74"
  ["unidade"]=>
  array(1) {
    [0]=>
    string(1) "5"
  }
}

[13/03/2024 11:36:10] Verificando a solicitação...
[13/03/2024 11:36:10] abgsoft-autopark-unimed.php
array(5) {
  ["nome"]=>
  string(26) "ELZA BEATRIZ ROCHA GONZAGA"
  ["cpf"]=>
  string(14) "436.909.046-68"
  ["email"]=>
  string(22) "elbiarocha@hotmail.com"
  ["placa"]=>
  string(7) "ODT2017"
  ["unidade"]=>
  array(1) {
    [0]=>
    string(1) "5"
  }
}

[13/03/2024 11:58:08] Verificando a solicitação...
[13/03/2024 11:58:08] abgsoft-autopark-unimed.php
array(5) {
  ["nome"]=>
  string(16) "VITOR HUGO LOPES"
  ["cpf"]=>
  string(14) "059.695.666-59"
  ["email"]=>
  string(24) "vitorhlopes@yahoo.com.br"
  ["placa"]=>
  string(7) "GIF4H86"
  ["unidade"]=>
  array(1) {
    [0]=>
    string(1) "7"
  }
}

