[01/08/2024 12:11:10] Verificando a solicitação...
[01/08/2024 12:11:10] abgsoft-autopark-unimed.php
array(5) {
  ["nome"]=>
  string(10) "Ana Paula "
  ["cpf"]=>
  string(11) "83912002649"
  ["email"]=>
  string(25) "juannajulia2709@gmail.com"
  ["placa"]=>
  string(7) "OCQ9600"
  ["unidade"]=>
  array(1) {
    [0]=>
    string(1) "5"
  }
}

[01/08/2024 01:25:00] Verificando a solicitação...
[01/08/2024 01:25:00] abgsoft-autopark-unimed.php
array(5) {
  ["nome"]=>
  string(17) "joao batista dias"
  ["cpf"]=>
  string(11) "01491450711"
  ["email"]=>
  string(20) "joaodiasbh@gmail.com"
  ["placa"]=>
  string(7) "aqz1204"
  ["unidade"]=>
  array(1) {
    [0]=>
    string(1) "5"
  }
}

[01/08/2024 04:26:12] Verificando a solicitação...
[01/08/2024 04:41:57] Verificando a solicitação...
[01/08/2024 04:41:57] abgsoft-autopark-unimed.php
array(5) {
  ["nome"]=>
  string(28) "gabriela da costa luz soares"
  ["cpf"]=>
  string(14) "078.879.476-00"
  ["email"]=>
  string(31) "gabrielasoares.medvet@gmail.com"
  ["placa"]=>
  string(7) "fdh1c54"
  ["unidade"]=>
  array(1) {
    [0]=>
    string(1) "4"
  }
}

[01/08/2024 09:44:30] Verificando a solicitação...
[01/08/2024 12:22:43] Verificando a solicitação...
[01/08/2024 12:22:43] abgsoft-autopark-unimed.php
array(5) {
  ["nome"]=>
  string(29) "GISLENE LOURENÇO DE OLIVEIRA"
  ["cpf"]=>
  string(11) "01481000667"
  ["email"]=>
  string(31) "detalhescontabilidade@gmail.com"
  ["placa"]=>
  string(7) "HKZ5354"
  ["unidade"]=>
  array(1) {
    [0]=>
    string(1) "5"
  }
}

[01/08/2024 12:26:45] Verificando a solicitação...
[01/08/2024 12:26:45] abgsoft-autopark-unimed.php
array(5) {
  ["nome"]=>
  string(22) "MONIQUE EVA DE ALMEIDA"
  ["cpf"]=>
  string(11) "10277126657"
  ["email"]=>
  string(29) "MONIQUEEVADEALMEIDA@GMAIL.COM"
  ["placa"]=>
  string(7) "OPQ0102"
  ["unidade"]=>
  array(1) {
    [0]=>
    string(1) "7"
  }
}

[01/08/2024 12:27:39] Verificando a solicitação...
[01/08/2024 12:52:58] Verificando a solicitação...
[01/08/2024 12:52:58] abgsoft-autopark-unimed.php
array(5) {
  ["nome"]=>
  string(39) "André de Carvalho Britto Pereira Diniz"
  ["cpf"]=>
  string(11) "07476100611"
  ["email"]=>
  string(29) "andre.pereira.diniz@gmail.com"
  ["placa"]=>
  string(7) "QNM9633"
  ["unidade"]=>
  array(1) {
    [0]=>
    string(1) "3"
  }
}

[01/08/2024 01:00:23] Verificando a solicitação...
[01/08/2024 02:38:57] Verificando a solicitação...
[01/08/2024 02:49:48] Verificando a solicitação...
[01/08/2024 02:49:48] abgsoft-autopark-unimed.php
array(5) {
  ["nome"]=>
  string(26) "Arthur Corrêa de Azevêdo"
  ["cpf"]=>
  string(14) "277.572.776-04"
  ["email"]=>
  string(22) "arthurazv189@gmail.com"
  ["placa"]=>
  string(7) "QWW7314"
  ["unidade"]=>
  array(1) {
    [0]=>
    string(1) "5"
  }
}

[01/08/2024 03:11:50] Verificando a solicitação...
[01/08/2024 03:11:50] abgsoft-autopark-unimed.php
array(5) {
  ["nome"]=>
  string(29) "IRENE REGGIANI COSTA DE ABREU"
  ["cpf"]=>
  string(11) "45347859687"
  ["email"]=>
  string(25) "irenereggiani03@gmail.com"
  ["placa"]=>
  string(7) "QXO6F72"
  ["unidade"]=>
  array(1) {
    [0]=>
    string(1) "7"
  }
}

[01/08/2024 05:46:26] Verificando a solicitação...
[01/08/2024 05:46:26] abgsoft-autopark-unimed.php
array(5) {
  ["nome"]=>
  string(26) "MARIA DORCILEIA DE ANDRADE"
  ["cpf"]=>
  string(11) "04258696609"
  ["email"]=>
  string(20) "leiaarv@gmail.com.br"
  ["placa"]=>
  string(7) "puu4a80"
  ["unidade"]=>
  array(1) {
    [0]=>
    string(1) "5"
  }
}

[01/08/2024 06:36:41] Verificando a solicitação...
[01/08/2024 06:36:41] abgsoft-autopark-unimed.php
array(5) {
  ["nome"]=>
  string(25) "Noemia Farias dos Santos "
  ["cpf"]=>
  string(15) "224.283.645-53 "
  ["email"]=>
  string(26) "noemia.cont.prof@gmail.com"
  ["placa"]=>
  string(8) "OQI3485 "
  ["unidade"]=>
  array(1) {
    [0]=>
    string(1) "2"
  }
}

[01/08/2024 06:39:58] Verificando a solicitação...
[01/08/2024 06:39:58] abgsoft-autopark-unimed.php
array(5) {
  ["nome"]=>
  string(25) "Esther Caldeira Cruz Lima"
  ["cpf"]=>
  string(11) "06509590603"
  ["email"]=>
  string(27) "esthercaldeiraadv@gmail.com"
  ["placa"]=>
  string(7) "HGI5I72"
  ["unidade"]=>
  array(1) {
    [0]=>
    string(1) "5"
  }
}

[01/08/2024 07:11:19] Verificando a solicitação...
[01/08/2024 07:11:19] abgsoft-autopark-unimed.php
array(5) {
  ["nome"]=>
  string(22) "Ariane Batista Fonseca"
  ["cpf"]=>
  string(14) "082.038.806-81"
  ["email"]=>
  string(27) "ariane.fonseca@yahoo.com.br"
  ["placa"]=>
  string(7) "OQN6D12"
  ["unidade"]=>
  array(1) {
    [0]=>
    string(1) "5"
  }
}

[01/08/2024 07:20:41] Verificando a solicitação...
[01/08/2024 09:01:42] Verificando a solicitação...
[01/08/2024 09:21:10] Verificando a solicitação...
[01/08/2024 10:30:23] Verificando a solicitação...
[01/08/2024 10:30:23] abgsoft-autopark-unimed.php
array(5) {
  ["nome"]=>
  string(32) "Carlos Eduardo de Abreu Pereira "
  ["cpf"]=>
  string(15) "627.135.236-72 "
  ["email"]=>
  string(16) "kdruxo@yahoo.com"
  ["placa"]=>
  string(8) "HLI 1G88"
  ["unidade"]=>
  array(1) {
    [0]=>
    string(1) "5"
  }
}

