[14/04/2024 03:07:03] Verificando a solicitação...
[14/04/2024 03:07:03] abgsoft-autopark-unimed.php
array(5) {
  ["nome"]=>
  string(25) "Samuel Damião dos anjos "
  ["cpf"]=>
  string(14) "078.038.566-75"
  ["email"]=>
  string(27) "samuel.megafort@hotmail.com"
  ["placa"]=>
  string(7) "Hnh8958"
  ["unidade"]=>
  array(1) {
    [0]=>
    string(1) "5"
  }
}

[14/04/2024 03:11:49] Verificando a solicitação...
[14/04/2024 03:11:49] abgsoft-autopark-unimed.php
array(5) {
  ["nome"]=>
  string(18) "eberth seixas rosa"
  ["cpf"]=>
  string(14) "979.094.406-34"
  ["email"]=>
  string(25) "eberthseixas@yahoo.com.br"
  ["placa"]=>
  string(7) "RNY0D11"
  ["unidade"]=>
  array(1) {
    [0]=>
    string(1) "7"
  }
}

[14/04/2024 03:38:51] Verificando a solicitação...
[14/04/2024 03:38:51] abgsoft-autopark-unimed.php
array(5) {
  ["nome"]=>
  string(22) "Caroline Santos Viana "
  ["cpf"]=>
  string(11) "10654769656"
  ["email"]=>
  string(26) "carol.s.vianna80@gmail.com"
  ["placa"]=>
  string(7) "HIC5980"
  ["unidade"]=>
  array(1) {
    [0]=>
    string(1) "7"
  }
}

[14/04/2024 06:26:18] Verificando a solicitação...
[14/04/2024 06:26:18] abgsoft-autopark-unimed.php
array(5) {
  ["nome"]=>
  string(27) "Hudson Eugenio Campos Lima "
  ["cpf"]=>
  string(14) "742.454.736-49"
  ["email"]=>
  string(21) "Hudsoncl1@hotmail.com"
  ["placa"]=>
  string(7) "QPL3032"
  ["unidade"]=>
  array(1) {
    [0]=>
    string(1) "5"
  }
}

[14/04/2024 09:53:46] Verificando a solicitação...
[14/04/2024 09:53:46] abgsoft-autopark-unimed.php
array(5) {
  ["nome"]=>
  string(24) "Simara Serafim Carvalho "
  ["cpf"]=>
  string(15) "080.522.778-41 "
  ["email"]=>
  string(21) "samiar01@yahoo.com.br"
  ["placa"]=>
  string(7) "DQK4390"
  ["unidade"]=>
  array(1) {
    [0]=>
    string(1) "7"
  }
}

[14/04/2024 10:56:11] Verificando a solicitação...
[14/04/2024 11:23:44] Verificando a solicitação...
[14/04/2024 11:23:44] abgsoft-autopark-unimed.php
array(5) {
  ["nome"]=>
  string(24) "Marcus santana da Silva "
  ["cpf"]=>
  string(14) "936.596.526-87"
  ["email"]=>
  string(28) "marcussantana11404@gmail.com"
  ["placa"]=>
  string(7) "Hmj5b00"
  ["unidade"]=>
  array(1) {
    [0]=>
    string(1) "2"
  }
}

