[08/05/2024 12:50:52] Verificando a solicitação...
[08/05/2024 12:50:52] abgsoft-autopark-unimed.php
array(5) {
  ["nome"]=>
  string(24) "RICARDO TEOFILO TEIXEIRA"
  ["cpf"]=>
  string(11) "51800756615"
  ["email"]=>
  string(16) "teotex@gmail.com"
  ["placa"]=>
  string(7) "PZK9661"
  ["unidade"]=>
  array(1) {
    [0]=>
    string(1) "4"
  }
}

[08/05/2024 09:05:31] Verificando a solicitação...
[08/05/2024 10:36:53] Verificando a solicitação...
[08/05/2024 10:36:53] abgsoft-autopark-unimed.php
array(5) {
  ["nome"]=>
  string(25) "Bruno Rosrigo de Oliveira"
  ["cpf"]=>
  string(15) "060.859.716-30 "
  ["email"]=>
  string(33) "brunorodrigooliveira@yahoo.com.br"
  ["placa"]=>
  string(8) "Hdw6452 "
  ["unidade"]=>
  array(1) {
    [0]=>
    string(1) "7"
  }
}

[08/05/2024 11:26:45] Verificando a solicitação...
[08/05/2024 11:26:45] abgsoft-autopark-unimed.php
array(5) {
  ["nome"]=>
  string(34) "Robert Leandro dos Santos Pereira "
  ["cpf"]=>
  string(14) "068.763.126-23"
  ["email"]=>
  string(23) "robert.tuca18@gmail.com"
  ["placa"]=>
  string(7) "HNE7B04"
  ["unidade"]=>
  array(1) {
    [0]=>
    string(1) "7"
  }
}

[08/05/2024 12:37:53] Verificando a solicitação...
[08/05/2024 12:37:53] abgsoft-autopark-unimed.php
array(5) {
  ["nome"]=>
  string(23) "carla aguiar dos santos"
  ["cpf"]=>
  string(14) "045.353.536-46"
  ["email"]=>
  string(32) "cas.assessoriacontabil@gmail.com"
  ["placa"]=>
  string(7) "owm9268"
  ["unidade"]=>
  array(1) {
    [0]=>
    string(1) "5"
  }
}

[08/05/2024 12:38:18] Verificando a solicitação...
[08/05/2024 12:38:18] abgsoft-autopark-unimed.php
array(5) {
  ["nome"]=>
  string(28) "Paulo Roberto das Neves lima"
  ["cpf"]=>
  string(14) "136.461.766-87"
  ["email"]=>
  string(31) "paulorobertoneveslima@gmail.com"
  ["placa"]=>
  string(7) "RUE5B01"
  ["unidade"]=>
  array(1) {
    [0]=>
    string(1) "7"
  }
}

[08/05/2024 12:40:11] Verificando a solicitação...
[08/05/2024 12:40:11] abgsoft-autopark-unimed.php
array(5) {
  ["nome"]=>
  string(27) "Antonio Jose de Assis Silva"
  ["cpf"]=>
  string(11) "05052036698"
  ["email"]=>
  string(17) "lipmax5@gmail.com"
  ["placa"]=>
  string(7) "owm9268"
  ["unidade"]=>
  array(1) {
    [0]=>
    string(1) "5"
  }
}

[08/05/2024 12:55:02] Verificando a solicitação...
[08/05/2024 12:55:02] abgsoft-autopark-unimed.php
array(5) {
  ["nome"]=>
  string(6) "Lorena"
  ["cpf"]=>
  string(11) "13346445607"
  ["email"]=>
  string(25) "lorena-alkmim@hotmail.com"
  ["placa"]=>
  string(7) "Rus1c45"
  ["unidade"]=>
  array(1) {
    [0]=>
    string(1) "7"
  }
}

[08/05/2024 01:13:17] Verificando a solicitação...
[08/05/2024 01:13:17] abgsoft-autopark-unimed.php
array(5) {
  ["nome"]=>
  string(7) "Mônica"
  ["cpf"]=>
  string(11) "48987034615"
  ["email"]=>
  string(25) "monikamiranda@hotmail.com"
  ["placa"]=>
  string(7) "PZP2C59"
  ["unidade"]=>
  array(1) {
    [0]=>
    string(1) "7"
  }
}

[08/05/2024 01:19:42] Verificando a solicitação...
[08/05/2024 01:19:42] abgsoft-autopark-unimed.php
array(5) {
  ["nome"]=>
  string(20) "MARCONI VIEIRA ROCHA"
  ["cpf"]=>
  string(11) "97968447615"
  ["email"]=>
  string(28) "marconivieirarocha@gmail.com"
  ["placa"]=>
  string(7) "HJR5291"
  ["unidade"]=>
  array(1) {
    [0]=>
    string(1) "7"
  }
}

[08/05/2024 01:33:41] Verificando a solicitação...
[08/05/2024 01:33:41] abgsoft-autopark-unimed.php
array(5) {
  ["nome"]=>
  string(27) "Vivia Flávia Pereira Dias "
  ["cpf"]=>
  string(14) "013.673.426-00"
  ["email"]=>
  string(28) "viviaflavia2014@yahoo.com.br"
  ["placa"]=>
  string(8) "HFP 9038"
  ["unidade"]=>
  array(1) {
    [0]=>
    string(1) "7"
  }
}

[08/05/2024 01:35:49] Verificando a solicitação...
[08/05/2024 01:35:49] abgsoft-autopark-unimed.php
array(5) {
  ["nome"]=>
  string(26) "MATHEUS EMANUEL DE QUEIROZ"
  ["cpf"]=>
  string(11) "09464283602"
  ["email"]=>
  string(20) "matheusmeq@gmail.com"
  ["placa"]=>
  string(8) "PWK-3497"
  ["unidade"]=>
  array(1) {
    [0]=>
    string(1) "5"
  }
}

[08/05/2024 01:59:56] Verificando a solicitação...
[08/05/2024 01:59:56] abgsoft-autopark-unimed.php
array(5) {
  ["nome"]=>
  string(26) "Aluisio Celso De Oliveira "
  ["cpf"]=>
  string(15) "245.429.976-34 "
  ["email"]=>
  string(28) "aluisio.deoliveira@yahoo.com"
  ["placa"]=>
  string(8) "PYC-6315"
  ["unidade"]=>
  array(1) {
    [0]=>
    string(1) "5"
  }
}

[08/05/2024 02:23:03] Verificando a solicitação...
[08/05/2024 02:23:03] abgsoft-autopark-unimed.php
array(5) {
  ["nome"]=>
  string(26) "Ricardo Oliveira de Brito "
  ["cpf"]=>
  string(12) "03054207633 "
  ["email"]=>
  string(25) "ricardobritorob@gmail.com"
  ["placa"]=>
  string(8) "SYA9A41 "
  ["unidade"]=>
  array(1) {
    [0]=>
    string(1) "5"
  }
}

[08/05/2024 03:14:36] Verificando a solicitação...
[08/05/2024 03:14:36] abgsoft-autopark-unimed.php
array(5) {
  ["nome"]=>
  string(23) "Jeolmir Dyonisio de Sá"
  ["cpf"]=>
  string(11) "00065023692"
  ["email"]=>
  string(17) "jeodysa@gmail.com"
  ["placa"]=>
  string(7) "GXP6181"
  ["unidade"]=>
  array(1) {
    [0]=>
    string(1) "5"
  }
}

[08/05/2024 03:31:08] Verificando a solicitação...
[08/05/2024 03:31:08] abgsoft-autopark-unimed.php
array(5) {
  ["nome"]=>
  string(17) "NILTON DIAS PAIVA"
  ["cpf"]=>
  string(14) "067.796.856-66"
  ["email"]=>
  string(20) "niltonpadi@gmail.com"
  ["placa"]=>
  string(7) "Hga6303"
  ["unidade"]=>
  array(1) {
    [0]=>
    string(1) "5"
  }
}

[08/05/2024 04:55:59] Verificando a solicitação...
[08/05/2024 04:55:59] abgsoft-autopark-unimed.php
array(5) {
  ["nome"]=>
  string(27) "Gilson de Almeida Oliveira "
  ["cpf"]=>
  string(15) "122.108.356-23 "
  ["email"]=>
  string(20) "Gilsonao12@gmail.com"
  ["placa"]=>
  string(7) "Puc1593"
  ["unidade"]=>
  array(1) {
    [0]=>
    string(1) "7"
  }
}

[08/05/2024 05:04:24] Verificando a solicitação...
[08/05/2024 05:04:24] abgsoft-autopark-unimed.php
array(5) {
  ["nome"]=>
  string(10) "Maria lima"
  ["cpf"]=>
  string(11) "80861830687"
  ["email"]=>
  string(36) "mariabernadeteoliveiralima@gmail.com"
  ["placa"]=>
  string(7) "RUE5B01"
  ["unidade"]=>
  array(1) {
    [0]=>
    string(1) "7"
  }
}

[08/05/2024 05:07:55] Verificando a solicitação...
[08/05/2024 05:53:56] Verificando a solicitação...
[08/05/2024 05:53:56] abgsoft-autopark-unimed.php
array(5) {
  ["nome"]=>
  string(14) "Shirlene Viana"
  ["cpf"]=>
  string(14) "001.564.926-10"
  ["email"]=>
  string(23) "shirlenevlima@gmail.com"
  ["placa"]=>
  string(7) "QOE1305"
  ["unidade"]=>
  array(1) {
    [0]=>
    string(1) "5"
  }
}

[08/05/2024 06:24:58] Verificando a solicitação...
[08/05/2024 06:55:17] Verificando a solicitação...
[08/05/2024 06:55:17] abgsoft-autopark-unimed.php
array(5) {
  ["nome"]=>
  string(33) "Carlos Henrique Verneque Guerson "
  ["cpf"]=>
  string(15) "891.393.726-34 "
  ["email"]=>
  string(19) "jguerson@uol.com.br"
  ["placa"]=>
  string(8) "RFI6J96 "
  ["unidade"]=>
  array(1) {
    [0]=>
    string(1) "5"
  }
}

[08/05/2024 06:58:05] Verificando a solicitação...
[08/05/2024 07:08:28] Verificando a solicitação...
[08/05/2024 07:08:28] abgsoft-autopark-unimed.php
array(5) {
  ["nome"]=>
  string(30) "Pedro Henrique Junio ferreira "
  ["cpf"]=>
  string(11) "10189974664"
  ["email"]=>
  string(22) "p_h_junio@yahoo.com.br"
  ["placa"]=>
  string(7) "Pyw0669"
  ["unidade"]=>
  array(1) {
    [0]=>
    string(1) "5"
  }
}

[08/05/2024 07:23:31] Verificando a solicitação...
[08/05/2024 07:23:31] abgsoft-autopark-unimed.php
array(5) {
  ["nome"]=>
  string(30) "Teresa Cristina Batista Soares"
  ["cpf"]=>
  string(11) "69817880630"
  ["email"]=>
  string(26) "tcriatina.soares@gmail.com"
  ["placa"]=>
  string(7) "QPS3943"
  ["unidade"]=>
  array(1) {
    [0]=>
    string(1) "5"
  }
}

[08/05/2024 07:24:09] Verificando a solicitação...
[08/05/2024 07:24:09] abgsoft-autopark-unimed.php
array(5) {
  ["nome"]=>
  string(34) "Tiago Felipe Silva Cota de Macedo "
  ["cpf"]=>
  string(15) "093.223.646-45 "
  ["email"]=>
  string(24) "tiagomacedo100@gmail.com"
  ["placa"]=>
  string(7) "NXZ0931"
  ["unidade"]=>
  array(1) {
    [0]=>
    string(1) "7"
  }
}

[08/05/2024 07:30:53] Verificando a solicitação...
[08/05/2024 08:51:49] Verificando a solicitação...
[08/05/2024 08:51:49] abgsoft-autopark-unimed.php
array(5) {
  ["nome"]=>
  string(24) "Stefanny Burger F Santos"
  ["cpf"]=>
  string(11) "12478752611"
  ["email"]=>
  string(24) "stefannyburger@gmail.com"
  ["placa"]=>
  string(7) "OPE3441"
  ["unidade"]=>
  array(1) {
    [0]=>
    string(1) "7"
  }
}

[08/05/2024 09:02:44] Verificando a solicitação...
[08/05/2024 09:02:44] abgsoft-autopark-unimed.php
array(5) {
  ["nome"]=>
  string(29) "ALYSON NOGUEIRA DA COSTA MOTA"
  ["cpf"]=>
  string(11) "03141909610"
  ["email"]=>
  string(27) "alyson.nogueira@hotmail.com"
  ["placa"]=>
  string(8) "QXQ-6G55"
  ["unidade"]=>
  array(1) {
    [0]=>
    string(1) "2"
  }
}

[08/05/2024 11:55:52] Verificando a solicitação...
[08/05/2024 11:55:52] abgsoft-autopark-unimed.php
array(5) {
  ["nome"]=>
  string(19) "Angie Neves França"
  ["cpf"]=>
  string(14) "042.667.586-00"
  ["email"]=>
  string(20) "anevesf@yahoo.com.br"
  ["placa"]=>
  string(7) "PUO9154"
  ["unidade"]=>
  array(1) {
    [0]=>
    string(1) "5"
  }
}

