[02/08/2024 03:10:38] Verificando a solicitação...
[02/08/2024 03:10:38] abgsoft-autopark-unimed.php
array(5) {
  ["nome"]=>
  string(16) "Felipe Romualdo "
  ["cpf"]=>
  string(11) "10471885622"
  ["email"]=>
  string(28) "feliperomualdo13@hotmail.com"
  ["placa"]=>
  string(7) "Mon0351"
  ["unidade"]=>
  array(1) {
    [0]=>
    string(1) "6"
  }
}

[02/08/2024 07:28:07] Verificando a solicitação...
[02/08/2024 07:35:07] Verificando a solicitação...
[02/08/2024 08:52:17] Verificando a solicitação...
[02/08/2024 08:52:17] abgsoft-autopark-unimed.php
array(5) {
  ["nome"]=>
  string(29) "Elma Bento de Santana Santos "
  ["cpf"]=>
  string(14) "036.415.066-11"
  ["email"]=>
  string(21) "Elmabento54@gmail.com"
  ["placa"]=>
  string(7) "RNS0I33"
  ["unidade"]=>
  array(1) {
    [0]=>
    string(1) "5"
  }
}

[02/08/2024 09:31:27] Verificando a solicitação...
[02/08/2024 09:31:27] abgsoft-autopark-unimed.php
array(5) {
  ["nome"]=>
  string(26) "Heleno de Freitas Alberto "
  ["cpf"]=>
  string(11) "04714140698"
  ["email"]=>
  string(25) "helenoalberto@hotmail.com"
  ["placa"]=>
  string(8) "HLo 8538"
  ["unidade"]=>
  array(1) {
    [0]=>
    string(1) "5"
  }
}

[02/08/2024 10:43:00] Verificando a solicitação...
[02/08/2024 10:43:00] abgsoft-autopark-unimed.php
array(5) {
  ["nome"]=>
  string(27) "Marcio Tenório de oliveira"
  ["cpf"]=>
  string(14) "072.465.626-05"
  ["email"]=>
  string(20) "marcioteno@gmail.com"
  ["placa"]=>
  string(7) "Qoe5913"
  ["unidade"]=>
  array(1) {
    [0]=>
    string(1) "5"
  }
}

[02/08/2024 11:10:40] Verificando a solicitação...
[02/08/2024 11:10:40] abgsoft-autopark-unimed.php
array(5) {
  ["nome"]=>
  string(24) "RAMONIELE DE JESUS ALVES"
  ["cpf"]=>
  string(14) "092.127.806-36"
  ["email"]=>
  string(27) "ramonielealves@yahoo.com.br"
  ["placa"]=>
  string(7) "Pwx3e22"
  ["unidade"]=>
  array(1) {
    [0]=>
    string(1) "7"
  }
}

[02/08/2024 11:49:57] Verificando a solicitação...
[02/08/2024 11:49:57] abgsoft-autopark-unimed.php
array(5) {
  ["nome"]=>
  string(20) "CARLOS ANTONIO GOMES"
  ["cpf"]=>
  string(14) "098.133.656-68"
  ["email"]=>
  string(21) "cgomesbhz@hotmail.com"
  ["placa"]=>
  string(7) "HFL2212"
  ["unidade"]=>
  array(1) {
    [0]=>
    string(1) "7"
  }
}

[02/08/2024 01:15:27] Verificando a solicitação...
[02/08/2024 01:15:27] abgsoft-autopark-unimed.php
array(5) {
  ["nome"]=>
  string(24) "Carolina Miranda Tecchio"
  ["cpf"]=>
  string(11) "07928385643"
  ["email"]=>
  string(28) "carolina.miranda11@gmail.com"
  ["placa"]=>
  string(7) "OMB9C04"
  ["unidade"]=>
  array(1) {
    [0]=>
    string(1) "5"
  }
}

[02/08/2024 01:40:22] Verificando a solicitação...
[02/08/2024 01:44:10] Verificando a solicitação...
[02/08/2024 01:44:10] abgsoft-autopark-unimed.php
array(5) {
  ["nome"]=>
  string(34) "Gislaine de Oliveira Paula Martins"
  ["cpf"]=>
  string(11) "08009116602"
  ["email"]=>
  string(25) "gislainepaula23@gmail.com"
  ["placa"]=>
  string(7) "kvo4307"
  ["unidade"]=>
  array(1) {
    [0]=>
    string(1) "2"
  }
}

[02/08/2024 02:18:14] Verificando a solicitação...
[02/08/2024 02:18:14] abgsoft-autopark-unimed.php
array(5) {
  ["nome"]=>
  string(20) "JOÃO VICENTE LUCATO"
  ["cpf"]=>
  string(11) "00718718100"
  ["email"]=>
  string(18) "LUCATOBH@GMAIL.COM"
  ["placa"]=>
  string(8) "PWR 1251"
  ["unidade"]=>
  array(1) {
    [0]=>
    string(1) "5"
  }
}

[02/08/2024 02:36:33] Verificando a solicitação...
[02/08/2024 02:36:33] abgsoft-autopark-unimed.php
array(5) {
  ["nome"]=>
  string(21) "João Batista Ribeiro"
  ["cpf"]=>
  string(11) "26439425668"
  ["email"]=>
  string(23) "jbr.machadobh@gmail.com"
  ["placa"]=>
  string(7) "QNX1841"
  ["unidade"]=>
  array(1) {
    [0]=>
    string(1) "5"
  }
}

[02/08/2024 02:37:32] Verificando a solicitação...
[02/08/2024 02:57:25] Verificando a solicitação...
[02/08/2024 03:04:55] Verificando a solicitação...
[02/08/2024 03:04:55] abgsoft-autopark-unimed.php
array(5) {
  ["nome"]=>
  string(18) "ANGIE NEVES FRANCA"
  ["cpf"]=>
  string(14) "042.667.586-00"
  ["email"]=>
  string(20) "anevesf@yahoo.com.br"
  ["placa"]=>
  string(8) "PUO9154 "
  ["unidade"]=>
  array(1) {
    [0]=>
    string(1) "5"
  }
}

[02/08/2024 03:07:12] Verificando a solicitação...
[02/08/2024 03:07:12] abgsoft-autopark-unimed.php
array(5) {
  ["nome"]=>
  string(24) "RAMONIELE DE JESUS ALVES"
  ["cpf"]=>
  string(14) "092.127.806-36"
  ["email"]=>
  string(27) "ramonielealves@yahoo.com.br"
  ["placa"]=>
  string(7) "Pwx3e22"
  ["unidade"]=>
  array(1) {
    [0]=>
    string(1) "5"
  }
}

[02/08/2024 03:14:40] Verificando a solicitação...
[02/08/2024 03:58:16] Verificando a solicitação...
[02/08/2024 03:58:16] abgsoft-autopark-unimed.php
array(5) {
  ["nome"]=>
  string(22) "Rafael Henrique Silva "
  ["cpf"]=>
  string(15) "062.317.396-43 "
  ["email"]=>
  string(19) "biologicas@live.com"
  ["placa"]=>
  string(7) "PUB2334"
  ["unidade"]=>
  array(1) {
    [0]=>
    string(1) "2"
  }
}

[02/08/2024 05:11:08] Verificando a solicitação...
[02/08/2024 07:01:08] Verificando a solicitação...
[02/08/2024 07:01:08] abgsoft-autopark-unimed.php
array(5) {
  ["nome"]=>
  string(25) "Nathaly Oliveira Carvalho"
  ["cpf"]=>
  string(14) "095.262.396-01"
  ["email"]=>
  string(28) "nathalyoliveira220@gmail.com"
  ["placa"]=>
  string(7) "GOL9807"
  ["unidade"]=>
  array(1) {
    [0]=>
    string(1) "5"
  }
}

[02/08/2024 08:39:07] Verificando a solicitação...
[02/08/2024 08:39:07] abgsoft-autopark-unimed.php
array(5) {
  ["nome"]=>
  string(21) "Renê ribeiro Soares "
  ["cpf"]=>
  string(11) "43743463687"
  ["email"]=>
  string(23) "ralado2008@yahoo.com.br"
  ["placa"]=>
  string(7) "Mvk7710"
  ["unidade"]=>
  array(1) {
    [0]=>
    string(1) "7"
  }
}

[02/08/2024 08:42:46] Verificando a solicitação...
[02/08/2024 08:42:46] abgsoft-autopark-unimed.php
array(5) {
  ["nome"]=>
  string(23) "Mônica Távora Soares "
  ["cpf"]=>
  string(11) "02614594733"
  ["email"]=>
  string(23) "quinharene@yahoo.com.br"
  ["placa"]=>
  string(7) "Osn6877"
  ["unidade"]=>
  array(1) {
    [0]=>
    string(1) "7"
  }
}

[02/08/2024 08:53:22] Verificando a solicitação...
[02/08/2024 08:53:22] abgsoft-autopark-unimed.php
array(5) {
  ["nome"]=>
  string(15) "OLISSEA N LEITE"
  ["cpf"]=>
  string(14) "327.510.286-91"
  ["email"]=>
  string(26) "glaucia.supermax@gmail.com"
  ["placa"]=>
  string(7) "oqf3557"
  ["unidade"]=>
  array(1) {
    [0]=>
    string(1) "5"
  }
}

[02/08/2024 08:58:43] Verificando a solicitação...
[02/08/2024 11:01:09] Verificando a solicitação...
