[30/10/2024 08:38:08] Verificando a solicitação...
[30/10/2024 09:44:30] Verificando a solicitação...
[30/10/2024 10:14:17] Verificando a solicitação...
[30/10/2024 10:14:17] abgsoft-autopark-unimed.php
array(5) {
  ["nome"]=>
  string(15) "Tatiane G Ramos"
  ["cpf"]=>
  string(14) "067.236.656-86"
  ["email"]=>
  string(21) "tatigramos3@gmail.com"
  ["placa"]=>
  string(7) "Pvf6361"
  ["unidade"]=>
  array(1) {
    [0]=>
    string(1) "2"
  }
}

[30/10/2024 10:15:57] Verificando a solicitação...
[30/10/2024 10:15:57] abgsoft-autopark-unimed.php
array(5) {
  ["nome"]=>
  string(28) "GUILHERME RODRIGUES EVARISTO"
  ["cpf"]=>
  string(11) "01668272660"
  ["email"]=>
  string(24) "guilherme2.1@hotmail.com"
  ["placa"]=>
  string(7) "QOO4290"
  ["unidade"]=>
  array(1) {
    [0]=>
    string(1) "7"
  }
}

[30/10/2024 10:28:20] Verificando a solicitação...
[30/10/2024 10:28:20] abgsoft-autopark-unimed.php
array(5) {
  ["nome"]=>
  string(25) "Joceli de Oliveira Silva "
  ["cpf"]=>
  string(14) "508.921.007-10"
  ["email"]=>
  string(25) "jocelisilva1955@gmail.com"
  ["placa"]=>
  string(7) "HER1J77"
  ["unidade"]=>
  array(1) {
    [0]=>
    string(1) "5"
  }
}

[30/10/2024 11:17:27] Verificando a solicitação...
[30/10/2024 11:17:27] abgsoft-autopark-unimed.php
array(5) {
  ["nome"]=>
  string(20) "Luiz Américo schuab"
  ["cpf"]=>
  string(11) "16394593672"
  ["email"]=>
  string(18) "laschuab@gmail.com"
  ["placa"]=>
  string(7) "Hkc3038"
  ["unidade"]=>
  array(1) {
    [0]=>
    string(1) "7"
  }
}

[30/10/2024 11:22:43] Verificando a solicitação...
[30/10/2024 11:22:43] abgsoft-autopark-unimed.php
array(5) {
  ["nome"]=>
  string(34) "Durcilene Aparecida Martins Schuab"
  ["cpf"]=>
  string(11) "24166294687"
  ["email"]=>
  string(20) "dulceggf@hotmail.com"
  ["placa"]=>
  string(7) "Hkc3038"
  ["unidade"]=>
  array(1) {
    [0]=>
    string(1) "7"
  }
}

[30/10/2024 11:36:11] Verificando a solicitação...
[30/10/2024 11:36:11] abgsoft-autopark-unimed.php
array(5) {
  ["nome"]=>
  string(20) "Yago Antônio marcal"
  ["cpf"]=>
  string(11) "08817036641"
  ["email"]=>
  string(23) "yagomarcal@yahoo.com.br"
  ["placa"]=>
  string(7) "HGV7D80"
  ["unidade"]=>
  array(1) {
    [0]=>
    string(1) "4"
  }
}

[30/10/2024 01:13:10] Verificando a solicitação...
[30/10/2024 01:13:10] abgsoft-autopark-unimed.php
array(5) {
  ["nome"]=>
  string(13) "Monique Ayres"
  ["cpf"]=>
  string(11) "03160318605"
  ["email"]=>
  string(23) "ayres.monique@gmail.com"
  ["placa"]=>
  string(7) "HDN6352"
  ["unidade"]=>
  array(1) {
    [0]=>
    string(1) "5"
  }
}

[30/10/2024 01:23:22] Verificando a solicitação...
[30/10/2024 01:23:22] abgsoft-autopark-unimed.php
array(5) {
  ["nome"]=>
  string(25) "LUCINEIA DAS GRACAS ROCHA"
  ["cpf"]=>
  string(11) "02973467683"
  ["email"]=>
  string(24) "LUCINEIAROCH@HOTMAIL.COM"
  ["placa"]=>
  string(7) "pwk8f36"
  ["unidade"]=>
  array(1) {
    [0]=>
    string(1) "2"
  }
}

[30/10/2024 01:27:08] Verificando a solicitação...
[30/10/2024 01:27:08] abgsoft-autopark-unimed.php
array(5) {
  ["nome"]=>
  string(20) "Lilian D’ornellas "
  ["cpf"]=>
  string(11) "01269355643"
  ["email"]=>
  string(25) "liliandornellas@gmail.com"
  ["placa"]=>
  string(7) "QWX5H29"
  ["unidade"]=>
  array(1) {
    [0]=>
    string(1) "7"
  }
}

[30/10/2024 01:30:37] Verificando a solicitação...
[30/10/2024 01:30:37] abgsoft-autopark-unimed.php
array(5) {
  ["nome"]=>
  string(20) "Lilian D’ornellas "
  ["cpf"]=>
  string(11) "01269355643"
  ["email"]=>
  string(25) "liliandornellas@gmail.com"
  ["placa"]=>
  string(7) "QWX5H29"
  ["unidade"]=>
  array(1) {
    [0]=>
    string(1) "7"
  }
}

[30/10/2024 01:32:18] Verificando a solicitação...
[30/10/2024 01:32:18] abgsoft-autopark-unimed.php
array(5) {
  ["nome"]=>
  string(13) "debora pedron"
  ["cpf"]=>
  string(11) "01271710617"
  ["email"]=>
  string(25) "dequinaudpedron@gmail.com"
  ["placa"]=>
  string(7) "FGE1151"
  ["unidade"]=>
  array(1) {
    [0]=>
    string(1) "5"
  }
}

[30/10/2024 01:41:46] Verificando a solicitação...
[30/10/2024 01:41:46] abgsoft-autopark-unimed.php
array(5) {
  ["nome"]=>
  string(27) "Rochane Nayara Soares Lopes"
  ["cpf"]=>
  string(11) "10635590654"
  ["email"]=>
  string(23) "rochanenayara@gmail.com"
  ["placa"]=>
  string(7) "Gzb4892"
  ["unidade"]=>
  array(1) {
    [0]=>
    string(1) "7"
  }
}

[30/10/2024 02:03:37] Verificando a solicitação...
[30/10/2024 02:03:37] abgsoft-autopark-unimed.php
array(5) {
  ["nome"]=>
  string(35) "VANESSA DE OLIVEIRA COUTINHO DUARTE"
  ["cpf"]=>
  string(14) "115.620.736-30"
  ["email"]=>
  string(26) "vanessacoutinho9@gmail.com"
  ["placa"]=>
  string(7) "QXD1400"
  ["unidade"]=>
  array(1) {
    [0]=>
    string(1) "5"
  }
}

[30/10/2024 02:25:31] Verificando a solicitação...
[30/10/2024 02:25:31] abgsoft-autopark-unimed.php
array(5) {
  ["nome"]=>
  string(24) "Rejane Moreto Herculano "
  ["cpf"]=>
  string(15) "799.700.957-49 "
  ["email"]=>
  string(23) "rejane.moreto@gmail.com"
  ["placa"]=>
  string(8) "SGJ8C95 "
  ["unidade"]=>
  array(1) {
    [0]=>
    string(1) "5"
  }
}

[30/10/2024 02:42:46] Verificando a solicitação...
[30/10/2024 02:42:46] abgsoft-autopark-unimed.php
array(5) {
  ["nome"]=>
  string(24) "Carolina Miranda Tecchio"
  ["cpf"]=>
  string(14) "079.283.856-43"
  ["email"]=>
  string(28) "carolina.miranda11@gmail.com"
  ["placa"]=>
  string(7) "OMB9C04"
  ["unidade"]=>
  array(1) {
    [0]=>
    string(1) "5"
  }
}

[30/10/2024 02:43:12] Verificando a solicitação...
[30/10/2024 02:43:12] abgsoft-autopark-unimed.php
array(5) {
  ["nome"]=>
  string(24) "Carolina Miranda Tecchio"
  ["cpf"]=>
  string(14) "079.283.856-43"
  ["email"]=>
  string(28) "carolina.miranda11@gmail.com"
  ["placa"]=>
  string(7) "OMB9C04"
  ["unidade"]=>
  array(1) {
    [0]=>
    string(1) "4"
  }
}

[30/10/2024 03:28:49] Verificando a solicitação...
[30/10/2024 03:28:49] abgsoft-autopark-unimed.php
array(5) {
  ["nome"]=>
  string(18) "Karolina rodrigues"
  ["cpf"]=>
  string(11) "11123041695"
  ["email"]=>
  string(29) "karol.rodrigues01@hotmail.com"
  ["placa"]=>
  string(7) "PWE0G98"
  ["unidade"]=>
  array(1) {
    [0]=>
    string(1) "7"
  }
}

[30/10/2024 04:03:18] Verificando a solicitação...
[30/10/2024 04:03:18] abgsoft-autopark-unimed.php
array(5) {
  ["nome"]=>
  string(27) "Ana Carolina Martins Otoni "
  ["cpf"]=>
  string(15) "041.295.486-97 "
  ["email"]=>
  string(26) "anacarolina_bh@hotmail.com"
  ["placa"]=>
  string(7) "QPZ2C18"
  ["unidade"]=>
  array(1) {
    [0]=>
    string(1) "5"
  }
}

[30/10/2024 04:10:12] Verificando a solicitação...
[30/10/2024 04:38:06] Verificando a solicitação...
[30/10/2024 04:38:06] abgsoft-autopark-unimed.php
array(5) {
  ["nome"]=>
  string(28) "EDILENE FERNANDES DE ALMEIDA"
  ["cpf"]=>
  string(14) "937.096.416-91"
  ["email"]=>
  string(22) "edileneferal@gmail.com"
  ["placa"]=>
  string(7) "Hng4782"
  ["unidade"]=>
  array(1) {
    [0]=>
    string(1) "1"
  }
}

[30/10/2024 05:28:05] Verificando a solicitação...
[30/10/2024 05:28:05] abgsoft-autopark-unimed.php
array(5) {
  ["nome"]=>
  string(16) "Moema David Lima"
  ["cpf"]=>
  string(14) "049.609.036-43"
  ["email"]=>
  string(25) "contato@moemadavid.com.br"
  ["placa"]=>
  string(7) "PUR7754"
  ["unidade"]=>
  array(1) {
    [0]=>
    string(1) "5"
  }
}

[30/10/2024 05:30:29] Verificando a solicitação...
[30/10/2024 05:30:29] abgsoft-autopark-unimed.php
array(5) {
  ["nome"]=>
  string(15) "Tatiane G Ramos"
  ["cpf"]=>
  string(14) "067.236.656-86"
  ["email"]=>
  string(21) "tatigramos3@gmail.com"
  ["placa"]=>
  string(7) "Pvf6361"
  ["unidade"]=>
  array(1) {
    [0]=>
    string(1) "2"
  }
}

[30/10/2024 05:45:40] Verificando a solicitação...
[30/10/2024 05:45:40] abgsoft-autopark-unimed.php
array(5) {
  ["nome"]=>
  string(23) "Tamires da Silva Guedes"
  ["cpf"]=>
  string(14) "107.287.336-25"
  ["email"]=>
  string(26) "guedes.tamires@hotmail.com"
  ["placa"]=>
  string(7) "Pyn7176"
  ["unidade"]=>
  array(1) {
    [0]=>
    string(1) "7"
  }
}

[30/10/2024 05:50:42] Verificando a solicitação...
[30/10/2024 05:50:42] abgsoft-autopark-unimed.php
array(5) {
  ["nome"]=>
  string(17) "NILTON DIAS PAIVA"
  ["cpf"]=>
  string(14) "067.796.856-66"
  ["email"]=>
  string(20) "niltonpadi@gmail.com"
  ["placa"]=>
  string(8) "Dvs-1j18"
  ["unidade"]=>
  array(1) {
    [0]=>
    string(1) "5"
  }
}

[30/10/2024 06:31:50] Verificando a solicitação...
[30/10/2024 06:31:50] abgsoft-autopark-unimed.php
array(5) {
  ["nome"]=>
  string(29) "Marcos Vinicius Caio Corrêa "
  ["cpf"]=>
  string(14) "120.469.746-97"
  ["email"]=>
  string(25) "palomakalveso@outlook.com"
  ["placa"]=>
  string(7) "SII6B56"
  ["unidade"]=>
  array(1) {
    [0]=>
    string(1) "5"
  }
}

[30/10/2024 07:17:51] Verificando a solicitação...
[30/10/2024 07:17:51] abgsoft-autopark-unimed.php
array(5) {
  ["nome"]=>
  string(27) "Juliquele Ribeiro da Rocha "
  ["cpf"]=>
  string(11) "11101104643"
  ["email"]=>
  string(21) "juliquele92@gmail.com"
  ["placa"]=>
  string(7) "NYD9390"
  ["unidade"]=>
  array(1) {
    [0]=>
    string(1) "1"
  }
}

[30/10/2024 07:24:39] Verificando a solicitação...
[30/10/2024 07:24:39] abgsoft-autopark-unimed.php
array(5) {
  ["nome"]=>
  string(17) "Cristiane Araújo"
  ["cpf"]=>
  string(14) "099.441.126-07"
  ["email"]=>
  string(23) "crisaraujomat@gmail.com"
  ["placa"]=>
  string(7) "QQV0008"
  ["unidade"]=>
  array(1) {
    [0]=>
    string(1) "5"
  }
}

[30/10/2024 07:33:22] Verificando a solicitação...
[30/10/2024 07:33:22] abgsoft-autopark-unimed.php
array(5) {
  ["nome"]=>
  string(15) "Danilo Zanella "
  ["cpf"]=>
  string(11) "54125847991"
  ["email"]=>
  string(23) "adrianamz01@hotmail.com"
  ["placa"]=>
  string(7) "Rto2b35"
  ["unidade"]=>
  array(1) {
    [0]=>
    string(1) "5"
  }
}

[30/10/2024 08:36:46] Verificando a solicitação...
[30/10/2024 08:36:46] abgsoft-autopark-unimed.php
array(5) {
  ["nome"]=>
  string(17) "NILTON DIAS PAIVA"
  ["cpf"]=>
  string(11) "06779685666"
  ["email"]=>
  string(20) "niltonpadi@gmail.com"
  ["placa"]=>
  string(8) "Dvs-1j18"
  ["unidade"]=>
  array(1) {
    [0]=>
    string(1) "5"
  }
}

[30/10/2024 08:53:47] Verificando a solicitação...
[30/10/2024 09:02:59] Verificando a solicitação...
[30/10/2024 09:02:59] abgsoft-autopark-unimed.php
array(5) {
  ["nome"]=>
  string(30) "EDNA DOS SANTOS ALMEIDA MENDES"
  ["cpf"]=>
  string(14) "044.209.566-07"
  ["email"]=>
  string(25) "ednaalmeidax@yahoo.com.br"
  ["placa"]=>
  string(7) "RVY1F76"
  ["unidade"]=>
  array(1) {
    [0]=>
    string(1) "7"
  }
}

[30/10/2024 09:29:09] Verificando a solicitação...
[30/10/2024 09:56:45] Verificando a solicitação...
[30/10/2024 09:56:45] abgsoft-autopark-unimed.php
array(5) {
  ["nome"]=>
  string(27) "SONIA MARIA DA SILVA VIEIRA"
  ["cpf"]=>
  string(11) "94113955700"
  ["email"]=>
  string(24) "vieira.braulio@gmail.com"
  ["placa"]=>
  string(7) "Krs4399"
  ["unidade"]=>
  array(1) {
    [0]=>
    string(1) "7"
  }
}

[30/10/2024 10:10:09] Verificando a solicitação...
[30/10/2024 10:10:09] abgsoft-autopark-unimed.php
array(5) {
  ["nome"]=>
  string(20) "Kenya Bambirra Elias"
  ["cpf"]=>
  string(14) "591.918.136-20"
  ["email"]=>
  string(23) "kenyabambirra@gmail.com"
  ["placa"]=>
  string(7) "QNQ0F42"
  ["unidade"]=>
  array(1) {
    [0]=>
    string(1) "5"
  }
}

[30/10/2024 10:51:40] Verificando a solicitação...
[30/10/2024 10:51:40] abgsoft-autopark-unimed.php
array(5) {
  ["nome"]=>
  string(29) "Charles Rodrigues dos Santos "
  ["cpf"]=>
  string(14) "933.291.486-91"
  ["email"]=>
  string(27) "charlesrsantos@yahoo.com.br"
  ["placa"]=>
  string(8) "GUN 2133"
  ["unidade"]=>
  array(1) {
    [0]=>
    string(1) "7"
  }
}

[30/10/2024 11:01:39] Verificando a solicitação...
[30/10/2024 11:01:39] abgsoft-autopark-unimed.php
array(5) {
  ["nome"]=>
  string(36) "Reginaldo Francisco Ribeiro Resende "
  ["cpf"]=>
  string(11) "98121111668"
  ["email"]=>
  string(29) "resende.reginaldo@outlook.com"
  ["placa"]=>
  string(8) "QOZ0C11 "
  ["unidade"]=>
  array(1) {
    [0]=>
    string(1) "4"
  }
}

[30/10/2024 11:50:23] Verificando a solicitação...
[30/10/2024 11:50:23] abgsoft-autopark-unimed.php
array(5) {
  ["nome"]=>
  string(29) "Rosana Beatriz Ribeiro Costa "
  ["cpf"]=>
  string(15) "792.745.366-15 "
  ["email"]=>
  string(23) "rosanadespa@hotmail.com"
  ["placa"]=>
  string(7) "GXC0I31"
  ["unidade"]=>
  array(1) {
    [0]=>
    string(1) "5"
  }
}

