[30/03/2024 02:32:47] Verificando a solicitação...
[30/03/2024 02:32:47] abgsoft-autopark-unimed.php
array(5) {
  ["nome"]=>
  string(35) "Meirilene Das Dores Soares da Silva"
  ["cpf"]=>
  string(14) "103.995.596-71"
  ["email"]=>
  string(25) "meirilene.silva@gmail.com"
  ["placa"]=>
  string(7) "GZT7492"
  ["unidade"]=>
  array(1) {
    [0]=>
    string(1) "3"
  }
}

[30/03/2024 03:10:28] Verificando a solicitação...
[30/03/2024 10:27:54] Verificando a solicitação...
[30/03/2024 01:18:07] Verificando a solicitação...
[30/03/2024 01:18:07] abgsoft-autopark-unimed.php
array(5) {
  ["nome"]=>
  string(15) "Dayanne Soares "
  ["cpf"]=>
  string(15) "091.976.256-55 "
  ["email"]=>
  string(26) "dayanne200811@yahoo.com.br"
  ["placa"]=>
  string(8) "PWX9B54 "
  ["unidade"]=>
  array(1) {
    [0]=>
    string(1) "5"
  }
}

[30/03/2024 01:18:20] Verificando a solicitação...
[30/03/2024 01:18:20] abgsoft-autopark-unimed.php
array(5) {
  ["nome"]=>
  string(15) "Dayanne Soares "
  ["cpf"]=>
  string(15) "091.976.256-55 "
  ["email"]=>
  string(26) "dayanne200811@yahoo.com.br"
  ["placa"]=>
  string(8) "PWX9B54 "
  ["unidade"]=>
  array(1) {
    [0]=>
    string(1) "5"
  }
}

[30/03/2024 01:56:36] Verificando a solicitação...
[30/03/2024 01:56:36] abgsoft-autopark-unimed.php
array(5) {
  ["nome"]=>
  string(30) "Renato Ferreira Nunes Júnior "
  ["cpf"]=>
  string(14) "075.491.506-99"
  ["email"]=>
  string(23) "fiuzafiuza.rf@gmail.com"
  ["placa"]=>
  string(7) "Sho6i38"
  ["unidade"]=>
  array(1) {
    [0]=>
    string(1) "5"
  }
}

[30/03/2024 02:03:51] Verificando a solicitação...
[30/03/2024 02:03:51] abgsoft-autopark-unimed.php
array(5) {
  ["nome"]=>
  string(31) "Flavia Ferreira Rodrigues Costa"
  ["cpf"]=>
  string(14) "065.584.906-84"
  ["email"]=>
  string(24) "flaviafrau11@hotmail.com"
  ["placa"]=>
  string(7) "AQA6985"
  ["unidade"]=>
  array(1) {
    [0]=>
    string(1) "5"
  }
}

[30/03/2024 03:33:20] Verificando a solicitação...
[30/03/2024 04:21:04] Verificando a solicitação...
[30/03/2024 04:21:04] abgsoft-autopark-unimed.php
array(5) {
  ["nome"]=>
  string(23) "Antonio Fernandes Brito"
  ["cpf"]=>
  string(11) "21854530682"
  ["email"]=>
  string(25) "antoniofbrito@outlook.com"
  ["placa"]=>
  string(7) "HEA3361"
  ["unidade"]=>
  array(1) {
    [0]=>
    string(1) "7"
  }
}

[30/03/2024 08:13:21] Verificando a solicitação...
[30/03/2024 08:13:21] abgsoft-autopark-unimed.php
array(5) {
  ["nome"]=>
  string(29) "RAQUEL LILIAN LEANDRO ANDRADE"
  ["cpf"]=>
  string(11) "06418362608"
  ["email"]=>
  string(18) "quelbh83@gmail.com"
  ["placa"]=>
  string(8) "PUW 4917"
  ["unidade"]=>
  array(1) {
    [0]=>
    string(1) "5"
  }
}

[30/03/2024 09:10:34] Verificando a solicitação...
[30/03/2024 09:10:38] Verificando a solicitação...
