[01/10/2024 12:50:20] Verificando a solicitação...
[01/10/2024 12:50:20] abgsoft-autopark-unimed.php
array(5) {
  ["nome"]=>
  string(17) "Matheus Alexander"
  ["cpf"]=>
  string(11) "12550569679"
  ["email"]=>
  string(25) "rapha.crist12@hotmail.com"
  ["placa"]=>
  string(7) "Hcg9i33"
  ["unidade"]=>
  array(1) {
    [0]=>
    string(1) "7"
  }
}

[01/10/2024 12:59:11] Verificando a solicitação...
[01/10/2024 12:59:11] abgsoft-autopark-unimed.php
array(5) {
  ["nome"]=>
  string(12) "Mario sergio"
  ["cpf"]=>
  string(14) "971.434.136-15"
  ["email"]=>
  string(25) "mariosergios@yahoo.com.br"
  ["placa"]=>
  string(8) "Qms 4706"
  ["unidade"]=>
  array(1) {
    [0]=>
    string(1) "5"
  }
}

[01/10/2024 01:35:03] Verificando a solicitação...
[01/10/2024 01:35:03] abgsoft-autopark-unimed.php
array(5) {
  ["nome"]=>
  string(41) "TACIANA AMANDA DA SILVA DE ESPANA PERNOLD"
  ["cpf"]=>
  string(14) "063.982.976-79"
  ["email"]=>
  string(24) "taciana.amanda@gmail.com"
  ["placa"]=>
  string(7) "HDV8G00"
  ["unidade"]=>
  array(1) {
    [0]=>
    string(1) "2"
  }
}

[01/10/2024 03:00:30] Verificando a solicitação...
[01/10/2024 03:00:30] abgsoft-autopark-unimed.php
array(5) {
  ["nome"]=>
  string(27) "Hermengardo J Andrade Netto"
  ["cpf"]=>
  string(11) "16509056615"
  ["email"]=>
  string(26) "andrade_netto@yahoo.com.br"
  ["placa"]=>
  string(7) "HJG3380"
  ["unidade"]=>
  array(1) {
    [0]=>
    string(1) "5"
  }
}

[01/10/2024 09:38:51] Verificando a solicitação...
[01/10/2024 09:38:51] abgsoft-autopark-unimed.php
array(5) {
  ["nome"]=>
  string(29) "MARCELA VELOSO TORRES HILARIO"
  ["cpf"]=>
  string(14) "050.488.256-24"
  ["email"]=>
  string(26) "marcelahilario82@gmail.com"
  ["placa"]=>
  string(7) "TCK6C00"
  ["unidade"]=>
  array(1) {
    [0]=>
    string(1) "7"
  }
}

[01/10/2024 09:44:21] Verificando a solicitação...
[01/10/2024 09:44:21] abgsoft-autopark-unimed.php
array(5) {
  ["nome"]=>
  string(26) "jesus jose ferreira junior"
  ["cpf"]=>
  string(11) "05940999603"
  ["email"]=>
  string(23) "jesusjrfutura@gmail.com"
  ["placa"]=>
  string(7) "pxo4039"
  ["unidade"]=>
  array(1) {
    [0]=>
    string(1) "2"
  }
}

[01/10/2024 10:41:50] Verificando a solicitação...
[01/10/2024 10:41:50] abgsoft-autopark-unimed.php
array(5) {
  ["nome"]=>
  string(17) "ALINE DIAS CALADO"
  ["cpf"]=>
  string(11) "07795200680"
  ["email"]=>
  string(23) "alinecalado18@gmail.com"
  ["placa"]=>
  string(7) "Hic9041"
  ["unidade"]=>
  array(1) {
    [0]=>
    string(1) "5"
  }
}

[01/10/2024 12:07:17] Verificando a solicitação...
[01/10/2024 12:07:17] abgsoft-autopark-unimed.php
array(5) {
  ["nome"]=>
  string(35) "Fernanda Santos Vidigal Nascimento "
  ["cpf"]=>
  string(14) "068.603.006-04"
  ["email"]=>
  string(22) "fe_vidigal@hotmail.com"
  ["placa"]=>
  string(7) "SHE4A39"
  ["unidade"]=>
  array(1) {
    [0]=>
    string(1) "4"
  }
}

[01/10/2024 12:28:39] Verificando a solicitação...
[01/10/2024 12:28:39] abgsoft-autopark-unimed.php
array(5) {
  ["nome"]=>
  string(25) "Paulo Marcelo de Oliveira"
  ["cpf"]=>
  string(11) "42455243672"
  ["email"]=>
  string(26) "paulomarcelo10@hotmail.com"
  ["placa"]=>
  string(7) "QXK9027"
  ["unidade"]=>
  array(1) {
    [0]=>
    string(1) "5"
  }
}

[01/10/2024 01:50:19] Verificando a solicitação...
[01/10/2024 01:50:19] abgsoft-autopark-unimed.php
array(5) {
  ["nome"]=>
  string(24) "Juliene Victor da Silva "
  ["cpf"]=>
  string(11) "49286366604"
  ["email"]=>
  string(22) "jujugastro16@gmail.com"
  ["placa"]=>
  string(6) "HB4783"
  ["unidade"]=>
  array(1) {
    [0]=>
    string(1) "5"
  }
}

[01/10/2024 02:14:15] Verificando a solicitação...
[01/10/2024 02:14:15] abgsoft-autopark-unimed.php
array(5) {
  ["nome"]=>
  string(22) "Adriana Meira Zanella "
  ["cpf"]=>
  string(11) "66923069653"
  ["email"]=>
  string(23) "adrianamz01@hotmail.com"
  ["placa"]=>
  string(7) "Ooz6717"
  ["unidade"]=>
  array(1) {
    [0]=>
    string(1) "2"
  }
}

[01/10/2024 02:28:30] Verificando a solicitação...
[01/10/2024 02:28:30] abgsoft-autopark-unimed.php
array(5) {
  ["nome"]=>
  string(19) "jaqueline malaquias"
  ["cpf"]=>
  string(11) "54870984687"
  ["email"]=>
  string(23) "jaq.malaquias@gmail.com"
  ["placa"]=>
  string(8) "HKA 8356"
  ["unidade"]=>
  array(1) {
    [0]=>
    string(1) "7"
  }
}

[01/10/2024 02:35:53] Verificando a solicitação...
[01/10/2024 02:35:53] abgsoft-autopark-unimed.php
array(5) {
  ["nome"]=>
  string(27) "Wallysson William De Paiva "
  ["cpf"]=>
  string(15) "046.321.836-10 "
  ["email"]=>
  string(27) "wallyssonpaiva@yahoo.com.br"
  ["placa"]=>
  string(7) "RFC6G99"
  ["unidade"]=>
  array(1) {
    [0]=>
    string(1) "5"
  }
}

[01/10/2024 03:06:47] Verificando a solicitação...
[01/10/2024 03:06:47] abgsoft-autopark-unimed.php
array(5) {
  ["nome"]=>
  string(29) "JOSE ROGERIO FRANÇA MONTEIRO"
  ["cpf"]=>
  string(14) "643.024.747-34"
  ["email"]=>
  string(27) "jrogeriomonteiro7@gmail.com"
  ["placa"]=>
  string(7) "PHW5J52"
  ["unidade"]=>
  array(1) {
    [0]=>
    string(1) "5"
  }
}

[01/10/2024 03:25:43] Verificando a solicitação...
[01/10/2024 03:25:43] abgsoft-autopark-unimed.php
array(5) {
  ["nome"]=>
  string(27) "SONIA MARIA DA SILVA VIEIRA"
  ["cpf"]=>
  string(11) "94113955700"
  ["email"]=>
  string(24) "vieira.braulio@gmail.com"
  ["placa"]=>
  string(8) "Krs4399 "
  ["unidade"]=>
  array(1) {
    [0]=>
    string(1) "7"
  }
}

[01/10/2024 03:33:42] Verificando a solicitação...
[01/10/2024 03:33:42] abgsoft-autopark-unimed.php
array(5) {
  ["nome"]=>
  string(26) "JOILSON SANTOS EMERENCIANO"
  ["cpf"]=>
  string(14) "000.615.926-50"
  ["email"]=>
  string(21) "santobh32@hotmail.com"
  ["placa"]=>
  string(7) "OPE1814"
  ["unidade"]=>
  array(1) {
    [0]=>
    string(1) "3"
  }
}

[01/10/2024 03:47:01] Verificando a solicitação...
[01/10/2024 03:47:01] abgsoft-autopark-unimed.php
array(5) {
  ["nome"]=>
  string(30) "Fernando Calado Alves Barreto "
  ["cpf"]=>
  string(14) "103.720.425-54"
  ["email"]=>
  string(21) "renatacalado@live.com"
  ["placa"]=>
  string(7) "OXC7985"
  ["unidade"]=>
  array(1) {
    [0]=>
    string(1) "5"
  }
}

[01/10/2024 04:21:29] Verificando a solicitação...
[01/10/2024 04:45:57] Verificando a solicitação...
[01/10/2024 04:45:57] abgsoft-autopark-unimed.php
array(5) {
  ["nome"]=>
  string(20) "SELMA  DIAS  SAMPAIO"
  ["cpf"]=>
  string(11) "42116627672"
  ["email"]=>
  string(24) "selma.sampaio@uol.com.br"
  ["placa"]=>
  string(7) "QXI7773"
  ["unidade"]=>
  array(1) {
    [0]=>
    string(1) "5"
  }
}

[01/10/2024 07:18:32] Verificando a solicitação...
[01/10/2024 07:18:32] abgsoft-autopark-unimed.php
array(5) {
  ["nome"]=>
  string(22) "Geraldo Soares Junior "
  ["cpf"]=>
  string(14) "045.203.026-92"
  ["email"]=>
  string(27) "g.soaresjunior@yahoo.com.br"
  ["placa"]=>
  string(7) "Oww6277"
  ["unidade"]=>
  array(1) {
    [0]=>
    string(1) "7"
  }
}

[01/10/2024 07:45:11] Verificando a solicitação...
[01/10/2024 08:47:01] Verificando a solicitação...
[01/10/2024 08:47:01] abgsoft-autopark-unimed.php
array(5) {
  ["nome"]=>
  string(25) "Nathana Christina Duarte "
  ["cpf"]=>
  string(14) "094.020.116-09"
  ["email"]=>
  string(24) "nathanaduartte@gmail.com"
  ["placa"]=>
  string(7) "RVJC377"
  ["unidade"]=>
  array(1) {
    [0]=>
    string(1) "5"
  }
}

[01/10/2024 08:56:09] Verificando a solicitação...
[01/10/2024 08:56:09] abgsoft-autopark-unimed.php
array(5) {
  ["nome"]=>
  string(25) "Luiz Roberto Lara Barbosa"
  ["cpf"]=>
  string(14) "343.949.406-30"
  ["email"]=>
  string(28) "luizlarabarbosaadv@gmail.com"
  ["placa"]=>
  string(7) "OMG0C15"
  ["unidade"]=>
  array(1) {
    [0]=>
    string(1) "7"
  }
}

[01/10/2024 09:32:13] Verificando a solicitação...
[01/10/2024 09:32:13] abgsoft-autopark-unimed.php
array(5) {
  ["nome"]=>
  string(22) "Webert de Souza vilela"
  ["cpf"]=>
  string(11) "78052408687"
  ["email"]=>
  string(20) "webert@vianel.com.br"
  ["placa"]=>
  string(7) "HNI7688"
  ["unidade"]=>
  array(1) {
    [0]=>
    string(1) "7"
  }
}

[01/10/2024 09:32:16] Verificando a solicitação...
[01/10/2024 09:32:16] abgsoft-autopark-unimed.php
array(5) {
  ["nome"]=>
  string(22) "Webert de Souza vilela"
  ["cpf"]=>
  string(11) "78052408687"
  ["email"]=>
  string(20) "webert@vianel.com.br"
  ["placa"]=>
  string(7) "HNI7688"
  ["unidade"]=>
  array(1) {
    [0]=>
    string(1) "7"
  }
}

[01/10/2024 10:04:39] Verificando a solicitação...
[01/10/2024 10:39:56] Verificando a solicitação...
[01/10/2024 11:22:13] Verificando a solicitação...
