[14/06/2024 12:04:50] Verificando a solicitação...
[14/06/2024 12:04:50] abgsoft-autopark-unimed.php
array(5) {
  ["nome"]=>
  string(25) "Angelo da Silva Ferreira "
  ["cpf"]=>
  string(11) "03898079660"
  ["email"]=>
  string(23) "ferreiragtr@hotmail.com"
  ["placa"]=>
  string(7) "Hjf3d33"
  ["unidade"]=>
  array(1) {
    [0]=>
    string(1) "5"
  }
}

[14/06/2024 12:36:05] Verificando a solicitação...
[14/06/2024 12:36:05] abgsoft-autopark-unimed.php
array(5) {
  ["nome"]=>
  string(27) "Thiago Figueiredo Goncalves"
  ["cpf"]=>
  string(14) "104.283.446-66"
  ["email"]=>
  string(20) "thiagofg90@gmail.com"
  ["placa"]=>
  string(8) "ORA-4994"
  ["unidade"]=>
  array(1) {
    [0]=>
    string(1) "5"
  }
}

[14/06/2024 01:26:40] Verificando a solicitação...
[14/06/2024 01:26:40] abgsoft-autopark-unimed.php
array(5) {
  ["nome"]=>
  string(18) "Patrícia Martins "
  ["cpf"]=>
  string(14) "009.514.866-32"
  ["email"]=>
  string(24) "pat2006martins@gmail.com"
  ["placa"]=>
  string(7) "Rmy4h69"
  ["unidade"]=>
  array(1) {
    [0]=>
    string(1) "2"
  }
}

[14/06/2024 01:30:26] Verificando a solicitação...
[14/06/2024 01:30:26] abgsoft-autopark-unimed.php
array(5) {
  ["nome"]=>
  string(28) "Patrícia Aparecida Martins "
  ["cpf"]=>
  string(11) "00951486632"
  ["email"]=>
  string(24) "pat2006martins@gmail.com"
  ["placa"]=>
  string(7) "RMY4H69"
  ["unidade"]=>
  array(1) {
    [0]=>
    string(1) "2"
  }
}

[14/06/2024 01:33:56] Verificando a solicitação...
[14/06/2024 01:33:56] abgsoft-autopark-unimed.php
array(5) {
  ["nome"]=>
  string(23) "Ilma Aparecida da Cruz "
  ["cpf"]=>
  string(14) "786.058.496-49"
  ["email"]=>
  string(21) "ilma.cruz@hotmail.com"
  ["placa"]=>
  string(7) "SIP7J87"
  ["unidade"]=>
  array(1) {
    [0]=>
    string(1) "5"
  }
}

[14/06/2024 01:39:44] Verificando a solicitação...
[14/06/2024 01:39:44] abgsoft-autopark-unimed.php
array(5) {
  ["nome"]=>
  string(23) "Ilma Aparecida da Cruz "
  ["cpf"]=>
  string(14) "786.058.496-49"
  ["email"]=>
  string(21) "ilma.cruz@hotmail.com"
  ["placa"]=>
  string(7) "SIP7J87"
  ["unidade"]=>
  array(1) {
    [0]=>
    string(1) "5"
  }
}

[14/06/2024 02:31:51] Verificando a solicitação...
[14/06/2024 02:31:51] abgsoft-autopark-unimed.php
array(5) {
  ["nome"]=>
  string(24) "Ana Carolina Braga Silva"
  ["cpf"]=>
  string(11) "10582888654"
  ["email"]=>
  string(29) "anacarolina.braga@outlook.com"
  ["placa"]=>
  string(7) "RMJ0J00"
  ["unidade"]=>
  array(1) {
    [0]=>
    string(1) "5"
  }
}

[14/06/2024 08:34:05] Verificando a solicitação...
[14/06/2024 08:34:05] abgsoft-autopark-unimed.php
array(5) {
  ["nome"]=>
  string(11) "Norma Silva"
  ["cpf"]=>
  string(11) "91509475672"
  ["email"]=>
  string(21) "normasfs@yahoo.com.br"
  ["placa"]=>
  string(7) "PWD1174"
  ["unidade"]=>
  array(1) {
    [0]=>
    string(1) "7"
  }
}

[14/06/2024 08:40:16] Verificando a solicitação...
[14/06/2024 08:40:16] abgsoft-autopark-unimed.php
array(5) {
  ["nome"]=>
  string(14) "Raimundo Silva"
  ["cpf"]=>
  string(11) "65983556649"
  ["email"]=>
  string(26) "silva.raimundo43@yahoo.com"
  ["placa"]=>
  string(7) "PWD1174"
  ["unidade"]=>
  array(1) {
    [0]=>
    string(1) "7"
  }
}

[14/06/2024 09:58:27] Verificando a solicitação...
[14/06/2024 09:58:27] abgsoft-autopark-unimed.php
array(5) {
  ["nome"]=>
  string(20) "Iracema Nonato Muniz"
  ["cpf"]=>
  string(11) "05938981689"
  ["email"]=>
  string(23) "cacambaltda@outlook.com"
  ["placa"]=>
  string(7) "QPE6B20"
  ["unidade"]=>
  array(1) {
    [0]=>
    string(1) "5"
  }
}

[14/06/2024 10:12:09] Verificando a solicitação...
[14/06/2024 10:12:09] abgsoft-autopark-unimed.php
array(5) {
  ["nome"]=>
  string(20) "Iracema Nonato Muniz"
  ["cpf"]=>
  string(14) "059.389.816-89"
  ["email"]=>
  string(23) "cacambaltda@outlook.com"
  ["placa"]=>
  string(7) "QPE6B20"
  ["unidade"]=>
  array(1) {
    [0]=>
    string(1) "5"
  }
}

[14/06/2024 10:59:43] Verificando a solicitação...
[14/06/2024 10:59:43] abgsoft-autopark-unimed.php
array(5) {
  ["nome"]=>
  string(22) "Claudinei Nonato Muniz"
  ["cpf"]=>
  string(14) "917.616.546-91"
  ["email"]=>
  string(23) "cacambaltda@outlook.com"
  ["placa"]=>
  string(7) "QPE6B20"
  ["unidade"]=>
  array(1) {
    [0]=>
    string(1) "5"
  }
}

[14/06/2024 11:01:57] Verificando a solicitação...
[14/06/2024 11:01:57] abgsoft-autopark-unimed.php
array(5) {
  ["nome"]=>
  string(22) "Claudinei Nonato Muniz"
  ["cpf"]=>
  string(14) "917.616.546-91"
  ["email"]=>
  string(28) "claudinei.muniz222@gmail.com"
  ["placa"]=>
  string(7) "QPE6B20"
  ["unidade"]=>
  array(1) {
    [0]=>
    string(1) "5"
  }
}

[14/06/2024 11:20:47] Verificando a solicitação...
[14/06/2024 11:20:47] abgsoft-autopark-unimed.php
array(5) {
  ["nome"]=>
  string(28) "Hugo Philippe de Jesus Cunha"
  ["cpf"]=>
  string(11) "07380173618"
  ["email"]=>
  string(24) "hugo.ambiental@gmail.com"
  ["placa"]=>
  string(7) "HLJ5A39"
  ["unidade"]=>
  array(1) {
    [0]=>
    string(1) "7"
  }
}

[14/06/2024 11:44:40] Verificando a solicitação...
[14/06/2024 11:44:40] abgsoft-autopark-unimed.php
array(5) {
  ["nome"]=>
  string(23) "Silvia Beatriz Carajá "
  ["cpf"]=>
  string(14) "065.677.016-33"
  ["email"]=>
  string(24) "silviacaraja@hotmail.com"
  ["placa"]=>
  string(7) "RNX8I92"
  ["unidade"]=>
  array(1) {
    [0]=>
    string(1) "2"
  }
}

[14/06/2024 12:18:33] Verificando a solicitação...
[14/06/2024 12:18:33] abgsoft-autopark-unimed.php
array(5) {
  ["nome"]=>
  string(19) "Graciana Chaves D A"
  ["cpf"]=>
  string(14) "054.294.967-90"
  ["email"]=>
  string(24) "davilagraciana@gmail.com"
  ["placa"]=>
  string(7) "Siu2i97"
  ["unidade"]=>
  array(1) {
    [0]=>
    string(1) "7"
  }
}

[14/06/2024 12:25:19] Verificando a solicitação...
[14/06/2024 12:25:19] abgsoft-autopark-unimed.php
array(5) {
  ["nome"]=>
  string(23) "IRANY TIAGO DE OLIVEIRA"
  ["cpf"]=>
  string(14) "277.936.486-68"
  ["email"]=>
  string(29) "dr.iranytiagoadv@yahoo.com.br"
  ["placa"]=>
  string(7) "RFP3A51"
  ["unidade"]=>
  array(1) {
    [0]=>
    string(1) "7"
  }
}

[14/06/2024 02:11:53] Verificando a solicitação...
[14/06/2024 02:11:53] abgsoft-autopark-unimed.php
array(5) {
  ["nome"]=>
  string(31) "Roosevelt Henrique Junio Costa "
  ["cpf"]=>
  string(14) "048.793.906-90"
  ["email"]=>
  string(25) "rooseveltcosta7@gmail.com"
  ["placa"]=>
  string(7) "HCI7F58"
  ["unidade"]=>
  array(1) {
    [0]=>
    string(1) "5"
  }
}

[14/06/2024 02:36:39] Verificando a solicitação...
[14/06/2024 02:36:39] abgsoft-autopark-unimed.php
array(5) {
  ["nome"]=>
  string(24) "ERIKA DA CONCEICAO GOMES"
  ["cpf"]=>
  string(14) "829.136.416-87"
  ["email"]=>
  string(23) "erikagomes_@hotmail.com"
  ["placa"]=>
  string(8) "RTA5H90 "
  ["unidade"]=>
  array(1) {
    [0]=>
    string(1) "5"
  }
}

[14/06/2024 03:49:12] Verificando a solicitação...
[14/06/2024 03:49:12] abgsoft-autopark-unimed.php
array(5) {
  ["nome"]=>
  string(20) "Eli Machado Ferreira"
  ["cpf"]=>
  string(11) "87667266620"
  ["email"]=>
  string(26) "elimachado334@yahoo.com.br"
  ["placa"]=>
  string(7) "IAB9996"
  ["unidade"]=>
  array(1) {
    [0]=>
    string(1) "5"
  }
}

[14/06/2024 03:52:34] Verificando a solicitação...
[14/06/2024 03:52:34] abgsoft-autopark-unimed.php
array(5) {
  ["nome"]=>
  string(21) "Eli Machado Ferreira "
  ["cpf"]=>
  string(11) "87667266620"
  ["email"]=>
  string(26) "elimachado334@yahoo.com.br"
  ["placa"]=>
  string(7) "IAB9996"
  ["unidade"]=>
  array(1) {
    [0]=>
    string(1) "5"
  }
}

[14/06/2024 04:15:30] Verificando a solicitação...
[14/06/2024 04:15:30] abgsoft-autopark-unimed.php
array(5) {
  ["nome"]=>
  string(47) "Marina Aparecida Mendes de Oliveira Gonçalves "
  ["cpf"]=>
  string(14) "015.597.496-36"
  ["email"]=>
  string(24) "mendesolive@yahoo.com.br"
  ["placa"]=>
  string(7) "Pyo0630"
  ["unidade"]=>
  array(1) {
    [0]=>
    string(1) "5"
  }
}

[14/06/2024 04:41:00] Verificando a solicitação...
[14/06/2024 04:41:00] abgsoft-autopark-unimed.php
array(5) {
  ["nome"]=>
  string(29) "Richard Augusto Marques Dutra"
  ["cpf"]=>
  string(11) "14000662635"
  ["email"]=>
  string(30) "richard.augustodutra@gmail.com"
  ["placa"]=>
  string(7) "SYL1G48"
  ["unidade"]=>
  array(1) {
    [0]=>
    string(1) "7"
  }
}

[14/06/2024 04:43:22] Verificando a solicitação...
[14/06/2024 04:43:22] abgsoft-autopark-unimed.php
array(5) {
  ["nome"]=>
  string(47) "Marina Aparecida Mendes de Oliveira Gonçalves "
  ["cpf"]=>
  string(14) "015.597.496-36"
  ["email"]=>
  string(24) "mendesolive@yahoo.com.br"
  ["placa"]=>
  string(7) "Pyo0630"
  ["unidade"]=>
  array(1) {
    [0]=>
    string(1) "3"
  }
}

[14/06/2024 04:45:07] Verificando a solicitação...
[14/06/2024 04:45:07] abgsoft-autopark-unimed.php
array(5) {
  ["nome"]=>
  string(15) "Wanderson Jesus"
  ["cpf"]=>
  string(11) "30162966830"
  ["email"]=>
  string(25) "wandersonsjesus@gmail.com"
  ["placa"]=>
  string(7) "OQX9J90"
  ["unidade"]=>
  array(1) {
    [0]=>
    string(1) "7"
  }
}

[14/06/2024 04:48:13] Verificando a solicitação...
[14/06/2024 06:02:34] Verificando a solicitação...
[14/06/2024 06:02:34] abgsoft-autopark-unimed.php
array(5) {
  ["nome"]=>
  string(25) "Angelo da Silva Ferreira "
  ["cpf"]=>
  string(11) "03898079660"
  ["email"]=>
  string(23) "ferreiragtr@hotmail.com"
  ["placa"]=>
  string(7) "Hjf3d12"
  ["unidade"]=>
  array(1) {
    [0]=>
    string(1) "5"
  }
}

[14/06/2024 06:28:33] Verificando a solicitação...
[14/06/2024 08:20:39] Verificando a solicitação...
[14/06/2024 08:20:39] abgsoft-autopark-unimed.php
array(5) {
  ["nome"]=>
  string(13) "Joao de Faria"
  ["cpf"]=>
  string(14) "538.582.046-68"
  ["email"]=>
  string(19) "didores@hotmail.com"
  ["placa"]=>
  string(8) "hkt-5400"
  ["unidade"]=>
  array(1) {
    [0]=>
    string(1) "5"
  }
}

[14/06/2024 08:23:19] Verificando a solicitação...
[14/06/2024 08:23:19] abgsoft-autopark-unimed.php
array(5) {
  ["nome"]=>
  string(13) "Joao de Faria"
  ["cpf"]=>
  string(14) "538.582.046-68"
  ["email"]=>
  string(19) "didores@hotmail.com"
  ["placa"]=>
  string(8) "hkt-5400"
  ["unidade"]=>
  array(1) {
    [0]=>
    string(1) "5"
  }
}

[14/06/2024 08:33:49] Verificando a solicitação...
[14/06/2024 08:33:49] abgsoft-autopark-unimed.php
array(5) {
  ["nome"]=>
  string(22) "Luciana Paula de Souza"
  ["cpf"]=>
  string(14) "002.285.496-71"
  ["email"]=>
  string(27) "lucianapaulato@yahoo.com.br"
  ["placa"]=>
  string(7) "HKC1048"
  ["unidade"]=>
  array(1) {
    [0]=>
    string(1) "7"
  }
}

[14/06/2024 11:07:15] Verificando a solicitação...
[14/06/2024 11:07:15] abgsoft-autopark-unimed.php
array(5) {
  ["nome"]=>
  string(34) "Flavia Patrícia Martins Ferreira "
  ["cpf"]=>
  string(11) "02829774655"
  ["email"]=>
  string(17) "mogorim@gmail.com"
  ["placa"]=>
  string(7) "QQX2845"
  ["unidade"]=>
  array(1) {
    [0]=>
    string(1) "5"
  }
}

[14/06/2024 11:09:04] Verificando a solicitação...
[14/06/2024 11:09:04] abgsoft-autopark-unimed.php
array(5) {
  ["nome"]=>
  string(34) "Flavia Patrícia Martins Ferreira "
  ["cpf"]=>
  string(11) "02829774655"
  ["email"]=>
  string(17) "mogorim@gmail.com"
  ["placa"]=>
  string(7) "QQX2845"
  ["unidade"]=>
  array(1) {
    [0]=>
    string(1) "5"
  }
}

