[19/10/2024 01:12:50] Verificando a solicitação...
[19/10/2024 11:44:20] Verificando a solicitação...
[19/10/2024 11:44:20] abgsoft-autopark-unimed.php
array(5) {
  ["nome"]=>
  string(19) "Frances Mary Lopes "
  ["cpf"]=>
  string(11) "95688595604"
  ["email"]=>
  string(25) "frances.lopes73@gmail.com"
  ["placa"]=>
  string(8) "FKV 3197"
  ["unidade"]=>
  array(1) {
    [0]=>
    string(1) "7"
  }
}

[19/10/2024 12:15:23] Verificando a solicitação...
[19/10/2024 12:15:23] abgsoft-autopark-unimed.php
array(5) {
  ["nome"]=>
  string(23) "Bárbara H. Dos Santos "
  ["cpf"]=>
  string(14) "075.424.586-12"
  ["email"]=>
  string(26) "barbarahs2003@yahoo.com.br"
  ["placa"]=>
  string(8) "RMF7E09 "
  ["unidade"]=>
  array(1) {
    [0]=>
    string(1) "7"
  }
}

[19/10/2024 01:30:06] Verificando a solicitação...
[19/10/2024 01:30:06] abgsoft-autopark-unimed.php
array(5) {
  ["nome"]=>
  string(27) "Marcio silva ambrosio Filho"
  ["cpf"]=>
  string(14) "035.524.786-04"
  ["email"]=>
  string(22) "marciof.28@hotmail.com"
  ["placa"]=>
  string(7) "GZQ6027"
  ["unidade"]=>
  array(1) {
    [0]=>
    string(1) "2"
  }
}

[19/10/2024 02:40:43] Verificando a solicitação...
[19/10/2024 02:40:43] abgsoft-autopark-unimed.php
array(5) {
  ["nome"]=>
  string(24) "CARLOS ANTONIO FERNANDES"
  ["cpf"]=>
  string(14) "662.216.098-87"
  ["email"]=>
  string(19) "canfer555@gmail.com"
  ["placa"]=>
  string(7) "RNM4C83"
  ["unidade"]=>
  array(1) {
    [0]=>
    string(1) "7"
  }
}

[19/10/2024 03:02:12] Verificando a solicitação...
[19/10/2024 03:02:12] abgsoft-autopark-unimed.php
array(5) {
  ["nome"]=>
  string(32) "Alessandra da Silva de Oliveira "
  ["cpf"]=>
  string(14) "054.632.826-17"
  ["email"]=>
  string(24) "alesiloliveira@gmail.com"
  ["placa"]=>
  string(7) "SYF0C98"
  ["unidade"]=>
  array(1) {
    [0]=>
    string(1) "5"
  }
}

[19/10/2024 04:25:25] Verificando a solicitação...
[19/10/2024 04:25:25] abgsoft-autopark-unimed.php
array(5) {
  ["nome"]=>
  string(20) "Vania Pedrosa Costa "
  ["cpf"]=>
  string(11) "06445214657"
  ["email"]=>
  string(19) "vaniavpc2@gmail.com"
  ["placa"]=>
  string(9) "SYV 6J60 "
  ["unidade"]=>
  array(1) {
    [0]=>
    string(1) "2"
  }
}

[19/10/2024 07:07:48] Verificando a solicitação...
[19/10/2024 07:54:31] Verificando a solicitação...
[19/10/2024 07:54:31] abgsoft-autopark-unimed.php
array(5) {
  ["nome"]=>
  string(22) "Adriana Meira Zanella "
  ["cpf"]=>
  string(14) "669.230.696-53"
  ["email"]=>
  string(23) "adrianamz01@hotmail.com"
  ["placa"]=>
  string(7) "Ooz6717"
  ["unidade"]=>
  array(1) {
    [0]=>
    string(1) "2"
  }
}

[19/10/2024 11:28:29] Verificando a solicitação...
[19/10/2024 11:28:29] abgsoft-autopark-unimed.php
array(5) {
  ["nome"]=>
  string(7) "Ludmila"
  ["cpf"]=>
  string(11) "02040074619"
  ["email"]=>
  string(23) "ludmilamerces@gmail.com"
  ["placa"]=>
  string(7) "OXH4085"
  ["unidade"]=>
  array(1) {
    [0]=>
    string(1) "5"
  }
}

