[22/04/2024 12:37:14] Verificando a solicitação...
[22/04/2024 12:37:14] abgsoft-autopark-unimed.php
array(5) {
  ["nome"]=>
  string(19) "André De Oliveira "
  ["cpf"]=>
  string(11) "80187684634"
  ["email"]=>
  string(20) "damiaoag@hotmail.com"
  ["placa"]=>
  string(7) "OPT3149"
  ["unidade"]=>
  array(1) {
    [0]=>
    string(1) "7"
  }
}

[22/04/2024 12:43:34] Verificando a solicitação...
[22/04/2024 12:43:34] abgsoft-autopark-unimed.php
array(5) {
  ["nome"]=>
  string(14) "Henry Almeida "
  ["cpf"]=>
  string(14) "056.638.016-18"
  ["email"]=>
  string(24) "sommerfeld_h@hotmail.com"
  ["placa"]=>
  string(7) "Qoc4091"
  ["unidade"]=>
  array(1) {
    [0]=>
    string(1) "3"
  }
}

[22/04/2024 12:44:46] Verificando a solicitação...
[22/04/2024 12:44:46] abgsoft-autopark-unimed.php
array(5) {
  ["nome"]=>
  string(20) "ster oliveira maciel"
  ["cpf"]=>
  string(14) "808.201.156-49"
  ["email"]=>
  string(22) "stermacielbh@gmail.com"
  ["placa"]=>
  string(7) "RFV1E14"
  ["unidade"]=>
  array(1) {
    [0]=>
    string(1) "7"
  }
}

[22/04/2024 12:54:16] Verificando a solicitação...
[22/04/2024 12:54:16] abgsoft-autopark-unimed.php
array(5) {
  ["nome"]=>
  string(32) "Izabelle Maria de Oliveira Souza"
  ["cpf"]=>
  string(11) "10531266621"
  ["email"]=>
  string(25) "izabellemaria16@gmail.com"
  ["placa"]=>
  string(7) "Pxa8j34"
  ["unidade"]=>
  array(1) {
    [0]=>
    string(1) "6"
  }
}

[22/04/2024 01:21:31] Verificando a solicitação...
[22/04/2024 01:21:31] abgsoft-autopark-unimed.php
array(5) {
  ["nome"]=>
  string(24) "Adriana Diniz Octaviano "
  ["cpf"]=>
  string(11) "04013537613"
  ["email"]=>
  string(20) "drydiniz@hotmail.com"
  ["placa"]=>
  string(7) "QQV6C01"
  ["unidade"]=>
  array(1) {
    [0]=>
    string(1) "7"
  }
}

[22/04/2024 01:45:21] Verificando a solicitação...
[22/04/2024 01:45:21] abgsoft-autopark-unimed.php
array(5) {
  ["nome"]=>
  string(26) "Gilberto Pereira de Souza "
  ["cpf"]=>
  string(11) "02714988628"
  ["email"]=>
  string(17) "dikgilp@gmail.com"
  ["placa"]=>
  string(8) "HIB6927 "
  ["unidade"]=>
  array(1) {
    [0]=>
    string(1) "7"
  }
}

[22/04/2024 09:45:28] Verificando a solicitação...
[22/04/2024 10:09:10] Verificando a solicitação...
[22/04/2024 10:09:10] abgsoft-autopark-unimed.php
array(5) {
  ["nome"]=>
  string(29) "JOSE ROGERIO FRANÇA MONTEIRO"
  ["cpf"]=>
  string(14) "643.024.747-34"
  ["email"]=>
  string(27) "JROGERIOMONTEIRO7@GMAIL.COM"
  ["placa"]=>
  string(7) "RUO0A11"
  ["unidade"]=>
  array(1) {
    [0]=>
    string(1) "5"
  }
}

[22/04/2024 10:25:51] Verificando a solicitação...
[22/04/2024 10:25:51] abgsoft-autopark-unimed.php
array(5) {
  ["nome"]=>
  string(4) "Luiz"
  ["cpf"]=>
  string(11) "04039855604"
  ["email"]=>
  string(20) "luizriosjr@gmail.com"
  ["placa"]=>
  string(7) "QXZ7D55"
  ["unidade"]=>
  array(1) {
    [0]=>
    string(1) "2"
  }
}

[22/04/2024 10:54:51] Verificando a solicitação...
[22/04/2024 10:54:51] abgsoft-autopark-unimed.php
array(5) {
  ["nome"]=>
  string(24) "Janaina de Morais Seabra"
  ["cpf"]=>
  string(14) "039.071.576-05"
  ["email"]=>
  string(23) "morse.janaina@gmail.com"
  ["placa"]=>
  string(7) "RUU4C54"
  ["unidade"]=>
  array(1) {
    [0]=>
    string(1) "5"
  }
}

[22/04/2024 12:12:48] Verificando a solicitação...
[22/04/2024 12:12:48] abgsoft-autopark-unimed.php
array(5) {
  ["nome"]=>
  string(24) "Hélio Augusto da Silva "
  ["cpf"]=>
  string(14) "872.931.456-91"
  ["email"]=>
  string(28) "helio.augusto123@outlook.com"
  ["placa"]=>
  string(7) "Opq6034"
  ["unidade"]=>
  array(1) {
    [0]=>
    string(1) "3"
  }
}

[22/04/2024 01:24:40] Verificando a solicitação...
[22/04/2024 01:24:40] abgsoft-autopark-unimed.php
array(5) {
  ["nome"]=>
  string(25) "kelly graice dias lacerda"
  ["cpf"]=>
  string(11) "07343364626"
  ["email"]=>
  string(27) "kellylacerda_5@yahoo.com.br"
  ["placa"]=>
  string(7) "RTL9g13"
  ["unidade"]=>
  array(1) {
    [0]=>
    string(1) "5"
  }
}

[22/04/2024 01:30:24] Verificando a solicitação...
[22/04/2024 02:05:14] Verificando a solicitação...
[22/04/2024 02:27:41] Verificando a solicitação...
[22/04/2024 02:27:41] abgsoft-autopark-unimed.php
array(5) {
  ["nome"]=>
  string(31) "Fernanda Raquel Queiroga Guerra"
  ["cpf"]=>
  string(11) "05901513630"
  ["email"]=>
  string(28) "fernandaqguerra@yahoo.com.br"
  ["placa"]=>
  string(7) "HMI1333"
  ["unidade"]=>
  array(1) {
    [0]=>
    string(1) "5"
  }
}

[22/04/2024 02:57:10] Verificando a solicitação...
[22/04/2024 02:57:10] abgsoft-autopark-unimed.php
array(5) {
  ["nome"]=>
  string(34) "Cláudia Alessandra Souza Martins "
  ["cpf"]=>
  string(11) "04145251679"
  ["email"]=>
  string(24) "claudiacaddy@hotmail.com"
  ["placa"]=>
  string(7) "OQT0711"
  ["unidade"]=>
  array(1) {
    [0]=>
    string(1) "7"
  }
}

[22/04/2024 03:05:37] Verificando a solicitação...
[22/04/2024 03:05:37] abgsoft-autopark-unimed.php
array(5) {
  ["nome"]=>
  string(6) "Daiana"
  ["cpf"]=>
  string(20) "Pereira de Oliveira "
  ["email"]=>
  string(25) "daianarari08@yahoo.com.br"
  ["placa"]=>
  string(7) "HNX6J07"
  ["unidade"]=>
  array(1) {
    [0]=>
    string(1) "5"
  }
}

[22/04/2024 03:22:21] Verificando a solicitação...
[22/04/2024 03:22:21] abgsoft-autopark-unimed.php
array(5) {
  ["nome"]=>
  string(29) "CIRLEIA DA CONSOLAÇÃO MOURA"
  ["cpf"]=>
  string(11) "24960560606"
  ["email"]=>
  string(22) "cirleiamoura@gmail.com"
  ["placa"]=>
  string(8) "PUA 9014"
  ["unidade"]=>
  array(1) {
    [0]=>
    string(1) "5"
  }
}

[22/04/2024 03:33:41] Verificando a solicitação...
[22/04/2024 03:33:41] abgsoft-autopark-unimed.php
array(5) {
  ["nome"]=>
  string(24) "Pedro Luiz Moreira Penna"
  ["cpf"]=>
  string(11) "05208923645"
  ["email"]=>
  string(20) "pedropenna@gmail.com"
  ["placa"]=>
  string(7) "GZT5021"
  ["unidade"]=>
  array(1) {
    [0]=>
    string(1) "5"
  }
}

[22/04/2024 03:47:59] Verificando a solicitação...
[22/04/2024 03:47:59] abgsoft-autopark-unimed.php
array(5) {
  ["nome"]=>
  string(21) "Renato Arruda Arrais "
  ["cpf"]=>
  string(15) "174.966.518-26 "
  ["email"]=>
  string(24) "arraisrenato77@gmail.com"
  ["placa"]=>
  string(7) "HYO1J99"
  ["unidade"]=>
  array(1) {
    [0]=>
    string(1) "5"
  }
}

[22/04/2024 04:03:44] Verificando a solicitação...
[22/04/2024 04:03:44] abgsoft-autopark-unimed.php
array(5) {
  ["nome"]=>
  string(31) "ALISSON THIAGO DA SILVA SANTANA"
  ["cpf"]=>
  string(14) "068.687.566-40"
  ["email"]=>
  string(30) "alissonthiagosantana@gmail.com"
  ["placa"]=>
  string(7) "HNL2A20"
  ["unidade"]=>
  array(1) {
    [0]=>
    string(1) "5"
  }
}

[22/04/2024 04:41:06] Verificando a solicitação...
[22/04/2024 04:41:06] abgsoft-autopark-unimed.php
array(5) {
  ["nome"]=>
  string(25) "Carla Soares Lopes Silva "
  ["cpf"]=>
  string(11) "41444531620"
  ["email"]=>
  string(22) "carlalops@yahoo.com.br"
  ["placa"]=>
  string(7) "HNZ4553"
  ["unidade"]=>
  array(1) {
    [0]=>
    string(1) "7"
  }
}

[22/04/2024 04:41:31] Verificando a solicitação...
[22/04/2024 04:41:31] abgsoft-autopark-unimed.php
array(5) {
  ["nome"]=>
  string(25) "Carla Soares Lopes Silva "
  ["cpf"]=>
  string(11) "41444531620"
  ["email"]=>
  string(22) "carlalops@yahoo.com.br"
  ["placa"]=>
  string(7) "HNZ4553"
  ["unidade"]=>
  array(1) {
    [0]=>
    string(1) "7"
  }
}

[22/04/2024 05:15:35] Verificando a solicitação...
[22/04/2024 05:54:17] Verificando a solicitação...
[22/04/2024 05:54:17] abgsoft-autopark-unimed.php
array(5) {
  ["nome"]=>
  string(17) "Leonardo Miranda "
  ["cpf"]=>
  string(11) "10004065638"
  ["email"]=>
  string(28) "leonardomirandatec@gmail.com"
  ["placa"]=>
  string(8) "PVQ-0445"
  ["unidade"]=>
  array(1) {
    [0]=>
    string(1) "1"
  }
}

[22/04/2024 06:11:16] Verificando a solicitação...
[22/04/2024 06:27:10] Verificando a solicitação...
[22/04/2024 06:27:10] abgsoft-autopark-unimed.php
array(5) {
  ["nome"]=>
  string(34) "Davidson Francisco de Lima Moreira"
  ["cpf"]=>
  string(14) "040.616.516-50"
  ["email"]=>
  string(20) "dflmoreira@gmail.com"
  ["placa"]=>
  string(7) "PZP4D15"
  ["unidade"]=>
  array(1) {
    [0]=>
    string(1) "5"
  }
}

[22/04/2024 08:09:12] Verificando a solicitação...
[22/04/2024 08:09:12] abgsoft-autopark-unimed.php
array(5) {
  ["nome"]=>
  string(26) "Janaina de Souza Oliveira "
  ["cpf"]=>
  string(11) "13019926661"
  ["email"]=>
  string(29) "janainasouza15@outlook.com.br"
  ["placa"]=>
  string(7) "OWW6A70"
  ["unidade"]=>
  array(1) {
    [0]=>
    string(1) "5"
  }
}

[22/04/2024 09:02:29] Verificando a solicitação...
[22/04/2024 09:02:29] abgsoft-autopark-unimed.php
array(5) {
  ["nome"]=>
  string(27) "achiles caldeira quintella "
  ["cpf"]=>
  string(11) "09304088100"
  ["email"]=>
  string(26) "achilesquintella@gmail.com"
  ["placa"]=>
  string(8) "QXI1023 "
  ["unidade"]=>
  array(1) {
    [0]=>
    string(1) "7"
  }
}

[22/04/2024 09:18:06] Verificando a solicitação...
[22/04/2024 10:26:23] Verificando a solicitação...
[22/04/2024 10:26:23] abgsoft-autopark-unimed.php
array(5) {
  ["nome"]=>
  string(29) "Regina Célia Azevedo Vilaça"
  ["cpf"]=>
  string(11) "26975220697"
  ["email"]=>
  string(25) "regina.vilaca@hotmail.com"
  ["placa"]=>
  string(7) "QUH6C59"
  ["unidade"]=>
  array(1) {
    [0]=>
    string(1) "7"
  }
}

[22/04/2024 10:44:21] Verificando a solicitação...
[22/04/2024 10:44:21] abgsoft-autopark-unimed.php
array(5) {
  ["nome"]=>
  string(31) "Ariadina de Assis Silva Machado"
  ["cpf"]=>
  string(11) "47595760615"
  ["email"]=>
  string(31) "ariadina.machado23@yahoo.com.br"
  ["placa"]=>
  string(7) "PWY6J36"
  ["unidade"]=>
  array(1) {
    [0]=>
    string(1) "7"
  }
}

