[11/02/2024 01:07:29] Verificando a solicitação...
[11/02/2024 10:45:11] Verificando a solicitação...
[11/02/2024 11:54:26] Verificando a solicitação...
[11/02/2024 11:54:26] abgsoft-autopark-unimed.php
array(5) {
  ["nome"]=>
  string(31) "Cristiane Ferris Trindade Mauro"
  ["cpf"]=>
  string(11) "00876383630"
  ["email"]=>
  string(21) "crismauro89@gmail.com"
  ["placa"]=>
  string(7) "HNR6916"
  ["unidade"]=>
  array(1) {
    [0]=>
    string(1) "5"
  }
}

[11/02/2024 11:54:39] Verificando a solicitação...
[11/02/2024 11:54:39] abgsoft-autopark-unimed.php
array(5) {
  ["nome"]=>
  string(31) "Cristiane Ferris Trindade Mauro"
  ["cpf"]=>
  string(11) "00876383630"
  ["email"]=>
  string(21) "crismauro89@gmail.com"
  ["placa"]=>
  string(7) "HNR6916"
  ["unidade"]=>
  array(1) {
    [0]=>
    string(1) "5"
  }
}

[11/02/2024 11:54:54] Verificando a solicitação...
[11/02/2024 11:54:54] abgsoft-autopark-unimed.php
array(5) {
  ["nome"]=>
  string(31) "Cristiane Ferris Trindade Mauro"
  ["cpf"]=>
  string(11) "00876383630"
  ["email"]=>
  string(21) "crismauro89@gmail.com"
  ["placa"]=>
  string(7) "HNR6916"
  ["unidade"]=>
  array(1) {
    [0]=>
    string(1) "5"
  }
}

[11/02/2024 11:55:12] Verificando a solicitação...
[11/02/2024 11:55:12] abgsoft-autopark-unimed.php
array(5) {
  ["nome"]=>
  string(31) "Cristiane Ferris Trindade Mauro"
  ["cpf"]=>
  string(11) "00876383630"
  ["email"]=>
  string(21) "crismauro89@gmail.com"
  ["placa"]=>
  string(7) "HNR6916"
  ["unidade"]=>
  array(1) {
    [0]=>
    string(1) "5"
  }
}

[11/02/2024 11:55:26] Verificando a solicitação...
[11/02/2024 11:55:26] abgsoft-autopark-unimed.php
array(5) {
  ["nome"]=>
  string(31) "Cristiane Ferris Trindade Mauro"
  ["cpf"]=>
  string(11) "00876383630"
  ["email"]=>
  string(21) "crismauro89@gmail.com"
  ["placa"]=>
  string(7) "HNR6916"
  ["unidade"]=>
  array(1) {
    [0]=>
    string(1) "5"
  }
}

[11/02/2024 01:24:55] Verificando a solicitação...
[11/02/2024 01:24:55] abgsoft-autopark-unimed.php
array(5) {
  ["nome"]=>
  string(31) "Cristiane Ferris Trindade Mauro"
  ["cpf"]=>
  string(11) "00876383630"
  ["email"]=>
  string(21) "crismauro89@gmail.com"
  ["placa"]=>
  string(7) "HNR6916"
  ["unidade"]=>
  array(1) {
    [0]=>
    string(1) "5"
  }
}

[11/02/2024 01:36:36] Verificando a solicitação...
[11/02/2024 01:36:36] abgsoft-autopark-unimed.php
array(5) {
  ["nome"]=>
  string(15) "Felipe Oliveira"
  ["cpf"]=>
  string(11) "07646655619"
  ["email"]=>
  string(27) "oliveira.felipejs@gmail.com"
  ["placa"]=>
  string(7) "PYC4568"
  ["unidade"]=>
  array(1) {
    [0]=>
    string(1) "5"
  }
}

[11/02/2024 01:42:13] Verificando a solicitação...
[11/02/2024 01:42:13] abgsoft-autopark-unimed.php
array(5) {
  ["nome"]=>
  string(6) "Denise"
  ["cpf"]=>
  string(11) "85522201649"
  ["email"]=>
  string(25) "denise.paraguai@yahoo.com"
  ["placa"]=>
  string(8) "HNQ6D62 "
  ["unidade"]=>
  array(1) {
    [0]=>
    string(1) "2"
  }
}

[11/02/2024 01:42:35] Verificando a solicitação...
[11/02/2024 01:42:35] abgsoft-autopark-unimed.php
array(5) {
  ["nome"]=>
  string(20) "Denise A S Paraguai "
  ["cpf"]=>
  string(11) "85522201649"
  ["email"]=>
  string(25) "denise.paraguai@yahoo.com"
  ["placa"]=>
  string(8) "HNQ6D62 "
  ["unidade"]=>
  array(1) {
    [0]=>
    string(1) "2"
  }
}

[11/02/2024 01:43:16] Verificando a solicitação...
[11/02/2024 01:43:16] abgsoft-autopark-unimed.php
array(5) {
  ["nome"]=>
  string(20) "Denise A S Paraguai "
  ["cpf"]=>
  string(11) "85522201649"
  ["email"]=>
  string(25) "denise.paraguai@yahoo.com"
  ["placa"]=>
  string(8) "HNQ6D62 "
  ["unidade"]=>
  array(1) {
    [0]=>
    string(1) "2"
  }
}

[11/02/2024 01:59:22] Verificando a solicitação...
[11/02/2024 01:59:22] abgsoft-autopark-unimed.php
array(5) {
  ["nome"]=>
  string(20) "Denise A S Paraguai "
  ["cpf"]=>
  string(11) "85522201649"
  ["email"]=>
  string(25) "denise.paraguai@yahoo.com"
  ["placa"]=>
  string(8) "HNQ6D62 "
  ["unidade"]=>
  array(1) {
    [0]=>
    string(1) "2"
  }
}

[11/02/2024 01:59:39] Verificando a solicitação...
[11/02/2024 01:59:39] abgsoft-autopark-unimed.php
array(5) {
  ["nome"]=>
  string(20) "Denise A S Paraguai "
  ["cpf"]=>
  string(11) "85522201649"
  ["email"]=>
  string(25) "denise.paraguai@yahoo.com"
  ["placa"]=>
  string(8) "HNQ6D62 "
  ["unidade"]=>
  array(1) {
    [0]=>
    string(1) "2"
  }
}

[11/02/2024 02:16:39] Verificando a solicitação...
[11/02/2024 02:16:39] abgsoft-autopark-unimed.php
array(5) {
  ["nome"]=>
  string(15) "Felipe Oliveira"
  ["cpf"]=>
  string(11) "07646655619"
  ["email"]=>
  string(27) "oliveira.felipejs@gmail.com"
  ["placa"]=>
  string(7) "PYC4568"
  ["unidade"]=>
  array(1) {
    [0]=>
    string(1) "5"
  }
}

[11/02/2024 03:27:54] Verificando a solicitação...
[11/02/2024 03:27:54] abgsoft-autopark-unimed.php
array(5) {
  ["nome"]=>
  string(28) "Leonardo Gonçalves Miranda "
  ["cpf"]=>
  string(11) "10004065638"
  ["email"]=>
  string(28) "leonardomirandatec@gmail.com"
  ["placa"]=>
  string(8) "PVQ-0445"
  ["unidade"]=>
  array(1) {
    [0]=>
    string(1) "1"
  }
}

[11/02/2024 03:28:05] Verificando a solicitação...
[11/02/2024 03:28:05] abgsoft-autopark-unimed.php
array(5) {
  ["nome"]=>
  string(28) "Leonardo Gonçalves Miranda "
  ["cpf"]=>
  string(11) "10004065638"
  ["email"]=>
  string(28) "leonardomirandatec@gmail.com"
  ["placa"]=>
  string(8) "PVQ-0445"
  ["unidade"]=>
  array(1) {
    [0]=>
    string(1) "1"
  }
}

[11/02/2024 03:28:20] Verificando a solicitação...
[11/02/2024 03:28:20] abgsoft-autopark-unimed.php
array(5) {
  ["nome"]=>
  string(28) "Leonardo Gonçalves Miranda "
  ["cpf"]=>
  string(11) "10004065638"
  ["email"]=>
  string(28) "leonardomirandatec@gmail.com"
  ["placa"]=>
  string(8) "PVQ-0445"
  ["unidade"]=>
  array(1) {
    [0]=>
    string(1) "1"
  }
}

[11/02/2024 03:28:32] Verificando a solicitação...
[11/02/2024 03:28:32] abgsoft-autopark-unimed.php
array(5) {
  ["nome"]=>
  string(28) "Leonardo Gonçalves Miranda "
  ["cpf"]=>
  string(11) "10004065638"
  ["email"]=>
  string(28) "leonardomirandatec@gmail.com"
  ["placa"]=>
  string(8) "PVQ-0445"
  ["unidade"]=>
  array(1) {
    [0]=>
    string(1) "1"
  }
}

[11/02/2024 03:28:38] Verificando a solicitação...
[11/02/2024 03:28:38] abgsoft-autopark-unimed.php
array(5) {
  ["nome"]=>
  string(28) "Leonardo Gonçalves Miranda "
  ["cpf"]=>
  string(11) "10004065638"
  ["email"]=>
  string(28) "leonardomirandatec@gmail.com"
  ["placa"]=>
  string(8) "PVQ-0445"
  ["unidade"]=>
  array(1) {
    [0]=>
    string(1) "1"
  }
}

[11/02/2024 03:29:04] Verificando a solicitação...
[11/02/2024 03:29:04] abgsoft-autopark-unimed.php
array(5) {
  ["nome"]=>
  string(28) "Leonardo Gonçalves Miranda "
  ["cpf"]=>
  string(11) "10004065638"
  ["email"]=>
  string(28) "leonardomirandatec@gmail.com"
  ["placa"]=>
  string(8) "PVQ-0445"
  ["unidade"]=>
  array(1) {
    [0]=>
    string(1) "1"
  }
}

[11/02/2024 03:29:19] Verificando a solicitação...
[11/02/2024 03:29:19] abgsoft-autopark-unimed.php
array(5) {
  ["nome"]=>
  string(28) "Leonardo Gonçalves Miranda "
  ["cpf"]=>
  string(11) "10004065638"
  ["email"]=>
  string(28) "leonardomirandatec@gmail.com"
  ["placa"]=>
  string(8) "PVQ-0445"
  ["unidade"]=>
  array(1) {
    [0]=>
    string(1) "1"
  }
}

[11/02/2024 03:29:26] Verificando a solicitação...
[11/02/2024 03:29:26] abgsoft-autopark-unimed.php
array(5) {
  ["nome"]=>
  string(28) "Leonardo Gonçalves Miranda "
  ["cpf"]=>
  string(11) "10004065638"
  ["email"]=>
  string(28) "leonardomirandatec@gmail.com"
  ["placa"]=>
  string(8) "PVQ-0445"
  ["unidade"]=>
  array(1) {
    [0]=>
    string(1) "1"
  }
}

[11/02/2024 03:29:33] Verificando a solicitação...
[11/02/2024 03:29:33] abgsoft-autopark-unimed.php
array(5) {
  ["nome"]=>
  string(28) "Leonardo Gonçalves Miranda "
  ["cpf"]=>
  string(11) "10004065638"
  ["email"]=>
  string(28) "leonardomirandatec@gmail.com"
  ["placa"]=>
  string(8) "PVQ-0445"
  ["unidade"]=>
  array(1) {
    [0]=>
    string(1) "1"
  }
}

[11/02/2024 03:29:43] Verificando a solicitação...
[11/02/2024 03:29:43] abgsoft-autopark-unimed.php
array(5) {
  ["nome"]=>
  string(28) "Leonardo Gonçalves Miranda "
  ["cpf"]=>
  string(11) "10004065638"
  ["email"]=>
  string(28) "leonardomirandatec@gmail.com"
  ["placa"]=>
  string(8) "PVQ-0445"
  ["unidade"]=>
  array(1) {
    [0]=>
    string(1) "1"
  }
}

[11/02/2024 04:24:52] Verificando a solicitação...
[11/02/2024 04:24:52] abgsoft-autopark-unimed.php
array(5) {
  ["nome"]=>
  string(28) "Leonardo Gonçalves Miranda "
  ["cpf"]=>
  string(11) "10004065638"
  ["email"]=>
  string(28) "leonardomirandatec@gmail.com"
  ["placa"]=>
  string(8) "PVQ-0445"
  ["unidade"]=>
  array(1) {
    [0]=>
    string(1) "1"
  }
}

[11/02/2024 04:25:00] Verificando a solicitação...
[11/02/2024 04:25:00] abgsoft-autopark-unimed.php
array(5) {
  ["nome"]=>
  string(28) "Leonardo Gonçalves Miranda "
  ["cpf"]=>
  string(11) "10004065638"
  ["email"]=>
  string(28) "leonardomirandatec@gmail.com"
  ["placa"]=>
  string(8) "PVQ-0445"
  ["unidade"]=>
  array(1) {
    [0]=>
    string(1) "1"
  }
}

[11/02/2024 05:35:30] Verificando a solicitação...
[11/02/2024 05:35:30] abgsoft-autopark-unimed.php
array(5) {
  ["nome"]=>
  string(20) "Denise A S Paraguai "
  ["cpf"]=>
  string(11) "85522201649"
  ["email"]=>
  string(25) "denise.paraguai@yahoo.com"
  ["placa"]=>
  string(8) "HNQ6D62 "
  ["unidade"]=>
  array(1) {
    [0]=>
    string(1) "2"
  }
}

[11/02/2024 06:05:10] Verificando a solicitação...
[11/02/2024 06:05:10] abgsoft-autopark-unimed.php
array(5) {
  ["nome"]=>
  string(28) "Leonardo Gonçalves Miranda "
  ["cpf"]=>
  string(11) "10004065638"
  ["email"]=>
  string(28) "leonardomirandatec@gmail.com"
  ["placa"]=>
  string(8) "PVQ-0445"
  ["unidade"]=>
  array(1) {
    [0]=>
    string(1) "1"
  }
}

[11/02/2024 06:06:27] Verificando a solicitação...
[11/02/2024 06:06:27] abgsoft-autopark-unimed.php
array(5) {
  ["nome"]=>
  string(27) "Leonardo Gonçalves Miranda"
  ["cpf"]=>
  string(11) "10004065638"
  ["email"]=>
  string(28) "leonardomirandatec@gmail.com"
  ["placa"]=>
  string(8) "PVQ-0445"
  ["unidade"]=>
  array(1) {
    [0]=>
    string(1) "1"
  }
}

[11/02/2024 06:06:33] Verificando a solicitação...
[11/02/2024 06:06:33] abgsoft-autopark-unimed.php
array(5) {
  ["nome"]=>
  string(27) "Leonardo Gonçalves Miranda"
  ["cpf"]=>
  string(11) "10004065638"
  ["email"]=>
  string(28) "leonardomirandatec@gmail.com"
  ["placa"]=>
  string(8) "PVQ-0445"
  ["unidade"]=>
  array(1) {
    [0]=>
    string(1) "1"
  }
}

[11/02/2024 06:28:15] Verificando a solicitação...
[11/02/2024 06:28:15] abgsoft-autopark-unimed.php
array(5) {
  ["nome"]=>
  string(26) "Cristiane Ferris Trindade "
  ["cpf"]=>
  string(11) "00876383630"
  ["email"]=>
  string(21) "crismauro89@gmail.com"
  ["placa"]=>
  string(7) "HNR6916"
  ["unidade"]=>
  array(1) {
    [0]=>
    string(1) "5"
  }
}

[11/02/2024 06:33:04] Verificando a solicitação...
[11/02/2024 06:33:04] abgsoft-autopark-unimed.php
array(5) {
  ["nome"]=>
  string(26) "Cristiane Ferris Trindade "
  ["cpf"]=>
  string(11) "00876383630"
  ["email"]=>
  string(21) "crismauro89@gmail.com"
  ["placa"]=>
  string(7) "HNR6916"
  ["unidade"]=>
  array(1) {
    [0]=>
    string(1) "5"
  }
}

[11/02/2024 06:56:42] Verificando a solicitação...
[11/02/2024 10:57:40] Verificando a solicitação...
