[18/01/2024 01:51:17] Verificando a solicitação...
[18/01/2024 01:51:17] abgsoft-autopark-unimed.php
array(5) {
  ["nome"]=>
  string(32) "Silvia de Oliveira Birchal Azar "
  ["cpf"]=>
  string(15) "297.050.106-68 "
  ["email"]=>
  string(23) "silviabirchal@gmail.com"
  ["placa"]=>
  string(8) "SHJ5B67 "
  ["unidade"]=>
  array(1) {
    [0]=>
    string(1) "5"
  }
}

[18/01/2024 03:27:47] Verificando a solicitação...
[18/01/2024 03:27:47] abgsoft-autopark-unimed.php
array(5) {
  ["nome"]=>
  string(13) "Luciane Lopes"
  ["cpf"]=>
  string(14) "027.957.976-40"
  ["email"]=>
  string(25) "lucianelopes032@gmail.com"
  ["placa"]=>
  string(7) "PYX0067"
  ["unidade"]=>
  array(1) {
    [0]=>
    string(1) "7"
  }
}

[18/01/2024 10:41:27] Verificando a solicitação...
[18/01/2024 10:41:27] abgsoft-autopark-unimed.php
array(5) {
  ["nome"]=>
  string(28) "Luciana Martins de Oliveira "
  ["cpf"]=>
  string(11) "01590754670"
  ["email"]=>
  string(25) "lucianalauren@hotmail.com"
  ["placa"]=>
  string(7) "grr9807"
  ["unidade"]=>
  array(1) {
    [0]=>
    string(1) "3"
  }
}

[18/01/2024 11:16:27] Verificando a solicitação...
[18/01/2024 11:16:27] abgsoft-autopark-unimed.php
array(5) {
  ["nome"]=>
  string(16) "Adael custódio "
  ["cpf"]=>
  string(14) "055.551.416-10"
  ["email"]=>
  string(19) "adaelc@yahoo.com.br"
  ["placa"]=>
  string(7) "Hbq8893"
  ["unidade"]=>
  array(1) {
    [0]=>
    string(1) "2"
  }
}

[18/01/2024 11:21:45] Verificando a solicitação...
[18/01/2024 11:25:17] Verificando a solicitação...
[18/01/2024 11:25:17] abgsoft-autopark-unimed.php
array(5) {
  ["nome"]=>
  string(11) "JAIRO SILVA"
  ["cpf"]=>
  string(14) "155.943.006-00"
  ["email"]=>
  string(24) "minasenge.agri@gmail.com"
  ["placa"]=>
  string(7) "JDZ6058"
  ["unidade"]=>
  array(1) {
    [0]=>
    string(1) "1"
  }
}

[18/01/2024 01:23:54] Verificando a solicitação...
[18/01/2024 01:27:09] Verificando a solicitação...
[18/01/2024 02:07:43] Verificando a solicitação...
[18/01/2024 02:17:01] Verificando a solicitação...
[18/01/2024 02:17:01] abgsoft-autopark-unimed.php
array(5) {
  ["nome"]=>
  string(29) "ELIANE FÁTIMA COSTA DE RAMOS"
  ["cpf"]=>
  string(14) "901.915.526-15"
  ["email"]=>
  string(25) "elianecostaef@hotmail.com"
  ["placa"]=>
  string(7) "PXK1064"
  ["unidade"]=>
  array(1) {
    [0]=>
    string(1) "7"
  }
}

[18/01/2024 02:59:06] Verificando a solicitação...
[18/01/2024 02:59:06] abgsoft-autopark-unimed.php
array(5) {
  ["nome"]=>
  string(18) "MAIRA FANTINI ROSA"
  ["cpf"]=>
  string(14) "054.054.666-62"
  ["email"]=>
  string(24) "mairafanshakir@gmail.com"
  ["placa"]=>
  string(7) "Oqr7144"
  ["unidade"]=>
  array(1) {
    [0]=>
    string(1) "7"
  }
}

[18/01/2024 03:50:30] Verificando a solicitação...
[18/01/2024 03:50:30] abgsoft-autopark-unimed.php
array(5) {
  ["nome"]=>
  string(16) "Fausto Cerqueira"
  ["cpf"]=>
  string(14) "134.320.286-87"
  ["email"]=>
  string(18) "faustoec@gmail.com"
  ["placa"]=>
  string(7) "OQK6017"
  ["unidade"]=>
  array(1) {
    [0]=>
    string(1) "5"
  }
}

[18/01/2024 03:54:47] Verificando a solicitação...
[18/01/2024 04:05:41] Verificando a solicitação...
[18/01/2024 04:05:41] abgsoft-autopark-unimed.php
array(5) {
  ["nome"]=>
  string(22) "Thaís do valle loiola"
  ["cpf"]=>
  string(11) "12926951612"
  ["email"]=>
  string(23) "ferreiragtr@hotmail.com"
  ["placa"]=>
  string(7) "Hib1d33"
  ["unidade"]=>
  array(1) {
    [0]=>
    string(1) "5"
  }
}

[18/01/2024 04:10:56] Verificando a solicitação...
[18/01/2024 04:10:56] abgsoft-autopark-unimed.php
array(5) {
  ["nome"]=>
  string(32) "Samara Fernandes da Cruz Aguiar "
  ["cpf"]=>
  string(15) "102.601.166-37 "
  ["email"]=>
  string(26) "samaracfernandes@gmail.com"
  ["placa"]=>
  string(7) "EJH2099"
  ["unidade"]=>
  array(1) {
    [0]=>
    string(1) "5"
  }
}

[18/01/2024 04:33:56] Verificando a solicitação...
[18/01/2024 05:02:39] Verificando a solicitação...
[18/01/2024 05:02:39] abgsoft-autopark-unimed.php
array(5) {
  ["nome"]=>
  string(28) "Clemência Cecília de Souza"
  ["cpf"]=>
  string(14) "029.751.106-85"
  ["email"]=>
  string(22) "ccecilia7@yahoo.com.br"
  ["placa"]=>
  string(7) "PVC8453"
  ["unidade"]=>
  array(1) {
    [0]=>
    string(1) "3"
  }
}

[18/01/2024 05:10:31] Verificando a solicitação...
[18/01/2024 05:10:31] abgsoft-autopark-unimed.php
array(5) {
  ["nome"]=>
  string(18) "Gustavo Fanticele "
  ["cpf"]=>
  string(14) "106.622.676-80"
  ["email"]=>
  string(21) "Gufanticele@gmail.com"
  ["placa"]=>
  string(7) "OPK3F86"
  ["unidade"]=>
  array(1) {
    [0]=>
    string(1) "7"
  }
}

[18/01/2024 05:11:19] Verificando a solicitação...
[18/01/2024 05:11:19] abgsoft-autopark-unimed.php
array(5) {
  ["nome"]=>
  string(25) "WAGNER VIEIRA DE CARVALHO"
  ["cpf"]=>
  string(14) "472.227.356-15"
  ["email"]=>
  string(37) "carvalhoeferreiraaadvogados@gmail.com"
  ["placa"]=>
  string(7) "HBT0823"
  ["unidade"]=>
  array(1) {
    [0]=>
    string(1) "2"
  }
}

[18/01/2024 07:42:14] Verificando a solicitação...
[18/01/2024 07:48:50] Verificando a solicitação...
[18/01/2024 08:05:16] Verificando a solicitação...
[18/01/2024 08:05:16] abgsoft-autopark-unimed.php
array(5) {
  ["nome"]=>
  string(24) "Fabio Henrique junqueira"
  ["cpf"]=>
  string(11) "09204939630"
  ["email"]=>
  string(26) "fabioh.junqueira@gmail.com"
  ["placa"]=>
  string(7) "HIC3965"
  ["unidade"]=>
  array(1) {
    [0]=>
    string(1) "5"
  }
}

[18/01/2024 09:08:24] Verificando a solicitação...
[18/01/2024 09:08:24] abgsoft-autopark-unimed.php
array(5) {
  ["nome"]=>
  string(29) "wanderleia Maria da Boa Morte"
  ["cpf"]=>
  string(11) "64892646687"
  ["email"]=>
  string(26) "wanderleia.maria@gmail.com"
  ["placa"]=>
  string(8) "QMR 1667"
  ["unidade"]=>
  array(1) {
    [0]=>
    string(1) "4"
  }
}

[18/01/2024 11:30:30] Verificando a solicitação...
[18/01/2024 11:30:30] abgsoft-autopark-unimed.php
array(5) {
  ["nome"]=>
  string(22) "Cristina marcia viana "
  ["cpf"]=>
  string(11) "56374038649"
  ["email"]=>
  string(28) "marciavianacris@yahoo.com.br"
  ["placa"]=>
  string(7) "0pj3643"
  ["unidade"]=>
  array(1) {
    [0]=>
    string(1) "7"
  }
}

