[27/08/2024 10:31:49] Verificando a solicitação...
[27/08/2024 10:31:49] abgsoft-autopark-unimed.php
array(5) {
  ["nome"]=>
  string(16) "Denise Alvarenga"
  ["cpf"]=>
  string(11) "48573183691"
  ["email"]=>
  string(27) "denisealvarenga22@gmail.com"
  ["placa"]=>
  string(7) "REE0J86"
  ["unidade"]=>
  array(1) {
    [0]=>
    string(1) "4"
  }
}

[27/08/2024 10:33:50] Verificando a solicitação...
[27/08/2024 10:33:50] abgsoft-autopark-unimed.php
array(5) {
  ["nome"]=>
  string(15) "Fabiana Paixao "
  ["cpf"]=>
  string(11) "01190893606"
  ["email"]=>
  string(23) "fabianadlucca@gmail.com"
  ["placa"]=>
  string(7) "HNV7A79"
  ["unidade"]=>
  array(1) {
    [0]=>
    string(1) "7"
  }
}

[27/08/2024 10:35:37] Verificando a solicitação...
[27/08/2024 10:35:37] abgsoft-autopark-unimed.php
array(5) {
  ["nome"]=>
  string(15) "Fabiana Paixao "
  ["cpf"]=>
  string(11) "01190893606"
  ["email"]=>
  string(23) "fabianadlucca@gmail.com"
  ["placa"]=>
  string(7) "HNV7A79"
  ["unidade"]=>
  array(1) {
    [0]=>
    string(1) "7"
  }
}

[27/08/2024 11:43:09] Verificando a solicitação...
[27/08/2024 11:43:09] abgsoft-autopark-unimed.php
array(5) {
  ["nome"]=>
  string(21) "Welerson Vieira Alves"
  ["cpf"]=>
  string(11) "37786504672"
  ["email"]=>
  string(24) "alves.welerson@gmail.com"
  ["placa"]=>
  string(7) "QUR4691"
  ["unidade"]=>
  array(1) {
    [0]=>
    string(1) "5"
  }
}

[27/08/2024 12:18:29] Verificando a solicitação...
[27/08/2024 12:18:29] abgsoft-autopark-unimed.php
array(5) {
  ["nome"]=>
  string(32) "Alexa Marília da Silva Oliveira"
  ["cpf"]=>
  string(14) "118.284.656-40"
  ["email"]=>
  string(20) "xmarilia25@gmail.com"
  ["placa"]=>
  string(7) "HKQ4792"
  ["unidade"]=>
  array(1) {
    [0]=>
    string(1) "7"
  }
}

[27/08/2024 12:46:28] Verificando a solicitação...
[27/08/2024 12:46:28] abgsoft-autopark-unimed.php
array(5) {
  ["nome"]=>
  string(19) "Jade Távora Soares"
  ["cpf"]=>
  string(11) "01778521606"
  ["email"]=>
  string(21) "jadetavoras@gmail.com"
  ["placa"]=>
  string(7) "OSN6877"
  ["unidade"]=>
  array(1) {
    [0]=>
    string(1) "7"
  }
}

[27/08/2024 01:20:41] Verificando a solicitação...
[27/08/2024 01:20:41] abgsoft-autopark-unimed.php
array(5) {
  ["nome"]=>
  string(20) "Cristina Maria Costa"
  ["cpf"]=>
  string(11) "71727965604"
  ["email"]=>
  string(26) "crism.costa@hotmail.com.br"
  ["placa"]=>
  string(7) "PYS3541"
  ["unidade"]=>
  array(1) {
    [0]=>
    string(1) "2"
  }
}

[27/08/2024 01:53:06] Verificando a solicitação...
[27/08/2024 01:53:06] abgsoft-autopark-unimed.php
array(5) {
  ["nome"]=>
  string(26) "Aluisio Celso De Oliveira "
  ["cpf"]=>
  string(15) "245.429.976-34 "
  ["email"]=>
  string(28) "aluisio.deoliveira@yahoo.com"
  ["placa"]=>
  string(8) "PYC-6315"
  ["unidade"]=>
  array(1) {
    [0]=>
    string(1) "5"
  }
}

[27/08/2024 01:57:07] Verificando a solicitação...
[27/08/2024 01:57:07] abgsoft-autopark-unimed.php
array(5) {
  ["nome"]=>
  string(26) "Aluisio Celso De Oliveira "
  ["cpf"]=>
  string(15) "245.429.976-34 "
  ["email"]=>
  string(28) "aluisio.deoliveira@yahoo.com"
  ["placa"]=>
  string(8) "PYC-6315"
  ["unidade"]=>
  array(1) {
    [0]=>
    string(1) "5"
  }
}

[27/08/2024 03:08:16] Verificando a solicitação...
[27/08/2024 03:08:16] abgsoft-autopark-unimed.php
array(5) {
  ["nome"]=>
  string(6) "Renata"
  ["cpf"]=>
  string(11) "02063813795"
  ["email"]=>
  string(23) "renataregis00@gmail.com"
  ["placa"]=>
  string(7) "Prv5f62"
  ["unidade"]=>
  array(1) {
    [0]=>
    string(1) "7"
  }
}

[27/08/2024 03:08:20] Verificando a solicitação...
[27/08/2024 03:08:20] abgsoft-autopark-unimed.php
array(5) {
  ["nome"]=>
  string(6) "Renata"
  ["cpf"]=>
  string(11) "02063813795"
  ["email"]=>
  string(23) "renataregis00@gmail.com"
  ["placa"]=>
  string(7) "Prv5f62"
  ["unidade"]=>
  array(1) {
    [0]=>
    string(1) "7"
  }
}

[27/08/2024 03:08:41] Verificando a solicitação...
[27/08/2024 03:08:41] abgsoft-autopark-unimed.php
array(5) {
  ["nome"]=>
  string(12) "Renata regis"
  ["cpf"]=>
  string(11) "02063813795"
  ["email"]=>
  string(23) "renataregis00@gmail.com"
  ["placa"]=>
  string(7) "Prv5f62"
  ["unidade"]=>
  array(1) {
    [0]=>
    string(1) "7"
  }
}

[27/08/2024 03:09:27] Verificando a solicitação...
[27/08/2024 03:09:27] abgsoft-autopark-unimed.php
array(5) {
  ["nome"]=>
  string(7) "Renata "
  ["cpf"]=>
  string(11) "02053813795"
  ["email"]=>
  string(23) "renataregis00@gmail.com"
  ["placa"]=>
  string(7) "Prv5f62"
  ["unidade"]=>
  array(1) {
    [0]=>
    string(1) "7"
  }
}

[27/08/2024 03:09:48] Verificando a solicitação...
[27/08/2024 03:09:48] abgsoft-autopark-unimed.php
array(5) {
  ["nome"]=>
  string(7) "Renata "
  ["cpf"]=>
  string(11) "02053813795"
  ["email"]=>
  string(23) "renataregis00@gmail.com"
  ["placa"]=>
  string(7) "Prv5f62"
  ["unidade"]=>
  array(1) {
    [0]=>
    string(1) "7"
  }
}

[27/08/2024 03:11:26] Verificando a solicitação...
[27/08/2024 03:11:26] abgsoft-autopark-unimed.php
array(5) {
  ["nome"]=>
  string(7) "Renata "
  ["cpf"]=>
  string(11) "02053813795"
  ["email"]=>
  string(23) "renataregis00@gmail.com"
  ["placa"]=>
  string(7) "Prv5f62"
  ["unidade"]=>
  array(1) {
    [0]=>
    string(1) "7"
  }
}

[27/08/2024 03:15:10] Verificando a solicitação...
[27/08/2024 03:15:10] abgsoft-autopark-unimed.php
array(5) {
  ["nome"]=>
  string(12) "renata regis"
  ["cpf"]=>
  string(11) "02063813795"
  ["email"]=>
  string(23) "renataregis00@gmail.com"
  ["placa"]=>
  string(7) "prv5f62"
  ["unidade"]=>
  array(1) {
    [0]=>
    string(1) "7"
  }
}

[27/08/2024 03:15:47] Verificando a solicitação...
[27/08/2024 03:15:47] abgsoft-autopark-unimed.php
array(5) {
  ["nome"]=>
  string(12) "renata regis"
  ["cpf"]=>
  string(11) "02063813795"
  ["email"]=>
  string(23) "renataregis00@gmail.com"
  ["placa"]=>
  string(7) "prv5f62"
  ["unidade"]=>
  array(1) {
    [0]=>
    string(1) "7"
  }
}

[27/08/2024 03:15:57] Verificando a solicitação...
[27/08/2024 03:15:57] abgsoft-autopark-unimed.php
array(5) {
  ["nome"]=>
  string(7) "Renata "
  ["cpf"]=>
  string(11) "02053813795"
  ["email"]=>
  string(23) "renataregis00@gmail.com"
  ["placa"]=>
  string(7) "Prv5f62"
  ["unidade"]=>
  array(1) {
    [0]=>
    string(1) "7"
  }
}

[27/08/2024 03:18:01] Verificando a solicitação...
[27/08/2024 03:18:01] abgsoft-autopark-unimed.php
array(5) {
  ["nome"]=>
  string(12) "renata regis"
  ["cpf"]=>
  string(11) "02063813795"
  ["email"]=>
  string(23) "renataregis00@gmail.com"
  ["placa"]=>
  string(7) "prv5f62"
  ["unidade"]=>
  array(1) {
    [0]=>
    string(1) "7"
  }
}

[27/08/2024 03:38:14] Verificando a solicitação...
[27/08/2024 03:38:14] abgsoft-autopark-unimed.php
array(5) {
  ["nome"]=>
  string(22) "Gustavo Pio dos Santos"
  ["cpf"]=>
  string(14) "065.205.136-79"
  ["email"]=>
  string(18) "titavo@hotmail.com"
  ["placa"]=>
  string(7) "OQN4483"
  ["unidade"]=>
  array(1) {
    [0]=>
    string(1) "3"
  }
}

[27/08/2024 03:38:32] Verificando a solicitação...
[27/08/2024 03:38:32] abgsoft-autopark-unimed.php
array(5) {
  ["nome"]=>
  string(28) "Patrícia Rodrigues da Silva"
  ["cpf"]=>
  string(11) "10427521688"
  ["email"]=>
  string(29) "rodrigues.pati2.3@hotmail.com"
  ["placa"]=>
  string(7) "QXZ7B57"
  ["unidade"]=>
  array(1) {
    [0]=>
    string(1) "5"
  }
}

[27/08/2024 04:43:43] Verificando a solicitação...
[27/08/2024 04:50:55] Verificando a solicitação...
[27/08/2024 06:09:53] Verificando a solicitação...
[27/08/2024 07:13:33] Verificando a solicitação...
[27/08/2024 07:13:33] abgsoft-autopark-unimed.php
array(5) {
  ["nome"]=>
  string(27) "JÚLIO CÉSAR COSTA RIBEIRO"
  ["cpf"]=>
  string(14) "580.153.616-72"
  ["email"]=>
  string(28) "freitasribeiro2015@gmail.com"
  ["placa"]=>
  string(7) "PXF7951"
  ["unidade"]=>
  array(1) {
    [0]=>
    string(1) "3"
  }
}

[27/08/2024 08:04:30] Verificando a solicitação...
[27/08/2024 08:04:30] abgsoft-autopark-unimed.php
array(5) {
  ["nome"]=>
  string(24) "Bruna Braun Pedrosa Leal"
  ["cpf"]=>
  string(11) "12396130676"
  ["email"]=>
  string(27) "brunabraunpedrosa@gmail.com"
  ["placa"]=>
  string(7) "Nxz9e23"
  ["unidade"]=>
  array(1) {
    [0]=>
    string(1) "7"
  }
}

[27/08/2024 08:06:34] Verificando a solicitação...
[27/08/2024 08:06:34] abgsoft-autopark-unimed.php
array(5) {
  ["nome"]=>
  string(23) "Stephanie Alves Mendes "
  ["cpf"]=>
  string(14) "139.159.896-22"
  ["email"]=>
  string(30) "stephaniemendes22@yahoo.com.br"
  ["placa"]=>
  string(7) "HLR7607"
  ["unidade"]=>
  array(1) {
    [0]=>
    string(1) "5"
  }
}

[27/08/2024 08:10:47] Verificando a solicitação...
[27/08/2024 08:10:47] abgsoft-autopark-unimed.php
array(5) {
  ["nome"]=>
  string(17) "CATIANE RODRIGUES"
  ["cpf"]=>
  string(14) "005.379.646-22"
  ["email"]=>
  string(29) "catianerodrigues@yahoo.com.br"
  ["placa"]=>
  string(7) "QNK8286"
  ["unidade"]=>
  array(1) {
    [0]=>
    string(1) "7"
  }
}

[27/08/2024 08:31:21] Verificando a solicitação...
[27/08/2024 08:31:21] abgsoft-autopark-unimed.php
array(5) {
  ["nome"]=>
  string(20) "Luiz Carlos Day Gama"
  ["cpf"]=>
  string(11) "08998021684"
  ["email"]=>
  string(17) "lcdgama@gmail.com"
  ["placa"]=>
  string(7) "Syn2g66"
  ["unidade"]=>
  array(1) {
    [0]=>
    string(1) "4"
  }
}

[27/08/2024 08:34:17] Verificando a solicitação...
[27/08/2024 08:34:17] abgsoft-autopark-unimed.php
array(5) {
  ["nome"]=>
  string(27) "Marcos Aurélio dos Santos "
  ["cpf"]=>
  string(11) "51930498691"
  ["email"]=>
  string(18) "catia@ledls.com.br"
  ["placa"]=>
  string(7) "HOH4524"
  ["unidade"]=>
  array(1) {
    [0]=>
    string(1) "5"
  }
}

[27/08/2024 09:33:47] Verificando a solicitação...
[27/08/2024 09:33:47] abgsoft-autopark-unimed.php
array(5) {
  ["nome"]=>
  string(34) "Alessandra Vieira Cardoso Marcelo "
  ["cpf"]=>
  string(11) "04159444652"
  ["email"]=>
  string(26) "le.goncalves2012@gmail.com"
  ["placa"]=>
  string(7) "GUP2259"
  ["unidade"]=>
  array(1) {
    [0]=>
    string(1) "7"
  }
}

[27/08/2024 10:57:45] Verificando a solicitação...
[27/08/2024 10:57:45] abgsoft-autopark-unimed.php
array(5) {
  ["nome"]=>
  string(22) "ROSANA APARECIDA ALVES"
  ["cpf"]=>
  string(14) "013.538.906-27"
  ["email"]=>
  string(30) "rose.alvesoliveira@hotmail.com"
  ["placa"]=>
  string(7) "QNK7644"
  ["unidade"]=>
  array(1) {
    [0]=>
    string(1) "7"
  }
}

[27/08/2024 11:12:24] Verificando a solicitação...
[27/08/2024 11:12:24] abgsoft-autopark-unimed.php
array(5) {
  ["nome"]=>
  string(36) "Márcia Maria Pinto de Moura Barros "
  ["cpf"]=>
  string(11) "22774742668"
  ["email"]=>
  string(29) "marciamariabarros02@gmail.com"
  ["placa"]=>
  string(7) "SHB1A01"
  ["unidade"]=>
  array(1) {
    [0]=>
    string(1) "5"
  }
}

