[19/05/2024 01:02:28] Verificando a solicitação...
[19/05/2024 01:02:28] abgsoft-autopark-unimed.php
array(5) {
  ["nome"]=>
  string(33) "Ana Paula Rodrigues da Cruz Silva"
  ["cpf"]=>
  string(20) "052 . 566 . 326 - 63"
  ["email"]=>
  string(21) "anaped01@yahoo.com.br"
  ["placa"]=>
  string(7) "SHD2I40"
  ["unidade"]=>
  array(1) {
    [0]=>
    string(1) "7"
  }
}

[19/05/2024 03:42:23] Verificando a solicitação...
[19/05/2024 09:51:27] Verificando a solicitação...
[19/05/2024 09:51:27] abgsoft-autopark-unimed.php
array(5) {
  ["nome"]=>
  string(19) "Ágatha nascimento "
  ["cpf"]=>
  string(11) "01456252658"
  ["email"]=>
  string(27) "agathapamelabr@yahoo.com.br"
  ["placa"]=>
  string(7) "Owz2554"
  ["unidade"]=>
  array(1) {
    [0]=>
    string(1) "7"
  }
}

[19/05/2024 11:25:37] Verificando a solicitação...
[19/05/2024 01:48:52] Verificando a solicitação...
[19/05/2024 01:48:52] abgsoft-autopark-unimed.php
array(5) {
  ["nome"]=>
  string(29) "Denise Ferreira do Nascimento"
  ["cpf"]=>
  string(11) "67279783600"
  ["email"]=>
  string(27) "denisefnascimento@yahoo.com"
  ["placa"]=>
  string(7) "JEM2358"
  ["unidade"]=>
  array(1) {
    [0]=>
    string(1) "7"
  }
}

[19/05/2024 03:26:53] Verificando a solicitação...
[19/05/2024 03:26:53] abgsoft-autopark-unimed.php
array(5) {
  ["nome"]=>
  string(31) "Ana Giulia Ribeiro de Oliveira "
  ["cpf"]=>
  string(11) "70044927614"
  ["email"]=>
  string(25) "anagiulia.rib@hotmail.com"
  ["placa"]=>
  string(8) "PvE 3425"
  ["unidade"]=>
  array(1) {
    [0]=>
    string(1) "5"
  }
}

[19/05/2024 03:30:07] Verificando a solicitação...
[19/05/2024 03:30:07] abgsoft-autopark-unimed.php
array(5) {
  ["nome"]=>
  string(10) "Ana Paula "
  ["cpf"]=>
  string(11) "96825260600"
  ["email"]=>
  string(24) "anas.pimenta@hotmail.com"
  ["placa"]=>
  string(7) "HOD3804"
  ["unidade"]=>
  array(1) {
    [0]=>
    string(1) "7"
  }
}

[19/05/2024 04:07:55] Verificando a solicitação...
[19/05/2024 04:07:55] abgsoft-autopark-unimed.php
array(5) {
  ["nome"]=>
  string(39) "Isabella César de oliveira silva gomes"
  ["cpf"]=>
  string(11) "09472613624"
  ["email"]=>
  string(19) "bella9129@gmail.com"
  ["placa"]=>
  string(7) "Ngl0j99"
  ["unidade"]=>
  array(1) {
    [0]=>
    string(1) "5"
  }
}

[19/05/2024 04:56:54] Verificando a solicitação...
[19/05/2024 04:56:54] abgsoft-autopark-unimed.php
array(5) {
  ["nome"]=>
  string(27) "Viviane Martins de Almeida "
  ["cpf"]=>
  string(14) "107.848.696-42"
  ["email"]=>
  string(27) "Viviane.martins53@yahoo.com"
  ["placa"]=>
  string(7) "HFC6551"
  ["unidade"]=>
  array(1) {
    [0]=>
    string(1) "4"
  }
}

[19/05/2024 08:08:28] Verificando a solicitação...
[19/05/2024 08:08:28] abgsoft-autopark-unimed.php
array(5) {
  ["nome"]=>
  string(32) "Silvia de Oliveira Birchal Azar "
  ["cpf"]=>
  string(15) "297.050.106-68 "
  ["email"]=>
  string(23) "silviabirchal@gmail.com"
  ["placa"]=>
  string(8) "SHJ5B67 "
  ["unidade"]=>
  array(1) {
    [0]=>
    string(1) "5"
  }
}

[19/05/2024 08:20:22] Verificando a solicitação...
[19/05/2024 08:20:22] abgsoft-autopark-unimed.php
array(5) {
  ["nome"]=>
  string(27) "MARCILIANA DA SILVA IZAÍAS"
  ["cpf"]=>
  string(14) "061.302.384-60"
  ["email"]=>
  string(23) "marciadebien0@gmail.com"
  ["placa"]=>
  string(7) "OQF8238"
  ["unidade"]=>
  array(1) {
    [0]=>
    string(1) "7"
  }
}

[19/05/2024 09:29:53] Verificando a solicitação...
[19/05/2024 09:29:53] abgsoft-autopark-unimed.php
array(5) {
  ["nome"]=>
  string(24) "Angelo da Silva ferreira"
  ["cpf"]=>
  string(11) "03898079660"
  ["email"]=>
  string(24) "thais-loiola@hotmail.com"
  ["placa"]=>
  string(7) "Hml4b55"
  ["unidade"]=>
  array(1) {
    [0]=>
    string(1) "5"
  }
}

[19/05/2024 10:54:48] Verificando a solicitação...
[19/05/2024 10:54:48] abgsoft-autopark-unimed.php
array(5) {
  ["nome"]=>
  string(25) "MAYARA RODRIGUES DA SILVA"
  ["cpf"]=>
  string(14) "149.171.286-41"
  ["email"]=>
  string(29) "mayararodrigues3028@gmail.com"
  ["placa"]=>
  string(7) "HJK2I80"
  ["unidade"]=>
  array(1) {
    [0]=>
    string(1) "2"
  }
}

