[17/02/2025 12:05:52] Verificando a solicitação...
[17/02/2025 12:24:16] Verificando a solicitação...
[17/02/2025 12:24:16] abgsoft-autopark-unimed.php
array(5) {
  ["nome"]=>
  string(15) "Isabella Vilela"
  ["cpf"]=>
  string(11) "11506464629"
  ["email"]=>
  string(19) "leo-mms@hotmail.com"
  ["placa"]=>
  string(7) "She3j94"
  ["unidade"]=>
  array(1) {
    [0]=>
    string(1) "7"
  }
}

[17/02/2025 12:40:07] Verificando a solicitação...
[17/02/2025 12:58:29] Verificando a solicitação...
[17/02/2025 12:58:29] abgsoft-autopark-unimed.php
array(5) {
  ["nome"]=>
  string(25) "Thais Fonseca de Oliveira"
  ["cpf"]=>
  string(14) "097.218.966-16"
  ["email"]=>
  string(20) "thaisfs201@gmail.com"
  ["placa"]=>
  string(7) "Pxl5395"
  ["unidade"]=>
  array(1) {
    [0]=>
    string(1) "7"
  }
}

[17/02/2025 01:31:31] Verificando a solicitação...
[17/02/2025 01:31:31] abgsoft-autopark-unimed.php
array(5) {
  ["nome"]=>
  string(31) "Pedro Henrique Esteves Fonseca "
  ["cpf"]=>
  string(11) "08420550612"
  ["email"]=>
  string(26) "pedrofonseca.phf@gmail.com"
  ["placa"]=>
  string(7) "QQC2J58"
  ["unidade"]=>
  array(1) {
    [0]=>
    string(1) "1"
  }
}

[17/02/2025 08:58:47] Verificando a solicitação...
[17/02/2025 08:58:47] abgsoft-autopark-unimed.php
array(5) {
  ["nome"]=>
  string(8) "Edinaldo"
  ["cpf"]=>
  string(14) "742.348.546-20"
  ["email"]=>
  string(22) "edinaldo7137@gmail.com"
  ["placa"]=>
  string(7) "RFM1I17"
  ["unidade"]=>
  array(1) {
    [0]=>
    string(1) "5"
  }
}

[17/02/2025 10:11:02] Verificando a solicitação...
[17/02/2025 10:11:02] abgsoft-autopark-unimed.php
array(5) {
  ["nome"]=>
  string(23) "Rodrigo  Silva Miranda "
  ["cpf"]=>
  string(15) "088.088.126-77 "
  ["email"]=>
  string(24) "cristina.deize@gmail.com"
  ["placa"]=>
  string(7) "QUR6681"
  ["unidade"]=>
  array(1) {
    [0]=>
    string(1) "5"
  }
}

[17/02/2025 10:19:06] Verificando a solicitação...
[17/02/2025 11:56:29] Verificando a solicitação...
[17/02/2025 11:56:29] abgsoft-autopark-unimed.php
array(5) {
  ["nome"]=>
  string(29) "BEATRIZ DAS DORES LIMA LANNA "
  ["cpf"]=>
  string(15) "795.154.956-87 "
  ["email"]=>
  string(23) "beatriz.lima@pbh.gov.br"
  ["placa"]=>
  string(8) "QOB 9918"
  ["unidade"]=>
  array(1) {
    [0]=>
    string(1) "2"
  }
}

[17/02/2025 12:26:35] Verificando a solicitação...
[17/02/2025 12:34:37] Verificando a solicitação...
[17/02/2025 12:34:37] abgsoft-autopark-unimed.php
array(5) {
  ["nome"]=>
  string(29) "JOSE ROGERIO FRANÇA MONTEIRO"
  ["cpf"]=>
  string(11) "64302474734"
  ["email"]=>
  string(27) "jrogeriomonteiro7@gmail.com"
  ["placa"]=>
  string(7) "UAI8E66"
  ["unidade"]=>
  array(1) {
    [0]=>
    string(1) "5"
  }
}

[17/02/2025 12:45:27] Verificando a solicitação...
[17/02/2025 12:45:27] abgsoft-autopark-unimed.php
array(5) {
  ["nome"]=>
  string(22) "Márcia Salomão Ramos"
  ["cpf"]=>
  string(11) "02876672600"
  ["email"]=>
  string(26) "marcia_sramos@yahoo.com.br"
  ["placa"]=>
  string(7) "PYL2103"
  ["unidade"]=>
  array(1) {
    [0]=>
    string(1) "5"
  }
}

[17/02/2025 01:05:06] Verificando a solicitação...
[17/02/2025 01:05:06] abgsoft-autopark-unimed.php
array(5) {
  ["nome"]=>
  string(24) "Sergio Natalino de Souza"
  ["cpf"]=>
  string(14) "194.940.506-06"
  ["email"]=>
  string(21) "snatalino25@gmail.com"
  ["placa"]=>
  string(7) "RTU3F10"
  ["unidade"]=>
  array(1) {
    [0]=>
    string(1) "2"
  }
}

[17/02/2025 01:23:51] Verificando a solicitação...
[17/02/2025 01:23:51] abgsoft-autopark-unimed.php
array(5) {
  ["nome"]=>
  string(21) "Marcos Caldas Strambi"
  ["cpf"]=>
  string(14) "130.761.166-49"
  ["email"]=>
  string(24) "marcoscstrambi@gmail.com"
  ["placa"]=>
  string(7) "PVK2903"
  ["unidade"]=>
  array(1) {
    [0]=>
    string(1) "5"
  }
}

[17/02/2025 01:36:54] Verificando a solicitação...
[17/02/2025 01:36:54] abgsoft-autopark-unimed.php
array(5) {
  ["nome"]=>
  string(28) "Marcelo Bernardes Rodrigues "
  ["cpf"]=>
  string(11) "98951157687"
  ["email"]=>
  string(23) "tchecoo2003@hotmail.com"
  ["placa"]=>
  string(8) "HKW 3798"
  ["unidade"]=>
  array(1) {
    [0]=>
    string(1) "5"
  }
}

[17/02/2025 01:50:40] Verificando a solicitação...
[17/02/2025 01:50:40] abgsoft-autopark-unimed.php
array(5) {
  ["nome"]=>
  string(20) "Aglayds Silva Rocha "
  ["cpf"]=>
  string(14) "558.855.356-04"
  ["email"]=>
  string(25) "aglaydssilva@yahoo.com.br"
  ["placa"]=>
  string(7) "QPB1014"
  ["unidade"]=>
  array(1) {
    [0]=>
    string(1) "5"
  }
}

[17/02/2025 01:51:44] Verificando a solicitação...
[17/02/2025 01:51:44] abgsoft-autopark-unimed.php
array(5) {
  ["nome"]=>
  string(20) "Aglayds Silva Rocha "
  ["cpf"]=>
  string(14) "558.855.356-04"
  ["email"]=>
  string(25) "aglaydssilva@yahoo.com.br"
  ["placa"]=>
  string(7) "QPB1014"
  ["unidade"]=>
  array(1) {
    [0]=>
    string(1) "5"
  }
}

[17/02/2025 01:59:18] Verificando a solicitação...
[17/02/2025 01:59:18] abgsoft-autopark-unimed.php
array(5) {
  ["nome"]=>
  string(21) "Fernanda Kelly Gomes "
  ["cpf"]=>
  string(11) "03975844663"
  ["email"]=>
  string(21) "nandakellyg@gmail.com"
  ["placa"]=>
  string(7) "Ssm8d89"
  ["unidade"]=>
  array(1) {
    [0]=>
    string(1) "7"
  }
}

[17/02/2025 02:33:10] Verificando a solicitação...
[17/02/2025 02:33:10] abgsoft-autopark-unimed.php
array(5) {
  ["nome"]=>
  string(15) "ANDERSON SOARES"
  ["cpf"]=>
  string(14) "823.895.516-53"
  ["email"]=>
  string(26) "o.andersonsoares@gmail.com"
  ["placa"]=>
  string(7) "fin1i61"
  ["unidade"]=>
  array(1) {
    [0]=>
    string(1) "2"
  }
}

[17/02/2025 02:34:52] Verificando a solicitação...
[17/02/2025 02:34:52] abgsoft-autopark-unimed.php
array(5) {
  ["nome"]=>
  string(26) "Cristiano Oliveira Araújo"
  ["cpf"]=>
  string(11) "01214324673"
  ["email"]=>
  string(27) "cristianoarmatrux@gmail.com"
  ["placa"]=>
  string(7) "PSS4J59"
  ["unidade"]=>
  array(1) {
    [0]=>
    string(1) "5"
  }
}

[17/02/2025 02:37:25] Verificando a solicitação...
[17/02/2025 02:37:25] abgsoft-autopark-unimed.php
array(5) {
  ["nome"]=>
  string(17) "Débora Calenzani"
  ["cpf"]=>
  string(11) "03518551655"
  ["email"]=>
  string(25) "damasceno126@yahoo.com.br"
  ["placa"]=>
  string(7) "BEP0771"
  ["unidade"]=>
  array(1) {
    [0]=>
    string(1) "5"
  }
}

[17/02/2025 03:05:52] Verificando a solicitação...
[17/02/2025 03:05:52] abgsoft-autopark-unimed.php
array(5) {
  ["nome"]=>
  string(21) "Eliane da cruz Santos"
  ["cpf"]=>
  string(14) "031.316.626-97"
  ["email"]=>
  string(30) "madeiraelianecruz841@gmail.com"
  ["placa"]=>
  string(7) "QOP6595"
  ["unidade"]=>
  array(1) {
    [0]=>
    string(1) "5"
  }
}

[17/02/2025 03:09:20] Verificando a solicitação...
[17/02/2025 03:09:20] abgsoft-autopark-unimed.php
array(5) {
  ["nome"]=>
  string(43) "Bruna Carla dos Santos Paulon Torres Torres"
  ["cpf"]=>
  string(14) "124.370.316-42"
  ["email"]=>
  string(21) "bulascarla2@gmail.com"
  ["placa"]=>
  string(8) "PVG8C63 "
  ["unidade"]=>
  array(1) {
    [0]=>
    string(1) "5"
  }
}

[17/02/2025 04:44:42] Verificando a solicitação...
[17/02/2025 04:44:42] abgsoft-autopark-unimed.php
array(5) {
  ["nome"]=>
  string(19) "jaqueline malaquias"
  ["cpf"]=>
  string(14) "548.709.846-87"
  ["email"]=>
  string(23) "jaq.malaquias@gmail.com"
  ["placa"]=>
  string(8) "HKA 8356"
  ["unidade"]=>
  array(1) {
    [0]=>
    string(1) "7"
  }
}

[17/02/2025 05:09:16] Verificando a solicitação...
[17/02/2025 05:09:16] abgsoft-autopark-unimed.php
array(5) {
  ["nome"]=>
  string(21) "EDUARDO TELES MACHADO"
  ["cpf"]=>
  string(11) "63554844691"
  ["email"]=>
  string(25) "stelesmachado10@gmail.com"
  ["placa"]=>
  string(7) "Shu4c61"
  ["unidade"]=>
  array(1) {
    [0]=>
    string(1) "7"
  }
}

[17/02/2025 05:11:17] Verificando a solicitação...
[17/02/2025 05:11:17] abgsoft-autopark-unimed.php
array(5) {
  ["nome"]=>
  string(21) "EDUARDO TELES MACHADO"
  ["cpf"]=>
  string(11) "63554844691"
  ["email"]=>
  string(25) "stelesmachado10@gmail.com"
  ["placa"]=>
  string(8) "Shu4c61 "
  ["unidade"]=>
  array(1) {
    [0]=>
    string(1) "5"
  }
}

[17/02/2025 07:09:22] Verificando a solicitação...
[17/02/2025 07:09:28] Verificando a solicitação...
[17/02/2025 07:24:57] Verificando a solicitação...
[17/02/2025 07:24:57] abgsoft-autopark-unimed.php
array(5) {
  ["nome"]=>
  string(29) "Juliana de Fátima Marcelino "
  ["cpf"]=>
  string(11) "13043461703"
  ["email"]=>
  string(21) "julianadm16@gmail.com"
  ["placa"]=>
  string(7) "Lop5415"
  ["unidade"]=>
  array(1) {
    [0]=>
    string(1) "7"
  }
}

[17/02/2025 07:33:41] Verificando a solicitação...
[17/02/2025 08:06:05] Verificando a solicitação...
[17/02/2025 08:06:05] abgsoft-autopark-unimed.php
array(5) {
  ["nome"]=>
  string(20) "Aguinaldo Mesquiari "
  ["cpf"]=>
  string(14) "079.237.348-01"
  ["email"]=>
  string(21) "ajmesquiari@gmail.com"
  ["placa"]=>
  string(7) "OMG3880"
  ["unidade"]=>
  array(1) {
    [0]=>
    string(1) "5"
  }
}

[17/02/2025 08:08:31] Verificando a solicitação...
[17/02/2025 08:08:31] abgsoft-autopark-unimed.php
array(5) {
  ["nome"]=>
  string(16) "Glausse Tavares "
  ["cpf"]=>
  string(11) "04410613626"
  ["email"]=>
  string(20) "glausse@yahoo.com.br"
  ["placa"]=>
  string(7) "Qoe8857"
  ["unidade"]=>
  array(1) {
    [0]=>
    string(1) "5"
  }
}

[17/02/2025 08:42:32] Verificando a solicitação...
[17/02/2025 08:42:32] abgsoft-autopark-unimed.php
array(5) {
  ["nome"]=>
  string(27) "Tânia Fonseca Silva coelho"
  ["cpf"]=>
  string(11) "59884606668"
  ["email"]=>
  string(18) "remisonm@gmail.com"
  ["placa"]=>
  string(7) "TCX5C26"
  ["unidade"]=>
  array(1) {
    [0]=>
    string(1) "7"
  }
}

[17/02/2025 08:45:14] Verificando a solicitação...
[17/02/2025 08:45:14] abgsoft-autopark-unimed.php
array(5) {
  ["nome"]=>
  string(27) "Tânia Fonseca Silva coelho"
  ["cpf"]=>
  string(11) "59884606668"
  ["email"]=>
  string(18) "remisonm@gmail.com"
  ["placa"]=>
  string(7) "TCX5C26"
  ["unidade"]=>
  array(1) {
    [0]=>
    string(1) "7"
  }
}

[17/02/2025 09:29:56] Verificando a solicitação...
[17/02/2025 09:29:56] abgsoft-autopark-unimed.php
array(5) {
  ["nome"]=>
  string(33) "Giane Alves de Melo e Assis Cunha"
  ["cpf"]=>
  string(11) "85163759604"
  ["email"]=>
  string(24) "gianecunha.psi@gmail.com"
  ["placa"]=>
  string(7) "HLZ0138"
  ["unidade"]=>
  array(1) {
    [0]=>
    string(1) "7"
  }
}

[17/02/2025 09:49:27] Verificando a solicitação...
[17/02/2025 09:49:27] abgsoft-autopark-unimed.php
array(5) {
  ["nome"]=>
  string(34) "Rosilene Pereira Araújo Camargos "
  ["cpf"]=>
  string(12) "457866826-68"
  ["email"]=>
  string(23) "roseacamargos@gmail.com"
  ["placa"]=>
  string(9) "PXK-2080 "
  ["unidade"]=>
  array(1) {
    [0]=>
    string(1) "5"
  }
}

[17/02/2025 10:53:03] Verificando a solicitação...
[17/02/2025 10:53:03] abgsoft-autopark-unimed.php
array(5) {
  ["nome"]=>
  string(9) "Michelle "
  ["cpf"]=>
  string(15) "026.838.136-43 "
  ["email"]=>
  string(26) "michelle.rene@yahoo.com.br"
  ["placa"]=>
  string(7) "Pwn1006"
  ["unidade"]=>
  array(1) {
    [0]=>
    string(1) "5"
  }
}

