[27/01/2025 12:31:50] Verificando a solicitação...
[27/01/2025 01:35:38] Verificando a solicitação...
[27/01/2025 01:35:38] abgsoft-autopark-unimed.php
array(5) {
  ["nome"]=>
  string(21) "VANIA PIMENTEL CHAVES"
  ["cpf"]=>
  string(15) "195.388.206-49 "
  ["email"]=>
  string(28) "vaniapimentel14@yahoo.com.br"
  ["placa"]=>
  string(7) "HBF7I78"
  ["unidade"]=>
  array(1) {
    [0]=>
    string(1) "5"
  }
}

[27/01/2025 02:02:03] Verificando a solicitação...
[27/01/2025 02:02:03] abgsoft-autopark-unimed.php
array(5) {
  ["nome"]=>
  string(42) "Natália Aparecida Coelho da Cruz Almeida "
  ["cpf"]=>
  string(11) "08521253648"
  ["email"]=>
  string(22) "nati.cruz_@hotmail.com"
  ["placa"]=>
  string(7) "Gxi0504"
  ["unidade"]=>
  array(1) {
    [0]=>
    string(1) "5"
  }
}

[27/01/2025 02:44:09] Verificando a solicitação...
[27/01/2025 03:40:31] Verificando a solicitação...
[27/01/2025 03:40:31] abgsoft-autopark-unimed.php
array(5) {
  ["nome"]=>
  string(23) "Gleison Mendes Andrade "
  ["cpf"]=>
  string(15) "039.511.646-54 "
  ["email"]=>
  string(27) "gleison_andrade@hotmail.com"
  ["placa"]=>
  string(7) "Pze7215"
  ["unidade"]=>
  array(1) {
    [0]=>
    string(1) "7"
  }
}

[27/01/2025 10:28:26] Verificando a solicitação...
[27/01/2025 11:26:19] Verificando a solicitação...
[27/01/2025 11:35:34] Verificando a solicitação...
[27/01/2025 11:49:11] Verificando a solicitação...
[27/01/2025 11:49:11] abgsoft-autopark-unimed.php
array(5) {
  ["nome"]=>
  string(25) "VIVIANA MOREIRA FRANCISCO"
  ["cpf"]=>
  string(14) "045.783.616-40"
  ["email"]=>
  string(25) "vivymoreira19@hotmail.com"
  ["placa"]=>
  string(7) "Hgn9361"
  ["unidade"]=>
  array(1) {
    [0]=>
    string(1) "7"
  }
}

[27/01/2025 12:01:51] Verificando a solicitação...
[27/01/2025 12:01:51] abgsoft-autopark-unimed.php
array(5) {
  ["nome"]=>
  string(26) "Carlos Roberto Cota Orsine"
  ["cpf"]=>
  string(14) "269.080.186-87"
  ["email"]=>
  string(21) "ccarloscota@gmail.com"
  ["placa"]=>
  string(7) "SIE3F16"
  ["unidade"]=>
  array(1) {
    [0]=>
    string(1) "4"
  }
}

[27/01/2025 12:24:37] Verificando a solicitação...
[27/01/2025 12:24:37] abgsoft-autopark-unimed.php
array(5) {
  ["nome"]=>
  string(6) "Sophia"
  ["cpf"]=>
  string(11) "14742300670"
  ["email"]=>
  string(25) "sophiabraga2578@gnail.com"
  ["placa"]=>
  string(7) "HMJ5B00"
  ["unidade"]=>
  array(1) {
    [0]=>
    string(1) "2"
  }
}

[27/01/2025 12:34:02] Verificando a solicitação...
[27/01/2025 12:34:02] abgsoft-autopark-unimed.php
array(5) {
  ["nome"]=>
  string(18) "Robertorosamartins"
  ["cpf"]=>
  string(14) "408.946.306-87"
  ["email"]=>
  string(30) "analuciapiresmartins@gmail.com"
  ["placa"]=>
  string(7) "Mbe6036"
  ["unidade"]=>
  array(1) {
    [0]=>
    string(1) "7"
  }
}

[27/01/2025 12:40:17] Verificando a solicitação...
[27/01/2025 12:40:17] abgsoft-autopark-unimed.php
array(5) {
  ["nome"]=>
  string(18) "Robertorosamartins"
  ["cpf"]=>
  string(14) "408.946.306-87"
  ["email"]=>
  string(30) "analuciapiresmartins@gmail.com"
  ["placa"]=>
  string(7) "Mbe6036"
  ["unidade"]=>
  array(1) {
    [0]=>
    string(1) "7"
  }
}

[27/01/2025 12:41:29] Verificando a solicitação...
[27/01/2025 12:41:29] abgsoft-autopark-unimed.php
array(5) {
  ["nome"]=>
  string(18) "Robertorosamartins"
  ["cpf"]=>
  string(14) "408.946.306-87"
  ["email"]=>
  string(30) "analuciapiresmartins@gmail.com"
  ["placa"]=>
  string(7) "Mbe6036"
  ["unidade"]=>
  array(1) {
    [0]=>
    string(1) "7"
  }
}

[27/01/2025 12:46:24] Verificando a solicitação...
[27/01/2025 12:46:24] abgsoft-autopark-unimed.php
array(5) {
  ["nome"]=>
  string(18) "Robertorosamartins"
  ["cpf"]=>
  string(14) "408.946.306-87"
  ["email"]=>
  string(30) "analuciapiresmartins@gmail.com"
  ["placa"]=>
  string(7) "Mbe6036"
  ["unidade"]=>
  array(1) {
    [0]=>
    string(1) "7"
  }
}

[27/01/2025 01:12:27] Verificando a solicitação...
[27/01/2025 01:41:16] Verificando a solicitação...
[27/01/2025 01:41:24] Verificando a solicitação...
[27/01/2025 01:41:24] abgsoft-autopark-unimed.php
array(5) {
  ["nome"]=>
  string(26) "Daniela Israel Gonçalves "
  ["cpf"]=>
  string(11) "05052593627"
  ["email"]=>
  string(25) "danielaisrael@outlook.com"
  ["placa"]=>
  string(7) "RVF3C63"
  ["unidade"]=>
  array(1) {
    [0]=>
    string(1) "5"
  }
}

[27/01/2025 01:56:29] Verificando a solicitação...
[27/01/2025 01:56:29] abgsoft-autopark-unimed.php
array(5) {
  ["nome"]=>
  string(22) " Carlos Antônio Gomes"
  ["cpf"]=>
  string(14) "098.133.656-68"
  ["email"]=>
  string(21) "cgomesbhz@hotmail.com"
  ["placa"]=>
  string(7) "Hfl2212"
  ["unidade"]=>
  array(1) {
    [0]=>
    string(1) "7"
  }
}

[27/01/2025 02:39:34] Verificando a solicitação...
[27/01/2025 02:39:34] abgsoft-autopark-unimed.php
array(5) {
  ["nome"]=>
  string(23) "Antonio Carlos Ventura "
  ["cpf"]=>
  string(14) "922.764.666-34"
  ["email"]=>
  string(27) "kleiton.ventura22@gmail.com"
  ["placa"]=>
  string(7) "HTK1474"
  ["unidade"]=>
  array(1) {
    [0]=>
    string(1) "5"
  }
}

[27/01/2025 03:26:35] Verificando a solicitação...
[27/01/2025 04:18:02] Verificando a solicitação...
[27/01/2025 04:18:02] abgsoft-autopark-unimed.php
array(5) {
  ["nome"]=>
  string(25) "FABIO ALESSANDRE DE SOUZA"
  ["cpf"]=>
  string(14) "031.318.966-80"
  ["email"]=>
  string(25) "fabioalessandre@gmail.com"
  ["placa"]=>
  string(7) "RTJ8G27"
  ["unidade"]=>
  array(1) {
    [0]=>
    string(1) "7"
  }
}

[27/01/2025 04:20:53] Verificando a solicitação...
[27/01/2025 04:20:53] abgsoft-autopark-unimed.php
array(5) {
  ["nome"]=>
  string(41) "Lúcia de Fátima Machado Santos Moreira "
  ["cpf"]=>
  string(11) "60747650659"
  ["email"]=>
  string(18) "luftmac3@gmail.com"
  ["placa"]=>
  string(7) "SYW3C50"
  ["unidade"]=>
  array(1) {
    [0]=>
    string(1) "5"
  }
}

[27/01/2025 04:52:58] Verificando a solicitação...
[27/01/2025 04:52:58] abgsoft-autopark-unimed.php
array(5) {
  ["nome"]=>
  string(19) "andre passamani noe"
  ["cpf"]=>
  string(11) "15736535785"
  ["email"]=>
  string(19) "andrepnoe@gmail.com"
  ["placa"]=>
  string(7) "QRH4J57"
  ["unidade"]=>
  array(1) {
    [0]=>
    string(1) "2"
  }
}

[27/01/2025 05:00:54] Verificando a solicitação...
[27/01/2025 05:00:54] abgsoft-autopark-unimed.php
array(5) {
  ["nome"]=>
  string(20) "Cynthia Honorato Val"
  ["cpf"]=>
  string(11) "08692137685"
  ["email"]=>
  string(17) "cyhoval@gmail.com"
  ["placa"]=>
  string(8) "PVA 3078"
  ["unidade"]=>
  array(1) {
    [0]=>
    string(1) "5"
  }
}

[27/01/2025 05:06:52] Verificando a solicitação...
[27/01/2025 05:06:52] abgsoft-autopark-unimed.php
array(5) {
  ["nome"]=>
  string(28) "Flávia Maria Marques santos"
  ["cpf"]=>
  string(14) "031.319.796-23"
  ["email"]=>
  string(29) "flaviadudasantos@yahoo.com.br"
  ["placa"]=>
  string(8) "HIK 5384"
  ["unidade"]=>
  array(1) {
    [0]=>
    string(1) "7"
  }
}

[27/01/2025 05:21:19] Verificando a solicitação...
[27/01/2025 05:21:19] abgsoft-autopark-unimed.php
array(5) {
  ["nome"]=>
  string(25) "Carla Tângari Fernandes "
  ["cpf"]=>
  string(11) "83876715687"
  ["email"]=>
  string(23) "carla.tangari@gmail.com"
  ["placa"]=>
  string(7) "TDC2G43"
  ["unidade"]=>
  array(1) {
    [0]=>
    string(1) "4"
  }
}

[27/01/2025 05:30:04] Verificando a solicitação...
[27/01/2025 05:30:04] abgsoft-autopark-unimed.php
array(5) {
  ["nome"]=>
  string(31) "Juceli Rodrigues de Sousa leite"
  ["cpf"]=>
  string(14) "085.149.966-06"
  ["email"]=>
  string(24) "jurodrigues778@gmail.com"
  ["placa"]=>
  string(7) "RNS2C98"
  ["unidade"]=>
  array(1) {
    [0]=>
    string(1) "5"
  }
}

[27/01/2025 05:48:56] Verificando a solicitação...
[27/01/2025 05:48:56] abgsoft-autopark-unimed.php
array(5) {
  ["nome"]=>
  string(17) "AMANDA MAIA ALVES"
  ["cpf"]=>
  string(14) "014.009.546-22"
  ["email"]=>
  string(27) "amanda.maia.alves@gmail.com"
  ["placa"]=>
  string(7) "PWO3406"
  ["unidade"]=>
  array(1) {
    [0]=>
    string(1) "2"
  }
}

[27/01/2025 06:47:00] Verificando a solicitação...
[27/01/2025 06:47:00] abgsoft-autopark-unimed.php
array(5) {
  ["nome"]=>
  string(29) "Alex Junio Mendes dos Santos "
  ["cpf"]=>
  string(11) "06001979642"
  ["email"]=>
  string(22) "alex.junio@hotmail.com"
  ["placa"]=>
  string(8) "QUM-1384"
  ["unidade"]=>
  array(1) {
    [0]=>
    string(1) "5"
  }
}

[27/01/2025 06:48:11] Verificando a solicitação...
[27/01/2025 06:48:11] abgsoft-autopark-unimed.php
array(5) {
  ["nome"]=>
  string(29) "Alex Junio Mendes dos Santos "
  ["cpf"]=>
  string(11) "06001979642"
  ["email"]=>
  string(22) "alex.junio@hotmail.com"
  ["placa"]=>
  string(7) "RVY1F76"
  ["unidade"]=>
  array(1) {
    [0]=>
    string(1) "5"
  }
}

[27/01/2025 06:50:39] Verificando a solicitação...
[27/01/2025 06:59:42] Verificando a solicitação...
[27/01/2025 06:59:42] abgsoft-autopark-unimed.php
array(5) {
  ["nome"]=>
  string(34) "Eliane Vaz de Mello Caldas strambi"
  ["cpf"]=>
  string(11) "14133580630"
  ["email"]=>
  string(26) "elianestrambi@yahoo.com.br"
  ["placa"]=>
  string(7) "PVK2903"
  ["unidade"]=>
  array(1) {
    [0]=>
    string(1) "5"
  }
}

[27/01/2025 07:27:37] Verificando a solicitação...
[27/01/2025 07:27:37] abgsoft-autopark-unimed.php
array(5) {
  ["nome"]=>
  string(35) "Andressa de libero Freitas salgado "
  ["cpf"]=>
  string(11) "05859699654"
  ["email"]=>
  string(24) "andressalibero@gmail.com"
  ["placa"]=>
  string(7) "Hfu5458"
  ["unidade"]=>
  array(1) {
    [0]=>
    string(1) "7"
  }
}

[27/01/2025 08:05:18] Verificando a solicitação...
[27/01/2025 08:05:18] abgsoft-autopark-unimed.php
array(5) {
  ["nome"]=>
  string(33) "Ana Paula Rodrigues da Cruz Silva"
  ["cpf"]=>
  string(14) "052.566.326-63"
  ["email"]=>
  string(21) "anaped01@yahoo.com.br"
  ["placa"]=>
  string(7) "Shd2i40"
  ["unidade"]=>
  array(1) {
    [0]=>
    string(1) "5"
  }
}

[27/01/2025 08:30:10] Verificando a solicitação...
[27/01/2025 08:30:10] abgsoft-autopark-unimed.php
array(5) {
  ["nome"]=>
  string(33) "Rosilene Pereira Araújo Camargos"
  ["cpf"]=>
  string(14) "457.866.826-68"
  ["email"]=>
  string(23) "roseacamargos@gmail.com"
  ["placa"]=>
  string(8) "PXK 2080"
  ["unidade"]=>
  array(1) {
    [0]=>
    string(1) "5"
  }
}

[27/01/2025 08:50:53] Verificando a solicitação...
[27/01/2025 08:50:53] abgsoft-autopark-unimed.php
array(5) {
  ["nome"]=>
  string(24) "Julia Oliveira Rodrigues"
  ["cpf"]=>
  string(11) "02193738688"
  ["email"]=>
  string(18) "juliavcv@gmail.com"
  ["placa"]=>
  string(7) "RVL7G29"
  ["unidade"]=>
  array(1) {
    [0]=>
    string(1) "7"
  }
}

[27/01/2025 09:09:02] Verificando a solicitação...
[27/01/2025 09:09:02] abgsoft-autopark-unimed.php
array(5) {
  ["nome"]=>
  string(31) "Nayara Mary da Silva Pena Bento"
  ["cpf"]=>
  string(14) "095.511.296-60"
  ["email"]=>
  string(23) "nayaramary@yahoo.com.br"
  ["placa"]=>
  string(7) "HFR7I23"
  ["unidade"]=>
  array(1) {
    [0]=>
    string(1) "5"
  }
}

[27/01/2025 09:11:43] Verificando a solicitação...
[27/01/2025 09:11:43] abgsoft-autopark-unimed.php
array(5) {
  ["nome"]=>
  string(39) "Adriana Maria Martins Alves dos Santos "
  ["cpf"]=>
  string(15) "913.594.906-63 "
  ["email"]=>
  string(21) "drica_mas@hotmail.com"
  ["placa"]=>
  string(7) "RFS6H82"
  ["unidade"]=>
  array(1) {
    [0]=>
    string(1) "7"
  }
}

[27/01/2025 09:37:48] Verificando a solicitação...
[27/01/2025 11:42:04] Verificando a solicitação...
[27/01/2025 11:42:04] abgsoft-autopark-unimed.php
array(5) {
  ["nome"]=>
  string(20) "KENYA BAMBIRRA ELIAS"
  ["cpf"]=>
  string(15) "591.918.136-20 "
  ["email"]=>
  string(23) "kenyabambirra@gmail.com"
  ["placa"]=>
  string(7) "QNQ0F42"
  ["unidade"]=>
  array(1) {
    [0]=>
    string(1) "5"
  }
}

