[18/03/2025 02:08:20] Verificando a solicitação...
[18/03/2025 05:13:06] Verificando a solicitação...
[18/03/2025 05:32:05] Verificando a solicitação...
[18/03/2025 09:41:35] Verificando a solicitação...
[18/03/2025 09:41:35] abgsoft-autopark-unimed.php
array(5) {
  ["nome"]=>
  string(18) "João Batista Dias"
  ["cpf"]=>
  string(11) "01491450711"
  ["email"]=>
  string(20) "joaodiasbh@gmail.com"
  ["placa"]=>
  string(7) "Aqz1204"
  ["unidade"]=>
  array(1) {
    [0]=>
    string(1) "7"
  }
}

[18/03/2025 10:32:10] Verificando a solicitação...
[18/03/2025 11:15:46] Verificando a solicitação...
[18/03/2025 11:15:46] abgsoft-autopark-unimed.php
array(5) {
  ["nome"]=>
  string(37) "Silvio Marcos Diniz Ferreira Ferreira"
  ["cpf"]=>
  string(14) "464.773.066-20"
  ["email"]=>
  string(26) "silviodiniz10@yahoo.com.br"
  ["placa"]=>
  string(7) "TCV4D22"
  ["unidade"]=>
  array(1) {
    [0]=>
    string(1) "5"
  }
}

[18/03/2025 11:16:23] Verificando a solicitação...
[18/03/2025 11:16:23] abgsoft-autopark-unimed.php
array(5) {
  ["nome"]=>
  string(31) "Vinícius Moreira Iunes Barbosa"
  ["cpf"]=>
  string(14) "138.417.616-07"
  ["email"]=>
  string(22) "vinicius1054@gmail.com"
  ["placa"]=>
  string(7) "PUT5C56"
  ["unidade"]=>
  array(1) {
    [0]=>
    string(1) "7"
  }
}

[18/03/2025 11:19:04] Verificando a solicitação...
[18/03/2025 11:19:04] abgsoft-autopark-unimed.php
array(5) {
  ["nome"]=>
  string(31) "Marcos Vinícius Ferreira Costa"
  ["cpf"]=>
  string(14) "045.936.526-69"
  ["email"]=>
  string(18) "mvfcosta@gmail.com"
  ["placa"]=>
  string(7) "RMF2A04"
  ["unidade"]=>
  array(1) {
    [0]=>
    string(1) "7"
  }
}

[18/03/2025 11:45:31] Verificando a solicitação...
[18/03/2025 12:29:28] Verificando a solicitação...
[18/03/2025 01:20:49] Verificando a solicitação...
[18/03/2025 01:38:08] Verificando a solicitação...
[18/03/2025 01:54:38] Verificando a solicitação...
[18/03/2025 01:54:38] abgsoft-autopark-unimed.php
array(5) {
  ["nome"]=>
  string(36) "Vicentina Maria De Oliveira Nogueira"
  ["cpf"]=>
  string(14) "312.479.116-91"
  ["email"]=>
  string(27) "vicentinacruzeiro@gmail.com"
  ["placa"]=>
  string(7) "UAI9A26"
  ["unidade"]=>
  array(1) {
    [0]=>
    string(1) "2"
  }
}

[18/03/2025 04:50:14] Verificando a solicitação...
[18/03/2025 04:50:14] abgsoft-autopark-unimed.php
array(5) {
  ["nome"]=>
  string(25) "André Luiz Fonseca Silva"
  ["cpf"]=>
  string(11) "03931879690"
  ["email"]=>
  string(25) "andre.lfsilva@hotmail.com"
  ["placa"]=>
  string(8) "PUF 0658"
  ["unidade"]=>
  array(1) {
    [0]=>
    string(1) "7"
  }
}

[18/03/2025 06:23:42] Verificando a solicitação...
[18/03/2025 06:23:42] abgsoft-autopark-unimed.php
array(5) {
  ["nome"]=>
  string(26) "Edmilson da Silva Freitas "
  ["cpf"]=>
  string(11) "05543046600"
  ["email"]=>
  string(31) "edmilson80._freitas@hotmail.com"
  ["placa"]=>
  string(7) "HLX4836"
  ["unidade"]=>
  array(1) {
    [0]=>
    string(1) "5"
  }
}

[18/03/2025 07:25:05] Verificando a solicitação...
[18/03/2025 07:25:05] abgsoft-autopark-unimed.php
array(5) {
  ["nome"]=>
  string(35) "Tatiana Orneles dos Santos Araújo "
  ["cpf"]=>
  string(11) "31059587890"
  ["email"]=>
  string(25) "tattieorneles@hotmail.com"
  ["placa"]=>
  string(8) "HMR6C76 "
  ["unidade"]=>
  array(1) {
    [0]=>
    string(1) "7"
  }
}

[18/03/2025 08:00:31] Verificando a solicitação...
[18/03/2025 08:00:31] abgsoft-autopark-unimed.php
array(5) {
  ["nome"]=>
  string(33) "Edson Ricardo Pereira Gonçalves "
  ["cpf"]=>
  string(15) "044.566.506-80 "
  ["email"]=>
  string(27) "taynar.almeida@yahoo.com.br"
  ["placa"]=>
  string(8) "SJA6E17 "
  ["unidade"]=>
  array(1) {
    [0]=>
    string(1) "5"
  }
}

[18/03/2025 08:24:13] Verificando a solicitação...
[18/03/2025 08:24:13] abgsoft-autopark-unimed.php
array(5) {
  ["nome"]=>
  string(32) "João Junio Davis Rocha Machado "
  ["cpf"]=>
  string(11) "12084020646"
  ["email"]=>
  string(17) "jjdrm@outlook.com"
  ["placa"]=>
  string(7) "HCV7032"
  ["unidade"]=>
  array(1) {
    [0]=>
    string(1) "2"
  }
}

[18/03/2025 10:06:21] Verificando a solicitação...
[18/03/2025 10:06:21] abgsoft-autopark-unimed.php
array(5) {
  ["nome"]=>
  string(34) "BARBARA LAILLA DOS SANTOS OLIVEIRA"
  ["cpf"]=>
  string(14) "116.540.786-89"
  ["email"]=>
  string(24) "barbara.lailla@gmail.com"
  ["placa"]=>
  string(7) "HDB8798"
  ["unidade"]=>
  array(1) {
    [0]=>
    string(1) "2"
  }
}

[18/03/2025 10:45:38] Verificando a solicitação...
[18/03/2025 10:45:38] abgsoft-autopark-unimed.php
array(5) {
  ["nome"]=>
  string(27) "Ana Carolina Menezes Alves "
  ["cpf"]=>
  string(14) "099.964.596-08"
  ["email"]=>
  string(29) "carolinamenezes92@hotmail.com"
  ["placa"]=>
  string(8) "JFG-2298"
  ["unidade"]=>
  array(1) {
    [0]=>
    string(1) "7"
  }
}

[18/03/2025 11:17:39] Verificando a solicitação...
[18/03/2025 11:17:39] abgsoft-autopark-unimed.php
array(5) {
  ["nome"]=>
  string(15) "Rafael Damião "
  ["cpf"]=>
  string(15) "104.809.996-27 "
  ["email"]=>
  string(29) "rafael.rltecnologia@gmail.com"
  ["placa"]=>
  string(8) "Hnh8958 "
  ["unidade"]=>
  array(1) {
    [0]=>
    string(1) "7"
  }
}

[18/03/2025 11:36:57] Verificando a solicitação...
[18/03/2025 11:36:57] abgsoft-autopark-unimed.php
array(5) {
  ["nome"]=>
  string(31) "Joubert Karpeggiane de Oliveira"
  ["cpf"]=>
  string(14) "099.213.196-04"
  ["email"]=>
  string(22) "karpeggianee@gmail.com"
  ["placa"]=>
  string(7) "HNT9923"
  ["unidade"]=>
  array(1) {
    [0]=>
    string(1) "7"
  }
}

