[11/01/2025 12:51:02] Verificando a solicitação...
[11/01/2025 06:17:08] Verificando a solicitação...
[11/01/2025 06:17:08] abgsoft-autopark-unimed.php
array(5) {
  ["nome"]=>
  string(17) "VIVIANE DE AVELAR"
  ["cpf"]=>
  string(14) "032.726.666-05"
  ["email"]=>
  string(24) "carvalhovivi75@gmail.com"
  ["placa"]=>
  string(8) "HMR-5064"
  ["unidade"]=>
  array(1) {
    [0]=>
    string(1) "7"
  }
}

[11/01/2025 08:26:53] Verificando a solicitação...
[11/01/2025 11:38:04] Verificando a solicitação...
[11/01/2025 12:17:41] Verificando a solicitação...
[11/01/2025 12:17:41] abgsoft-autopark-unimed.php
array(5) {
  ["nome"]=>
  string(19) "Emanuelle i d jesus"
  ["cpf"]=>
  string(12) "09502192664 "
  ["email"]=>
  string(21) "Mdcontato@hotmail.com"
  ["placa"]=>
  string(7) "Rth1e16"
  ["unidade"]=>
  array(1) {
    [0]=>
    string(1) "5"
  }
}

[11/01/2025 02:08:43] Verificando a solicitação...
[11/01/2025 02:08:43] abgsoft-autopark-unimed.php
array(5) {
  ["nome"]=>
  string(21) "Eluine Duarte Ribeiro"
  ["cpf"]=>
  string(15) "030.757.096-70 "
  ["email"]=>
  string(18) "eluinedr@gmail.com"
  ["placa"]=>
  string(8) "OQF1F26 "
  ["unidade"]=>
  array(1) {
    [0]=>
    string(1) "4"
  }
}

[11/01/2025 02:33:24] Verificando a solicitação...
[11/01/2025 02:33:24] abgsoft-autopark-unimed.php
array(5) {
  ["nome"]=>
  string(46) "Marina Aparecida Mendes de Oliveira Gonçalves"
  ["cpf"]=>
  string(14) "015.597.496-36"
  ["email"]=>
  string(24) "mendesolive@yahoo.com.br"
  ["placa"]=>
  string(7) "Pyo0630"
  ["unidade"]=>
  array(1) {
    [0]=>
    string(1) "5"
  }
}

[11/01/2025 03:36:58] Verificando a solicitação...
[11/01/2025 03:36:58] abgsoft-autopark-unimed.php
array(5) {
  ["nome"]=>
  string(46) "Antônio Eustáquio Siqueira Othero Fernandes "
  ["cpf"]=>
  string(11) "66678986687"
  ["email"]=>
  string(27) "antonio.othero@yahoo.com.br"
  ["placa"]=>
  string(8) "GTN1D43 "
  ["unidade"]=>
  array(1) {
    [0]=>
    string(1) "7"
  }
}

[11/01/2025 03:49:25] Verificando a solicitação...
[11/01/2025 03:49:25] abgsoft-autopark-unimed.php
array(5) {
  ["nome"]=>
  string(23) "WIDISON JUNIOR SIQUEIRA"
  ["cpf"]=>
  string(14) "112.195.066-30"
  ["email"]=>
  string(23) "widisonjunior@gmail.com"
  ["placa"]=>
  string(7) "NYE4I69"
  ["unidade"]=>
  array(1) {
    [0]=>
    string(1) "1"
  }
}

[11/01/2025 06:23:54] Verificando a solicitação...
