[04/02/2025 01:05:06] Verificando a solicitação...
[04/02/2025 01:05:06] abgsoft-autopark-unimed.php
array(5) {
  ["nome"]=>
  string(28) "Julio cesar guerreiro silva "
  ["cpf"]=>
  string(14) "044.312.651-80"
  ["email"]=>
  string(24) "graziellefbs@hotmail.com"
  ["placa"]=>
  string(7) "OQQ8J04"
  ["unidade"]=>
  array(1) {
    [0]=>
    string(1) "5"
  }
}

[04/02/2025 07:55:04] Verificando a solicitação...
[04/02/2025 09:20:58] Verificando a solicitação...
[04/02/2025 09:20:58] abgsoft-autopark-unimed.php
array(5) {
  ["nome"]=>
  string(27) "SONIA MARIA DA SILVA VIEIRA"
  ["cpf"]=>
  string(11) "94113955700"
  ["email"]=>
  string(24) "vieira.braulio@gmail.com"
  ["placa"]=>
  string(7) "Krs4399"
  ["unidade"]=>
  array(1) {
    [0]=>
    string(1) "7"
  }
}

[04/02/2025 09:50:24] Verificando a solicitação...
[04/02/2025 09:50:24] abgsoft-autopark-unimed.php
array(5) {
  ["nome"]=>
  string(33) "Paulo Victor Caetano de Oliveira "
  ["cpf"]=>
  string(11) "11742967639"
  ["email"]=>
  string(20) "paulovenge@gmail.com"
  ["placa"]=>
  string(7) "RTD6D37"
  ["unidade"]=>
  array(1) {
    [0]=>
    string(1) "5"
  }
}

[04/02/2025 10:13:37] Verificando a solicitação...
[04/02/2025 10:13:37] abgsoft-autopark-unimed.php
array(5) {
  ["nome"]=>
  string(20) "Aguinaldo Mesquiari "
  ["cpf"]=>
  string(14) "079.237.348-01"
  ["email"]=>
  string(21) "ajmesquiari@gmail.com"
  ["placa"]=>
  string(8) "OMG-3880"
  ["unidade"]=>
  array(1) {
    [0]=>
    string(1) "5"
  }
}

[04/02/2025 11:20:08] Verificando a solicitação...
[04/02/2025 11:20:08] abgsoft-autopark-unimed.php
array(5) {
  ["nome"]=>
  string(28) "KENYA SILVA DE SOUSA MIRANDA"
  ["cpf"]=>
  string(11) "01345747616"
  ["email"]=>
  string(25) "kenyasousa23@yahoo.com.br"
  ["placa"]=>
  string(8) "PWV0J78 "
  ["unidade"]=>
  array(1) {
    [0]=>
    string(1) "4"
  }
}

[04/02/2025 11:36:00] Verificando a solicitação...
[04/02/2025 11:36:00] abgsoft-autopark-unimed.php
array(5) {
  ["nome"]=>
  string(31) "MARCELO ISAIAS GUIMARAES COSTA "
  ["cpf"]=>
  string(14) "058.281.766-84"
  ["email"]=>
  string(20) "marceloigc@gmail.com"
  ["placa"]=>
  string(7) "QOD4717"
  ["unidade"]=>
  array(1) {
    [0]=>
    string(1) "5"
  }
}

[04/02/2025 11:40:45] Verificando a solicitação...
[04/02/2025 11:40:45] abgsoft-autopark-unimed.php
array(5) {
  ["nome"]=>
  string(30) "Karina Lucia Ribeiro de Cristo"
  ["cpf"]=>
  string(14) "014.918.976-19"
  ["email"]=>
  string(28) "karinaluciaribeiro@gmail.com"
  ["placa"]=>
  string(7) "OLW9855"
  ["unidade"]=>
  array(1) {
    [0]=>
    string(1) "5"
  }
}

[04/02/2025 12:52:08] Verificando a solicitação...
[04/02/2025 01:00:01] Verificando a solicitação...
[04/02/2025 01:19:53] Verificando a solicitação...
[04/02/2025 01:19:53] abgsoft-autopark-unimed.php
array(5) {
  ["nome"]=>
  string(26) "VIVIAN SOCORRO DE CARVALHO"
  ["cpf"]=>
  string(14) "033.644.896-10"
  ["email"]=>
  string(22) "viviancarv38@gmail.com"
  ["placa"]=>
  string(7) "QNX3687"
  ["unidade"]=>
  array(1) {
    [0]=>
    string(1) "5"
  }
}

[04/02/2025 01:41:08] Verificando a solicitação...
[04/02/2025 01:41:08] abgsoft-autopark-unimed.php
array(5) {
  ["nome"]=>
  string(24) "MARIANA DE BASTOS GARCIA"
  ["cpf"]=>
  string(14) "016.724.476-07"
  ["email"]=>
  string(23) "maridb.garcia@gmail.com"
  ["placa"]=>
  string(7) "SYQ9B61"
  ["unidade"]=>
  array(1) {
    [0]=>
    string(1) "5"
  }
}

[04/02/2025 01:44:09] Verificando a solicitação...
[04/02/2025 01:44:09] abgsoft-autopark-unimed.php
array(5) {
  ["nome"]=>
  string(35) "Tamires Yasmim Cipriani de Oliveira"
  ["cpf"]=>
  string(14) "081.090.826-37"
  ["email"]=>
  string(24) "tamicipriani@hotmail.com"
  ["placa"]=>
  string(7) "OQA5703"
  ["unidade"]=>
  array(1) {
    [0]=>
    string(1) "5"
  }
}

[04/02/2025 02:14:07] Verificando a solicitação...
[04/02/2025 02:27:36] Verificando a solicitação...
[04/02/2025 02:27:36] abgsoft-autopark-unimed.php
array(5) {
  ["nome"]=>
  string(7) "Geovana"
  ["cpf"]=>
  string(11) "13392943622"
  ["email"]=>
  string(26) "geovanamelina141@gmail.com"
  ["placa"]=>
  string(7) "Him8382"
  ["unidade"]=>
  array(1) {
    [0]=>
    string(1) "7"
  }
}

[04/02/2025 02:36:18] Verificando a solicitação...
[04/02/2025 02:36:18] abgsoft-autopark-unimed.php
array(5) {
  ["nome"]=>
  string(17) "Luciana Setragni "
  ["cpf"]=>
  string(15) "000.132.256-77 "
  ["email"]=>
  string(25) "lucianasetragni@gmail.com"
  ["placa"]=>
  string(8) "KPN7A97 "
  ["unidade"]=>
  array(1) {
    [0]=>
    string(1) "7"
  }
}

[04/02/2025 02:39:15] Verificando a solicitação...
[04/02/2025 02:39:15] abgsoft-autopark-unimed.php
array(5) {
  ["nome"]=>
  string(31) "Mônica Kalil Othero Fernandes "
  ["cpf"]=>
  string(14) "529.244.676-91"
  ["email"]=>
  string(26) "monica.othero@yahoo.com.br"
  ["placa"]=>
  string(10) "EIZ - 9288"
  ["unidade"]=>
  array(1) {
    [0]=>
    string(1) "5"
  }
}

[04/02/2025 03:17:47] Verificando a solicitação...
[04/02/2025 03:17:47] abgsoft-autopark-unimed.php
array(5) {
  ["nome"]=>
  string(23) "Email Quaresma de sousa"
  ["cpf"]=>
  string(12) "691083826-20"
  ["email"]=>
  string(24) "amorim.karlaoq@gmail.com"
  ["placa"]=>
  string(8) "HCA 8927"
  ["unidade"]=>
  array(1) {
    [0]=>
    string(1) "5"
  }
}

[04/02/2025 03:42:46] Verificando a solicitação...
[04/02/2025 03:42:46] abgsoft-autopark-unimed.php
array(5) {
  ["nome"]=>
  string(26) "CLAUDIENE GARCIA DE FARIAS"
  ["cpf"]=>
  string(11) "08944418683"
  ["email"]=>
  string(24) "claudyedfisica@gmail.com"
  ["placa"]=>
  string(7) "Qqg0531"
  ["unidade"]=>
  array(1) {
    [0]=>
    string(1) "7"
  }
}

[04/02/2025 04:07:49] Verificando a solicitação...
[04/02/2025 04:07:49] abgsoft-autopark-unimed.php
array(5) {
  ["nome"]=>
  string(23) "sandra magna dos santos"
  ["cpf"]=>
  string(11) "80962084620"
  ["email"]=>
  string(21) "sandrambh13@gmail.com"
  ["placa"]=>
  string(7) "QZW5G93"
  ["unidade"]=>
  array(1) {
    [0]=>
    string(1) "7"
  }
}

[04/02/2025 04:46:29] Verificando a solicitação...
[04/02/2025 04:52:17] Verificando a solicitação...
[04/02/2025 04:52:17] abgsoft-autopark-unimed.php
array(5) {
  ["nome"]=>
  string(25) "LUIZ CLAUDIO VASQUES MAIA"
  ["cpf"]=>
  string(12) "006440171605"
  ["email"]=>
  string(25) "maialuizclaudio@gmail.com"
  ["placa"]=>
  string(7) "RGC1H84"
  ["unidade"]=>
  array(1) {
    [0]=>
    string(1) "4"
  }
}

[04/02/2025 05:54:35] Verificando a solicitação...
[04/02/2025 05:55:36] Verificando a solicitação...
[04/02/2025 05:55:36] abgsoft-autopark-unimed.php
array(5) {
  ["nome"]=>
  string(27) "Anderson da Silva mesquita "
  ["cpf"]=>
  string(14) "058.832.926-66"
  ["email"]=>
  string(32) "andersonmesquita2015@hotmail.com"
  ["placa"]=>
  string(7) "OQU1792"
  ["unidade"]=>
  array(1) {
    [0]=>
    string(1) "1"
  }
}

[04/02/2025 06:15:24] Verificando a solicitação...
[04/02/2025 06:15:24] abgsoft-autopark-unimed.php
array(5) {
  ["nome"]=>
  string(27) "SONIA MARIA DA SILVA VIEIRA"
  ["cpf"]=>
  string(11) "94113955700"
  ["email"]=>
  string(24) "vieira.braulio@gmail.com"
  ["placa"]=>
  string(7) "Krs4399"
  ["unidade"]=>
  array(1) {
    [0]=>
    string(1) "7"
  }
}

[04/02/2025 06:27:35] Verificando a solicitação...
[04/02/2025 06:42:54] Verificando a solicitação...
[04/02/2025 06:52:41] Verificando a solicitação...
[04/02/2025 06:52:41] abgsoft-autopark-unimed.php
array(5) {
  ["nome"]=>
  string(32) "Alexa Marília da Silva Oliveira"
  ["cpf"]=>
  string(14) "118.284.656-40"
  ["email"]=>
  string(27) "alexamarilia025@hotmail.com"
  ["placa"]=>
  string(7) "HKQ4792"
  ["unidade"]=>
  array(1) {
    [0]=>
    string(1) "7"
  }
}

[04/02/2025 07:20:21] Verificando a solicitação...
[04/02/2025 07:20:21] abgsoft-autopark-unimed.php
array(5) {
  ["nome"]=>
  string(22) "Denise Gomes Clavilho "
  ["cpf"]=>
  string(11) "69818398653"
  ["email"]=>
  string(23) "dg.clavilho@hotmail.com"
  ["placa"]=>
  string(7) "RAI3E26"
  ["unidade"]=>
  array(1) {
    [0]=>
    string(1) "5"
  }
}

[04/02/2025 07:30:02] Verificando a solicitação...
[04/02/2025 07:30:02] abgsoft-autopark-unimed.php
array(5) {
  ["nome"]=>
  string(23) "Luiz Carlos de Oliveira"
  ["cpf"]=>
  string(14) "879.420.206-06"
  ["email"]=>
  string(28) "luizcarlosoliver46@gmail.com"
  ["placa"]=>
  string(7) "Prn3i83"
  ["unidade"]=>
  array(1) {
    [0]=>
    string(1) "2"
  }
}

[04/02/2025 08:45:05] Verificando a solicitação...
[04/02/2025 08:45:05] abgsoft-autopark-unimed.php
array(5) {
  ["nome"]=>
  string(24) "BRÁULIO LUIZ DE ARAÚJO"
  ["cpf"]=>
  string(14) "112.880.696-77"
  ["email"]=>
  string(28) "braulio.araujo@vallourec.com"
  ["placa"]=>
  string(7) "SYW6I25"
  ["unidade"]=>
  array(1) {
    [0]=>
    string(1) "2"
  }
}

[04/02/2025 09:30:14] Verificando a solicitação...
[04/02/2025 09:54:09] Verificando a solicitação...
[04/02/2025 11:46:33] Verificando a solicitação...
[04/02/2025 11:46:33] abgsoft-autopark-unimed.php
array(5) {
  ["nome"]=>
  string(8) "Juliana "
  ["cpf"]=>
  string(11) "01342340655"
  ["email"]=>
  string(27) "supervisaojuliana@gmail.com"
  ["placa"]=>
  string(7) "HNB4559"
  ["unidade"]=>
  array(1) {
    [0]=>
    string(1) "5"
  }
}

