[14/03/2025 03:15:11] Verificando a solicitação...
[14/03/2025 03:15:11] abgsoft-autopark-unimed.php
array(5) {
  ["nome"]=>
  string(26) "FABIANA CRISTINA DOS ANJOS"
  ["cpf"]=>
  string(14) "038.692.256-02"
  ["email"]=>
  string(26) "doremifabiana@yahoo.com.br"
  ["placa"]=>
  string(7) "HAB3775"
  ["unidade"]=>
  array(1) {
    [0]=>
    string(1) "1"
  }
}

[14/03/2025 03:39:02] Verificando a solicitação...
[14/03/2025 06:05:17] Verificando a solicitação...
[14/03/2025 06:05:17] abgsoft-autopark-unimed.php
array(5) {
  ["nome"]=>
  string(16) "Fausto Cerqueira"
  ["cpf"]=>
  string(11) "13432028687"
  ["email"]=>
  string(18) "faustoec@gmail.com"
  ["placa"]=>
  string(8) "OQK6017 "
  ["unidade"]=>
  array(1) {
    [0]=>
    string(1) "5"
  }
}

[14/03/2025 07:16:50] Verificando a solicitação...
[14/03/2025 09:54:44] Verificando a solicitação...
[14/03/2025 09:54:44] abgsoft-autopark-unimed.php
array(5) {
  ["nome"]=>
  string(26) "Derli Silva de Lana Junior"
  ["cpf"]=>
  string(11) "01501713663"
  ["email"]=>
  string(20) "derlilan@hotmail.com"
  ["placa"]=>
  string(8) "GNV 7315"
  ["unidade"]=>
  array(1) {
    [0]=>
    string(1) "5"
  }
}

[14/03/2025 11:38:10] Verificando a solicitação...
[14/03/2025 11:38:10] abgsoft-autopark-unimed.php
array(5) {
  ["nome"]=>
  string(30) "Silvani de Jesus Braz Moreira "
  ["cpf"]=>
  string(11) "63865475604"
  ["email"]=>
  string(25) "silvanithales@hotmail.com"
  ["placa"]=>
  string(7) "PGD5G13"
  ["unidade"]=>
  array(1) {
    [0]=>
    string(1) "5"
  }
}

[14/03/2025 02:25:06] Verificando a solicitação...
[14/03/2025 02:25:06] abgsoft-autopark-unimed.php
array(5) {
  ["nome"]=>
  string(16) "Victor Lourenço"
  ["cpf"]=>
  string(11) "70256530637"
  ["email"]=>
  string(29) "vlempreendimentosme@gmail.com"
  ["placa"]=>
  string(7) "Hfr5663"
  ["unidade"]=>
  array(1) {
    [0]=>
    string(1) "1"
  }
}

[14/03/2025 03:36:10] Verificando a solicitação...
[14/03/2025 03:36:10] abgsoft-autopark-unimed.php
array(5) {
  ["nome"]=>
  string(24) "Kelly de Castro Del Rio "
  ["cpf"]=>
  string(14) "036.547.116-00"
  ["email"]=>
  string(17) "kecdr@hotmail.com"
  ["placa"]=>
  string(8) "PYT 2185"
  ["unidade"]=>
  array(1) {
    [0]=>
    string(1) "5"
  }
}

[14/03/2025 03:57:24] Verificando a solicitação...
[14/03/2025 05:05:25] Verificando a solicitação...
[14/03/2025 05:05:25] abgsoft-autopark-unimed.php
array(5) {
  ["nome"]=>
  string(28) "JACQUELINE SOUSA DE OLIVEIRA"
  ["cpf"]=>
  string(14) "026.545.266-07"
  ["email"]=>
  string(25) "jacquelinesoso2@gmail.com"
  ["placa"]=>
  string(7) "QQC0790"
  ["unidade"]=>
  array(1) {
    [0]=>
    string(1) "5"
  }
}

[14/03/2025 08:39:42] Verificando a solicitação...
[14/03/2025 08:39:42] abgsoft-autopark-unimed.php
array(5) {
  ["nome"]=>
  string(17) "FABIANO EUSTAQUIO"
  ["cpf"]=>
  string(14) "056.182.506-83"
  ["email"]=>
  string(28) "fabianoeustaquio21@gmail.com"
  ["placa"]=>
  string(7) "OUZ6B87"
  ["unidade"]=>
  array(1) {
    [0]=>
    string(1) "5"
  }
}

[14/03/2025 10:10:44] Verificando a solicitação...
[14/03/2025 10:10:44] abgsoft-autopark-unimed.php
array(5) {
  ["nome"]=>
  string(21) "Luci Lisboa da Silva "
  ["cpf"]=>
  string(14) "276.685.766-49"
  ["email"]=>
  string(24) "ludmillasn.bya@gmail.com"
  ["placa"]=>
  string(7) "Mqf8574"
  ["unidade"]=>
  array(1) {
    [0]=>
    string(1) "2"
  }
}

[14/03/2025 10:27:30] Verificando a solicitação...
