[25/01/2025 09:43:34] Verificando a solicitação...
[25/01/2025 09:43:34] abgsoft-autopark-unimed.php
array(5) {
  ["nome"]=>
  string(23) "PEDRO NUNES VIEIRA NETO"
  ["cpf"]=>
  string(14) "427.684.706-00"
  ["email"]=>
  string(26) "P.NUNESVIEIRA@YAHOO.COM.BR"
  ["placa"]=>
  string(7) "RUO7B98"
  ["unidade"]=>
  array(1) {
    [0]=>
    string(1) "7"
  }
}

[25/01/2025 10:54:35] Verificando a solicitação...
[25/01/2025 10:54:35] abgsoft-autopark-unimed.php
array(5) {
  ["nome"]=>
  string(20) "Thayza Silva Chamone"
  ["cpf"]=>
  string(11) "20318073668"
  ["email"]=>
  string(25) "thayzachamone@hotmail.com"
  ["placa"]=>
  string(7) "OPH3A31"
  ["unidade"]=>
  array(1) {
    [0]=>
    string(1) "5"
  }
}

[25/01/2025 06:38:56] Verificando a solicitação...
[25/01/2025 06:38:56] abgsoft-autopark-unimed.php
array(5) {
  ["nome"]=>
  string(31) "LUIZ GUSTAVO DE OLIVEIRA SCHENK"
  ["cpf"]=>
  string(14) "068.057.116-73"
  ["email"]=>
  string(20) "luizschenk@gmail.com"
  ["placa"]=>
  string(7) "hne0437"
  ["unidade"]=>
  array(1) {
    [0]=>
    string(1) "5"
  }
}

[25/01/2025 06:59:40] Verificando a solicitação...
[25/01/2025 06:59:40] abgsoft-autopark-unimed.php
array(5) {
  ["nome"]=>
  string(26) "MICHELLE FERREIRA DE SOUZA"
  ["cpf"]=>
  string(14) "073.503.376-55"
  ["email"]=>
  string(26) "michellefs777@yahoo.com.br"
  ["placa"]=>
  string(7) "PZY4933"
  ["unidade"]=>
  array(1) {
    [0]=>
    string(1) "7"
  }
}

[25/01/2025 07:32:19] Verificando a solicitação...
[25/01/2025 07:32:19] abgsoft-autopark-unimed.php
array(5) {
  ["nome"]=>
  string(17) "Simone Magalhães"
  ["cpf"]=>
  string(14) "977.893.136-49"
  ["email"]=>
  string(21) "simonem0909@gmail.com"
  ["placa"]=>
  string(7) "Rtf0a09"
  ["unidade"]=>
  array(1) {
    [0]=>
    string(1) "5"
  }
}

[25/01/2025 09:41:46] Verificando a solicitação...
[25/01/2025 09:41:46] abgsoft-autopark-unimed.php
array(5) {
  ["nome"]=>
  string(20) "Felipe Baeta Fonseca"
  ["cpf"]=>
  string(11) "12734965666"
  ["email"]=>
  string(27) "moliveiravillalta@gmail.com"
  ["placa"]=>
  string(8) "HFM-9396"
  ["unidade"]=>
  array(1) {
    [0]=>
    string(1) "5"
  }
}

[25/01/2025 09:47:57] Verificando a solicitação...
[25/01/2025 09:47:57] abgsoft-autopark-unimed.php
array(5) {
  ["nome"]=>
  string(26) "Patrícia Oliveira morais "
  ["cpf"]=>
  string(14) "029.489.466-70"
  ["email"]=>
  string(21) "pomorais@yahoo.com.br"
  ["placa"]=>
  string(7) "RVZ5C57"
  ["unidade"]=>
  array(1) {
    [0]=>
    string(1) "7"
  }
}

[25/01/2025 11:22:40] Verificando a solicitação...
[25/01/2025 11:22:40] abgsoft-autopark-unimed.php
array(5) {
  ["nome"]=>
  string(17) "CATIANE RODRIGUES"
  ["cpf"]=>
  string(14) "005.379.646-22"
  ["email"]=>
  string(29) "catianerodrigues@yahoo.com.br"
  ["placa"]=>
  string(7) "QNK8286"
  ["unidade"]=>
  array(1) {
    [0]=>
    string(1) "7"
  }
}

