[28/01/2025 05:04:20] Verificando a solicitação...
[28/01/2025 08:53:34] Verificando a solicitação...
[28/01/2025 10:36:09] Verificando a solicitação...
[28/01/2025 10:36:09] abgsoft-autopark-unimed.php
array(5) {
  ["nome"]=>
  string(15) "Luciana Aguiar "
  ["cpf"]=>
  string(15) "040.271.976-07 "
  ["email"]=>
  string(29) "lucianaaguiar2409@hotmail.com"
  ["placa"]=>
  string(7) "HJU9702"
  ["unidade"]=>
  array(1) {
    [0]=>
    string(1) "5"
  }
}

[28/01/2025 10:39:20] Verificando a solicitação...
[28/01/2025 10:48:54] Verificando a solicitação...
[28/01/2025 10:48:54] abgsoft-autopark-unimed.php
array(5) {
  ["nome"]=>
  string(25) "Paulo Marcelo de Oliveira"
  ["cpf"]=>
  string(11) "42455243672"
  ["email"]=>
  string(26) "paulomarcelo10@hotmail.com"
  ["placa"]=>
  string(7) "QXK9027"
  ["unidade"]=>
  array(1) {
    [0]=>
    string(1) "5"
  }
}

[28/01/2025 11:42:07] Verificando a solicitação...
[28/01/2025 11:42:07] abgsoft-autopark-unimed.php
array(5) {
  ["nome"]=>
  string(33) "VIVIANE GABRIELA SEVIDANES VILELA"
  ["cpf"]=>
  string(11) "01700343645"
  ["email"]=>
  string(23) "vivianeviela@pbh.gov.br"
  ["placa"]=>
  string(7) "FBN3096"
  ["unidade"]=>
  array(1) {
    [0]=>
    string(1) "7"
  }
}

[28/01/2025 12:05:20] Verificando a solicitação...
[28/01/2025 12:05:20] abgsoft-autopark-unimed.php
array(5) {
  ["nome"]=>
  string(25) "tatiane ferreira teixeira"
  ["cpf"]=>
  string(14) "075.128.786-56"
  ["email"]=>
  string(27) "tatianefereira245@gmail.com"
  ["placa"]=>
  string(7) "pwm3a89"
  ["unidade"]=>
  array(1) {
    [0]=>
    string(1) "1"
  }
}

[28/01/2025 12:47:24] Verificando a solicitação...
[28/01/2025 01:08:16] Verificando a solicitação...
[28/01/2025 01:08:16] abgsoft-autopark-unimed.php
array(5) {
  ["nome"]=>
  string(33) "GLEISSON EUSTAQUIO DE MORAIS LARA"
  ["cpf"]=>
  string(11) "64423867672"
  ["email"]=>
  string(22) "gleissonl@yahoo.com.br"
  ["placa"]=>
  string(7) "RNT5A94"
  ["unidade"]=>
  array(1) {
    [0]=>
    string(1) "5"
  }
}

[28/01/2025 01:10:01] Verificando a solicitação...
[28/01/2025 01:10:01] abgsoft-autopark-unimed.php
array(5) {
  ["nome"]=>
  string(40) "Vitor Diniz Machado Magalhaes Nascimento"
  ["cpf"]=>
  string(14) "062.542.706-84"
  ["email"]=>
  string(24) "vitordinizm@yahoo.com.br"
  ["placa"]=>
  string(7) "QXE0H82"
  ["unidade"]=>
  array(1) {
    [0]=>
    string(1) "5"
  }
}

[28/01/2025 01:13:16] Verificando a solicitação...
[28/01/2025 01:13:16] abgsoft-autopark-unimed.php
array(5) {
  ["nome"]=>
  string(30) "JAQUELINE FERNANDES DOS SANTOS"
  ["cpf"]=>
  string(11) "067.757.706"
  ["email"]=>
  string(21) "jackfds2010@gmail.com"
  ["placa"]=>
  string(7) "HOD1676"
  ["unidade"]=>
  array(1) {
    [0]=>
    string(1) "7"
  }
}

[28/01/2025 01:19:12] Verificando a solicitação...
[28/01/2025 01:19:12] abgsoft-autopark-unimed.php
array(5) {
  ["nome"]=>
  string(42) "Taciana Amanda da Silva de España Pernold"
  ["cpf"]=>
  string(11) "06398297679"
  ["email"]=>
  string(24) "taciana.amanda@gmail.com"
  ["placa"]=>
  string(7) "HDV8G00"
  ["unidade"]=>
  array(1) {
    [0]=>
    string(1) "3"
  }
}

[28/01/2025 01:24:57] Verificando a solicitação...
[28/01/2025 01:24:57] abgsoft-autopark-unimed.php
array(5) {
  ["nome"]=>
  string(21) "Antônia maria costa "
  ["cpf"]=>
  string(15) "013.270.706-34 "
  ["email"]=>
  string(23) "antoniomcosta@gmail.com"
  ["placa"]=>
  string(7) "OXD7363"
  ["unidade"]=>
  array(1) {
    [0]=>
    string(1) "2"
  }
}

[28/01/2025 02:13:13] Verificando a solicitação...
[28/01/2025 02:15:12] Verificando a solicitação...
[28/01/2025 02:20:31] Verificando a solicitação...
[28/01/2025 02:20:31] abgsoft-autopark-unimed.php
array(5) {
  ["nome"]=>
  string(22) "VALERIA VIEIRA MARTINS"
  ["cpf"]=>
  string(11) "69883300620"
  ["email"]=>
  string(31) "valeria.martins@cohab.mg.gov.br"
  ["placa"]=>
  string(8) "PUF 1821"
  ["unidade"]=>
  array(1) {
    [0]=>
    string(1) "5"
  }
}

[28/01/2025 02:23:16] Verificando a solicitação...
[28/01/2025 02:23:16] abgsoft-autopark-unimed.php
array(5) {
  ["nome"]=>
  string(18) "José Carlos Mello"
  ["cpf"]=>
  string(11) "14403021620"
  ["email"]=>
  string(18) "mellojc1@gmail.com"
  ["placa"]=>
  string(8) "OOV 9604"
  ["unidade"]=>
  array(1) {
    [0]=>
    string(1) "4"
  }
}

[28/01/2025 03:02:44] Verificando a solicitação...
[28/01/2025 03:02:44] abgsoft-autopark-unimed.php
array(5) {
  ["nome"]=>
  string(25) "Rafaela Ramos de Oliveira"
  ["cpf"]=>
  string(11) "13098702680"
  ["email"]=>
  string(26) "rafaelaramos95@outlook.com"
  ["placa"]=>
  string(7) "QUY2A82"
  ["unidade"]=>
  array(1) {
    [0]=>
    string(1) "7"
  }
}

[28/01/2025 03:27:21] Verificando a solicitação...
[28/01/2025 03:27:21] abgsoft-autopark-unimed.php
array(5) {
  ["nome"]=>
  string(9) "Fernanda "
  ["cpf"]=>
  string(14) "042.727.686-11"
  ["email"]=>
  string(28) "fernanda.adrian@yahoo.com.br"
  ["placa"]=>
  string(7) "QXZ7D55"
  ["unidade"]=>
  array(1) {
    [0]=>
    string(1) "5"
  }
}

[28/01/2025 04:03:19] Verificando a solicitação...
[28/01/2025 04:45:43] Verificando a solicitação...
[28/01/2025 04:45:43] abgsoft-autopark-unimed.php
array(5) {
  ["nome"]=>
  string(29) "Ana Julia Ferreira De Almeida"
  ["cpf"]=>
  string(11) "07419563659"
  ["email"]=>
  string(20) "fanajulia5@gmail.com"
  ["placa"]=>
  string(7) "OMA5832"
  ["unidade"]=>
  array(1) {
    [0]=>
    string(1) "5"
  }
}

[28/01/2025 04:45:58] Verificando a solicitação...
[28/01/2025 05:14:44] Verificando a solicitação...
[28/01/2025 05:14:44] abgsoft-autopark-unimed.php
array(5) {
  ["nome"]=>
  string(22) "Mônica Maria Miranda "
  ["cpf"]=>
  string(11) "48987034615"
  ["email"]=>
  string(30) "contatomonicamiranda@gmail.com"
  ["placa"]=>
  string(7) "PZP2C59"
  ["unidade"]=>
  array(1) {
    [0]=>
    string(1) "7"
  }
}

[28/01/2025 05:20:38] Verificando a solicitação...
[28/01/2025 05:20:38] abgsoft-autopark-unimed.php
array(5) {
  ["nome"]=>
  string(11) "Jade Tavora"
  ["cpf"]=>
  string(11) "01778521606"
  ["email"]=>
  string(24) "jadetavora00@hotmail.com"
  ["placa"]=>
  string(7) "OSB6877"
  ["unidade"]=>
  array(1) {
    [0]=>
    string(1) "7"
  }
}

[28/01/2025 05:35:41] Verificando a solicitação...
[28/01/2025 06:33:31] Verificando a solicitação...
[28/01/2025 06:33:31] abgsoft-autopark-unimed.php
array(5) {
  ["nome"]=>
  string(37) "ELISANGELA JANAINA GONCALVES DA SILVA"
  ["cpf"]=>
  string(11) "03240067641"
  ["email"]=>
  string(29) "elisangelajanaina@hotmail.com"
  ["placa"]=>
  string(7) "FQI8A88"
  ["unidade"]=>
  array(1) {
    [0]=>
    string(1) "7"
  }
}

[28/01/2025 06:42:46] Verificando a solicitação...
[28/01/2025 06:42:46] abgsoft-autopark-unimed.php
array(5) {
  ["nome"]=>
  string(35) "IMACULADA APARECIDA FERREIRA SILVA "
  ["cpf"]=>
  string(11) "40889238634"
  ["email"]=>
  string(27) "culadaferreira@yahoo.com.br"
  ["placa"]=>
  string(7) "HER1J77"
  ["unidade"]=>
  array(1) {
    [0]=>
    string(1) "5"
  }
}

[28/01/2025 07:45:37] Verificando a solicitação...
[28/01/2025 07:45:37] abgsoft-autopark-unimed.php
array(5) {
  ["nome"]=>
  string(13) "Vanessa Alves"
  ["cpf"]=>
  string(11) "04609552680"
  ["email"]=>
  string(20) "vava0205@hotmail.com"
  ["placa"]=>
  string(8) "OLT 8509"
  ["unidade"]=>
  array(1) {
    [0]=>
    string(1) "2"
  }
}

[28/01/2025 09:12:41] Verificando a solicitação...
[28/01/2025 09:34:51] Verificando a solicitação...
[28/01/2025 09:34:51] abgsoft-autopark-unimed.php
array(5) {
  ["nome"]=>
  string(26) "LUCELIA RIBEIRO DOS SANTOS"
  ["cpf"]=>
  string(14) "040.855.756-78"
  ["email"]=>
  string(23) "lucelia.henri@gmail.com"
  ["placa"]=>
  string(7) "Oqe8836"
  ["unidade"]=>
  array(1) {
    [0]=>
    string(1) "5"
  }
}

[28/01/2025 10:14:51] Verificando a solicitação...
[28/01/2025 10:14:51] abgsoft-autopark-unimed.php
array(5) {
  ["nome"]=>
  string(27) "Samuel elson toninho lopes "
  ["cpf"]=>
  string(15) "113.172.486-00 "
  ["email"]=>
  string(19) "setol2014@gmail.com"
  ["placa"]=>
  string(8) "PVC 9968"
  ["unidade"]=>
  array(1) {
    [0]=>
    string(1) "4"
  }
}

[28/01/2025 11:17:43] Verificando a solicitação...
[28/01/2025 11:17:43] abgsoft-autopark-unimed.php
array(5) {
  ["nome"]=>
  string(25) "Ronaldo Ricardo Ferreira "
  ["cpf"]=>
  string(11) "61345512600"
  ["email"]=>
  string(33) "danynunesoliverferreira@gmail.com"
  ["placa"]=>
  string(7) "RNH2E88"
  ["unidade"]=>
  array(1) {
    [0]=>
    string(1) "3"
  }
}

[28/01/2025 11:25:37] Verificando a solicitação...
