[15/01/2025 12:40:14] Verificando a solicitação...
[15/01/2025 01:36:20] Verificando a solicitação...
[15/01/2025 01:36:20] abgsoft-autopark-unimed.php
array(5) {
  ["nome"]=>
  string(24) "Marcilio Soares Marinho "
  ["cpf"]=>
  string(15) "042.576.746-95 "
  ["email"]=>
  string(28) "marciliomarinho@yahoo.com.br"
  ["placa"]=>
  string(8) "FJT7G45 "
  ["unidade"]=>
  array(1) {
    [0]=>
    string(1) "7"
  }
}

[15/01/2025 05:56:46] Verificando a solicitação...
[15/01/2025 07:30:44] Verificando a solicitação...
[15/01/2025 09:14:26] Verificando a solicitação...
[15/01/2025 09:14:26] abgsoft-autopark-unimed.php
array(5) {
  ["nome"]=>
  string(30) "Sueli Aparecida Ribeiro Teles "
  ["cpf"]=>
  string(11) "06161053632"
  ["email"]=>
  string(18) "sueliuni@gmail.com"
  ["placa"]=>
  string(7) "PVP4044"
  ["unidade"]=>
  array(1) {
    [0]=>
    string(1) "5"
  }
}

[15/01/2025 11:59:06] Verificando a solicitação...
[15/01/2025 11:59:06] abgsoft-autopark-unimed.php
array(5) {
  ["nome"]=>
  string(22) "Charlene Santos Soares"
  ["cpf"]=>
  string(11) "06722882659"
  ["email"]=>
  string(19) "chateleco@gmail.com"
  ["placa"]=>
  string(7) "OPJ7056"
  ["unidade"]=>
  array(1) {
    [0]=>
    string(1) "5"
  }
}

[15/01/2025 12:07:02] Verificando a solicitação...
[15/01/2025 12:07:02] abgsoft-autopark-unimed.php
array(5) {
  ["nome"]=>
  string(25) "Paulo Marcelo de Oliveira"
  ["cpf"]=>
  string(11) "42455243672"
  ["email"]=>
  string(26) "paulomarcelo10@hotmail.com"
  ["placa"]=>
  string(7) "QXK9027"
  ["unidade"]=>
  array(1) {
    [0]=>
    string(1) "5"
  }
}

[15/01/2025 12:28:42] Verificando a solicitação...
[15/01/2025 12:34:34] Verificando a solicitação...
[15/01/2025 12:34:34] abgsoft-autopark-unimed.php
array(5) {
  ["nome"]=>
  string(5) "Vivia"
  ["cpf"]=>
  string(14) "013.673.426-00"
  ["email"]=>
  string(28) "viviaflavia2014@yahoo.com.br"
  ["placa"]=>
  string(8) "HFP 9038"
  ["unidade"]=>
  array(1) {
    [0]=>
    string(1) "2"
  }
}

[15/01/2025 12:54:40] Verificando a solicitação...
[15/01/2025 12:54:40] abgsoft-autopark-unimed.php
array(5) {
  ["nome"]=>
  string(20) "JULIENE MAGELA SILVA"
  ["cpf"]=>
  string(14) "048.612.356-18"
  ["email"]=>
  string(24) "julienemagela@bol.com.br"
  ["placa"]=>
  string(7) "RVT7A95"
  ["unidade"]=>
  array(1) {
    [0]=>
    string(1) "5"
  }
}

[15/01/2025 01:40:38] Verificando a solicitação...
[15/01/2025 01:48:39] Verificando a solicitação...
[15/01/2025 01:48:39] abgsoft-autopark-unimed.php
array(5) {
  ["nome"]=>
  string(28) "Hemily Catarine Romão Costa"
  ["cpf"]=>
  string(11) "09520644644"
  ["email"]=>
  string(22) "hemilykat@yahoo.com.br"
  ["placa"]=>
  string(7) "OLP1G00"
  ["unidade"]=>
  array(1) {
    [0]=>
    string(1) "2"
  }
}

[15/01/2025 02:33:53] Verificando a solicitação...
[15/01/2025 02:34:18] Verificando a solicitação...
[15/01/2025 02:34:18] abgsoft-autopark-unimed.php
array(5) {
  ["nome"]=>
  string(19) "CECILIA DINIZ COSTA"
  ["cpf"]=>
  string(11) "10278758665"
  ["email"]=>
  string(23) "ceciliadinizc@gmail.com"
  ["placa"]=>
  string(7) "QNG3454"
  ["unidade"]=>
  array(1) {
    [0]=>
    string(1) "3"
  }
}

[15/01/2025 02:37:27] Verificando a solicitação...
[15/01/2025 02:37:27] abgsoft-autopark-unimed.php
array(5) {
  ["nome"]=>
  string(31) "Karina Eliane Ferreira de Souza"
  ["cpf"]=>
  string(14) "116.836.736-03"
  ["email"]=>
  string(24) "karinaeliane28@gmail.com"
  ["placa"]=>
  string(8) "Tcc2e79 "
  ["unidade"]=>
  array(1) {
    [0]=>
    string(1) "5"
  }
}

[15/01/2025 03:03:57] Verificando a solicitação...
[15/01/2025 03:03:57] abgsoft-autopark-unimed.php
array(5) {
  ["nome"]=>
  string(21) "Faylla santos pessoa "
  ["cpf"]=>
  string(14) "077.950.906-48"
  ["email"]=>
  string(19) "fayllap@hotmail.com"
  ["placa"]=>
  string(7) "QUM4811"
  ["unidade"]=>
  array(1) {
    [0]=>
    string(1) "3"
  }
}

[15/01/2025 03:26:42] Verificando a solicitação...
[15/01/2025 03:26:42] abgsoft-autopark-unimed.php
array(5) {
  ["nome"]=>
  string(15) "Carla Ferreira "
  ["cpf"]=>
  string(11) "09784024640"
  ["email"]=>
  string(19) "carlifr@hotmail.com"
  ["placa"]=>
  string(7) "GZS2118"
  ["unidade"]=>
  array(1) {
    [0]=>
    string(1) "7"
  }
}

[15/01/2025 04:12:15] Verificando a solicitação...
[15/01/2025 04:36:42] Verificando a solicitação...
[15/01/2025 04:36:42] abgsoft-autopark-unimed.php
array(5) {
  ["nome"]=>
  string(23) "Vander Lúcio Feliciano"
  ["cpf"]=>
  string(12) "055547016-47"
  ["email"]=>
  string(22) "lucio.vander@gmail.com"
  ["placa"]=>
  string(7) "OQQ6107"
  ["unidade"]=>
  array(1) {
    [0]=>
    string(1) "5"
  }
}

[15/01/2025 04:40:23] Verificando a solicitação...
[15/01/2025 04:40:26] Verificando a solicitação...
[15/01/2025 04:47:10] Verificando a solicitação...
[15/01/2025 04:47:10] abgsoft-autopark-unimed.php
array(5) {
  ["nome"]=>
  string(30) "JANE CARLA PEREIRA TRASLADACAO"
  ["cpf"]=>
  string(14) "026.546.846-95"
  ["email"]=>
  string(28) "Janecarla.carla@yahoo.com.br"
  ["placa"]=>
  string(8) "RFW2G00 "
  ["unidade"]=>
  array(1) {
    [0]=>
    string(1) "7"
  }
}

[15/01/2025 04:49:56] Verificando a solicitação...
[15/01/2025 04:49:56] abgsoft-autopark-unimed.php
array(5) {
  ["nome"]=>
  string(25) "Noemia Farias dos Santos "
  ["cpf"]=>
  string(15) "224.283.645-53 "
  ["email"]=>
  string(26) "noemia.cont.prof@gmail.com"
  ["placa"]=>
  string(8) "OQI3485 "
  ["unidade"]=>
  array(1) {
    [0]=>
    string(1) "2"
  }
}

[15/01/2025 05:09:00] Verificando a solicitação...
[15/01/2025 05:09:00] abgsoft-autopark-unimed.php
array(5) {
  ["nome"]=>
  string(32) "ELVIRA ANGELICA REZENDE CORDEIRO"
  ["cpf"]=>
  string(11) "97892912649"
  ["email"]=>
  string(20) "elvirangel@gmail.com"
  ["placa"]=>
  string(7) "OQU7939"
  ["unidade"]=>
  array(1) {
    [0]=>
    string(1) "5"
  }
}

[15/01/2025 06:26:03] Verificando a solicitação...
[15/01/2025 06:38:09] Verificando a solicitação...
[15/01/2025 06:38:09] abgsoft-autopark-unimed.php
array(5) {
  ["nome"]=>
  string(18) "eberth seixas rosa"
  ["cpf"]=>
  string(14) "979.094.406-34"
  ["email"]=>
  string(25) "eberthseixas@yahoo.com.br"
  ["placa"]=>
  string(7) "RNY0D11"
  ["unidade"]=>
  array(1) {
    [0]=>
    string(1) "7"
  }
}

[15/01/2025 06:52:29] Verificando a solicitação...
[15/01/2025 07:22:30] Verificando a solicitação...
[15/01/2025 07:22:30] abgsoft-autopark-unimed.php
array(5) {
  ["nome"]=>
  string(14) "Raquel ladeira"
  ["cpf"]=>
  string(11) "03523226678"
  ["email"]=>
  string(23) "raquelladeira@gmail.com"
  ["placa"]=>
  string(7) "Aqz1204"
  ["unidade"]=>
  array(1) {
    [0]=>
    string(1) "5"
  }
}

[15/01/2025 08:17:52] Verificando a solicitação...
[15/01/2025 08:17:52] abgsoft-autopark-unimed.php
array(5) {
  ["nome"]=>
  string(29) "Alyson Nogueira da Costa Mota"
  ["cpf"]=>
  string(11) "03141909610"
  ["email"]=>
  string(27) "alyson.nogueira@hotmail.com"
  ["placa"]=>
  string(8) "QXQ-6G55"
  ["unidade"]=>
  array(1) {
    [0]=>
    string(1) "2"
  }
}

[15/01/2025 08:18:20] Verificando a solicitação...
[15/01/2025 08:18:20] abgsoft-autopark-unimed.php
array(5) {
  ["nome"]=>
  string(27) "RENATA RUBIA VIANNA PEREIRA"
  ["cpf"]=>
  string(14) "047.355.236-18"
  ["email"]=>
  string(26) "renatarubiavo@yahoo.com.br"
  ["placa"]=>
  string(7) "SHS1I52"
  ["unidade"]=>
  array(1) {
    [0]=>
    string(1) "5"
  }
}

[15/01/2025 08:27:41] Verificando a solicitação...
[15/01/2025 08:27:41] abgsoft-autopark-unimed.php
array(5) {
  ["nome"]=>
  string(31) "Joubert Karpeggiane de Oliveira"
  ["cpf"]=>
  string(14) "099.213.196-04"
  ["email"]=>
  string(22) "karpeggianee@gmail.com"
  ["placa"]=>
  string(7) "HNT9923"
  ["unidade"]=>
  array(1) {
    [0]=>
    string(1) "7"
  }
}

[15/01/2025 09:00:07] Verificando a solicitação...
[15/01/2025 09:00:07] abgsoft-autopark-unimed.php
array(5) {
  ["nome"]=>
  string(14) "Sandoval Assef"
  ["cpf"]=>
  string(12) "125887687-68"
  ["email"]=>
  string(28) "sandoval.assef@yahoo.com.btr"
  ["placa"]=>
  string(8) "OQL 3898"
  ["unidade"]=>
  array(1) {
    [0]=>
    string(1) "5"
  }
}

[15/01/2025 09:58:22] Verificando a solicitação...
[15/01/2025 09:58:22] abgsoft-autopark-unimed.php
array(5) {
  ["nome"]=>
  string(6) "Carla "
  ["cpf"]=>
  string(11) "96224969600"
  ["email"]=>
  string(23) "carlad_2005@hotmail.com"
  ["placa"]=>
  string(7) "QQB4707"
  ["unidade"]=>
  array(1) {
    [0]=>
    string(1) "7"
  }
}

[15/01/2025 10:27:22] Verificando a solicitação...
[15/01/2025 10:27:22] abgsoft-autopark-unimed.php
array(5) {
  ["nome"]=>
  string(20) "LEANDRO LIMA RESENDE"
  ["cpf"]=>
  string(14) "058.357.646-00"
  ["email"]=>
  string(28) "leandrolimaresende@gmail.com"
  ["placa"]=>
  string(7) "RVQ9D35"
  ["unidade"]=>
  array(1) {
    [0]=>
    string(1) "5"
  }
}

[15/01/2025 10:28:18] Verificando a solicitação...
[15/01/2025 10:28:18] abgsoft-autopark-unimed.php
array(5) {
  ["nome"]=>
  string(20) "LEANDRO LIMA RESENDE"
  ["cpf"]=>
  string(14) "058.357.646-00"
  ["email"]=>
  string(28) "leandrolimaresende@gmail.com"
  ["placa"]=>
  string(7) "RVQ9D35"
  ["unidade"]=>
  array(1) {
    [0]=>
    string(1) "7"
  }
}

[15/01/2025 10:28:57] Verificando a solicitação...
[15/01/2025 10:28:57] abgsoft-autopark-unimed.php
array(5) {
  ["nome"]=>
  string(20) "LEANDRO LIMA RESENDE"
  ["cpf"]=>
  string(14) "058.357.646-00"
  ["email"]=>
  string(28) "leandrolimaresende@gmail.com"
  ["placa"]=>
  string(7) "RVQ9D35"
  ["unidade"]=>
  array(1) {
    [0]=>
    string(1) "5"
  }
}

[15/01/2025 10:29:00] Verificando a solicitação...
[15/01/2025 10:29:00] abgsoft-autopark-unimed.php
array(5) {
  ["nome"]=>
  string(23) "SANDRA MAGNA DOS SANTOS"
  ["cpf"]=>
  string(11) "80962084620"
  ["email"]=>
  string(21) "sandrambh13@gmail.com"
  ["placa"]=>
  string(7) "QZW5G93"
  ["unidade"]=>
  array(1) {
    [0]=>
    string(1) "5"
  }
}

