[07/01/2025 12:26:17] Verificando a solicitação...
[07/01/2025 12:26:17] abgsoft-autopark-unimed.php
array(5) {
  ["nome"]=>
  string(20) "Márcia Nunes Rocha "
  ["cpf"]=>
  string(11) "03621402608"
  ["email"]=>
  string(29) "marcianunesrocha@yahoo.com.br"
  ["placa"]=>
  string(7) "OPO4026"
  ["unidade"]=>
  array(1) {
    [0]=>
    string(1) "5"
  }
}

[07/01/2025 12:44:51] Verificando a solicitação...
[07/01/2025 12:44:51] abgsoft-autopark-unimed.php
array(5) {
  ["nome"]=>
  string(9) "Jenniffer"
  ["cpf"]=>
  string(11) "09053040633"
  ["email"]=>
  string(28) "jenniffer.santos89@gmail.com"
  ["placa"]=>
  string(7) "HNQ7913"
  ["unidade"]=>
  array(1) {
    [0]=>
    string(1) "5"
  }
}

[07/01/2025 01:23:02] Verificando a solicitação...
[07/01/2025 01:23:02] abgsoft-autopark-unimed.php
array(5) {
  ["nome"]=>
  string(15) "Angelo ferreira"
  ["cpf"]=>
  string(11) "03898079660"
  ["email"]=>
  string(23) "ferreiragtr@hotmail.com"
  ["placa"]=>
  string(7) "Hjf3d12"
  ["unidade"]=>
  array(1) {
    [0]=>
    string(1) "5"
  }
}

[07/01/2025 01:26:33] Verificando a solicitação...
[07/01/2025 03:03:28] Verificando a solicitação...
[07/01/2025 03:03:28] abgsoft-autopark-unimed.php
array(5) {
  ["nome"]=>
  string(33) "Giane Alves de Melo e Assis Cunha"
  ["cpf"]=>
  string(11) "85163759604"
  ["email"]=>
  string(30) "giane.cunha@educacao.mg.gov.br"
  ["placa"]=>
  string(7) "HLZ0138"
  ["unidade"]=>
  array(1) {
    [0]=>
    string(1) "7"
  }
}

[07/01/2025 06:24:22] Verificando a solicitação...
[07/01/2025 08:36:09] Verificando a solicitação...
[07/01/2025 08:44:07] Verificando a solicitação...
[07/01/2025 08:44:07] abgsoft-autopark-unimed.php
array(5) {
  ["nome"]=>
  string(17) "Lene Mattar Silva"
  ["cpf"]=>
  string(14) "834.965.486-49"
  ["email"]=>
  string(22) "lenemattar10@gmail.com"
  ["placa"]=>
  string(7) "RUX9A59"
  ["unidade"]=>
  array(1) {
    [0]=>
    string(1) "4"
  }
}

[07/01/2025 09:55:52] Verificando a solicitação...
[07/01/2025 09:55:52] abgsoft-autopark-unimed.php
array(5) {
  ["nome"]=>
  string(42) "MICHELE DE CARVALHO FIGUEIREDO GONÇALVES "
  ["cpf"]=>
  string(14) "096.143.676-01"
  ["email"]=>
  string(27) "michelevieira72@hotmail.com"
  ["placa"]=>
  string(7) "ORA4994"
  ["unidade"]=>
  array(1) {
    [0]=>
    string(1) "5"
  }
}

[07/01/2025 10:10:20] Verificando a solicitação...
[07/01/2025 10:10:20] abgsoft-autopark-unimed.php
array(5) {
  ["nome"]=>
  string(29) "LUCAS LACERDA DE MELO MARQUES"
  ["cpf"]=>
  string(14) "125.549.386-01"
  ["email"]=>
  string(25) "lukasllacerda@hotmail.com"
  ["placa"]=>
  string(7) "HIC7G76"
  ["unidade"]=>
  array(1) {
    [0]=>
    string(1) "5"
  }
}

[07/01/2025 10:33:29] Verificando a solicitação...
[07/01/2025 10:33:29] abgsoft-autopark-unimed.php
array(5) {
  ["nome"]=>
  string(27) "Rodrigo assis pereira lima "
  ["cpf"]=>
  string(14) "059.317.476-30"
  ["email"]=>
  string(22) "rodrigoorg@hotmail.com"
  ["placa"]=>
  string(7) "Pun5057"
  ["unidade"]=>
  array(1) {
    [0]=>
    string(1) "2"
  }
}

[07/01/2025 10:49:37] Verificando a solicitação...
[07/01/2025 10:49:37] abgsoft-autopark-unimed.php
array(5) {
  ["nome"]=>
  string(27) "Francine Tângari Pettersen"
  ["cpf"]=>
  string(11) "79117627672"
  ["email"]=>
  string(28) "francinetangari@yahoo.com.br"
  ["placa"]=>
  string(7) "PYG5792"
  ["unidade"]=>
  array(1) {
    [0]=>
    string(1) "5"
  }
}

[07/01/2025 11:00:12] Verificando a solicitação...
[07/01/2025 11:00:12] abgsoft-autopark-unimed.php
array(5) {
  ["nome"]=>
  string(23) "ADILEA BATISTA DA SILVA"
  ["cpf"]=>
  string(14) "315.203.916-68"
  ["email"]=>
  string(24) "adileiabatista@gmail.com"
  ["placa"]=>
  string(7) "Qpi3D71"
  ["unidade"]=>
  array(1) {
    [0]=>
    string(1) "7"
  }
}

[07/01/2025 11:13:23] Verificando a solicitação...
[07/01/2025 11:13:23] abgsoft-autopark-unimed.php
array(5) {
  ["nome"]=>
  string(13) "Luciana Tonon"
  ["cpf"]=>
  string(11) "24916004809"
  ["email"]=>
  string(20) "lu_tonon@hotmail.com"
  ["placa"]=>
  string(7) "OQH4A80"
  ["unidade"]=>
  array(1) {
    [0]=>
    string(1) "5"
  }
}

[07/01/2025 11:55:45] Verificando a solicitação...
[07/01/2025 11:55:45] abgsoft-autopark-unimed.php
array(5) {
  ["nome"]=>
  string(29) "Lucas evangelista de oliveira"
  ["cpf"]=>
  string(11) "02086709633"
  ["email"]=>
  string(18) "lucasqc3@gmail.com"
  ["placa"]=>
  string(7) "Dul3h21"
  ["unidade"]=>
  array(1) {
    [0]=>
    string(1) "2"
  }
}

[07/01/2025 12:05:04] Verificando a solicitação...
[07/01/2025 12:32:13] Verificando a solicitação...
[07/01/2025 12:32:13] abgsoft-autopark-unimed.php
array(5) {
  ["nome"]=>
  string(28) "Adael custódio de oliveira "
  ["cpf"]=>
  string(11) "05555141610"
  ["email"]=>
  string(19) "adaelc@yahoo.com.br"
  ["placa"]=>
  string(7) "Hdt8433"
  ["unidade"]=>
  array(1) {
    [0]=>
    string(1) "2"
  }
}

[07/01/2025 12:35:27] Verificando a solicitação...
[07/01/2025 12:35:27] abgsoft-autopark-unimed.php
array(5) {
  ["nome"]=>
  string(30) "KATIA CILENE DE AGUIAR MARQUES"
  ["cpf"]=>
  string(11) "99784629615"
  ["email"]=>
  string(20) "kakacil@yahoo.com.br"
  ["placa"]=>
  string(7) "HJD1C32"
  ["unidade"]=>
  array(1) {
    [0]=>
    string(1) "5"
  }
}

[07/01/2025 12:50:27] Verificando a solicitação...
[07/01/2025 12:50:27] abgsoft-autopark-unimed.php
array(5) {
  ["nome"]=>
  string(22) "Charlene Santos Soares"
  ["cpf"]=>
  string(11) "06722882659"
  ["email"]=>
  string(19) "chateleco@gmail.com"
  ["placa"]=>
  string(7) "OPJ7056"
  ["unidade"]=>
  array(1) {
    [0]=>
    string(1) "5"
  }
}

[07/01/2025 02:08:52] Verificando a solicitação...
[07/01/2025 02:08:52] abgsoft-autopark-unimed.php
array(5) {
  ["nome"]=>
  string(25) "LUIZ FERNANDO PEREIRA MEL"
  ["cpf"]=>
  string(14) "746.915.466-34"
  ["email"]=>
  string(25) "luiz.melo@grupodma.com.br"
  ["placa"]=>
  string(7) "ERN6274"
  ["unidade"]=>
  array(1) {
    [0]=>
    string(1) "2"
  }
}

[07/01/2025 02:31:12] Verificando a solicitação...
[07/01/2025 02:31:12] abgsoft-autopark-unimed.php
array(5) {
  ["nome"]=>
  string(35) "Fernando Miranda de Andrade Goulart"
  ["cpf"]=>
  string(14) "067.634.736-30"
  ["email"]=>
  string(28) "fernandomgoulart@hotmail.com"
  ["placa"]=>
  string(7) "opg0890"
  ["unidade"]=>
  array(1) {
    [0]=>
    string(1) "5"
  }
}

[07/01/2025 02:46:48] Verificando a solicitação...
[07/01/2025 02:46:48] abgsoft-autopark-unimed.php
array(5) {
  ["nome"]=>
  string(20) "Ssra Santos Silveira"
  ["cpf"]=>
  string(11) "09696355670"
  ["email"]=>
  string(28) "sarasantossilveira@gmail.com"
  ["placa"]=>
  string(7) "OWV6161"
  ["unidade"]=>
  array(1) {
    [0]=>
    string(1) "5"
  }
}

[07/01/2025 03:03:33] Verificando a solicitação...
[07/01/2025 03:03:33] abgsoft-autopark-unimed.php
array(5) {
  ["nome"]=>
  string(24) "William Azevedo de Paula"
  ["cpf"]=>
  string(11) "10994028679"
  ["email"]=>
  string(33) "williamazevedodepaula@hotmail.com"
  ["placa"]=>
  string(7) "PUK1769"
  ["unidade"]=>
  array(1) {
    [0]=>
    string(1) "7"
  }
}

[07/01/2025 03:43:59] Verificando a solicitação...
[07/01/2025 03:43:59] abgsoft-autopark-unimed.php
array(5) {
  ["nome"]=>
  string(15) "Anderson Soares"
  ["cpf"]=>
  string(14) "879.673.676-34"
  ["email"]=>
  string(23) "as.ribeiro@yahoo.com.br"
  ["placa"]=>
  string(7) "RTG4A25"
  ["unidade"]=>
  array(1) {
    [0]=>
    string(1) "1"
  }
}

[07/01/2025 04:06:34] Verificando a solicitação...
[07/01/2025 05:33:18] Verificando a solicitação...
[07/01/2025 05:33:18] abgsoft-autopark-unimed.php
array(5) {
  ["nome"]=>
  string(29) "Ana Leticia Moreira dos Anjos"
  ["cpf"]=>
  string(11) "03695901632"
  ["email"]=>
  string(20) "ana.anjos@pbh.gov.br"
  ["placa"]=>
  string(7) "OMD8635"
  ["unidade"]=>
  array(1) {
    [0]=>
    string(1) "7"
  }
}

[07/01/2025 05:59:06] Verificando a solicitação...
[07/01/2025 06:13:04] Verificando a solicitação...
[07/01/2025 07:35:20] Verificando a solicitação...
[07/01/2025 08:01:45] Verificando a solicitação...
[07/01/2025 10:55:39] Verificando a solicitação...
[07/01/2025 11:15:34] Verificando a solicitação...
