[02/02/2025 05:04:07] Verificando a solicitação...
[02/02/2025 05:11:24] Verificando a solicitação...
[02/02/2025 09:56:40] Verificando a solicitação...
[02/02/2025 09:56:46] Verificando a solicitação...
[02/02/2025 11:59:53] Verificando a solicitação...
[02/02/2025 11:59:53] abgsoft-autopark-unimed.php
array(5) {
  ["nome"]=>
  string(29) "Marisa Andrade Bueno do Prado"
  ["cpf"]=>
  string(14) "399.016.966-15"
  ["email"]=>
  string(20) "mabprado@hotmail.com"
  ["placa"]=>
  string(7) "GWA1E96"
  ["unidade"]=>
  array(1) {
    [0]=>
    string(1) "4"
  }
}

[02/02/2025 12:52:11] Verificando a solicitação...
[02/02/2025 12:52:11] abgsoft-autopark-unimed.php
array(5) {
  ["nome"]=>
  string(21) "Giuliana Gomes Pinto "
  ["cpf"]=>
  string(14) "872.449.696-00"
  ["email"]=>
  string(27) "giuliana.vital@yahoo.com.br"
  ["placa"]=>
  string(7) "QOC3E74"
  ["unidade"]=>
  array(1) {
    [0]=>
    string(1) "5"
  }
}

[02/02/2025 01:38:13] Verificando a solicitação...
[02/02/2025 01:38:13] abgsoft-autopark-unimed.php
array(5) {
  ["nome"]=>
  string(27) "REINALDO GONCALVES DE ASSIS"
  ["cpf"]=>
  string(14) "041.035.576-30"
  ["email"]=>
  string(24) "reinaldogassis@gmail.com"
  ["placa"]=>
  string(7) "HMz5H09"
  ["unidade"]=>
  array(1) {
    [0]=>
    string(1) "7"
  }
}

[02/02/2025 03:37:57] Verificando a solicitação...
[02/02/2025 03:37:57] abgsoft-autopark-unimed.php
array(5) {
  ["nome"]=>
  string(28) "Carlos Roberto Pinto Portes "
  ["cpf"]=>
  string(11) "47336803687"
  ["email"]=>
  string(24) "carlosportesbh@gmail.com"
  ["placa"]=>
  string(7) "PUO5123"
  ["unidade"]=>
  array(1) {
    [0]=>
    string(1) "7"
  }
}

[02/02/2025 08:12:54] Verificando a solicitação...
[02/02/2025 08:14:19] Verificando a solicitação...
[02/02/2025 10:29:16] Verificando a solicitação...
[02/02/2025 10:29:16] abgsoft-autopark-unimed.php
array(5) {
  ["nome"]=>
  string(23) "Luciene Penna Drummond "
  ["cpf"]=>
  string(14) "075.877.396-02"
  ["email"]=>
  string(26) "luciene.drummond@gmail.com"
  ["placa"]=>
  string(7) "QPE1144"
  ["unidade"]=>
  array(1) {
    [0]=>
    string(1) "5"
  }
}

[02/02/2025 10:38:46] Verificando a solicitação...
[02/02/2025 10:38:46] abgsoft-autopark-unimed.php
array(5) {
  ["nome"]=>
  string(26) "Lidiane de Lourdes Correa "
  ["cpf"]=>
  string(11) "01448631629"
  ["email"]=>
  string(19) "lydylc@yahoo.com.br"
  ["placa"]=>
  string(7) "SIH8I50"
  ["unidade"]=>
  array(1) {
    [0]=>
    string(1) "2"
  }
}

[02/02/2025 11:21:59] Verificando a solicitação...
[02/02/2025 11:21:59] abgsoft-autopark-unimed.php
array(5) {
  ["nome"]=>
  string(24) "Gabriel José da Paixão"
  ["cpf"]=>
  string(11) "17067527686"
  ["email"]=>
  string(26) "gabrielpaixao999@gmail.com"
  ["placa"]=>
  string(7) "QPU4J49"
  ["unidade"]=>
  array(1) {
    [0]=>
    string(1) "5"
  }
}

