[05/03/2025 02:56:17] Verificando a solicitação...
[05/03/2025 02:56:17] abgsoft-autopark-unimed.php
array(5) {
  ["nome"]=>
  string(32) "Sophia Emanuelle oliveira matos "
  ["cpf"]=>
  string(11) "16936293646"
  ["email"]=>
  string(26) "anabrustolon1991@gmail.com"
  ["placa"]=>
  string(7) "HJP7H99"
  ["unidade"]=>
  array(1) {
    [0]=>
    string(1) "7"
  }
}

[05/03/2025 07:24:02] Verificando a solicitação...
[05/03/2025 09:08:05] Verificando a solicitação...
[05/03/2025 09:08:05] abgsoft-autopark-unimed.php
array(5) {
  ["nome"]=>
  string(32) "Mariana Mendes Ribeiro dos Anjos"
  ["cpf"]=>
  string(11) "10615877721"
  ["email"]=>
  string(19) "xandy8496@gmail.com"
  ["placa"]=>
  string(7) "HDW6248"
  ["unidade"]=>
  array(1) {
    [0]=>
    string(1) "5"
  }
}

[05/03/2025 09:28:30] Verificando a solicitação...
[05/03/2025 10:29:00] Verificando a solicitação...
[05/03/2025 11:50:37] Verificando a solicitação...
[05/03/2025 11:50:37] abgsoft-autopark-unimed.php
array(5) {
  ["nome"]=>
  string(26) "Efigênia das Dores Lopes "
  ["cpf"]=>
  string(11) "00361742622"
  ["email"]=>
  string(25) "frances.lopes73@gmail.com"
  ["placa"]=>
  string(7) "FKV3197"
  ["unidade"]=>
  array(1) {
    [0]=>
    string(1) "7"
  }
}

[05/03/2025 12:14:08] Verificando a solicitação...
[05/03/2025 12:14:08] abgsoft-autopark-unimed.php
array(5) {
  ["nome"]=>
  string(9) "Ana Luiza"
  ["cpf"]=>
  string(11) "12497153698"
  ["email"]=>
  string(27) "luhmendescouy2003@gmail.com"
  ["placa"]=>
  string(7) "RGB7G13"
  ["unidade"]=>
  array(1) {
    [0]=>
    string(1) "7"
  }
}

[05/03/2025 02:19:44] Verificando a solicitação...
[05/03/2025 02:33:24] Verificando a solicitação...
[05/03/2025 02:33:24] abgsoft-autopark-unimed.php
array(5) {
  ["nome"]=>
  string(20) "Patrícia Leal Pinto"
  ["cpf"]=>
  string(14) "030.784.566-41"
  ["email"]=>
  string(26) "patricialeal2011@gmail.com"
  ["placa"]=>
  string(7) "OQS8211"
  ["unidade"]=>
  array(1) {
    [0]=>
    string(1) "7"
  }
}

[05/03/2025 02:34:42] Verificando a solicitação...
[05/03/2025 02:34:42] abgsoft-autopark-unimed.php
array(5) {
  ["nome"]=>
  string(29) "TATIANA SANTOS DA SILVA PRATA"
  ["cpf"]=>
  string(12) "01810390605'"
  ["email"]=>
  string(30) "tatiana.prata@coopmetro.com.br"
  ["placa"]=>
  string(8) "PWI-6I39"
  ["unidade"]=>
  array(1) {
    [0]=>
    string(1) "7"
  }
}

[05/03/2025 04:55:14] Verificando a solicitação...
[05/03/2025 05:12:52] Verificando a solicitação...
[05/03/2025 06:06:07] Verificando a solicitação...
[05/03/2025 07:05:08] Verificando a solicitação...
[05/03/2025 08:12:29] Verificando a solicitação...
[05/03/2025 08:12:29] abgsoft-autopark-unimed.php
array(5) {
  ["nome"]=>
  string(23) "PEDRO NUNES VIEIRA NETO"
  ["cpf"]=>
  string(14) "427.684.706-00"
  ["email"]=>
  string(26) "P.NUNESVIEIRA@YAHOO.COM.BR"
  ["placa"]=>
  string(7) "RUO7B98"
  ["unidade"]=>
  array(1) {
    [0]=>
    string(1) "5"
  }
}

[05/03/2025 08:24:40] Verificando a solicitação...
[05/03/2025 08:56:04] Verificando a solicitação...
[05/03/2025 08:56:04] abgsoft-autopark-unimed.php
array(5) {
  ["nome"]=>
  string(23) "ADRIANE HELENA DA SILVA"
  ["cpf"]=>
  string(14) "923.427.446-68"
  ["email"]=>
  string(28) "adrianehelenasilva@gmail.com"
  ["placa"]=>
  string(7) "hhm1633"
  ["unidade"]=>
  array(1) {
    [0]=>
    string(1) "5"
  }
}

[05/03/2025 09:49:54] Verificando a solicitação...
[05/03/2025 10:34:03] Verificando a solicitação...
[05/03/2025 10:34:03] abgsoft-autopark-unimed.php
array(5) {
  ["nome"]=>
  string(23) "Dilma Aparecida santos "
  ["cpf"]=>
  string(11) "58888730630"
  ["email"]=>
  string(18) "dillma@hotmail.com"
  ["placa"]=>
  string(7) "Nxz7078"
  ["unidade"]=>
  array(1) {
    [0]=>
    string(1) "5"
  }
}

[05/03/2025 10:45:00] Verificando a solicitação...
[05/03/2025 10:45:00] abgsoft-autopark-unimed.php
array(5) {
  ["nome"]=>
  string(24) "JORGE LUIZ LEAL DA SILVA"
  ["cpf"]=>
  string(14) "013.660.236-33"
  ["email"]=>
  string(19) "juginleal@gmail.com"
  ["placa"]=>
  string(8) "EFU 6G82"
  ["unidade"]=>
  array(1) {
    [0]=>
    string(1) "2"
  }
}

