[10/03/2025 07:29:09] Verificando a solicitação...
[10/03/2025 08:36:08] Verificando a solicitação...
[10/03/2025 09:20:39] Verificando a solicitação...
[10/03/2025 09:20:39] abgsoft-autopark-unimed.php
array(5) {
  ["nome"]=>
  string(12) "Nilson Lopes"
  ["cpf"]=>
  string(14) "375.255.306-53"
  ["email"]=>
  string(25) "lopesnilson64@hotmail.com"
  ["placa"]=>
  string(7) "Hml8751"
  ["unidade"]=>
  array(1) {
    [0]=>
    string(1) "1"
  }
}

[10/03/2025 09:36:13] Verificando a solicitação...
[10/03/2025 09:36:13] abgsoft-autopark-unimed.php
array(5) {
  ["nome"]=>
  string(35) "EUGENIO ANACLETO DOS SANTOS PIMENTA"
  ["cpf"]=>
  string(15) "344.371.776-49 "
  ["email"]=>
  string(26) "eugeniopimenta@hotmail.com"
  ["placa"]=>
  string(8) "HKO7141 "
  ["unidade"]=>
  array(1) {
    [0]=>
    string(1) "5"
  }
}

[10/03/2025 10:16:23] Verificando a solicitação...
[10/03/2025 10:16:23] abgsoft-autopark-unimed.php
array(5) {
  ["nome"]=>
  string(28) "GUILHERME RODRIGUES EVARISTO"
  ["cpf"]=>
  string(11) "01668272660"
  ["email"]=>
  string(24) "guilherme2.1@hotmail.com"
  ["placa"]=>
  string(7) "QOO4290"
  ["unidade"]=>
  array(1) {
    [0]=>
    string(1) "7"
  }
}

[10/03/2025 10:17:11] Verificando a solicitação...
[10/03/2025 10:17:11] abgsoft-autopark-unimed.php
array(5) {
  ["nome"]=>
  string(30) "ERIKA VERIANA PEREIRA DE SOUZA"
  ["cpf"]=>
  string(14) "041.458.336-19"
  ["email"]=>
  string(28) "erika.veriana@edu.pbh.gov.br"
  ["placa"]=>
  string(7) "PUP4D52"
  ["unidade"]=>
  array(1) {
    [0]=>
    string(1) "2"
  }
}

[10/03/2025 11:09:15] Verificando a solicitação...
[10/03/2025 11:09:15] abgsoft-autopark-unimed.php
array(5) {
  ["nome"]=>
  string(17) "Lyeden Prosdocimi"
  ["cpf"]=>
  string(14) "456.125.446-34"
  ["email"]=>
  string(26) "lyedenprosdocimi@gmail.com"
  ["placa"]=>
  string(7) "QNM7237"
  ["unidade"]=>
  array(1) {
    [0]=>
    string(1) "5"
  }
}

[10/03/2025 12:09:36] Verificando a solicitação...
[10/03/2025 12:09:36] abgsoft-autopark-unimed.php
array(5) {
  ["nome"]=>
  string(28) "Carlos Roberto Pinto Portes "
  ["cpf"]=>
  string(11) "47336803687"
  ["email"]=>
  string(24) "carlosportesbh@gmail.com"
  ["placa"]=>
  string(7) "PUO5123"
  ["unidade"]=>
  array(1) {
    [0]=>
    string(1) "7"
  }
}

[10/03/2025 12:45:16] Verificando a solicitação...
[10/03/2025 12:45:16] abgsoft-autopark-unimed.php
array(5) {
  ["nome"]=>
  string(26) "FERNANDA DANIEL MAIA ASSIS"
  ["cpf"]=>
  string(14) "088.552.556-65"
  ["email"]=>
  string(30) "fernandadanielmaya@hotmail.com"
  ["placa"]=>
  string(8) "Rth8c23 "
  ["unidade"]=>
  array(1) {
    [0]=>
    string(1) "5"
  }
}

[10/03/2025 01:16:08] Verificando a solicitação...
[10/03/2025 01:16:08] abgsoft-autopark-unimed.php
array(5) {
  ["nome"]=>
  string(31) "Mônica Kalil Othero Fernandes "
  ["cpf"]=>
  string(11) "52924467691"
  ["email"]=>
  string(27) "antonio.othero@yahoo.com.br"
  ["placa"]=>
  string(8) "EIZ 9288"
  ["unidade"]=>
  array(1) {
    [0]=>
    string(1) "7"
  }
}

[10/03/2025 01:16:57] Verificando a solicitação...
[10/03/2025 01:27:12] Verificando a solicitação...
[10/03/2025 01:27:12] abgsoft-autopark-unimed.php
array(5) {
  ["nome"]=>
  string(18) "ALBERTO JORGE NETO"
  ["cpf"]=>
  string(14) "355.033.196-72"
  ["email"]=>
  string(27) "1albertojorgeneto@gmail.com"
  ["placa"]=>
  string(7) "OXB0A45"
  ["unidade"]=>
  array(1) {
    [0]=>
    string(1) "5"
  }
}

[10/03/2025 01:31:52] Verificando a solicitação...
[10/03/2025 01:54:48] Verificando a solicitação...
[10/03/2025 01:54:48] abgsoft-autopark-unimed.php
array(5) {
  ["nome"]=>
  string(17) "Magno Figueiredo "
  ["cpf"]=>
  string(14) "095.204.256-83"
  ["email"]=>
  string(20) "magno.fig2@gmail.com"
  ["placa"]=>
  string(7) "OWR0309"
  ["unidade"]=>
  array(1) {
    [0]=>
    string(1) "7"
  }
}

[10/03/2025 02:17:58] Verificando a solicitação...
[10/03/2025 02:18:02] Verificando a solicitação...
[10/03/2025 03:09:52] Verificando a solicitação...
[10/03/2025 03:09:52] abgsoft-autopark-unimed.php
array(5) {
  ["nome"]=>
  string(23) "Wagner das dores Pessoa"
  ["cpf"]=>
  string(14) "187.231.796-00"
  ["email"]=>
  string(27) "Wagner.dasdores@hotmail.com"
  ["placa"]=>
  string(7) "QUN4J66"
  ["unidade"]=>
  array(1) {
    [0]=>
    string(1) "7"
  }
}

[10/03/2025 03:48:40] Verificando a solicitação...
[10/03/2025 03:48:40] abgsoft-autopark-unimed.php
array(5) {
  ["nome"]=>
  string(26) "Nathalia Pinheiro Ferreira"
  ["cpf"]=>
  string(11) "12138946622"
  ["email"]=>
  string(30) "nathaliiapferreira@hotmail.com"
  ["placa"]=>
  string(7) "HNU0f38"
  ["unidade"]=>
  array(1) {
    [0]=>
    string(1) "7"
  }
}

[10/03/2025 04:00:47] Verificando a solicitação...
[10/03/2025 04:00:47] abgsoft-autopark-unimed.php
array(5) {
  ["nome"]=>
  string(14) "Camila Machado"
  ["cpf"]=>
  string(11) "13274188603"
  ["email"]=>
  string(27) "camilamachado15@outlook.com"
  ["placa"]=>
  string(7) "ENL8B78"
  ["unidade"]=>
  array(1) {
    [0]=>
    string(1) "7"
  }
}

[10/03/2025 04:19:21] Verificando a solicitação...
[10/03/2025 04:19:21] abgsoft-autopark-unimed.php
array(5) {
  ["nome"]=>
  string(23) "Antonio Carlos Ventura "
  ["cpf"]=>
  string(14) "922.764.666-34"
  ["email"]=>
  string(27) "kleiton.ventura22@gmail.com"
  ["placa"]=>
  string(7) "Rni1h14"
  ["unidade"]=>
  array(1) {
    [0]=>
    string(1) "5"
  }
}

[10/03/2025 04:31:40] Verificando a solicitação...
[10/03/2025 05:45:41] Verificando a solicitação...
[10/03/2025 05:45:41] abgsoft-autopark-unimed.php
array(5) {
  ["nome"]=>
  string(30) "SAMUEL BRAGA GUIMARÃES RABELO"
  ["cpf"]=>
  string(11) "17916657643"
  ["email"]=>
  string(26) "louisiane2001@yahoo.com.br"
  ["placa"]=>
  string(7) "RVK7G09"
  ["unidade"]=>
  array(1) {
    [0]=>
    string(1) "7"
  }
}

[10/03/2025 05:48:27] Verificando a solicitação...
[10/03/2025 05:48:27] abgsoft-autopark-unimed.php
array(5) {
  ["nome"]=>
  string(32) "Elizabete de Oliveira Gonçalves"
  ["cpf"]=>
  string(14) "756.636.356-53"
  ["email"]=>
  string(33) "elizabeteoliveira001@yahoo.com.br"
  ["placa"]=>
  string(7) "QQM7568"
  ["unidade"]=>
  array(1) {
    [0]=>
    string(1) "3"
  }
}

[10/03/2025 05:49:36] Verificando a solicitação...
[10/03/2025 05:49:36] abgsoft-autopark-unimed.php
array(5) {
  ["nome"]=>
  string(32) "Elizabete de Oliveira Gonçalves"
  ["cpf"]=>
  string(14) "756.636.356-53"
  ["email"]=>
  string(33) "elizabeteoliveira001@yahoo.com.br"
  ["placa"]=>
  string(7) "QQM7568"
  ["unidade"]=>
  array(1) {
    [0]=>
    string(1) "3"
  }
}

[10/03/2025 05:50:06] abgsoft-autopark-unimed.php
string(81) "cURL error 28: Operation timed out after 30002 milliseconds with 0 bytes received"

[10/03/2025 05:51:19] Verificando a solicitação...
[10/03/2025 05:51:19] abgsoft-autopark-unimed.php
array(5) {
  ["nome"]=>
  string(32) "Elizabete de Oliveira Gonçalves"
  ["cpf"]=>
  string(14) "756.636.356-53"
  ["email"]=>
  string(33) "elizabeteoliveira001@yahoo.com.br"
  ["placa"]=>
  string(7) "QQM7568"
  ["unidade"]=>
  array(1) {
    [0]=>
    string(1) "3"
  }
}

[10/03/2025 07:22:39] Verificando a solicitação...
[10/03/2025 07:22:39] abgsoft-autopark-unimed.php
array(5) {
  ["nome"]=>
  string(33) "Jaqueline Maura Araújo Ferreira "
  ["cpf"]=>
  string(15) "767.642.656-15 "
  ["email"]=>
  string(26) "Jaquelinekayte@hotmail.com"
  ["placa"]=>
  string(7) "QXN1021"
  ["unidade"]=>
  array(1) {
    [0]=>
    string(1) "7"
  }
}

[10/03/2025 07:55:27] Verificando a solicitação...
[10/03/2025 07:55:27] abgsoft-autopark-unimed.php
array(5) {
  ["nome"]=>
  string(34) "Veruschka Conceição Moreira Dias"
  ["cpf"]=>
  string(11) "01431022659"
  ["email"]=>
  string(22) "diastucka@yahoo.com.br"
  ["placa"]=>
  string(7) "Hjr5277"
  ["unidade"]=>
  array(1) {
    [0]=>
    string(1) "5"
  }
}

[10/03/2025 08:11:28] Verificando a solicitação...
[10/03/2025 08:11:28] abgsoft-autopark-unimed.php
array(5) {
  ["nome"]=>
  string(34) "DANIELA NUNES DE OLIVEIRA FERREIRA"
  ["cpf"]=>
  string(14) "961.033.706-63"
  ["email"]=>
  string(33) "danynunesoliverferreira@gmail.com"
  ["placa"]=>
  string(7) "RNH2E88"
  ["unidade"]=>
  array(1) {
    [0]=>
    string(1) "5"
  }
}

[10/03/2025 08:27:43] Verificando a solicitação...
[10/03/2025 08:27:43] abgsoft-autopark-unimed.php
array(5) {
  ["nome"]=>
  string(25) "GERALDO DE JESUS OLIVEIRA"
  ["cpf"]=>
  string(14) "552.885.296-04"
  ["email"]=>
  string(33) "geraldodejesus.oliveira@gmail.com"
  ["placa"]=>
  string(7) "TCF7J02"
  ["unidade"]=>
  array(1) {
    [0]=>
    string(1) "4"
  }
}

[10/03/2025 08:58:32] Verificando a solicitação...
[10/03/2025 08:58:32] abgsoft-autopark-unimed.php
array(5) {
  ["nome"]=>
  string(26) "Aluisio Celso De Oliveira "
  ["cpf"]=>
  string(15) "245.429.976-34 "
  ["email"]=>
  string(28) "aluisio.deoliveira@yahoo.com"
  ["placa"]=>
  string(8) "TCP5F68 "
  ["unidade"]=>
  array(1) {
    [0]=>
    string(1) "5"
  }
}

[10/03/2025 09:54:25] Verificando a solicitação...
[10/03/2025 09:54:25] abgsoft-autopark-unimed.php
array(5) {
  ["nome"]=>
  string(28) "Sabrina Maria Ribeiro Damas "
  ["cpf"]=>
  string(15) "039.730.526-54 "
  ["email"]=>
  string(19) "binadamas@gmail.com"
  ["placa"]=>
  string(8) "HJE 0319"
  ["unidade"]=>
  array(1) {
    [0]=>
    string(1) "7"
  }
}

[10/03/2025 10:09:44] Verificando a solicitação...
[10/03/2025 10:09:44] abgsoft-autopark-unimed.php
array(5) {
  ["nome"]=>
  string(26) "Rodolfo Barbosa Gonçalves"
  ["cpf"]=>
  string(11) "05564919637"
  ["email"]=>
  string(33) "rodolfo.bargoncalves@yahoo.com.br"
  ["placa"]=>
  string(7) "HGI5175"
  ["unidade"]=>
  array(1) {
    [0]=>
    string(1) "5"
  }
}

[10/03/2025 10:12:24] Verificando a solicitação...
[10/03/2025 10:12:24] abgsoft-autopark-unimed.php
array(5) {
  ["nome"]=>
  string(13) "Fábio Torres"
  ["cpf"]=>
  string(14) "272.248.056-53"
  ["email"]=>
  string(24) "fabio@fabiotorres.adv.br"
  ["placa"]=>
  string(8) "HGG-9096"
  ["unidade"]=>
  array(1) {
    [0]=>
    string(1) "5"
  }
}

[10/03/2025 10:33:50] Verificando a solicitação...
[10/03/2025 10:33:50] abgsoft-autopark-unimed.php
array(5) {
  ["nome"]=>
  string(28) "Leonardo Fantini de Almeida "
  ["cpf"]=>
  string(14) "038.393.026-09"
  ["email"]=>
  string(25) "fantinileonardo@gmail.com"
  ["placa"]=>
  string(8) "TDP2J93 "
  ["unidade"]=>
  array(1) {
    [0]=>
    string(1) "3"
  }
}

[10/03/2025 11:19:30] Verificando a solicitação...
[10/03/2025 11:19:30] abgsoft-autopark-unimed.php
array(5) {
  ["nome"]=>
  string(23) "LORENA CAPPAI GUIMARAES"
  ["cpf"]=>
  string(14) "060.517.036-32"
  ["email"]=>
  string(21) "locappai@yahoo.com.br"
  ["placa"]=>
  string(7) "HFP5776"
  ["unidade"]=>
  array(1) {
    [0]=>
    string(1) "7"
  }
}

[10/03/2025 11:44:37] Verificando a solicitação...
[10/03/2025 11:44:37] abgsoft-autopark-unimed.php
array(5) {
  ["nome"]=>
  string(28) "Malu Eustaquia Diniz Barboza"
  ["cpf"]=>
  string(11) "06970736610"
  ["email"]=>
  string(24) "malu.diniz84@hotmail.com"
  ["placa"]=>
  string(8) "OOV 3575"
  ["unidade"]=>
  array(1) {
    [0]=>
    string(1) "5"
  }
}

