[07/02/2025 07:25:51] Verificando a solicitação...
[07/02/2025 09:08:13] Verificando a solicitação...
[07/02/2025 10:38:53] Verificando a solicitação...
[07/02/2025 01:35:11] Verificando a solicitação...
[07/02/2025 01:50:06] Verificando a solicitação...
[07/02/2025 01:50:06] abgsoft-autopark-unimed.php
array(5) {
  ["nome"]=>
  string(30) "Fernanda C Amaral Cunha Amaral"
  ["cpf"]=>
  string(11) "01557519641"
  ["email"]=>
  string(31) "fernanda_amaral2008@hotmail.com"
  ["placa"]=>
  string(7) "Pvc9625"
  ["unidade"]=>
  array(1) {
    [0]=>
    string(1) "4"
  }
}

[07/02/2025 02:51:00] Verificando a solicitação...
[07/02/2025 02:51:00] abgsoft-autopark-unimed.php
array(5) {
  ["nome"]=>
  string(24) "Elton Israel Gonçalves "
  ["cpf"]=>
  string(11) "04457113611"
  ["email"]=>
  string(23) "eltonisrael@hotmail.com"
  ["placa"]=>
  string(7) "PWY6048"
  ["unidade"]=>
  array(1) {
    [0]=>
    string(1) "5"
  }
}

[07/02/2025 03:02:55] Verificando a solicitação...
[07/02/2025 03:23:15] Verificando a solicitação...
[07/02/2025 04:54:01] Verificando a solicitação...
[07/02/2025 04:54:01] abgsoft-autopark-unimed.php
array(5) {
  ["nome"]=>
  string(16) "Tatiana Ramirez "
  ["cpf"]=>
  string(11) "08057027681"
  ["email"]=>
  string(18) "rl.silva@gmail.com"
  ["placa"]=>
  string(7) "Hkq2188"
  ["unidade"]=>
  array(1) {
    [0]=>
    string(1) "5"
  }
}

[07/02/2025 05:14:16] Verificando a solicitação...
[07/02/2025 05:14:16] abgsoft-autopark-unimed.php
array(5) {
  ["nome"]=>
  string(24) "MARTA REGINA DA SILVEIRA"
  ["cpf"]=>
  string(14) "053.581.446-17"
  ["email"]=>
  string(25) "martaregina9438@gmail.com"
  ["placa"]=>
  string(6) "HID698"
  ["unidade"]=>
  array(1) {
    [0]=>
    string(1) "5"
  }
}

[07/02/2025 05:23:44] Verificando a solicitação...
[07/02/2025 05:23:44] abgsoft-autopark-unimed.php
array(5) {
  ["nome"]=>
  string(24) "MARTA REGINA DA SILVEIRA"
  ["cpf"]=>
  string(14) "053.581.446-17"
  ["email"]=>
  string(25) "martaregina9438@gmail.com"
  ["placa"]=>
  string(6) "HID698"
  ["unidade"]=>
  array(1) {
    [0]=>
    string(1) "5"
  }
}

[07/02/2025 05:25:56] Verificando a solicitação...
[07/02/2025 05:25:56] abgsoft-autopark-unimed.php
array(5) {
  ["nome"]=>
  string(24) "MARTA REGINA DA SILVEIRA"
  ["cpf"]=>
  string(14) "053.581.446-17"
  ["email"]=>
  string(25) "martaregina9438@gmail.com"
  ["placa"]=>
  string(6) "HID698"
  ["unidade"]=>
  array(1) {
    [0]=>
    string(1) "5"
  }
}

[07/02/2025 05:27:33] Verificando a solicitação...
[07/02/2025 05:27:33] abgsoft-autopark-unimed.php
array(5) {
  ["nome"]=>
  string(24) "MARTA REGINA DA SILVEIRA"
  ["cpf"]=>
  string(14) "053.581.446-17"
  ["email"]=>
  string(25) "martaregina9438@gmail.com"
  ["placa"]=>
  string(6) "HID698"
  ["unidade"]=>
  array(1) {
    [0]=>
    string(1) "5"
  }
}

[07/02/2025 06:42:49] Verificando a solicitação...
[07/02/2025 08:42:30] Verificando a solicitação...
[07/02/2025 08:42:30] abgsoft-autopark-unimed.php
array(5) {
  ["nome"]=>
  string(22) "Glaucia Oliveira Gomes"
  ["cpf"]=>
  string(15) "874.481.066-00 "
  ["email"]=>
  string(25) "glauciavendasbh@gmail.com"
  ["placa"]=>
  string(7) "RTK8G47"
  ["unidade"]=>
  array(1) {
    [0]=>
    string(1) "7"
  }
}

