[25/03/2025 12:20:40] Verificando a solicitação...
[25/03/2025 12:39:29] Verificando a solicitação...
[25/03/2025 12:56:20] Verificando a solicitação...
[25/03/2025 12:56:20] abgsoft-autopark-unimed.php
array(5) {
  ["nome"]=>
  string(15) "Ricardo Alvares"
  ["cpf"]=>
  string(11) "27596303668"
  ["email"]=>
  string(16) "ricc@uaii.com.br"
  ["placa"]=>
  string(7) "QQA8864"
  ["unidade"]=>
  array(1) {
    [0]=>
    string(1) "5"
  }
}

[25/03/2025 01:22:41] Verificando a solicitação...
[25/03/2025 01:57:47] Verificando a solicitação...
[25/03/2025 02:16:03] Verificando a solicitação...
[25/03/2025 02:34:54] Verificando a solicitação...
[25/03/2025 03:26:18] Verificando a solicitação...
[25/03/2025 03:50:16] Verificando a solicitação...
[25/03/2025 04:21:35] Verificando a solicitação...
[25/03/2025 04:37:03] Verificando a solicitação...
[25/03/2025 04:51:40] Verificando a solicitação...
[25/03/2025 05:07:07] Verificando a solicitação...
[25/03/2025 05:31:18] Verificando a solicitação...
[25/03/2025 06:18:02] Verificando a solicitação...
[25/03/2025 07:08:15] Verificando a solicitação...
[25/03/2025 07:24:35] Verificando a solicitação...
[25/03/2025 07:41:48] Verificando a solicitação...
[25/03/2025 08:33:08] Verificando a solicitação...
[25/03/2025 08:54:27] Verificando a solicitação...
[25/03/2025 09:13:47] Verificando a solicitação...
[25/03/2025 09:29:03] Verificando a solicitação...
[25/03/2025 09:29:03] abgsoft-autopark-unimed.php
array(5) {
  ["nome"]=>
  string(17) "CATIANE RODRIGUES"
  ["cpf"]=>
  string(14) "005.379.646-22"
  ["email"]=>
  string(29) "catianerodrigues@yahoo.com.br"
  ["placa"]=>
  string(7) "QNK8286"
  ["unidade"]=>
  array(1) {
    [0]=>
    string(1) "7"
  }
}

[25/03/2025 10:03:40] Verificando a solicitação...
[25/03/2025 10:09:47] Verificando a solicitação...
[25/03/2025 10:15:52] Verificando a solicitação...
[25/03/2025 10:21:52] Verificando a solicitação...
[25/03/2025 10:26:56] Verificando a solicitação...
[25/03/2025 10:26:56] abgsoft-autopark-unimed.php
array(5) {
  ["nome"]=>
  string(15) "Ricardo Alvares"
  ["cpf"]=>
  string(11) "27596303668"
  ["email"]=>
  string(15) "ricc@uai.com.br"
  ["placa"]=>
  string(7) "Qqa8864"
  ["unidade"]=>
  array(1) {
    [0]=>
    string(1) "5"
  }
}

[25/03/2025 10:27:46] Verificando a solicitação...
[25/03/2025 10:33:41] Verificando a solicitação...
[25/03/2025 10:47:06] Verificando a solicitação...
[25/03/2025 10:57:57] Verificando a solicitação...
[25/03/2025 10:57:57] abgsoft-autopark-unimed.php
array(5) {
  ["nome"]=>
  string(34) "Keziah Pollyanna de Paula Nogueira"
  ["cpf"]=>
  string(11) "04475181607"
  ["email"]=>
  string(31) "keziah.pollyanna@edu.pbh.gov.br"
  ["placa"]=>
  string(7) "OXF2587"
  ["unidade"]=>
  array(1) {
    [0]=>
    string(1) "5"
  }
}

[25/03/2025 11:21:35] Verificando a solicitação...
[25/03/2025 11:44:37] Verificando a solicitação...
[25/03/2025 12:13:45] Verificando a solicitação...
[25/03/2025 12:30:48] Verificando a solicitação...
[25/03/2025 12:30:48] abgsoft-autopark-unimed.php
array(5) {
  ["nome"]=>
  string(22) "Jorge Paulo dos Santos"
  ["cpf"]=>
  string(14) "176.166.206-63"
  ["email"]=>
  string(25) "jorgesantoselza@gmail.com"
  ["placa"]=>
  string(7) "OXF2934"
  ["unidade"]=>
  array(1) {
    [0]=>
    string(1) "7"
  }
}

[25/03/2025 12:35:28] Verificando a solicitação...
[25/03/2025 12:58:45] Verificando a solicitação...
[25/03/2025 01:01:53] Verificando a solicitação...
[25/03/2025 01:01:53] abgsoft-autopark-unimed.php
array(5) {
  ["nome"]=>
  string(23) "Marcos Roberto da Silva"
  ["cpf"]=>
  string(14) "091.976.756-79"
  ["email"]=>
  string(17) "ms40722@gmail.com"
  ["placa"]=>
  string(7) "APV9G38"
  ["unidade"]=>
  array(1) {
    [0]=>
    string(1) "7"
  }
}

[25/03/2025 01:03:54] Verificando a solicitação...
[25/03/2025 01:05:37] Verificando a solicitação...
[25/03/2025 01:05:37] abgsoft-autopark-unimed.php
array(5) {
  ["nome"]=>
  string(23) "WARLEN GONCALVES CAIADO"
  ["cpf"]=>
  string(14) "908.803.236-04"
  ["email"]=>
  string(18) "wcaiados@gmail.com"
  ["placa"]=>
  string(7) "QUB9C67"
  ["unidade"]=>
  array(1) {
    [0]=>
    string(1) "5"
  }
}

[25/03/2025 01:11:14] Verificando a solicitação...
[25/03/2025 01:19:02] Verificando a solicitação...
[25/03/2025 01:26:07] Verificando a solicitação...
[25/03/2025 01:34:08] Verificando a solicitação...
[25/03/2025 01:43:58] Verificando a solicitação...
[25/03/2025 02:03:09] Verificando a solicitação...
[25/03/2025 02:09:00] Verificando a solicitação...
[25/03/2025 02:33:44] Verificando a solicitação...
[25/03/2025 02:38:28] Verificando a solicitação...
[25/03/2025 03:10:52] Verificando a solicitação...
[25/03/2025 03:24:10] Verificando a solicitação...
[25/03/2025 03:24:10] abgsoft-autopark-unimed.php
array(5) {
  ["nome"]=>
  string(24) "Priscilla Tôrres Vieira"
  ["cpf"]=>
  string(11) "08120283686"
  ["email"]=>
  string(24) "priscilla12300@gmail.com"
  ["placa"]=>
  string(8) "hln7e06 "
  ["unidade"]=>
  array(1) {
    [0]=>
    string(1) "5"
  }
}

[25/03/2025 03:31:37] Verificando a solicitação...
[25/03/2025 03:33:56] Verificando a solicitação...
[25/03/2025 03:33:56] abgsoft-autopark-unimed.php
array(5) {
  ["nome"]=>
  string(26) "Patricia Aparecida martins"
  ["cpf"]=>
  string(11) "00951486632"
  ["email"]=>
  string(24) "pat2006martins@gmail.com"
  ["placa"]=>
  string(7) "RMY4H69"
  ["unidade"]=>
  array(1) {
    [0]=>
    string(1) "5"
  }
}

[25/03/2025 03:39:33] Verificando a solicitação...
[25/03/2025 03:49:32] Verificando a solicitação...
[25/03/2025 03:49:57] Verificando a solicitação...
[25/03/2025 04:00:44] Verificando a solicitação...
[25/03/2025 04:00:44] abgsoft-autopark-unimed.php
array(5) {
  ["nome"]=>
  string(4) "Luiz"
  ["cpf"]=>
  string(11) "04039855604"
  ["email"]=>
  string(28) "fernanda.adrian@yahoo.com.br"
  ["placa"]=>
  string(7) "QXZ7D55"
  ["unidade"]=>
  array(1) {
    [0]=>
    string(1) "2"
  }
}

[25/03/2025 04:12:28] Verificando a solicitação...
[25/03/2025 04:37:31] Verificando a solicitação...
[25/03/2025 05:03:41] Verificando a solicitação...
[25/03/2025 05:08:46] Verificando a solicitação...
[25/03/2025 05:08:46] abgsoft-autopark-unimed.php
array(5) {
  ["nome"]=>
  string(29) "Fábio Rezende Araújo Couto "
  ["cpf"]=>
  string(11) "08064310679"
  ["email"]=>
  string(26) "barbarahs2003@yahoo.com.br"
  ["placa"]=>
  string(7) "RMF7E09"
  ["unidade"]=>
  array(1) {
    [0]=>
    string(1) "7"
  }
}

[25/03/2025 05:21:42] Verificando a solicitação...
[25/03/2025 05:39:10] Verificando a solicitação...
[25/03/2025 05:48:26] Verificando a solicitação...
[25/03/2025 05:48:26] abgsoft-autopark-unimed.php
array(5) {
  ["nome"]=>
  string(29) "RENATO DE PAULA RIBEIRO ROCHA"
  ["cpf"]=>
  string(14) "081.015.706-32"
  ["email"]=>
  string(26) "renatodepaula072@gmail.com"
  ["placa"]=>
  string(8) "qol-0777"
  ["unidade"]=>
  array(1) {
    [0]=>
    string(1) "7"
  }
}

[25/03/2025 05:59:07] Verificando a solicitação...
[25/03/2025 06:21:14] Verificando a solicitação...
[25/03/2025 06:31:21] Verificando a solicitação...
[25/03/2025 06:31:21] abgsoft-autopark-unimed.php
array(5) {
  ["nome"]=>
  string(26) "Arthur Corrêa de Azevêdo"
  ["cpf"]=>
  string(14) "277.572.776-04"
  ["email"]=>
  string(22) "arthurazv189@gmail.com"
  ["placa"]=>
  string(7) "QWW73D4"
  ["unidade"]=>
  array(1) {
    [0]=>
    string(1) "5"
  }
}

[25/03/2025 06:50:43] Verificando a solicitação...
[25/03/2025 07:09:24] Verificando a solicitação...
[25/03/2025 07:16:47] Verificando a solicitação...
[25/03/2025 07:31:05] Verificando a solicitação...
[25/03/2025 07:43:20] Verificando a solicitação...
[25/03/2025 07:49:36] Verificando a solicitação...
[25/03/2025 08:00:09] Verificando a solicitação...
[25/03/2025 08:13:01] Verificando a solicitação...
[25/03/2025 08:13:01] abgsoft-autopark-unimed.php
array(5) {
  ["nome"]=>
  string(28) "CIRO CESAR PESSO DA SILVEIRA"
  ["cpf"]=>
  string(14) "520.316.326-04"
  ["email"]=>
  string(22) "ciropesso@yahoo.com.br"
  ["placa"]=>
  string(7) "QWT2J79"
  ["unidade"]=>
  array(1) {
    [0]=>
    string(1) "7"
  }
}

[25/03/2025 08:14:25] Verificando a solicitação...
[25/03/2025 08:25:51] Verificando a solicitação...
[25/03/2025 08:37:27] Verificando a solicitação...
[25/03/2025 08:37:27] abgsoft-autopark-unimed.php
array(5) {
  ["nome"]=>
  string(22) "Marcelo Luiz Da Silva "
  ["cpf"]=>
  string(14) "977.988.516-15"
  ["email"]=>
  string(28) "marceloluizsilva@hotmail.com"
  ["placa"]=>
  string(7) "FQI8A88"
  ["unidade"]=>
  array(1) {
    [0]=>
    string(1) "5"
  }
}

[25/03/2025 08:38:19] Verificando a solicitação...
[25/03/2025 08:53:07] Verificando a solicitação...
[25/03/2025 09:10:54] Verificando a solicitação...
[25/03/2025 09:38:13] Verificando a solicitação...
[25/03/2025 09:57:07] Verificando a solicitação...
[25/03/2025 10:12:08] Verificando a solicitação...
[25/03/2025 10:27:01] Verificando a solicitação...
[25/03/2025 10:27:01] abgsoft-autopark-unimed.php
array(5) {
  ["nome"]=>
  string(27) "MATUZALEM ROSSI DE OLIVEIRA"
  ["cpf"]=>
  string(14) "075.077.201-87"
  ["email"]=>
  string(24) "matuzalemrossi@gmail.com"
  ["placa"]=>
  string(7) "QOS6604"
  ["unidade"]=>
  array(1) {
    [0]=>
    string(1) "5"
  }
}

[25/03/2025 10:34:00] Verificando a solicitação...
[25/03/2025 10:42:53] Verificando a solicitação...
[25/03/2025 11:10:37] Verificando a solicitação...
[25/03/2025 11:28:56] Verificando a solicitação...
[25/03/2025 11:37:11] Verificando a solicitação...
[25/03/2025 11:38:27] Verificando a solicitação...
[25/03/2025 11:38:27] abgsoft-autopark-unimed.php
array(5) {
  ["nome"]=>
  string(31) "Amanda Cristina de Lima Machado"
  ["cpf"]=>
  string(11) "10939975670"
  ["email"]=>
  string(21) "amanda.cdlm@gmail.com"
  ["placa"]=>
  string(7) "HAM4D53"
  ["unidade"]=>
  array(1) {
    [0]=>
    string(1) "7"
  }
}

[25/03/2025 11:45:35] Verificando a solicitação...
[25/03/2025 11:53:15] Verificando a solicitação...
