[24/03/2025 12:03:36] Verificando a solicitação...
[24/03/2025 12:15:50] Verificando a solicitação...
[24/03/2025 12:31:10] Verificando a solicitação...
[24/03/2025 12:31:10] abgsoft-autopark-unimed.php
array(5) {
  ["nome"]=>
  string(33) "Ana Paula Rodrigues da Cruz Silva"
  ["cpf"]=>
  string(14) "052.566.326-63"
  ["email"]=>
  string(21) "anaped01@yahoo.com.br"
  ["placa"]=>
  string(7) "Shd2i40"
  ["unidade"]=>
  array(1) {
    [0]=>
    string(1) "7"
  }
}

[24/03/2025 01:28:09] Verificando a solicitação...
[24/03/2025 01:57:29] Verificando a solicitação...
[24/03/2025 02:06:43] Verificando a solicitação...
[24/03/2025 02:06:43] abgsoft-autopark-unimed.php
array(5) {
  ["nome"]=>
  string(31) "Karina Eliane Ferreira de Souza"
  ["cpf"]=>
  string(14) "116.836.736-03"
  ["email"]=>
  string(24) "karinaeliane28@gmail.com"
  ["placa"]=>
  string(8) "Tcc2e79 "
  ["unidade"]=>
  array(1) {
    [0]=>
    string(1) "5"
  }
}

[24/03/2025 02:12:32] Verificando a solicitação...
[24/03/2025 02:25:39] Verificando a solicitação...
[24/03/2025 02:49:22] Verificando a solicitação...
[24/03/2025 03:23:11] Verificando a solicitação...
[24/03/2025 03:29:43] Verificando a solicitação...
[24/03/2025 03:36:11] Verificando a solicitação...
[24/03/2025 03:47:11] Verificando a solicitação...
[24/03/2025 04:00:14] Verificando a solicitação...
[24/03/2025 05:04:17] Verificando a solicitação...
[24/03/2025 05:25:44] Verificando a solicitação...
[24/03/2025 07:37:16] Verificando a solicitação...
[24/03/2025 07:38:03] Verificando a solicitação...
[24/03/2025 09:25:28] Verificando a solicitação...
[24/03/2025 10:13:30] Verificando a solicitação...
[24/03/2025 10:34:34] Verificando a solicitação...
[24/03/2025 10:48:03] Verificando a solicitação...
[24/03/2025 10:51:15] Verificando a solicitação...
[24/03/2025 10:51:15] abgsoft-autopark-unimed.php
array(5) {
  ["nome"]=>
  string(32) "Silvia de Oliveira Birchal Azar "
  ["cpf"]=>
  string(15) "297.050.106-68 "
  ["email"]=>
  string(23) "silviabirchal@gmail.com"
  ["placa"]=>
  string(8) "SHJ5B67 "
  ["unidade"]=>
  array(1) {
    [0]=>
    string(1) "5"
  }
}

[24/03/2025 11:02:17] Verificando a solicitação...
[24/03/2025 11:02:17] abgsoft-autopark-unimed.php
array(5) {
  ["nome"]=>
  string(30) "Irene Reggiani Costa de Abreu "
  ["cpf"]=>
  string(11) "45347859687"
  ["email"]=>
  string(30) "compras.silviarabreu@gmail.com"
  ["placa"]=>
  string(8) "QXO6F72 "
  ["unidade"]=>
  array(1) {
    [0]=>
    string(1) "5"
  }
}

[24/03/2025 11:05:40] Verificando a solicitação...
[24/03/2025 11:14:08] Verificando a solicitação...
[24/03/2025 11:14:08] abgsoft-autopark-unimed.php
array(5) {
  ["nome"]=>
  string(26) "Maria Tereza Marrara Boato"
  ["cpf"]=>
  string(14) "640.138.636-34"
  ["email"]=>
  string(18) "tboato@hotmail.com"
  ["placa"]=>
  string(8) "HLN 1772"
  ["unidade"]=>
  array(1) {
    [0]=>
    string(1) "5"
  }
}

[24/03/2025 11:14:32] Verificando a solicitação...
[24/03/2025 11:14:32] abgsoft-autopark-unimed.php
array(5) {
  ["nome"]=>
  string(6) "RAQUEL"
  ["cpf"]=>
  string(14) "081.709.706-60"
  ["email"]=>
  string(29) "financeiro@ellobeneficios.org"
  ["placa"]=>
  string(7) "PWA3704"
  ["unidade"]=>
  array(1) {
    [0]=>
    string(1) "2"
  }
}

[24/03/2025 11:16:40] Verificando a solicitação...
[24/03/2025 11:22:02] Verificando a solicitação...
[24/03/2025 11:22:02] abgsoft-autopark-unimed.php
array(5) {
  ["nome"]=>
  string(23) "Diony Alves de Oliveira"
  ["cpf"]=>
  string(11) "08659799607"
  ["email"]=>
  string(18) "roxdiony@gmail.com"
  ["placa"]=>
  string(7) "FCA0I98"
  ["unidade"]=>
  array(1) {
    [0]=>
    string(1) "5"
  }
}

[24/03/2025 11:28:12] Verificando a solicitação...
[24/03/2025 11:42:04] Verificando a solicitação...
[24/03/2025 12:08:45] Verificando a solicitação...
[24/03/2025 12:55:09] Verificando a solicitação...
[24/03/2025 01:05:03] Verificando a solicitação...
[24/03/2025 01:05:03] abgsoft-autopark-unimed.php
array(5) {
  ["nome"]=>
  string(23) "ANA CAROLINA DOS SANTOS"
  ["cpf"]=>
  string(14) "154.396.816-39"
  ["email"]=>
  string(35) "anacarolina.dossantos1501@gmail.com"
  ["placa"]=>
  string(7) "TCJ4I33"
  ["unidade"]=>
  array(1) {
    [0]=>
    string(1) "7"
  }
}

[24/03/2025 01:11:06] Verificando a solicitação...
[24/03/2025 01:15:52] Verificando a solicitação...
[24/03/2025 01:20:46] Verificando a solicitação...
[24/03/2025 01:25:22] Verificando a solicitação...
[24/03/2025 01:30:05] Verificando a solicitação...
[24/03/2025 01:35:17] Verificando a solicitação...
[24/03/2025 01:40:12] Verificando a solicitação...
[24/03/2025 01:42:49] Verificando a solicitação...
[24/03/2025 01:42:49] abgsoft-autopark-unimed.php
array(5) {
  ["nome"]=>
  string(34) "VIVIANE CARVALHO DOS SANTOS VIEIRA"
  ["cpf"]=>
  string(11) "05898740635"
  ["email"]=>
  string(25) "adjanilson.jose@gmail.com"
  ["placa"]=>
  string(7) "OQX0J41"
  ["unidade"]=>
  array(1) {
    [0]=>
    string(1) "7"
  }
}

[24/03/2025 01:45:40] Verificando a solicitação...
[24/03/2025 01:50:28] Verificando a solicitação...
[24/03/2025 01:53:35] Verificando a solicitação...
[24/03/2025 01:53:35] abgsoft-autopark-unimed.php
array(5) {
  ["nome"]=>
  string(6) "Carla "
  ["cpf"]=>
  string(11) "97224979600"
  ["email"]=>
  string(23) "carlad_2005@hotmail.com"
  ["placa"]=>
  string(7) "QQB4707"
  ["unidade"]=>
  array(1) {
    [0]=>
    string(1) "5"
  }
}

[24/03/2025 01:54:24] Verificando a solicitação...
[24/03/2025 01:58:56] Verificando a solicitação...
[24/03/2025 02:09:31] Verificando a solicitação...
[24/03/2025 02:12:02] Verificando a solicitação...
[24/03/2025 02:12:02] abgsoft-autopark-unimed.php
array(5) {
  ["nome"]=>
  string(14) "Adriana Peres "
  ["cpf"]=>
  string(11) "04533929621"
  ["email"]=>
  string(22) "drikaeloi@yahoo.com.br"
  ["placa"]=>
  string(7) "QMV5J99"
  ["unidade"]=>
  array(1) {
    [0]=>
    string(1) "7"
  }
}

[24/03/2025 02:15:52] Verificando a solicitação...
[24/03/2025 02:47:58] Verificando a solicitação...
[24/03/2025 02:47:58] abgsoft-autopark-unimed.php
array(5) {
  ["nome"]=>
  string(18) "eberth seixas rosa"
  ["cpf"]=>
  string(11) "97909440634"
  ["email"]=>
  string(25) "eberthseixas@yahoo.com.br"
  ["placa"]=>
  string(7) "rny0d11"
  ["unidade"]=>
  array(1) {
    [0]=>
    string(1) "7"
  }
}

[24/03/2025 02:59:50] Verificando a solicitação...
[24/03/2025 02:59:51] Verificando a solicitação...
[24/03/2025 02:59:51] abgsoft-autopark-unimed.php
array(5) {
  ["nome"]=>
  string(23) "Marcos Roberto da Silva"
  ["cpf"]=>
  string(14) "091.976.756-79"
  ["email"]=>
  string(17) "ms40722@gmail.com"
  ["placa"]=>
  string(7) "APV9G38"
  ["unidade"]=>
  array(1) {
    [0]=>
    string(1) "7"
  }
}

[24/03/2025 03:10:13] Verificando a solicitação...
[24/03/2025 03:10:14] Verificando a solicitação...
[24/03/2025 03:10:18] Verificando a solicitação...
[24/03/2025 03:18:27] Verificando a solicitação...
[24/03/2025 03:21:51] Verificando a solicitação...
[24/03/2025 03:53:54] Verificando a solicitação...
[24/03/2025 03:53:54] abgsoft-autopark-unimed.php
array(5) {
  ["nome"]=>
  string(26) "Arthur Corrêa de Azevêdo"
  ["cpf"]=>
  string(15) "277.572.776-04 "
  ["email"]=>
  string(22) "arthurazv189@gmail.com"
  ["placa"]=>
  string(7) "QWW7D14"
  ["unidade"]=>
  array(1) {
    [0]=>
    string(1) "4"
  }
}

[24/03/2025 03:56:19] Verificando a solicitação...
[24/03/2025 04:46:34] Verificando a solicitação...
[24/03/2025 05:18:25] Verificando a solicitação...
[24/03/2025 05:18:25] abgsoft-autopark-unimed.php
array(5) {
  ["nome"]=>
  string(24) "Lucileia Farias Barbosa "
  ["cpf"]=>
  string(11) "05222074641"
  ["email"]=>
  string(19) "euleia@yahoo.com.br"
  ["placa"]=>
  string(7) "PZM7618"
  ["unidade"]=>
  array(1) {
    [0]=>
    string(1) "7"
  }
}

[24/03/2025 05:28:04] Verificando a solicitação...
[24/03/2025 05:52:18] Verificando a solicitação...
[24/03/2025 05:52:18] abgsoft-autopark-unimed.php
array(5) {
  ["nome"]=>
  string(28) "PAULO ROBERTO DAS NEVES LIMA"
  ["cpf"]=>
  string(14) "136.461.766-87"
  ["email"]=>
  string(31) "paulorobertoneveslima@gmail.com"
  ["placa"]=>
  string(7) "RUE5B01"
  ["unidade"]=>
  array(1) {
    [0]=>
    string(1) "7"
  }
}

[24/03/2025 05:59:02] Verificando a solicitação...
[24/03/2025 05:59:02] abgsoft-autopark-unimed.php
array(5) {
  ["nome"]=>
  string(27) "Damião Roberto dos Santos "
  ["cpf"]=>
  string(15) "216.727.846-20 "
  ["email"]=>
  string(27) "dami.santos2009@hotmail.com"
  ["placa"]=>
  string(7) "HLH1657"
  ["unidade"]=>
  array(1) {
    [0]=>
    string(1) "7"
  }
}

[24/03/2025 06:21:57] Verificando a solicitação...
[24/03/2025 06:36:09] Verificando a solicitação...
[24/03/2025 06:36:09] abgsoft-autopark-unimed.php
array(5) {
  ["nome"]=>
  string(26) "Nathalia Pinheiro Ferreira"
  ["cpf"]=>
  string(11) "12138946622"
  ["email"]=>
  string(30) "nathaliiapferreira@hotmail.com"
  ["placa"]=>
  string(7) "HNU0f38"
  ["unidade"]=>
  array(1) {
    [0]=>
    string(1) "7"
  }
}

[24/03/2025 06:50:41] Verificando a solicitação...
[24/03/2025 07:04:41] Verificando a solicitação...
[24/03/2025 07:24:15] Verificando a solicitação...
[24/03/2025 07:30:28] Verificando a solicitação...
[24/03/2025 07:30:28] abgsoft-autopark-unimed.php
array(5) {
  ["nome"]=>
  string(18) "Ariana M de Souza "
  ["cpf"]=>
  string(14) "079.650.676-09"
  ["email"]=>
  string(20) "aryellye@hotmail.com"
  ["placa"]=>
  string(7) "QMP6F86"
  ["unidade"]=>
  array(1) {
    [0]=>
    string(1) "5"
  }
}

[24/03/2025 08:11:04] Verificando a solicitação...
[24/03/2025 08:11:04] abgsoft-autopark-unimed.php
array(5) {
  ["nome"]=>
  string(22) "Nilo Vieira dos Santos"
  ["cpf"]=>
  string(14) "550.294.696-72"
  ["email"]=>
  string(22) "Vieiranilo52@gmail.com"
  ["placa"]=>
  string(7) "HDD4D71"
  ["unidade"]=>
  array(1) {
    [0]=>
    string(1) "5"
  }
}

[24/03/2025 08:13:55] Verificando a solicitação...
[24/03/2025 08:13:55] abgsoft-autopark-unimed.php
array(5) {
  ["nome"]=>
  string(26) "Clever de Oliveira Júnior"
  ["cpf"]=>
  string(11) "04408251640"
  ["email"]=>
  string(18) "cleverdj@gmail.com"
  ["placa"]=>
  string(7) "hbh2336"
  ["unidade"]=>
  array(1) {
    [0]=>
    string(1) "7"
  }
}

[24/03/2025 08:21:34] Verificando a solicitação...
[24/03/2025 08:29:31] Verificando a solicitação...
[24/03/2025 08:29:31] abgsoft-autopark-unimed.php
array(5) {
  ["nome"]=>
  string(19) "NAYARA DUARTE SILVA"
  ["cpf"]=>
  string(11) "11542798639"
  ["email"]=>
  string(28) "nayaraduartesilva7@gmail.com"
  ["placa"]=>
  string(7) "0QA3197"
  ["unidade"]=>
  array(1) {
    [0]=>
    string(1) "5"
  }
}

[24/03/2025 08:38:22] Verificando a solicitação...
[24/03/2025 08:38:22] abgsoft-autopark-unimed.php
array(5) {
  ["nome"]=>
  string(23) "Samia Diniz lara gomes "
  ["cpf"]=>
  string(14) "827.263.456-20"
  ["email"]=>
  string(26) "samialaragomes@hotmail.com"
  ["placa"]=>
  string(6) "PWGE25"
  ["unidade"]=>
  array(1) {
    [0]=>
    string(1) "7"
  }
}

[24/03/2025 08:57:14] Verificando a solicitação...
[24/03/2025 09:46:00] Verificando a solicitação...
[24/03/2025 09:55:39] Verificando a solicitação...
[24/03/2025 09:55:39] abgsoft-autopark-unimed.php
array(5) {
  ["nome"]=>
  string(23) "Jéssica Oliveira Costa"
  ["cpf"]=>
  string(14) "136.261.976-03"
  ["email"]=>
  string(23) "jessica.kin@hotmail.com"
  ["placa"]=>
  string(7) "MHS0273"
  ["unidade"]=>
  array(1) {
    [0]=>
    string(1) "5"
  }
}

[24/03/2025 10:18:52] Verificando a solicitação...
[24/03/2025 10:25:11] Verificando a solicitação...
[24/03/2025 10:25:11] abgsoft-autopark-unimed.php
array(5) {
  ["nome"]=>
  string(28) "SILVANIA MIRANDA CAMPOS LAGE"
  ["cpf"]=>
  string(11) "47552506687"
  ["email"]=>
  string(21) "silvaniam00@gmail.com"
  ["placa"]=>
  string(7) "EYQ4798"
  ["unidade"]=>
  array(1) {
    [0]=>
    string(1) "5"
  }
}

[24/03/2025 10:32:05] Verificando a solicitação...
[24/03/2025 10:45:42] Verificando a solicitação...
[24/03/2025 11:12:26] Verificando a solicitação...
[24/03/2025 11:30:09] Verificando a solicitação...
[24/03/2025 11:30:09] abgsoft-autopark-unimed.php
array(5) {
  ["nome"]=>
  string(18) "Warley Jose rocha "
  ["cpf"]=>
  string(15) "778.374.446-04 "
  ["email"]=>
  string(22) "Wjrocha36@yahoo.com.br"
  ["placa"]=>
  string(7) "Siq5j05"
  ["unidade"]=>
  array(1) {
    [0]=>
    string(1) "3"
  }
}

[24/03/2025 11:34:12] Verificando a solicitação...
[24/03/2025 11:37:07] Verificando a solicitação...
[24/03/2025 11:37:07] abgsoft-autopark-unimed.php
array(5) {
  ["nome"]=>
  string(37) "Eliana da Conceição Oliveira Camilo"
  ["cpf"]=>
  string(14) "342.841.846-87"
  ["email"]=>
  string(30) "elianacamilooliveira@gmail.com"
  ["placa"]=>
  string(7) "SII5J20"
  ["unidade"]=>
  array(1) {
    [0]=>
    string(1) "5"
  }
}

[24/03/2025 11:42:11] Verificando a solicitação...
[24/03/2025 11:42:11] abgsoft-autopark-unimed.php
array(5) {
  ["nome"]=>
  string(37) "Eliana da Conceição Oliveira Camilo"
  ["cpf"]=>
  string(14) "342.841.846-87"
  ["email"]=>
  string(30) "elianacamilooliveira@gmail.com"
  ["placa"]=>
  string(7) "SII5J20"
  ["unidade"]=>
  array(1) {
    [0]=>
    string(1) "5"
  }
}

[24/03/2025 11:48:32] Verificando a solicitação...
[24/03/2025 11:54:41] Verificando a solicitação...
